"12/17/2025 8:18:40 AM","1","Process Create:
RuleName: ProcessCreate
UtcTime: 2025-12-17 08:18:40.354
ProcessGuid: {f995aebf-6760-6942-a107-000000000e00}
ProcessId: 8732
Image: C:\Windows\System32\WindowsPowerShell\v1.0\powershell.exe
FileVersion: 10.0.26100.5074 (WinBuild.160101.0800)
Description: Windows PowerShell
Product: Microsoft? Windows? Operating System
Company: Microsoft Corporation
OriginalFileName: PowerShell.EXE
CommandLine: ""C:\Windows\System32\WindowsPowerShell\v1.0\powershell.exe"" -EncodedCommand VwByAGkAdABlAC0ASABvAHMAdAAgACIASABlAHkALAAgAEEAdABvAG0AaQBjACEAIgA=
CurrentDirectory: C:\Users\runneradmin\AppData\Local\Temp\
User: runnervm8j6r3\runneradmin
LogonGuid: {f995aebf-59f4-6942-4710-0c0000000000}
LogonId: 0xC1047
TerminalSessionId: 2
IntegrityLevel: High
Hashes: SHA256=0FF6F2C94BC7E2833A5F7E16DE1622E5DBA70396F31C7D5F56381870317E8C46
ParentProcessGuid: {f995aebf-6760-6942-9f07-000000000e00}
ParentProcessId: 5132
ParentImage: C:\Windows\System32\WindowsPowerShell\v1.0\powershell.exe
ParentCommandLine: ""powershell.exe"" & {$OriginalCommand = 'Write-Host \""""Hey, Atomic!\""""'
$Bytes = [System.Text.Encoding]::Unicode.GetBytes($OriginalCommand)
$EncodedCommand =[Convert]::ToBase64String($Bytes)
$EncodedCommand
powershell.exe -EncodedCommand $EncodedCommand}
ParentUser: runnervm8j6r3\runneradmin"
"12/17/2025 8:18:40 AM","23","File Delete archived:
RuleName: FileDelete
UtcTime: 2025-12-17 08:18:40.255
ProcessGuid: {f995aebf-6760-6942-9f07-000000000e00}
ProcessId: 5132
User: runnervm8j6r3\runneradmin
Image: C:\Windows\System32\WindowsPowerShell\v1.0\powershell.exe
TargetFilename: C:\Users\runneradmin\AppData\Local\Temp\__PSScriptPolicyTest_siidnjhn.gv1.ps1
Hashes: SHA256=96AD1146EB96877EAB5942AE0736B82D8B5E2039A80D3D6932665C1A4C87DCF7
IsExecutable: false
Archived: true"
"12/17/2025 8:18:40 AM","1","Process Create:
RuleName: ProcessCreate
UtcTime: 2025-12-17 08:18:40.148
ProcessGuid: {f995aebf-6760-6942-9f07-000000000e00}
ProcessId: 5132
Image: C:\Windows\System32\WindowsPowerShell\v1.0\powershell.exe
FileVersion: 10.0.26100.5074 (WinBuild.160101.0800)
Description: Windows PowerShell
Product: Microsoft? Windows? Operating System
Company: Microsoft Corporation
OriginalFileName: PowerShell.EXE
CommandLine: ""powershell.exe"" & {$OriginalCommand = 'Write-Host \""""Hey, Atomic!\""""'
$Bytes = [System.Text.Encoding]::Unicode.GetBytes($OriginalCommand)
$EncodedCommand =[Convert]::ToBase64String($Bytes)
$EncodedCommand
powershell.exe -EncodedCommand $EncodedCommand}
CurrentDirectory: C:\Users\RUNNER~1\AppData\Local\Temp\
User: runnervm8j6r3\runneradmin
LogonGuid: {f995aebf-59f4-6942-4710-0c0000000000}
LogonId: 0xC1047
TerminalSessionId: 2
IntegrityLevel: High
Hashes: SHA256=0FF6F2C94BC7E2833A5F7E16DE1622E5DBA70396F31C7D5F56381870317E8C46
ParentProcessGuid: {f995aebf-60ec-6942-0703-000000000e00}
ParentProcessId: 3536
ParentImage: C:\Windows\System32\WindowsPowerShell\v1.0\powershell.exe
ParentCommandLine: ""C:\Windows\System32\WindowsPowerShell\v1.0\powershell.EXE"" -command "". 'D:\a\_temp\8efd10a8-1763-436a-930a-0032ad72e967.ps1'""
ParentUser: runnervm8j6r3\runneradmin"
"12/17/2025 8:18:39 AM","1","Process Create:
RuleName: ProcessCreate
UtcTime: 2025-12-17 08:18:39.932
ProcessGuid: {f995aebf-675f-6942-9e07-000000000e00}
ProcessId: 4208
Image: C:\Windows\System32\whoami.exe
FileVersion: 10.0.26100.1882 (WinBuild.160101.0800)
Description: whoami - displays logged on user information
Product: Microsoft? Windows? Operating System
Company: Microsoft Corporation
OriginalFileName: whoami.exe
CommandLine: ""C:\Windows\system32\whoami.exe""
CurrentDirectory: D:\a\sysmon\sysmon\
User: runnervm8j6r3\runneradmin
LogonGuid: {f995aebf-59f4-6942-4710-0c0000000000}
LogonId: 0xC1047
TerminalSessionId: 2
IntegrityLevel: High
Hashes: SHA256=23240EF9F8B0A9A324110B1C2331DE31DC1B0E08F5359CB707E51A939AF56CD3
ParentProcessGuid: {f995aebf-60ec-6942-0703-000000000e00}
ParentProcessId: 3536
ParentImage: C:\Windows\System32\WindowsPowerShell\v1.0\powershell.exe
ParentCommandLine: ""C:\Windows\System32\WindowsPowerShell\v1.0\powershell.EXE"" -command "". 'D:\a\_temp\8efd10a8-1763-436a-930a-0032ad72e967.ps1'""
ParentUser: runnervm8j6r3\runneradmin"
"12/17/2025 8:18:39 AM","1","Process Create:
RuleName: ProcessCreate
UtcTime: 2025-12-17 08:18:39.914
ProcessGuid: {f995aebf-675f-6942-9d07-000000000e00}
ProcessId: 8372
Image: C:\Windows\System32\HOSTNAME.EXE
FileVersion: 10.0.26100.2161 (WinBuild.160101.0800)
Description: Hostname APP
Product: Microsoft? Windows? Operating System
Company: Microsoft Corporation
OriginalFileName: hostname.exe
CommandLine: ""C:\Windows\system32\HOSTNAME.EXE""
CurrentDirectory: D:\a\sysmon\sysmon\
User: runnervm8j6r3\runneradmin
LogonGuid: {f995aebf-59f4-6942-4710-0c0000000000}
LogonId: 0xC1047
TerminalSessionId: 2
IntegrityLevel: High
Hashes: SHA256=8FF283FB7A282A9B2B30235016669DFE795665BCBB254FD17AC31FA9308D89D9
ParentProcessGuid: {f995aebf-60ec-6942-0703-000000000e00}
ParentProcessId: 3536
ParentImage: C:\Windows\System32\WindowsPowerShell\v1.0\powershell.exe
ParentCommandLine: ""C:\Windows\System32\WindowsPowerShell\v1.0\powershell.EXE"" -command "". 'D:\a\_temp\8efd10a8-1763-436a-930a-0032ad72e967.ps1'""
ParentUser: runnervm8j6r3\runneradmin"
"12/17/2025 8:18:37 AM","23","File Delete archived:
RuleName: FileDelete
UtcTime: 2025-12-17 08:18:37.982
ProcessGuid: {f995aebf-675d-6942-9b07-000000000e00}
ProcessId: 3936
User: runnervm8j6r3\runneradmin
Image: C:\Windows\System32\WindowsPowerShell\v1.0\powershell.exe
TargetFilename: C:\Users\runneradmin\AppData\Local\Temp\__PSScriptPolicyTest_kq3feri3.gm3.ps1
Hashes: SHA256=96AD1146EB96877EAB5942AE0736B82D8B5E2039A80D3D6932665C1A4C87DCF7
IsExecutable: false
Archived: true"
"12/17/2025 8:18:36 AM","23","File Delete archived:
RuleName: FileDelete
UtcTime: 2025-12-17 08:18:36.513
ProcessGuid: {f995aebf-675c-6942-8f07-000000000e00}
ProcessId: 6476
User: runnervm8j6r3\runneradmin
Image: C:\Windows\System32\WindowsPowerShell\v1.0\powershell.exe
TargetFilename: C:\Users\runneradmin\AppData\Local\Temp\__PSScriptPolicyTest_pm1or3ag.qqi.ps1
Hashes: SHA256=96AD1146EB96877EAB5942AE0736B82D8B5E2039A80D3D6932665C1A4C87DCF7
IsExecutable: false
Archived: true"
"12/17/2025 8:18:34 AM","7","Image loaded:
RuleName: ImageLoad
UtcTime: 2025-12-17 08:18:34.429
ProcessGuid: {f995aebf-675a-6942-7e07-000000000e00}
ProcessId: 4424
Image: C:\Windows\System32\taskkill.exe
ImageLoaded: C:\ProgramData\Microsoft\Windows Defender\Platform\4.18.25110.5-0\MpOAV.dll
FileVersion: 4.18.25110.5 (4a6978a838df7287d907bb2ee8a2eeb2373b186e)
Description: IOfficeAntiVirus Module
Product: Microsoft? Windows? Operating System
Company: Microsoft Corporation
OriginalFileName: MpOAV.dll
Hashes: SHA256=0EF8AE9CC8E3722C0AE09B55531BBA2F2A3422CCF4A1BB9B37ABDB4808AAC232
Signed: true
Signature: Microsoft Windows
SignatureStatus: Valid
User: runnervm8j6r3\runneradmin"
"12/17/2025 8:18:34 AM","7","Image loaded:
RuleName: ImageLoad
UtcTime: 2025-12-17 08:18:34.409
ProcessGuid: {f995aebf-675a-6942-7e07-000000000e00}
ProcessId: 4424
Image: C:\Windows\System32\taskkill.exe
ImageLoaded: C:\Windows\System32\dbghelp.dll
FileVersion: 10.0.26100.5074 (WinBuild.160101.0800)
Description: Windows Image Helper
Product: Microsoft? Windows? Operating System
Company: Microsoft Corporation
OriginalFileName: DBGHELP.DLL
Hashes: SHA256=C821A11C26E939E7A2E96C7E68A9FCEADF39AB6873140951902D2A676381D9C9
Signed: true
Signature: Microsoft Windows
SignatureStatus: Valid
User: runnervm8j6r3\runneradmin"
"12/17/2025 8:18:34 AM","1","Process Create:
RuleName: ProcessCreate
UtcTime: 2025-12-17 08:18:34.135
ProcessGuid: {f995aebf-675a-6942-7b07-000000000e00}
ProcessId: 6336
Image: C:\Windows\System32\whoami.exe
FileVersion: 10.0.26100.1882 (WinBuild.160101.0800)
Description: whoami - displays logged on user information
Product: Microsoft? Windows? Operating System
Company: Microsoft Corporation
OriginalFileName: whoami.exe
CommandLine: ""C:\Windows\system32\whoami.exe""
CurrentDirectory: D:\a\sysmon\sysmon\
User: runnervm8j6r3\runneradmin
LogonGuid: {f995aebf-59f4-6942-4710-0c0000000000}
LogonId: 0xC1047
TerminalSessionId: 2
IntegrityLevel: High
Hashes: SHA256=23240EF9F8B0A9A324110B1C2331DE31DC1B0E08F5359CB707E51A939AF56CD3
ParentProcessGuid: {f995aebf-60ec-6942-0703-000000000e00}
ParentProcessId: 3536
ParentImage: C:\Windows\System32\WindowsPowerShell\v1.0\powershell.exe
ParentCommandLine: ""C:\Windows\System32\WindowsPowerShell\v1.0\powershell.EXE"" -command "". 'D:\a\_temp\8efd10a8-1763-436a-930a-0032ad72e967.ps1'""
ParentUser: runnervm8j6r3\runneradmin"
"12/17/2025 8:18:34 AM","1","Process Create:
RuleName: ProcessCreate
UtcTime: 2025-12-17 08:18:34.101
ProcessGuid: {f995aebf-675a-6942-7a07-000000000e00}
ProcessId: 996
Image: C:\Windows\System32\HOSTNAME.EXE
FileVersion: 10.0.26100.2161 (WinBuild.160101.0800)
Description: Hostname APP
Product: Microsoft? Windows? Operating System
Company: Microsoft Corporation
OriginalFileName: hostname.exe
CommandLine: ""C:\Windows\system32\HOSTNAME.EXE""
CurrentDirectory: D:\a\sysmon\sysmon\
User: runnervm8j6r3\runneradmin
LogonGuid: {f995aebf-59f4-6942-4710-0c0000000000}
LogonId: 0xC1047
TerminalSessionId: 2
IntegrityLevel: High
Hashes: SHA256=8FF283FB7A282A9B2B30235016669DFE795665BCBB254FD17AC31FA9308D89D9
ParentProcessGuid: {f995aebf-60ec-6942-0703-000000000e00}
ParentProcessId: 3536
ParentImage: C:\Windows\System32\WindowsPowerShell\v1.0\powershell.exe
ParentCommandLine: ""C:\Windows\System32\WindowsPowerShell\v1.0\powershell.EXE"" -command "". 'D:\a\_temp\8efd10a8-1763-436a-930a-0032ad72e967.ps1'""
ParentUser: runnervm8j6r3\runneradmin"
"12/17/2025 8:18:29 AM","1","Process Create:
RuleName: ProcessCreate
UtcTime: 2025-12-17 08:18:29.185
ProcessGuid: {f995aebf-6755-6942-7907-000000000e00}
ProcessId: 2888
Image: C:\Windows\System32\rundll32.exe
FileVersion: 10.0.26100.7019 (WinBuild.160101.0800)
Description: Windows host process (Rundll32)
Product: Microsoft? Windows? Operating System
Company: Microsoft Corporation
OriginalFileName: RUNDLL32.EXE
CommandLine: ""C:\Windows\system32\rundll32.exe"" zipfldr.dll,RouteTheCall '%%windir%%\System32\calc.exe'
CurrentDirectory: C:\Users\runneradmin\AppData\Local\Temp\
User: runnervm8j6r3\runneradmin
LogonGuid: {f995aebf-59f4-6942-4710-0c0000000000}
LogonId: 0xC1047
TerminalSessionId: 2
IntegrityLevel: High
Hashes: SHA256=2F2321D2A3EEEC2CDD7D921645C121BED75872435926EE97F3D53E7EE7662BF0
ParentProcessGuid: {f995aebf-6754-6942-7707-000000000e00}
ParentProcessId: 9796
ParentImage: C:\Windows\System32\WindowsPowerShell\v1.0\powershell.exe
ParentCommandLine: ""powershell.exe"" & {rundll32.exe zipfldr.dll,RouteTheCall \""""'%windir%\System32\calc.exe'\""""}
ParentUser: runnervm8j6r3\runneradmin"
"12/17/2025 8:18:29 AM","23","File Delete archived:
RuleName: FileDelete
UtcTime: 2025-12-17 08:18:29.096
ProcessGuid: {f995aebf-6754-6942-7707-000000000e00}
ProcessId: 9796
User: runnervm8j6r3\runneradmin
Image: C:\Windows\System32\WindowsPowerShell\v1.0\powershell.exe
TargetFilename: C:\Users\runneradmin\AppData\Local\Temp\__PSScriptPolicyTest_qcnxmjbb.rng.ps1
Hashes: SHA256=96AD1146EB96877EAB5942AE0736B82D8B5E2039A80D3D6932665C1A4C87DCF7
IsExecutable: false
Archived: true"
"12/17/2025 8:18:28 AM","1","Process Create:
RuleName: ProcessCreate
UtcTime: 2025-12-17 08:18:28.636
ProcessGuid: {f995aebf-6754-6942-7407-000000000e00}
ProcessId: 7368
Image: C:\Windows\System32\rundll32.exe
FileVersion: 10.0.26100.7019 (WinBuild.160101.0800)
Description: Windows host process (Rundll32)
Product: Microsoft? Windows? Operating System
Company: Microsoft Corporation
OriginalFileName: RUNDLL32.EXE
CommandLine: rundll32.exe  url.dll,FileProtocolHandler calc.exe
CurrentDirectory: C:\Users\RUNNER~1\AppData\Local\Temp\
User: runnervm8j6r3\runneradmin
LogonGuid: {f995aebf-59f4-6942-4710-0c0000000000}
LogonId: 0xC1047
TerminalSessionId: 2
IntegrityLevel: High
Hashes: SHA256=2F2321D2A3EEEC2CDD7D921645C121BED75872435926EE97F3D53E7EE7662BF0
ParentProcessGuid: {f995aebf-6754-6942-7207-000000000e00}
ParentProcessId: 8124
ParentImage: C:\Windows\System32\cmd.exe
ParentCommandLine: ""cmd.exe"" /c rundll32.exe url.dll,FileProtocolHandler calc.exe
ParentUser: runnervm8j6r3\runneradmin"
"12/17/2025 8:18:27 AM","9","RawAccessRead detected:
RuleName: RawAccessRead
UtcTime: 2025-12-17 08:18:27.896
ProcessGuid: {f995aebf-6753-6942-7107-000000000e00}
ProcessId: 6984
Image: C:\Windows\System32\wbem\WmiPrvSE.exe
Device: \Device\HarddiskVolume2
User: NT AUTHORITY\NETWORK SERVICE"
"12/17/2025 8:18:27 AM","1","Process Create:
RuleName: ProcessCreate
UtcTime: 2025-12-17 08:18:27.851
ProcessGuid: {f995aebf-6753-6942-7107-000000000e00}
ProcessId: 6984
Image: C:\Windows\System32\wbem\WmiPrvSE.exe
FileVersion: 10.0.26100.7019 (WinBuild.160101.0800)
Description: WMI Provider Host
Product: Microsoft? Windows? Operating System
Company: Microsoft Corporation
OriginalFileName: Wmiprvse.exe
CommandLine: C:\Windows\system32\wbem\wmiprvse.exe -secured -Embedding
CurrentDirectory: C:\Windows\system32\
User: NT AUTHORITY\NETWORK SERVICE
LogonGuid: {f995aebf-59d9-6942-e403-000000000000}
LogonId: 0x3E4
TerminalSessionId: 0
IntegrityLevel: System
Hashes: SHA256=240C985EED57DEE92E0415F86CE67439E24179EA3281D57A395A90E92F6844D5
ParentProcessGuid: {f995aebf-59d8-6942-0e00-000000000e00}
ParentProcessId: 696
ParentImage: C:\Windows\System32\svchost.exe
ParentCommandLine: C:\Windows\system32\svchost.exe -k DcomLaunch -p
ParentUser: NT AUTHORITY\SYSTEM"
"12/17/2025 8:16:29 AM","7","Image loaded:
RuleName: ImageLoad
UtcTime: 2025-12-17 08:16:29.890
ProcessGuid: {f995aebf-66db-6942-6707-000000000e00}
ProcessId: 6164
Image: C:\Windows\SysWOW64\rundll32.exe
ImageLoaded: C:\ProgramData\Microsoft\Windows Defender\Platform\4.18.25110.5-0\X86\MpClient.dll
FileVersion: 4.18.25110.5 (4a6978a838df7287d907bb2ee8a2eeb2373b186e)
Description: Client Interface
Product: Microsoft? Windows? Operating System
Company: Microsoft Corporation
OriginalFileName: mpclient.dll
Hashes: SHA256=DBF7C626F1B93BDFDEC7C06A9788F1738990C2600116C3A488D4708B971C70CE
Signed: true
Signature: Microsoft Windows
SignatureStatus: Valid
User: runnervm8j6r3\runneradmin"
"12/17/2025 8:16:29 AM","7","Image loaded:
RuleName: ImageLoad
UtcTime: 2025-12-17 08:16:29.888
ProcessGuid: {f995aebf-66db-6942-6707-000000000e00}
ProcessId: 6164
Image: C:\Windows\SysWOW64\rundll32.exe
ImageLoaded: C:\ProgramData\Microsoft\Windows Defender\Platform\4.18.25110.5-0\X86\MpOAV.dll
FileVersion: 4.18.25110.5 (4a6978a838df7287d907bb2ee8a2eeb2373b186e)
Description: IOfficeAntiVirus Module
Product: Microsoft? Windows? Operating System
Company: Microsoft Corporation
OriginalFileName: MpOAV.dll
Hashes: SHA256=198AE161365EA2EF37A85E22F660096D84EFC55EAAD0833C9FF451E62A05CAAA
Signed: true
Signature: Microsoft Windows
SignatureStatus: Valid
User: runnervm8j6r3\runneradmin"
"12/17/2025 8:16:28 AM","23","File Delete archived:
RuleName: FileDelete
UtcTime: 2025-12-17 08:16:28.645
ProcessGuid: {f995aebf-66db-6942-6707-000000000e00}
ProcessId: 6164
User: runnervm8j6r3\runneradmin
Image: C:\Windows\SysWOW64\rundll32.exe
TargetFilename: C:\Users\runneradmin\AppData\Local\Temp\__PSScriptPolicyTest_3s2rwg3p.diu.ps1
Hashes: SHA256=96AD1146EB96877EAB5942AE0736B82D8B5E2039A80D3D6932665C1A4C87DCF7
IsExecutable: false
Archived: true"
"12/17/2025 8:16:28 AM","7","Image loaded:
RuleName: ImageLoad
UtcTime: 2025-12-17 08:16:28.372
ProcessGuid: {f995aebf-66db-6942-6707-000000000e00}
ProcessId: 6164
Image: C:\Windows\SysWOW64\rundll32.exe
ImageLoaded: C:\Windows\assembly\NativeImages_v4.0.30319_32\System.Manaa57fc8cc#\70a3ec601a04bf4d71dce8aac49326f9\System.Management.Automation.ni.dll
FileVersion: 10.0.26100.7019
Description: System.Management.Automation
Product: Microsoft (R) Windows (R) Operating System
Company: Microsoft Corporation
OriginalFileName: System.Management.Automation.dll
Hashes: SHA256=0C6D8DAFA74ABE74A83219359D9FFE2EED1BC3C9F57957BB35DEB6F30222DBA7
Signed: false
Signature: -
SignatureStatus: Unavailable
User: runnervm8j6r3\runneradmin"
"12/17/2025 8:16:27 AM","7","Image loaded:
RuleName: ImageLoad
UtcTime: 2025-12-17 08:16:27.952
ProcessGuid: {f995aebf-66db-6942-6707-000000000e00}
ProcessId: 6164
Image: C:\Windows\SysWOW64\rundll32.exe
ImageLoaded: C:\Windows\Microsoft.NET\Framework\v4.0.30319\clrjit.dll
FileVersion: 4.8.9310.0 built by: NET481REL1LAST_C
Description: Microsoft .NET Runtime Just-In-Time Compiler
Product: Microsoft? .NET Framework
Company: Microsoft Corporation
OriginalFileName: clrjit.dll
Hashes: SHA256=7505C375647F4E64ADA627089217984DE698E9F5D2B2EE33AF4F8674644F1597
Signed: true
Signature: Microsoft Corporation
SignatureStatus: Valid
User: runnervm8j6r3\runneradmin"
"12/17/2025 8:16:27 AM","7","Image loaded:
RuleName: ImageLoad
UtcTime: 2025-12-17 08:16:27.919
ProcessGuid: {f995aebf-66db-6942-6707-000000000e00}
ProcessId: 6164
Image: C:\Windows\SysWOW64\rundll32.exe
ImageLoaded: C:\Windows\Microsoft.NET\Framework\v4.0.30319\clr.dll
FileVersion: 4.8.9310.0 built by: NET481REL1LAST_C
Description: Microsoft .NET Runtime Common Language Runtime - WorkStation
Product: Microsoft? .NET Framework
Company: Microsoft Corporation
OriginalFileName: clr.dll
Hashes: SHA256=3E10AA220D63BF5A29D7CA8423856D8993D469D9D74382309205505AEADFD0F8
Signed: true
Signature: Microsoft Corporation
SignatureStatus: Valid
User: runnervm8j6r3\runneradmin"
"12/17/2025 8:16:27 AM","1","Process Create:
RuleName: ProcessCreate
UtcTime: 2025-12-17 08:16:27.878
ProcessGuid: {f995aebf-66db-6942-6707-000000000e00}
ProcessId: 6164
Image: C:\Windows\SysWOW64\rundll32.exe
FileVersion: 10.0.26100.7019 (WinBuild.160101.0800)
Description: Windows host process (Rundll32)
Product: Microsoft? Windows? Operating System
Company: Microsoft Corporation
OriginalFileName: RUNDLL32.EXE
CommandLine: rundll32.exe  C:\AtomicRedTeam\atomics\T1218.011\bin\_WT.init,krnl
CurrentDirectory: C:\Users\RUNNER~1\AppData\Local\Temp\
User: runnervm8j6r3\runneradmin
LogonGuid: {f995aebf-59f4-6942-4710-0c0000000000}
LogonId: 0xC1047
TerminalSessionId: 2
IntegrityLevel: High
Hashes: SHA256=99A52AF5309B6E8D9375148B18E934F25E485CC4AA8CBF98495D979FC7AE4780
ParentProcessGuid: {f995aebf-66db-6942-6607-000000000e00}
ParentProcessId: 2336
ParentImage: C:\Windows\System32\rundll32.exe
ParentCommandLine: rundll32.exe  C:\AtomicRedTeam\atomics\T1218.011\bin\_WT.init,krnl
ParentUser: runnervm8j6r3\runneradmin"
"12/17/2025 8:16:27 AM","1","Process Create:
RuleName: ProcessCreate
UtcTime: 2025-12-17 08:16:27.861
ProcessGuid: {f995aebf-66db-6942-6607-000000000e00}
ProcessId: 2336
Image: C:\Windows\System32\rundll32.exe
FileVersion: 10.0.26100.7019 (WinBuild.160101.0800)
Description: Windows host process (Rundll32)
Product: Microsoft? Windows? Operating System
Company: Microsoft Corporation
OriginalFileName: RUNDLL32.EXE
CommandLine: rundll32.exe  C:\AtomicRedTeam\atomics\T1218.011\bin\_WT.init,krnl
CurrentDirectory: C:\Users\RUNNER~1\AppData\Local\Temp\
User: runnervm8j6r3\runneradmin
LogonGuid: {f995aebf-59f4-6942-4710-0c0000000000}
LogonId: 0xC1047
TerminalSessionId: 2
IntegrityLevel: High
Hashes: SHA256=2F2321D2A3EEEC2CDD7D921645C121BED75872435926EE97F3D53E7EE7662BF0
ParentProcessGuid: {f995aebf-66db-6942-6407-000000000e00}
ParentProcessId: 1316
ParentImage: C:\Windows\System32\cmd.exe
ParentCommandLine: ""cmd.exe"" /c rundll32.exe C:\AtomicRedTeam\atomics\T1218.011\bin\_WT.init,krnl
ParentUser: runnervm8j6r3\runneradmin"
"12/17/2025 8:16:27 AM","9","RawAccessRead detected:
RuleName: RawAccessRead
UtcTime: 2025-12-17 08:16:27.322
ProcessGuid: {f995aebf-66db-6942-6307-000000000e00}
ProcessId: 6448
Image: C:\Windows\System32\wbem\WmiPrvSE.exe
Device: \Device\HarddiskVolume2
User: NT AUTHORITY\NETWORK SERVICE"
"12/17/2025 8:16:27 AM","1","Process Create:
RuleName: ProcessCreate
UtcTime: 2025-12-17 08:16:27.279
ProcessGuid: {f995aebf-66db-6942-6307-000000000e00}
ProcessId: 6448
Image: C:\Windows\System32\wbem\WmiPrvSE.exe
FileVersion: 10.0.26100.7019 (WinBuild.160101.0800)
Description: WMI Provider Host
Product: Microsoft? Windows? Operating System
Company: Microsoft Corporation
OriginalFileName: Wmiprvse.exe
CommandLine: C:\Windows\system32\wbem\wmiprvse.exe -secured -Embedding
CurrentDirectory: C:\Windows\system32\
User: NT AUTHORITY\NETWORK SERVICE
LogonGuid: {f995aebf-59d9-6942-e403-000000000000}
LogonId: 0x3E4
TerminalSessionId: 0
IntegrityLevel: System
Hashes: SHA256=240C985EED57DEE92E0415F86CE67439E24179EA3281D57A395A90E92F6844D5
ParentProcessGuid: {f995aebf-59d8-6942-0e00-000000000e00}
ParentProcessId: 696
ParentImage: C:\Windows\System32\svchost.exe
ParentCommandLine: C:\Windows\system32\svchost.exe -k DcomLaunch -p
ParentUser: NT AUTHORITY\SYSTEM"
"12/17/2025 8:14:27 AM","7","Image loaded:
RuleName: ImageLoad
UtcTime: 2025-12-17 08:14:27.646
ProcessGuid: {f995aebf-6663-6942-5907-000000000e00}
ProcessId: 7732
Image: C:\Users\RUNNER~1\AppData\Local\Temp\not_an_scr.scr
ImageLoaded: C:\Users\RUNNER~1\AppData\Local\Temp\not_an_scr.scr
FileVersion: 10.0.26100.1882 (WinBuild.160101.0800)
Description: Windows Calculator
Product: Microsoft? Windows? Operating System
Company: Microsoft Corporation
OriginalFileName: CALC.EXE
Hashes: SHA256=81BD48985FA1753E9E2158A7CF969141EDDDBD050E976801BB477E24A2A06B2A
Signed: true
Signature: Microsoft Windows
SignatureStatus: Valid
User: runnervm8j6r3\runneradmin"
"12/17/2025 8:14:27 AM","1","Process Create:
RuleName: ProcessCreate
UtcTime: 2025-12-17 08:14:27.641
ProcessGuid: {f995aebf-6663-6942-5907-000000000e00}
ProcessId: 7732
Image: C:\Users\RUNNER~1\AppData\Local\Temp\not_an_scr.scr
FileVersion: 10.0.26100.1882 (WinBuild.160101.0800)
Description: Windows Calculator
Product: Microsoft? Windows? Operating System
Company: Microsoft Corporation
OriginalFileName: CALC.EXE
CommandLine: not_an_scr.scr /p 67858
CurrentDirectory: C:\Users\RUNNER~1\AppData\Local\Temp\
User: runnervm8j6r3\runneradmin
LogonGuid: {f995aebf-59f4-6942-4710-0c0000000000}
LogonId: 0xC1047
TerminalSessionId: 2
IntegrityLevel: High
Hashes: SHA256=81BD48985FA1753E9E2158A7CF969141EDDDBD050E976801BB477E24A2A06B2A
ParentProcessGuid: {f995aebf-6663-6942-5807-000000000e00}
ParentProcessId: 9788
ParentImage: C:\Windows\System32\rundll32.exe
ParentCommandLine: rundll32.exe  desk.cpl,InstallScreenSaver not_an_scr.scr
ParentUser: runnervm8j6r3\runneradmin"
"12/17/2025 8:14:27 AM","1","Process Create:
RuleName: ProcessCreate
UtcTime: 2025-12-17 08:14:27.320
ProcessGuid: {f995aebf-6663-6942-5807-000000000e00}
ProcessId: 9788
Image: C:\Windows\System32\rundll32.exe
FileVersion: 10.0.26100.7019 (WinBuild.160101.0800)
Description: Windows host process (Rundll32)
Product: Microsoft? Windows? Operating System
Company: Microsoft Corporation
OriginalFileName: RUNDLL32.EXE
CommandLine: rundll32.exe  desk.cpl,InstallScreenSaver not_an_scr.scr
CurrentDirectory: C:\Users\RUNNER~1\AppData\Local\Temp\
User: runnervm8j6r3\runneradmin
LogonGuid: {f995aebf-59f4-6942-4710-0c0000000000}
LogonId: 0xC1047
TerminalSessionId: 2
IntegrityLevel: High
Hashes: SHA256=2F2321D2A3EEEC2CDD7D921645C121BED75872435926EE97F3D53E7EE7662BF0
ParentProcessGuid: {f995aebf-6663-6942-5607-000000000e00}
ParentProcessId: 2732
ParentImage: C:\Windows\System32\cmd.exe
ParentCommandLine: ""cmd.exe"" /c copy %windir%\System32\calc.exe not_an_scr.scr & rundll32.exe desk.cpl,InstallScreenSaver not_an_scr.scr
ParentUser: runnervm8j6r3\runneradmin"
"12/17/2025 8:14:26 AM","1","Process Create:
RuleName: ProcessCreate
UtcTime: 2025-12-17 08:14:26.938
ProcessGuid: {f995aebf-6662-6942-5307-000000000e00}
ProcessId: 3412
Image: C:\Windows\System32\rundll32.exe
FileVersion: 10.0.26100.7019 (WinBuild.160101.0800)
Description: Windows host process (Rundll32)
Product: Microsoft? Windows? Operating System
Company: Microsoft Corporation
OriginalFileName: RUNDLL32.EXE
CommandLine: rundll32.exe  shell32.dll,Control_RunDLL ""C:\AtomicRedTeam\atomics\T1047\bin\calc.dll""
CurrentDirectory: C:\Users\RUNNER~1\AppData\Local\Temp\
User: runnervm8j6r3\runneradmin
LogonGuid: {f995aebf-59f4-6942-4710-0c0000000000}
LogonId: 0xC1047
TerminalSessionId: 2
IntegrityLevel: High
Hashes: SHA256=2F2321D2A3EEEC2CDD7D921645C121BED75872435926EE97F3D53E7EE7662BF0
ParentProcessGuid: {f995aebf-6662-6942-5107-000000000e00}
ParentProcessId: 2888
ParentImage: C:\Windows\System32\cmd.exe
ParentCommandLine: ""cmd.exe"" /c rundll32.exe shell32.dll,Control_RunDLL ""C:\AtomicRedTeam\atomics\T1047\bin\calc.dll""
ParentUser: runnervm8j6r3\runneradmin"
"12/17/2025 8:14:26 AM","7","Image loaded:
RuleName: ImageLoad
UtcTime: 2025-12-17 08:14:26.602
ProcessGuid: {f995aebf-6662-6942-4e07-000000000e00}
ProcessId: 6692
Image: C:\Windows\System32\rundll32.exe
ImageLoaded: C:\Windows\Microsoft.NET\Framework64\v4.0.30319\clrjit.dll
FileVersion: 4.8.9310.0 built by: NET481REL1LAST_C
Description: Microsoft .NET Runtime Just-In-Time Compiler
Product: Microsoft? .NET Framework
Company: Microsoft Corporation
OriginalFileName: clrjit.dll
Hashes: SHA256=24FCAF2398115D6946E93739FCEB11B07D5D31C6B906B4F42A8037A5DB473D85
Signed: true
Signature: Microsoft Corporation
SignatureStatus: Valid
User: runnervm8j6r3\runneradmin"
"12/17/2025 8:14:26 AM","7","Image loaded:
RuleName: ImageLoad
UtcTime: 2025-12-17 08:14:26.574
ProcessGuid: {f995aebf-6662-6942-4e07-000000000e00}
ProcessId: 6692
Image: C:\Windows\System32\rundll32.exe
ImageLoaded: C:\Windows\Microsoft.NET\Framework64\v4.0.30319\clr.dll
FileVersion: 4.8.9310.0 built by: NET481REL1LAST_C
Description: Microsoft .NET Runtime Common Language Runtime - WorkStation
Product: Microsoft? .NET Framework
Company: Microsoft Corporation
OriginalFileName: clr.dll
Hashes: SHA256=8AA62B9BE054D79B6575BEF1DCEDCB2A707741E0245EC876AF4FA0DAB71594FF
Signed: true
Signature: Microsoft Corporation
SignatureStatus: Valid
User: runnervm8j6r3\runneradmin"
"12/17/2025 8:14:26 AM","1","Process Create:
RuleName: ProcessCreate
UtcTime: 2025-12-17 08:14:26.554
ProcessGuid: {f995aebf-6662-6942-4e07-000000000e00}
ProcessId: 6692
Image: C:\Windows\System32\rundll32.exe
FileVersion: 10.0.26100.7019 (WinBuild.160101.0800)
Description: Windows host process (Rundll32)
Product: Microsoft? Windows? Operating System
Company: Microsoft Corporation
OriginalFileName: RUNDLL32.EXE
CommandLine: rundll32.exe  ""C:\AtomicRedTeam\atomics\T1218.010\bin\AllTheThingsx64.dll"",#2
CurrentDirectory: C:\Users\RUNNER~1\AppData\Local\Temp\
User: runnervm8j6r3\runneradmin
LogonGuid: {f995aebf-59f4-6942-4710-0c0000000000}
LogonId: 0xC1047
TerminalSessionId: 2
IntegrityLevel: High
Hashes: SHA256=2F2321D2A3EEEC2CDD7D921645C121BED75872435926EE97F3D53E7EE7662BF0
ParentProcessGuid: {f995aebf-6662-6942-4c07-000000000e00}
ParentProcessId: 8232
ParentImage: C:\Windows\System32\cmd.exe
ParentCommandLine: ""cmd.exe"" /c rundll32.exe ""C:\AtomicRedTeam\atomics\T1218.010\bin\AllTheThingsx64.dll"",#2
ParentUser: runnervm8j6r3\runneradmin"
"12/17/2025 8:14:26 AM","1","Process Create:
RuleName: ProcessCreate
UtcTime: 2025-12-17 08:14:26.248
ProcessGuid: {f995aebf-6662-6942-4b07-000000000e00}
ProcessId: 4656
Image: C:\Windows\System32\rundll32.exe
FileVersion: 10.0.26100.7019 (WinBuild.160101.0800)
Description: Windows host process (Rundll32)
Product: Microsoft? Windows? Operating System
Company: Microsoft Corporation
OriginalFileName: RUNDLL32.EXE
CommandLine: ""C:\Windows\system32\rundll32.exe"" C:\Users\runneradmin\Downloads\calc.png StartW
CurrentDirectory: C:\Users\runneradmin\AppData\Local\Temp\
User: runnervm8j6r3\runneradmin
LogonGuid: {f995aebf-59f4-6942-4710-0c0000000000}
LogonId: 0xC1047
TerminalSessionId: 2
IntegrityLevel: High
Hashes: SHA256=2F2321D2A3EEEC2CDD7D921645C121BED75872435926EE97F3D53E7EE7662BF0
ParentProcessGuid: {f995aebf-6662-6942-4907-000000000e00}
ParentProcessId: 7360
ParentImage: C:\Windows\System32\WindowsPowerShell\v1.0\powershell.exe
ParentCommandLine: ""powershell.exe"" & {rundll32.exe C:\Users\$env:username\Downloads\calc.png, StartW}
ParentUser: runnervm8j6r3\runneradmin"
"12/17/2025 8:14:26 AM","23","File Delete archived:
RuleName: FileDelete
UtcTime: 2025-12-17 08:14:26.158
ProcessGuid: {f995aebf-6662-6942-4907-000000000e00}
ProcessId: 7360
User: runnervm8j6r3\runneradmin
Image: C:\Windows\System32\WindowsPowerShell\v1.0\powershell.exe
TargetFilename: C:\Users\runneradmin\AppData\Local\Temp\__PSScriptPolicyTest_15jrbdvg.hjt.ps1
Hashes: SHA256=96AD1146EB96877EAB5942AE0736B82D8B5E2039A80D3D6932665C1A4C87DCF7
IsExecutable: false
Archived: true"
"12/17/2025 8:14:25 AM","1","Process Create:
RuleName: ProcessCreate
UtcTime: 2025-12-17 08:14:25.653
ProcessGuid: {f995aebf-6661-6942-4707-000000000e00}
ProcessId: 3440
Image: C:\Windows\System32\rundll32.exe
FileVersion: 10.0.26100.7019 (WinBuild.160101.0800)
Description: Windows host process (Rundll32)
Product: Microsoft? Windows? Operating System
Company: Microsoft Corporation
OriginalFileName: RUNDLL32.EXE
CommandLine: rundll32.exe  pcwutl.dll,LaunchApplication C:\Windows\System32\notepad.exe
CurrentDirectory: C:\Users\RUNNER~1\AppData\Local\Temp\
User: runnervm8j6r3\runneradmin
LogonGuid: {f995aebf-59f4-6942-4710-0c0000000000}
LogonId: 0xC1047
TerminalSessionId: 2
IntegrityLevel: High
Hashes: SHA256=2F2321D2A3EEEC2CDD7D921645C121BED75872435926EE97F3D53E7EE7662BF0
ParentProcessGuid: {f995aebf-6661-6942-4507-000000000e00}
ParentProcessId: 904
ParentImage: C:\Windows\System32\cmd.exe
ParentCommandLine: ""cmd.exe"" /c rundll32.exe pcwutl.dll,LaunchApplication %windir%\System32\notepad.exe
ParentUser: runnervm8j6r3\runneradmin"
"12/17/2025 8:14:25 AM","7","Image loaded:
RuleName: ImageLoad
UtcTime: 2025-12-17 08:14:25.398
ProcessGuid: {f995aebf-6661-6942-4407-000000000e00}
ProcessId: 9244
Image: C:\Windows\System32\wscript.exe
ImageLoaded: C:\ProgramData\Microsoft\Windows Defender\Platform\4.18.25110.5-0\MpOAV.dll
FileVersion: 4.18.25110.5 (4a6978a838df7287d907bb2ee8a2eeb2373b186e)
Description: IOfficeAntiVirus Module
Product: Microsoft? Windows? Operating System
Company: Microsoft Corporation
OriginalFileName: MpOAV.dll
Hashes: SHA256=0EF8AE9CC8E3722C0AE09B55531BBA2F2A3422CCF4A1BB9B37ABDB4808AAC232
Signed: true
Signature: Microsoft Windows
SignatureStatus: Valid
User: runnervm8j6r3\runneradmin"
"12/17/2025 8:14:25 AM","1","Process Create:
RuleName: ProcessCreate
UtcTime: 2025-12-17 08:14:25.369
ProcessGuid: {f995aebf-6661-6942-4407-000000000e00}
ProcessId: 9244
Image: C:\Windows\System32\wscript.exe
FileVersion: 10.0.26100.7019
Description: Microsoft ? Windows Based Script Host
Product: Microsoft ? Windows Script Host
Company: Microsoft Corporation
OriginalFileName: wscript.exe
CommandLine: ""C:\Windows\System32\WScript.exe"" ""C:\AtomicRedTeam\atomics\T1218.011\src\akteullen.vbs"" 
CurrentDirectory: C:\Users\RUNNER~1\AppData\Local\Temp\
User: runnervm8j6r3\runneradmin
LogonGuid: {f995aebf-59f4-6942-4710-0c0000000000}
LogonId: 0xC1047
TerminalSessionId: 2
IntegrityLevel: High
Hashes: SHA256=EF603F10CFE6635756FE871D0DAD83D49E5DC552D8288395A745A14DCFE534D3
ParentProcessGuid: {f995aebf-6661-6942-4307-000000000e00}
ParentProcessId: 10012
ParentImage: C:\Windows\System32\rundll32.exe
ParentCommandLine: rundll32.exe  URL.dll,FileProtocolHandler ""C:\AtomicRedTeam\atomics\T1218.011\src\akteullen.vbs""
ParentUser: runnervm8j6r3\runneradmin"
"12/17/2025 8:14:25 AM","1","Process Create:
RuleName: ProcessCreate
UtcTime: 2025-12-17 08:14:25.305
ProcessGuid: {f995aebf-6661-6942-4307-000000000e00}
ProcessId: 10012
Image: C:\Windows\System32\rundll32.exe
FileVersion: 10.0.26100.7019 (WinBuild.160101.0800)
Description: Windows host process (Rundll32)
Product: Microsoft? Windows? Operating System
Company: Microsoft Corporation
OriginalFileName: RUNDLL32.EXE
CommandLine: rundll32.exe  URL.dll,FileProtocolHandler ""C:\AtomicRedTeam\atomics\T1218.011\src\akteullen.vbs""
CurrentDirectory: C:\Users\RUNNER~1\AppData\Local\Temp\
User: runnervm8j6r3\runneradmin
LogonGuid: {f995aebf-59f4-6942-4710-0c0000000000}
LogonId: 0xC1047
TerminalSessionId: 2
IntegrityLevel: High
Hashes: SHA256=2F2321D2A3EEEC2CDD7D921645C121BED75872435926EE97F3D53E7EE7662BF0
ParentProcessGuid: {f995aebf-6661-6942-4007-000000000e00}
ParentProcessId: 1020
ParentImage: C:\Windows\System32\cmd.exe
ParentCommandLine: ""cmd.exe"" /c rundll32.exe url.dll,OpenURL ""C:\AtomicRedTeam\atomics\T1218.011\src\index.hta"" & rundll32.exe URL.dll,FileProtocolHandler ""C:\AtomicRedTeam\atomics\T1218.011\src\akteullen.vbs""
ParentUser: runnervm8j6r3\runneradmin"
"12/17/2025 8:14:25 AM","1","Process Create:
RuleName: ProcessCreate
UtcTime: 2025-12-17 08:14:25.240
ProcessGuid: {f995aebf-6661-6942-4207-000000000e00}
ProcessId: 7296
Image: C:\Windows\System32\rundll32.exe
FileVersion: 10.0.26100.7019 (WinBuild.160101.0800)
Description: Windows host process (Rundll32)
Product: Microsoft? Windows? Operating System
Company: Microsoft Corporation
OriginalFileName: RUNDLL32.EXE
CommandLine: rundll32.exe  url.dll,OpenURL ""C:\AtomicRedTeam\atomics\T1218.011\src\index.hta"" 
CurrentDirectory: C:\Users\RUNNER~1\AppData\Local\Temp\
User: runnervm8j6r3\runneradmin
LogonGuid: {f995aebf-59f4-6942-4710-0c0000000000}
LogonId: 0xC1047
TerminalSessionId: 2
IntegrityLevel: High
Hashes: SHA256=2F2321D2A3EEEC2CDD7D921645C121BED75872435926EE97F3D53E7EE7662BF0
ParentProcessGuid: {f995aebf-6661-6942-4007-000000000e00}
ParentProcessId: 1020
ParentImage: C:\Windows\System32\cmd.exe
ParentCommandLine: ""cmd.exe"" /c rundll32.exe url.dll,OpenURL ""C:\AtomicRedTeam\atomics\T1218.011\src\index.hta"" & rundll32.exe URL.dll,FileProtocolHandler ""C:\AtomicRedTeam\atomics\T1218.011\src\akteullen.vbs""
ParentUser: runnervm8j6r3\runneradmin"
"12/17/2025 8:14:24 AM","9","RawAccessRead detected:
RuleName: RawAccessRead
UtcTime: 2025-12-17 08:14:24.714
ProcessGuid: {f995aebf-6660-6942-3f07-000000000e00}
ProcessId: 5780
Image: C:\Windows\System32\wbem\WmiPrvSE.exe
Device: \Device\HarddiskVolume2
User: NT AUTHORITY\NETWORK SERVICE"
"12/17/2025 8:14:24 AM","1","Process Create:
RuleName: ProcessCreate
UtcTime: 2025-12-17 08:14:24.670
ProcessGuid: {f995aebf-6660-6942-3f07-000000000e00}
ProcessId: 5780
Image: C:\Windows\System32\wbem\WmiPrvSE.exe
FileVersion: 10.0.26100.7019 (WinBuild.160101.0800)
Description: WMI Provider Host
Product: Microsoft? Windows? Operating System
Company: Microsoft Corporation
OriginalFileName: Wmiprvse.exe
CommandLine: C:\Windows\system32\wbem\wmiprvse.exe -secured -Embedding
CurrentDirectory: C:\Windows\system32\
User: NT AUTHORITY\NETWORK SERVICE
LogonGuid: {f995aebf-59d9-6942-e403-000000000000}
LogonId: 0x3E4
TerminalSessionId: 0
IntegrityLevel: System
Hashes: SHA256=240C985EED57DEE92E0415F86CE67439E24179EA3281D57A395A90E92F6844D5
ParentProcessGuid: {f995aebf-59d8-6942-0e00-000000000e00}
ParentProcessId: 696
ParentImage: C:\Windows\System32\svchost.exe
ParentCommandLine: C:\Windows\system32\svchost.exe -k DcomLaunch -p
ParentUser: NT AUTHORITY\SYSTEM"
"12/17/2025 8:12:35 AM","23","File Delete archived:
RuleName: FileDelete
UtcTime: 2025-12-17 08:12:35.492
ProcessGuid: {f995aebf-59cf-6942-eb03-000000000000}
ProcessId: 4
User: NT AUTHORITY\SYSTEM
Image: System
TargetFilename: C:\Windows\System32\LogFiles\WMI\RtBackup\EtwRTAdmin_PS_Provider.etl
Hashes: SHA256=4D92572B32FE45D425ABDCC31D432FD854E1779CFB10C6DC28B0D5F60E68C3D6
IsExecutable: false
Archived: true"
"12/17/2025 8:12:24 AM","1","Process Create:
RuleName: ProcessCreate
UtcTime: 2025-12-17 08:12:24.661
ProcessGuid: {f995aebf-65e8-6942-3607-000000000e00}
ProcessId: 5952
Image: C:\Windows\System32\rundll32.exe
FileVersion: 10.0.26100.7019 (WinBuild.160101.0800)
Description: Windows host process (Rundll32)
Product: Microsoft? Windows? Operating System
Company: Microsoft Corporation
OriginalFileName: RUNDLL32.EXE
CommandLine: rundll32.exe  setupapi.dll,InstallHinfSection DefaultInstall 128 ""C:\AtomicRedTeam\atomics\T1218.011\src\T1218.011_DefaultInstall.inf""
CurrentDirectory: C:\Users\RUNNER~1\AppData\Local\Temp\
User: runnervm8j6r3\runneradmin
LogonGuid: {f995aebf-59f4-6942-4710-0c0000000000}
LogonId: 0xC1047
TerminalSessionId: 2
IntegrityLevel: High
Hashes: SHA256=2F2321D2A3EEEC2CDD7D921645C121BED75872435926EE97F3D53E7EE7662BF0
ParentProcessGuid: {f995aebf-65e8-6942-3407-000000000e00}
ParentProcessId: 9884
ParentImage: C:\Windows\System32\cmd.exe
ParentCommandLine: ""cmd.exe"" /c rundll32.exe setupapi.dll,InstallHinfSection DefaultInstall 128 ""C:\AtomicRedTeam\atomics\T1218.011\src\T1218.011_DefaultInstall.inf""
ParentUser: runnervm8j6r3\runneradmin"
"12/17/2025 8:12:24 AM","9","RawAccessRead detected:
RuleName: RawAccessRead
UtcTime: 2025-12-17 08:12:24.148
ProcessGuid: {f995aebf-65e8-6942-3307-000000000e00}
ProcessId: 524
Image: C:\Windows\System32\wbem\WmiPrvSE.exe
Device: \Device\HarddiskVolume2
User: NT AUTHORITY\NETWORK SERVICE"
"12/17/2025 8:12:24 AM","1","Process Create:
RuleName: ProcessCreate
UtcTime: 2025-12-17 08:12:24.104
ProcessGuid: {f995aebf-65e8-6942-3307-000000000e00}
ProcessId: 524
Image: C:\Windows\System32\wbem\WmiPrvSE.exe
FileVersion: 10.0.26100.7019 (WinBuild.160101.0800)
Description: WMI Provider Host
Product: Microsoft? Windows? Operating System
Company: Microsoft Corporation
OriginalFileName: Wmiprvse.exe
CommandLine: C:\Windows\system32\wbem\wmiprvse.exe -secured -Embedding
CurrentDirectory: C:\Windows\system32\
User: NT AUTHORITY\NETWORK SERVICE
LogonGuid: {f995aebf-59d9-6942-e403-000000000000}
LogonId: 0x3E4
TerminalSessionId: 0
IntegrityLevel: System
Hashes: SHA256=240C985EED57DEE92E0415F86CE67439E24179EA3281D57A395A90E92F6844D5
ParentProcessGuid: {f995aebf-59d8-6942-0e00-000000000e00}
ParentProcessId: 696
ParentImage: C:\Windows\System32\svchost.exe
ParentCommandLine: C:\Windows\system32\svchost.exe -k DcomLaunch -p
ParentUser: NT AUTHORITY\SYSTEM"
"12/17/2025 8:12:05 AM","13","Registry value set:
RuleName: T1543.003
EventType: SetValue
UtcTime: 2025-12-17 08:12:05.477
ProcessGuid: {f995aebf-59d7-6942-0c00-000000000e00}
ProcessId: 980
Image: C:\Windows\system32\services.exe
TargetObject: HKLM\System\CurrentControlSet\Services\BITS\Start
Details: DWORD (0x00000003)
User: NT AUTHORITY\SYSTEM"
"12/17/2025 8:11:42 AM","9","RawAccessRead detected:
RuleName: RawAccessRead
UtcTime: 2025-12-17 08:11:42.361
ProcessGuid: {f995aebf-59f2-6942-c700-000000000e00}
ProcessId: 6956
Image: C:\Windows\System32\svchost.exe
Device: \Device\HarddiskVolume2
User: NT AUTHORITY\SYSTEM"
"12/17/2025 8:11:42 AM","9","RawAccessRead detected:
RuleName: RawAccessRead
UtcTime: 2025-12-17 08:11:42.360
ProcessGuid: {f995aebf-59f2-6942-c700-000000000e00}
ProcessId: 6956
Image: C:\Windows\System32\svchost.exe
Device: \Device\HarddiskVolume2
User: NT AUTHORITY\SYSTEM"
"12/17/2025 8:11:42 AM","9","RawAccessRead detected:
RuleName: RawAccessRead
UtcTime: 2025-12-17 08:11:42.358
ProcessGuid: {f995aebf-59f2-6942-c700-000000000e00}
ProcessId: 6956
Image: C:\Windows\System32\svchost.exe
Device: \Device\HarddiskVolume2
User: NT AUTHORITY\SYSTEM"
"12/17/2025 8:10:25 AM","22","Dns query:
RuleName: DnsQuery
UtcTime: 2025-12-17 08:10:23.734
ProcessGuid: {f995aebf-656f-6942-2507-000000000e00}
ProcessId: 6664
QueryName: raw.githubusercontent.com
QueryStatus: 0
QueryResults: ::ffff:185.199.111.133;::ffff:185.199.110.133;::ffff:185.199.108.133;::ffff:185.199.109.133;
Image: C:\Windows\System32\rundll32.exe
User: runnervm8j6r3\runneradmin"
"12/17/2025 8:10:25 AM","3","Network connection detected:
RuleName: NetworkConnect
UtcTime: 2025-12-17 08:10:23.738
ProcessGuid: {f995aebf-656f-6942-2507-000000000e00}
ProcessId: 6664
Image: C:\Windows\System32\rundll32.exe
User: runnervm8j6r3\runneradmin
Protocol: tcp
Initiated: true
SourceIsIpv6: false
SourceIp: 10.1.0.103
SourceHostname: runnervm8j6r3.5cxh0c1awo1ufoksjxtfocoz2d.ex.internal.cloudapp.net
SourcePort: 52392
SourcePortName: -
DestinationIsIpv6: false
DestinationIp: 185.199.111.133
DestinationHostname: cdn-185-199-111-133.github.com
DestinationPort: 443
DestinationPortName: https"
"12/17/2025 8:10:24 AM","3","Network connection detected:
RuleName: NetworkConnect
UtcTime: 2025-12-17 08:10:23.284
ProcessGuid: {f995aebf-656f-6942-2007-000000000e00}
ProcessId: 4204
Image: C:\Windows\System32\rundll32.exe
User: runnervm8j6r3\runneradmin
Protocol: tcp
Initiated: true
SourceIsIpv6: false
SourceIp: 10.1.0.103
SourceHostname: runnervm8j6r3.5cxh0c1awo1ufoksjxtfocoz2d.ex.internal.cloudapp.net
SourcePort: 52391
SourcePortName: -
DestinationIsIpv6: false
DestinationIp: 185.199.111.133
DestinationHostname: cdn-185-199-111-133.github.com
DestinationPort: 443
DestinationPortName: https"
"12/17/2025 8:10:24 AM","22","Dns query:
RuleName: DnsQuery
UtcTime: 2025-12-17 08:10:23.281
ProcessGuid: {f995aebf-656f-6942-2007-000000000e00}
ProcessId: 4204
QueryName: raw.githubusercontent.com
QueryStatus: 0
QueryResults: ::ffff:185.199.111.133;::ffff:185.199.110.133;::ffff:185.199.108.133;::ffff:185.199.109.133;
Image: C:\Windows\System32\rundll32.exe
User: runnervm8j6r3\runneradmin"
"12/17/2025 8:10:24 AM","1","Process Create:
RuleName: ProcessCreate
UtcTime: 2025-12-17 08:10:24.131
ProcessGuid: {f995aebf-6570-6942-2a07-000000000e00}
ProcessId: 3080
Image: C:\Windows\System32\rundll32.exe
FileVersion: 10.0.26100.7019 (WinBuild.160101.0800)
Description: Windows host process (Rundll32)
Product: Microsoft? Windows? Operating System
Company: Microsoft Corporation
OriginalFileName: RUNDLL32.EXE
CommandLine: rundll32.exe  syssetup.dll,SetupInfObjectInstallAction DefaultInstall 128 ""C:\AtomicRedTeam\atomics\T1218.011\src\T1218.011_DefaultInstall.inf""
CurrentDirectory: C:\Users\RUNNER~1\AppData\Local\Temp\
User: runnervm8j6r3\runneradmin
LogonGuid: {f995aebf-59f4-6942-4710-0c0000000000}
LogonId: 0xC1047
TerminalSessionId: 2
IntegrityLevel: High
Hashes: SHA256=2F2321D2A3EEEC2CDD7D921645C121BED75872435926EE97F3D53E7EE7662BF0
ParentProcessGuid: {f995aebf-6570-6942-2807-000000000e00}
ParentProcessId: 4352
ParentImage: C:\Windows\System32\cmd.exe
ParentCommandLine: ""cmd.exe"" /c rundll32.exe syssetup.dll,SetupInfObjectInstallAction DefaultInstall 128 ""C:\AtomicRedTeam\atomics\T1218.011\src\T1218.011_DefaultInstall.inf""
ParentUser: runnervm8j6r3\runneradmin"
"12/17/2025 8:10:23 AM","7","Image loaded:
RuleName: ImageLoad
UtcTime: 2025-12-17 08:10:23.783
ProcessGuid: {f995aebf-656f-6942-2507-000000000e00}
ProcessId: 6664
Image: C:\Windows\System32\rundll32.exe
ImageLoaded: C:\ProgramData\Microsoft\Windows Defender\Platform\4.18.25110.5-0\MpClient.dll
FileVersion: 4.18.25110.5 (4a6978a838df7287d907bb2ee8a2eeb2373b186e)
Description: Client Interface
Product: Microsoft? Windows? Operating System
Company: Microsoft Corporation
OriginalFileName: mpclient.dll
Hashes: SHA256=F1CA293E6D05A500EB026529A27948B01B6467D0E9C20C6049101C2B2829B96A
Signed: true
Signature: Microsoft Windows
SignatureStatus: Valid
User: runnervm8j6r3\runneradmin"
"12/17/2025 8:10:23 AM","7","Image loaded:
RuleName: ImageLoad
UtcTime: 2025-12-17 08:10:23.776
ProcessGuid: {f995aebf-656f-6942-2507-000000000e00}
ProcessId: 6664
Image: C:\Windows\System32\rundll32.exe
ImageLoaded: C:\ProgramData\Microsoft\Windows Defender\Platform\4.18.25110.5-0\MpOAV.dll
FileVersion: 4.18.25110.5 (4a6978a838df7287d907bb2ee8a2eeb2373b186e)
Description: IOfficeAntiVirus Module
Product: Microsoft? Windows? Operating System
Company: Microsoft Corporation
OriginalFileName: MpOAV.dll
Hashes: SHA256=0EF8AE9CC8E3722C0AE09B55531BBA2F2A3422CCF4A1BB9B37ABDB4808AAC232
Signed: true
Signature: Microsoft Windows
SignatureStatus: Valid
User: runnervm8j6r3\runneradmin"
"12/17/2025 8:10:23 AM","12","Registry object added or deleted:
RuleName: RegistryEvent
EventType: CreateKey
UtcTime: 2025-12-17 08:10:23.747
ProcessGuid: {f995aebf-656f-6942-2507-000000000e00}
ProcessId: 6664
Image: C:\Windows\system32\rundll32.exe
TargetObject: HKLM\System\CurrentControlSet\Control\SecurityProviders\SCHANNEL
User: runnervm8j6r3\runneradmin"
"12/17/2025 8:10:23 AM","1","Process Create:
RuleName: ProcessCreate
UtcTime: 2025-12-17 08:10:23.682
ProcessGuid: {f995aebf-656f-6942-2507-000000000e00}
ProcessId: 6664
Image: C:\Windows\System32\rundll32.exe
FileVersion: 10.0.26100.7019 (WinBuild.160101.0800)
Description: Windows host process (Rundll32)
Product: Microsoft? Windows? Operating System
Company: Microsoft Corporation
OriginalFileName: RUNDLL32.EXE
CommandLine: rundll32.exe  ieadvpack.dll,LaunchINFSection ""C:\AtomicRedTeam\atomics\T1218.011\src\T1218.011.inf"",DefaultInstall_SingleUser,1,
CurrentDirectory: C:\Users\RUNNER~1\AppData\Local\Temp\
User: runnervm8j6r3\runneradmin
LogonGuid: {f995aebf-59f4-6942-4710-0c0000000000}
LogonId: 0xC1047
TerminalSessionId: 2
IntegrityLevel: High
Hashes: SHA256=2F2321D2A3EEEC2CDD7D921645C121BED75872435926EE97F3D53E7EE7662BF0
ParentProcessGuid: {f995aebf-656f-6942-2307-000000000e00}
ParentProcessId: 9256
ParentImage: C:\Windows\System32\cmd.exe
ParentCommandLine: ""cmd.exe"" /c rundll32.exe ieadvpack.dll,LaunchINFSection ""C:\AtomicRedTeam\atomics\T1218.011\src\T1218.011.inf"",DefaultInstall_SingleUser,1,
ParentUser: runnervm8j6r3\runneradmin"
"12/17/2025 8:10:23 AM","7","Image loaded:
RuleName: ImageLoad
UtcTime: 2025-12-17 08:10:23.329
ProcessGuid: {f995aebf-656f-6942-2007-000000000e00}
ProcessId: 4204
Image: C:\Windows\System32\rundll32.exe
ImageLoaded: C:\ProgramData\Microsoft\Windows Defender\Platform\4.18.25110.5-0\MpClient.dll
FileVersion: 4.18.25110.5 (4a6978a838df7287d907bb2ee8a2eeb2373b186e)
Description: Client Interface
Product: Microsoft? Windows? Operating System
Company: Microsoft Corporation
OriginalFileName: mpclient.dll
Hashes: SHA256=F1CA293E6D05A500EB026529A27948B01B6467D0E9C20C6049101C2B2829B96A
Signed: true
Signature: Microsoft Windows
SignatureStatus: Valid
User: runnervm8j6r3\runneradmin"
"12/17/2025 8:10:23 AM","7","Image loaded:
RuleName: ImageLoad
UtcTime: 2025-12-17 08:10:23.324
ProcessGuid: {f995aebf-656f-6942-2007-000000000e00}
ProcessId: 4204
Image: C:\Windows\System32\rundll32.exe
ImageLoaded: C:\ProgramData\Microsoft\Windows Defender\Platform\4.18.25110.5-0\MpOAV.dll
FileVersion: 4.18.25110.5 (4a6978a838df7287d907bb2ee8a2eeb2373b186e)
Description: IOfficeAntiVirus Module
Product: Microsoft? Windows? Operating System
Company: Microsoft Corporation
OriginalFileName: MpOAV.dll
Hashes: SHA256=0EF8AE9CC8E3722C0AE09B55531BBA2F2A3422CCF4A1BB9B37ABDB4808AAC232
Signed: true
Signature: Microsoft Windows
SignatureStatus: Valid
User: runnervm8j6r3\runneradmin"
"12/17/2025 8:10:23 AM","12","Registry object added or deleted:
RuleName: RegistryEvent
EventType: CreateKey
UtcTime: 2025-12-17 08:10:23.294
ProcessGuid: {f995aebf-656f-6942-2007-000000000e00}
ProcessId: 4204
Image: C:\Windows\system32\rundll32.exe
TargetObject: HKLM\System\CurrentControlSet\Control\SecurityProviders\SCHANNEL
User: runnervm8j6r3\runneradmin"
"12/17/2025 8:10:23 AM","1","Process Create:
RuleName: ProcessCreate
UtcTime: 2025-12-17 08:10:23.216
ProcessGuid: {f995aebf-656f-6942-2007-000000000e00}
ProcessId: 4204
Image: C:\Windows\System32\rundll32.exe
FileVersion: 10.0.26100.7019 (WinBuild.160101.0800)
Description: Windows host process (Rundll32)
Product: Microsoft? Windows? Operating System
Company: Microsoft Corporation
OriginalFileName: RUNDLL32.EXE
CommandLine: rundll32.exe  advpack.dll,LaunchINFSection ""C:\AtomicRedTeam\atomics\T1218.011\src\T1218.011.inf"",DefaultInstall_SingleUser,1,
CurrentDirectory: C:\Users\RUNNER~1\AppData\Local\Temp\
User: runnervm8j6r3\runneradmin
LogonGuid: {f995aebf-59f4-6942-4710-0c0000000000}
LogonId: 0xC1047
TerminalSessionId: 2
IntegrityLevel: High
Hashes: SHA256=2F2321D2A3EEEC2CDD7D921645C121BED75872435926EE97F3D53E7EE7662BF0
ParentProcessGuid: {f995aebf-656f-6942-1e07-000000000e00}
ParentProcessId: 6372
ParentImage: C:\Windows\System32\cmd.exe
ParentCommandLine: ""cmd.exe"" /c rundll32.exe advpack.dll,LaunchINFSection ""C:\AtomicRedTeam\atomics\T1218.011\src\T1218.011.inf"",DefaultInstall_SingleUser,1,
ParentUser: runnervm8j6r3\runneradmin"
"12/17/2025 8:10:22 AM","9","RawAccessRead detected:
RuleName: RawAccessRead
UtcTime: 2025-12-17 08:10:22.616
ProcessGuid: {f995aebf-656e-6942-1d07-000000000e00}
ProcessId: 4276
Image: C:\Windows\System32\wbem\WmiPrvSE.exe
Device: \Device\HarddiskVolume2
User: NT AUTHORITY\NETWORK SERVICE"
