"12/17/2025 8:02:06 AM","21","WmiEventConsumerToFilter activity detected:
RuleName: WmiEvent
EventType: WmiBindingEvent
UtcTime: 2025-12-17 08:02:06.607
Operation: Created
User: runnervm8j6r3\runneradmin
Consumer:  ""\\\\.\\root\\subscription:CommandLineEventConsumer.Name=\""AtomicRedTeam_consumer\""""
Filter:  ""\\\\.\\root\\subscription:__EventFilter.Name=\""AtomicRedTeam_filter\"""""
"12/17/2025 8:02:06 AM","19","WmiEventFilter activity detected:
RuleName: WmiEvent
EventType: WmiFilterEvent
UtcTime: 2025-12-17 08:02:06.603
Operation: Created
User: runnervm8j6r3\runneradmin
EventNamespace:  ""root\\subscription""
Name:  ""AtomicRedTeam_filter""
Query:  ""SELECT * FROM __InstanceCreationEvent Within 3 Where TargetInstance Isa \""Win32_Process\"" And Targetinstance.Name = \""notepad.exe\"" """
"12/17/2025 8:02:06 AM","20","WmiEventConsumer activity detected:
RuleName: WmiEvent
EventType: WmiConsumerEvent
UtcTime: 2025-12-17 08:02:06.601
Operation: Created
User: runnervm8j6r3\runneradmin
Name:  ""AtomicRedTeam_consumer""
Type: Command Line
Destination:  ""cmd.exe"""
"12/17/2025 8:02:06 AM","7","Image loaded:
RuleName: ImageLoad
UtcTime: 2025-12-17 08:02:06.589
ProcessGuid: {f995aebf-637e-6942-9105-000000000e00}
ProcessId: 5940
Image: C:\Windows\System32\wbem\mofcomp.exe
ImageLoaded: C:\ProgramData\Microsoft\Windows Defender\Platform\4.18.25110.5-0\MpClient.dll
FileVersion: 4.18.25110.5 (4a6978a838df7287d907bb2ee8a2eeb2373b186e)
Description: Client Interface
Product: Microsoft? Windows? Operating System
Company: Microsoft Corporation
OriginalFileName: mpclient.dll
Hashes: SHA256=F1CA293E6D05A500EB026529A27948B01B6467D0E9C20C6049101C2B2829B96A
Signed: true
Signature: Microsoft Windows
SignatureStatus: Valid
User: runnervm8j6r3\runneradmin"
"12/17/2025 8:02:06 AM","7","Image loaded:
RuleName: ImageLoad
UtcTime: 2025-12-17 08:02:06.583
ProcessGuid: {f995aebf-637e-6942-9105-000000000e00}
ProcessId: 5940
Image: C:\Windows\System32\wbem\mofcomp.exe
ImageLoaded: C:\ProgramData\Microsoft\Windows Defender\Platform\4.18.25110.5-0\MpOAV.dll
FileVersion: 4.18.25110.5 (4a6978a838df7287d907bb2ee8a2eeb2373b186e)
Description: IOfficeAntiVirus Module
Product: Microsoft? Windows? Operating System
Company: Microsoft Corporation
OriginalFileName: MpOAV.dll
Hashes: SHA256=0EF8AE9CC8E3722C0AE09B55531BBA2F2A3422CCF4A1BB9B37ABDB4808AAC232
Signed: true
Signature: Microsoft Windows
SignatureStatus: Valid
User: runnervm8j6r3\runneradmin"
"12/17/2025 8:02:06 AM","23","File Delete archived:
RuleName: FileDelete
UtcTime: 2025-12-17 08:02:06.474
ProcessGuid: {f995aebf-637e-6942-8f05-000000000e00}
ProcessId: 8604
User: runnervm8j6r3\runneradmin
Image: C:\Windows\System32\WindowsPowerShell\v1.0\powershell.exe
TargetFilename: C:\Users\runneradmin\AppData\Local\Temp\__PSScriptPolicyTest_atuoqse1.5vw.ps1
Hashes: SHA256=96AD1146EB96877EAB5942AE0736B82D8B5E2039A80D3D6932665C1A4C87DCF7
IsExecutable: false
Archived: true"
"12/17/2025 8:02:06 AM","22","Dns query:
RuleName: DnsQuery
UtcTime: 2025-12-17 08:02:04.091
ProcessGuid: {f995aebf-637b-6942-8b05-000000000e00}
ProcessId: 2324
QueryName: localhost
QueryStatus: 0
QueryResults: 127.0.0.1;
Image: C:\Windows\System32\WindowsPowerShell\v1.0\powershell.exe
User: runnervm8j6r3\runneradmin"
"12/17/2025 8:02:06 AM","21","WmiEventConsumerToFilter activity detected:
RuleName: WmiEvent
EventType: WmiBindingEvent
UtcTime: 2025-12-17 08:02:06.117
Operation: Created
User: runnervm8j6r3\runneradmin
Consumer:  ""ActiveScriptEventConsumer.Name=\""AtomicRedTeam-WMIPersistence-ActiveScriptEventConsumer-Example\""""
Filter:  ""__EventFilter.Name=\""AtomicRedTeam-WMIPersistence-ActiveScriptEventConsumer-Example\"""""
"12/17/2025 8:02:06 AM","21","WmiEventConsumerToFilter activity detected:
RuleName: WmiEvent
EventType: WmiBindingEvent
UtcTime: 2025-12-17 08:02:06.115
Operation: Created
User: runnervm8j6r3\runneradmin
Consumer:  ""\\\\.\\ROOT\\subscription:CommandLineEventConsumer.Name=\""AtomicRedTeam-WMIPersistence-CommandLineEventConsumer-Example\""""
Filter:  ""\\\\.\\ROOT\\subscription:__EventFilter.Name=\""AtomicRedTeam-WMIPersistence-CommandLineEventConsumer-Example\"""""
"12/17/2025 8:02:05 AM","1","Process Create:
RuleName: ProcessCreate
UtcTime: 2025-12-17 08:02:05.490
ProcessGuid: {f995aebf-637d-6942-8e05-000000000e00}
ProcessId: 1772
Image: C:\Windows\System32\wbem\WmiPrvSE.exe
FileVersion: 10.0.26100.7019 (WinBuild.160101.0800)
Description: WMI Provider Host
Product: Microsoft? Windows? Operating System
Company: Microsoft Corporation
OriginalFileName: Wmiprvse.exe
CommandLine: C:\Windows\system32\wbem\wmiprvse.exe -secured -Embedding
CurrentDirectory: C:\Windows\system32\
User: NT AUTHORITY\LOCAL SERVICE
LogonGuid: {f995aebf-59d9-6942-e503-000000000000}
LogonId: 0x3E5
TerminalSessionId: 0
IntegrityLevel: System
Hashes: SHA256=240C985EED57DEE92E0415F86CE67439E24179EA3281D57A395A90E92F6844D5
ParentProcessGuid: {f995aebf-59d8-6942-0e00-000000000e00}
ParentProcessId: 696
ParentImage: C:\Windows\System32\svchost.exe
ParentCommandLine: C:\Windows\system32\svchost.exe -k DcomLaunch -p
ParentUser: NT AUTHORITY\SYSTEM"
"12/17/2025 8:02:04 AM","7","Image loaded:
RuleName: ImageLoad
UtcTime: 2025-12-17 08:02:04.716
ProcessGuid: {f995aebf-637c-6942-8d05-000000000e00}
ProcessId: 1460
Image: C:\Windows\System32\wbem\WmiApSrv.exe
ImageLoaded: C:\ProgramData\Microsoft\Windows Defender\Platform\4.18.25110.5-0\MpOAV.dll
FileVersion: 4.18.25110.5 (4a6978a838df7287d907bb2ee8a2eeb2373b186e)
Description: IOfficeAntiVirus Module
Product: Microsoft? Windows? Operating System
Company: Microsoft Corporation
OriginalFileName: MpOAV.dll
Hashes: SHA256=0EF8AE9CC8E3722C0AE09B55531BBA2F2A3422CCF4A1BB9B37ABDB4808AAC232
Signed: true
Signature: Microsoft Windows
SignatureStatus: Valid
User: NT AUTHORITY\SYSTEM"
"12/17/2025 8:02:04 AM","20","WmiEventConsumer activity detected:
RuleName: WmiEvent
EventType: WmiConsumerEvent
UtcTime: 2025-12-17 08:02:04.120
Operation: Created
User: runnervm8j6r3\runneradmin
Name:  ""AtomicRedTeam-WMIPersistence-ActiveScriptEventConsumer-Example""
Type: Script
Destination:  ""\n Set objws = CreateObject(\""Wscript.Shell\"")\n objws.Run \""notepad.exe\"", 0, True\n """
"12/17/2025 8:02:04 AM","19","WmiEventFilter activity detected:
RuleName: WmiEvent
EventType: WmiFilterEvent
UtcTime: 2025-12-17 08:02:04.110
Operation: Created
User: runnervm8j6r3\runneradmin
EventNamespace:  ""root\\CimV2""
Name:  ""AtomicRedTeam-WMIPersistence-ActiveScriptEventConsumer-Example""
Query:  ""SELECT * FROM __InstanceModificationEvent WITHIN 60 WHERE TargetInstance ISA 'Win32_PerfFormattedData_PerfOS_System' AND TargetInstance.SystemUpTime >= 240 AND TargetInstance.SystemUpTime < 325"""
"12/17/2025 8:02:03 AM","23","File Delete archived:
RuleName: FileDelete
UtcTime: 2025-12-17 08:02:03.900
ProcessGuid: {f995aebf-637b-6942-8b05-000000000e00}
ProcessId: 2324
User: runnervm8j6r3\runneradmin
Image: C:\Windows\System32\WindowsPowerShell\v1.0\powershell.exe
TargetFilename: C:\Users\runneradmin\AppData\Local\Temp\__PSScriptPolicyTest_jdnz3ixs.gff.ps1
Hashes: SHA256=96AD1146EB96877EAB5942AE0736B82D8B5E2039A80D3D6932665C1A4C87DCF7
IsExecutable: false
Archived: true"
"12/17/2025 8:02:03 AM","9","RawAccessRead detected:
RuleName: RawAccessRead
UtcTime: 2025-12-17 08:02:03.414
ProcessGuid: {f995aebf-637b-6942-8a05-000000000e00}
ProcessId: 7944
Image: C:\Windows\System32\wbem\WmiPrvSE.exe
Device: \Device\HarddiskVolume2
User: NT AUTHORITY\NETWORK SERVICE"
"12/17/2025 8:02:03 AM","1","Process Create:
RuleName: ProcessCreate
UtcTime: 2025-12-17 08:02:03.370
ProcessGuid: {f995aebf-637b-6942-8a05-000000000e00}
ProcessId: 7944
Image: C:\Windows\System32\wbem\WmiPrvSE.exe
FileVersion: 10.0.26100.7019 (WinBuild.160101.0800)
Description: WMI Provider Host
Product: Microsoft? Windows? Operating System
Company: Microsoft Corporation
OriginalFileName: Wmiprvse.exe
CommandLine: C:\Windows\system32\wbem\wmiprvse.exe -secured -Embedding
CurrentDirectory: C:\Windows\system32\
User: NT AUTHORITY\NETWORK SERVICE
LogonGuid: {f995aebf-59d9-6942-e403-000000000000}
LogonId: 0x3E4
TerminalSessionId: 0
IntegrityLevel: System
Hashes: SHA256=240C985EED57DEE92E0415F86CE67439E24179EA3281D57A395A90E92F6844D5
ParentProcessGuid: {f995aebf-59d8-6942-0e00-000000000e00}
ParentProcessId: 696
ParentImage: C:\Windows\System32\svchost.exe
ParentCommandLine: C:\Windows\system32\svchost.exe -k DcomLaunch -p
ParentUser: NT AUTHORITY\SYSTEM"
"12/17/2025 8:01:42 AM","9","RawAccessRead detected:
RuleName: RawAccessRead
UtcTime: 2025-12-17 08:01:42.346
ProcessGuid: {f995aebf-59f2-6942-c700-000000000e00}
ProcessId: 6956
Image: C:\Windows\System32\svchost.exe
Device: \Device\HarddiskVolume2
User: NT AUTHORITY\SYSTEM"
"12/17/2025 8:01:42 AM","9","RawAccessRead detected:
RuleName: RawAccessRead
UtcTime: 2025-12-17 08:01:42.345
ProcessGuid: {f995aebf-59f2-6942-c700-000000000e00}
ProcessId: 6956
Image: C:\Windows\System32\svchost.exe
Device: \Device\HarddiskVolume2
User: NT AUTHORITY\SYSTEM"
"12/17/2025 8:01:42 AM","9","RawAccessRead detected:
RuleName: RawAccessRead
UtcTime: 2025-12-17 08:01:42.344
ProcessGuid: {f995aebf-59f2-6942-c700-000000000e00}
ProcessId: 6956
Image: C:\Windows\System32\svchost.exe
Device: \Device\HarddiskVolume2
User: NT AUTHORITY\SYSTEM"
"12/17/2025 8:00:04 AM","13","Registry value set:
RuleName: T1543.003
EventType: SetValue
UtcTime: 2025-12-17 08:00:04.374
ProcessGuid: {f995aebf-59d7-6942-0c00-000000000e00}
ProcessId: 980
Image: C:\Windows\system32\services.exe
TargetObject: HKLM\System\CurrentControlSet\Services\BITS\Start
Details: DWORD (0x00000002)
User: NT AUTHORITY\SYSTEM"
"12/17/2025 8:00:03 AM","20","WmiEventConsumer activity detected:
RuleName: WmiEvent
EventType: WmiConsumerEvent
UtcTime: 2025-12-17 08:00:03.755
Operation: Created
User: runnervm8j6r3\runneradmin
Name:  ""AtomicRedTeam-WMIPersistence-CommandLineEventConsumer-Example""
Type: Command Line
Destination:  ""C:\\Windows\\System32\\notepad.exe"""
"12/17/2025 8:00:03 AM","19","WmiEventFilter activity detected:
RuleName: WmiEvent
EventType: WmiFilterEvent
UtcTime: 2025-12-17 08:00:03.746
Operation: Created
User: runnervm8j6r3\runneradmin
EventNamespace:  ""root\\CimV2""
Name:  ""AtomicRedTeam-WMIPersistence-CommandLineEventConsumer-Example""
Query:  ""SELECT * FROM __InstanceModificationEvent WITHIN 60 WHERE TargetInstance ISA 'Win32_PerfFormattedData_PerfOS_System' AND TargetInstance.SystemUpTime >= 240 AND TargetInstance.SystemUpTime < 325"""
"12/17/2025 8:00:03 AM","7","Image loaded:
RuleName: ImageLoad
UtcTime: 2025-12-17 08:00:03.744
ProcessGuid: {f995aebf-607e-6942-f402-000000000e00}
ProcessId: 8320
Image: C:\Windows\System32\wbem\unsecapp.exe
ImageLoaded: C:\ProgramData\Microsoft\Windows Defender\Platform\4.18.25110.5-0\MpOAV.dll
FileVersion: 4.18.25110.5 (4a6978a838df7287d907bb2ee8a2eeb2373b186e)
Description: IOfficeAntiVirus Module
Product: Microsoft? Windows? Operating System
Company: Microsoft Corporation
OriginalFileName: MpOAV.dll
Hashes: SHA256=0EF8AE9CC8E3722C0AE09B55531BBA2F2A3422CCF4A1BB9B37ABDB4808AAC232
Signed: true
Signature: Microsoft Windows
SignatureStatus: Valid
User: NT AUTHORITY\SYSTEM"
"12/17/2025 8:00:03 AM","23","File Delete archived:
RuleName: FileDelete
UtcTime: 2025-12-17 08:00:03.446
ProcessGuid: {f995aebf-6303-6942-7f05-000000000e00}
ProcessId: 1256
User: runnervm8j6r3\runneradmin
Image: C:\Windows\System32\WindowsPowerShell\v1.0\powershell.exe
TargetFilename: C:\Users\runneradmin\AppData\Local\Temp\__PSScriptPolicyTest_eslxcczc.04t.ps1
Hashes: SHA256=96AD1146EB96877EAB5942AE0736B82D8B5E2039A80D3D6932665C1A4C87DCF7
IsExecutable: false
Archived: true"
"12/17/2025 8:00:03 AM","1","Process Create:
RuleName: ProcessCreate
UtcTime: 2025-12-17 08:00:03.205
ProcessGuid: {f995aebf-6303-6942-7e05-000000000e00}
ProcessId: 1520
Image: C:\Windows\System32\whoami.exe
FileVersion: 10.0.26100.1882 (WinBuild.160101.0800)
Description: whoami - displays logged on user information
Product: Microsoft? Windows? Operating System
Company: Microsoft Corporation
OriginalFileName: whoami.exe
CommandLine: ""C:\Windows\system32\whoami.exe""
CurrentDirectory: D:\a\sysmon\sysmon\
User: runnervm8j6r3\runneradmin
LogonGuid: {f995aebf-59f4-6942-4710-0c0000000000}
LogonId: 0xC1047
TerminalSessionId: 2
IntegrityLevel: High
Hashes: SHA256=23240EF9F8B0A9A324110B1C2331DE31DC1B0E08F5359CB707E51A939AF56CD3
ParentProcessGuid: {f995aebf-60ec-6942-0703-000000000e00}
ParentProcessId: 3536
ParentImage: C:\Windows\System32\WindowsPowerShell\v1.0\powershell.exe
ParentCommandLine: ""C:\Windows\System32\WindowsPowerShell\v1.0\powershell.EXE"" -command "". 'D:\a\_temp\8efd10a8-1763-436a-930a-0032ad72e967.ps1'""
ParentUser: runnervm8j6r3\runneradmin"
"12/17/2025 8:00:03 AM","1","Process Create:
RuleName: ProcessCreate
UtcTime: 2025-12-17 08:00:03.187
ProcessGuid: {f995aebf-6303-6942-7d05-000000000e00}
ProcessId: 5744
Image: C:\Windows\System32\HOSTNAME.EXE
FileVersion: 10.0.26100.2161 (WinBuild.160101.0800)
Description: Hostname APP
Product: Microsoft? Windows? Operating System
Company: Microsoft Corporation
OriginalFileName: hostname.exe
CommandLine: ""C:\Windows\system32\HOSTNAME.EXE""
CurrentDirectory: D:\a\sysmon\sysmon\
User: runnervm8j6r3\runneradmin
LogonGuid: {f995aebf-59f4-6942-4710-0c0000000000}
LogonId: 0xC1047
TerminalSessionId: 2
IntegrityLevel: High
Hashes: SHA256=8FF283FB7A282A9B2B30235016669DFE795665BCBB254FD17AC31FA9308D89D9
ParentProcessGuid: {f995aebf-60ec-6942-0703-000000000e00}
ParentProcessId: 3536
ParentImage: C:\Windows\System32\WindowsPowerShell\v1.0\powershell.exe
ParentCommandLine: ""C:\Windows\System32\WindowsPowerShell\v1.0\powershell.EXE"" -command "". 'D:\a\_temp\8efd10a8-1763-436a-930a-0032ad72e967.ps1'""
ParentUser: runnervm8j6r3\runneradmin"
"12/17/2025 8:00:02 AM","22","Dns query:
RuleName: DnsQuery
UtcTime: 2025-12-17 08:00:00.642
ProcessGuid: {f995aebf-6300-6942-6f05-000000000e00}
ProcessId: 824
QueryName: localhost
QueryStatus: 0
QueryResults: 127.0.0.1;
Image: C:\Windows\System32\WindowsPowerShell\v1.0\powershell.exe
User: runnervm8j6r3\runneradmin"
"12/17/2025 8:00:01 AM","23","File Delete archived:
RuleName: FileDelete
UtcTime: 2025-12-17 08:00:01.645
ProcessGuid: {f995aebf-6301-6942-7b05-000000000e00}
ProcessId: 2192
User: runnervm8j6r3\runneradmin
Image: C:\Windows\System32\WindowsPowerShell\v1.0\powershell.exe
TargetFilename: C:\Users\runneradmin\AppData\Local\Temp\__PSScriptPolicyTest_2y44gf2o.xpg.ps1
Hashes: SHA256=96AD1146EB96877EAB5942AE0736B82D8B5E2039A80D3D6932665C1A4C87DCF7
IsExecutable: false
Archived: true"
"12/17/2025 8:00:01 AM","1","Process Create:
RuleName: ProcessCreate
UtcTime: 2025-12-17 08:00:01.354
ProcessGuid: {f995aebf-6301-6942-7a05-000000000e00}
ProcessId: 1296
Image: C:\Windows\System32\sc.exe
FileVersion: 10.0.26100.4484 (WinBuild.160101.0800)
Description: Service Control Manager Configuration Tool
Product: Microsoft? Windows? Operating System
Company: Microsoft Corporation
OriginalFileName: sc.exe
CommandLine: sc.exe  \\localhost delete AtomicTestService_CMD 
CurrentDirectory: C:\Users\RUNNER~1\AppData\Local\Temp\
User: runnervm8j6r3\runneradmin
LogonGuid: {f995aebf-59f4-6942-4710-0c0000000000}
LogonId: 0xC1047
TerminalSessionId: 2
IntegrityLevel: High
Hashes: SHA256=A452BFCB6000D03942DDFADDCDA5A7EB121447ED99B1BA090446B4A989F1F7AE
ParentProcessGuid: {f995aebf-6301-6942-7705-000000000e00}
ParentProcessId: 3904
ParentImage: C:\Windows\System32\cmd.exe
ParentCommandLine: ""cmd.exe"" /c sc.exe \\localhost stop AtomicTestService_CMD >nul 2>&1 & sc.exe \\localhost delete AtomicTestService_CMD >nul 2>&1
ParentUser: runnervm8j6r3\runneradmin"
"12/17/2025 8:00:01 AM","1","Process Create:
RuleName: ProcessCreate
UtcTime: 2025-12-17 08:00:01.343
ProcessGuid: {f995aebf-6301-6942-7905-000000000e00}
ProcessId: 1712
Image: C:\Windows\System32\sc.exe
FileVersion: 10.0.26100.4484 (WinBuild.160101.0800)
Description: Service Control Manager Configuration Tool
Product: Microsoft? Windows? Operating System
Company: Microsoft Corporation
OriginalFileName: sc.exe
CommandLine: sc.exe  \\localhost stop AtomicTestService_CMD  
CurrentDirectory: C:\Users\RUNNER~1\AppData\Local\Temp\
User: runnervm8j6r3\runneradmin
LogonGuid: {f995aebf-59f4-6942-4710-0c0000000000}
LogonId: 0xC1047
TerminalSessionId: 2
IntegrityLevel: High
Hashes: SHA256=A452BFCB6000D03942DDFADDCDA5A7EB121447ED99B1BA090446B4A989F1F7AE
ParentProcessGuid: {f995aebf-6301-6942-7705-000000000e00}
ParentProcessId: 3904
ParentImage: C:\Windows\System32\cmd.exe
ParentCommandLine: ""cmd.exe"" /c sc.exe \\localhost stop AtomicTestService_CMD >nul 2>&1 & sc.exe \\localhost delete AtomicTestService_CMD >nul 2>&1
ParentUser: runnervm8j6r3\runneradmin"
"12/17/2025 8:00:01 AM","23","File Delete archived:
RuleName: FileDelete
UtcTime: 2025-12-17 08:00:01.112
ProcessGuid: {f995aebf-6301-6942-7105-000000000e00}
ProcessId: 540
User: runnervm8j6r3\runneradmin
Image: C:\Windows\SYSTEM32\cmd.exe
TargetFilename: C:\Windows\System32\W64Time.dll
Hashes: SHA256=1961DB874185F30B781268EEFD957DF381C4A38BE5FBCA2BD582E962043DC473
IsExecutable: true
Archived: true"
"12/17/2025 8:00:01 AM","13","Registry value set:
RuleName: T1543.003
EventType: SetValue
UtcTime: 2025-12-17 08:00:01.108
ProcessGuid: {f995aebf-59d7-6942-0c00-000000000e00}
ProcessId: 980
Image: C:\Windows\system32\services.exe
TargetObject: HKLM\System\CurrentControlSet\Services\W64Time\Start
Details: DWORD (0x00000004)
User: NT AUTHORITY\SYSTEM"
"12/17/2025 8:00:01 AM","1","Process Create:
RuleName: ProcessCreate
UtcTime: 2025-12-17 08:00:01.102
ProcessGuid: {f995aebf-6301-6942-7405-000000000e00}
ProcessId: 3420
Image: C:\Windows\System32\sc.exe
FileVersion: 10.0.26100.4484 (WinBuild.160101.0800)
Description: Service Control Manager Configuration Tool
Product: Microsoft? Windows? Operating System
Company: Microsoft Corporation
OriginalFileName: sc.exe
CommandLine: sc.exe  delete W64Time 
CurrentDirectory: C:\Users\RUNNER~1\AppData\Local\Temp\
User: runnervm8j6r3\runneradmin
LogonGuid: {f995aebf-59f4-6942-4710-0c0000000000}
LogonId: 0xC1047
TerminalSessionId: 2
IntegrityLevel: High
Hashes: SHA256=A452BFCB6000D03942DDFADDCDA5A7EB121447ED99B1BA090446B4A989F1F7AE
ParentProcessGuid: {f995aebf-6301-6942-7105-000000000e00}
ParentProcessId: 540
ParentImage: C:\Windows\System32\cmd.exe
ParentCommandLine: ""cmd.exe"" /c sc stop W64Time & sc.exe delete W64Time & del %systemroot%\system32\w64time.dll & reg delete ""HKLM\Software\Microsoft\Windows NT\CurrentVersion\Svchost"" /v TimeService /f & reg delete ""HKLM\SYSTEM\CurrentControlSet\Services\W64Time\Parameters"" /v ServiceDll /f
ParentUser: runnervm8j6r3\runneradmin"
"12/17/2025 8:00:01 AM","1","Process Create:
RuleName: ProcessCreate
UtcTime: 2025-12-17 08:00:01.089
ProcessGuid: {f995aebf-6301-6942-7305-000000000e00}
ProcessId: 2368
Image: C:\Windows\System32\sc.exe
FileVersion: 10.0.26100.4484 (WinBuild.160101.0800)
Description: Service Control Manager Configuration Tool
Product: Microsoft? Windows? Operating System
Company: Microsoft Corporation
OriginalFileName: sc.exe
CommandLine: sc  stop W64Time 
CurrentDirectory: C:\Users\RUNNER~1\AppData\Local\Temp\
User: runnervm8j6r3\runneradmin
LogonGuid: {f995aebf-59f4-6942-4710-0c0000000000}
LogonId: 0xC1047
TerminalSessionId: 2
IntegrityLevel: High
Hashes: SHA256=A452BFCB6000D03942DDFADDCDA5A7EB121447ED99B1BA090446B4A989F1F7AE
ParentProcessGuid: {f995aebf-6301-6942-7105-000000000e00}
ParentProcessId: 540
ParentImage: C:\Windows\System32\cmd.exe
ParentCommandLine: ""cmd.exe"" /c sc stop W64Time & sc.exe delete W64Time & del %systemroot%\system32\w64time.dll & reg delete ""HKLM\Software\Microsoft\Windows NT\CurrentVersion\Svchost"" /v TimeService /f & reg delete ""HKLM\SYSTEM\CurrentControlSet\Services\W64Time\Parameters"" /v ServiceDll /f
ParentUser: runnervm8j6r3\runneradmin"
"12/17/2025 8:00:00 AM","13","Registry value set:
RuleName: T1543.003
EventType: SetValue
UtcTime: 2025-12-17 08:00:00.845
ProcessGuid: {f995aebf-59d7-6942-0c00-000000000e00}
ProcessId: 980
Image: C:\Windows\system32\services.exe
TargetObject: HKLM\System\CurrentControlSet\Services\AtomicTestService_PowerShell\Start
Details: DWORD (0x00000004)
User: NT AUTHORITY\SYSTEM"
"12/17/2025 8:00:00 AM","23","File Delete archived:
RuleName: FileDelete
UtcTime: 2025-12-17 08:00:00.182
ProcessGuid: {f995aebf-6300-6942-6f05-000000000e00}
ProcessId: 824
User: runnervm8j6r3\runneradmin
Image: C:\Windows\System32\WindowsPowerShell\v1.0\powershell.exe
TargetFilename: C:\Users\runneradmin\AppData\Local\Temp\__PSScriptPolicyTest_2ewsbu3j.erj.ps1
Hashes: SHA256=96AD1146EB96877EAB5942AE0736B82D8B5E2039A80D3D6932665C1A4C87DCF7
IsExecutable: false
Archived: true"
"12/17/2025 7:59:59 AM","13","Registry value set:
RuleName: T1543.003
EventType: SetValue
UtcTime: 2025-12-17 07:59:59.879
ProcessGuid: {f995aebf-59d7-6942-0c00-000000000e00}
ProcessId: 980
Image: C:\Windows\system32\services.exe
TargetObject: HKLM\System\CurrentControlSet\Services\AtomicTestService_CMD\Start
Details: DWORD (0x00000004)
User: NT AUTHORITY\SYSTEM"
"12/17/2025 7:59:59 AM","1","Process Create:
RuleName: ProcessCreate
UtcTime: 2025-12-17 07:59:59.872
ProcessGuid: {f995aebf-62ff-6942-6e05-000000000e00}
ProcessId: 3516
Image: C:\Windows\System32\sc.exe
FileVersion: 10.0.26100.4484 (WinBuild.160101.0800)
Description: Service Control Manager Configuration Tool
Product: Microsoft? Windows? Operating System
Company: Microsoft Corporation
OriginalFileName: sc.exe
CommandLine: sc.exe  delete AtomicTestService_CMD 
CurrentDirectory: C:\Users\RUNNER~1\AppData\Local\Temp\
User: runnervm8j6r3\runneradmin
LogonGuid: {f995aebf-59f4-6942-4710-0c0000000000}
LogonId: 0xC1047
TerminalSessionId: 2
IntegrityLevel: High
Hashes: SHA256=A452BFCB6000D03942DDFADDCDA5A7EB121447ED99B1BA090446B4A989F1F7AE
ParentProcessGuid: {f995aebf-62ff-6942-6b05-000000000e00}
ParentProcessId: 3756
ParentImage: C:\Windows\System32\cmd.exe
ParentCommandLine: ""cmd.exe"" /c sc.exe stop AtomicTestService_CMD >nul 2>&1 & sc.exe delete AtomicTestService_CMD >nul 2>&1
ParentUser: runnervm8j6r3\runneradmin"
"12/17/2025 7:59:59 AM","1","Process Create:
RuleName: ProcessCreate
UtcTime: 2025-12-17 07:59:59.859
ProcessGuid: {f995aebf-62ff-6942-6d05-000000000e00}
ProcessId: 6900
Image: C:\Windows\System32\sc.exe
FileVersion: 10.0.26100.4484 (WinBuild.160101.0800)
Description: Service Control Manager Configuration Tool
Product: Microsoft? Windows? Operating System
Company: Microsoft Corporation
OriginalFileName: sc.exe
CommandLine: sc.exe  stop AtomicTestService_CMD  
CurrentDirectory: C:\Users\RUNNER~1\AppData\Local\Temp\
User: runnervm8j6r3\runneradmin
LogonGuid: {f995aebf-59f4-6942-4710-0c0000000000}
LogonId: 0xC1047
TerminalSessionId: 2
IntegrityLevel: High
Hashes: SHA256=A452BFCB6000D03942DDFADDCDA5A7EB121447ED99B1BA090446B4A989F1F7AE
ParentProcessGuid: {f995aebf-62ff-6942-6b05-000000000e00}
ParentProcessId: 3756
ParentImage: C:\Windows\System32\cmd.exe
ParentCommandLine: ""cmd.exe"" /c sc.exe stop AtomicTestService_CMD >nul 2>&1 & sc.exe delete AtomicTestService_CMD >nul 2>&1
ParentUser: runnervm8j6r3\runneradmin"
"12/17/2025 7:59:59 AM","1","Process Create:
RuleName: ProcessCreate
UtcTime: 2025-12-17 07:59:59.635
ProcessGuid: {f995aebf-62ff-6942-6a05-000000000e00}
ProcessId: 8124
Image: C:\Windows\System32\sc.exe
FileVersion: 10.0.26100.4484 (WinBuild.160101.0800)
Description: Service Control Manager Configuration Tool
Product: Microsoft? Windows? Operating System
Company: Microsoft Corporation
OriginalFileName: sc.exe
CommandLine: sc  config Fax binPath= ""C:\WINDOWS\system32\fxssvc.exe"" 
CurrentDirectory: C:\Users\RUNNER~1\AppData\Local\Temp\
User: runnervm8j6r3\runneradmin
LogonGuid: {f995aebf-59f4-6942-4710-0c0000000000}
LogonId: 0xC1047
TerminalSessionId: 2
IntegrityLevel: High
Hashes: SHA256=A452BFCB6000D03942DDFADDCDA5A7EB121447ED99B1BA090446B4A989F1F7AE
ParentProcessGuid: {f995aebf-62ff-6942-6805-000000000e00}
ParentProcessId: 7056
ParentImage: C:\Windows\System32\cmd.exe
ParentCommandLine: ""cmd.exe"" /c sc config Fax binPath= ""C:\WINDOWS\system32\fxssvc.exe"" >nul 2>&1
ParentUser: runnervm8j6r3\runneradmin"
"12/17/2025 7:59:59 AM","1","Process Create:
RuleName: ProcessCreate
UtcTime: 2025-12-17 07:59:59.421
ProcessGuid: {f995aebf-62ff-6942-6705-000000000e00}
ProcessId: 9352
Image: C:\Windows\System32\whoami.exe
FileVersion: 10.0.26100.1882 (WinBuild.160101.0800)
Description: whoami - displays logged on user information
Product: Microsoft? Windows? Operating System
Company: Microsoft Corporation
OriginalFileName: whoami.exe
CommandLine: ""C:\Windows\system32\whoami.exe""
CurrentDirectory: D:\a\sysmon\sysmon\
User: runnervm8j6r3\runneradmin
LogonGuid: {f995aebf-59f4-6942-4710-0c0000000000}
LogonId: 0xC1047
TerminalSessionId: 2
IntegrityLevel: High
Hashes: SHA256=23240EF9F8B0A9A324110B1C2331DE31DC1B0E08F5359CB707E51A939AF56CD3
ParentProcessGuid: {f995aebf-60ec-6942-0703-000000000e00}
ParentProcessId: 3536
ParentImage: C:\Windows\System32\WindowsPowerShell\v1.0\powershell.exe
ParentCommandLine: ""C:\Windows\System32\WindowsPowerShell\v1.0\powershell.EXE"" -command "". 'D:\a\_temp\8efd10a8-1763-436a-930a-0032ad72e967.ps1'""
ParentUser: runnervm8j6r3\runneradmin"
"12/17/2025 7:59:59 AM","1","Process Create:
RuleName: ProcessCreate
UtcTime: 2025-12-17 07:59:59.403
ProcessGuid: {f995aebf-62ff-6942-6605-000000000e00}
ProcessId: 9776
Image: C:\Windows\System32\HOSTNAME.EXE
FileVersion: 10.0.26100.2161 (WinBuild.160101.0800)
Description: Hostname APP
Product: Microsoft? Windows? Operating System
Company: Microsoft Corporation
OriginalFileName: hostname.exe
CommandLine: ""C:\Windows\system32\HOSTNAME.EXE""
CurrentDirectory: D:\a\sysmon\sysmon\
User: runnervm8j6r3\runneradmin
LogonGuid: {f995aebf-59f4-6942-4710-0c0000000000}
LogonId: 0xC1047
TerminalSessionId: 2
IntegrityLevel: High
Hashes: SHA256=8FF283FB7A282A9B2B30235016669DFE795665BCBB254FD17AC31FA9308D89D9
ParentProcessGuid: {f995aebf-60ec-6942-0703-000000000e00}
ParentProcessId: 3536
ParentImage: C:\Windows\System32\WindowsPowerShell\v1.0\powershell.exe
ParentCommandLine: ""C:\Windows\System32\WindowsPowerShell\v1.0\powershell.EXE"" -command "". 'D:\a\_temp\8efd10a8-1763-436a-930a-0032ad72e967.ps1'""
ParentUser: runnervm8j6r3\runneradmin"
"12/17/2025 7:59:54 AM","23","File Delete archived:
RuleName: FileDelete
UtcTime: 2025-12-17 07:59:54.810
ProcessGuid: {f995aebf-62fa-6942-6405-000000000e00}
ProcessId: 5996
User: runnervm8j6r3\runneradmin
Image: C:\Windows\System32\WindowsPowerShell\v1.0\powershell.exe
TargetFilename: C:\Users\runneradmin\AppData\Local\Temp\__PSScriptPolicyTest_tbrfpldm.ngc.ps1
Hashes: SHA256=96AD1146EB96877EAB5942AE0736B82D8B5E2039A80D3D6932665C1A4C87DCF7
IsExecutable: false
Archived: true"
"12/17/2025 7:59:54 AM","1","Process Create:
RuleName: ProcessCreate
UtcTime: 2025-12-17 07:59:54.457
ProcessGuid: {f995aebf-62fa-6942-6305-000000000e00}
ProcessId: 2144
Image: C:\Windows\System32\sc.exe
FileVersion: 10.0.26100.4484 (WinBuild.160101.0800)
Description: Service Control Manager Configuration Tool
Product: Microsoft? Windows? Operating System
Company: Microsoft Corporation
OriginalFileName: sc.exe
CommandLine: sc.exe  \\localhost start AtomicTestService_CMD
CurrentDirectory: C:\Users\RUNNER~1\AppData\Local\Temp\
User: runnervm8j6r3\runneradmin
LogonGuid: {f995aebf-59f4-6942-4710-0c0000000000}
LogonId: 0xC1047
TerminalSessionId: 2
IntegrityLevel: High
Hashes: SHA256=A452BFCB6000D03942DDFADDCDA5A7EB121447ED99B1BA090446B4A989F1F7AE
ParentProcessGuid: {f995aebf-62fa-6942-6005-000000000e00}
ParentProcessId: 10100
ParentImage: C:\Windows\System32\cmd.exe
ParentCommandLine: ""cmd.exe"" /c sc.exe \\localhost create AtomicTestService_CMD binPath= ""C:\AtomicRedTeam\atomics\T1543.003\bin\AtomicService.exe"" start=auto type=Own & sc.exe \\localhost start AtomicTestService_CMD
ParentUser: runnervm8j6r3\runneradmin"
"12/17/2025 7:59:54 AM","1","Process Create:
RuleName: ProcessCreate
UtcTime: 2025-12-17 07:59:54.443
ProcessGuid: {f995aebf-62fa-6942-6205-000000000e00}
ProcessId: 4320
Image: C:\Windows\System32\sc.exe
FileVersion: 10.0.26100.4484 (WinBuild.160101.0800)
Description: Service Control Manager Configuration Tool
Product: Microsoft? Windows? Operating System
Company: Microsoft Corporation
OriginalFileName: sc.exe
CommandLine: sc.exe  \\localhost create AtomicTestService_CMD binPath= ""C:\AtomicRedTeam\atomics\T1543.003\bin\AtomicService.exe"" start=auto type=Own 
CurrentDirectory: C:\Users\RUNNER~1\AppData\Local\Temp\
User: runnervm8j6r3\runneradmin
LogonGuid: {f995aebf-59f4-6942-4710-0c0000000000}
LogonId: 0xC1047
TerminalSessionId: 2
IntegrityLevel: High
Hashes: SHA256=A452BFCB6000D03942DDFADDCDA5A7EB121447ED99B1BA090446B4A989F1F7AE
ParentProcessGuid: {f995aebf-62fa-6942-6005-000000000e00}
ParentProcessId: 10100
ParentImage: C:\Windows\System32\cmd.exe
ParentCommandLine: ""cmd.exe"" /c sc.exe \\localhost create AtomicTestService_CMD binPath= ""C:\AtomicRedTeam\atomics\T1543.003\bin\AtomicService.exe"" start=auto type=Own & sc.exe \\localhost start AtomicTestService_CMD
ParentUser: runnervm8j6r3\runneradmin"
"12/17/2025 7:59:54 AM","1","Process Create:
RuleName: ProcessCreate
UtcTime: 2025-12-17 07:59:54.162
ProcessGuid: {f995aebf-62fa-6942-5e05-000000000e00}
ProcessId: 3108
Image: C:\Windows\System32\sc.exe
FileVersion: 10.0.26100.4484 (WinBuild.160101.0800)
Description: Service Control Manager Configuration Tool
Product: Microsoft? Windows? Operating System
Company: Microsoft Corporation
OriginalFileName: sc.exe
CommandLine: sc  start W64Time
CurrentDirectory: C:\Users\RUNNER~1\AppData\Local\Temp\
User: runnervm8j6r3\runneradmin
LogonGuid: {f995aebf-59f4-6942-4710-0c0000000000}
LogonId: 0xC1047
TerminalSessionId: 2
IntegrityLevel: High
Hashes: SHA256=A452BFCB6000D03942DDFADDCDA5A7EB121447ED99B1BA090446B4A989F1F7AE
ParentProcessGuid: {f995aebf-62fa-6942-5705-000000000e00}
ParentProcessId: 6896
ParentImage: C:\Windows\System32\cmd.exe
ParentCommandLine: ""cmd.exe"" /c copy ""C:\AtomicRedTeam\atomics\T1543.003\bin\w64time.dll"" %systemroot%\system32\ & sc create W64Time binPath= ""c:\Windows\System32\svchost.exe -k TimeService"" type= share start=auto & sc config W64Time DisplayName= ""Windows 64 Time"" & sc description W64Time ""Maintain date and time synch on all clients and services in the network"" & reg add ""HKLM\Software\Microsoft\Windows NT\CurrentVersion\Svchost"" /v TimeService /t REG_MULTI_SZ /d ""W64Time"" /f & reg add ""HKLM\SYSTEM\CurrentControlSet\Services\W64Time\Parameters"" /v ServiceDll /t REG_EXPAND_SZ /d ""%systemroot%\system32\w64time.dll"" /f & sc start W64Time
ParentUser: runnervm8j6r3\runneradmin"
"12/17/2025 7:59:54 AM","13","Registry value set:
RuleName: T1543.003
EventType: SetValue
UtcTime: 2025-12-17 07:59:54.157
ProcessGuid: {f995aebf-62fa-6942-5d05-000000000e00}
ProcessId: 2096
Image: C:\Windows\system32\reg.exe
TargetObject: HKLM\System\CurrentControlSet\Services\W64Time\Parameters\ServiceDll
Details: C:\Windows\system32\w64time.dll
User: runnervm8j6r3\runneradmin"
"12/17/2025 7:59:54 AM","1","Process Create:
RuleName: ProcessCreate
UtcTime: 2025-12-17 07:59:54.132
ProcessGuid: {f995aebf-62fa-6942-5b05-000000000e00}
ProcessId: 8796
Image: C:\Windows\System32\sc.exe
FileVersion: 10.0.26100.4484 (WinBuild.160101.0800)
Description: Service Control Manager Configuration Tool
Product: Microsoft? Windows? Operating System
Company: Microsoft Corporation
OriginalFileName: sc.exe
CommandLine: sc  description W64Time ""Maintain date and time synch on all clients and services in the network"" 
CurrentDirectory: C:\Users\RUNNER~1\AppData\Local\Temp\
User: runnervm8j6r3\runneradmin
LogonGuid: {f995aebf-59f4-6942-4710-0c0000000000}
LogonId: 0xC1047
TerminalSessionId: 2
IntegrityLevel: High
Hashes: SHA256=A452BFCB6000D03942DDFADDCDA5A7EB121447ED99B1BA090446B4A989F1F7AE
ParentProcessGuid: {f995aebf-62fa-6942-5705-000000000e00}
ParentProcessId: 6896
ParentImage: C:\Windows\System32\cmd.exe
ParentCommandLine: ""cmd.exe"" /c copy ""C:\AtomicRedTeam\atomics\T1543.003\bin\w64time.dll"" %systemroot%\system32\ & sc create W64Time binPath= ""c:\Windows\System32\svchost.exe -k TimeService"" type= share start=auto & sc config W64Time DisplayName= ""Windows 64 Time"" & sc description W64Time ""Maintain date and time synch on all clients and services in the network"" & reg add ""HKLM\Software\Microsoft\Windows NT\CurrentVersion\Svchost"" /v TimeService /t REG_MULTI_SZ /d ""W64Time"" /f & reg add ""HKLM\SYSTEM\CurrentControlSet\Services\W64Time\Parameters"" /v ServiceDll /t REG_EXPAND_SZ /d ""%systemroot%\system32\w64time.dll"" /f & sc start W64Time
ParentUser: runnervm8j6r3\runneradmin"
"12/17/2025 7:59:54 AM","1","Process Create:
RuleName: ProcessCreate
UtcTime: 2025-12-17 07:59:54.122
ProcessGuid: {f995aebf-62fa-6942-5a05-000000000e00}
ProcessId: 9916
Image: C:\Windows\System32\sc.exe
FileVersion: 10.0.26100.4484 (WinBuild.160101.0800)
Description: Service Control Manager Configuration Tool
Product: Microsoft? Windows? Operating System
Company: Microsoft Corporation
OriginalFileName: sc.exe
CommandLine: sc  config W64Time DisplayName= ""Windows 64 Time"" 
CurrentDirectory: C:\Users\RUNNER~1\AppData\Local\Temp\
User: runnervm8j6r3\runneradmin
LogonGuid: {f995aebf-59f4-6942-4710-0c0000000000}
LogonId: 0xC1047
TerminalSessionId: 2
IntegrityLevel: High
Hashes: SHA256=A452BFCB6000D03942DDFADDCDA5A7EB121447ED99B1BA090446B4A989F1F7AE
ParentProcessGuid: {f995aebf-62fa-6942-5705-000000000e00}
ParentProcessId: 6896
ParentImage: C:\Windows\System32\cmd.exe
ParentCommandLine: ""cmd.exe"" /c copy ""C:\AtomicRedTeam\atomics\T1543.003\bin\w64time.dll"" %systemroot%\system32\ & sc create W64Time binPath= ""c:\Windows\System32\svchost.exe -k TimeService"" type= share start=auto & sc config W64Time DisplayName= ""Windows 64 Time"" & sc description W64Time ""Maintain date and time synch on all clients and services in the network"" & reg add ""HKLM\Software\Microsoft\Windows NT\CurrentVersion\Svchost"" /v TimeService /t REG_MULTI_SZ /d ""W64Time"" /f & reg add ""HKLM\SYSTEM\CurrentControlSet\Services\W64Time\Parameters"" /v ServiceDll /t REG_EXPAND_SZ /d ""%systemroot%\system32\w64time.dll"" /f & sc start W64Time
ParentUser: runnervm8j6r3\runneradmin"
"12/17/2025 7:59:54 AM","13","Registry value set:
RuleName: T1543.003
EventType: SetValue
UtcTime: 2025-12-17 07:59:54.117
ProcessGuid: {f995aebf-59d7-6942-0c00-000000000e00}
ProcessId: 980
Image: C:\Windows\system32\services.exe
TargetObject: HKLM\System\CurrentControlSet\Services\W64Time\ImagePath
Details: c:\Windows\System32\svchost.exe -k TimeService
User: NT AUTHORITY\SYSTEM"
"12/17/2025 7:59:54 AM","13","Registry value set:
RuleName: T1543.003
EventType: SetValue
UtcTime: 2025-12-17 07:59:54.117
ProcessGuid: {f995aebf-59d7-6942-0c00-000000000e00}
ProcessId: 980
Image: C:\Windows\system32\services.exe
TargetObject: HKLM\System\CurrentControlSet\Services\W64Time\Start
Details: DWORD (0x00000002)
User: NT AUTHORITY\SYSTEM"
"12/17/2025 7:59:54 AM","13","Registry value set:
RuleName: T1543.003
EventType: SetValue
UtcTime: 2025-12-17 07:59:54.115
ProcessGuid: {f995aebf-59d7-6942-0c00-000000000e00}
ProcessId: 980
Image: C:\Windows\system32\services.exe
TargetObject: HKLM\System\CurrentControlSet\Services\W64Time\Type
Details: DWORD (0x00000020)
User: NT AUTHORITY\SYSTEM"
"12/17/2025 7:59:54 AM","1","Process Create:
RuleName: ProcessCreate
UtcTime: 2025-12-17 07:59:54.110
ProcessGuid: {f995aebf-62fa-6942-5905-000000000e00}
ProcessId: 9472
Image: C:\Windows\System32\sc.exe
FileVersion: 10.0.26100.4484 (WinBuild.160101.0800)
Description: Service Control Manager Configuration Tool
Product: Microsoft? Windows? Operating System
Company: Microsoft Corporation
OriginalFileName: sc.exe
CommandLine: sc  create W64Time binPath= ""c:\Windows\System32\svchost.exe -k TimeService"" type= share start=auto 
CurrentDirectory: C:\Users\RUNNER~1\AppData\Local\Temp\
User: runnervm8j6r3\runneradmin
LogonGuid: {f995aebf-59f4-6942-4710-0c0000000000}
LogonId: 0xC1047
TerminalSessionId: 2
IntegrityLevel: High
Hashes: SHA256=A452BFCB6000D03942DDFADDCDA5A7EB121447ED99B1BA090446B4A989F1F7AE
ParentProcessGuid: {f995aebf-62fa-6942-5705-000000000e00}
ParentProcessId: 6896
ParentImage: C:\Windows\System32\cmd.exe
ParentCommandLine: ""cmd.exe"" /c copy ""C:\AtomicRedTeam\atomics\T1543.003\bin\w64time.dll"" %systemroot%\system32\ & sc create W64Time binPath= ""c:\Windows\System32\svchost.exe -k TimeService"" type= share start=auto & sc config W64Time DisplayName= ""Windows 64 Time"" & sc description W64Time ""Maintain date and time synch on all clients and services in the network"" & reg add ""HKLM\Software\Microsoft\Windows NT\CurrentVersion\Svchost"" /v TimeService /t REG_MULTI_SZ /d ""W64Time"" /f & reg add ""HKLM\SYSTEM\CurrentControlSet\Services\W64Time\Parameters"" /v ServiceDll /t REG_EXPAND_SZ /d ""%systemroot%\system32\w64time.dll"" /f & sc start W64Time
ParentUser: runnervm8j6r3\runneradmin"
"12/17/2025 7:59:53 AM","7","Image loaded:
RuleName: ImageLoad
UtcTime: 2025-12-17 07:59:53.579
ProcessGuid: {f995aebf-62f9-6942-5605-000000000e00}
ProcessId: 3628
Image: C:\AtomicRedTeam\atomics\T1543.003\bin\AtomicService.exe
ImageLoaded: C:\Windows\Microsoft.NET\Framework64\v4.0.30319\clrjit.dll
FileVersion: 4.8.9310.0 built by: NET481REL1LAST_C
Description: Microsoft .NET Runtime Just-In-Time Compiler
Product: Microsoft? .NET Framework
Company: Microsoft Corporation
OriginalFileName: clrjit.dll
Hashes: SHA256=24FCAF2398115D6946E93739FCEB11B07D5D31C6B906B4F42A8037A5DB473D85
Signed: true
Signature: Microsoft Corporation
SignatureStatus: Valid
User: NT AUTHORITY\SYSTEM"
"12/17/2025 7:59:53 AM","7","Image loaded:
RuleName: ImageLoad
UtcTime: 2025-12-17 07:59:53.560
ProcessGuid: {f995aebf-62f9-6942-5605-000000000e00}
ProcessId: 3628
Image: C:\AtomicRedTeam\atomics\T1543.003\bin\AtomicService.exe
ImageLoaded: C:\Windows\Microsoft.NET\Framework64\v4.0.30319\clr.dll
FileVersion: 4.8.9310.0 built by: NET481REL1LAST_C
Description: Microsoft .NET Runtime Common Language Runtime - WorkStation
Product: Microsoft? .NET Framework
Company: Microsoft Corporation
OriginalFileName: clr.dll
Hashes: SHA256=8AA62B9BE054D79B6575BEF1DCEDCB2A707741E0245EC876AF4FA0DAB71594FF
Signed: true
Signature: Microsoft Corporation
SignatureStatus: Valid
User: NT AUTHORITY\SYSTEM"
"12/17/2025 7:59:53 AM","13","Registry value set:
RuleName: T1543.003
EventType: SetValue
UtcTime: 2025-12-17 07:59:53.538
ProcessGuid: {f995aebf-59d7-6942-0c00-000000000e00}
ProcessId: 980
Image: C:\Windows\system32\services.exe
TargetObject: HKLM\System\CurrentControlSet\Services\AtomicTestService_PowerShell\ImagePath
Details: C:\AtomicRedTeam\atomics\T1543.003\bin\AtomicService.exe
User: NT AUTHORITY\SYSTEM"
"12/17/2025 7:59:53 AM","13","Registry value set:
RuleName: T1543.003
EventType: SetValue
UtcTime: 2025-12-17 07:59:53.538
ProcessGuid: {f995aebf-59d7-6942-0c00-000000000e00}
ProcessId: 980
Image: C:\Windows\system32\services.exe
TargetObject: HKLM\System\CurrentControlSet\Services\AtomicTestService_PowerShell\Start
Details: DWORD (0x00000002)
User: NT AUTHORITY\SYSTEM"
"12/17/2025 7:59:53 AM","13","Registry value set:
RuleName: T1543.003
EventType: SetValue
UtcTime: 2025-12-17 07:59:53.538
ProcessGuid: {f995aebf-59d7-6942-0c00-000000000e00}
ProcessId: 980
Image: C:\Windows\system32\services.exe
TargetObject: HKLM\System\CurrentControlSet\Services\AtomicTestService_PowerShell\Type
Details: DWORD (0x00000010)
User: NT AUTHORITY\SYSTEM"
"12/17/2025 7:59:53 AM","23","File Delete archived:
RuleName: FileDelete
UtcTime: 2025-12-17 07:59:53.335
ProcessGuid: {f995aebf-62f9-6942-5405-000000000e00}
ProcessId: 8616
User: runnervm8j6r3\runneradmin
Image: C:\Windows\System32\WindowsPowerShell\v1.0\powershell.exe
TargetFilename: C:\Users\runneradmin\AppData\Local\Temp\__PSScriptPolicyTest_2vemqsuf.ril.ps1
Hashes: SHA256=96AD1146EB96877EAB5942AE0736B82D8B5E2039A80D3D6932665C1A4C87DCF7
IsExecutable: false
Archived: true"
"12/17/2025 7:59:52 AM","13","Registry value set:
RuleName: T1543.003
EventType: SetValue
UtcTime: 2025-12-17 07:59:52.869
ProcessGuid: {f995aebf-59da-6942-2e00-000000000e00}
ProcessId: 2404
Image: C:\Windows\System32\svchost.exe
TargetObject: HKLM\System\CurrentControlSet\Control\WMI\AutoLogger\EventLog-Application\Start
Details: DWORD (0x00000001)
User: NT AUTHORITY\LOCAL SERVICE"
"12/17/2025 7:59:52 AM","13","Registry value set:
RuleName: T1543.003
EventType: SetValue
UtcTime: 2025-12-17 07:59:52.858
ProcessGuid: {f995aebf-59da-6942-2e00-000000000e00}
ProcessId: 2404
Image: C:\Windows\System32\svchost.exe
TargetObject: HKLM\System\CurrentControlSet\Control\WMI\AutoLogger\EventLog-System\Start
Details: DWORD (0x00000001)
User: NT AUTHORITY\LOCAL SERVICE"
"12/17/2025 7:59:52 AM","13","Registry value set:
RuleName: T1543.003
EventType: SetValue
UtcTime: 2025-12-17 07:59:52.847
ProcessGuid: {f995aebf-59da-6942-2e00-000000000e00}
ProcessId: 2404
Image: C:\Windows\System32\svchost.exe
TargetObject: HKLM\System\CurrentControlSet\Control\WMI\AutoLogger\EventLog-Application\Start
Details: DWORD (0x00000001)
User: NT AUTHORITY\LOCAL SERVICE"
"12/17/2025 7:59:52 AM","13","Registry value set:
RuleName: T1543.003
EventType: SetValue
UtcTime: 2025-12-17 07:59:52.830
ProcessGuid: {f995aebf-59da-6942-2e00-000000000e00}
ProcessId: 2404
Image: C:\Windows\System32\svchost.exe
TargetObject: HKLM\System\CurrentControlSet\Control\WMI\AutoLogger\EventLog-System\Start
Details: DWORD (0x00000001)
User: NT AUTHORITY\LOCAL SERVICE"
"12/17/2025 7:59:52 AM","7","Image loaded:
RuleName: ImageLoad
UtcTime: 2025-12-17 07:59:52.802
ProcessGuid: {f995aebf-62f8-6942-5305-000000000e00}
ProcessId: 8912
Image: C:\AtomicRedTeam\atomics\T1543.003\bin\AtomicService.exe
ImageLoaded: C:\Windows\Microsoft.NET\Framework64\v4.0.30319\clrjit.dll
FileVersion: 4.8.9310.0 built by: NET481REL1LAST_C
Description: Microsoft .NET Runtime Just-In-Time Compiler
Product: Microsoft? .NET Framework
Company: Microsoft Corporation
OriginalFileName: clrjit.dll
Hashes: SHA256=24FCAF2398115D6946E93739FCEB11B07D5D31C6B906B4F42A8037A5DB473D85
Signed: true
Signature: Microsoft Corporation
SignatureStatus: Valid
User: NT AUTHORITY\SYSTEM"
"12/17/2025 7:59:52 AM","7","Image loaded:
RuleName: ImageLoad
UtcTime: 2025-12-17 07:59:52.786
ProcessGuid: {f995aebf-62f8-6942-5305-000000000e00}
ProcessId: 8912
Image: C:\AtomicRedTeam\atomics\T1543.003\bin\AtomicService.exe
ImageLoaded: C:\Windows\Microsoft.NET\Framework64\v4.0.30319\clr.dll
FileVersion: 4.8.9310.0 built by: NET481REL1LAST_C
Description: Microsoft .NET Runtime Common Language Runtime - WorkStation
Product: Microsoft? .NET Framework
Company: Microsoft Corporation
OriginalFileName: clr.dll
Hashes: SHA256=8AA62B9BE054D79B6575BEF1DCEDCB2A707741E0245EC876AF4FA0DAB71594FF
Signed: true
Signature: Microsoft Corporation
SignatureStatus: Valid
User: NT AUTHORITY\SYSTEM"
"12/17/2025 7:59:52 AM","1","Process Create:
RuleName: ProcessCreate
UtcTime: 2025-12-17 07:59:52.762
ProcessGuid: {f995aebf-62f8-6942-5205-000000000e00}
ProcessId: 2568
Image: C:\Windows\System32\sc.exe
FileVersion: 10.0.26100.4484 (WinBuild.160101.0800)
Description: Service Control Manager Configuration Tool
Product: Microsoft? Windows? Operating System
Company: Microsoft Corporation
OriginalFileName: sc.exe
CommandLine: sc.exe  start AtomicTestService_CMD
CurrentDirectory: C:\Users\RUNNER~1\AppData\Local\Temp\
User: runnervm8j6r3\runneradmin
LogonGuid: {f995aebf-59f4-6942-4710-0c0000000000}
LogonId: 0xC1047
TerminalSessionId: 2
IntegrityLevel: High
Hashes: SHA256=A452BFCB6000D03942DDFADDCDA5A7EB121447ED99B1BA090446B4A989F1F7AE
ParentProcessGuid: {f995aebf-62f8-6942-4f05-000000000e00}
ParentProcessId: 9060
ParentImage: C:\Windows\System32\cmd.exe
ParentCommandLine: ""cmd.exe"" /c sc.exe create AtomicTestService_CMD binPath= ""C:\AtomicRedTeam\atomics\T1543.003\bin\AtomicService.exe"" start=auto  type=Own & sc.exe start AtomicTestService_CMD
ParentUser: runnervm8j6r3\runneradmin"
"12/17/2025 7:59:52 AM","13","Registry value set:
RuleName: T1543.003
EventType: SetValue
UtcTime: 2025-12-17 07:59:52.754
ProcessGuid: {f995aebf-59d7-6942-0c00-000000000e00}
ProcessId: 980
Image: C:\Windows\system32\services.exe
TargetObject: HKLM\System\CurrentControlSet\Services\AtomicTestService_CMD\ImagePath
Details: C:\AtomicRedTeam\atomics\T1543.003\bin\AtomicService.exe
User: NT AUTHORITY\SYSTEM"
"12/17/2025 7:59:52 AM","13","Registry value set:
RuleName: T1543.003
EventType: SetValue
UtcTime: 2025-12-17 07:59:52.754
ProcessGuid: {f995aebf-59d7-6942-0c00-000000000e00}
ProcessId: 980
Image: C:\Windows\system32\services.exe
TargetObject: HKLM\System\CurrentControlSet\Services\AtomicTestService_CMD\Start
Details: DWORD (0x00000002)
User: NT AUTHORITY\SYSTEM"
"12/17/2025 7:59:52 AM","13","Registry value set:
RuleName: T1543.003
EventType: SetValue
UtcTime: 2025-12-17 07:59:52.754
ProcessGuid: {f995aebf-59d7-6942-0c00-000000000e00}
ProcessId: 980
Image: C:\Windows\system32\services.exe
TargetObject: HKLM\System\CurrentControlSet\Services\AtomicTestService_CMD\Type
Details: DWORD (0x00000010)
User: NT AUTHORITY\SYSTEM"
"12/17/2025 7:59:52 AM","1","Process Create:
RuleName: ProcessCreate
UtcTime: 2025-12-17 07:59:52.745
ProcessGuid: {f995aebf-62f8-6942-5105-000000000e00}
ProcessId: 8700
Image: C:\Windows\System32\sc.exe
FileVersion: 10.0.26100.4484 (WinBuild.160101.0800)
Description: Service Control Manager Configuration Tool
Product: Microsoft? Windows? Operating System
Company: Microsoft Corporation
OriginalFileName: sc.exe
CommandLine: sc.exe  create AtomicTestService_CMD binPath= ""C:\AtomicRedTeam\atomics\T1543.003\bin\AtomicService.exe"" start=auto  type=Own 
CurrentDirectory: C:\Users\RUNNER~1\AppData\Local\Temp\
User: runnervm8j6r3\runneradmin
LogonGuid: {f995aebf-59f4-6942-4710-0c0000000000}
LogonId: 0xC1047
TerminalSessionId: 2
IntegrityLevel: High
Hashes: SHA256=A452BFCB6000D03942DDFADDCDA5A7EB121447ED99B1BA090446B4A989F1F7AE
ParentProcessGuid: {f995aebf-62f8-6942-4f05-000000000e00}
ParentProcessId: 9060
ParentImage: C:\Windows\System32\cmd.exe
ParentCommandLine: ""cmd.exe"" /c sc.exe create AtomicTestService_CMD binPath= ""C:\AtomicRedTeam\atomics\T1543.003\bin\AtomicService.exe"" start=auto  type=Own & sc.exe start AtomicTestService_CMD
ParentUser: runnervm8j6r3\runneradmin"
"12/17/2025 7:59:52 AM","1","Process Create:
RuleName: ProcessCreate
UtcTime: 2025-12-17 07:59:52.466
ProcessGuid: {f995aebf-62f8-6942-4e05-000000000e00}
ProcessId: 9332
Image: C:\Windows\System32\sc.exe
FileVersion: 10.0.26100.4484 (WinBuild.160101.0800)
Description: Service Control Manager Configuration Tool
Product: Microsoft? Windows? Operating System
Company: Microsoft Corporation
OriginalFileName: sc.exe
CommandLine: sc  start Fax
CurrentDirectory: C:\Users\RUNNER~1\AppData\Local\Temp\
User: runnervm8j6r3\runneradmin
LogonGuid: {f995aebf-59f4-6942-4710-0c0000000000}
LogonId: 0xC1047
TerminalSessionId: 2
IntegrityLevel: High
Hashes: SHA256=A452BFCB6000D03942DDFADDCDA5A7EB121447ED99B1BA090446B4A989F1F7AE
ParentProcessGuid: {f995aebf-62f8-6942-4b05-000000000e00}
ParentProcessId: 4176
ParentImage: C:\Windows\System32\cmd.exe
ParentCommandLine: ""cmd.exe"" /c sc config Fax binPath= ""C:\windows\system32\WindowsPowerShell\v1.0\powershell.exe -noexit -c \""write-host 'T1543.003 Test'\"""" & sc start Fax
ParentUser: runnervm8j6r3\runneradmin"
"12/17/2025 7:59:52 AM","1","Process Create:
RuleName: ProcessCreate
UtcTime: 2025-12-17 07:59:52.454
ProcessGuid: {f995aebf-62f8-6942-4d05-000000000e00}
ProcessId: 8724
Image: C:\Windows\System32\sc.exe
FileVersion: 10.0.26100.4484 (WinBuild.160101.0800)
Description: Service Control Manager Configuration Tool
Product: Microsoft? Windows? Operating System
Company: Microsoft Corporation
OriginalFileName: sc.exe
CommandLine: sc  config Fax binPath= ""C:\windows\system32\WindowsPowerShell\v1.0\powershell.exe -noexit -c \""write-host 'T1543.003 Test'\"""" 
CurrentDirectory: C:\Users\RUNNER~1\AppData\Local\Temp\
User: runnervm8j6r3\runneradmin
LogonGuid: {f995aebf-59f4-6942-4710-0c0000000000}
LogonId: 0xC1047
TerminalSessionId: 2
IntegrityLevel: High
Hashes: SHA256=A452BFCB6000D03942DDFADDCDA5A7EB121447ED99B1BA090446B4A989F1F7AE
ParentProcessGuid: {f995aebf-62f8-6942-4b05-000000000e00}
ParentProcessId: 4176
ParentImage: C:\Windows\System32\cmd.exe
ParentCommandLine: ""cmd.exe"" /c sc config Fax binPath= ""C:\windows\system32\WindowsPowerShell\v1.0\powershell.exe -noexit -c \""write-host 'T1543.003 Test'\"""" & sc start Fax
ParentUser: runnervm8j6r3\runneradmin"
