"12/17/2025 7:59:30 AM","13","Registry value set:
RuleName: T1547.001
EventType: SetValue
UtcTime: 2025-12-17 07:59:30.287
ProcessGuid: {f995aebf-62e2-6942-ea04-000000000e00}
ProcessId: 1704
Image: C:\Windows\System32\WindowsPowerShell\v1.0\powershell.exe
TargetObject: HKLM\SOFTWARE\Microsoft\Windows NT\CurrentVersion\Winlogon\Shell
Details: explorer.exe
User: runnervm8j6r3\runneradmin"
"12/17/2025 7:59:30 AM","23","File Delete archived:
RuleName: FileDelete
UtcTime: 2025-12-17 07:59:30.100
ProcessGuid: {f995aebf-62e2-6942-ea04-000000000e00}
ProcessId: 1704
User: runnervm8j6r3\runneradmin
Image: C:\Windows\System32\WindowsPowerShell\v1.0\powershell.exe
TargetFilename: C:\Users\runneradmin\AppData\Local\Temp\__PSScriptPolicyTest_qgdq5xu4.bb4.ps1
Hashes: SHA256=96AD1146EB96877EAB5942AE0736B82D8B5E2039A80D3D6932665C1A4C87DCF7
IsExecutable: false
Archived: true"
"12/17/2025 7:59:29 AM","13","Registry value set:
RuleName: T1547.001,RunKey
EventType: SetValue
UtcTime: 2025-12-17 07:59:29.901
ProcessGuid: {f995aebf-59f5-6942-d500-000000000e00}
ProcessId: 7596
Image: C:\Windows\system32\sihost.exe
TargetObject: HKU\S-1-5-21-3430515368-916141482-256631409-500\SOFTWARE\Microsoft\Windows\CurrentVersion\RunNotification\StartupTNoticalc
Details: DWORD (0x00000000)
User: runnervm8j6r3\runneradmin"
"12/17/2025 7:59:29 AM","12","Registry object added or deleted:
RuleName: T1547.001,RunKey
EventType: CreateKey
UtcTime: 2025-12-17 07:59:29.901
ProcessGuid: {f995aebf-59f5-6942-d500-000000000e00}
ProcessId: 7596
Image: C:\Windows\system32\sihost.exe
TargetObject: HKLM\SOFTWARE\Microsoft\Windows\CurrentVersion\Run
User: runnervm8j6r3\runneradmin"
"12/17/2025 7:59:29 AM","12","Registry object added or deleted:
RuleName: T1547.001,RunKey
EventType: CreateKey
UtcTime: 2025-12-17 07:59:29.901
ProcessGuid: {f995aebf-59f5-6942-d500-000000000e00}
ProcessId: 7596
Image: C:\Windows\system32\sihost.exe
TargetObject: HKU\S-1-5-21-3430515368-916141482-256631409-500\SOFTWARE\Microsoft\Windows\CurrentVersion\Run
User: runnervm8j6r3\runneradmin"
"12/17/2025 7:59:29 AM","12","Registry object added or deleted:
RuleName: T1547.001,RunKey
EventType: CreateKey
UtcTime: 2025-12-17 07:59:29.901
ProcessGuid: {f995aebf-59f5-6942-d500-000000000e00}
ProcessId: 7596
Image: C:\Windows\system32\sihost.exe
TargetObject: HKU\S-1-5-21-3430515368-916141482-256631409-500\SOFTWARE\Microsoft\Windows\CurrentVersion\Run
User: runnervm8j6r3\runneradmin"
"12/17/2025 7:59:29 AM","12","Registry object added or deleted:
RuleName: RegistryEvent
EventType: DeleteValue
UtcTime: 2025-12-17 07:59:29.796
ProcessGuid: {f995aebf-62e1-6942-e804-000000000e00}
ProcessId: 2864
Image: C:\Windows\System32\WindowsPowerShell\v1.0\powershell.exe
TargetObject: HKLM\SOFTWARE\Microsoft\Windows NT\CurrentVersion\Winlogon\Userinit-backup
User: runnervm8j6r3\runneradmin"
"12/17/2025 7:59:29 AM","13","Registry value set:
RuleName: RegistryEvent
EventType: SetValue
UtcTime: 2025-12-17 07:59:29.792
ProcessGuid: {f995aebf-62e1-6942-e804-000000000e00}
ProcessId: 2864
Image: C:\Windows\System32\WindowsPowerShell\v1.0\powershell.exe
TargetObject: HKLM\SOFTWARE\Microsoft\Windows NT\CurrentVersion\Winlogon\Userinit
Details: C:\Windows\system32\userinit.exe,
User: runnervm8j6r3\runneradmin"
"12/17/2025 7:59:29 AM","23","File Delete archived:
RuleName: FileDelete
UtcTime: 2025-12-17 07:59:29.603
ProcessGuid: {f995aebf-62e1-6942-e804-000000000e00}
ProcessId: 2864
User: runnervm8j6r3\runneradmin
Image: C:\Windows\System32\WindowsPowerShell\v1.0\powershell.exe
TargetFilename: C:\Users\runneradmin\AppData\Local\Temp\__PSScriptPolicyTest_24srcb2q.onw.ps1
Hashes: SHA256=96AD1146EB96877EAB5942AE0736B82D8B5E2039A80D3D6932665C1A4C87DCF7
IsExecutable: false
Archived: true"
"12/17/2025 7:59:29 AM","12","Registry object added or deleted:
RuleName: T1547.001,RunPolicy
EventType: DeleteValue
UtcTime: 2025-12-17 07:59:29.302
ProcessGuid: {f995aebf-62e1-6942-e604-000000000e00}
ProcessId: 8488
Image: C:\Windows\System32\WindowsPowerShell\v1.0\powershell.exe
TargetObject: HKLM\SOFTWARE\Microsoft\Windows\CurrentVersion\Policies\Explorer\Run\atomictest
User: runnervm8j6r3\runneradmin"
"12/17/2025 7:59:29 AM","23","File Delete archived:
RuleName: FileDelete
UtcTime: 2025-12-17 07:59:29.125
ProcessGuid: {f995aebf-62e1-6942-e604-000000000e00}
ProcessId: 8488
User: runnervm8j6r3\runneradmin
Image: C:\Windows\System32\WindowsPowerShell\v1.0\powershell.exe
TargetFilename: C:\Users\runneradmin\AppData\Local\Temp\__PSScriptPolicyTest_cpkia2t3.5yz.ps1
Hashes: SHA256=96AD1146EB96877EAB5942AE0736B82D8B5E2039A80D3D6932665C1A4C87DCF7
IsExecutable: false
Archived: true"
"12/17/2025 7:59:28 AM","12","Registry object added or deleted:
RuleName: T1547.001,RunPolicy
EventType: DeleteValue
UtcTime: 2025-12-17 07:59:28.836
ProcessGuid: {f995aebf-62e0-6942-e404-000000000e00}
ProcessId: 5408
Image: C:\Windows\System32\WindowsPowerShell\v1.0\powershell.exe
TargetObject: HKU\S-1-5-21-3430515368-916141482-256631409-500\SOFTWARE\Microsoft\Windows\CurrentVersion\Policies\Explorer\Run\atomictest
User: runnervm8j6r3\runneradmin"
"12/17/2025 7:59:28 AM","23","File Delete archived:
RuleName: FileDelete
UtcTime: 2025-12-17 07:59:28.649
ProcessGuid: {f995aebf-62e0-6942-e404-000000000e00}
ProcessId: 5408
User: runnervm8j6r3\runneradmin
Image: C:\Windows\System32\WindowsPowerShell\v1.0\powershell.exe
TargetFilename: C:\Users\runneradmin\AppData\Local\Temp\__PSScriptPolicyTest_hdazrpba.oms.ps1
Hashes: SHA256=96AD1146EB96877EAB5942AE0736B82D8B5E2039A80D3D6932665C1A4C87DCF7
IsExecutable: false
Archived: true"
"12/17/2025 7:59:28 AM","13","Registry value set:
RuleName: T1112,ChangeStartupFolderPath
EventType: SetValue
UtcTime: 2025-12-17 07:59:28.295
ProcessGuid: {f995aebf-62e0-6942-e204-000000000e00}
ProcessId: 860
Image: C:\Windows\System32\WindowsPowerShell\v1.0\powershell.exe
TargetObject: HKU\S-1-5-21-3430515368-916141482-256631409-500\SOFTWARE\Microsoft\Windows\CurrentVersion\Explorer\User Shell Folders\Startup
Details: C:\Users\runneradmin\AppData\Roaming\Microsoft\Windows\Start Menu\Programs\Startup
User: runnervm8j6r3\runneradmin"
"12/17/2025 7:59:28 AM","23","File Delete archived:
RuleName: FileDelete
UtcTime: 2025-12-17 07:59:28.112
ProcessGuid: {f995aebf-62e0-6942-e204-000000000e00}
ProcessId: 860
User: runnervm8j6r3\runneradmin
Image: C:\Windows\System32\WindowsPowerShell\v1.0\powershell.exe
TargetFilename: C:\Users\runneradmin\AppData\Local\Temp\__PSScriptPolicyTest_0yyt0i2s.vhi.ps1
Hashes: SHA256=96AD1146EB96877EAB5942AE0736B82D8B5E2039A80D3D6932665C1A4C87DCF7
IsExecutable: false
Archived: true"
"12/17/2025 7:59:27 AM","23","File Delete archived:
RuleName: FileDelete
UtcTime: 2025-12-17 07:59:27.814
ProcessGuid: {f995aebf-62df-6942-e004-000000000e00}
ProcessId: 10012
User: runnervm8j6r3\runneradmin
Image: C:\Windows\System32\WindowsPowerShell\v1.0\powershell.exe
TargetFilename: C:\Users\runneradmin\AppData\Local\Temp\atomictest\calc.exe
Hashes: SHA256=81BD48985FA1753E9E2158A7CF969141EDDDBD050E976801BB477E24A2A06B2A
IsExecutable: true
Archived: true"
"12/17/2025 7:59:27 AM","23","File Delete archived:
RuleName: FileDelete
UtcTime: 2025-12-17 07:59:27.622
ProcessGuid: {f995aebf-62df-6942-e004-000000000e00}
ProcessId: 10012
User: runnervm8j6r3\runneradmin
Image: C:\Windows\System32\WindowsPowerShell\v1.0\powershell.exe
TargetFilename: C:\Users\runneradmin\AppData\Local\Temp\__PSScriptPolicyTest_wk2d2fro.5qp.ps1
Hashes: SHA256=96AD1146EB96877EAB5942AE0736B82D8B5E2039A80D3D6932665C1A4C87DCF7
IsExecutable: false
Archived: true"
"12/17/2025 7:59:27 AM","12","Registry object added or deleted:
RuleName: T1547.001,RunKey
EventType: DeleteValue
UtcTime: 2025-12-17 07:59:27.329
ProcessGuid: {f995aebf-62df-6942-de04-000000000e00}
ProcessId: 1852
Image: C:\Windows\System32\WindowsPowerShell\v1.0\powershell.exe
TargetObject: HKU\S-1-5-21-3430515368-916141482-256631409-500\SOFTWARE\Microsoft\Windows\CurrentVersion\Run\socks5_powershell
User: runnervm8j6r3\runneradmin"
"12/17/2025 7:59:27 AM","23","File Delete archived:
RuleName: FileDelete
UtcTime: 2025-12-17 07:59:27.150
ProcessGuid: {f995aebf-62df-6942-de04-000000000e00}
ProcessId: 1852
User: runnervm8j6r3\runneradmin
Image: C:\Windows\System32\WindowsPowerShell\v1.0\powershell.exe
TargetFilename: C:\Users\runneradmin\AppData\Local\Temp\__PSScriptPolicyTest_3145l1sh.c1p.ps1
Hashes: SHA256=96AD1146EB96877EAB5942AE0736B82D8B5E2039A80D3D6932665C1A4C87DCF7
IsExecutable: false
Archived: true"
"12/17/2025 7:59:26 AM","23","File Delete archived:
RuleName: FileDelete
UtcTime: 2025-12-17 07:59:26.445
ProcessGuid: {f995aebf-62de-6942-d904-000000000e00}
ProcessId: 5180
User: runnervm8j6r3\runneradmin
Image: C:\Windows\System32\WindowsPowerShell\v1.0\powershell.exe
TargetFilename: C:\Users\runneradmin\AppData\Local\Temp\__PSScriptPolicyTest_hi43vz2o.uya.ps1
Hashes: SHA256=96AD1146EB96877EAB5942AE0736B82D8B5E2039A80D3D6932665C1A4C87DCF7
IsExecutable: false
Archived: true"
"12/17/2025 7:59:26 AM","23","File Delete archived:
RuleName: FileDelete
UtcTime: 2025-12-17 07:59:26.133
ProcessGuid: {f995aebf-62dd-6942-d704-000000000e00}
ProcessId: 7280
User: runnervm8j6r3\runneradmin
Image: C:\Windows\System32\WindowsPowerShell\v1.0\powershell.exe
TargetFilename: C:\ProgramData\Microsoft\Windows\Start Menu\Programs\Startup\batstartup.bat
Hashes: SHA256=F7235DE2940ED81A2202170AF9873DDBA606192E5809996360BBF3548855F1CE
IsExecutable: false
Archived: true"
"12/17/2025 7:59:26 AM","23","File Delete archived:
RuleName: FileDelete
UtcTime: 2025-12-17 07:59:26.131
ProcessGuid: {f995aebf-62dd-6942-d704-000000000e00}
ProcessId: 7280
User: runnervm8j6r3\runneradmin
Image: C:\Windows\System32\WindowsPowerShell\v1.0\powershell.exe
TargetFilename: C:\Users\runneradmin\AppData\Roaming\Microsoft\Windows\Start Menu\Programs\Startup\batstartup.bat
Hashes: SHA256=F7235DE2940ED81A2202170AF9873DDBA606192E5809996360BBF3548855F1CE
IsExecutable: false
Archived: true"
"12/17/2025 7:59:25 AM","23","File Delete archived:
RuleName: FileDelete
UtcTime: 2025-12-17 07:59:25.950
ProcessGuid: {f995aebf-62dd-6942-d704-000000000e00}
ProcessId: 7280
User: runnervm8j6r3\runneradmin
Image: C:\Windows\System32\WindowsPowerShell\v1.0\powershell.exe
TargetFilename: C:\Users\runneradmin\AppData\Local\Temp\__PSScriptPolicyTest_hhstihyh.jzz.ps1
Hashes: SHA256=96AD1146EB96877EAB5942AE0736B82D8B5E2039A80D3D6932665C1A4C87DCF7
IsExecutable: false
Archived: true"
"12/17/2025 7:59:25 AM","23","File Delete archived:
RuleName: FileDelete
UtcTime: 2025-12-17 07:59:25.665
ProcessGuid: {f995aebf-62dd-6942-d504-000000000e00}
ProcessId: 5916
User: runnervm8j6r3\runneradmin
Image: C:\Windows\System32\WindowsPowerShell\v1.0\powershell.exe
TargetFilename: C:\ProgramData\Microsoft\Windows\Start Menu\Programs\Startup\jsestartup.jse
Hashes: SHA256=E555D0A923B2090E9A4937D658F92CEEF18E1F63ED7C00726E7A965176657C3F
IsExecutable: false
Archived: true"
"12/17/2025 7:59:25 AM","23","File Delete archived:
RuleName: FileDelete
UtcTime: 2025-12-17 07:59:25.485
ProcessGuid: {f995aebf-62dd-6942-d504-000000000e00}
ProcessId: 5916
User: runnervm8j6r3\runneradmin
Image: C:\Windows\System32\WindowsPowerShell\v1.0\powershell.exe
TargetFilename: C:\Users\runneradmin\AppData\Local\Temp\__PSScriptPolicyTest_cqgukt4b.vvg.ps1
Hashes: SHA256=96AD1146EB96877EAB5942AE0736B82D8B5E2039A80D3D6932665C1A4C87DCF7
IsExecutable: false
Archived: true"
"12/17/2025 7:59:25 AM","23","File Delete archived:
RuleName: FileDelete
UtcTime: 2025-12-17 07:59:25.187
ProcessGuid: {f995aebf-62dc-6942-d304-000000000e00}
ProcessId: 1212
User: runnervm8j6r3\runneradmin
Image: C:\Windows\System32\WindowsPowerShell\v1.0\powershell.exe
TargetFilename: C:\ProgramData\Microsoft\Windows\Start Menu\Programs\Startup\vbsstartup.vbs
Hashes: SHA256=52D464FCC5B72D50B169A45ED8FDEF22792C3FCB683F598B6E605336E53EAF78
IsExecutable: false
Archived: true"
"12/17/2025 7:59:25 AM","23","File Delete archived:
RuleName: FileDelete
UtcTime: 2025-12-17 07:59:25.185
ProcessGuid: {f995aebf-62dc-6942-d304-000000000e00}
ProcessId: 1212
User: runnervm8j6r3\runneradmin
Image: C:\Windows\System32\WindowsPowerShell\v1.0\powershell.exe
TargetFilename: C:\Users\runneradmin\AppData\Roaming\Microsoft\Windows\Start Menu\Programs\Startup\vbsstartup.vbs
Hashes: SHA256=52D464FCC5B72D50B169A45ED8FDEF22792C3FCB683F598B6E605336E53EAF78
IsExecutable: false
Archived: true"
"12/17/2025 7:59:25 AM","23","File Delete archived:
RuleName: FileDelete
UtcTime: 2025-12-17 07:59:25.004
ProcessGuid: {f995aebf-62dc-6942-d304-000000000e00}
ProcessId: 1212
User: runnervm8j6r3\runneradmin
Image: C:\Windows\System32\WindowsPowerShell\v1.0\powershell.exe
TargetFilename: C:\Users\runneradmin\AppData\Local\Temp\__PSScriptPolicyTest_dibfiegu.iml.ps1
Hashes: SHA256=96AD1146EB96877EAB5942AE0736B82D8B5E2039A80D3D6932665C1A4C87DCF7
IsExecutable: false
Archived: true"
"12/17/2025 7:59:24 AM","12","Registry object added or deleted:
RuleName: T1547.001,RunKey
EventType: DeleteValue
UtcTime: 2025-12-17 07:59:24.708
ProcessGuid: {f995aebf-62dc-6942-d104-000000000e00}
ProcessId: 8412
Image: C:\Windows\System32\WindowsPowerShell\v1.0\powershell.exe
TargetObject: HKLM\SOFTWARE\Microsoft\Windows\CurrentVersion\RunOnce\NextRun
User: runnervm8j6r3\runneradmin"
"12/17/2025 7:59:24 AM","23","File Delete archived:
RuleName: FileDelete
UtcTime: 2025-12-17 07:59:24.528
ProcessGuid: {f995aebf-62dc-6942-d104-000000000e00}
ProcessId: 8412
User: runnervm8j6r3\runneradmin
Image: C:\Windows\System32\WindowsPowerShell\v1.0\powershell.exe
TargetFilename: C:\Users\runneradmin\AppData\Local\Temp\__PSScriptPolicyTest_gk4hnptx.orj.ps1
Hashes: SHA256=96AD1146EB96877EAB5942AE0736B82D8B5E2039A80D3D6932665C1A4C87DCF7
IsExecutable: false
Archived: true"
"12/17/2025 7:59:24 AM","12","Registry object added or deleted:
RuleName: T1547.001,RunKey
EventType: DeleteValue
UtcTime: 2025-12-17 07:59:24.234
ProcessGuid: {f995aebf-62dc-6942-d004-000000000e00}
ProcessId: 8092
Image: C:\Windows\system32\reg.exe
TargetObject: HKLM\SOFTWARE\Microsoft\Windows\CurrentVersion\RunOnceEx\0001\Depend\1
User: runnervm8j6r3\runneradmin"
"12/17/2025 7:59:24 AM","12","Registry object added or deleted:
RuleName: T1547.001,RunKey
EventType: DeleteValue
UtcTime: 2025-12-17 07:59:24.017
ProcessGuid: {f995aebf-62dc-6942-cd04-000000000e00}
ProcessId: 7252
Image: C:\Windows\system32\reg.exe
TargetObject: HKU\S-1-5-21-3430515368-916141482-256631409-500\SOFTWARE\Microsoft\Windows\CurrentVersion\Run\Atomic Red Team
User: runnervm8j6r3\runneradmin"
"12/17/2025 7:59:23 AM","1","Process Create:
RuleName: ProcessCreate
UtcTime: 2025-12-17 07:59:23.739
ProcessGuid: {f995aebf-62db-6942-ca04-000000000e00}
ProcessId: 8900
Image: C:\Windows\System32\whoami.exe
FileVersion: 10.0.26100.1882 (WinBuild.160101.0800)
Description: whoami - displays logged on user information
Product: Microsoft? Windows? Operating System
Company: Microsoft Corporation
OriginalFileName: whoami.exe
CommandLine: ""C:\Windows\system32\whoami.exe""
CurrentDirectory: D:\a\sysmon\sysmon\
User: runnervm8j6r3\runneradmin
LogonGuid: {f995aebf-59f4-6942-4710-0c0000000000}
LogonId: 0xC1047
TerminalSessionId: 2
IntegrityLevel: High
Hashes: SHA256=23240EF9F8B0A9A324110B1C2331DE31DC1B0E08F5359CB707E51A939AF56CD3
ParentProcessGuid: {f995aebf-60ec-6942-0703-000000000e00}
ParentProcessId: 3536
ParentImage: C:\Windows\System32\WindowsPowerShell\v1.0\powershell.exe
ParentCommandLine: ""C:\Windows\System32\WindowsPowerShell\v1.0\powershell.EXE"" -command "". 'D:\a\_temp\8efd10a8-1763-436a-930a-0032ad72e967.ps1'""
ParentUser: runnervm8j6r3\runneradmin"
"12/17/2025 7:59:23 AM","1","Process Create:
RuleName: ProcessCreate
UtcTime: 2025-12-17 07:59:23.720
ProcessGuid: {f995aebf-62db-6942-c904-000000000e00}
ProcessId: 2080
Image: C:\Windows\System32\HOSTNAME.EXE
FileVersion: 10.0.26100.2161 (WinBuild.160101.0800)
Description: Hostname APP
Product: Microsoft? Windows? Operating System
Company: Microsoft Corporation
OriginalFileName: hostname.exe
CommandLine: ""C:\Windows\system32\HOSTNAME.EXE""
CurrentDirectory: D:\a\sysmon\sysmon\
User: runnervm8j6r3\runneradmin
LogonGuid: {f995aebf-59f4-6942-4710-0c0000000000}
LogonId: 0xC1047
TerminalSessionId: 2
IntegrityLevel: High
Hashes: SHA256=8FF283FB7A282A9B2B30235016669DFE795665BCBB254FD17AC31FA9308D89D9
ParentProcessGuid: {f995aebf-60ec-6942-0703-000000000e00}
ParentProcessId: 3536
ParentImage: C:\Windows\System32\WindowsPowerShell\v1.0\powershell.exe
ParentCommandLine: ""C:\Windows\System32\WindowsPowerShell\v1.0\powershell.EXE"" -command "". 'D:\a\_temp\8efd10a8-1763-436a-930a-0032ad72e967.ps1'""
ParentUser: runnervm8j6r3\runneradmin"
"12/17/2025 7:59:19 AM","12","Registry object added or deleted:
RuleName: T1547.001,RunKey
EventType: CreateKey
UtcTime: 2025-12-17 07:59:19.893
ProcessGuid: {f995aebf-59f5-6942-d500-000000000e00}
ProcessId: 7596
Image: C:\Windows\system32\sihost.exe
TargetObject: HKU\S-1-5-21-3430515368-916141482-256631409-500\SOFTWARE\Microsoft\Windows\CurrentVersion\Run
User: runnervm8j6r3\runneradmin"
"12/17/2025 7:59:19 AM","13","Registry value set:
RuleName: T1546.001
EventType: SetValue
UtcTime: 2025-12-17 07:59:19.740
ProcessGuid: {f995aebf-62d7-6942-c804-000000000e00}
ProcessId: 4064
Image: C:\Windows\system32\reg.exe
TargetObject: HKCR\Directory\background\shell\Size Modify\command\(Default)
Details: C:\Windows\System32\calc.exe
User: runnervm8j6r3\runneradmin"
"12/17/2025 7:59:19 AM","13","Registry value set:
RuleName: T1543.003
EventType: SetValue
UtcTime: 2025-12-17 07:59:19.486
ProcessGuid: {f995aebf-62d7-6942-c504-000000000e00}
ProcessId: 2136
Image: C:\Windows\system32\reg.exe
TargetObject: HKLM\System\CurrentControlSet\Control\BootVerificationProgram\ImagePath
Details: C:\Program Files\Internet Explorer\iexplore.exe
User: runnervm8j6r3\runneradmin"
"12/17/2025 7:59:19 AM","1","Process Create:
RuleName: ProcessCreate
UtcTime: 2025-12-17 07:59:19.481
ProcessGuid: {f995aebf-62d7-6942-c504-000000000e00}
ProcessId: 2136
Image: C:\Windows\System32\reg.exe
FileVersion: 10.0.26100.5074 (WinBuild.160101.0800)
Description: Registry Console Tool
Product: Microsoft? Windows? Operating System
Company: Microsoft Corporation
OriginalFileName: reg.exe
CommandLine: reg  add HKLM\System\CurrentControlSet\Control\BootVerificationProgram /v ImagePath /t REG_SZ /d ""C:\Program Files\Internet Explorer\iexplore.exe""
CurrentDirectory: C:\Users\RUNNER~1\AppData\Local\Temp\
User: runnervm8j6r3\runneradmin
LogonGuid: {f995aebf-59f4-6942-4710-0c0000000000}
LogonId: 0xC1047
TerminalSessionId: 2
IntegrityLevel: High
Hashes: SHA256=EF37663B44AC66920C6F33694DEEA01ACB78AE3F3012884819373FA04C3EB5F0
ParentProcessGuid: {f995aebf-62d7-6942-c304-000000000e00}
ParentProcessId: 2544
ParentImage: C:\Windows\System32\cmd.exe
ParentCommandLine: ""cmd.exe"" /c reg add HKLM\System\CurrentControlSet\Control\BootVerificationProgram /v ImagePath /t REG_SZ /d ""C:\Program Files\Internet Explorer\iexplore.exe""
ParentUser: runnervm8j6r3\runneradmin"
"12/17/2025 7:59:19 AM","1","Process Create:
RuleName: ProcessCreate
UtcTime: 2025-12-17 07:59:19.458
ProcessGuid: {f995aebf-62d7-6942-c304-000000000e00}
ProcessId: 2544
Image: C:\Windows\System32\cmd.exe
FileVersion: 10.0.26100.7019 (WinBuild.160101.0800)
Description: Windows Command Processor
Product: Microsoft? Windows? Operating System
Company: Microsoft Corporation
OriginalFileName: Cmd.Exe
CommandLine: ""cmd.exe"" /c reg add HKLM\System\CurrentControlSet\Control\BootVerificationProgram /v ImagePath /t REG_SZ /d ""C:\Program Files\Internet Explorer\iexplore.exe""
CurrentDirectory: C:\Users\RUNNER~1\AppData\Local\Temp\
User: runnervm8j6r3\runneradmin
LogonGuid: {f995aebf-59f4-6942-4710-0c0000000000}
LogonId: 0xC1047
TerminalSessionId: 2
IntegrityLevel: High
Hashes: SHA256=9695CF4566DDF878A69C3D419E0DA4EEA87B0F24261AD8E79A3A9C4A9885429C
ParentProcessGuid: {f995aebf-60ec-6942-0703-000000000e00}
ParentProcessId: 3536
ParentImage: C:\Windows\System32\WindowsPowerShell\v1.0\powershell.exe
ParentCommandLine: ""C:\Windows\System32\WindowsPowerShell\v1.0\powershell.EXE"" -command "". 'D:\a\_temp\8efd10a8-1763-436a-930a-0032ad72e967.ps1'""
ParentUser: runnervm8j6r3\runneradmin"
"12/17/2025 7:59:18 AM","13","Registry value set:
RuleName: RegistryEvent
EventType: SetValue
UtcTime: 2025-12-17 07:59:18.977
ProcessGuid: {f995aebf-62d6-6942-bd04-000000000e00}
ProcessId: 8024
Image: C:\Windows\System32\WindowsPowerShell\v1.0\powershell.exe
TargetObject: HKLM\System\CurrentControlSet\Control\Session Manager\BootExecute
Details: Binary Data
User: runnervm8j6r3\runneradmin"
"12/17/2025 7:59:18 AM","23","File Delete archived:
RuleName: FileDelete
UtcTime: 2025-12-17 07:59:18.769
ProcessGuid: {f995aebf-62d6-6942-bd04-000000000e00}
ProcessId: 8024
User: runnervm8j6r3\runneradmin
Image: C:\Windows\System32\WindowsPowerShell\v1.0\powershell.exe
TargetFilename: C:\Users\runneradmin\AppData\Local\Temp\__PSScriptPolicyTest_33m3tjuc.huq.ps1
Hashes: SHA256=96AD1146EB96877EAB5942AE0736B82D8B5E2039A80D3D6932665C1A4C87DCF7
IsExecutable: false
Archived: true"
"12/17/2025 7:59:18 AM","7","Image loaded:
RuleName: ImageLoad
UtcTime: 2025-12-17 07:59:18.443
ProcessGuid: {f995aebf-59d7-6942-0c00-000000000e00}
ProcessId: 980
Image: C:\Windows\System32\services.exe
ImageLoaded: C:\Windows\System32\samlib.dll
FileVersion: 10.0.26100.7019 (WinBuild.160101.0800)
Description: SAM Library DLL
Product: Microsoft? Windows? Operating System
Company: Microsoft Corporation
OriginalFileName: SAMLib.DLL
Hashes: SHA256=13B0BB662EE434ED5CEE876D95886F4FB5E77C636E7DC645CD7E9BE634665497
Signed: true
Signature: Microsoft Windows
SignatureStatus: Valid
User: NT AUTHORITY\SYSTEM"
"12/17/2025 7:59:18 AM","13","Registry value set:
RuleName: T1547.001,RunKey
EventType: SetValue
UtcTime: 2025-12-17 07:59:18.447
ProcessGuid: {f995aebf-59d7-6942-0c00-000000000e00}
ProcessId: 980
Image: C:\Windows\system32\services.exe
TargetObject: HKLM\SOFTWARE\Microsoft\Windows\CurrentVersion\Run\calc
Details: calc.exe
User: NT AUTHORITY\SYSTEM"
"12/17/2025 7:59:18 AM","12","Registry object added or deleted:
RuleName: T1547.001,RunKey
EventType: CreateKey
UtcTime: 2025-12-17 07:59:18.443
ProcessGuid: {f995aebf-59d7-6942-0c00-000000000e00}
ProcessId: 980
Image: C:\Windows\system32\services.exe
TargetObject: HKLM\SOFTWARE\Microsoft\Windows\CurrentVersion\Run
User: NT AUTHORITY\SYSTEM"
"12/17/2025 7:59:18 AM","23","File Delete archived:
RuleName: FileDelete
UtcTime: 2025-12-17 07:59:18.322
ProcessGuid: {f995aebf-59d7-6942-0c00-000000000e00}
ProcessId: 980
User: NT AUTHORITY\SYSTEM
Image: C:\Windows\system32\services.exe
TargetFilename: C:\Windows\security\logs\scesrv.log
Hashes: SHA256=F9E4B28947BEFDC9B1B691C03D4B7CE0031234770CFA1BEBCBFF035E9D0B9000
IsExecutable: false
Archived: true"
"12/17/2025 7:59:17 AM","13","Registry value set:
RuleName: T1547.001
EventType: SetValue
UtcTime: 2025-12-17 07:59:17.701
ProcessGuid: {f995aebf-62d5-6942-b704-000000000e00}
ProcessId: 5648
Image: C:\Windows\System32\WindowsPowerShell\v1.0\powershell.exe
TargetObject: HKLM\SOFTWARE\Microsoft\Windows NT\CurrentVersion\Winlogon\Shell
Details: explorer.exe, C:\Windows\explorer.exe
User: runnervm8j6r3\runneradmin"
"12/17/2025 7:59:17 AM","13","Registry value set:
RuleName: T1547.001
EventType: SetValue
UtcTime: 2025-12-17 07:59:17.698
ProcessGuid: {f995aebf-62d5-6942-b704-000000000e00}
ProcessId: 5648
Image: C:\Windows\System32\WindowsPowerShell\v1.0\powershell.exe
TargetObject: HKLM\SOFTWARE\Microsoft\Windows NT\CurrentVersion\Winlogon\Shell-backup
Details: explorer.exe
User: runnervm8j6r3\runneradmin"
"12/17/2025 7:59:17 AM","23","File Delete archived:
RuleName: FileDelete
UtcTime: 2025-12-17 07:59:17.510
ProcessGuid: {f995aebf-62d5-6942-b704-000000000e00}
ProcessId: 5648
User: runnervm8j6r3\runneradmin
Image: C:\Windows\System32\WindowsPowerShell\v1.0\powershell.exe
TargetFilename: C:\Users\runneradmin\AppData\Local\Temp\__PSScriptPolicyTest_hhr22kyc.hso.ps1
Hashes: SHA256=96AD1146EB96877EAB5942AE0736B82D8B5E2039A80D3D6932665C1A4C87DCF7
IsExecutable: false
Archived: true"
"12/17/2025 7:59:17 AM","13","Registry value set:
RuleName: RegistryEvent
EventType: SetValue
UtcTime: 2025-12-17 07:59:17.180
ProcessGuid: {f995aebf-62d4-6942-b504-000000000e00}
ProcessId: 9656
Image: C:\Windows\System32\WindowsPowerShell\v1.0\powershell.exe
TargetObject: HKLM\SOFTWARE\Microsoft\Windows NT\CurrentVersion\Winlogon\Userinit
Details: C:\Windows\system32\userinit.exe, C:\Windows\System32\calc.exe
User: runnervm8j6r3\runneradmin"
"12/17/2025 7:59:17 AM","13","Registry value set:
RuleName: RegistryEvent
EventType: SetValue
UtcTime: 2025-12-17 07:59:17.178
ProcessGuid: {f995aebf-62d4-6942-b504-000000000e00}
ProcessId: 9656
Image: C:\Windows\System32\WindowsPowerShell\v1.0\powershell.exe
TargetObject: HKLM\SOFTWARE\Microsoft\Windows NT\CurrentVersion\Winlogon\Userinit-backup
Details: C:\Windows\system32\userinit.exe,
User: runnervm8j6r3\runneradmin"
"12/17/2025 7:59:16 AM","23","File Delete archived:
RuleName: FileDelete
UtcTime: 2025-12-17 07:59:16.994
ProcessGuid: {f995aebf-62d4-6942-b504-000000000e00}
ProcessId: 9656
User: runnervm8j6r3\runneradmin
Image: C:\Windows\System32\WindowsPowerShell\v1.0\powershell.exe
TargetFilename: C:\Users\runneradmin\AppData\Local\Temp\__PSScriptPolicyTest_baxs4c0u.y2r.ps1
Hashes: SHA256=96AD1146EB96877EAB5942AE0736B82D8B5E2039A80D3D6932665C1A4C87DCF7
IsExecutable: false
Archived: true"
"12/17/2025 7:59:16 AM","13","Registry value set:
RuleName: T1547.001,RunPolicy
EventType: SetValue
UtcTime: 2025-12-17 07:59:16.670
ProcessGuid: {f995aebf-62d4-6942-b304-000000000e00}
ProcessId: 5512
Image: C:\Windows\System32\WindowsPowerShell\v1.0\powershell.exe
TargetObject: HKLM\SOFTWARE\Microsoft\Windows\CurrentVersion\Policies\Explorer\Run\atomictest
Details: C:\Windows\System32\calc.exe
User: runnervm8j6r3\runneradmin"
"12/17/2025 7:59:16 AM","12","Registry object added or deleted:
RuleName: T1547.001,RunPolicy
EventType: CreateKey
UtcTime: 2025-12-17 07:59:16.549
ProcessGuid: {f995aebf-62d4-6942-b304-000000000e00}
ProcessId: 5512
Image: C:\Windows\System32\WindowsPowerShell\v1.0\powershell.exe
TargetObject: HKLM\SOFTWARE\Microsoft\Windows\CurrentVersion\Policies\Explorer\Run
User: runnervm8j6r3\runneradmin"
"12/17/2025 7:59:16 AM","23","File Delete archived:
RuleName: FileDelete
UtcTime: 2025-12-17 07:59:16.329
ProcessGuid: {f995aebf-62d4-6942-b304-000000000e00}
ProcessId: 5512
User: runnervm8j6r3\runneradmin
Image: C:\Windows\System32\WindowsPowerShell\v1.0\powershell.exe
TargetFilename: C:\Users\runneradmin\AppData\Local\Temp\__PSScriptPolicyTest_d12nthgc.lox.ps1
Hashes: SHA256=96AD1146EB96877EAB5942AE0736B82D8B5E2039A80D3D6932665C1A4C87DCF7
IsExecutable: false
Archived: true"
"12/17/2025 7:59:15 AM","13","Registry value set:
RuleName: T1547.001,RunPolicy
EventType: SetValue
UtcTime: 2025-12-17 07:59:15.973
ProcessGuid: {f995aebf-62d3-6942-b104-000000000e00}
ProcessId: 8204
Image: C:\Windows\System32\WindowsPowerShell\v1.0\powershell.exe
TargetObject: HKU\S-1-5-21-3430515368-916141482-256631409-500\SOFTWARE\Microsoft\Windows\CurrentVersion\Policies\Explorer\Run\atomictest
Details: C:\Windows\System32\calc.exe
User: runnervm8j6r3\runneradmin"
"12/17/2025 7:59:15 AM","12","Registry object added or deleted:
RuleName: T1547.001,RunPolicy
EventType: CreateKey
UtcTime: 2025-12-17 07:59:15.962
ProcessGuid: {f995aebf-62d3-6942-b104-000000000e00}
ProcessId: 8204
Image: C:\Windows\System32\WindowsPowerShell\v1.0\powershell.exe
TargetObject: HKU\S-1-5-21-3430515368-916141482-256631409-500\SOFTWARE\Microsoft\Windows\CurrentVersion\Policies\Explorer\Run
User: runnervm8j6r3\runneradmin"
"12/17/2025 7:59:15 AM","23","File Delete archived:
RuleName: FileDelete
UtcTime: 2025-12-17 07:59:15.627
ProcessGuid: {f995aebf-62d3-6942-b104-000000000e00}
ProcessId: 8204
User: runnervm8j6r3\runneradmin
Image: C:\Windows\System32\WindowsPowerShell\v1.0\powershell.exe
TargetFilename: C:\Users\runneradmin\AppData\Local\Temp\__PSScriptPolicyTest_g1yfhdoj.2k4.ps1
Hashes: SHA256=96AD1146EB96877EAB5942AE0736B82D8B5E2039A80D3D6932665C1A4C87DCF7
IsExecutable: false
Archived: true"
"12/17/2025 7:59:15 AM","13","Registry value set:
RuleName: T1112,ChangeStartupFolderPath
EventType: SetValue
UtcTime: 2025-12-17 07:59:15.307
ProcessGuid: {f995aebf-62d2-6942-af04-000000000e00}
ProcessId: 6124
Image: C:\Windows\System32\WindowsPowerShell\v1.0\powershell.exe
TargetObject: HKU\S-1-5-21-3430515368-916141482-256631409-500\SOFTWARE\Microsoft\Windows\CurrentVersion\Explorer\User Shell Folders\Startup
Details: C:\Users\RUNNER~1\AppData\Local\Temp\atomictest\
User: runnervm8j6r3\runneradmin"
"12/17/2025 7:59:15 AM","23","File Delete archived:
RuleName: FileDelete
UtcTime: 2025-12-17 07:59:15.301
ProcessGuid: {f995aebf-62d2-6942-af04-000000000e00}
ProcessId: 6124
User: runnervm8j6r3\runneradmin
Image: C:\Windows\System32\WindowsPowerShell\v1.0\powershell.exe
TargetFilename: C:\Users\runneradmin\AppData\Local\Temp\atomictest\calc.exe
Hashes: SHA256=81BD48985FA1753E9E2158A7CF969141EDDDBD050E976801BB477E24A2A06B2A
IsExecutable: false
Archived: true"
"12/17/2025 7:59:15 AM","23","File Delete archived:
RuleName: FileDelete
UtcTime: 2025-12-17 07:59:15.055
ProcessGuid: {f995aebf-62d2-6942-af04-000000000e00}
ProcessId: 6124
User: runnervm8j6r3\runneradmin
Image: C:\Windows\System32\WindowsPowerShell\v1.0\powershell.exe
TargetFilename: C:\Users\runneradmin\AppData\Local\Temp\__PSScriptPolicyTest_dc4jyt3j.tjy.ps1
Hashes: SHA256=96AD1146EB96877EAB5942AE0736B82D8B5E2039A80D3D6932665C1A4C87DCF7
IsExecutable: false
Archived: true"
"12/17/2025 7:59:14 AM","23","File Delete archived:
RuleName: FileDelete
UtcTime: 2025-12-17 07:59:14.520
ProcessGuid: {f995aebf-62d2-6942-ad04-000000000e00}
ProcessId: 7348
User: runnervm8j6r3\runneradmin
Image: C:\Windows\System32\WindowsPowerShell\v1.0\powershell.exe
TargetFilename: C:\Users\runneradmin\AppData\Local\Temp\__PSScriptPolicyTest_xkhmg4qd.wtm.ps1
Hashes: SHA256=96AD1146EB96877EAB5942AE0736B82D8B5E2039A80D3D6932665C1A4C87DCF7
IsExecutable: false
Archived: true"
"12/17/2025 7:59:14 AM","13","Registry value set:
RuleName: T1547.001,RunKey
EventType: SetValue
UtcTime: 2025-12-17 07:59:14.192
ProcessGuid: {f995aebf-62d1-6942-ab04-000000000e00}
ProcessId: 8
Image: C:\Windows\System32\WindowsPowerShell\v1.0\powershell.exe
TargetObject: HKU\S-1-5-21-3430515368-916141482-256631409-500\SOFTWARE\Microsoft\Windows\CurrentVersion\Run\socks5_powershell
Details: powershell.exe -windowstyle hidden -ExecutionPolicy Bypass -File
User: runnervm8j6r3\runneradmin"
"12/17/2025 7:59:14 AM","23","File Delete archived:
RuleName: FileDelete
UtcTime: 2025-12-17 07:59:14.010
ProcessGuid: {f995aebf-62d1-6942-ab04-000000000e00}
ProcessId: 8
User: runnervm8j6r3\runneradmin
Image: C:\Windows\System32\WindowsPowerShell\v1.0\powershell.exe
TargetFilename: C:\Users\runneradmin\AppData\Local\Temp\__PSScriptPolicyTest_nlqgrfyd.hop.ps1
Hashes: SHA256=96AD1146EB96877EAB5942AE0736B82D8B5E2039A80D3D6932665C1A4C87DCF7
IsExecutable: false
Archived: true"
"12/17/2025 7:59:13 AM","1","Process Create:
RuleName: ProcessCreate
UtcTime: 2025-12-17 07:59:13.909
ProcessGuid: {f995aebf-62d1-6942-ab04-000000000e00}
ProcessId: 8
Image: C:\Windows\System32\WindowsPowerShell\v1.0\powershell.exe
FileVersion: 10.0.26100.5074 (WinBuild.160101.0800)
Description: Windows PowerShell
Product: Microsoft? Windows? Operating System
Company: Microsoft Corporation
OriginalFileName: PowerShell.EXE
CommandLine: ""powershell.exe"" & {$RunKey = \""""HKCU:\Software\Microsoft\Windows\CurrentVersion\Run\""""
Set-ItemProperty -Path $RunKey -Name \""""socks5_powershell\"""" -Value \""""powershell.exe -windowstyle hidden -ExecutionPolicy Bypass -File\""""}
CurrentDirectory: C:\Users\RUNNER~1\AppData\Local\Temp\
User: runnervm8j6r3\runneradmin
LogonGuid: {f995aebf-59f4-6942-4710-0c0000000000}
LogonId: 0xC1047
TerminalSessionId: 2
IntegrityLevel: High
Hashes: SHA256=0FF6F2C94BC7E2833A5F7E16DE1622E5DBA70396F31C7D5F56381870317E8C46
ParentProcessGuid: {f995aebf-60ec-6942-0703-000000000e00}
ParentProcessId: 3536
ParentImage: C:\Windows\System32\WindowsPowerShell\v1.0\powershell.exe
ParentCommandLine: ""C:\Windows\System32\WindowsPowerShell\v1.0\powershell.EXE"" -command "". 'D:\a\_temp\8efd10a8-1763-436a-930a-0032ad72e967.ps1'""
ParentUser: runnervm8j6r3\runneradmin"
"12/17/2025 7:59:13 AM","13","Registry value set:
RuleName: T1546.001
EventType: SetValue
UtcTime: 2025-12-17 07:59:13.684
ProcessGuid: {f995aebf-62d1-6942-aa04-000000000e00}
ProcessId: 4272
Image: C:\Windows\system32\reg.exe
TargetObject: HKCR\CLSID\{645FF040-5081-101B-9F08-00AA002F954E}\shell\open\command\(Default)
Details: calc.exe
User: runnervm8j6r3\runneradmin"
"12/17/2025 7:59:13 AM","11","File created:
RuleName: FileCreate
UtcTime: 2025-12-17 07:59:13.419
ProcessGuid: {f995aebf-62d0-6942-a504-000000000e00}
ProcessId: 2676
Image: C:\Windows\System32\WindowsPowerShell\v1.0\powershell.exe
TargetFilename: C:\Users\runneradmin\AppData\Roaming\Microsoft\Windows\Start Menu\Programs\Startup\calc_exe.lnk
CreationUtcTime: 2025-12-17 07:59:13.419
User: runnervm8j6r3\runneradmin"
"12/17/2025 7:59:13 AM","7","Image loaded:
RuleName: ImageLoad
UtcTime: 2025-12-17 07:59:13.072
ProcessGuid: {f995aebf-62d0-6942-a704-000000000e00}
ProcessId: 900
Image: C:\Program Files\WindowsApps\Microsoft.WindowsTerminal_1.18.10301.0_x64__8wekyb3d8bbwe\WindowsTerminal.exe
ImageLoaded: C:\ProgramData\Microsoft\VisualStudio\Setup\x64\Microsoft.VisualStudio.Setup.Configuration.Native.dll
FileVersion: 3.12.2140.44225
Description: Configuration for Visual Studio Setup
Product: Visual Studio
Company: Microsoft Corporation
OriginalFileName: Microsoft.VisualStudio.Setup.Configuration.Native.dll
Hashes: SHA256=2D64E8F75E487211367CE99D49171695D9CDD47D855F27B920FCFFDE422F3A58
Signed: true
Signature: Microsoft Corporation
SignatureStatus: Valid
User: runnervm8j6r3\runneradmin"
"12/17/2025 7:59:13 AM","23","File Delete archived:
RuleName: FileDelete
UtcTime: 2025-12-17 07:59:13.059
ProcessGuid: {f995aebf-62d0-6942-a504-000000000e00}
ProcessId: 2676
User: runnervm8j6r3\runneradmin
Image: C:\Windows\System32\WindowsPowerShell\v1.0\powershell.exe
TargetFilename: C:\Users\runneradmin\AppData\Local\Temp\__PSScriptPolicyTest_osaiwe5p.3si.ps1
Hashes: SHA256=96AD1146EB96877EAB5942AE0736B82D8B5E2039A80D3D6932665C1A4C87DCF7
IsExecutable: false
Archived: true"
"12/17/2025 7:59:12 AM","7","Image loaded:
RuleName: ImageLoad
UtcTime: 2025-12-17 07:59:12.752
ProcessGuid: {f995aebf-62d0-6942-a404-000000000e00}
ProcessId: 2932
Image: C:\Program Files\WindowsApps\Microsoft.WindowsTerminal_1.18.10301.0_x64__8wekyb3d8bbwe\WindowsTerminal.exe
ImageLoaded: C:\ProgramData\Microsoft\VisualStudio\Setup\x64\Microsoft.VisualStudio.Setup.Configuration.Native.dll
FileVersion: 3.12.2140.44225
Description: Configuration for Visual Studio Setup
Product: Visual Studio
Company: Microsoft Corporation
OriginalFileName: Microsoft.VisualStudio.Setup.Configuration.Native.dll
Hashes: SHA256=2D64E8F75E487211367CE99D49171695D9CDD47D855F27B920FCFFDE422F3A58
Signed: true
Signature: Microsoft Corporation
SignatureStatus: Valid
User: runnervm8j6r3\runneradmin"
"12/17/2025 7:59:12 AM","7","Image loaded:
RuleName: ImageLoad
UtcTime: 2025-12-17 07:59:12.634
ProcessGuid: {f995aebf-62d0-6942-a104-000000000e00}
ProcessId: 7292
Image: C:\Windows\System32\conhost.exe
ImageLoaded: C:\ProgramData\Microsoft\Windows\AppRepository\Packages\Microsoft.WindowsTerminal_1.18.10301.0_x64__8wekyb3d8bbwe\PackagedCom\OpenConsoleProxy.dll
FileVersion: -
Description: -
Product: -
Company: -
OriginalFileName: -
Hashes: SHA256=D8EF36FC593530AD64DBEE74BC4D384D9413F235A4D34826A475A982DD79F54C
Signed: true
Signature: Microsoft Corporation
SignatureStatus: Valid
User: runnervm8j6r3\runneradmin"
"12/17/2025 7:59:12 AM","7","Image loaded:
RuleName: ImageLoad
UtcTime: 2025-12-17 07:59:12.631
ProcessGuid: {f995aebf-62d0-6942-a304-000000000e00}
ProcessId: 8040
Image: C:\Program Files\WindowsApps\Microsoft.WindowsTerminal_1.18.10301.0_x64__8wekyb3d8bbwe\OpenConsole.exe
ImageLoaded: C:\ProgramData\Microsoft\Windows\AppRepository\Packages\Microsoft.WindowsTerminal_1.18.10301.0_x64__8wekyb3d8bbwe\PackagedCom\OpenConsoleProxy.dll
FileVersion: -
Description: -
Product: -
Company: -
OriginalFileName: -
Hashes: SHA256=D8EF36FC593530AD64DBEE74BC4D384D9413F235A4D34826A475A982DD79F54C
Signed: true
Signature: Microsoft Corporation
SignatureStatus: Valid
User: runnervm8j6r3\runneradmin"
"12/17/2025 7:59:12 AM","7","Image loaded:
RuleName: ImageLoad
UtcTime: 2025-12-17 07:59:12.574
ProcessGuid: {f995aebf-62d0-6942-9f04-000000000e00}
ProcessId: 5200
Image: C:\Windows\System32\conhost.exe
ImageLoaded: C:\ProgramData\Microsoft\Windows\AppRepository\Packages\Microsoft.WindowsTerminal_1.18.10301.0_x64__8wekyb3d8bbwe\PackagedCom\OpenConsoleProxy.dll
FileVersion: -
Description: -
Product: -
Company: -
OriginalFileName: -
Hashes: SHA256=D8EF36FC593530AD64DBEE74BC4D384D9413F235A4D34826A475A982DD79F54C
Signed: true
Signature: Microsoft Corporation
SignatureStatus: Valid
User: runnervm8j6r3\runneradmin"
"12/17/2025 7:59:12 AM","7","Image loaded:
RuleName: ImageLoad
UtcTime: 2025-12-17 07:59:12.572
ProcessGuid: {f995aebf-62d0-6942-a204-000000000e00}
ProcessId: 208
Image: C:\Program Files\WindowsApps\Microsoft.WindowsTerminal_1.18.10301.0_x64__8wekyb3d8bbwe\OpenConsole.exe
ImageLoaded: C:\ProgramData\Microsoft\Windows\AppRepository\Packages\Microsoft.WindowsTerminal_1.18.10301.0_x64__8wekyb3d8bbwe\PackagedCom\OpenConsoleProxy.dll
FileVersion: -
Description: -
Product: -
Company: -
OriginalFileName: -
Hashes: SHA256=D8EF36FC593530AD64DBEE74BC4D384D9413F235A4D34826A475A982DD79F54C
Signed: true
Signature: Microsoft Corporation
SignatureStatus: Valid
User: runnervm8j6r3\runneradmin"
"12/17/2025 7:59:12 AM","11","File created:
RuleName: FileCreate
UtcTime: 2025-12-17 07:59:12.458
ProcessGuid: {f995aebf-62d0-6942-9c04-000000000e00}
ProcessId: 3168
Image: C:\Windows\System32\WindowsPowerShell\v1.0\powershell.exe
TargetFilename: C:\ProgramData\Microsoft\Windows\Start Menu\Programs\Startup\batstartup.bat
CreationUtcTime: 2025-12-17 07:59:12.458
User: runnervm8j6r3\runneradmin"
"12/17/2025 7:59:12 AM","11","File created:
RuleName: FileCreate
UtcTime: 2025-12-17 07:59:12.456
ProcessGuid: {f995aebf-62d0-6942-9c04-000000000e00}
ProcessId: 3168
Image: C:\Windows\System32\WindowsPowerShell\v1.0\powershell.exe
TargetFilename: C:\Users\runneradmin\AppData\Roaming\Microsoft\Windows\Start Menu\Programs\Startup\batstartup.bat
CreationUtcTime: 2025-12-17 07:59:12.454
User: runnervm8j6r3\runneradmin"
"12/17/2025 7:59:12 AM","23","File Delete archived:
RuleName: FileDelete
UtcTime: 2025-12-17 07:59:12.261
ProcessGuid: {f995aebf-62d0-6942-9c04-000000000e00}
ProcessId: 3168
User: runnervm8j6r3\runneradmin
Image: C:\Windows\System32\WindowsPowerShell\v1.0\powershell.exe
TargetFilename: C:\Users\runneradmin\AppData\Local\Temp\__PSScriptPolicyTest_mcotryfe.rnw.ps1
Hashes: SHA256=96AD1146EB96877EAB5942AE0736B82D8B5E2039A80D3D6932665C1A4C87DCF7
IsExecutable: false
Archived: true"
"12/17/2025 7:59:11 AM","7","Image loaded:
RuleName: ImageLoad
UtcTime: 2025-12-17 07:59:11.902
ProcessGuid: {f995aebf-62cf-6942-9b04-000000000e00}
ProcessId: 1400
Image: C:\Windows\System32\cscript.exe
ImageLoaded: C:\ProgramData\Microsoft\Windows Defender\Platform\4.18.25110.5-0\MpOAV.dll
FileVersion: 4.18.25110.5 (4a6978a838df7287d907bb2ee8a2eeb2373b186e)
Description: IOfficeAntiVirus Module
Product: Microsoft? Windows? Operating System
Company: Microsoft Corporation
OriginalFileName: MpOAV.dll
Hashes: SHA256=0EF8AE9CC8E3722C0AE09B55531BBA2F2A3422CCF4A1BB9B37ABDB4808AAC232
Signed: true
Signature: Microsoft Windows
SignatureStatus: Valid
User: runnervm8j6r3\runneradmin"
"12/17/2025 7:59:11 AM","1","Process Create:
RuleName: ProcessCreate
UtcTime: 2025-12-17 07:59:11.876
ProcessGuid: {f995aebf-62cf-6942-9b04-000000000e00}
ProcessId: 1400
Image: C:\Windows\System32\cscript.exe
FileVersion: 10.0.26100.7019
Description: Microsoft ? Console Based Script Host
Product: Microsoft ? Windows Script Host
Company: Microsoft Corporation
OriginalFileName: cscript.exe
CommandLine: ""C:\Windows\system32\cscript.exe"" /E:Jscript ""C:\ProgramData\Microsoft\Windows\Start Menu\Programs\StartUp\jsestartup.jse""
CurrentDirectory: C:\Users\runneradmin\AppData\Local\Temp\
User: runnervm8j6r3\runneradmin
LogonGuid: {f995aebf-59f4-6942-4710-0c0000000000}
LogonId: 0xC1047
TerminalSessionId: 2
IntegrityLevel: High
Hashes: SHA256=9521FCB41599FBEE8F44182F77E19F0FCA97D4E8199B1E8D97FCAD66B5A55DB2
ParentProcessGuid: {f995aebf-62cf-6942-9804-000000000e00}
ParentProcessId: 7408
ParentImage: C:\Windows\System32\WindowsPowerShell\v1.0\powershell.exe
ParentCommandLine: ""powershell.exe"" & {Copy-Item \""""C:\AtomicRedTeam\atomics\T1547.001\src\jsestartup.jse\"""" \""""$env:APPDATA\Microsoft\Windows\Start Menu\Programs\Startup\jsestartup.jse\""""
Copy-Item \""""C:\AtomicRedTeam\atomics\T1547.001\src\jsestartup.jse\"""" \""""C:\ProgramData\Microsoft\Windows\Start Menu\Programs\StartUp\jsestartup.jse\""""
cscript.exe /E:Jscript \""""$env:APPDATA\Microsoft\Windows\Start Menu\Programs\Startup\jsestartup.jse\""""
cscript.exe /E:Jscript \""""C:\ProgramData\Microsoft\Windows\Start Menu\Programs\StartUp\jsestartup.jse\""""}
ParentUser: runnervm8j6r3\runneradmin"
"12/17/2025 7:59:11 AM","7","Image loaded:
RuleName: ImageLoad
UtcTime: 2025-12-17 07:59:11.854
ProcessGuid: {f995aebf-62cf-6942-9a04-000000000e00}
ProcessId: 904
Image: C:\Windows\System32\cscript.exe
ImageLoaded: C:\ProgramData\Microsoft\Windows Defender\Platform\4.18.25110.5-0\MpOAV.dll
FileVersion: 4.18.25110.5 (4a6978a838df7287d907bb2ee8a2eeb2373b186e)
Description: IOfficeAntiVirus Module
Product: Microsoft? Windows? Operating System
Company: Microsoft Corporation
OriginalFileName: MpOAV.dll
Hashes: SHA256=0EF8AE9CC8E3722C0AE09B55531BBA2F2A3422CCF4A1BB9B37ABDB4808AAC232
Signed: true
Signature: Microsoft Windows
SignatureStatus: Valid
User: runnervm8j6r3\runneradmin"
"12/17/2025 7:59:11 AM","1","Process Create:
RuleName: ProcessCreate
UtcTime: 2025-12-17 07:59:11.826
ProcessGuid: {f995aebf-62cf-6942-9a04-000000000e00}
ProcessId: 904
Image: C:\Windows\System32\cscript.exe
FileVersion: 10.0.26100.7019
Description: Microsoft ? Console Based Script Host
Product: Microsoft ? Windows Script Host
Company: Microsoft Corporation
OriginalFileName: cscript.exe
CommandLine: ""C:\Windows\system32\cscript.exe"" /E:Jscript ""C:\Users\runneradmin\AppData\Roaming\Microsoft\Windows\Start Menu\Programs\Startup\jsestartup.jse""
CurrentDirectory: C:\Users\runneradmin\AppData\Local\Temp\
User: runnervm8j6r3\runneradmin
LogonGuid: {f995aebf-59f4-6942-4710-0c0000000000}
LogonId: 0xC1047
TerminalSessionId: 2
IntegrityLevel: High
Hashes: SHA256=9521FCB41599FBEE8F44182F77E19F0FCA97D4E8199B1E8D97FCAD66B5A55DB2
ParentProcessGuid: {f995aebf-62cf-6942-9804-000000000e00}
ParentProcessId: 7408
ParentImage: C:\Windows\System32\WindowsPowerShell\v1.0\powershell.exe
ParentCommandLine: ""powershell.exe"" & {Copy-Item \""""C:\AtomicRedTeam\atomics\T1547.001\src\jsestartup.jse\"""" \""""$env:APPDATA\Microsoft\Windows\Start Menu\Programs\Startup\jsestartup.jse\""""
Copy-Item \""""C:\AtomicRedTeam\atomics\T1547.001\src\jsestartup.jse\"""" \""""C:\ProgramData\Microsoft\Windows\Start Menu\Programs\StartUp\jsestartup.jse\""""
cscript.exe /E:Jscript \""""$env:APPDATA\Microsoft\Windows\Start Menu\Programs\Startup\jsestartup.jse\""""
cscript.exe /E:Jscript \""""C:\ProgramData\Microsoft\Windows\Start Menu\Programs\StartUp\jsestartup.jse\""""}
ParentUser: runnervm8j6r3\runneradmin"
"12/17/2025 7:59:11 AM","11","File created:
RuleName: FileCreate
UtcTime: 2025-12-17 07:59:11.821
ProcessGuid: {f995aebf-62cf-6942-9804-000000000e00}
ProcessId: 7408
Image: C:\Windows\System32\WindowsPowerShell\v1.0\powershell.exe
TargetFilename: C:\ProgramData\Microsoft\Windows\Start Menu\Programs\Startup\jsestartup.jse
CreationUtcTime: 2025-12-17 07:59:11.817
User: runnervm8j6r3\runneradmin"
"12/17/2025 7:59:11 AM","11","File created:
RuleName: FileCreate
UtcTime: 2025-12-17 07:59:11.815
ProcessGuid: {f995aebf-62cf-6942-9804-000000000e00}
ProcessId: 7408
Image: C:\Windows\System32\WindowsPowerShell\v1.0\powershell.exe
TargetFilename: C:\Users\runneradmin\AppData\Roaming\Microsoft\Windows\Start Menu\Programs\Startup\jsestartup.jse
CreationUtcTime: 2025-12-17 07:59:11.815
User: runnervm8j6r3\runneradmin"
"12/17/2025 7:59:11 AM","23","File Delete archived:
RuleName: FileDelete
UtcTime: 2025-12-17 07:59:11.631
ProcessGuid: {f995aebf-62cf-6942-9804-000000000e00}
ProcessId: 7408
User: runnervm8j6r3\runneradmin
Image: C:\Windows\System32\WindowsPowerShell\v1.0\powershell.exe
TargetFilename: C:\Users\runneradmin\AppData\Local\Temp\__PSScriptPolicyTest_qwmzezga.1xj.ps1
Hashes: SHA256=96AD1146EB96877EAB5942AE0736B82D8B5E2039A80D3D6932665C1A4C87DCF7
IsExecutable: false
Archived: true"
"12/17/2025 7:59:11 AM","7","Image loaded:
RuleName: ImageLoad
UtcTime: 2025-12-17 07:59:11.273
ProcessGuid: {f995aebf-62cf-6942-9704-000000000e00}
ProcessId: 892
Image: C:\Windows\System32\cscript.exe
ImageLoaded: C:\ProgramData\Microsoft\Windows Defender\Platform\4.18.25110.5-0\MpOAV.dll
FileVersion: 4.18.25110.5 (4a6978a838df7287d907bb2ee8a2eeb2373b186e)
Description: IOfficeAntiVirus Module
Product: Microsoft? Windows? Operating System
Company: Microsoft Corporation
OriginalFileName: MpOAV.dll
Hashes: SHA256=0EF8AE9CC8E3722C0AE09B55531BBA2F2A3422CCF4A1BB9B37ABDB4808AAC232
Signed: true
Signature: Microsoft Windows
SignatureStatus: Valid
User: runnervm8j6r3\runneradmin"
"12/17/2025 7:59:11 AM","1","Process Create:
RuleName: ProcessCreate
UtcTime: 2025-12-17 07:59:11.247
ProcessGuid: {f995aebf-62cf-6942-9704-000000000e00}
ProcessId: 892
Image: C:\Windows\System32\cscript.exe
FileVersion: 10.0.26100.7019
Description: Microsoft ? Console Based Script Host
Product: Microsoft ? Windows Script Host
Company: Microsoft Corporation
OriginalFileName: cscript.exe
CommandLine: ""C:\Windows\system32\cscript.exe"" ""C:\ProgramData\Microsoft\Windows\Start Menu\Programs\StartUp\vbsstartup.vbs""
CurrentDirectory: C:\Users\runneradmin\AppData\Local\Temp\
User: runnervm8j6r3\runneradmin
LogonGuid: {f995aebf-59f4-6942-4710-0c0000000000}
LogonId: 0xC1047
TerminalSessionId: 2
IntegrityLevel: High
Hashes: SHA256=9521FCB41599FBEE8F44182F77E19F0FCA97D4E8199B1E8D97FCAD66B5A55DB2
ParentProcessGuid: {f995aebf-62ce-6942-9404-000000000e00}
ParentProcessId: 4320
ParentImage: C:\Windows\System32\WindowsPowerShell\v1.0\powershell.exe
ParentCommandLine: ""powershell.exe"" & {Copy-Item \""""C:\AtomicRedTeam\atomics\T1547.001\src\vbsstartup.vbs\"""" \""""$env:APPDATA\Microsoft\Windows\Start Menu\Programs\Startup\vbsstartup.vbs\""""
Copy-Item \""""C:\AtomicRedTeam\atomics\T1547.001\src\vbsstartup.vbs\"""" \""""C:\ProgramData\Microsoft\Windows\Start Menu\Programs\StartUp\vbsstartup.vbs\""""
cscript.exe \""""$env:APPDATA\Microsoft\Windows\Start Menu\Programs\Startup\vbsstartup.vbs\""""
cscript.exe \""""C:\ProgramData\Microsoft\Windows\Start Menu\Programs\StartUp\vbsstartup.vbs\""""}
ParentUser: runnervm8j6r3\runneradmin"
"12/17/2025 7:59:11 AM","7","Image loaded:
RuleName: ImageLoad
UtcTime: 2025-12-17 07:59:11.212
ProcessGuid: {f995aebf-62cf-6942-9604-000000000e00}
ProcessId: 8084
Image: C:\Windows\System32\cscript.exe
ImageLoaded: C:\ProgramData\Microsoft\Windows Defender\Platform\4.18.25110.5-0\MpOAV.dll
FileVersion: 4.18.25110.5 (4a6978a838df7287d907bb2ee8a2eeb2373b186e)
Description: IOfficeAntiVirus Module
Product: Microsoft? Windows? Operating System
Company: Microsoft Corporation
OriginalFileName: MpOAV.dll
Hashes: SHA256=0EF8AE9CC8E3722C0AE09B55531BBA2F2A3422CCF4A1BB9B37ABDB4808AAC232
Signed: true
Signature: Microsoft Windows
SignatureStatus: Valid
User: runnervm8j6r3\runneradmin"
