"TimeCreated","Id","Message"
"12/17/2025 8:49:18 AM","22","Dns query:
RuleName: DnsQuery
UtcTime: 2025-12-17 08:49:16.052
ProcessGuid: {f995aebf-6e8a-6942-8011-000000000e00}
ProcessId: 3584
QueryName: _ldap._tcp.dc._msdcs.runnervm8j6r3
QueryStatus: 9003
QueryResults: -
Image: C:\Windows\System32\WindowsPowerShell\v1.0\powershell.exe
User: runnervm8j6r3\runneradmin"
"12/17/2025 8:49:16 AM","3","Network connection detected:
RuleName: NetworkConnect
UtcTime: 2025-12-17 08:49:14.685
ProcessGuid: {f995aebf-6e8a-6942-8011-000000000e00}
ProcessId: 3584
Image: C:\Windows\System32\WindowsPowerShell\v1.0\powershell.exe
User: runnervm8j6r3\runneradmin
Protocol: tcp
Initiated: true
SourceIsIpv6: false
SourceIp: 10.1.0.149
SourceHostname: runnervm8j6r3.o3imerjm4krehdeh0rvc5luiwc.bx.internal.cloudapp.net
SourcePort: 60379
SourcePortName: -
DestinationIsIpv6: false
DestinationIp: 185.199.109.133
DestinationHostname: cdn-185-199-109-133.github.com
DestinationPort: 443
DestinationPortName: https"
"12/17/2025 8:49:16 AM","22","Dns query:
RuleName: DnsQuery
UtcTime: 2025-12-17 08:49:14.681
ProcessGuid: {f995aebf-6e8a-6942-8011-000000000e00}
ProcessId: 3584
QueryName: raw.githubusercontent.com
QueryStatus: 0
QueryResults: ::ffff:185.199.109.133;::ffff:185.199.110.133;::ffff:185.199.111.133;::ffff:185.199.108.133;
Image: C:\Windows\System32\WindowsPowerShell\v1.0\powershell.exe
User: runnervm8j6r3\runneradmin"
"12/17/2025 8:49:16 AM","22","Dns query:
RuleName: DnsQuery
UtcTime: 2025-12-17 08:49:13.883
ProcessGuid: {f995aebf-6e88-6942-7e11-000000000e00}
ProcessId: 8664
QueryName: _ldap._tcp.dc._msdcs.runnervm8j6r3
QueryStatus: 9003
QueryResults: -
Image: C:\Windows\System32\WindowsPowerShell\v1.0\powershell.exe
User: runnervm8j6r3\runneradmin"
"12/17/2025 8:49:13 AM","3","Network connection detected:
RuleName: NetworkConnect
UtcTime: 2025-12-17 08:49:12.489
ProcessGuid: {f995aebf-6e88-6942-7e11-000000000e00}
ProcessId: 8664
Image: C:\Windows\System32\WindowsPowerShell\v1.0\powershell.exe
User: runnervm8j6r3\runneradmin
Protocol: tcp
Initiated: true
SourceIsIpv6: false
SourceIp: 10.1.0.149
SourceHostname: runnervm8j6r3.o3imerjm4krehdeh0rvc5luiwc.bx.internal.cloudapp.net
SourcePort: 60378
SourcePortName: -
DestinationIsIpv6: false
DestinationIp: 185.199.109.133
DestinationHostname: cdn-185-199-109-133.github.com
DestinationPort: 443
DestinationPortName: https"
"12/17/2025 8:49:13 AM","22","Dns query:
RuleName: DnsQuery
UtcTime: 2025-12-17 08:49:12.485
ProcessGuid: {f995aebf-6e88-6942-7e11-000000000e00}
ProcessId: 8664
QueryName: raw.githubusercontent.com
QueryStatus: 0
QueryResults: ::ffff:185.199.109.133;::ffff:185.199.110.133;::ffff:185.199.111.133;::ffff:185.199.108.133;
Image: C:\Windows\System32\WindowsPowerShell\v1.0\powershell.exe
User: runnervm8j6r3\runneradmin"
"12/17/2025 8:48:59 AM","22","Dns query:
RuleName: DnsQuery
UtcTime: 2025-12-17 08:48:57.950
ProcessGuid: {f995aebf-6e78-6942-4c11-000000000e00}
ProcessId: 8080
QueryName: _ldap._tcp.dc._msdcs.runnervm8j6r3
QueryStatus: 9003
QueryResults: -
Image: C:\Windows\System32\WindowsPowerShell\v1.0\powershell.exe
User: runnervm8j6r3\runneradmin"
"12/17/2025 8:48:59 AM","22","Dns query:
RuleName: DnsQuery
UtcTime: 2025-12-17 08:48:56.600
ProcessGuid: {f995aebf-6e78-6942-4c11-000000000e00}
ProcessId: 8080
QueryName: raw.githubusercontent.com
QueryStatus: 0
QueryResults: ::ffff:185.199.109.133;::ffff:185.199.110.133;::ffff:185.199.111.133;::ffff:185.199.108.133;
Image: C:\Windows\System32\WindowsPowerShell\v1.0\powershell.exe
User: runnervm8j6r3\runneradmin"
"12/17/2025 8:48:57 AM","3","Network connection detected:
RuleName: NetworkConnect
UtcTime: 2025-12-17 08:48:56.603
ProcessGuid: {f995aebf-6e78-6942-4c11-000000000e00}
ProcessId: 8080
Image: C:\Windows\System32\WindowsPowerShell\v1.0\powershell.exe
User: runnervm8j6r3\runneradmin
Protocol: tcp
Initiated: true
SourceIsIpv6: false
SourceIp: 10.1.0.149
SourceHostname: runnervm8j6r3.o3imerjm4krehdeh0rvc5luiwc.bx.internal.cloudapp.net
SourcePort: 60371
SourcePortName: -
DestinationIsIpv6: false
DestinationIp: 185.199.109.133
DestinationHostname: cdn-185-199-109-133.github.com
DestinationPort: 443
DestinationPortName: https"
"12/17/2025 8:48:52 AM","22","Dns query:
RuleName: DnsQuery
UtcTime: 2025-12-17 08:48:51.538
ProcessGuid: {f995aebf-6e71-6942-3e11-000000000e00}
ProcessId: 4140
QueryName: _ldap._tcp.dc._msdcs.runnervm8j6r3
QueryStatus: 9003
QueryResults: -
Image: C:\Windows\System32\WindowsPowerShell\v1.0\powershell.exe
User: runnervm8j6r3\runneradmin"
"12/17/2025 8:48:52 AM","3","Network connection detected:
RuleName: NetworkConnect
UtcTime: 2025-12-17 08:48:50.051
ProcessGuid: {f995aebf-6e71-6942-3e11-000000000e00}
ProcessId: 4140
Image: C:\Windows\System32\WindowsPowerShell\v1.0\powershell.exe
User: runnervm8j6r3\runneradmin
Protocol: tcp
Initiated: true
SourceIsIpv6: false
SourceIp: 10.1.0.149
SourceHostname: runnervm8j6r3.o3imerjm4krehdeh0rvc5luiwc.bx.internal.cloudapp.net
SourcePort: 60369
SourcePortName: -
DestinationIsIpv6: false
DestinationIp: 185.199.109.133
DestinationHostname: cdn-185-199-109-133.github.com
DestinationPort: 443
DestinationPortName: https"
"12/17/2025 8:48:51 AM","22","Dns query:
RuleName: DnsQuery
UtcTime: 2025-12-17 08:48:50.047
ProcessGuid: {f995aebf-6e71-6942-3e11-000000000e00}
ProcessId: 4140
QueryName: raw.githubusercontent.com
QueryStatus: 0
QueryResults: ::ffff:185.199.109.133;::ffff:185.199.110.133;::ffff:185.199.111.133;::ffff:185.199.108.133;
Image: C:\Windows\System32\WindowsPowerShell\v1.0\powershell.exe
User: runnervm8j6r3\runneradmin"
"12/17/2025 8:48:50 AM","22","Dns query:
RuleName: DnsQuery
UtcTime: 2025-12-17 08:48:49.383
ProcessGuid: {f995aebf-6e6f-6942-3c11-000000000e00}
ProcessId: 7924
QueryName: _ldap._tcp.dc._msdcs.runnervm8j6r3
QueryStatus: 9003
QueryResults: -
Image: C:\Windows\System32\WindowsPowerShell\v1.0\powershell.exe
User: runnervm8j6r3\runneradmin"
"12/17/2025 8:48:50 AM","22","Dns query:
RuleName: DnsQuery
UtcTime: 2025-12-17 08:48:47.905
ProcessGuid: {f995aebf-6e6f-6942-3c11-000000000e00}
ProcessId: 7924
QueryName: raw.githubusercontent.com
QueryStatus: 0
QueryResults: ::ffff:185.199.109.133;::ffff:185.199.110.133;::ffff:185.199.111.133;::ffff:185.199.108.133;
Image: C:\Windows\System32\WindowsPowerShell\v1.0\powershell.exe
User: runnervm8j6r3\runneradmin"
"12/17/2025 8:48:49 AM","3","Network connection detected:
RuleName: NetworkConnect
UtcTime: 2025-12-17 08:48:47.909
ProcessGuid: {f995aebf-6e6f-6942-3c11-000000000e00}
ProcessId: 7924
Image: C:\Windows\System32\WindowsPowerShell\v1.0\powershell.exe
User: runnervm8j6r3\runneradmin
Protocol: tcp
Initiated: true
SourceIsIpv6: false
SourceIp: 10.1.0.149
SourceHostname: runnervm8j6r3.o3imerjm4krehdeh0rvc5luiwc.bx.internal.cloudapp.net
SourcePort: 60367
SourcePortName: -
DestinationIsIpv6: false
DestinationIp: 185.199.109.133
DestinationHostname: cdn-185-199-109-133.github.com
DestinationPort: 443
DestinationPortName: https"
"12/17/2025 8:48:48 AM","22","Dns query:
RuleName: DnsQuery
UtcTime: 2025-12-17 08:48:47.234
ProcessGuid: {f995aebf-6e6d-6942-3a11-000000000e00}
ProcessId: 1504
QueryName: _ldap._tcp.dc._msdcs.runnervm8j6r3
QueryStatus: 9003
QueryResults: -
Image: C:\Windows\System32\WindowsPowerShell\v1.0\powershell.exe
User: runnervm8j6r3\runneradmin"
"12/17/2025 8:48:47 AM","22","Dns query:
RuleName: DnsQuery
UtcTime: 2025-12-17 08:48:45.413
ProcessGuid: {f995aebf-6e6d-6942-3a11-000000000e00}
ProcessId: 1504
QueryName: raw.githubusercontent.com
QueryStatus: 0
QueryResults: ::ffff:185.199.109.133;::ffff:185.199.110.133;::ffff:185.199.111.133;::ffff:185.199.108.133;
Image: C:\Windows\System32\WindowsPowerShell\v1.0\powershell.exe
User: runnervm8j6r3\runneradmin"
"12/17/2025 8:48:47 AM","3","Network connection detected:
RuleName: NetworkConnect
UtcTime: 2025-12-17 08:48:45.416
ProcessGuid: {f995aebf-6e6d-6942-3a11-000000000e00}
ProcessId: 1504
Image: C:\Windows\System32\WindowsPowerShell\v1.0\powershell.exe
User: runnervm8j6r3\runneradmin
Protocol: tcp
Initiated: true
SourceIsIpv6: false
SourceIp: 10.1.0.149
SourceHostname: runnervm8j6r3.o3imerjm4krehdeh0rvc5luiwc.bx.internal.cloudapp.net
SourcePort: 60361
SourcePortName: -
DestinationIsIpv6: false
DestinationIp: 185.199.109.133
DestinationHostname: cdn-185-199-109-133.github.com
DestinationPort: 443
DestinationPortName: https"
"12/17/2025 8:47:27 AM","22","Dns query:
RuleName: DnsQuery
UtcTime: 2025-12-17 08:47:25.752
ProcessGuid: {f995aebf-6e1b-6942-b410-000000000e00}
ProcessId: 1180
QueryName: _ldap._tcp.dc._msdcs.runnervm8j6r3
QueryStatus: 9003
QueryResults: -
Image: C:\Windows\System32\WindowsPowerShell\v1.0\powershell.exe
User: runnervm8j6r3\runneradmin"
"12/17/2025 8:47:25 AM","3","Network connection detected:
RuleName: NetworkConnect
UtcTime: 2025-12-17 08:47:24.098
ProcessGuid: {f995aebf-6e1b-6942-b410-000000000e00}
ProcessId: 1180
Image: C:\Windows\System32\WindowsPowerShell\v1.0\powershell.exe
User: runnervm8j6r3\runneradmin
Protocol: tcp
Initiated: true
SourceIsIpv6: false
SourceIp: 10.1.0.149
SourceHostname: runnervm8j6r3.o3imerjm4krehdeh0rvc5luiwc.bx.internal.cloudapp.net
SourcePort: 60329
SourcePortName: -
DestinationIsIpv6: false
DestinationIp: 185.199.109.133
DestinationHostname: cdn-185-199-109-133.github.com
DestinationPort: 443
DestinationPortName: https"
"12/17/2025 8:47:25 AM","22","Dns query:
RuleName: DnsQuery
UtcTime: 2025-12-17 08:47:24.095
ProcessGuid: {f995aebf-6e1b-6942-b410-000000000e00}
ProcessId: 1180
QueryName: raw.githubusercontent.com
QueryStatus: 0
QueryResults: ::ffff:185.199.109.133;::ffff:185.199.110.133;::ffff:185.199.111.133;::ffff:185.199.108.133;
Image: C:\Windows\System32\WindowsPowerShell\v1.0\powershell.exe
User: runnervm8j6r3\runneradmin"
"12/17/2025 8:47:22 AM","3","Network connection detected:
RuleName: NetworkConnect
UtcTime: 2025-12-17 08:47:19.964
ProcessGuid: {f995aebf-6bed-6942-d80c-000000000e00}
ProcessId: 8660
Image: C:\Windows\System32\WindowsPowerShell\v1.0\powershell.exe
User: runnervm8j6r3\runneradmin
Protocol: udp
Initiated: true
SourceIsIpv6: false
SourceIp: 10.1.0.149
SourceHostname: runnervm8j6r3.o3imerjm4krehdeh0rvc5luiwc.bx.internal.cloudapp.net
SourcePort: 63401
SourcePortName: -
DestinationIsIpv6: false
DestinationIp: 168.63.129.16
DestinationHostname: -
DestinationPort: 53
DestinationPortName: domain"
"12/17/2025 8:47:22 AM","3","Network connection detected:
RuleName: NetworkConnect
UtcTime: 2025-12-17 08:47:19.962
ProcessGuid: {f995aebf-6bed-6942-d80c-000000000e00}
ProcessId: 8660
Image: C:\Windows\System32\WindowsPowerShell\v1.0\powershell.exe
User: runnervm8j6r3\runneradmin
Protocol: udp
Initiated: true
SourceIsIpv6: false
SourceIp: 10.1.0.149
SourceHostname: runnervm8j6r3.o3imerjm4krehdeh0rvc5luiwc.bx.internal.cloudapp.net
SourcePort: 63400
SourcePortName: -
DestinationIsIpv6: false
DestinationIp: 168.63.129.16
DestinationHostname: -
DestinationPort: 53
DestinationPortName: domain"
"12/17/2025 8:47:18 AM","3","Network connection detected:
RuleName: NetworkConnect
UtcTime: 2025-12-17 08:47:17.409
ProcessGuid: {f995aebf-6794-6942-8608-000000000e00}
ProcessId: 10016
Image: C:\Windows\System32\cmd.exe
User: runnervm8j6r3\runneradmin
Protocol: udp
Initiated: true
SourceIsIpv6: false
SourceIp: 10.1.0.149
SourceHostname: runnervm8j6r3.o3imerjm4krehdeh0rvc5luiwc.bx.internal.cloudapp.net
SourcePort: 63247
SourcePortName: -
DestinationIsIpv6: false
DestinationIp: 168.63.129.16
DestinationHostname: -
DestinationPort: 53
DestinationPortName: domain"
"12/17/2025 8:47:18 AM","3","Network connection detected:
RuleName: NetworkConnect
UtcTime: 2025-12-17 08:47:17.408
ProcessGuid: {f995aebf-6794-6942-8608-000000000e00}
ProcessId: 10016
Image: C:\Windows\System32\cmd.exe
User: runnervm8j6r3\runneradmin
Protocol: udp
Initiated: true
SourceIsIpv6: false
SourceIp: 10.1.0.149
SourceHostname: runnervm8j6r3.o3imerjm4krehdeh0rvc5luiwc.bx.internal.cloudapp.net
SourcePort: 63246
SourcePortName: -
DestinationIsIpv6: false
DestinationIp: 168.63.129.16
DestinationHostname: -
DestinationPort: 53
DestinationPortName: domain"
"12/17/2025 8:47:18 AM","3","Network connection detected:
RuleName: NetworkConnect
UtcTime: 2025-12-17 08:47:17.017
ProcessGuid: {f995aebf-6bb5-6942-d20c-000000000e00}
ProcessId: 9688
Image: C:\Windows\System32\WindowsPowerShell\v1.0\powershell.exe
User: runnervm8j6r3\runneradmin
Protocol: udp
Initiated: true
SourceIsIpv6: false
SourceIp: 10.1.0.149
SourceHostname: runnervm8j6r3.o3imerjm4krehdeh0rvc5luiwc.bx.internal.cloudapp.net
SourcePort: 63223
SourcePortName: -
DestinationIsIpv6: false
DestinationIp: 168.63.129.16
DestinationHostname: -
DestinationPort: 53
DestinationPortName: domain"
"12/17/2025 8:47:18 AM","3","Network connection detected:
RuleName: NetworkConnect
UtcTime: 2025-12-17 08:47:17.015
ProcessGuid: {f995aebf-6bb5-6942-d20c-000000000e00}
ProcessId: 9688
Image: C:\Windows\System32\WindowsPowerShell\v1.0\powershell.exe
User: runnervm8j6r3\runneradmin
Protocol: udp
Initiated: true
SourceIsIpv6: false
SourceIp: 10.1.0.149
SourceHostname: runnervm8j6r3.o3imerjm4krehdeh0rvc5luiwc.bx.internal.cloudapp.net
SourcePort: 63222
SourcePortName: -
DestinationIsIpv6: false
DestinationIp: 168.63.129.16
DestinationHostname: -
DestinationPort: 53
DestinationPortName: domain"
"12/17/2025 8:47:18 AM","3","Network connection detected:
RuleName: NetworkConnect
UtcTime: 2025-12-17 08:47:16.728
ProcessGuid: {f995aebf-69b3-6942-170b-000000000e00}
ProcessId: 5748
Image: C:\Windows\System32\WindowsPowerShell\v1.0\powershell.exe
User: runnervm8j6r3\runneradmin
Protocol: udp
Initiated: true
SourceIsIpv6: false
SourceIp: 10.1.0.149
SourceHostname: runnervm8j6r3.o3imerjm4krehdeh0rvc5luiwc.bx.internal.cloudapp.net
SourcePort: 63207
SourcePortName: -
DestinationIsIpv6: false
DestinationIp: 168.63.129.16
DestinationHostname: -
DestinationPort: 53
DestinationPortName: domain"
"12/17/2025 8:47:18 AM","3","Network connection detected:
RuleName: NetworkConnect
UtcTime: 2025-12-17 08:47:16.726
ProcessGuid: {f995aebf-69b3-6942-170b-000000000e00}
ProcessId: 5748
Image: C:\Windows\System32\WindowsPowerShell\v1.0\powershell.exe
User: runnervm8j6r3\runneradmin
Protocol: udp
Initiated: true
SourceIsIpv6: false
SourceIp: 10.1.0.149
SourceHostname: runnervm8j6r3.o3imerjm4krehdeh0rvc5luiwc.bx.internal.cloudapp.net
SourcePort: 63206
SourcePortName: -
DestinationIsIpv6: false
DestinationIp: 168.63.129.16
DestinationHostname: -
DestinationPort: 53
DestinationPortName: domain"
"12/17/2025 8:47:17 AM","3","Network connection detected:
RuleName: NetworkConnect
UtcTime: 2025-12-17 08:47:15.330
ProcessGuid: {f995aebf-67dc-6942-9a09-000000000e00}
ProcessId: 8312
Image: C:\Windows\System32\WindowsPowerShell\v1.0\powershell.exe
User: runnervm8j6r3\runneradmin
Protocol: udp
Initiated: true
SourceIsIpv6: false
SourceIp: 10.1.0.149
SourceHostname: runnervm8j6r3.o3imerjm4krehdeh0rvc5luiwc.bx.internal.cloudapp.net
SourcePort: 63123
SourcePortName: -
DestinationIsIpv6: false
DestinationIp: 168.63.129.16
DestinationHostname: -
DestinationPort: 53
DestinationPortName: domain"
"12/17/2025 8:47:17 AM","3","Network connection detected:
RuleName: NetworkConnect
UtcTime: 2025-12-17 08:47:15.328
ProcessGuid: {f995aebf-67dc-6942-9a09-000000000e00}
ProcessId: 8312
Image: C:\Windows\System32\WindowsPowerShell\v1.0\powershell.exe
User: runnervm8j6r3\runneradmin
Protocol: udp
Initiated: true
SourceIsIpv6: false
SourceIp: 10.1.0.149
SourceHostname: runnervm8j6r3.o3imerjm4krehdeh0rvc5luiwc.bx.internal.cloudapp.net
SourcePort: 63122
SourcePortName: -
DestinationIsIpv6: false
DestinationIp: 168.63.129.16
DestinationHostname: -
DestinationPort: 53
DestinationPortName: domain"
"12/17/2025 8:47:16 AM","3","Network connection detected:
RuleName: NetworkConnect
UtcTime: 2025-12-17 08:47:14.351
ProcessGuid: {f995aebf-6b38-6942-b60c-000000000e00}
ProcessId: 4496
Image: C:\Windows\System32\WindowsPowerShell\v1.0\powershell.exe
User: runnervm8j6r3\runneradmin
Protocol: udp
Initiated: true
SourceIsIpv6: false
SourceIp: 10.1.0.149
SourceHostname: runnervm8j6r3.o3imerjm4krehdeh0rvc5luiwc.bx.internal.cloudapp.net
SourcePort: 63063
SourcePortName: -
DestinationIsIpv6: false
DestinationIp: 168.63.129.16
DestinationHostname: -
DestinationPort: 53
DestinationPortName: domain"
"12/17/2025 8:47:16 AM","3","Network connection detected:
RuleName: NetworkConnect
UtcTime: 2025-12-17 08:47:14.348
ProcessGuid: {f995aebf-6b38-6942-b60c-000000000e00}
ProcessId: 4496
Image: C:\Windows\System32\WindowsPowerShell\v1.0\powershell.exe
User: runnervm8j6r3\runneradmin
Protocol: udp
Initiated: true
SourceIsIpv6: false
SourceIp: 10.1.0.149
SourceHostname: runnervm8j6r3.o3imerjm4krehdeh0rvc5luiwc.bx.internal.cloudapp.net
SourcePort: 63062
SourcePortName: -
DestinationIsIpv6: false
DestinationIp: 168.63.129.16
DestinationHostname: -
DestinationPort: 53
DestinationPortName: domain"
"12/17/2025 8:42:07 AM","22","Dns query:
RuleName: DnsQuery
UtcTime: 2025-12-17 08:42:05.975
ProcessGuid: {f995aebf-6cdd-6942-5b0d-000000000e00}
ProcessId: 8116
QueryName: localhost
QueryStatus: 0
QueryResults: 127.0.0.1;
Image: C:\Windows\System32\WindowsPowerShell\v1.0\powershell.exe
User: runnervm8j6r3\runneradmin"
"12/17/2025 8:39:38 AM","22","Dns query:
RuleName: DnsQuery
UtcTime: 2025-12-17 08:39:36.607
ProcessGuid: {f995aebf-6bed-6942-d80c-000000000e00}
ProcessId: 8660
QueryName: localhost
QueryStatus: 0
QueryResults: ::1;::ffff:127.0.0.1;
Image: C:\Windows\System32\WindowsPowerShell\v1.0\powershell.exe
User: runnervm8j6r3\runneradmin"
"12/17/2025 8:39:37 AM","3","Network connection detected:
RuleName: NetworkConnect
UtcTime: 2025-12-17 08:39:36.697
ProcessGuid: {f995aebf-6bed-6942-d80c-000000000e00}
ProcessId: 8660
Image: C:\Windows\System32\WindowsPowerShell\v1.0\powershell.exe
User: runnervm8j6r3\runneradmin
Protocol: tcp
Initiated: true
SourceIsIpv6: false
SourceIp: 127.0.0.1
SourceHostname: runnervm8j6r3
SourcePort: 60135
SourcePortName: -
DestinationIsIpv6: false
DestinationIp: 127.0.0.1
DestinationHostname: runnervm8j6r3
DestinationPort: 135
DestinationPortName: epmap"
"12/17/2025 8:38:08 AM","22","Dns query:
RuleName: DnsQuery
UtcTime: 2025-12-17 08:38:05.921
ProcessGuid: {f995aebf-6bed-6942-d80c-000000000e00}
ProcessId: 8660
QueryName: raw.githubusercontent.com
QueryStatus: 0
QueryResults: ::ffff:185.199.109.133;::ffff:185.199.110.133;::ffff:185.199.111.133;::ffff:185.199.108.133;
Image: C:\Windows\System32\WindowsPowerShell\v1.0\powershell.exe
User: runnervm8j6r3\runneradmin"
"12/17/2025 8:38:07 AM","3","Network connection detected:
RuleName: NetworkConnect
UtcTime: 2025-12-17 08:38:05.923
ProcessGuid: {f995aebf-6bed-6942-d80c-000000000e00}
ProcessId: 8660
Image: C:\Windows\System32\WindowsPowerShell\v1.0\powershell.exe
User: runnervm8j6r3\runneradmin
Protocol: tcp
Initiated: true
SourceIsIpv6: false
SourceIp: 10.1.0.149
SourceHostname: runnervm8j6r3.o3imerjm4krehdeh0rvc5luiwc.bx.internal.cloudapp.net
SourcePort: 60098
SourcePortName: -
DestinationIsIpv6: false
DestinationIp: 185.199.109.133
DestinationHostname: cdn-185-199-109-133.github.com
DestinationPort: 443
DestinationPortName: https"
"12/17/2025 8:37:12 AM","3","Network connection detected:
RuleName: NetworkConnect
UtcTime: 2025-12-17 08:37:10.199
ProcessGuid: {f995aebf-6bb5-6942-d20c-000000000e00}
ProcessId: 9688
Image: C:\Windows\System32\WindowsPowerShell\v1.0\powershell.exe
User: runnervm8j6r3\runneradmin
Protocol: tcp
Initiated: true
SourceIsIpv6: false
SourceIp: 10.1.0.149
SourceHostname: runnervm8j6r3.o3imerjm4krehdeh0rvc5luiwc.bx.internal.cloudapp.net
SourcePort: 60073
SourcePortName: -
DestinationIsIpv6: false
DestinationIp: 185.199.109.133
DestinationHostname: cdn-185-199-109-133.github.com
DestinationPort: 443
DestinationPortName: https"
"12/17/2025 8:37:11 AM","22","Dns query:
RuleName: DnsQuery
UtcTime: 2025-12-17 08:37:10.195
ProcessGuid: {f995aebf-6bb5-6942-d20c-000000000e00}
ProcessId: 9688
QueryName: raw.githubusercontent.com
QueryStatus: 0
QueryResults: ::ffff:185.199.109.133;::ffff:185.199.110.133;::ffff:185.199.111.133;::ffff:185.199.108.133;
Image: C:\Windows\System32\WindowsPowerShell\v1.0\powershell.exe
User: runnervm8j6r3\runneradmin"
"12/17/2025 8:37:07 AM","22","Dns query:
RuleName: DnsQuery
UtcTime: 2025-12-17 08:37:05.080
ProcessGuid: {f995aebf-6bb0-6942-cc0c-000000000e00}
ProcessId: 8452
QueryName: raw.githubusercontent.com
QueryStatus: 0
QueryResults: ::ffff:185.199.109.133;::ffff:185.199.110.133;::ffff:185.199.111.133;::ffff:185.199.108.133;
Image: C:\Windows\System32\WindowsPowerShell\v1.0\powershell.exe
User: runnervm8j6r3\runneradmin"
"12/17/2025 8:37:06 AM","3","Network connection detected:
RuleName: NetworkConnect
UtcTime: 2025-12-17 08:37:05.083
ProcessGuid: {f995aebf-6bb0-6942-cc0c-000000000e00}
ProcessId: 8452
Image: C:\Windows\System32\WindowsPowerShell\v1.0\powershell.exe
User: runnervm8j6r3\runneradmin
Protocol: tcp
Initiated: true
SourceIsIpv6: false
SourceIp: 10.1.0.149
SourceHostname: runnervm8j6r3.o3imerjm4krehdeh0rvc5luiwc.bx.internal.cloudapp.net
SourcePort: 60070
SourcePortName: -
DestinationIsIpv6: false
DestinationIp: 185.199.109.133
DestinationHostname: cdn-185-199-109-133.github.com
DestinationPort: 443
DestinationPortName: https"
"12/17/2025 8:35:06 AM","22","Dns query:
RuleName: DnsQuery
UtcTime: 2025-12-17 08:35:04.889
ProcessGuid: {f995aebf-6b38-6942-b60c-000000000e00}
ProcessId: 4496
QueryName: localhost
QueryStatus: 0
QueryResults: ::1;::ffff:127.0.0.1;
Image: C:\Windows\System32\WindowsPowerShell\v1.0\powershell.exe
User: runnervm8j6r3\runneradmin"
"12/17/2025 8:35:06 AM","22","Dns query:
RuleName: DnsQuery
UtcTime: 2025-12-17 08:35:04.598
ProcessGuid: {f995aebf-6b38-6942-b60c-000000000e00}
ProcessId: 4496
QueryName: raw.githubusercontent.com
QueryStatus: 0
QueryResults: ::ffff:185.199.109.133;::ffff:185.199.110.133;::ffff:185.199.111.133;::ffff:185.199.108.133;
Image: C:\Windows\System32\WindowsPowerShell\v1.0\powershell.exe
User: runnervm8j6r3\runneradmin"
"12/17/2025 8:35:05 AM","3","Network connection detected:
RuleName: NetworkConnect
UtcTime: 2025-12-17 08:35:04.888
ProcessGuid: {f995aebf-6b38-6942-b60c-000000000e00}
ProcessId: 4496
Image: C:\Windows\System32\WindowsPowerShell\v1.0\powershell.exe
User: runnervm8j6r3\runneradmin
Protocol: tcp
Initiated: true
SourceIsIpv6: false
SourceIp: 127.0.0.1
SourceHostname: runnervm8j6r3
SourcePort: 60019
SourcePortName: -
DestinationIsIpv6: false
DestinationIp: 127.0.0.1
DestinationHostname: runnervm8j6r3
DestinationPort: 445
DestinationPortName: microsoft-ds"
"12/17/2025 8:35:05 AM","3","Network connection detected:
RuleName: NetworkConnect
UtcTime: 2025-12-17 08:35:04.601
ProcessGuid: {f995aebf-6b38-6942-b60c-000000000e00}
ProcessId: 4496
Image: C:\Windows\System32\WindowsPowerShell\v1.0\powershell.exe
User: runnervm8j6r3\runneradmin
Protocol: tcp
Initiated: true
SourceIsIpv6: false
SourceIp: 10.1.0.149
SourceHostname: runnervm8j6r3.o3imerjm4krehdeh0rvc5luiwc.bx.internal.cloudapp.net
SourcePort: 60018
SourcePortName: -
DestinationIsIpv6: false
DestinationIp: 185.199.109.133
DestinationHostname: cdn-185-199-109-133.github.com
DestinationPort: 443
DestinationPortName: https"
"12/17/2025 8:33:05 AM","22","Dns query:
RuleName: DnsQuery
UtcTime: 2025-12-17 08:33:03.465
ProcessGuid: {f995aebf-6abe-6942-a90c-000000000e00}
ProcessId: 5136
QueryName: localhost
QueryStatus: 0
QueryResults: 127.0.0.1;
Image: C:\Windows\System32\WindowsPowerShell\v1.0\powershell.exe
User: runnervm8j6r3\runneradmin"
"12/17/2025 8:33:05 AM","22","Dns query:
RuleName: DnsQuery
UtcTime: 2025-12-17 08:33:03.054
ProcessGuid: {f995aebf-6abe-6942-a90c-000000000e00}
ProcessId: 5136
QueryName: raw.githubusercontent.com
QueryStatus: 0
QueryResults: ::ffff:185.199.109.133;::ffff:185.199.110.133;::ffff:185.199.111.133;::ffff:185.199.108.133;
Image: C:\Windows\System32\WindowsPowerShell\v1.0\powershell.exe
User: runnervm8j6r3\runneradmin"
"12/17/2025 8:33:04 AM","3","Network connection detected:
RuleName: NetworkConnect
UtcTime: 2025-12-17 08:33:03.058
ProcessGuid: {f995aebf-6abe-6942-a90c-000000000e00}
ProcessId: 5136
Image: C:\Windows\System32\WindowsPowerShell\v1.0\powershell.exe
User: runnervm8j6r3\runneradmin
Protocol: tcp
Initiated: true
SourceIsIpv6: false
SourceIp: 10.1.0.149
SourceHostname: runnervm8j6r3.o3imerjm4krehdeh0rvc5luiwc.bx.internal.cloudapp.net
SourcePort: 59967
SourcePortName: -
DestinationIsIpv6: false
DestinationIp: 185.199.109.133
DestinationHostname: cdn-185-199-109-133.github.com
DestinationPort: 443
DestinationPortName: https"
"12/17/2025 8:32:58 AM","22","Dns query:
RuleName: DnsQuery
UtcTime: 2025-12-17 08:32:56.647
ProcessGuid: {f995aebf-6ab6-6942-940b-000000000e00}
ProcessId: 3636
QueryName: localhost
QueryStatus: 0
QueryResults: 127.0.0.1;
Image: C:\Windows\System32\WindowsPowerShell\v1.0\powershell.exe
User: runnervm8j6r3\runneradmin"
"12/17/2025 8:32:58 AM","22","Dns query:
RuleName: DnsQuery
UtcTime: 2025-12-17 08:32:54.921
ProcessGuid: {f995aebf-6ab6-6942-940b-000000000e00}
ProcessId: 3636
QueryName: raw.githubusercontent.com
QueryStatus: 0
QueryResults: ::ffff:185.199.109.133;::ffff:185.199.110.133;::ffff:185.199.111.133;::ffff:185.199.108.133;
Image: C:\Windows\System32\WindowsPowerShell\v1.0\powershell.exe
User: runnervm8j6r3\runneradmin"
"12/17/2025 8:32:57 AM","3","Network connection detected:
RuleName: NetworkConnect
UtcTime: 2025-12-17 08:32:54.925
ProcessGuid: {f995aebf-6ab6-6942-940b-000000000e00}
ProcessId: 3636
Image: C:\Windows\System32\WindowsPowerShell\v1.0\powershell.exe
User: runnervm8j6r3\runneradmin
Protocol: tcp
Initiated: true
SourceIsIpv6: false
SourceIp: 10.1.0.149
SourceHostname: runnervm8j6r3.o3imerjm4krehdeh0rvc5luiwc.bx.internal.cloudapp.net
SourcePort: 59961
SourcePortName: -
DestinationIsIpv6: false
DestinationIp: 185.199.109.133
DestinationHostname: cdn-185-199-109-133.github.com
DestinationPort: 443
DestinationPortName: https"
"12/17/2025 8:31:39 AM","22","Dns query:
RuleName: DnsQuery
UtcTime: 2025-12-17 08:31:36.847
ProcessGuid: {f995aebf-6a49-6942-870b-000000000e00}
ProcessId: 7740
QueryName: localhost
QueryStatus: 0
QueryResults: 127.0.0.1;
Image: C:\Windows\System32\WindowsPowerShell\v1.0\powershell.exe
User: runnervm8j6r3\runneradmin"
"12/17/2025 8:31:07 AM","22","Dns query:
RuleName: DnsQuery
UtcTime: 2025-12-17 08:31:05.856
ProcessGuid: {f995aebf-6a49-6942-870b-000000000e00}
ProcessId: 7740
QueryName: raw.githubusercontent.com
QueryStatus: 0
QueryResults: ::ffff:185.199.109.133;::ffff:185.199.110.133;::ffff:185.199.111.133;::ffff:185.199.108.133;
Image: C:\Windows\System32\WindowsPowerShell\v1.0\powershell.exe
User: runnervm8j6r3\runneradmin"
"12/17/2025 8:31:07 AM","3","Network connection detected:
RuleName: NetworkConnect
UtcTime: 2025-12-17 08:31:05.859
ProcessGuid: {f995aebf-6a49-6942-870b-000000000e00}
ProcessId: 7740
Image: C:\Windows\System32\WindowsPowerShell\v1.0\powershell.exe
User: runnervm8j6r3\runneradmin
Protocol: tcp
Initiated: true
SourceIsIpv6: false
SourceIp: 10.1.0.149
SourceHostname: runnervm8j6r3.o3imerjm4krehdeh0rvc5luiwc.bx.internal.cloudapp.net
SourcePort: 59916
SourcePortName: -
DestinationIsIpv6: false
DestinationIp: 185.199.109.133
DestinationHostname: cdn-185-199-109-133.github.com
DestinationPort: 443
DestinationPortName: https"
"12/17/2025 8:29:49 AM","22","Dns query:
RuleName: DnsQuery
UtcTime: 2025-12-17 08:29:47.972
ProcessGuid: {f995aebf-69d1-6942-6b0b-000000000e00}
ProcessId: 4168
QueryName: 127.0.0.1
QueryStatus: 0
QueryResults: 127.0.0.1;
Image: C:\Windows\System32\WindowsPowerShell\v1.0\powershell.exe
User: runnervm8j6r3\runneradmin"
"12/17/2025 8:29:49 AM","22","Dns query:
RuleName: DnsQuery
UtcTime: 2025-12-17 08:29:47.972
ProcessGuid: {f995aebf-69d1-6942-6b0b-000000000e00}
ProcessId: 4168
QueryName: runnervm8j6r3
QueryStatus: 0
QueryResults: 10.1.0.149;172.27.32.1;
Image: C:\Windows\System32\WindowsPowerShell\v1.0\powershell.exe
User: runnervm8j6r3\runneradmin"
"12/17/2025 8:29:49 AM","22","Dns query:
RuleName: DnsQuery
UtcTime: 2025-12-17 08:29:47.972
ProcessGuid: {f995aebf-69d1-6942-6b0b-000000000e00}
ProcessId: 4168
QueryName: 1.0.0.127.in-addr.arpa.
QueryStatus: 0
QueryResults: type: 12 runnervm8j6r3;
Image: C:\Windows\System32\WindowsPowerShell\v1.0\powershell.exe
User: runnervm8j6r3\runneradmin"
"12/17/2025 8:29:47 AM","22","Dns query:
RuleName: DnsQuery
UtcTime: 2025-12-17 08:29:45.719
ProcessGuid: {f995aebf-69d1-6942-6b0b-000000000e00}
ProcessId: 4168
QueryName: localhost
QueryStatus: 0
QueryResults: ::1;::ffff:127.0.0.1;
Image: C:\Windows\System32\WindowsPowerShell\v1.0\powershell.exe
User: runnervm8j6r3\runneradmin"
"12/17/2025 8:29:47 AM","22","Dns query:
RuleName: DnsQuery
UtcTime: 2025-12-17 08:29:45.262
ProcessGuid: {f995aebf-69d1-6942-6b0b-000000000e00}
ProcessId: 4168
QueryName: runnervm8j6r3
QueryStatus: 0
QueryResults: fe80::d578:dd7f:2854:64ff;fe80::309:434c:b7a6:6fa4;::ffff:10.1.0.149;::ffff:172.27.32.1;
Image: C:\Windows\System32\WindowsPowerShell\v1.0\powershell.exe
User: runnervm8j6r3\runneradmin"
"12/17/2025 8:29:46 AM","3","Network connection detected:
RuleName: NetworkConnect
UtcTime: 2025-12-17 08:29:45.262
ProcessGuid: {f995aebf-69d1-6942-6b0b-000000000e00}
ProcessId: 4168
Image: C:\Windows\System32\WindowsPowerShell\v1.0\powershell.exe
User: runnervm8j6r3\runneradmin
Protocol: tcp
Initiated: true
SourceIsIpv6: true
SourceIp: fe80:0:0:0:d578:dd7f:2854:64ff
SourceHostname: runnervm8j6r3.o3imerjm4krehdeh0rvc5luiwc.bx.internal.cloudapp.net
SourcePort: 59877
SourcePortName: -
DestinationIsIpv6: true
DestinationIp: fe80:0:0:0:d578:dd7f:2854:64ff
DestinationHostname: runnervm8j6r3.o3imerjm4krehdeh0rvc5luiwc.bx.internal.cloudapp.net
DestinationPort: 49666
DestinationPortName: -"
"12/17/2025 8:29:46 AM","3","Network connection detected:
RuleName: NetworkConnect
UtcTime: 2025-12-17 08:29:45.261
ProcessGuid: {f995aebf-69d1-6942-6b0b-000000000e00}
ProcessId: 4168
Image: C:\Windows\System32\WindowsPowerShell\v1.0\powershell.exe
User: runnervm8j6r3\runneradmin
Protocol: tcp
Initiated: true
SourceIsIpv6: true
SourceIp: fe80:0:0:0:d578:dd7f:2854:64ff
SourceHostname: runnervm8j6r3.o3imerjm4krehdeh0rvc5luiwc.bx.internal.cloudapp.net
SourcePort: 59876
SourcePortName: -
DestinationIsIpv6: true
DestinationIp: fe80:0:0:0:d578:dd7f:2854:64ff
DestinationHostname: runnervm8j6r3.o3imerjm4krehdeh0rvc5luiwc.bx.internal.cloudapp.net
DestinationPort: 135
DestinationPortName: epmap"
"12/17/2025 8:29:07 AM","3","Network connection detected:
RuleName: NetworkConnect
UtcTime: 2025-12-17 08:29:05.471
ProcessGuid: {f995aebf-69d1-6942-6b0b-000000000e00}
ProcessId: 4168
Image: C:\Windows\System32\WindowsPowerShell\v1.0\powershell.exe
User: runnervm8j6r3\runneradmin
Protocol: tcp
Initiated: true
SourceIsIpv6: false
SourceIp: 10.1.0.149
SourceHostname: runnervm8j6r3.o3imerjm4krehdeh0rvc5luiwc.bx.internal.cloudapp.net
SourcePort: 59863
SourcePortName: -
DestinationIsIpv6: false
DestinationIp: 185.199.109.133
DestinationHostname: cdn-185-199-109-133.github.com
DestinationPort: 443
DestinationPortName: https"
"12/17/2025 8:29:06 AM","22","Dns query:
RuleName: DnsQuery
UtcTime: 2025-12-17 08:29:05.468
ProcessGuid: {f995aebf-69d1-6942-6b0b-000000000e00}
ProcessId: 4168
QueryName: raw.githubusercontent.com
QueryStatus: 0
QueryResults: ::ffff:185.199.109.133;::ffff:185.199.110.133;::ffff:185.199.111.133;::ffff:185.199.108.133;
Image: C:\Windows\System32\WindowsPowerShell\v1.0\powershell.exe
User: runnervm8j6r3\runneradmin"
"12/17/2025 8:29:02 AM","22","Dns query:
RuleName: DnsQuery
UtcTime: 2025-12-17 08:29:00.538
ProcessGuid: {f995aebf-69cc-6942-680b-000000000e00}
ProcessId: 2216
QueryName: runnervm8j6r3
QueryStatus: 0
QueryResults: fe80::d578:dd7f:2854:64ff;fe80::309:434c:b7a6:6fa4;::ffff:10.1.0.149;::ffff:172.27.32.1;
Image: C:\Windows\System32\cscript.exe
User: runnervm8j6r3\runneradmin"
"12/17/2025 8:29:02 AM","22","Dns query:
RuleName: DnsQuery
UtcTime: 2025-12-17 08:29:00.537
ProcessGuid: {f995aebf-69cc-6942-680b-000000000e00}
ProcessId: 2216
QueryName: _ldap._tcp.runnervm8j6r3.
QueryStatus: 1460
QueryResults: -
Image: C:\Windows\System32\cscript.exe
User: runnervm8j6r3\runneradmin"
"12/17/2025 8:29:02 AM","22","Dns query:
RuleName: DnsQuery
UtcTime: 2025-12-17 08:29:00.537
ProcessGuid: {f995aebf-69cc-6942-680b-000000000e00}
ProcessId: 2216
QueryName: _ldap._tcp.runnervm8j6r3
QueryStatus: 9003
QueryResults: -
Image: C:\Windows\system32\cscript.exe
User: runnervm8j6r3\runneradmin"
"12/17/2025 8:28:38 AM","3","Network connection detected:
RuleName: NetworkConnect
UtcTime: 2025-12-17 08:28:36.267
ProcessGuid: {f995aebf-69b3-6942-170b-000000000e00}
ProcessId: 5748
Image: C:\Windows\System32\WindowsPowerShell\v1.0\powershell.exe
User: runnervm8j6r3\runneradmin
Protocol: tcp
Initiated: true
SourceIsIpv6: false
SourceIp: 10.1.0.149
SourceHostname: runnervm8j6r3.o3imerjm4krehdeh0rvc5luiwc.bx.internal.cloudapp.net
SourcePort: 59845
SourcePortName: -
DestinationIsIpv6: false
DestinationIp: 185.199.109.133
DestinationHostname: cdn-185-199-109-133.github.com
DestinationPort: 443
DestinationPortName: https"
"12/17/2025 8:28:37 AM","22","Dns query:
RuleName: DnsQuery
UtcTime: 2025-12-17 08:28:36.263
ProcessGuid: {f995aebf-69b3-6942-170b-000000000e00}
ProcessId: 5748
QueryName: raw.githubusercontent.com
QueryStatus: 0
QueryResults: ::ffff:185.199.109.133;::ffff:185.199.110.133;::ffff:185.199.111.133;::ffff:185.199.108.133;
Image: C:\Windows\System32\WindowsPowerShell\v1.0\powershell.exe
User: runnervm8j6r3\runneradmin"
"12/17/2025 8:28:35 AM","22","Dns query:
RuleName: DnsQuery
UtcTime: 2025-12-17 08:28:34.277
ProcessGuid: {f995aebf-69b0-6942-0f0b-000000000e00}
ProcessId: 6212
QueryName: _ldap._tcp.dc._msdcs.runnervm8j6r3
QueryStatus: 9003
QueryResults: -
Image: C:\Windows\System32\WindowsPowerShell\v1.0\powershell.exe
User: runnervm8j6r3\runneradmin"
"12/17/2025 8:28:35 AM","22","Dns query:
RuleName: DnsQuery
UtcTime: 2025-12-17 08:28:32.452
ProcessGuid: {f995aebf-69b0-6942-0f0b-000000000e00}
ProcessId: 6212
QueryName: raw.githubusercontent.com
QueryStatus: 0
QueryResults: ::ffff:185.199.109.133;::ffff:185.199.110.133;::ffff:185.199.111.133;::ffff:185.199.108.133;
Image: C:\Windows\System32\WindowsPowerShell\v1.0\powershell.exe
User: runnervm8j6r3\runneradmin"
"12/17/2025 8:28:33 AM","3","Network connection detected:
RuleName: NetworkConnect
UtcTime: 2025-12-17 08:28:32.455
ProcessGuid: {f995aebf-69b0-6942-0f0b-000000000e00}
ProcessId: 6212
Image: C:\Windows\System32\WindowsPowerShell\v1.0\powershell.exe
User: runnervm8j6r3\runneradmin
Protocol: tcp
Initiated: true
SourceIsIpv6: false
SourceIp: 10.1.0.149
SourceHostname: runnervm8j6r3.o3imerjm4krehdeh0rvc5luiwc.bx.internal.cloudapp.net
SourcePort: 59843
SourcePortName: -
DestinationIsIpv6: false
DestinationIp: 185.199.109.133
DestinationHostname: cdn-185-199-109-133.github.com
DestinationPort: 443
DestinationPortName: https"
"12/17/2025 8:27:37 AM","3","Network connection detected:
RuleName: NetworkConnect
UtcTime: 2025-12-17 08:27:35.913
ProcessGuid: {f995aebf-6977-6942-570a-000000000e00}
ProcessId: 3168
Image: C:\Windows\System32\WindowsPowerShell\v1.0\powershell.exe
User: runnervm8j6r3\runneradmin
Protocol: tcp
Initiated: true
SourceIsIpv6: false
SourceIp: 10.1.0.149
SourceHostname: runnervm8j6r3.o3imerjm4krehdeh0rvc5luiwc.bx.internal.cloudapp.net
SourcePort: 59812
SourcePortName: -
DestinationIsIpv6: false
DestinationIp: 185.199.109.133
DestinationHostname: cdn-185-199-109-133.github.com
DestinationPort: 443
DestinationPortName: https"
"12/17/2025 8:27:37 AM","22","Dns query:
RuleName: DnsQuery
UtcTime: 2025-12-17 08:27:35.910
ProcessGuid: {f995aebf-6977-6942-570a-000000000e00}
ProcessId: 3168
QueryName: raw.githubusercontent.com
QueryStatus: 0
QueryResults: ::ffff:185.199.109.133;::ffff:185.199.110.133;::ffff:185.199.111.133;::ffff:185.199.108.133;
Image: C:\Windows\System32\WindowsPowerShell\v1.0\powershell.exe
User: runnervm8j6r3\runneradmin"
"12/17/2025 8:25:29 AM","3","Network connection detected:
RuleName: NetworkConnect
UtcTime: 2025-12-17 08:25:27.637
ProcessGuid: {f995aebf-68f7-6942-480a-000000000e00}
ProcessId: 8976
Image: C:\Windows\System32\WindowsPowerShell\v1.0\powershell.exe
User: runnervm8j6r3\runneradmin
Protocol: tcp
Initiated: true
SourceIsIpv6: false
SourceIp: 10.1.0.149
SourceHostname: runnervm8j6r3.o3imerjm4krehdeh0rvc5luiwc.bx.internal.cloudapp.net
SourcePort: 59755
SourcePortName: -
DestinationIsIpv6: false
DestinationIp: 185.199.109.133
DestinationHostname: cdn-185-199-109-133.github.com
DestinationPort: 443
DestinationPortName: https"
"12/17/2025 8:25:29 AM","22","Dns query:
RuleName: DnsQuery
UtcTime: 2025-12-17 08:25:27.634
ProcessGuid: {f995aebf-68f7-6942-480a-000000000e00}
ProcessId: 8976
QueryName: raw.githubusercontent.com
QueryStatus: 0
QueryResults: ::ffff:185.199.109.133;::ffff:185.199.110.133;::ffff:185.199.111.133;::ffff:185.199.108.133;
Image: C:\Windows\System32\WindowsPowerShell\v1.0\powershell.exe
User: runnervm8j6r3\runneradmin"
"12/17/2025 8:23:24 AM","22","Dns query:
RuleName: DnsQuery
UtcTime: 2025-12-17 08:23:22.188
ProcessGuid: {f995aebf-6879-6942-160a-000000000e00}
ProcessId: 4380
QueryName: localhost
QueryStatus: 0
QueryResults: 127.0.0.1;
Image: C:\Windows\System32\WindowsPowerShell\v1.0\powershell.exe
User: runnervm8j6r3\runneradmin"
"12/17/2025 8:20:46 AM","3","Network connection detected:
RuleName: NetworkConnect
UtcTime: 2025-12-17 08:20:44.869
ProcessGuid: {f995aebf-67dc-6942-9a09-000000000e00}
ProcessId: 8312
Image: C:\Windows\System32\WindowsPowerShell\v1.0\powershell.exe
User: runnervm8j6r3\runneradmin
Protocol: tcp
Initiated: true
SourceIsIpv6: false
SourceIp: 10.1.0.149
SourceHostname: runnervm8j6r3.o3imerjm4krehdeh0rvc5luiwc.bx.internal.cloudapp.net
SourcePort: 59639
SourcePortName: -
DestinationIsIpv6: false
DestinationIp: 185.199.109.133
DestinationHostname: cdn-185-199-109-133.github.com
DestinationPort: 443
DestinationPortName: https"
"12/17/2025 8:20:46 AM","22","Dns query:
RuleName: DnsQuery
UtcTime: 2025-12-17 08:20:45.402
ProcessGuid: {f995aebf-67dc-6942-9a09-000000000e00}
ProcessId: 8312
QueryName: localhost
QueryStatus: 0
QueryResults: 127.0.0.1;
Image: C:\Windows\System32\WindowsPowerShell\v1.0\powershell.exe
User: runnervm8j6r3\runneradmin"
"12/17/2025 8:20:46 AM","22","Dns query:
RuleName: DnsQuery
UtcTime: 2025-12-17 08:20:44.866
ProcessGuid: {f995aebf-67dc-6942-9a09-000000000e00}
ProcessId: 8312
QueryName: raw.githubusercontent.com
QueryStatus: 0
QueryResults: ::ffff:185.199.109.133;::ffff:185.199.110.133;::ffff:185.199.111.133;::ffff:185.199.108.133;
Image: C:\Windows\System32\WindowsPowerShell\v1.0\powershell.exe
User: runnervm8j6r3\runneradmin"
"12/17/2025 8:20:03 AM","22","Dns query:
RuleName: DnsQuery
UtcTime: 2025-12-17 08:20:00.945
ProcessGuid: {f995aebf-67b0-6942-0309-000000000e00}
ProcessId: 6492
QueryName: release-assets.githubusercontent.com
QueryStatus: 0
QueryResults: ::ffff:185.199.110.133;::ffff:185.199.111.133;::ffff:185.199.108.133;::ffff:185.199.109.133;
Image: C:\Windows\System32\WindowsPowerShell\v1.0\powershell.exe
User: runnervm8j6r3\runneradmin"
"12/17/2025 8:20:02 AM","22","Dns query:
RuleName: DnsQuery
UtcTime: 2025-12-17 08:20:00.842
ProcessGuid: {f995aebf-67b0-6942-0309-000000000e00}
ProcessId: 6492
QueryName: github.com
QueryStatus: 0
QueryResults: ::ffff:140.82.112.4;
Image: C:\Windows\System32\WindowsPowerShell\v1.0\powershell.exe
User: runnervm8j6r3\runneradmin"
"12/17/2025 8:20:02 AM","22","Dns query:
RuleName: DnsQuery
UtcTime: 2025-12-17 08:20:00.729
ProcessGuid: {f995aebf-67b0-6942-0309-000000000e00}
ProcessId: 6492
QueryName: localhost
QueryStatus: 0
QueryResults: 127.0.0.1;
Image: C:\Windows\System32\WindowsPowerShell\v1.0\powershell.exe
User: runnervm8j6r3\runneradmin"
"12/17/2025 8:20:02 AM","3","Network connection detected:
RuleName: NetworkConnect
UtcTime: 2025-12-17 08:20:00.945
ProcessGuid: {f995aebf-67b0-6942-0309-000000000e00}
ProcessId: 6492
Image: C:\Windows\System32\WindowsPowerShell\v1.0\powershell.exe
User: runnervm8j6r3\runneradmin
Protocol: tcp
Initiated: true
SourceIsIpv6: false
SourceIp: 10.1.0.149
SourceHostname: runnervm8j6r3.o3imerjm4krehdeh0rvc5luiwc.bx.internal.cloudapp.net
SourcePort: 59617
SourcePortName: -
DestinationIsIpv6: false
DestinationIp: 185.199.110.133
DestinationHostname: cdn-185-199-110-133.github.com
DestinationPort: 443
DestinationPortName: https"
"12/17/2025 8:20:02 AM","3","Network connection detected:
RuleName: NetworkConnect
UtcTime: 2025-12-17 08:20:00.845
ProcessGuid: {f995aebf-67b0-6942-0309-000000000e00}
ProcessId: 6492
Image: C:\Windows\System32\WindowsPowerShell\v1.0\powershell.exe
User: runnervm8j6r3\runneradmin
Protocol: tcp
Initiated: true
SourceIsIpv6: false
SourceIp: 10.1.0.149
SourceHostname: runnervm8j6r3.o3imerjm4krehdeh0rvc5luiwc.bx.internal.cloudapp.net
SourcePort: 59616
SourcePortName: -
DestinationIsIpv6: false
DestinationIp: 140.82.112.4
DestinationHostname: lb-140-82-112-4-iad.github.com
DestinationPort: 443
DestinationPortName: https"
"12/17/2025 8:19:32 AM","255","Error report:
UtcTime: 2025-12-17 08:19:32.687
ID: DriverCommunication
Description: Failed to retrieve events - Last error: The I/O operation has been aborted because of either a thread exit or an application request.
"
"12/17/2025 8:19:29 AM","23","File Delete archived:
RuleName: FileDelete
UtcTime: 2025-12-17 08:19:29.720
ProcessGuid: {f995aebf-6791-6942-8008-000000000e00}
ProcessId: 9140
User: runnervm8j6r3\runneradmin
Image: C:\Windows\System32\WindowsPowerShell\v1.0\powershell.exe
TargetFilename: C:\Users\runneradmin\AppData\Local\Temp\__PSScriptPolicyTest_3rizn2a4.plb.ps1
Hashes: SHA256=96AD1146EB96877EAB5942AE0736B82D8B5E2039A80D3D6932665C1A4C87DCF7
IsExecutable: false
Archived: true"
"12/17/2025 8:19:29 AM","11","File created:
RuleName: FileCreate
UtcTime: 2025-12-17 08:19:29.704
ProcessGuid: {f995aebf-6791-6942-8008-000000000e00}
ProcessId: 9140
Image: C:\Windows\System32\WindowsPowerShell\v1.0\powershell.exe
TargetFilename: C:\Users\runneradmin\AppData\Local\Temp\__PSScriptPolicyTest_3rizn2a4.plb.ps1
CreationUtcTime: 2025-12-17 08:19:29.704
User: runnervm8j6r3\runneradmin"
"12/17/2025 8:19:29 AM","23","File Delete archived:
RuleName: FileDelete
UtcTime: 2025-12-17 08:19:29.342
ProcessGuid: {f995aebf-6791-6942-7e08-000000000e00}
ProcessId: 8696
User: runnervm8j6r3\runneradmin
Image: C:\Windows\System32\WindowsPowerShell\v1.0\powershell.exe
TargetFilename: C:\Users\runneradmin\AppData\Local\Temp\__PSScriptPolicyTest_brkyathk.ztc.ps1
Hashes: SHA256=96AD1146EB96877EAB5942AE0736B82D8B5E2039A80D3D6932665C1A4C87DCF7
IsExecutable: false
Archived: true"
"12/17/2025 8:19:29 AM","11","File created:
RuleName: FileCreate
UtcTime: 2025-12-17 08:19:29.326
ProcessGuid: {f995aebf-6791-6942-7e08-000000000e00}
ProcessId: 8696
Image: C:\Windows\System32\WindowsPowerShell\v1.0\powershell.exe
TargetFilename: C:\Users\runneradmin\AppData\Local\Temp\__PSScriptPolicyTest_brkyathk.ztc.ps1
CreationUtcTime: 2025-12-17 08:19:29.326
User: runnervm8j6r3\runneradmin"
"12/17/2025 8:19:28 AM","23","File Delete archived:
RuleName: FileDelete
UtcTime: 2025-12-17 08:19:28.977
ProcessGuid: {f995aebf-6790-6942-7c08-000000000e00}
ProcessId: 8068
User: runnervm8j6r3\runneradmin
Image: C:\Windows\System32\WindowsPowerShell\v1.0\powershell.exe
TargetFilename: C:\Users\runneradmin\AppData\Local\Temp\__PSScriptPolicyTest_2zmbwh1f.ulz.ps1
Hashes: SHA256=96AD1146EB96877EAB5942AE0736B82D8B5E2039A80D3D6932665C1A4C87DCF7
IsExecutable: false
Archived: true"
"12/17/2025 8:19:28 AM","11","File created:
RuleName: FileCreate
UtcTime: 2025-12-17 08:19:28.957
ProcessGuid: {f995aebf-6790-6942-7c08-000000000e00}
ProcessId: 8068
Image: C:\Windows\System32\WindowsPowerShell\v1.0\powershell.exe
TargetFilename: C:\Users\runneradmin\AppData\Local\Temp\__PSScriptPolicyTest_2zmbwh1f.ulz.ps1
CreationUtcTime: 2025-12-17 08:19:28.957
User: runnervm8j6r3\runneradmin"
"12/17/2025 8:19:28 AM","23","File Delete archived:
RuleName: FileDelete
UtcTime: 2025-12-17 08:19:28.612
ProcessGuid: {f995aebf-6790-6942-7a08-000000000e00}
ProcessId: 9924
User: runnervm8j6r3\runneradmin
Image: C:\Windows\System32\WindowsPowerShell\v1.0\powershell.exe
TargetFilename: C:\Users\runneradmin\AppData\Local\Temp\__PSScriptPolicyTest_ci5iqcaz.00q.ps1
Hashes: SHA256=96AD1146EB96877EAB5942AE0736B82D8B5E2039A80D3D6932665C1A4C87DCF7
IsExecutable: false
Archived: true"
"12/17/2025 8:19:28 AM","11","File created:
RuleName: FileCreate
UtcTime: 2025-12-17 08:19:28.595
ProcessGuid: {f995aebf-6790-6942-7a08-000000000e00}
ProcessId: 9924
Image: C:\Windows\System32\WindowsPowerShell\v1.0\powershell.exe
TargetFilename: C:\Users\runneradmin\AppData\Local\Temp\__PSScriptPolicyTest_ci5iqcaz.00q.ps1
CreationUtcTime: 2025-12-17 08:19:28.595
User: runnervm8j6r3\runneradmin"
"12/17/2025 8:19:22 AM","23","File Delete archived:
RuleName: FileDelete
UtcTime: 2025-12-17 08:19:22.202
ProcessGuid: {f995aebf-678a-6942-6e08-000000000e00}
ProcessId: 844
User: runnervm8j6r3\runneradmin
Image: C:\Windows\System32\WindowsPowerShell\v1.0\powershell.exe
TargetFilename: C:\Users\runneradmin\AppData\Local\Temp\__PSScriptPolicyTest_a4v1hj3s.sax.ps1
Hashes: SHA256=96AD1146EB96877EAB5942AE0736B82D8B5E2039A80D3D6932665C1A4C87DCF7
IsExecutable: false
Archived: true"
"12/17/2025 8:19:22 AM","11","File created:
RuleName: FileCreate
UtcTime: 2025-12-17 08:19:22.186
ProcessGuid: {f995aebf-678a-6942-6e08-000000000e00}
ProcessId: 844
Image: C:\Windows\System32\WindowsPowerShell\v1.0\powershell.exe
TargetFilename: C:\Users\runneradmin\AppData\Local\Temp\__PSScriptPolicyTest_a4v1hj3s.sax.ps1
CreationUtcTime: 2025-12-17 08:19:22.186
User: runnervm8j6r3\runneradmin"
"12/17/2025 8:19:21 AM","23","File Delete archived:
RuleName: FileDelete
UtcTime: 2025-12-17 08:19:21.645
ProcessGuid: {f995aebf-6789-6942-6c08-000000000e00}
ProcessId: 7088
User: runnervm8j6r3\runneradmin
Image: C:\Windows\System32\WindowsPowerShell\v1.0\powershell.exe
TargetFilename: C:\Users\runneradmin\AppData\Local\Temp\__PSScriptPolicyTest_bkhlgqjy.gg0.ps1
Hashes: SHA256=96AD1146EB96877EAB5942AE0736B82D8B5E2039A80D3D6932665C1A4C87DCF7
IsExecutable: false
Archived: true"
"12/17/2025 8:19:21 AM","11","File created:
RuleName: FileCreate
UtcTime: 2025-12-17 08:19:21.627
ProcessGuid: {f995aebf-6789-6942-6c08-000000000e00}
ProcessId: 7088
Image: C:\Windows\System32\WindowsPowerShell\v1.0\powershell.exe
TargetFilename: C:\Users\runneradmin\AppData\Local\Temp\__PSScriptPolicyTest_bkhlgqjy.gg0.ps1
CreationUtcTime: 2025-12-17 08:19:21.627
User: runnervm8j6r3\runneradmin"
"12/17/2025 8:19:21 AM","23","File Delete archived:
RuleName: FileDelete
UtcTime: 2025-12-17 08:19:21.077
ProcessGuid: {f995aebf-6788-6942-6a08-000000000e00}
ProcessId: 6936
User: runnervm8j6r3\runneradmin
Image: C:\Windows\System32\WindowsPowerShell\v1.0\powershell.exe
TargetFilename: C:\Users\runneradmin\AppData\Local\Temp\__PSScriptPolicyTest_ctfbrj1q.hfy.ps1
Hashes: SHA256=96AD1146EB96877EAB5942AE0736B82D8B5E2039A80D3D6932665C1A4C87DCF7
IsExecutable: false
Archived: true"
"12/17/2025 8:19:21 AM","11","File created:
RuleName: FileCreate
UtcTime: 2025-12-17 08:19:21.062
ProcessGuid: {f995aebf-6788-6942-6a08-000000000e00}
ProcessId: 6936
Image: C:\Windows\System32\WindowsPowerShell\v1.0\powershell.exe
TargetFilename: C:\Users\runneradmin\AppData\Local\Temp\__PSScriptPolicyTest_ctfbrj1q.hfy.ps1
CreationUtcTime: 2025-12-17 08:19:21.062
User: runnervm8j6r3\runneradmin"
"12/17/2025 8:19:20 AM","23","File Delete archived:
RuleName: FileDelete
UtcTime: 2025-12-17 08:19:20.500
ProcessGuid: {f995aebf-6788-6942-6808-000000000e00}
ProcessId: 1976
User: runnervm8j6r3\runneradmin
Image: C:\Windows\System32\WindowsPowerShell\v1.0\powershell.exe
TargetFilename: C:\Users\runneradmin\AppData\Local\Temp\__PSScriptPolicyTest_ipgn5455.3q5.ps1
Hashes: SHA256=96AD1146EB96877EAB5942AE0736B82D8B5E2039A80D3D6932665C1A4C87DCF7
IsExecutable: false
Archived: true"
"12/17/2025 8:19:20 AM","11","File created:
RuleName: FileCreate
UtcTime: 2025-12-17 08:19:20.484
ProcessGuid: {f995aebf-6788-6942-6808-000000000e00}
ProcessId: 1976
Image: C:\Windows\System32\WindowsPowerShell\v1.0\powershell.exe
TargetFilename: C:\Users\runneradmin\AppData\Local\Temp\__PSScriptPolicyTest_ipgn5455.3q5.ps1
CreationUtcTime: 2025-12-17 08:19:20.482
User: runnervm8j6r3\runneradmin"
