"12/17/2025 7:59:40 AM","11","File created:
RuleName: FileCreate
UtcTime: 2025-12-17 07:59:40.677
ProcessGuid: {f995aebf-5514-6942-3100-000000000e00}
ProcessId: 2592
Image: C:\Windows\System32\svchost.exe
TargetFilename: C:\Windows\System32\winevt\Logs\Microsoft-Windows-MsLbfoProvider2592Operational.evtx
CreationUtcTime: 2025-12-17 07:59:40.677
User: NT AUTHORITY\LOCAL SERVICE"
"12/17/2025 7:59:40 AM","11","File created:
RuleName: FileCreate
UtcTime: 2025-12-17 07:59:40.585
ProcessGuid: {f995aebf-5514-6942-3100-000000000e00}
ProcessId: 2592
Image: C:\Windows\System32\svchost.exe
TargetFilename: C:\Windows\System32\winevt\Logs\Microsoft-Windows-NdisImPlatform2592Operational.evtx
CreationUtcTime: 2025-12-17 07:59:40.585
User: NT AUTHORITY\LOCAL SERVICE"
"12/17/2025 7:59:40 AM","11","File created:
RuleName: FileCreate
UtcTime: 2025-12-17 07:59:40.541
ProcessGuid: {f995aebf-5514-6942-3100-000000000e00}
ProcessId: 2592
Image: C:\Windows\System32\svchost.exe
TargetFilename: C:\Windows\System32\winevt\Logs\Microsoft-Windows-NetworkProvider2592Operational.evtx
CreationUtcTime: 2025-12-17 07:59:40.541
User: NT AUTHORITY\LOCAL SERVICE"
"12/17/2025 7:59:40 AM","11","File created:
RuleName: FileCreate
UtcTime: 2025-12-17 07:59:40.524
ProcessGuid: {f995aebf-5514-6942-3100-000000000e00}
ProcessId: 2592
Image: C:\Windows\System32\svchost.exe
TargetFilename: C:\Windows\System32\winevt\Logs\Microsoft-Windows-NlaSvc2592Operational.evtx
CreationUtcTime: 2025-12-17 07:59:40.524
User: NT AUTHORITY\LOCAL SERVICE"
"12/17/2025 7:59:40 AM","1","Process Create:
RuleName: ProcessCreate
UtcTime: 2025-12-17 07:59:40.523
ProcessGuid: {f995aebf-62ec-6942-8505-000000000e00}
ProcessId: 5476
Image: C:\Windows\System32\schtasks.exe
FileVersion: 10.0.26100.6725 (WinBuild.160101.0800)
Description: Task Scheduler Configuration Tool
Product: Microsoft? Windows? Operating System
Company: Microsoft Corporation
OriginalFileName: schtasks.exe
CommandLine: SCHTASKS  /Delete /TN spawn /F 
CurrentDirectory: C:\Users\RUNNER~1\AppData\Local\Temp\
User: runnervm8j6r3\runneradmin
LogonGuid: {f995aebf-552e-6942-89d0-0b0000000000}
LogonId: 0xBD089
TerminalSessionId: 2
IntegrityLevel: High
Hashes: SHA256=B96AF3066F0B9DE8A460F77BAAE006C5372A266BE18C561DAA7C7AE8635D399D
ParentProcessGuid: {f995aebf-62ec-6942-8305-000000000e00}
ParentProcessId: 7640
ParentImage: C:\Windows\System32\cmd.exe
ParentCommandLine: ""cmd.exe"" /c SCHTASKS /Delete /TN spawn /F >nul 2>&1
ParentUser: runnervm8j6r3\runneradmin"
"12/17/2025 7:59:40 AM","11","File created:
RuleName: FileCreate
UtcTime: 2025-12-17 07:59:40.499
ProcessGuid: {f995aebf-5514-6942-3100-000000000e00}
ProcessId: 2592
Image: C:\Windows\System32\svchost.exe
TargetFilename: C:\Windows\System32\winevt\Logs\Microsoft-Windows-OfflineFiles2592Operational.evtx
CreationUtcTime: 2025-12-17 07:59:40.499
User: NT AUTHORITY\LOCAL SERVICE"
"12/17/2025 7:59:40 AM","11","File created:
RuleName: FileCreate
UtcTime: 2025-12-17 07:59:40.481
ProcessGuid: {f995aebf-5514-6942-3100-000000000e00}
ProcessId: 2592
Image: C:\Windows\System32\svchost.exe
TargetFilename: C:\Windows\System32\winevt\Logs\Microsoft-Windows-OOBE-Machine-DUI2592Operational.evtx
CreationUtcTime: 2025-12-17 07:59:40.481
User: NT AUTHORITY\LOCAL SERVICE"
"12/17/2025 7:59:40 AM","11","File created:
RuleName: FileCreate
UtcTime: 2025-12-17 07:59:40.440
ProcessGuid: {f995aebf-5514-6942-3100-000000000e00}
ProcessId: 2592
Image: C:\Windows\System32\svchost.exe
TargetFilename: C:\Windows\System32\winevt\Logs\Microsoft-Windows-PCRPF2592PCRPF.evtx
CreationUtcTime: 2025-12-17 07:59:40.440
User: NT AUTHORITY\LOCAL SERVICE"
"12/17/2025 7:59:40 AM","11","File created:
RuleName: FileCreate
UtcTime: 2025-12-17 07:59:40.421
ProcessGuid: {f995aebf-5514-6942-3100-000000000e00}
ProcessId: 2592
Image: C:\Windows\System32\svchost.exe
TargetFilename: C:\Windows\System32\winevt\Logs\Microsoft-Windows-PerceptionRuntime2592Operational.evtx
CreationUtcTime: 2025-12-17 07:59:40.421
User: NT AUTHORITY\LOCAL SERVICE"
"12/17/2025 7:59:40 AM","11","File created:
RuleName: FileCreate
UtcTime: 2025-12-17 07:59:40.408
ProcessGuid: {f995aebf-5514-6942-3100-000000000e00}
ProcessId: 2592
Image: C:\Windows\System32\svchost.exe
TargetFilename: C:\Windows\System32\winevt\Logs\Microsoft-Windows-PerceptionSensorDataService2592Operational.evtx
CreationUtcTime: 2025-12-17 07:59:40.408
User: NT AUTHORITY\LOCAL SERVICE"
"12/17/2025 7:59:40 AM","11","File created:
RuleName: FileCreate
UtcTime: 2025-12-17 07:59:40.390
ProcessGuid: {f995aebf-5514-6942-3100-000000000e00}
ProcessId: 2592
Image: C:\Windows\System32\svchost.exe
TargetFilename: C:\Windows\System32\winevt\Logs\Microsoft-Windows-PersistentMemory-Nvdimm2592Operational.evtx
CreationUtcTime: 2025-12-17 07:59:40.388
User: NT AUTHORITY\LOCAL SERVICE"
"12/17/2025 7:59:40 AM","11","File created:
RuleName: FileCreate
UtcTime: 2025-12-17 07:59:40.376
ProcessGuid: {f995aebf-5514-6942-3100-000000000e00}
ProcessId: 2592
Image: C:\Windows\System32\svchost.exe
TargetFilename: C:\Windows\System32\winevt\Logs\Microsoft-Windows-PersistentMemory-PmemDisk2592Operational.evtx
CreationUtcTime: 2025-12-17 07:59:40.376
User: NT AUTHORITY\LOCAL SERVICE"
"12/17/2025 7:59:40 AM","11","File created:
RuleName: FileCreate
UtcTime: 2025-12-17 07:59:40.362
ProcessGuid: {f995aebf-5514-6942-3100-000000000e00}
ProcessId: 2592
Image: C:\Windows\System32\svchost.exe
TargetFilename: C:\Windows\System32\winevt\Logs\Microsoft-Windows-PersistentMemory-ScmBus2592Certification.evtx
CreationUtcTime: 2025-12-17 07:59:40.362
User: NT AUTHORITY\LOCAL SERVICE"
"12/17/2025 7:59:40 AM","11","File created:
RuleName: FileCreate
UtcTime: 2025-12-17 07:59:40.354
ProcessGuid: {f995aebf-5514-6942-3100-000000000e00}
ProcessId: 2592
Image: C:\Windows\System32\svchost.exe
TargetFilename: C:\Windows\System32\winevt\Logs\Microsoft-Windows-PersistentMemory-ScmBus2592Operational.evtx
CreationUtcTime: 2025-12-17 07:59:40.354
User: NT AUTHORITY\LOCAL SERVICE"
"12/17/2025 7:59:40 AM","11","File created:
RuleName: FileCreate
UtcTime: 2025-12-17 07:59:40.335
ProcessGuid: {f995aebf-5514-6942-3100-000000000e00}
ProcessId: 2592
Image: C:\Windows\System32\svchost.exe
TargetFilename: C:\Windows\System32\winevt\Logs\Microsoft-Windows-Policy2592Operational.evtx
CreationUtcTime: 2025-12-17 07:59:40.335
User: NT AUTHORITY\LOCAL SERVICE"
"12/17/2025 7:59:40 AM","11","File created:
RuleName: FileCreate
UtcTime: 2025-12-17 07:59:40.312
ProcessGuid: {f995aebf-5514-6942-3100-000000000e00}
ProcessId: 2592
Image: C:\Windows\System32\svchost.exe
TargetFilename: C:\Windows\System32\winevt\Logs\Microsoft-Windows-PowerShell-DesiredStateConfiguration-FileDownloadManager2592Operational.evtx
CreationUtcTime: 2025-12-17 07:59:40.312
User: NT AUTHORITY\LOCAL SERVICE"
"12/17/2025 7:59:40 AM","1","Process Create:
RuleName: ProcessCreate
UtcTime: 2025-12-17 07:59:40.290
ProcessGuid: {f995aebf-62ec-6942-8205-000000000e00}
ProcessId: 6732
Image: C:\Windows\System32\schtasks.exe
FileVersion: 10.0.26100.6725 (WinBuild.160101.0800)
Description: Task Scheduler Configuration Tool
Product: Microsoft? Windows? Operating System
Company: Microsoft Corporation
OriginalFileName: schtasks.exe
CommandLine: schtasks  /delete /tn ""T1053_005_OnStartup"" /f 
CurrentDirectory: C:\Users\RUNNER~1\AppData\Local\Temp\
User: runnervm8j6r3\runneradmin
LogonGuid: {f995aebf-552e-6942-89d0-0b0000000000}
LogonId: 0xBD089
TerminalSessionId: 2
IntegrityLevel: High
Hashes: SHA256=B96AF3066F0B9DE8A460F77BAAE006C5372A266BE18C561DAA7C7AE8635D399D
ParentProcessGuid: {f995aebf-62ec-6942-7f05-000000000e00}
ParentProcessId: 4396
ParentImage: C:\Windows\System32\cmd.exe
ParentCommandLine: ""cmd.exe"" /c schtasks /delete /tn ""T1053_005_OnLogon"" /f >nul 2>&1 & schtasks /delete /tn ""T1053_005_OnStartup"" /f >nul 2>&1
ParentUser: runnervm8j6r3\runneradmin"
"12/17/2025 7:59:40 AM","11","File created:
RuleName: FileCreate
UtcTime: 2025-12-17 07:59:40.287
ProcessGuid: {f995aebf-5514-6942-3100-000000000e00}
ProcessId: 2592
Image: C:\Windows\System32\svchost.exe
TargetFilename: C:\Windows\System32\winevt\Logs\Microsoft-Windows-PrintBRM2592Admin.evtx
CreationUtcTime: 2025-12-17 07:59:40.287
User: NT AUTHORITY\LOCAL SERVICE"
"12/17/2025 7:59:40 AM","1","Process Create:
RuleName: ProcessCreate
UtcTime: 2025-12-17 07:59:40.268
ProcessGuid: {f995aebf-62ec-6942-8105-000000000e00}
ProcessId: 1404
Image: C:\Windows\System32\schtasks.exe
FileVersion: 10.0.26100.6725 (WinBuild.160101.0800)
Description: Task Scheduler Configuration Tool
Product: Microsoft? Windows? Operating System
Company: Microsoft Corporation
OriginalFileName: schtasks.exe
CommandLine: schtasks  /delete /tn ""T1053_005_OnLogon"" /f  
CurrentDirectory: C:\Users\RUNNER~1\AppData\Local\Temp\
User: runnervm8j6r3\runneradmin
LogonGuid: {f995aebf-552e-6942-89d0-0b0000000000}
LogonId: 0xBD089
TerminalSessionId: 2
IntegrityLevel: High
Hashes: SHA256=B96AF3066F0B9DE8A460F77BAAE006C5372A266BE18C561DAA7C7AE8635D399D
ParentProcessGuid: {f995aebf-62ec-6942-7f05-000000000e00}
ParentProcessId: 4396
ParentImage: C:\Windows\System32\cmd.exe
ParentCommandLine: ""cmd.exe"" /c schtasks /delete /tn ""T1053_005_OnLogon"" /f >nul 2>&1 & schtasks /delete /tn ""T1053_005_OnStartup"" /f >nul 2>&1
ParentUser: runnervm8j6r3\runneradmin"
"12/17/2025 7:59:40 AM","11","File created:
RuleName: FileCreate
UtcTime: 2025-12-17 07:59:40.255
ProcessGuid: {f995aebf-5514-6942-3100-000000000e00}
ProcessId: 2592
Image: C:\Windows\System32\svchost.exe
TargetFilename: C:\Windows\System32\winevt\Logs\Microsoft-Windows-PrintService2592Admin.evtx
CreationUtcTime: 2025-12-17 07:59:40.255
User: NT AUTHORITY\LOCAL SERVICE"
"12/17/2025 7:59:40 AM","11","File created:
RuleName: FileCreate
UtcTime: 2025-12-17 07:59:40.185
ProcessGuid: {f995aebf-5514-6942-3100-000000000e00}
ProcessId: 2592
Image: C:\Windows\System32\svchost.exe
TargetFilename: C:\Windows\System32\winevt\Logs\Microsoft-Windows-Rdp-Graphics-RdpAvenc2592Admin.evtx
CreationUtcTime: 2025-12-17 07:59:40.185
User: NT AUTHORITY\LOCAL SERVICE"
"12/17/2025 7:59:40 AM","11","File created:
RuleName: FileCreate
UtcTime: 2025-12-17 07:59:40.178
ProcessGuid: {f995aebf-5514-6942-3100-000000000e00}
ProcessId: 2592
Image: C:\Windows\System32\svchost.exe
TargetFilename: C:\Windows\System32\winevt\Logs\Microsoft-Windows-Rdp-Graphics-RdpAvenc2592Operational.evtx
CreationUtcTime: 2025-12-17 07:59:40.178
User: NT AUTHORITY\LOCAL SERVICE"
"12/17/2025 7:59:40 AM","11","File created:
RuleName: FileCreate
UtcTime: 2025-12-17 07:59:40.154
ProcessGuid: {f995aebf-5514-6942-3100-000000000e00}
ProcessId: 2592
Image: C:\Windows\System32\svchost.exe
TargetFilename: C:\Windows\System32\winevt\Logs\Microsoft-Windows-Rdp-Graphics-RdpLite2592Admin.evtx
CreationUtcTime: 2025-12-17 07:59:40.154
User: NT AUTHORITY\LOCAL SERVICE"
"12/17/2025 7:59:40 AM","11","File created:
RuleName: FileCreate
UtcTime: 2025-12-17 07:59:40.146
ProcessGuid: {f995aebf-5514-6942-3100-000000000e00}
ProcessId: 2592
Image: C:\Windows\System32\svchost.exe
TargetFilename: C:\Windows\System32\winevt\Logs\Microsoft-Windows-Rdp-Graphics-RdpLite2592Operational.evtx
CreationUtcTime: 2025-12-17 07:59:40.144
User: NT AUTHORITY\LOCAL SERVICE"
"12/17/2025 7:59:40 AM","11","File created:
RuleName: FileCreate
UtcTime: 2025-12-17 07:59:40.129
ProcessGuid: {f995aebf-5514-6942-3100-000000000e00}
ProcessId: 2592
Image: C:\Windows\System32\svchost.exe
TargetFilename: C:\Windows\System32\winevt\Logs\Microsoft-Windows-ReadyBoost2592Operational.evtx
CreationUtcTime: 2025-12-17 07:59:40.129
User: NT AUTHORITY\LOCAL SERVICE"
"12/17/2025 7:59:40 AM","11","File created:
RuleName: FileCreate
UtcTime: 2025-12-17 07:59:40.120
ProcessGuid: {f995aebf-5514-6942-3100-000000000e00}
ProcessId: 2592
Image: C:\Windows\System32\svchost.exe
TargetFilename: C:\Windows\System32\winevt\Logs\Microsoft-Windows-ReFS2592Operational.evtx
CreationUtcTime: 2025-12-17 07:59:40.120
User: NT AUTHORITY\LOCAL SERVICE"
"12/17/2025 7:59:40 AM","11","File created:
RuleName: FileCreate
UtcTime: 2025-12-17 07:59:40.110
ProcessGuid: {f995aebf-5514-6942-3100-000000000e00}
ProcessId: 2592
Image: C:\Windows\System32\svchost.exe
TargetFilename: C:\Windows\System32\winevt\Logs\Microsoft-Windows-ReFsDedupSvc2592Operational.evtx
CreationUtcTime: 2025-12-17 07:59:40.110
User: NT AUTHORITY\LOCAL SERVICE"
"12/17/2025 7:59:40 AM","11","File created:
RuleName: FileCreate
UtcTime: 2025-12-17 07:59:40.100
ProcessGuid: {f995aebf-5514-6942-3100-000000000e00}
ProcessId: 2592
Image: C:\Windows\System32\svchost.exe
TargetFilename: C:\Windows\System32\winevt\Logs\Microsoft-Windows-Regsvr322592Operational.evtx
CreationUtcTime: 2025-12-17 07:59:40.100
User: NT AUTHORITY\LOCAL SERVICE"
"12/17/2025 7:59:40 AM","11","File created:
RuleName: FileCreate
UtcTime: 2025-12-17 07:59:40.086
ProcessGuid: {f995aebf-5514-6942-3100-000000000e00}
ProcessId: 2592
Image: C:\Windows\System32\svchost.exe
TargetFilename: C:\Windows\System32\winevt\Logs\Microsoft-Windows-RemoteApp and Desktop Connections2592Admin.evtx
CreationUtcTime: 2025-12-17 07:59:40.086
User: NT AUTHORITY\LOCAL SERVICE"
"12/17/2025 7:59:40 AM","11","File created:
RuleName: FileCreate
UtcTime: 2025-12-17 07:59:40.078
ProcessGuid: {f995aebf-5514-6942-3100-000000000e00}
ProcessId: 2592
Image: C:\Windows\System32\svchost.exe
TargetFilename: C:\Windows\System32\winevt\Logs\Microsoft-Windows-RemoteApp and Desktop Connections2592Operational.evtx
CreationUtcTime: 2025-12-17 07:59:40.078
User: NT AUTHORITY\LOCAL SERVICE"
"12/17/2025 7:59:40 AM","11","File created:
RuleName: FileCreate
UtcTime: 2025-12-17 07:59:40.027
ProcessGuid: {f995aebf-5514-6942-3100-000000000e00}
ProcessId: 2592
Image: C:\Windows\System32\svchost.exe
TargetFilename: C:\Windows\System32\winevt\Logs\Microsoft-Windows-RemoteDesktopServices-SessionServices2592Operational.evtx
CreationUtcTime: 2025-12-17 07:59:40.027
User: NT AUTHORITY\LOCAL SERVICE"
"12/17/2025 7:59:39 AM","11","File created:
RuleName: FileCreate
UtcTime: 2025-12-17 07:59:39.991
ProcessGuid: {f995aebf-5514-6942-3100-000000000e00}
ProcessId: 2592
Image: C:\Windows\System32\svchost.exe
TargetFilename: C:\Windows\System32\winevt\Logs\Microsoft-Windows-Resource-Exhaustion-Resolver2592Operational.evtx
CreationUtcTime: 2025-12-17 07:59:39.991
User: NT AUTHORITY\LOCAL SERVICE"
"12/17/2025 7:59:39 AM","11","File created:
RuleName: FileCreate
UtcTime: 2025-12-17 07:59:39.953
ProcessGuid: {f995aebf-5514-6942-3100-000000000e00}
ProcessId: 2592
Image: C:\Windows\System32\svchost.exe
TargetFilename: C:\Windows\System32\winevt\Logs\Microsoft-Windows-SearchUI2592Operational.evtx
CreationUtcTime: 2025-12-17 07:59:39.953
User: NT AUTHORITY\LOCAL SERVICE"
"12/17/2025 7:59:39 AM","11","File created:
RuleName: FileCreate
UtcTime: 2025-12-17 07:59:39.931
ProcessGuid: {f995aebf-5514-6942-3100-000000000e00}
ProcessId: 2592
Image: C:\Windows\System32\svchost.exe
TargetFilename: C:\Windows\System32\winevt\Logs\Microsoft-Windows-Security-Audit-Configuration-Client2592Operational.evtx
CreationUtcTime: 2025-12-17 07:59:39.931
User: NT AUTHORITY\LOCAL SERVICE"
"12/17/2025 7:59:39 AM","11","File created:
RuleName: FileCreate
UtcTime: 2025-12-17 07:59:39.916
ProcessGuid: {f995aebf-5514-6942-3100-000000000e00}
ProcessId: 2592
Image: C:\Windows\System32\svchost.exe
TargetFilename: C:\Windows\System32\winevt\Logs\Microsoft-Windows-Security-EnterpriseData-FileRevocationManager2592Operational.evtx
CreationUtcTime: 2025-12-17 07:59:39.916
User: NT AUTHORITY\LOCAL SERVICE"
"12/17/2025 7:59:39 AM","11","File created:
RuleName: FileCreate
UtcTime: 2025-12-17 07:59:39.890
ProcessGuid: {f995aebf-5514-6942-3100-000000000e00}
ProcessId: 2592
Image: C:\Windows\System32\svchost.exe
TargetFilename: C:\Windows\System32\winevt\Logs\Microsoft-Windows-Security-Isolation-BrokeringFileSystem2592Operational.evtx
CreationUtcTime: 2025-12-17 07:59:39.890
User: NT AUTHORITY\LOCAL SERVICE"
"12/17/2025 7:59:39 AM","11","File created:
RuleName: FileCreate
UtcTime: 2025-12-17 07:59:39.880
ProcessGuid: {f995aebf-5514-6942-3100-000000000e00}
ProcessId: 2592
Image: C:\Windows\System32\svchost.exe
TargetFilename: C:\Windows\System32\winevt\Logs\Microsoft-Windows-Security-LessPrivilegedAppContainer2592Operational.evtx
CreationUtcTime: 2025-12-17 07:59:39.880
User: NT AUTHORITY\LOCAL SERVICE"
"12/17/2025 7:59:39 AM","11","File created:
RuleName: FileCreate
UtcTime: 2025-12-17 07:59:39.852
ProcessGuid: {f995aebf-5514-6942-3100-000000000e00}
ProcessId: 2592
Image: C:\Windows\System32\svchost.exe
TargetFilename: C:\Windows\System32\winevt\Logs\Microsoft-Windows-Security-Netlogon2592Operational.evtx
CreationUtcTime: 2025-12-17 07:59:39.852
User: NT AUTHORITY\LOCAL SERVICE"
"12/17/2025 7:59:39 AM","11","File created:
RuleName: FileCreate
UtcTime: 2025-12-17 07:59:39.844
ProcessGuid: {f995aebf-5514-6942-3100-000000000e00}
ProcessId: 2592
Image: C:\Windows\System32\svchost.exe
TargetFilename: C:\Windows\System32\winevt\Logs\Microsoft-Windows-Security-SPP-UX-GenuineCenter-Logging2592Operational.evtx
CreationUtcTime: 2025-12-17 07:59:39.844
User: NT AUTHORITY\LOCAL SERVICE"
"12/17/2025 7:59:39 AM","11","File created:
RuleName: FileCreate
UtcTime: 2025-12-17 07:59:39.811
ProcessGuid: {f995aebf-5514-6942-3100-000000000e00}
ProcessId: 2592
Image: C:\Windows\System32\svchost.exe
TargetFilename: C:\Windows\System32\winevt\Logs\Microsoft-Windows-Security-UserConsentVerifier2592Audit.evtx
CreationUtcTime: 2025-12-17 07:59:39.811
User: NT AUTHORITY\LOCAL SERVICE"
"12/17/2025 7:59:39 AM","11","File created:
RuleName: FileCreate
UtcTime: 2025-12-17 07:59:39.793
ProcessGuid: {f995aebf-5514-6942-3100-000000000e00}
ProcessId: 2592
Image: C:\Windows\System32\svchost.exe
TargetFilename: C:\Windows\System32\winevt\Logs\Microsoft-Windows-SecurityMitigationsBroker2592Operational.evtx
CreationUtcTime: 2025-12-17 07:59:39.793
User: NT AUTHORITY\LOCAL SERVICE"
"12/17/2025 7:59:39 AM","11","File created:
RuleName: FileCreate
UtcTime: 2025-12-17 07:59:39.773
ProcessGuid: {f995aebf-5514-6942-3100-000000000e00}
ProcessId: 2592
Image: C:\Windows\System32\svchost.exe
TargetFilename: C:\Windows\System32\winevt\Logs\Microsoft-Windows-SENSE2592Operational.evtx
CreationUtcTime: 2025-12-17 07:59:39.773
User: NT AUTHORITY\LOCAL SERVICE"
"12/17/2025 7:59:39 AM","11","File created:
RuleName: FileCreate
UtcTime: 2025-12-17 07:59:39.765
ProcessGuid: {f995aebf-5514-6942-3100-000000000e00}
ProcessId: 2592
Image: C:\Windows\System32\svchost.exe
TargetFilename: C:\Windows\System32\winevt\Logs\Microsoft-Windows-SenseIR2592Operational.evtx
CreationUtcTime: 2025-12-17 07:59:39.765
User: NT AUTHORITY\LOCAL SERVICE"
"12/17/2025 7:59:39 AM","11","File created:
RuleName: FileCreate
UtcTime: 2025-12-17 07:59:39.725
ProcessGuid: {f995aebf-5514-6942-3100-000000000e00}
ProcessId: 2592
Image: C:\Windows\System32\svchost.exe
TargetFilename: C:\Windows\System32\winevt\Logs\Microsoft-Windows-ServerManager-ConfigureSMRemoting2592Operational.evtx
CreationUtcTime: 2025-12-17 07:59:39.725
User: NT AUTHORITY\LOCAL SERVICE"
"12/17/2025 7:59:39 AM","11","File created:
RuleName: FileCreate
UtcTime: 2025-12-17 07:59:39.638
ProcessGuid: {f995aebf-5514-6942-3100-000000000e00}
ProcessId: 2592
Image: C:\Windows\System32\svchost.exe
TargetFilename: C:\Windows\System32\winevt\Logs\Microsoft-Windows-ShellCommon-StartLayoutPopulation2592Operational.evtx
CreationUtcTime: 2025-12-17 07:59:39.636
User: NT AUTHORITY\LOCAL SERVICE"
"12/17/2025 7:59:39 AM","11","File created:
RuleName: FileCreate
UtcTime: 2025-12-17 07:59:39.622
ProcessGuid: {f995aebf-5514-6942-3100-000000000e00}
ProcessId: 2592
Image: C:\Windows\System32\svchost.exe
TargetFilename: C:\Windows\System32\winevt\Logs\Microsoft-Windows-SilProvider2592Operational.evtx
CreationUtcTime: 2025-12-17 07:59:39.620
User: NT AUTHORITY\LOCAL SERVICE"
"12/17/2025 7:59:39 AM","11","File created:
RuleName: FileCreate
UtcTime: 2025-12-17 07:59:39.604
ProcessGuid: {f995aebf-5514-6942-3100-000000000e00}
ProcessId: 2592
Image: C:\Windows\System32\svchost.exe
TargetFilename: C:\Windows\System32\winevt\Logs\Microsoft-Windows-SmartCard-Audit2592Authentication.evtx
CreationUtcTime: 2025-12-17 07:59:39.602
User: NT AUTHORITY\LOCAL SERVICE"
"12/17/2025 7:59:39 AM","11","File created:
RuleName: FileCreate
UtcTime: 2025-12-17 07:59:39.594
ProcessGuid: {f995aebf-5514-6942-3100-000000000e00}
ProcessId: 2592
Image: C:\Windows\System32\svchost.exe
TargetFilename: C:\Windows\System32\winevt\Logs\Microsoft-Windows-SmartCard-DeviceEnum2592Operational.evtx
CreationUtcTime: 2025-12-17 07:59:39.594
User: NT AUTHORITY\LOCAL SERVICE"
"12/17/2025 7:59:39 AM","11","File created:
RuleName: FileCreate
UtcTime: 2025-12-17 07:59:39.582
ProcessGuid: {f995aebf-5514-6942-3100-000000000e00}
ProcessId: 2592
Image: C:\Windows\System32\svchost.exe
TargetFilename: C:\Windows\System32\winevt\Logs\Microsoft-Windows-SmartCard-TPM-VCard-Module2592Admin.evtx
CreationUtcTime: 2025-12-17 07:59:39.582
User: NT AUTHORITY\LOCAL SERVICE"
"12/17/2025 7:59:39 AM","11","File created:
RuleName: FileCreate
UtcTime: 2025-12-17 07:59:39.575
ProcessGuid: {f995aebf-5514-6942-3100-000000000e00}
ProcessId: 2592
Image: C:\Windows\System32\svchost.exe
TargetFilename: C:\Windows\System32\winevt\Logs\Microsoft-Windows-SmartCard-TPM-VCard-Module2592Operational.evtx
CreationUtcTime: 2025-12-17 07:59:39.575
User: NT AUTHORITY\LOCAL SERVICE"
"12/17/2025 7:59:39 AM","11","File created:
RuleName: FileCreate
UtcTime: 2025-12-17 07:59:39.544
ProcessGuid: {f995aebf-5514-6942-3100-000000000e00}
ProcessId: 2592
Image: C:\Windows\System32\svchost.exe
TargetFilename: C:\Windows\System32\winevt\Logs\Microsoft-Windows-SMBDirect2592Connectivity.evtx
CreationUtcTime: 2025-12-17 07:59:39.544
User: NT AUTHORITY\LOCAL SERVICE"
"12/17/2025 7:59:39 AM","11","File created:
RuleName: FileCreate
UtcTime: 2025-12-17 07:59:39.536
ProcessGuid: {f995aebf-5514-6942-3100-000000000e00}
ProcessId: 2592
Image: C:\Windows\System32\svchost.exe
TargetFilename: C:\Windows\System32\winevt\Logs\Microsoft-Windows-SMBDirect2592Operational.evtx
CreationUtcTime: 2025-12-17 07:59:39.536
User: NT AUTHORITY\LOCAL SERVICE"
"12/17/2025 7:59:39 AM","11","File created:
RuleName: FileCreate
UtcTime: 2025-12-17 07:59:39.524
ProcessGuid: {f995aebf-5514-6942-3100-000000000e00}
ProcessId: 2592
Image: C:\Windows\System32\svchost.exe
TargetFilename: C:\Windows\System32\winevt\Logs\Microsoft-Windows-SMBWitnessClient2592Admin.evtx
CreationUtcTime: 2025-12-17 07:59:39.524
User: NT AUTHORITY\LOCAL SERVICE"
"12/17/2025 7:59:39 AM","11","File created:
RuleName: FileCreate
UtcTime: 2025-12-17 07:59:39.511
ProcessGuid: {f995aebf-5514-6942-3100-000000000e00}
ProcessId: 2592
Image: C:\Windows\System32\svchost.exe
TargetFilename: C:\Windows\System32\winevt\Logs\Microsoft-Windows-SMBWitnessClient2592Informational.evtx
CreationUtcTime: 2025-12-17 07:59:39.511
User: NT AUTHORITY\LOCAL SERVICE"
"12/17/2025 7:59:39 AM","11","File created:
RuleName: FileCreate
UtcTime: 2025-12-17 07:59:39.483
ProcessGuid: {f995aebf-5514-6942-3100-000000000e00}
ProcessId: 2592
Image: C:\Windows\System32\svchost.exe
TargetFilename: C:\Windows\System32\winevt\Logs\Microsoft-Windows-Storage-ClassPnP2592Operational.evtx
CreationUtcTime: 2025-12-17 07:59:39.483
User: NT AUTHORITY\LOCAL SERVICE"
"12/17/2025 7:59:39 AM","11","File created:
RuleName: FileCreate
UtcTime: 2025-12-17 07:59:39.465
ProcessGuid: {f995aebf-5514-6942-3100-000000000e00}
ProcessId: 2592
Image: C:\Windows\System32\svchost.exe
TargetFilename: C:\Windows\System32\winevt\Logs\Microsoft-Windows-Storage-NvmeDisk2592Operational.evtx
CreationUtcTime: 2025-12-17 07:59:39.463
User: NT AUTHORITY\LOCAL SERVICE"
"12/17/2025 7:59:39 AM","11","File created:
RuleName: FileCreate
UtcTime: 2025-12-17 07:59:39.449
ProcessGuid: {f995aebf-5514-6942-3100-000000000e00}
ProcessId: 2592
Image: C:\Windows\System32\svchost.exe
TargetFilename: C:\Windows\System32\winevt\Logs\Microsoft-Windows-Storage-Tiering2592Admin.evtx
CreationUtcTime: 2025-12-17 07:59:39.447
User: NT AUTHORITY\LOCAL SERVICE"
"12/17/2025 7:59:39 AM","11","File created:
RuleName: FileCreate
UtcTime: 2025-12-17 07:59:39.439
ProcessGuid: {f995aebf-5514-6942-3100-000000000e00}
ProcessId: 2592
Image: C:\Windows\System32\svchost.exe
TargetFilename: C:\Windows\System32\winevt\Logs\Microsoft-Windows-StorageManagement-PartUtil2592Operational.evtx
CreationUtcTime: 2025-12-17 07:59:39.439
User: NT AUTHORITY\LOCAL SERVICE"
"12/17/2025 7:59:39 AM","11","File created:
RuleName: FileCreate
UtcTime: 2025-12-17 07:59:39.391
ProcessGuid: {f995aebf-5514-6942-3100-000000000e00}
ProcessId: 2592
Image: C:\Windows\System32\svchost.exe
TargetFilename: C:\Windows\System32\winevt\Logs\Microsoft-Windows-StorageSettings2592Diagnostic.evtx
CreationUtcTime: 2025-12-17 07:59:39.391
User: NT AUTHORITY\LOCAL SERVICE"
"12/17/2025 7:59:39 AM","11","File created:
RuleName: FileCreate
UtcTime: 2025-12-17 07:59:39.362
ProcessGuid: {f995aebf-5514-6942-3100-000000000e00}
ProcessId: 2592
Image: C:\Windows\System32\svchost.exe
TargetFilename: C:\Windows\System32\winevt\Logs\Microsoft-Windows-StorageSpaces-Api2592Operational.evtx
CreationUtcTime: 2025-12-17 07:59:39.362
User: NT AUTHORITY\LOCAL SERVICE"
"12/17/2025 7:59:39 AM","11","File created:
RuleName: FileCreate
UtcTime: 2025-12-17 07:59:39.350
ProcessGuid: {f995aebf-5514-6942-3100-000000000e00}
ProcessId: 2592
Image: C:\Windows\System32\svchost.exe
TargetFilename: C:\Windows\System32\winevt\Logs\Microsoft-Windows-StorageSpaces-Parser2592Diagnostic.evtx
CreationUtcTime: 2025-12-17 07:59:39.350
User: NT AUTHORITY\LOCAL SERVICE"
"12/17/2025 7:59:39 AM","11","File created:
RuleName: FileCreate
UtcTime: 2025-12-17 07:59:39.342
ProcessGuid: {f995aebf-5514-6942-3100-000000000e00}
ProcessId: 2592
Image: C:\Windows\System32\svchost.exe
TargetFilename: C:\Windows\System32\winevt\Logs\Microsoft-Windows-StorageSpaces-Parser2592Operational.evtx
CreationUtcTime: 2025-12-17 07:59:39.342
User: NT AUTHORITY\LOCAL SERVICE"
"12/17/2025 7:59:39 AM","11","File created:
RuleName: FileCreate
UtcTime: 2025-12-17 07:59:39.334
ProcessGuid: {f995aebf-5514-6942-3100-000000000e00}
ProcessId: 2592
Image: C:\Windows\System32\svchost.exe
TargetFilename: C:\Windows\System32\winevt\Logs\Microsoft-Windows-StorageSpaces-SpaceManager2592Diagnostic.evtx
CreationUtcTime: 2025-12-17 07:59:39.334
User: NT AUTHORITY\LOCAL SERVICE"
"12/17/2025 7:59:39 AM","11","File created:
RuleName: FileCreate
UtcTime: 2025-12-17 07:59:39.324
ProcessGuid: {f995aebf-5514-6942-3100-000000000e00}
ProcessId: 2592
Image: C:\Windows\System32\svchost.exe
TargetFilename: C:\Windows\System32\winevt\Logs\Microsoft-Windows-StorageSpaces-SpaceManager2592Operational.evtx
CreationUtcTime: 2025-12-17 07:59:39.324
User: NT AUTHORITY\LOCAL SERVICE"
"12/17/2025 7:59:39 AM","11","File created:
RuleName: FileCreate
UtcTime: 2025-12-17 07:59:39.294
ProcessGuid: {f995aebf-5514-6942-3100-000000000e00}
ProcessId: 2592
Image: C:\Windows\System32\svchost.exe
TargetFilename: C:\Windows\System32\winevt\Logs\Microsoft-Windows-SystemSettingsThreshold2592Operational.evtx
CreationUtcTime: 2025-12-17 07:59:39.294
User: NT AUTHORITY\LOCAL SERVICE"
"12/17/2025 7:59:39 AM","11","File created:
RuleName: FileCreate
UtcTime: 2025-12-17 07:59:39.274
ProcessGuid: {f995aebf-5514-6942-3100-000000000e00}
ProcessId: 2592
Image: C:\Windows\System32\svchost.exe
TargetFilename: C:\Windows\System32\winevt\Logs\Microsoft-Windows-TerminalServices-ClientUSBDevices2592Admin.evtx
CreationUtcTime: 2025-12-17 07:59:39.274
User: NT AUTHORITY\LOCAL SERVICE"
"12/17/2025 7:59:39 AM","11","File created:
RuleName: FileCreate
UtcTime: 2025-12-17 07:59:39.266
ProcessGuid: {f995aebf-5514-6942-3100-000000000e00}
ProcessId: 2592
Image: C:\Windows\System32\svchost.exe
TargetFilename: C:\Windows\System32\winevt\Logs\Microsoft-Windows-TerminalServices-ClientUSBDevices2592Operational.evtx
CreationUtcTime: 2025-12-17 07:59:39.266
User: NT AUTHORITY\LOCAL SERVICE"
"12/17/2025 7:59:39 AM","11","File created:
RuleName: FileCreate
UtcTime: 2025-12-17 07:59:39.248
ProcessGuid: {f995aebf-5514-6942-3100-000000000e00}
ProcessId: 2592
Image: C:\Windows\System32\svchost.exe
TargetFilename: C:\Windows\System32\winevt\Logs\Microsoft-Windows-TerminalServices-PnPDevices2592Admin.evtx
CreationUtcTime: 2025-12-17 07:59:39.248
User: NT AUTHORITY\LOCAL SERVICE"
"12/17/2025 7:59:39 AM","11","File created:
RuleName: FileCreate
UtcTime: 2025-12-17 07:59:39.239
ProcessGuid: {f995aebf-5514-6942-3100-000000000e00}
ProcessId: 2592
Image: C:\Windows\System32\svchost.exe
TargetFilename: C:\Windows\System32\winevt\Logs\Microsoft-Windows-TerminalServices-PnPDevices2592Operational.evtx
CreationUtcTime: 2025-12-17 07:59:39.239
User: NT AUTHORITY\LOCAL SERVICE"
"12/17/2025 7:59:39 AM","11","File created:
RuleName: FileCreate
UtcTime: 2025-12-17 07:59:39.231
ProcessGuid: {f995aebf-5514-6942-3100-000000000e00}
ProcessId: 2592
Image: C:\Windows\System32\svchost.exe
TargetFilename: C:\Windows\System32\winevt\Logs\Microsoft-Windows-TerminalServices-Printers2592Admin.evtx
CreationUtcTime: 2025-12-17 07:59:39.229
User: NT AUTHORITY\LOCAL SERVICE"
"12/17/2025 7:59:39 AM","11","File created:
RuleName: FileCreate
UtcTime: 2025-12-17 07:59:39.219
ProcessGuid: {f995aebf-5514-6942-3100-000000000e00}
ProcessId: 2592
Image: C:\Windows\System32\svchost.exe
TargetFilename: C:\Windows\System32\winevt\Logs\Microsoft-Windows-TerminalServices-Printers2592Operational.evtx
CreationUtcTime: 2025-12-17 07:59:39.219
User: NT AUTHORITY\LOCAL SERVICE"
"12/17/2025 7:59:39 AM","11","File created:
RuleName: FileCreate
UtcTime: 2025-12-17 07:59:39.211
ProcessGuid: {f995aebf-5514-6942-3100-000000000e00}
ProcessId: 2592
Image: C:\Windows\System32\svchost.exe
TargetFilename: C:\Windows\System32\winevt\Logs\Microsoft-Windows-TerminalServices-RDPClient2592Operational.evtx
CreationUtcTime: 2025-12-17 07:59:39.211
User: NT AUTHORITY\LOCAL SERVICE"
"12/17/2025 7:59:39 AM","11","File created:
RuleName: FileCreate
UtcTime: 2025-12-17 07:59:39.151
ProcessGuid: {f995aebf-5514-6942-3100-000000000e00}
ProcessId: 2592
Image: C:\Windows\System32\svchost.exe
TargetFilename: C:\Windows\System32\winevt\Logs\Microsoft-Windows-TerminalServices-ServerUSBDevices2592Admin.evtx
CreationUtcTime: 2025-12-17 07:59:39.151
User: NT AUTHORITY\LOCAL SERVICE"
"12/17/2025 7:59:39 AM","11","File created:
RuleName: FileCreate
UtcTime: 2025-12-17 07:59:39.141
ProcessGuid: {f995aebf-5514-6942-3100-000000000e00}
ProcessId: 2592
Image: C:\Windows\System32\svchost.exe
TargetFilename: C:\Windows\System32\winevt\Logs\Microsoft-Windows-TerminalServices-ServerUSBDevices2592Operational.evtx
CreationUtcTime: 2025-12-17 07:59:39.141
User: NT AUTHORITY\LOCAL SERVICE"
"12/17/2025 7:59:39 AM","11","File created:
RuleName: FileCreate
UtcTime: 2025-12-17 07:59:39.113
ProcessGuid: {f995aebf-5514-6942-3100-000000000e00}
ProcessId: 2592
Image: C:\Windows\System32\svchost.exe
TargetFilename: C:\Windows\System32\winevt\Logs\Microsoft-Windows-TerminalServices-SessionBroker-Client2592Admin.evtx
CreationUtcTime: 2025-12-17 07:59:39.113
User: NT AUTHORITY\LOCAL SERVICE"
"12/17/2025 7:59:39 AM","11","File created:
RuleName: FileCreate
UtcTime: 2025-12-17 07:59:39.105
ProcessGuid: {f995aebf-5514-6942-3100-000000000e00}
ProcessId: 2592
Image: C:\Windows\System32\svchost.exe
TargetFilename: C:\Windows\System32\winevt\Logs\Microsoft-Windows-TerminalServices-SessionBroker-Client2592Operational.evtx
CreationUtcTime: 2025-12-17 07:59:39.105
User: NT AUTHORITY\LOCAL SERVICE"
"12/17/2025 7:59:39 AM","11","File created:
RuleName: FileCreate
UtcTime: 2025-12-17 07:59:39.095
ProcessGuid: {f995aebf-5514-6942-3100-000000000e00}
ProcessId: 2592
Image: C:\Windows\System32\svchost.exe
TargetFilename: C:\Windows\System32\winevt\Logs\Microsoft-Windows-Time-Service-PTP-Provider2592PTP-Operational.evtx
CreationUtcTime: 2025-12-17 07:59:39.095
User: NT AUTHORITY\LOCAL SERVICE"
"12/17/2025 7:59:39 AM","11","File created:
RuleName: FileCreate
UtcTime: 2025-12-17 07:59:39.040
ProcessGuid: {f995aebf-5514-6942-3100-000000000e00}
ProcessId: 2592
Image: C:\Windows\System32\svchost.exe
TargetFilename: C:\Windows\System32\winevt\Logs\Microsoft-Windows-TZUtil2592Operational.evtx
CreationUtcTime: 2025-12-17 07:59:39.040
User: NT AUTHORITY\LOCAL SERVICE"
"12/17/2025 7:59:39 AM","11","File created:
RuleName: FileCreate
UtcTime: 2025-12-17 07:59:39.008
ProcessGuid: {f995aebf-5514-6942-3100-000000000e00}
ProcessId: 2592
Image: C:\Windows\System32\svchost.exe
TargetFilename: C:\Windows\System32\winevt\Logs\Microsoft-Windows-UAC-FileVirtualization2592Operational.evtx
CreationUtcTime: 2025-12-17 07:59:39.008
User: NT AUTHORITY\LOCAL SERVICE"
"12/17/2025 7:59:38 AM","11","File created:
RuleName: FileCreate
UtcTime: 2025-12-17 07:59:38.996
ProcessGuid: {f995aebf-5514-6942-3100-000000000e00}
ProcessId: 2592
Image: C:\Windows\System32\svchost.exe
TargetFilename: C:\Windows\System32\winevt\Logs\Microsoft-Windows-UAC2592Operational.evtx
CreationUtcTime: 2025-12-17 07:59:38.996
User: NT AUTHORITY\LOCAL SERVICE"
"12/17/2025 7:59:38 AM","11","File created:
RuleName: FileCreate
UtcTime: 2025-12-17 07:59:38.983
ProcessGuid: {f995aebf-5514-6942-3100-000000000e00}
ProcessId: 2592
Image: C:\Windows\System32\svchost.exe
TargetFilename: C:\Windows\System32\winevt\Logs\Microsoft-Windows-USB-UCMUCSICX2592Operational.evtx
CreationUtcTime: 2025-12-17 07:59:38.983
User: NT AUTHORITY\LOCAL SERVICE"
"12/17/2025 7:59:38 AM","11","File created:
RuleName: FileCreate
UtcTime: 2025-12-17 07:59:38.955
ProcessGuid: {f995aebf-5514-6942-3100-000000000e00}
ProcessId: 2592
Image: C:\Windows\System32\svchost.exe
TargetFilename: C:\Windows\System32\winevt\Logs\Microsoft-Windows-USB-USBXHCI-Operational.evtx
CreationUtcTime: 2025-12-17 07:59:38.955
User: NT AUTHORITY\LOCAL SERVICE"
"12/17/2025 7:59:38 AM","11","File created:
RuleName: FileCreate
UtcTime: 2025-12-17 07:59:38.943
ProcessGuid: {f995aebf-5514-6942-3100-000000000e00}
ProcessId: 2592
Image: C:\Windows\System32\svchost.exe
TargetFilename: C:\Windows\System32\winevt\Logs\Microsoft-Windows-User Control Panel2592Operational.evtx
CreationUtcTime: 2025-12-17 07:59:38.943
User: NT AUTHORITY\LOCAL SERVICE"
"12/17/2025 7:59:38 AM","11","File created:
RuleName: FileCreate
UtcTime: 2025-12-17 07:59:38.901
ProcessGuid: {f995aebf-5514-6942-3100-000000000e00}
ProcessId: 2592
Image: C:\Windows\System32\svchost.exe
TargetFilename: C:\Windows\System32\winevt\Logs\Microsoft-Windows-User-Loader2592Operational.evtx
CreationUtcTime: 2025-12-17 07:59:38.901
User: NT AUTHORITY\LOCAL SERVICE"
"12/17/2025 7:59:38 AM","11","File created:
RuleName: FileCreate
UtcTime: 2025-12-17 07:59:38.889
ProcessGuid: {f995aebf-5514-6942-3100-000000000e00}
ProcessId: 2592
Image: C:\Windows\System32\svchost.exe
TargetFilename: C:\Windows\System32\winevt\Logs\Microsoft-Windows-UserSettingsBackup-BackupUnitProcessor2592Operational.evtx
CreationUtcTime: 2025-12-17 07:59:38.889
User: NT AUTHORITY\LOCAL SERVICE"
"12/17/2025 7:59:38 AM","11","File created:
RuleName: FileCreate
UtcTime: 2025-12-17 07:59:38.855
ProcessGuid: {f995aebf-5514-6942-3100-000000000e00}
ProcessId: 2592
Image: C:\Windows\System32\svchost.exe
TargetFilename: C:\Windows\System32\winevt\Logs\Microsoft-Windows-UserSettingsBackup-EarlyDownloader2592Operational.evtx
CreationUtcTime: 2025-12-17 07:59:38.855
User: NT AUTHORITY\LOCAL SERVICE"
"12/17/2025 7:59:38 AM","11","File created:
RuleName: FileCreate
UtcTime: 2025-12-17 07:59:38.824
ProcessGuid: {f995aebf-5514-6942-3100-000000000e00}
ProcessId: 2592
Image: C:\Windows\System32\svchost.exe
TargetFilename: C:\Windows\System32\winevt\Logs\Microsoft-Windows-UserSettingsBackup-Orchestrator2592Operational.evtx
CreationUtcTime: 2025-12-17 07:59:38.824
User: NT AUTHORITY\LOCAL SERVICE"
"12/17/2025 7:59:38 AM","11","File created:
RuleName: FileCreate
UtcTime: 2025-12-17 07:59:38.778
ProcessGuid: {f995aebf-5514-6942-3100-000000000e00}
ProcessId: 2592
Image: C:\Windows\System32\svchost.exe
TargetFilename: C:\Windows\System32\winevt\Logs\Microsoft-Windows-VDRVROOT2592Operational.evtx
CreationUtcTime: 2025-12-17 07:59:38.778
User: NT AUTHORITY\LOCAL SERVICE"
"12/17/2025 7:59:38 AM","11","File created:
RuleName: FileCreate
UtcTime: 2025-12-17 07:59:38.766
ProcessGuid: {f995aebf-5514-6942-3100-000000000e00}
ProcessId: 2592
Image: C:\Windows\System32\svchost.exe
TargetFilename: C:\Windows\System32\winevt\Logs\Microsoft-Windows-VerifyHardwareSecurity2592Admin.evtx
CreationUtcTime: 2025-12-17 07:59:38.766
User: NT AUTHORITY\LOCAL SERVICE"
"12/17/2025 7:59:38 AM","11","File created:
RuleName: FileCreate
UtcTime: 2025-12-17 07:59:38.750
ProcessGuid: {f995aebf-5514-6942-3100-000000000e00}
ProcessId: 2592
Image: C:\Windows\System32\svchost.exe
TargetFilename: C:\Windows\System32\winevt\Logs\Microsoft-Windows-VHDMP-Operational.evtx
CreationUtcTime: 2025-12-17 07:59:38.750
User: NT AUTHORITY\LOCAL SERVICE"
"12/17/2025 7:59:38 AM","11","File created:
RuleName: FileCreate
UtcTime: 2025-12-17 07:59:38.735
ProcessGuid: {f995aebf-5514-6942-3100-000000000e00}
ProcessId: 2592
Image: C:\Windows\System32\svchost.exe
TargetFilename: C:\Windows\System32\winevt\Logs\Microsoft-Windows-VPN-Client2592Operational.evtx
CreationUtcTime: 2025-12-17 07:59:38.735
User: NT AUTHORITY\LOCAL SERVICE"
"12/17/2025 7:59:38 AM","11","File created:
RuleName: FileCreate
UtcTime: 2025-12-17 07:59:38.645
ProcessGuid: {f995aebf-5514-6942-3100-000000000e00}
ProcessId: 2592
Image: C:\Windows\System32\svchost.exe
TargetFilename: C:\Windows\System32\winevt\Logs\Microsoft-Windows-WebIO2592Operational.evtx
CreationUtcTime: 2025-12-17 07:59:38.645
User: NT AUTHORITY\LOCAL SERVICE"
"12/17/2025 7:59:38 AM","11","File created:
RuleName: FileCreate
UtcTime: 2025-12-17 07:59:38.634
ProcessGuid: {f995aebf-5514-6942-3100-000000000e00}
ProcessId: 2592
Image: C:\Windows\System32\svchost.exe
TargetFilename: C:\Windows\System32\winevt\Logs\Microsoft-Windows-WER-Diag2592Operational.evtx
CreationUtcTime: 2025-12-17 07:59:38.634
User: NT AUTHORITY\LOCAL SERVICE"
"12/17/2025 7:59:38 AM","11","File created:
RuleName: FileCreate
UtcTime: 2025-12-17 07:59:38.592
ProcessGuid: {f995aebf-5514-6942-3100-000000000e00}
ProcessId: 2592
Image: C:\Windows\System32\svchost.exe
TargetFilename: C:\Windows\System32\winevt\Logs\Microsoft-Windows-WER-PayloadHealth2592Operational.evtx
CreationUtcTime: 2025-12-17 07:59:38.590
User: NT AUTHORITY\LOCAL SERVICE"
"12/17/2025 7:59:38 AM","11","File created:
RuleName: FileCreate
UtcTime: 2025-12-17 07:59:38.582
ProcessGuid: {f995aebf-5514-6942-3100-000000000e00}
ProcessId: 2592
Image: C:\Windows\System32\svchost.exe
TargetFilename: C:\Windows\System32\winevt\Logs\Microsoft-Windows-WerKernel2592Operational.evtx
CreationUtcTime: 2025-12-17 07:59:38.582
User: NT AUTHORITY\LOCAL SERVICE"
"12/17/2025 7:59:38 AM","11","File created:
RuleName: FileCreate
UtcTime: 2025-12-17 07:59:38.563
ProcessGuid: {f995aebf-5514-6942-3100-000000000e00}
ProcessId: 2592
Image: C:\Windows\System32\svchost.exe
TargetFilename: C:\Windows\System32\winevt\Logs\Microsoft-Windows-Win32k2592Operational.evtx
CreationUtcTime: 2025-12-17 07:59:38.563
User: NT AUTHORITY\LOCAL SERVICE"
"12/17/2025 7:59:38 AM","11","File created:
RuleName: FileCreate
UtcTime: 2025-12-17 07:59:38.546
ProcessGuid: {f995aebf-5514-6942-3100-000000000e00}
ProcessId: 2592
Image: C:\Windows\System32\svchost.exe
TargetFilename: C:\Windows\System32\winevt\Logs\Microsoft-Windows-WindowsSystemAssessmentTool2592Operational.evtx
CreationUtcTime: 2025-12-17 07:59:38.546
User: NT AUTHORITY\LOCAL SERVICE"
"12/17/2025 7:59:38 AM","11","File created:
RuleName: FileCreate
UtcTime: 2025-12-17 07:59:38.493
ProcessGuid: {f995aebf-5514-6942-3100-000000000e00}
ProcessId: 2592
Image: C:\Windows\System32\svchost.exe
TargetFilename: C:\Windows\System32\winevt\Logs\Microsoft-Windows-WinHttp2592Operational.evtx
CreationUtcTime: 2025-12-17 07:59:38.493
User: NT AUTHORITY\LOCAL SERVICE"
"12/17/2025 7:59:38 AM","11","File created:
RuleName: FileCreate
UtcTime: 2025-12-17 07:59:38.480
ProcessGuid: {f995aebf-5514-6942-3100-000000000e00}
ProcessId: 2592
Image: C:\Windows\System32\svchost.exe
TargetFilename: C:\Windows\System32\winevt\Logs\Microsoft-Windows-WinINet2592Operational.evtx
CreationUtcTime: 2025-12-17 07:59:38.480
User: NT AUTHORITY\LOCAL SERVICE"
"12/17/2025 7:59:38 AM","11","File created:
RuleName: FileCreate
UtcTime: 2025-12-17 07:59:38.462
ProcessGuid: {f995aebf-5514-6942-3100-000000000e00}
ProcessId: 2592
Image: C:\Windows\System32\svchost.exe
TargetFilename: C:\Windows\System32\winevt\Logs\Microsoft-Windows-Winsock-WS2HELP2592Operational.evtx
CreationUtcTime: 2025-12-17 07:59:38.462
User: NT AUTHORITY\LOCAL SERVICE"
"12/17/2025 7:59:38 AM","11","File created:
RuleName: FileCreate
UtcTime: 2025-12-17 07:59:38.446
ProcessGuid: {f995aebf-5514-6942-3100-000000000e00}
ProcessId: 2592
Image: C:\Windows\System32\svchost.exe
TargetFilename: C:\Windows\System32\winevt\Logs\Microsoft-Windows-Wired-AutoConfig2592Operational.evtx
CreationUtcTime: 2025-12-17 07:59:38.446
User: NT AUTHORITY\LOCAL SERVICE"
"12/17/2025 7:59:38 AM","11","File created:
RuleName: FileCreate
UtcTime: 2025-12-17 07:59:38.436
ProcessGuid: {f995aebf-5514-6942-3100-000000000e00}
ProcessId: 2592
Image: C:\Windows\System32\svchost.exe
TargetFilename: C:\Windows\System32\winevt\Logs\Microsoft-Windows-WLAN-AutoConfig2592Operational.evtx
CreationUtcTime: 2025-12-17 07:59:38.436
User: NT AUTHORITY\LOCAL SERVICE"
"12/17/2025 7:59:38 AM","11","File created:
RuleName: FileCreate
UtcTime: 2025-12-17 07:59:38.426
ProcessGuid: {f995aebf-5514-6942-3100-000000000e00}
ProcessId: 2592
Image: C:\Windows\System32\svchost.exe
TargetFilename: C:\Windows\System32\winevt\Logs\Microsoft-Windows-WMPNSS-Service2592Operational.evtx
CreationUtcTime: 2025-12-17 07:59:38.426
User: NT AUTHORITY\LOCAL SERVICE"
"12/17/2025 7:59:38 AM","11","File created:
RuleName: FileCreate
UtcTime: 2025-12-17 07:59:38.416
ProcessGuid: {f995aebf-5514-6942-3100-000000000e00}
ProcessId: 2592
Image: C:\Windows\System32\svchost.exe
TargetFilename: C:\Windows\System32\winevt\Logs\Microsoft-Windows-WorkFolders2592Operational.evtx
CreationUtcTime: 2025-12-17 07:59:38.416
User: NT AUTHORITY\LOCAL SERVICE"
"12/17/2025 7:59:38 AM","11","File created:
RuleName: FileCreate
UtcTime: 2025-12-17 07:59:38.404
ProcessGuid: {f995aebf-5514-6942-3100-000000000e00}
ProcessId: 2592
Image: C:\Windows\System32\svchost.exe
TargetFilename: C:\Windows\System32\winevt\Logs\Microsoft-Windows-Workplace Join2592Admin.evtx
CreationUtcTime: 2025-12-17 07:59:38.404
User: NT AUTHORITY\LOCAL SERVICE"
"12/17/2025 7:59:38 AM","11","File created:
RuleName: FileCreate
UtcTime: 2025-12-17 07:59:38.380
ProcessGuid: {f995aebf-5514-6942-3100-000000000e00}
ProcessId: 2592
Image: C:\Windows\System32\svchost.exe
TargetFilename: C:\Windows\System32\winevt\Logs\Microsoft-Windows-WPD-ClassInstaller2592Operational.evtx
CreationUtcTime: 2025-12-17 07:59:38.373
User: NT AUTHORITY\LOCAL SERVICE"
"12/17/2025 7:59:38 AM","11","File created:
RuleName: FileCreate
UtcTime: 2025-12-17 07:59:38.365
ProcessGuid: {f995aebf-5514-6942-3100-000000000e00}
ProcessId: 2592
Image: C:\Windows\System32\svchost.exe
TargetFilename: C:\Windows\System32\winevt\Logs\Microsoft-Windows-WPD-CompositeClassDriver2592Operational.evtx
CreationUtcTime: 2025-12-17 07:59:38.365
User: NT AUTHORITY\LOCAL SERVICE"
"12/17/2025 7:59:38 AM","11","File created:
RuleName: FileCreate
UtcTime: 2025-12-17 07:59:38.355
ProcessGuid: {f995aebf-5514-6942-3100-000000000e00}
ProcessId: 2592
Image: C:\Windows\System32\svchost.exe
TargetFilename: C:\Windows\System32\winevt\Logs\Microsoft-Windows-WPD-MTPClassDriver2592Operational.evtx
CreationUtcTime: 2025-12-17 07:59:38.355
User: NT AUTHORITY\LOCAL SERVICE"
"12/17/2025 7:59:38 AM","11","File created:
RuleName: FileCreate
UtcTime: 2025-12-17 07:59:38.337
ProcessGuid: {f995aebf-5514-6942-3100-000000000e00}
ProcessId: 2592
Image: C:\Windows\System32\svchost.exe
TargetFilename: C:\Windows\System32\winevt\Logs\Microsoft-Windows-ZTDNS2592BlockedConnections.evtx
CreationUtcTime: 2025-12-17 07:59:38.337
User: NT AUTHORITY\LOCAL SERVICE"
"12/17/2025 7:59:38 AM","11","File created:
RuleName: FileCreate
UtcTime: 2025-12-17 07:59:38.329
ProcessGuid: {f995aebf-5514-6942-3100-000000000e00}
ProcessId: 2592
Image: C:\Windows\System32\svchost.exe
TargetFilename: C:\Windows\System32\winevt\Logs\Microsoft-Windows-ZTDNS2592Operational.evtx
CreationUtcTime: 2025-12-17 07:59:38.329
User: NT AUTHORITY\LOCAL SERVICE"
"12/17/2025 7:59:38 AM","11","File created:
RuleName: FileCreate
UtcTime: 2025-12-17 07:59:38.250
ProcessGuid: {f995aebf-5514-6942-3100-000000000e00}
ProcessId: 2592
Image: C:\Windows\System32\svchost.exe
TargetFilename: C:\Windows\System32\winevt\Logs\SMSApi.evtx
CreationUtcTime: 2025-12-17 07:59:38.250
User: NT AUTHORITY\LOCAL SERVICE"
"12/17/2025 7:59:37 AM","12","Registry object added or deleted:
RuleName: RegistryEvent
EventType: CreateKey
UtcTime: 2025-12-17 07:59:37.609
ProcessGuid: {f995aebf-552f-6942-d500-000000000e00}
ProcessId: 7572
Image: C:\Windows\system32\sihost.exe
TargetObject: HKU\S-1-5-21-3430515368-916141482-256631409-500\SOFTWARE\Microsoft\Windows\CurrentVersion\Run
User: runnervm8j6r3\runneradmin"
"12/17/2025 7:59:35 AM","1","Process Create:
RuleName: ProcessCreate
UtcTime: 2025-12-17 07:59:35.827
ProcessGuid: {f995aebf-62e7-6942-7b05-000000000e00}
ProcessId: 8864
Image: C:\Windows\System32\schtasks.exe
FileVersion: 10.0.26100.6725 (WinBuild.160101.0800)
Description: Task Scheduler Configuration Tool
Product: Microsoft? Windows? Operating System
Company: Microsoft Corporation
OriginalFileName: schtasks.exe
CommandLine: schtasks  /Run /TN ""EventViewerBypass""
CurrentDirectory: C:\Users\RUNNER~1\AppData\Local\Temp\
User: runnervm8j6r3\runneradmin
LogonGuid: {f995aebf-552e-6942-89d0-0b0000000000}
LogonId: 0xBD089
TerminalSessionId: 2
IntegrityLevel: High
Hashes: SHA256=B96AF3066F0B9DE8A460F77BAAE006C5372A266BE18C561DAA7C7AE8635D399D
ParentProcessGuid: {f995aebf-62e7-6942-7705-000000000e00}
ParentProcessId: 5116
ParentImage: C:\Windows\System32\cmd.exe
ParentCommandLine: ""cmd.exe"" /c reg add ""HKEY_CURRENT_USER\Software\Classes\mscfile\shell\open\command"" /ve /t REG_EXPAND_SZ /d ""c:\windows\System32\calc.exe"" /f & schtasks /Create /TN ""EventViewerBypass"" /TR ""eventvwr.msc"" /SC ONLOGON /RL HIGHEST /F & ECHO Let's run the schedule task ... & schtasks /Run /TN ""EventViewerBypass""
ParentUser: runnervm8j6r3\runneradmin"
"12/17/2025 7:59:35 AM","11","File created:
RuleName: FileCreate
UtcTime: 2025-12-17 07:59:35.812
ProcessGuid: {f995aebf-5514-6942-3300-000000000e00}
ProcessId: 2640
Image: C:\Windows\system32\svchost.exe
TargetFilename: C:\Windows\System32\Tasks\EventViewerBypass
CreationUtcTime: 2025-12-17 07:59:35.812
User: NT AUTHORITY\SYSTEM"
"12/17/2025 7:59:35 AM","1","Process Create:
RuleName: ProcessCreate
UtcTime: 2025-12-17 07:59:35.796
ProcessGuid: {f995aebf-62e7-6942-7a05-000000000e00}
ProcessId: 2216
Image: C:\Windows\System32\schtasks.exe
FileVersion: 10.0.26100.6725 (WinBuild.160101.0800)
Description: Task Scheduler Configuration Tool
Product: Microsoft? Windows? Operating System
Company: Microsoft Corporation
OriginalFileName: schtasks.exe
CommandLine: schtasks  /Create /TN ""EventViewerBypass"" /TR ""eventvwr.msc"" /SC ONLOGON /RL HIGHEST /F 
CurrentDirectory: C:\Users\RUNNER~1\AppData\Local\Temp\
User: runnervm8j6r3\runneradmin
LogonGuid: {f995aebf-552e-6942-89d0-0b0000000000}
LogonId: 0xBD089
TerminalSessionId: 2
IntegrityLevel: High
Hashes: SHA256=B96AF3066F0B9DE8A460F77BAAE006C5372A266BE18C561DAA7C7AE8635D399D
ParentProcessGuid: {f995aebf-62e7-6942-7705-000000000e00}
ParentProcessId: 5116
ParentImage: C:\Windows\System32\cmd.exe
ParentCommandLine: ""cmd.exe"" /c reg add ""HKEY_CURRENT_USER\Software\Classes\mscfile\shell\open\command"" /ve /t REG_EXPAND_SZ /d ""c:\windows\System32\calc.exe"" /f & schtasks /Create /TN ""EventViewerBypass"" /TR ""eventvwr.msc"" /SC ONLOGON /RL HIGHEST /F & ECHO Let's run the schedule task ... & schtasks /Run /TN ""EventViewerBypass""
ParentUser: runnervm8j6r3\runneradmin"
"12/17/2025 7:59:35 AM","11","File created:
RuleName: FileCreate
UtcTime: 2025-12-17 07:59:35.356
ProcessGuid: {f995aebf-5514-6942-3300-000000000e00}
ProcessId: 2640
Image: C:\Windows\system32\svchost.exe
TargetFilename: C:\Windows\System32\Tasks\CompMgmtBypass
CreationUtcTime: 2025-12-17 07:59:35.356
User: NT AUTHORITY\SYSTEM"
