"12/17/2025 7:59:44 AM","1","Process Create:
RuleName: ProcessCreate
UtcTime: 2025-12-17 07:59:44.565
ProcessGuid: {f995aebf-62f0-6942-9105-000000000e00}
ProcessId: 1612
Image: C:\Windows\System32\schtasks.exe
FileVersion: 10.0.26100.6725 (WinBuild.160101.0800)
Description: Task Scheduler Configuration Tool
Product: Microsoft? Windows? Operating System
Company: Microsoft Corporation
OriginalFileName: schtasks.exe
CommandLine: schtasks  /delete /tn ""ATOMIC-T1053.005"" /F  
CurrentDirectory: C:\Users\RUNNER~1\AppData\Local\Temp\
User: runnervm8j6r3\runneradmin
LogonGuid: {f995aebf-552e-6942-89d0-0b0000000000}
LogonId: 0xBD089
TerminalSessionId: 2
IntegrityLevel: High
Hashes: SHA256=B96AF3066F0B9DE8A460F77BAAE006C5372A266BE18C561DAA7C7AE8635D399D
ParentProcessGuid: {f995aebf-62f0-6942-8f05-000000000e00}
ParentProcessId: 10000
ParentImage: C:\Windows\System32\cmd.exe
ParentCommandLine: ""cmd.exe"" /c schtasks /delete /tn ""ATOMIC-T1053.005"" /F >nul 2>&1 & reg delete HKCU\SOFTWARE\ATOMIC-T1053.005 /F >nul 2>&1
ParentUser: runnervm8j6r3\runneradmin"
"12/17/2025 7:59:43 AM","11","File created:
RuleName: FileCreate
UtcTime: 2025-12-17 07:59:43.489
ProcessGuid: {f995aebf-5514-6942-3100-000000000e00}
ProcessId: 2592
Image: C:\Windows\System32\svchost.exe
TargetFilename: C:\Windows\System32\winevt\Logs\Microsoft-AppV-Client2592Admin.evtx
CreationUtcTime: 2025-12-17 07:59:43.489
User: NT AUTHORITY\LOCAL SERVICE"
"12/17/2025 7:59:43 AM","11","File created:
RuleName: FileCreate
UtcTime: 2025-12-17 07:59:43.480
ProcessGuid: {f995aebf-5514-6942-3100-000000000e00}
ProcessId: 2592
Image: C:\Windows\System32\svchost.exe
TargetFilename: C:\Windows\System32\winevt\Logs\Microsoft-AppV-Client2592Operational.evtx
CreationUtcTime: 2025-12-17 07:59:43.480
User: NT AUTHORITY\LOCAL SERVICE"
"12/17/2025 7:59:43 AM","11","File created:
RuleName: FileCreate
UtcTime: 2025-12-17 07:59:43.472
ProcessGuid: {f995aebf-5514-6942-3100-000000000e00}
ProcessId: 2592
Image: C:\Windows\System32\svchost.exe
TargetFilename: C:\Windows\System32\winevt\Logs\Microsoft-AppV-Client2592Virtual Applications.evtx
CreationUtcTime: 2025-12-17 07:59:43.472
User: NT AUTHORITY\LOCAL SERVICE"
"12/17/2025 7:59:43 AM","11","File created:
RuleName: FileCreate
UtcTime: 2025-12-17 07:59:43.439
ProcessGuid: {f995aebf-5514-6942-3100-000000000e00}
ProcessId: 2592
Image: C:\Windows\System32\svchost.exe
TargetFilename: C:\Windows\System32\winevt\Logs\Microsoft-Rdms-UI2592Admin.evtx
CreationUtcTime: 2025-12-17 07:59:43.439
User: NT AUTHORITY\LOCAL SERVICE"
"12/17/2025 7:59:43 AM","11","File created:
RuleName: FileCreate
UtcTime: 2025-12-17 07:59:43.431
ProcessGuid: {f995aebf-5514-6942-3100-000000000e00}
ProcessId: 2592
Image: C:\Windows\System32\svchost.exe
TargetFilename: C:\Windows\System32\winevt\Logs\Microsoft-Rdms-UI2592Operational.evtx
CreationUtcTime: 2025-12-17 07:59:43.431
User: NT AUTHORITY\LOCAL SERVICE"
"12/17/2025 7:59:43 AM","11","File created:
RuleName: FileCreate
UtcTime: 2025-12-17 07:59:43.407
ProcessGuid: {f995aebf-5514-6942-3100-000000000e00}
ProcessId: 2592
Image: C:\Windows\System32\svchost.exe
TargetFilename: C:\Windows\System32\winevt\Logs\Microsoft-ServerCore-ShellLauncher2592Admin.evtx
CreationUtcTime: 2025-12-17 07:59:43.407
User: NT AUTHORITY\LOCAL SERVICE"
"12/17/2025 7:59:43 AM","23","File Delete archived:
RuleName: FileDelete
UtcTime: 2025-12-17 07:59:43.358
ProcessGuid: {f995aebf-62ef-6942-8d05-000000000e00}
ProcessId: 2580
User: runnervm8j6r3\runneradmin
Image: C:\Windows\System32\WindowsPowerShell\v1.0\powershell.exe
TargetFilename: C:\Users\runneradmin\AppData\Local\Temp\__PSScriptPolicyTest_vxq3ztp0.ypx.ps1
Hashes: SHA256=96AD1146EB96877EAB5942AE0736B82D8B5E2039A80D3D6932665C1A4C87DCF7
IsExecutable: false
Archived: true"
"12/17/2025 7:59:43 AM","11","File created:
RuleName: FileCreate
UtcTime: 2025-12-17 07:59:43.338
ProcessGuid: {f995aebf-62ef-6942-8d05-000000000e00}
ProcessId: 2580
Image: C:\Windows\System32\WindowsPowerShell\v1.0\powershell.exe
TargetFilename: C:\Users\runneradmin\AppData\Local\Temp\__PSScriptPolicyTest_vxq3ztp0.ypx.ps1
CreationUtcTime: 2025-12-17 07:59:43.338
User: runnervm8j6r3\runneradmin"
"12/17/2025 7:59:43 AM","11","File created:
RuleName: FileCreate
UtcTime: 2025-12-17 07:59:43.206
ProcessGuid: {f995aebf-5514-6942-3100-000000000e00}
ProcessId: 2592
Image: C:\Windows\System32\svchost.exe
TargetFilename: C:\Windows\System32\winevt\Logs\Microsoft-System-Diagnostics-DiagnosticInvoker2592Operational.evtx
CreationUtcTime: 2025-12-17 07:59:43.206
User: NT AUTHORITY\LOCAL SERVICE"
"12/17/2025 7:59:43 AM","11","File created:
RuleName: FileCreate
UtcTime: 2025-12-17 07:59:43.182
ProcessGuid: {f995aebf-5514-6942-3100-000000000e00}
ProcessId: 2592
Image: C:\Windows\System32\svchost.exe
TargetFilename: C:\Windows\System32\winevt\Logs\Microsoft-User Experience Virtualization-Agent Driver2592Operational.evtx
CreationUtcTime: 2025-12-17 07:59:43.182
User: NT AUTHORITY\LOCAL SERVICE"
"12/17/2025 7:59:43 AM","11","File created:
RuleName: FileCreate
UtcTime: 2025-12-17 07:59:43.159
ProcessGuid: {f995aebf-5514-6942-3100-000000000e00}
ProcessId: 2592
Image: C:\Windows\System32\svchost.exe
TargetFilename: C:\Windows\System32\winevt\Logs\Microsoft-User Experience Virtualization-App Agent2592Operational.evtx
CreationUtcTime: 2025-12-17 07:59:43.159
User: NT AUTHORITY\LOCAL SERVICE"
"12/17/2025 7:59:43 AM","11","File created:
RuleName: FileCreate
UtcTime: 2025-12-17 07:59:43.135
ProcessGuid: {f995aebf-5514-6942-3100-000000000e00}
ProcessId: 2592
Image: C:\Windows\System32\svchost.exe
TargetFilename: C:\Windows\System32\winevt\Logs\Microsoft-User Experience Virtualization-IPC2592Operational.evtx
CreationUtcTime: 2025-12-17 07:59:43.133
User: NT AUTHORITY\LOCAL SERVICE"
"12/17/2025 7:59:43 AM","11","File created:
RuleName: FileCreate
UtcTime: 2025-12-17 07:59:43.125
ProcessGuid: {f995aebf-5514-6942-3100-000000000e00}
ProcessId: 2592
Image: C:\Windows\System32\svchost.exe
TargetFilename: C:\Windows\System32\winevt\Logs\Microsoft-User Experience Virtualization-SQM Uploader2592Operational.evtx
CreationUtcTime: 2025-12-17 07:59:43.125
User: NT AUTHORITY\LOCAL SERVICE"
"12/17/2025 7:59:43 AM","11","File created:
RuleName: FileCreate
UtcTime: 2025-12-17 07:59:43.097
ProcessGuid: {f995aebf-5514-6942-3100-000000000e00}
ProcessId: 2592
Image: C:\Windows\System32\svchost.exe
TargetFilename: C:\Windows\System32\winevt\Logs\Microsoft-Windows-AccelLib-AccelCx2592Operational.evtx
CreationUtcTime: 2025-12-17 07:59:43.097
User: NT AUTHORITY\LOCAL SERVICE"
"12/17/2025 7:59:43 AM","11","File created:
RuleName: FileCreate
UtcTime: 2025-12-17 07:59:43.079
ProcessGuid: {f995aebf-5514-6942-3100-000000000e00}
ProcessId: 2592
Image: C:\Windows\System32\svchost.exe
TargetFilename: C:\Windows\System32\winevt\Logs\Microsoft-Windows-All-User-Install-Agent2592Admin.evtx
CreationUtcTime: 2025-12-17 07:59:43.079
User: NT AUTHORITY\LOCAL SERVICE"
"12/17/2025 7:59:43 AM","11","File created:
RuleName: FileCreate
UtcTime: 2025-12-17 07:59:43.055
ProcessGuid: {f995aebf-5514-6942-3100-000000000e00}
ProcessId: 2592
Image: C:\Windows\System32\svchost.exe
TargetFilename: C:\Windows\System32\winevt\Logs\Microsoft-Windows-AppHost2592Admin.evtx
CreationUtcTime: 2025-12-17 07:59:43.055
User: NT AUTHORITY\LOCAL SERVICE"
"12/17/2025 7:59:43 AM","11","File created:
RuleName: FileCreate
UtcTime: 2025-12-17 07:59:43.026
ProcessGuid: {f995aebf-5514-6942-3100-000000000e00}
ProcessId: 2592
Image: C:\Windows\System32\svchost.exe
TargetFilename: C:\Windows\System32\winevt\Logs\Microsoft-Windows-AppID2592Operational.evtx
CreationUtcTime: 2025-12-17 07:59:43.026
User: NT AUTHORITY\LOCAL SERVICE"
"12/17/2025 7:59:43 AM","11","File created:
RuleName: FileCreate
UtcTime: 2025-12-17 07:59:43.018
ProcessGuid: {f995aebf-5514-6942-3100-000000000e00}
ProcessId: 2592
Image: C:\Windows\System32\svchost.exe
TargetFilename: C:\Windows\System32\winevt\Logs\Microsoft-Windows-ApplicabilityEngine2592Operational.evtx
CreationUtcTime: 2025-12-17 07:59:43.018
User: NT AUTHORITY\LOCAL SERVICE"
"12/17/2025 7:59:43 AM","11","File created:
RuleName: FileCreate
UtcTime: 2025-12-17 07:59:43.010
ProcessGuid: {f995aebf-5514-6942-3100-000000000e00}
ProcessId: 2592
Image: C:\Windows\System32\svchost.exe
TargetFilename: C:\Windows\System32\winevt\Logs\Microsoft-Windows-Application Server-Applications2592Admin.evtx
CreationUtcTime: 2025-12-17 07:59:43.010
User: NT AUTHORITY\LOCAL SERVICE"
"12/17/2025 7:59:43 AM","11","File created:
RuleName: FileCreate
UtcTime: 2025-12-17 07:59:43.002
ProcessGuid: {f995aebf-5514-6942-3100-000000000e00}
ProcessId: 2592
Image: C:\Windows\System32\svchost.exe
TargetFilename: C:\Windows\System32\winevt\Logs\Microsoft-Windows-Application Server-Applications2592Operational.evtx
CreationUtcTime: 2025-12-17 07:59:43.002
User: NT AUTHORITY\LOCAL SERVICE"
"12/17/2025 7:59:42 AM","11","File created:
RuleName: FileCreate
UtcTime: 2025-12-17 07:59:42.976
ProcessGuid: {f995aebf-5514-6942-3100-000000000e00}
ProcessId: 2592
Image: C:\Windows\System32\svchost.exe
TargetFilename: C:\Windows\System32\winevt\Logs\Microsoft-Windows-Application-Experience2592Program-Compatibility-Troubleshooter.evtx
CreationUtcTime: 2025-12-17 07:59:42.976
User: NT AUTHORITY\LOCAL SERVICE"
"12/17/2025 7:59:42 AM","11","File created:
RuleName: FileCreate
UtcTime: 2025-12-17 07:59:42.968
ProcessGuid: {f995aebf-5514-6942-3100-000000000e00}
ProcessId: 2592
Image: C:\Windows\System32\svchost.exe
TargetFilename: C:\Windows\System32\winevt\Logs\Microsoft-Windows-Application-Experience2592Program-Inventory.evtx
CreationUtcTime: 2025-12-17 07:59:42.966
User: NT AUTHORITY\LOCAL SERVICE"
"12/17/2025 7:59:42 AM","11","File created:
RuleName: FileCreate
UtcTime: 2025-12-17 07:59:42.960
ProcessGuid: {f995aebf-5514-6942-3100-000000000e00}
ProcessId: 2592
Image: C:\Windows\System32\svchost.exe
TargetFilename: C:\Windows\System32\winevt\Logs\Microsoft-Windows-Application-Experience2592Program-Telemetry.evtx
CreationUtcTime: 2025-12-17 07:59:42.960
User: NT AUTHORITY\LOCAL SERVICE"
"12/17/2025 7:59:42 AM","11","File created:
RuleName: FileCreate
UtcTime: 2025-12-17 07:59:42.948
ProcessGuid: {f995aebf-5514-6942-3100-000000000e00}
ProcessId: 2592
Image: C:\Windows\System32\svchost.exe
TargetFilename: C:\Windows\System32\winevt\Logs\Microsoft-Windows-Application-Experience2592Steps-Recorder.evtx
CreationUtcTime: 2025-12-17 07:59:42.948
User: NT AUTHORITY\LOCAL SERVICE"
"12/17/2025 7:59:42 AM","11","File created:
RuleName: FileCreate
UtcTime: 2025-12-17 07:59:42.936
ProcessGuid: {f995aebf-5514-6942-3100-000000000e00}
ProcessId: 2592
Image: C:\Windows\System32\svchost.exe
TargetFilename: C:\Windows\System32\winevt\Logs\Microsoft-Windows-AppLocker2592EXE and DLL.evtx
CreationUtcTime: 2025-12-17 07:59:42.936
User: NT AUTHORITY\LOCAL SERVICE"
"12/17/2025 7:59:42 AM","11","File created:
RuleName: FileCreate
UtcTime: 2025-12-17 07:59:42.924
ProcessGuid: {f995aebf-5514-6942-3100-000000000e00}
ProcessId: 2592
Image: C:\Windows\System32\svchost.exe
TargetFilename: C:\Windows\System32\winevt\Logs\Microsoft-Windows-AppLocker2592MSI and Script.evtx
CreationUtcTime: 2025-12-17 07:59:42.924
User: NT AUTHORITY\LOCAL SERVICE"
"12/17/2025 7:59:42 AM","11","File created:
RuleName: FileCreate
UtcTime: 2025-12-17 07:59:42.914
ProcessGuid: {f995aebf-5514-6942-3100-000000000e00}
ProcessId: 2592
Image: C:\Windows\System32\svchost.exe
TargetFilename: C:\Windows\System32\winevt\Logs\Microsoft-Windows-AppLocker2592Packaged app-Deployment.evtx
CreationUtcTime: 2025-12-17 07:59:42.914
User: NT AUTHORITY\LOCAL SERVICE"
"12/17/2025 7:59:42 AM","11","File created:
RuleName: FileCreate
UtcTime: 2025-12-17 07:59:42.904
ProcessGuid: {f995aebf-5514-6942-3100-000000000e00}
ProcessId: 2592
Image: C:\Windows\System32\svchost.exe
TargetFilename: C:\Windows\System32\winevt\Logs\Microsoft-Windows-AppLocker2592Packaged app-Execution.evtx
CreationUtcTime: 2025-12-17 07:59:42.904
User: NT AUTHORITY\LOCAL SERVICE"
"12/17/2025 7:59:42 AM","11","File created:
RuleName: FileCreate
UtcTime: 2025-12-17 07:59:42.856
ProcessGuid: {f995aebf-5514-6942-3100-000000000e00}
ProcessId: 2592
Image: C:\Windows\System32\svchost.exe
TargetFilename: C:\Windows\System32\winevt\Logs\Microsoft-Windows-Authentication User Interface2592Operational.evtx
CreationUtcTime: 2025-12-17 07:59:42.853
User: NT AUTHORITY\LOCAL SERVICE"
"12/17/2025 7:59:42 AM","11","File created:
RuleName: FileCreate
UtcTime: 2025-12-17 07:59:42.835
ProcessGuid: {f995aebf-5514-6942-3100-000000000e00}
ProcessId: 2592
Image: C:\Windows\System32\svchost.exe
TargetFilename: C:\Windows\System32\winevt\Logs\Microsoft-Windows-BackgroundTaskInfrastructure2592Operational.evtx
CreationUtcTime: 2025-12-17 07:59:42.835
User: NT AUTHORITY\LOCAL SERVICE"
"12/17/2025 7:59:42 AM","11","File created:
RuleName: FileCreate
UtcTime: 2025-12-17 07:59:42.796
ProcessGuid: {f995aebf-5514-6942-3100-000000000e00}
ProcessId: 2592
Image: C:\Windows\System32\svchost.exe
TargetFilename: C:\Windows\System32\winevt\Logs\Microsoft-Windows-Backup.evtx
CreationUtcTime: 2025-12-17 07:59:42.796
User: NT AUTHORITY\LOCAL SERVICE"
"12/17/2025 7:59:42 AM","11","File created:
RuleName: FileCreate
UtcTime: 2025-12-17 07:59:42.762
ProcessGuid: {f995aebf-5514-6942-3100-000000000e00}
ProcessId: 2592
Image: C:\Windows\System32\svchost.exe
TargetFilename: C:\Windows\System32\winevt\Logs\Microsoft-Windows-BestPractices2592Operational.evtx
CreationUtcTime: 2025-12-17 07:59:42.762
User: NT AUTHORITY\LOCAL SERVICE"
"12/17/2025 7:59:42 AM","11","File created:
RuleName: FileCreate
UtcTime: 2025-12-17 07:59:42.748
ProcessGuid: {f995aebf-5514-6942-3100-000000000e00}
ProcessId: 2592
Image: C:\Windows\System32\svchost.exe
TargetFilename: C:\Windows\System32\winevt\Logs\Microsoft-Windows-BitLocker-DrivePreparationTool2592Admin.evtx
CreationUtcTime: 2025-12-17 07:59:42.748
User: NT AUTHORITY\LOCAL SERVICE"
"12/17/2025 7:59:42 AM","11","File created:
RuleName: FileCreate
UtcTime: 2025-12-17 07:59:42.738
ProcessGuid: {f995aebf-5514-6942-3100-000000000e00}
ProcessId: 2592
Image: C:\Windows\System32\svchost.exe
TargetFilename: C:\Windows\System32\winevt\Logs\Microsoft-Windows-BitLocker-DrivePreparationTool2592Operational.evtx
CreationUtcTime: 2025-12-17 07:59:42.738
User: NT AUTHORITY\LOCAL SERVICE"
"12/17/2025 7:59:42 AM","11","File created:
RuleName: FileCreate
UtcTime: 2025-12-17 07:59:42.720
ProcessGuid: {f995aebf-5514-6942-3100-000000000e00}
ProcessId: 2592
Image: C:\Windows\System32\svchost.exe
TargetFilename: C:\Windows\System32\winevt\Logs\Microsoft-Windows-BitLocker2592BitLocker Management.evtx
CreationUtcTime: 2025-12-17 07:59:42.720
User: NT AUTHORITY\LOCAL SERVICE"
"12/17/2025 7:59:42 AM","11","File created:
RuleName: FileCreate
UtcTime: 2025-12-17 07:59:42.702
ProcessGuid: {f995aebf-5514-6942-3100-000000000e00}
ProcessId: 2592
Image: C:\Windows\System32\svchost.exe
TargetFilename: C:\Windows\System32\winevt\Logs\Microsoft-Windows-Bluetooth-BthLEPrepairing2592Operational.evtx
CreationUtcTime: 2025-12-17 07:59:42.702
User: NT AUTHORITY\LOCAL SERVICE"
"12/17/2025 7:59:42 AM","11","File created:
RuleName: FileCreate
UtcTime: 2025-12-17 07:59:42.676
ProcessGuid: {f995aebf-5514-6942-3100-000000000e00}
ProcessId: 2592
Image: C:\Windows\System32\svchost.exe
TargetFilename: C:\Windows\System32\winevt\Logs\Microsoft-Windows-Bluetooth-MTPEnum2592Operational.evtx
CreationUtcTime: 2025-12-17 07:59:42.676
User: NT AUTHORITY\LOCAL SERVICE"
"12/17/2025 7:59:42 AM","11","File created:
RuleName: FileCreate
UtcTime: 2025-12-17 07:59:42.635
ProcessGuid: {f995aebf-5514-6942-3100-000000000e00}
ProcessId: 2592
Image: C:\Windows\System32\svchost.exe
TargetFilename: C:\Windows\System32\winevt\Logs\Microsoft-Windows-BranchCacheSMB2592Operational.evtx
CreationUtcTime: 2025-12-17 07:59:42.635
User: NT AUTHORITY\LOCAL SERVICE"
"12/17/2025 7:59:42 AM","11","File created:
RuleName: FileCreate
UtcTime: 2025-12-17 07:59:42.617
ProcessGuid: {f995aebf-5514-6942-3100-000000000e00}
ProcessId: 2592
Image: C:\Windows\System32\svchost.exe
TargetFilename: C:\Windows\System32\winevt\Logs\Microsoft-Windows-CertificateServices-Deployment2592Operational.evtx
CreationUtcTime: 2025-12-17 07:59:42.615
User: NT AUTHORITY\LOCAL SERVICE"
"12/17/2025 7:59:42 AM","11","File created:
RuleName: FileCreate
UtcTime: 2025-12-17 07:59:42.576
ProcessGuid: {f995aebf-5514-6942-3100-000000000e00}
ProcessId: 2592
Image: C:\Windows\System32\svchost.exe
TargetFilename: C:\Windows\System32\winevt\Logs\Microsoft-Windows-CertificateServicesClient-Lifecycle-User2592Operational.evtx
CreationUtcTime: 2025-12-17 07:59:42.576
User: NT AUTHORITY\LOCAL SERVICE"
"12/17/2025 7:59:42 AM","11","File created:
RuleName: FileCreate
UtcTime: 2025-12-17 07:59:42.556
ProcessGuid: {f995aebf-5514-6942-3100-000000000e00}
ProcessId: 2592
Image: C:\Windows\System32\svchost.exe
TargetFilename: C:\Windows\System32\winevt\Logs\Microsoft-Windows-Cleanmgr2592Diagnostic.evtx
CreationUtcTime: 2025-12-17 07:59:42.556
User: NT AUTHORITY\LOCAL SERVICE"
"12/17/2025 7:59:42 AM","11","File created:
RuleName: FileCreate
UtcTime: 2025-12-17 07:59:42.531
ProcessGuid: {f995aebf-5514-6942-3100-000000000e00}
ProcessId: 2592
Image: C:\Windows\System32\svchost.exe
TargetFilename: C:\Windows\System32\winevt\Logs\Microsoft-Windows-Compat-Appraiser2592Operational.evtx
CreationUtcTime: 2025-12-17 07:59:42.531
User: NT AUTHORITY\LOCAL SERVICE"
"12/17/2025 7:59:42 AM","11","File created:
RuleName: FileCreate
UtcTime: 2025-12-17 07:59:42.491
ProcessGuid: {f995aebf-5514-6942-3100-000000000e00}
ProcessId: 2592
Image: C:\Windows\System32\svchost.exe
TargetFilename: C:\Windows\System32\winevt\Logs\Microsoft-Windows-CoreApplication2592Operational.evtx
CreationUtcTime: 2025-12-17 07:59:42.491
User: NT AUTHORITY\LOCAL SERVICE"
"12/17/2025 7:59:42 AM","11","File created:
RuleName: FileCreate
UtcTime: 2025-12-17 07:59:42.481
ProcessGuid: {f995aebf-5514-6942-3100-000000000e00}
ProcessId: 2592
Image: C:\Windows\System32\svchost.exe
TargetFilename: C:\Windows\System32\winevt\Logs\Microsoft-Windows-CorruptedFileRecovery-Client2592Operational.evtx
CreationUtcTime: 2025-12-17 07:59:42.481
User: NT AUTHORITY\LOCAL SERVICE"
"12/17/2025 7:59:42 AM","11","File created:
RuleName: FileCreate
UtcTime: 2025-12-17 07:59:42.473
ProcessGuid: {f995aebf-5514-6942-3100-000000000e00}
ProcessId: 2592
Image: C:\Windows\System32\svchost.exe
TargetFilename: C:\Windows\System32\winevt\Logs\Microsoft-Windows-CorruptedFileRecovery-Server2592Operational.evtx
CreationUtcTime: 2025-12-17 07:59:42.473
User: NT AUTHORITY\LOCAL SERVICE"
"12/17/2025 7:59:42 AM","11","File created:
RuleName: FileCreate
UtcTime: 2025-12-17 07:59:42.452
ProcessGuid: {f995aebf-5514-6942-3100-000000000e00}
ProcessId: 2592
Image: C:\Windows\System32\svchost.exe
TargetFilename: C:\Windows\System32\winevt\Logs\Microsoft-Windows-Crashdump2592Operational.evtx
CreationUtcTime: 2025-12-17 07:59:42.452
User: NT AUTHORITY\LOCAL SERVICE"
"12/17/2025 7:59:42 AM","11","File created:
RuleName: FileCreate
UtcTime: 2025-12-17 07:59:42.424
ProcessGuid: {f995aebf-5514-6942-3100-000000000e00}
ProcessId: 2592
Image: C:\Windows\System32\svchost.exe
TargetFilename: C:\Windows\System32\winevt\Logs\Microsoft-Windows-DAL-Provider2592Operational.evtx
CreationUtcTime: 2025-12-17 07:59:42.424
User: NT AUTHORITY\LOCAL SERVICE"
"12/17/2025 7:59:42 AM","11","File created:
RuleName: FileCreate
UtcTime: 2025-12-17 07:59:42.382
ProcessGuid: {f995aebf-5514-6942-3100-000000000e00}
ProcessId: 2592
Image: C:\Windows\System32\svchost.exe
TargetFilename: C:\Windows\System32\winevt\Logs\Microsoft-Windows-DateTimeControlPanel2592Operational.evtx
CreationUtcTime: 2025-12-17 07:59:42.382
User: NT AUTHORITY\LOCAL SERVICE"
"12/17/2025 7:59:42 AM","11","File created:
RuleName: FileCreate
UtcTime: 2025-12-17 07:59:42.348
ProcessGuid: {f995aebf-5514-6942-3100-000000000e00}
ProcessId: 2592
Image: C:\Windows\System32\svchost.exe
TargetFilename: C:\Windows\System32\winevt\Logs\Microsoft-Windows-DeviceGuard2592Operational.evtx
CreationUtcTime: 2025-12-17 07:59:42.348
User: NT AUTHORITY\LOCAL SERVICE"
"12/17/2025 7:59:42 AM","11","File created:
RuleName: FileCreate
UtcTime: 2025-12-17 07:59:42.312
ProcessGuid: {f995aebf-5514-6942-3100-000000000e00}
ProcessId: 2592
Image: C:\Windows\System32\svchost.exe
TargetFilename: C:\Windows\System32\winevt\Logs\Microsoft-Windows-Devices-Background2592Operational.evtx
CreationUtcTime: 2025-12-17 07:59:42.312
User: NT AUTHORITY\LOCAL SERVICE"
"12/17/2025 7:59:42 AM","11","File created:
RuleName: FileCreate
UtcTime: 2025-12-17 07:59:42.301
ProcessGuid: {f995aebf-5514-6942-3100-000000000e00}
ProcessId: 2592
Image: C:\Windows\System32\svchost.exe
TargetFilename: C:\Windows\System32\winevt\Logs\Microsoft-Windows-DeviceSync2592Operational.evtx
CreationUtcTime: 2025-12-17 07:59:42.301
User: NT AUTHORITY\LOCAL SERVICE"
"12/17/2025 7:59:42 AM","11","File created:
RuleName: FileCreate
UtcTime: 2025-12-17 07:59:42.291
ProcessGuid: {f995aebf-5514-6942-3100-000000000e00}
ProcessId: 2592
Image: C:\Windows\System32\svchost.exe
TargetFilename: C:\Windows\System32\winevt\Logs\Microsoft-Windows-DeviceUpdateAgent2592Operational.evtx
CreationUtcTime: 2025-12-17 07:59:42.291
User: NT AUTHORITY\LOCAL SERVICE"
"12/17/2025 7:59:42 AM","11","File created:
RuleName: FileCreate
UtcTime: 2025-12-17 07:59:42.251
ProcessGuid: {f995aebf-5514-6942-3100-000000000e00}
ProcessId: 2592
Image: C:\Windows\System32\svchost.exe
TargetFilename: C:\Windows\System32\winevt\Logs\Microsoft-Windows-Diagnosis-Scripted2592Admin.evtx
CreationUtcTime: 2025-12-17 07:59:42.251
User: NT AUTHORITY\LOCAL SERVICE"
"12/17/2025 7:59:42 AM","11","File created:
RuleName: FileCreate
UtcTime: 2025-12-17 07:59:42.237
ProcessGuid: {f995aebf-5514-6942-3100-000000000e00}
ProcessId: 2592
Image: C:\Windows\System32\svchost.exe
TargetFilename: C:\Windows\System32\winevt\Logs\Microsoft-Windows-Diagnosis-Scripted2592Operational.evtx
CreationUtcTime: 2025-12-17 07:59:42.237
User: NT AUTHORITY\LOCAL SERVICE"
"12/17/2025 7:59:42 AM","11","File created:
RuleName: FileCreate
UtcTime: 2025-12-17 07:59:42.207
ProcessGuid: {f995aebf-5514-6942-3100-000000000e00}
ProcessId: 2592
Image: C:\Windows\System32\svchost.exe
TargetFilename: C:\Windows\System32\winevt\Logs\Microsoft-Windows-Diagnosis-ScriptedDiagnosticsProvider2592Operational.evtx
CreationUtcTime: 2025-12-17 07:59:42.207
User: NT AUTHORITY\LOCAL SERVICE"
"12/17/2025 7:59:42 AM","23","File Delete archived:
RuleName: FileDelete
UtcTime: 2025-12-17 07:59:42.205
ProcessGuid: {f995aebf-62ee-6942-8b05-000000000e00}
ProcessId: 9064
User: runnervm8j6r3\runneradmin
Image: C:\Windows\System32\WindowsPowerShell\v1.0\powershell.exe
TargetFilename: C:\Users\runneradmin\AppData\Local\Temp\__PSScriptPolicyTest_bdjiunmr.yjj.ps1
Hashes: SHA256=96AD1146EB96877EAB5942AE0736B82D8B5E2039A80D3D6932665C1A4C87DCF7
IsExecutable: false
Archived: true"
"12/17/2025 7:59:42 AM","11","File created:
RuleName: FileCreate
UtcTime: 2025-12-17 07:59:42.187
ProcessGuid: {f995aebf-62ee-6942-8b05-000000000e00}
ProcessId: 9064
Image: C:\Windows\System32\WindowsPowerShell\v1.0\powershell.exe
TargetFilename: C:\Users\runneradmin\AppData\Local\Temp\__PSScriptPolicyTest_bdjiunmr.yjj.ps1
CreationUtcTime: 2025-12-17 07:59:42.187
User: runnervm8j6r3\runneradmin"
"12/17/2025 7:59:42 AM","11","File created:
RuleName: FileCreate
UtcTime: 2025-12-17 07:59:42.183
ProcessGuid: {f995aebf-5514-6942-3100-000000000e00}
ProcessId: 2592
Image: C:\Windows\System32\svchost.exe
TargetFilename: C:\Windows\System32\winevt\Logs\Microsoft-Windows-Diagnostics-Networking2592Operational.evtx
CreationUtcTime: 2025-12-17 07:59:42.183
User: NT AUTHORITY\LOCAL SERVICE"
"12/17/2025 7:59:42 AM","11","File created:
RuleName: FileCreate
UtcTime: 2025-12-17 07:59:42.159
ProcessGuid: {f995aebf-5514-6942-3100-000000000e00}
ProcessId: 2592
Image: C:\Windows\System32\svchost.exe
TargetFilename: C:\Windows\System32\winevt\Logs\Microsoft-Windows-DirectoryServices-Deployment2592Operational.evtx
CreationUtcTime: 2025-12-17 07:59:42.159
User: NT AUTHORITY\LOCAL SERVICE"
"12/17/2025 7:59:42 AM","11","File created:
RuleName: FileCreate
UtcTime: 2025-12-17 07:59:42.144
ProcessGuid: {f995aebf-5514-6942-3100-000000000e00}
ProcessId: 2592
Image: C:\Windows\System32\svchost.exe
TargetFilename: C:\Windows\System32\winevt\Logs\Microsoft-Windows-DiskDiagnostic2592Operational.evtx
CreationUtcTime: 2025-12-17 07:59:42.144
User: NT AUTHORITY\LOCAL SERVICE"
"12/17/2025 7:59:42 AM","11","File created:
RuleName: FileCreate
UtcTime: 2025-12-17 07:59:42.122
ProcessGuid: {f995aebf-5514-6942-3100-000000000e00}
ProcessId: 2592
Image: C:\Windows\System32\svchost.exe
TargetFilename: C:\Windows\System32\winevt\Logs\Microsoft-Windows-DiskDiagnosticResolver2592Operational.evtx
CreationUtcTime: 2025-12-17 07:59:42.122
User: NT AUTHORITY\LOCAL SERVICE"
"12/17/2025 7:59:42 AM","11","File created:
RuleName: FileCreate
UtcTime: 2025-12-17 07:59:42.069
ProcessGuid: {f995aebf-5514-6942-3100-000000000e00}
ProcessId: 2592
Image: C:\Windows\System32\svchost.exe
TargetFilename: C:\Windows\System32\winevt\Logs\Microsoft-Windows-DriverProxy2592Operational.evtx
CreationUtcTime: 2025-12-17 07:59:42.068
User: NT AUTHORITY\LOCAL SERVICE"
"12/17/2025 7:59:42 AM","11","File created:
RuleName: FileCreate
UtcTime: 2025-12-17 07:59:42.059
ProcessGuid: {f995aebf-5514-6942-3100-000000000e00}
ProcessId: 2592
Image: C:\Windows\System32\svchost.exe
TargetFilename: C:\Windows\System32\winevt\Logs\Microsoft-Windows-DSC2592Admin.evtx
CreationUtcTime: 2025-12-17 07:59:42.059
User: NT AUTHORITY\LOCAL SERVICE"
"12/17/2025 7:59:42 AM","11","File created:
RuleName: FileCreate
UtcTime: 2025-12-17 07:59:42.048
ProcessGuid: {f995aebf-5514-6942-3100-000000000e00}
ProcessId: 2592
Image: C:\Windows\System32\svchost.exe
TargetFilename: C:\Windows\System32\winevt\Logs\Microsoft-Windows-DSC2592Operational.evtx
CreationUtcTime: 2025-12-17 07:59:42.048
User: NT AUTHORITY\LOCAL SERVICE"
"12/17/2025 7:59:42 AM","11","File created:
RuleName: FileCreate
UtcTime: 2025-12-17 07:59:42.028
ProcessGuid: {f995aebf-5514-6942-3100-000000000e00}
ProcessId: 2592
Image: C:\Windows\System32\svchost.exe
TargetFilename: C:\Windows\System32\winevt\Logs\Microsoft-Windows-DxgKrnl-Admin.evtx
CreationUtcTime: 2025-12-17 07:59:42.028
User: NT AUTHORITY\LOCAL SERVICE"
"12/17/2025 7:59:42 AM","11","File created:
RuleName: FileCreate
UtcTime: 2025-12-17 07:59:42.018
ProcessGuid: {f995aebf-5514-6942-3100-000000000e00}
ProcessId: 2592
Image: C:\Windows\System32\svchost.exe
TargetFilename: C:\Windows\System32\winevt\Logs\Microsoft-Windows-DxgKrnl-Operational.evtx
CreationUtcTime: 2025-12-17 07:59:42.018
User: NT AUTHORITY\LOCAL SERVICE"
"12/17/2025 7:59:42 AM","11","File created:
RuleName: FileCreate
UtcTime: 2025-12-17 07:59:42.003
ProcessGuid: {f995aebf-5514-6942-3100-000000000e00}
ProcessId: 2592
Image: C:\Windows\System32\svchost.exe
TargetFilename: C:\Windows\System32\winevt\Logs\Microsoft-Windows-EapHost2592Operational.evtx
CreationUtcTime: 2025-12-17 07:59:42.003
User: NT AUTHORITY\LOCAL SERVICE"
"12/17/2025 7:59:41 AM","11","File created:
RuleName: FileCreate
UtcTime: 2025-12-17 07:59:41.992
ProcessGuid: {f995aebf-5514-6942-3100-000000000e00}
ProcessId: 2592
Image: C:\Windows\System32\svchost.exe
TargetFilename: C:\Windows\System32\winevt\Logs\Microsoft-Windows-EapMethods-RasChap2592Operational.evtx
CreationUtcTime: 2025-12-17 07:59:41.992
User: NT AUTHORITY\LOCAL SERVICE"
"12/17/2025 7:59:41 AM","11","File created:
RuleName: FileCreate
UtcTime: 2025-12-17 07:59:41.966
ProcessGuid: {f995aebf-5514-6942-3100-000000000e00}
ProcessId: 2592
Image: C:\Windows\System32\svchost.exe
TargetFilename: C:\Windows\System32\winevt\Logs\Microsoft-Windows-EapMethods-RasTls2592Operational.evtx
CreationUtcTime: 2025-12-17 07:59:41.966
User: NT AUTHORITY\LOCAL SERVICE"
"12/17/2025 7:59:41 AM","11","File created:
RuleName: FileCreate
UtcTime: 2025-12-17 07:59:41.927
ProcessGuid: {f995aebf-5514-6942-3100-000000000e00}
ProcessId: 2592
Image: C:\Windows\System32\svchost.exe
TargetFilename: C:\Windows\System32\winevt\Logs\Microsoft-Windows-EapMethods-Sim2592Operational.evtx
CreationUtcTime: 2025-12-17 07:59:41.927
User: NT AUTHORITY\LOCAL SERVICE"
"12/17/2025 7:59:41 AM","11","File created:
RuleName: FileCreate
UtcTime: 2025-12-17 07:59:41.913
ProcessGuid: {f995aebf-5514-6942-3100-000000000e00}
ProcessId: 2592
Image: C:\Windows\System32\svchost.exe
TargetFilename: C:\Windows\System32\winevt\Logs\Microsoft-Windows-EapMethods-Ttls2592Operational.evtx
CreationUtcTime: 2025-12-17 07:59:41.913
User: NT AUTHORITY\LOCAL SERVICE"
"12/17/2025 7:59:41 AM","11","File created:
RuleName: FileCreate
UtcTime: 2025-12-17 07:59:41.891
ProcessGuid: {f995aebf-5514-6942-3100-000000000e00}
ProcessId: 2592
Image: C:\Windows\System32\svchost.exe
TargetFilename: C:\Windows\System32\winevt\Logs\Microsoft-Windows-EDP-Application-Learning2592Admin.evtx
CreationUtcTime: 2025-12-17 07:59:41.891
User: NT AUTHORITY\LOCAL SERVICE"
"12/17/2025 7:59:41 AM","11","File created:
RuleName: FileCreate
UtcTime: 2025-12-17 07:59:41.883
ProcessGuid: {f995aebf-5514-6942-3100-000000000e00}
ProcessId: 2592
Image: C:\Windows\System32\svchost.exe
TargetFilename: C:\Windows\System32\winevt\Logs\Microsoft-Windows-EDP-Audit-Regular2592Admin.evtx
CreationUtcTime: 2025-12-17 07:59:41.883
User: NT AUTHORITY\LOCAL SERVICE"
"12/17/2025 7:59:41 AM","11","File created:
RuleName: FileCreate
UtcTime: 2025-12-17 07:59:41.872
ProcessGuid: {f995aebf-5514-6942-3100-000000000e00}
ProcessId: 2592
Image: C:\Windows\System32\svchost.exe
TargetFilename: C:\Windows\System32\winevt\Logs\Microsoft-Windows-EDP-Audit-TCB2592Admin.evtx
CreationUtcTime: 2025-12-17 07:59:41.872
User: NT AUTHORITY\LOCAL SERVICE"
"12/17/2025 7:59:41 AM","11","File created:
RuleName: FileCreate
UtcTime: 2025-12-17 07:59:41.850
ProcessGuid: {f995aebf-5514-6942-3100-000000000e00}
ProcessId: 2592
Image: C:\Windows\System32\svchost.exe
TargetFilename: C:\Windows\System32\winevt\Logs\Microsoft-Windows-EFS2592Operational.evtx
CreationUtcTime: 2025-12-17 07:59:41.850
User: NT AUTHORITY\LOCAL SERVICE"
"12/17/2025 7:59:41 AM","11","File created:
RuleName: FileCreate
UtcTime: 2025-12-17 07:59:41.818
ProcessGuid: {f995aebf-5514-6942-3100-000000000e00}
ProcessId: 2592
Image: C:\Windows\System32\svchost.exe
TargetFilename: C:\Windows\System32\winevt\Logs\Microsoft-Windows-EnhancedStorage-EhStorClass2592Operational.evtx
CreationUtcTime: 2025-12-17 07:59:41.817
User: NT AUTHORITY\LOCAL SERVICE"
"12/17/2025 7:59:41 AM","11","File created:
RuleName: FileCreate
UtcTime: 2025-12-17 07:59:41.805
ProcessGuid: {f995aebf-5514-6942-3100-000000000e00}
ProcessId: 2592
Image: C:\Windows\System32\svchost.exe
TargetFilename: C:\Windows\System32\winevt\Logs\Microsoft-Windows-EnrollmentPolicyWebService2592Admin.evtx
CreationUtcTime: 2025-12-17 07:59:41.805
User: NT AUTHORITY\LOCAL SERVICE"
"12/17/2025 7:59:41 AM","11","File created:
RuleName: FileCreate
UtcTime: 2025-12-17 07:59:41.795
ProcessGuid: {f995aebf-5514-6942-3100-000000000e00}
ProcessId: 2592
Image: C:\Windows\System32\svchost.exe
TargetFilename: C:\Windows\System32\winevt\Logs\Microsoft-Windows-EnrollmentWebService2592Admin.evtx
CreationUtcTime: 2025-12-17 07:59:41.795
User: NT AUTHORITY\LOCAL SERVICE"
"12/17/2025 7:59:41 AM","11","File created:
RuleName: FileCreate
UtcTime: 2025-12-17 07:59:41.765
ProcessGuid: {f995aebf-5514-6942-3100-000000000e00}
ProcessId: 2592
Image: C:\Windows\System32\svchost.exe
TargetFilename: C:\Windows\System32\winevt\Logs\Microsoft-Windows-EventCollector2592Operational.evtx
CreationUtcTime: 2025-12-17 07:59:41.765
User: NT AUTHORITY\LOCAL SERVICE"
"12/17/2025 7:59:41 AM","11","File created:
RuleName: FileCreate
UtcTime: 2025-12-17 07:59:41.755
ProcessGuid: {f995aebf-5514-6942-3100-000000000e00}
ProcessId: 2592
Image: C:\Windows\System32\svchost.exe
TargetFilename: C:\Windows\System32\winevt\Logs\Microsoft-Windows-FailoverClustering-Client2592Operational.evtx
CreationUtcTime: 2025-12-17 07:59:41.755
User: NT AUTHORITY\LOCAL SERVICE"
"12/17/2025 7:59:41 AM","11","File created:
RuleName: FileCreate
UtcTime: 2025-12-17 07:59:41.739
ProcessGuid: {f995aebf-5514-6942-3100-000000000e00}
ProcessId: 2592
Image: C:\Windows\System32\svchost.exe
TargetFilename: C:\Windows\System32\winevt\Logs\Microsoft-Windows-Fault-Tolerant-Heap2592Operational.evtx
CreationUtcTime: 2025-12-17 07:59:41.739
User: NT AUTHORITY\LOCAL SERVICE"
"12/17/2025 7:59:41 AM","11","File created:
RuleName: FileCreate
UtcTime: 2025-12-17 07:59:41.728
ProcessGuid: {f995aebf-5514-6942-3100-000000000e00}
ProcessId: 2592
Image: C:\Windows\System32\svchost.exe
TargetFilename: C:\Windows\System32\winevt\Logs\Microsoft-Windows-FeatureConfiguration2592Operational.evtx
CreationUtcTime: 2025-12-17 07:59:41.728
User: NT AUTHORITY\LOCAL SERVICE"
"12/17/2025 7:59:41 AM","11","File created:
RuleName: FileCreate
UtcTime: 2025-12-17 07:59:41.719
ProcessGuid: {f995aebf-5514-6942-3100-000000000e00}
ProcessId: 2592
Image: C:\Windows\System32\svchost.exe
TargetFilename: C:\Windows\System32\winevt\Logs\Microsoft-Windows-FederationServices-Deployment2592Operational.evtx
CreationUtcTime: 2025-12-17 07:59:41.719
User: NT AUTHORITY\LOCAL SERVICE"
"12/17/2025 7:59:41 AM","11","File created:
RuleName: FileCreate
UtcTime: 2025-12-17 07:59:41.703
ProcessGuid: {f995aebf-5514-6942-3100-000000000e00}
ProcessId: 2592
Image: C:\Windows\System32\svchost.exe
TargetFilename: C:\Windows\System32\winevt\Logs\Microsoft-Windows-FileServices-ServerManager-EventProvider2592Admin.evtx
CreationUtcTime: 2025-12-17 07:59:41.703
User: NT AUTHORITY\LOCAL SERVICE"
"12/17/2025 7:59:41 AM","11","File created:
RuleName: FileCreate
UtcTime: 2025-12-17 07:59:41.695
ProcessGuid: {f995aebf-5514-6942-3100-000000000e00}
ProcessId: 2592
Image: C:\Windows\System32\svchost.exe
TargetFilename: C:\Windows\System32\winevt\Logs\Microsoft-Windows-FileServices-ServerManager-EventProvider2592Operational.evtx
CreationUtcTime: 2025-12-17 07:59:41.695
User: NT AUTHORITY\LOCAL SERVICE"
"12/17/2025 7:59:41 AM","11","File created:
RuleName: FileCreate
UtcTime: 2025-12-17 07:59:41.646
ProcessGuid: {f995aebf-5514-6942-3100-000000000e00}
ProcessId: 2592
Image: C:\Windows\System32\svchost.exe
TargetFilename: C:\Windows\System32\winevt\Logs\Microsoft-Windows-FMS2592Operational.evtx
CreationUtcTime: 2025-12-17 07:59:41.646
User: NT AUTHORITY\LOCAL SERVICE"
"12/17/2025 7:59:41 AM","11","File created:
RuleName: FileCreate
UtcTime: 2025-12-17 07:59:41.614
ProcessGuid: {f995aebf-5514-6942-3100-000000000e00}
ProcessId: 2592
Image: C:\Windows\System32\svchost.exe
TargetFilename: C:\Windows\System32\winevt\Logs\Microsoft-Windows-Folder Redirection2592Operational.evtx
CreationUtcTime: 2025-12-17 07:59:41.614
User: NT AUTHORITY\LOCAL SERVICE"
"12/17/2025 7:59:41 AM","11","File created:
RuleName: FileCreate
UtcTime: 2025-12-17 07:59:41.585
ProcessGuid: {f995aebf-5514-6942-3100-000000000e00}
ProcessId: 2592
Image: C:\Windows\System32\svchost.exe
TargetFilename: C:\Windows\System32\winevt\Logs\Microsoft-Windows-Forwarding2592Operational.evtx
CreationUtcTime: 2025-12-17 07:59:41.585
User: NT AUTHORITY\LOCAL SERVICE"
"12/17/2025 7:59:41 AM","11","File created:
RuleName: FileCreate
UtcTime: 2025-12-17 07:59:41.571
ProcessGuid: {f995aebf-5514-6942-3100-000000000e00}
ProcessId: 2592
Image: C:\Windows\System32\svchost.exe
TargetFilename: C:\Windows\System32\winevt\Logs\Microsoft-Windows-GenericRoaming2592Admin.evtx
CreationUtcTime: 2025-12-17 07:59:41.571
User: NT AUTHORITY\LOCAL SERVICE"
"12/17/2025 7:59:41 AM","11","File created:
RuleName: FileCreate
UtcTime: 2025-12-17 07:59:41.536
ProcessGuid: {f995aebf-5514-6942-3100-000000000e00}
ProcessId: 2592
Image: C:\Windows\System32\svchost.exe
TargetFilename: C:\Windows\System32\winevt\Logs\Microsoft-Windows-Health-Hci2592Debug.evtx
CreationUtcTime: 2025-12-17 07:59:41.536
User: NT AUTHORITY\LOCAL SERVICE"
"12/17/2025 7:59:41 AM","11","File created:
RuleName: FileCreate
UtcTime: 2025-12-17 07:59:41.524
ProcessGuid: {f995aebf-5514-6942-3100-000000000e00}
ProcessId: 2592
Image: C:\Windows\System32\svchost.exe
TargetFilename: C:\Windows\System32\winevt\Logs\Microsoft-Windows-Health-Hci2592Operational.evtx
CreationUtcTime: 2025-12-17 07:59:41.524
User: NT AUTHORITY\LOCAL SERVICE"
"12/17/2025 7:59:41 AM","11","File created:
RuleName: FileCreate
UtcTime: 2025-12-17 07:59:41.499
ProcessGuid: {f995aebf-5514-6942-3100-000000000e00}
ProcessId: 2592
Image: C:\Windows\System32\svchost.exe
TargetFilename: C:\Windows\System32\winevt\Logs\Microsoft-Windows-Help2592Operational.evtx
CreationUtcTime: 2025-12-17 07:59:41.499
User: NT AUTHORITY\LOCAL SERVICE"
"12/17/2025 7:59:41 AM","11","File created:
RuleName: FileCreate
UtcTime: 2025-12-17 07:59:41.475
ProcessGuid: {f995aebf-5514-6942-3100-000000000e00}
ProcessId: 2592
Image: C:\Windows\System32\svchost.exe
TargetFilename: C:\Windows\System32\winevt\Logs\Microsoft-Windows-hidcfu2592Operational.evtx
CreationUtcTime: 2025-12-17 07:59:41.475
User: NT AUTHORITY\LOCAL SERVICE"
"12/17/2025 7:59:41 AM","11","File created:
RuleName: FileCreate
UtcTime: 2025-12-17 07:59:41.452
ProcessGuid: {f995aebf-5514-6942-3100-000000000e00}
ProcessId: 2592
Image: C:\Windows\System32\svchost.exe
TargetFilename: C:\Windows\System32\winevt\Logs\Microsoft-Windows-HomeGroup Control Panel2592Operational.evtx
CreationUtcTime: 2025-12-17 07:59:41.452
User: NT AUTHORITY\LOCAL SERVICE"
"12/17/2025 7:59:41 AM","11","File created:
RuleName: FileCreate
UtcTime: 2025-12-17 07:59:41.200
ProcessGuid: {f995aebf-5514-6942-3100-000000000e00}
ProcessId: 2592
Image: C:\Windows\System32\svchost.exe
TargetFilename: C:\Windows\System32\winevt\Logs\Microsoft-Windows-IdCtrls2592Operational.evtx
CreationUtcTime: 2025-12-17 07:59:41.198
User: NT AUTHORITY\LOCAL SERVICE"
"12/17/2025 7:59:41 AM","11","File created:
RuleName: FileCreate
UtcTime: 2025-12-17 07:59:41.176
ProcessGuid: {f995aebf-5514-6942-3100-000000000e00}
ProcessId: 2592
Image: C:\Windows\System32\svchost.exe
TargetFilename: C:\Windows\System32\winevt\Logs\Microsoft-Windows-International-RegionalOptionsControlPanel2592Operational.evtx
CreationUtcTime: 2025-12-17 07:59:41.176
User: NT AUTHORITY\LOCAL SERVICE"
"12/17/2025 7:59:41 AM","11","File created:
RuleName: FileCreate
UtcTime: 2025-12-17 07:59:41.154
ProcessGuid: {f995aebf-5514-6942-3100-000000000e00}
ProcessId: 2592
Image: C:\Windows\System32\svchost.exe
TargetFilename: C:\Windows\System32\winevt\Logs\Microsoft-Windows-Iphlpsvc2592Operational.evtx
CreationUtcTime: 2025-12-17 07:59:41.154
User: NT AUTHORITY\LOCAL SERVICE"
"12/17/2025 7:59:41 AM","11","File created:
RuleName: FileCreate
UtcTime: 2025-12-17 07:59:41.145
ProcessGuid: {f995aebf-5514-6942-3100-000000000e00}
ProcessId: 2592
Image: C:\Windows\System32\svchost.exe
TargetFilename: C:\Windows\System32\winevt\Logs\Microsoft-Windows-KdsSvc2592Operational.evtx
CreationUtcTime: 2025-12-17 07:59:41.144
User: NT AUTHORITY\LOCAL SERVICE"
"12/17/2025 7:59:41 AM","11","File created:
RuleName: FileCreate
UtcTime: 2025-12-17 07:59:41.111
ProcessGuid: {f995aebf-5514-6942-3100-000000000e00}
ProcessId: 2592
Image: C:\Windows\System32\svchost.exe
TargetFilename: C:\Windows\System32\winevt\Logs\Microsoft-Windows-Kernel-ApphelpCache2592Operational.evtx
CreationUtcTime: 2025-12-17 07:59:41.111
User: NT AUTHORITY\LOCAL SERVICE"
"12/17/2025 7:59:41 AM","11","File created:
RuleName: FileCreate
UtcTime: 2025-12-17 07:59:41.093
ProcessGuid: {f995aebf-5514-6942-3100-000000000e00}
ProcessId: 2592
Image: C:\Windows\System32\svchost.exe
TargetFilename: C:\Windows\System32\winevt\Logs\Microsoft-Windows-Kernel-CPU-Starvation2592Operational.evtx
CreationUtcTime: 2025-12-17 07:59:41.093
User: NT AUTHORITY\LOCAL SERVICE"
"12/17/2025 7:59:41 AM","11","File created:
RuleName: FileCreate
UtcTime: 2025-12-17 07:59:41.073
ProcessGuid: {f995aebf-5514-6942-3100-000000000e00}
ProcessId: 2592
Image: C:\Windows\System32\svchost.exe
TargetFilename: C:\Windows\System32\winevt\Logs\Microsoft-Windows-Kernel-LiveDump2592Operational.evtx
CreationUtcTime: 2025-12-17 07:59:41.073
User: NT AUTHORITY\LOCAL SERVICE"
"12/17/2025 7:59:41 AM","23","File Delete archived:
RuleName: FileDelete
UtcTime: 2025-12-17 07:59:41.062
ProcessGuid: {f995aebf-62ec-6942-8905-000000000e00}
ProcessId: 5336
User: runnervm8j6r3\runneradmin
Image: C:\Windows\System32\WindowsPowerShell\v1.0\powershell.exe
TargetFilename: C:\Users\runneradmin\AppData\Local\Temp\__PSScriptPolicyTest_vzttjhj4.smr.ps1
Hashes: SHA256=96AD1146EB96877EAB5942AE0736B82D8B5E2039A80D3D6932665C1A4C87DCF7
IsExecutable: false
Archived: true"
"12/17/2025 7:59:41 AM","11","File created:
RuleName: FileCreate
UtcTime: 2025-12-17 07:59:41.046
ProcessGuid: {f995aebf-5514-6942-3100-000000000e00}
ProcessId: 2592
Image: C:\Windows\System32\svchost.exe
TargetFilename: C:\Windows\System32\winevt\Logs\Microsoft-Windows-Kernel-PRM2592Operational.evtx
CreationUtcTime: 2025-12-17 07:59:41.046
User: NT AUTHORITY\LOCAL SERVICE"
"12/17/2025 7:59:41 AM","11","File created:
RuleName: FileCreate
UtcTime: 2025-12-17 07:59:41.042
ProcessGuid: {f995aebf-62ec-6942-8905-000000000e00}
ProcessId: 5336
Image: C:\Windows\System32\WindowsPowerShell\v1.0\powershell.exe
TargetFilename: C:\Users\runneradmin\AppData\Local\Temp\__PSScriptPolicyTest_vzttjhj4.smr.ps1
CreationUtcTime: 2025-12-17 07:59:41.042
User: runnervm8j6r3\runneradmin"
"12/17/2025 7:59:41 AM","11","File created:
RuleName: FileCreate
UtcTime: 2025-12-17 07:59:41.030
ProcessGuid: {f995aebf-5514-6942-3100-000000000e00}
ProcessId: 2592
Image: C:\Windows\System32\svchost.exe
TargetFilename: C:\Windows\System32\winevt\Logs\Microsoft-Windows-Kernel-WDI2592Operational.evtx
CreationUtcTime: 2025-12-17 07:59:41.030
User: NT AUTHORITY\LOCAL SERVICE"
"12/17/2025 7:59:41 AM","11","File created:
RuleName: FileCreate
UtcTime: 2025-12-17 07:59:41.010
ProcessGuid: {f995aebf-5514-6942-3100-000000000e00}
ProcessId: 2592
Image: C:\Windows\System32\svchost.exe
TargetFilename: C:\Windows\System32\winevt\Logs\Microsoft-Windows-KernelStreaming2592Operational.evtx
CreationUtcTime: 2025-12-17 07:59:41.010
User: NT AUTHORITY\LOCAL SERVICE"
"12/17/2025 7:59:40 AM","11","File created:
RuleName: FileCreate
UtcTime: 2025-12-17 07:59:40.947
ProcessGuid: {f995aebf-5514-6942-3100-000000000e00}
ProcessId: 2592
Image: C:\Windows\System32\svchost.exe
TargetFilename: C:\Windows\System32\winevt\Logs\Microsoft-Windows-LAPS2592Operational.evtx
CreationUtcTime: 2025-12-17 07:59:40.945
User: NT AUTHORITY\LOCAL SERVICE"
"12/17/2025 7:59:40 AM","11","File created:
RuleName: FileCreate
UtcTime: 2025-12-17 07:59:40.913
ProcessGuid: {f995aebf-5514-6942-3100-000000000e00}
ProcessId: 2592
Image: C:\Windows\System32\svchost.exe
TargetFilename: C:\Windows\System32\winevt\Logs\Microsoft-Windows-LocationServiceProvider2592Operational.evtx
CreationUtcTime: 2025-12-17 07:59:40.913
User: NT AUTHORITY\LOCAL SERVICE"
"12/17/2025 7:59:40 AM","11","File created:
RuleName: FileCreate
UtcTime: 2025-12-17 07:59:40.895
ProcessGuid: {f995aebf-5514-6942-3100-000000000e00}
ProcessId: 2592
Image: C:\Windows\System32\svchost.exe
TargetFilename: C:\Windows\System32\winevt\Logs\Microsoft-Windows-ManagementTools-RegistryProvider2592Operational.evtx
CreationUtcTime: 2025-12-17 07:59:40.895
User: NT AUTHORITY\LOCAL SERVICE"
"12/17/2025 7:59:40 AM","11","File created:
RuleName: FileCreate
UtcTime: 2025-12-17 07:59:40.862
ProcessGuid: {f995aebf-5514-6942-3100-000000000e00}
ProcessId: 2592
Image: C:\Windows\System32\svchost.exe
TargetFilename: C:\Windows\System32\winevt\Logs\Microsoft-Windows-ManagementTools-TaskManagerProvider2592Operational.evtx
CreationUtcTime: 2025-12-17 07:59:40.862
User: NT AUTHORITY\LOCAL SERVICE"
"12/17/2025 7:59:40 AM","11","File created:
RuleName: FileCreate
UtcTime: 2025-12-17 07:59:40.822
ProcessGuid: {f995aebf-5514-6942-3100-000000000e00}
ProcessId: 2592
Image: C:\Windows\System32\svchost.exe
TargetFilename: C:\Windows\System32\winevt\Logs\Microsoft-Windows-MemoryDiagnostics-Results2592Debug.evtx
CreationUtcTime: 2025-12-17 07:59:40.820
User: NT AUTHORITY\LOCAL SERVICE"
"12/17/2025 7:59:40 AM","11","File created:
RuleName: FileCreate
UtcTime: 2025-12-17 07:59:40.804
ProcessGuid: {f995aebf-5514-6942-3100-000000000e00}
ProcessId: 2592
Image: C:\Windows\System32\svchost.exe
TargetFilename: C:\Windows\System32\winevt\Logs\Microsoft-Windows-MF-FrameServer2592Camera_DeviceMFT.evtx
CreationUtcTime: 2025-12-17 07:59:40.804
User: NT AUTHORITY\LOCAL SERVICE"
"12/17/2025 7:59:40 AM","11","File created:
RuleName: FileCreate
UtcTime: 2025-12-17 07:59:40.794
ProcessGuid: {f995aebf-5514-6942-3100-000000000e00}
ProcessId: 2592
Image: C:\Windows\System32\svchost.exe
TargetFilename: C:\Windows\System32\winevt\Logs\Microsoft-Windows-MF-FrameServer2592Camera_FrameServer.evtx
CreationUtcTime: 2025-12-17 07:59:40.794
User: NT AUTHORITY\LOCAL SERVICE"
"12/17/2025 7:59:40 AM","11","File created:
RuleName: FileCreate
UtcTime: 2025-12-17 07:59:40.786
ProcessGuid: {f995aebf-5514-6942-3100-000000000e00}
ProcessId: 2592
Image: C:\Windows\System32\svchost.exe
TargetFilename: C:\Windows\System32\winevt\Logs\Microsoft-Windows-MiStreamProvider2592Operational.evtx
CreationUtcTime: 2025-12-17 07:59:40.786
User: NT AUTHORITY\LOCAL SERVICE"
"12/17/2025 7:59:40 AM","1","Process Create:
RuleName: ProcessCreate
UtcTime: 2025-12-17 07:59:40.757
ProcessGuid: {f995aebf-62ec-6942-8805-000000000e00}
ProcessId: 8660
Image: C:\Windows\System32\schtasks.exe
FileVersion: 10.0.26100.6725 (WinBuild.160101.0800)
Description: Task Scheduler Configuration Tool
Product: Microsoft? Windows? Operating System
Company: Microsoft Corporation
OriginalFileName: schtasks.exe
CommandLine: SCHTASKS  /Delete /S localhost /U DOMAIN\user /P At0micStrong /TN ""Atomic task"" /F 
CurrentDirectory: C:\Users\RUNNER~1\AppData\Local\Temp\
User: runnervm8j6r3\runneradmin
LogonGuid: {f995aebf-552e-6942-89d0-0b0000000000}
LogonId: 0xBD089
TerminalSessionId: 2
IntegrityLevel: High
Hashes: SHA256=B96AF3066F0B9DE8A460F77BAAE006C5372A266BE18C561DAA7C7AE8635D399D
ParentProcessGuid: {f995aebf-62ec-6942-8605-000000000e00}
ParentProcessId: 9272
ParentImage: C:\Windows\System32\cmd.exe
ParentCommandLine: ""cmd.exe"" /c SCHTASKS /Delete /S localhost /U DOMAIN\user /P At0micStrong /TN ""Atomic task"" /F >nul 2>&1
ParentUser: runnervm8j6r3\runneradmin"
"12/17/2025 7:59:40 AM","11","File created:
RuleName: FileCreate
UtcTime: 2025-12-17 07:59:40.750
ProcessGuid: {f995aebf-5514-6942-3100-000000000e00}
ProcessId: 2592
Image: C:\Windows\System32\svchost.exe
TargetFilename: C:\Windows\System32\winevt\Logs\Microsoft-Windows-ModernDeployment-Diagnostics-Provider2592Admin.evtx
CreationUtcTime: 2025-12-17 07:59:40.750
User: NT AUTHORITY\LOCAL SERVICE"
"12/17/2025 7:59:40 AM","11","File created:
RuleName: FileCreate
UtcTime: 2025-12-17 07:59:40.740
ProcessGuid: {f995aebf-5514-6942-3100-000000000e00}
ProcessId: 2592
Image: C:\Windows\System32\svchost.exe
TargetFilename: C:\Windows\System32\winevt\Logs\Microsoft-Windows-ModernDeployment-Diagnostics-Provider2592Autopilot.evtx
CreationUtcTime: 2025-12-17 07:59:40.740
User: NT AUTHORITY\LOCAL SERVICE"
"12/17/2025 7:59:40 AM","11","File created:
RuleName: FileCreate
UtcTime: 2025-12-17 07:59:40.728
ProcessGuid: {f995aebf-5514-6942-3100-000000000e00}
ProcessId: 2592
Image: C:\Windows\System32\svchost.exe
TargetFilename: C:\Windows\System32\winevt\Logs\Microsoft-Windows-ModernDeployment-Diagnostics-Provider2592Diagnostics.evtx
CreationUtcTime: 2025-12-17 07:59:40.728
User: NT AUTHORITY\LOCAL SERVICE"
"12/17/2025 7:59:40 AM","11","File created:
RuleName: FileCreate
UtcTime: 2025-12-17 07:59:40.721
ProcessGuid: {f995aebf-5514-6942-3100-000000000e00}
ProcessId: 2592
Image: C:\Windows\System32\svchost.exe
TargetFilename: C:\Windows\System32\winevt\Logs\Microsoft-Windows-ModernDeployment-Diagnostics-Provider2592ManagementService.evtx
CreationUtcTime: 2025-12-17 07:59:40.720
User: NT AUTHORITY\LOCAL SERVICE"
"12/17/2025 7:59:40 AM","11","File created:
RuleName: FileCreate
UtcTime: 2025-12-17 07:59:40.695
ProcessGuid: {f995aebf-5514-6942-3100-000000000e00}
ProcessId: 2592
Image: C:\Windows\System32\svchost.exe
TargetFilename: C:\Windows\System32\winevt\Logs\Microsoft-Windows-Mprddm2592Operational.evtx
CreationUtcTime: 2025-12-17 07:59:40.695
User: NT AUTHORITY\LOCAL SERVICE"
"12/17/2025 7:59:40 AM","11","File created:
RuleName: FileCreate
UtcTime: 2025-12-17 07:59:40.687
ProcessGuid: {f995aebf-5514-6942-3100-000000000e00}
ProcessId: 2592
Image: C:\Windows\System32\svchost.exe
TargetFilename: C:\Windows\System32\winevt\Logs\Microsoft-Windows-MPTF2592MPTF-Operational.evtx
CreationUtcTime: 2025-12-17 07:59:40.687
User: NT AUTHORITY\LOCAL SERVICE"
