"TimeCreated","Id","Message"
"12/16/2025 9:48:30 PM","1","Process Create:
RuleName: ProcessCreate
UtcTime: 2025-12-16 21:48:30.709
ProcessGuid: {f995aebf-d3ae-6941-5802-000000000e00}
ProcessId: 1036
Image: C:\Windows\System32\whoami.exe
FileVersion: 10.0.26100.1882 (WinBuild.160101.0800)
Description: whoami - displays logged on user information
Product: Microsoft? Windows? Operating System
Company: Microsoft Corporation
OriginalFileName: whoami.exe
CommandLine: ""C:\Windows\system32\whoami.exe""
CurrentDirectory: D:\a\sysmon\sysmon\
User: runnervm8j6r3\runneradmin
LogonGuid: {f995aebf-d2de-6941-12df-0b0000000000}
LogonId: 0xBDF12
TerminalSessionId: 2
IntegrityLevel: High
Hashes: SHA256=23240EF9F8B0A9A324110B1C2331DE31DC1B0E08F5359CB707E51A939AF56CD3
ParentProcessGuid: {f995aebf-d3a9-6941-4c02-000000000e00}
ParentProcessId: 5348
ParentImage: C:\Windows\System32\WindowsPowerShell\v1.0\powershell.exe
ParentCommandLine: ""C:\Windows\System32\WindowsPowerShell\v1.0\powershell.EXE"" -command "". 'D:\a\_temp\45e93f16-d654-485c-97df-cabcb31bdb59.ps1'""
ParentUser: runnervm8j6r3\runneradmin"
"12/16/2025 9:48:30 PM","1","Process Create:
RuleName: ProcessCreate
UtcTime: 2025-12-16 21:48:30.438
ProcessGuid: {f995aebf-d3ae-6941-5602-000000000e00}
ProcessId: 2140
Image: C:\Windows\System32\whoami.exe
FileVersion: 10.0.26100.1882 (WinBuild.160101.0800)
Description: whoami - displays logged on user information
Product: Microsoft? Windows? Operating System
Company: Microsoft Corporation
OriginalFileName: whoami.exe
CommandLine: ""C:\Windows\system32\whoami.exe""
CurrentDirectory: D:\a\sysmon\sysmon\
User: runnervm8j6r3\runneradmin
LogonGuid: {f995aebf-d2de-6941-12df-0b0000000000}
LogonId: 0xBDF12
TerminalSessionId: 2
IntegrityLevel: High
Hashes: SHA256=23240EF9F8B0A9A324110B1C2331DE31DC1B0E08F5359CB707E51A939AF56CD3
ParentProcessGuid: {f995aebf-d3a9-6941-4c02-000000000e00}
ParentProcessId: 5348
ParentImage: C:\Windows\System32\WindowsPowerShell\v1.0\powershell.exe
ParentCommandLine: ""C:\Windows\System32\WindowsPowerShell\v1.0\powershell.EXE"" -command "". 'D:\a\_temp\45e93f16-d654-485c-97df-cabcb31bdb59.ps1'""
ParentUser: runnervm8j6r3\runneradmin"
"12/16/2025 9:48:30 PM","1","Process Create:
RuleName: ProcessCreate
UtcTime: 2025-12-16 21:48:30.048
ProcessGuid: {f995aebf-d3ae-6941-5402-000000000e00}
ProcessId: 1668
Image: C:\Windows\System32\whoami.exe
FileVersion: 10.0.26100.1882 (WinBuild.160101.0800)
Description: whoami - displays logged on user information
Product: Microsoft? Windows? Operating System
Company: Microsoft Corporation
OriginalFileName: whoami.exe
CommandLine: ""C:\Windows\system32\whoami.exe""
CurrentDirectory: D:\a\sysmon\sysmon\
User: runnervm8j6r3\runneradmin
LogonGuid: {f995aebf-d2de-6941-12df-0b0000000000}
LogonId: 0xBDF12
TerminalSessionId: 2
IntegrityLevel: High
Hashes: SHA256=23240EF9F8B0A9A324110B1C2331DE31DC1B0E08F5359CB707E51A939AF56CD3
ParentProcessGuid: {f995aebf-d3a9-6941-4c02-000000000e00}
ParentProcessId: 5348
ParentImage: C:\Windows\System32\WindowsPowerShell\v1.0\powershell.exe
ParentCommandLine: ""C:\Windows\System32\WindowsPowerShell\v1.0\powershell.EXE"" -command "". 'D:\a\_temp\45e93f16-d654-485c-97df-cabcb31bdb59.ps1'""
ParentUser: runnervm8j6r3\runneradmin"
"12/16/2025 9:48:29 PM","22","Dns query:
RuleName: -
UtcTime: 2025-12-16 21:48:27.999
ProcessGuid: {f995aebf-d338-6941-2c02-000000000e00}
ProcessId: 9732
QueryName: 21.114.82.140.in-addr.arpa.
QueryStatus: 0
QueryResults: type: 12 lb-140-82-114-21-iad.github.com;
Image: C:\Windows\Sysmon64.exe
User: NT AUTHORITY\SYSTEM"
"12/16/2025 9:48:29 PM","22","Dns query:
RuleName: -
UtcTime: 2025-12-16 21:48:27.983
ProcessGuid: {f995aebf-d338-6941-2c02-000000000e00}
ProcessId: 9732
QueryName: 193.178.209.20.in-addr.arpa.
QueryStatus: 9003
QueryResults: -
Image: C:\Windows\Sysmon64.exe
User: NT AUTHORITY\SYSTEM"
"12/16/2025 9:48:28 PM","1","Process Create:
RuleName: ProcessCreate
UtcTime: 2025-12-16 21:48:28.727
ProcessGuid: {f995aebf-d3ac-6941-5202-000000000e00}
ProcessId: 1220
Image: C:\Windows\System32\whoami.exe
FileVersion: 10.0.26100.1882 (WinBuild.160101.0800)
Description: whoami - displays logged on user information
Product: Microsoft? Windows? Operating System
Company: Microsoft Corporation
OriginalFileName: whoami.exe
CommandLine: ""C:\Windows\system32\whoami.exe""
CurrentDirectory: D:\a\sysmon\sysmon\
User: runnervm8j6r3\runneradmin
LogonGuid: {f995aebf-d2de-6941-12df-0b0000000000}
LogonId: 0xBDF12
TerminalSessionId: 2
IntegrityLevel: High
Hashes: SHA256=23240EF9F8B0A9A324110B1C2331DE31DC1B0E08F5359CB707E51A939AF56CD3
ParentProcessGuid: {f995aebf-d3a9-6941-4c02-000000000e00}
ParentProcessId: 5348
ParentImage: C:\Windows\System32\WindowsPowerShell\v1.0\powershell.exe
ParentCommandLine: ""C:\Windows\System32\WindowsPowerShell\v1.0\powershell.EXE"" -command "". 'D:\a\_temp\45e93f16-d654-485c-97df-cabcb31bdb59.ps1'""
ParentUser: runnervm8j6r3\runneradmin"
"12/16/2025 9:48:28 PM","22","Dns query:
RuleName: -
UtcTime: 2025-12-16 21:48:26.646
ProcessGuid: {f995aebf-d32f-6941-7a01-000000000e00}
ProcessId: 3736
QueryName: productionresultssa5.blob.core.windows.net
QueryStatus: 0
QueryResults: type: 5 blob.bn3prdstrz12a.store.core.windows.net;type: 5 blob.bn3prdstrz12a.trafficmanager.net;::ffff:20.209.178.193;::ffff:20.209.112.225;::ffff:20.209.113.193;
Image: C:\actions-runner\cached\2.330.0\bin\Runner.Worker.exe
User: runnervm8j6r3\runneradmin"
"12/16/2025 9:48:28 PM","22","Dns query:
RuleName: -
UtcTime: 2025-12-16 21:48:26.068
ProcessGuid: {f995aebf-d32f-6941-7a01-000000000e00}
ProcessId: 3736
QueryName: results-receiver.actions.githubusercontent.com
QueryStatus: 0
QueryResults: type: 5 glb-db52c2cf8be544.github.com;::ffff:140.82.114.21;
Image: C:\actions-runner\cached\2.330.0\bin\Runner.Worker.exe
User: runnervm8j6r3\runneradmin"
"12/16/2025 9:48:26 PM","1","Process Create:
RuleName: ProcessCreate
UtcTime: 2025-12-16 21:48:26.756
ProcessGuid: {f995aebf-d3aa-6941-5002-000000000e00}
ProcessId: 9124
Image: C:\Windows\System32\whoami.exe
FileVersion: 10.0.26100.1882 (WinBuild.160101.0800)
Description: whoami - displays logged on user information
Product: Microsoft? Windows? Operating System
Company: Microsoft Corporation
OriginalFileName: whoami.exe
CommandLine: ""C:\Windows\system32\whoami.exe""
CurrentDirectory: D:\a\sysmon\sysmon\
User: runnervm8j6r3\runneradmin
LogonGuid: {f995aebf-d2de-6941-12df-0b0000000000}
LogonId: 0xBDF12
TerminalSessionId: 2
IntegrityLevel: High
Hashes: SHA256=23240EF9F8B0A9A324110B1C2331DE31DC1B0E08F5359CB707E51A939AF56CD3
ParentProcessGuid: {f995aebf-d3a9-6941-4c02-000000000e00}
ParentProcessId: 5348
ParentImage: C:\Windows\System32\WindowsPowerShell\v1.0\powershell.exe
ParentCommandLine: ""C:\Windows\System32\WindowsPowerShell\v1.0\powershell.EXE"" -command "". 'D:\a\_temp\45e93f16-d654-485c-97df-cabcb31bdb59.ps1'""
ParentUser: runnervm8j6r3\runneradmin"
"12/16/2025 9:48:26 PM","23","File Delete archived:
RuleName: FileDelete
UtcTime: 2025-12-16 21:48:26.112
ProcessGuid: {f995aebf-d32f-6941-7a01-000000000e00}
ProcessId: 3736
User: runnervm8j6r3\runneradmin
Image: C:\actions-runner\cached\2.330.0\bin\Runner.Worker.exe
TargetFilename: C:\actions-runner\cached\2.330.0\_diag\pages\58f22c36-37c8-4d04-9e19-282756eabd0b_ecf0552f-04ea-485f-8fab-cc9bd132a6e7_1.log
Hashes: SHA256=C0E67F97D9E15A9DDD943B8D36897EFE37C92D82D81C859D9D04991B3FE2CF9B
IsExecutable: false
Archived: true"
"12/16/2025 9:48:25 PM","23","File Delete archived:
RuleName: FileDelete
UtcTime: 2025-12-16 21:48:25.945
ProcessGuid: {f995aebf-d3a9-6941-4c02-000000000e00}
ProcessId: 5348
User: runnervm8j6r3\runneradmin
Image: C:\Windows\System32\WindowsPowerShell\v1.0\powershell.EXE
TargetFilename: C:\Users\runneradmin\AppData\Local\Temp\__PSScriptPolicyTest_u5ltoot2.hmu.ps1
Hashes: SHA256=96AD1146EB96877EAB5942AE0736B82D8B5E2039A80D3D6932665C1A4C87DCF7
IsExecutable: false
Archived: true"
"12/16/2025 9:48:25 PM","11","File created:
RuleName: FileCreate
UtcTime: 2025-12-16 21:48:25.925
ProcessGuid: {f995aebf-d3a9-6941-4c02-000000000e00}
ProcessId: 5348
Image: C:\Windows\System32\WindowsPowerShell\v1.0\powershell.EXE
TargetFilename: C:\Users\runneradmin\AppData\Local\Temp\__PSScriptPolicyTest_u5ltoot2.hmu.ps1
CreationUtcTime: 2025-12-16 21:48:25.850
User: runnervm8j6r3\runneradmin"
"12/16/2025 9:48:25 PM","1","Process Create:
RuleName: ProcessCreate
UtcTime: 2025-12-16 21:48:25.778
ProcessGuid: {f995aebf-d3a9-6941-4c02-000000000e00}
ProcessId: 5348
Image: C:\Windows\System32\WindowsPowerShell\v1.0\powershell.exe
FileVersion: 10.0.26100.5074 (WinBuild.160101.0800)
Description: Windows PowerShell
Product: Microsoft? Windows? Operating System
Company: Microsoft Corporation
OriginalFileName: PowerShell.EXE
CommandLine: ""C:\Windows\System32\WindowsPowerShell\v1.0\powershell.EXE"" -command "". 'D:\a\_temp\45e93f16-d654-485c-97df-cabcb31bdb59.ps1'""
CurrentDirectory: D:\a\sysmon\sysmon\
User: runnervm8j6r3\runneradmin
LogonGuid: {f995aebf-d2de-6941-12df-0b0000000000}
LogonId: 0xBDF12
TerminalSessionId: 2
IntegrityLevel: High
Hashes: SHA256=0FF6F2C94BC7E2833A5F7E16DE1622E5DBA70396F31C7D5F56381870317E8C46
ParentProcessGuid: {f995aebf-d32f-6941-7a01-000000000e00}
ParentProcessId: 3736
ParentImage: C:\actions-runner\cached\2.330.0\bin\Runner.Worker.exe
ParentCommandLine: ""C:\actions-runner\cached\2.330.0\bin\Runner.Worker.exe"" spawnclient 1924 1936
ParentUser: runnervm8j6r3\runneradmin"
"12/16/2025 9:48:25 PM","11","File created:
RuleName: FileCreate
UtcTime: 2025-12-16 21:48:25.777
ProcessGuid: {f995aebf-d32f-6941-7a01-000000000e00}
ProcessId: 3736
Image: C:\actions-runner\cached\2.330.0\bin\Runner.Worker.exe
TargetFilename: D:\a\_temp\45e93f16-d654-485c-97df-cabcb31bdb59.ps1
CreationUtcTime: 2025-12-16 21:48:25.777
User: runnervm8j6r3\runneradmin"
"12/16/2025 9:48:25 PM","23","File Delete archived:
RuleName: FileDelete
UtcTime: 2025-12-16 21:48:25.638
ProcessGuid: {f995aebf-d33f-6941-2f02-000000000e00}
ProcessId: 6848
User: runnervm8j6r3\runneradmin
Image: C:\Windows\System32\WindowsPowerShell\v1.0\powershell.EXE
TargetFilename: C:\AtomicRedTeam\tmp\atomic-red-team-master\.devcontainer\setup.ps1
Hashes: SHA256=A3219C9CEFFB8E6C6497426226BEA0A4FC0A6701AC9EA509E4C12E86D426ABE7
IsExecutable: false
Archived: true"
"12/16/2025 9:48:25 PM","11","File created:
RuleName: FileCreate
UtcTime: 2025-12-16 21:48:25.473
ProcessGuid: {f995aebf-d33f-6941-2f02-000000000e00}
ProcessId: 6848
Image: C:\Windows\System32\WindowsPowerShell\v1.0\powershell.EXE
TargetFilename: C:\AtomicRedTeam\tmp\atomic-red-team-master\atomics\T1651\src\T1651-1\AWSSSMAttack.ps1
CreationUtcTime: 2025-12-16 21:48:25.473
User: runnervm8j6r3\runneradmin"
"12/16/2025 9:48:25 PM","11","File created:
RuleName: FileCreate
UtcTime: 2025-12-16 21:48:25.453
ProcessGuid: {f995aebf-d33f-6941-2f02-000000000e00}
ProcessId: 6848
Image: C:\Windows\System32\WindowsPowerShell\v1.0\powershell.EXE
TargetFilename: C:\AtomicRedTeam\tmp\atomic-red-team-master\atomics\T1648\src\T1648-1\LambdaAttack.ps1
CreationUtcTime: 2025-12-16 21:48:25.453
User: runnervm8j6r3\runneradmin"
"12/16/2025 9:48:25 PM","11","File created:
RuleName: FileCreate
UtcTime: 2025-12-16 21:48:25.370
ProcessGuid: {f995aebf-d33f-6941-2f02-000000000e00}
ProcessId: 6848
Image: C:\Windows\System32\WindowsPowerShell\v1.0\powershell.EXE
TargetFilename: C:\AtomicRedTeam\tmp\atomic-red-team-master\atomics\T1595.003\src\WebServerScan.ps1
CreationUtcTime: 2025-12-16 21:48:25.370
User: runnervm8j6r3\runneradmin"
"12/16/2025 9:48:25 PM","11","File created:
RuleName: FileCreate
UtcTime: 2025-12-16 21:48:25.271
ProcessGuid: {f995aebf-d33f-6941-2f02-000000000e00}
ProcessId: 6848
Image: C:\Windows\System32\WindowsPowerShell\v1.0\powershell.EXE
TargetFilename: C:\AtomicRedTeam\tmp\atomic-red-team-master\atomics\T1572\src\T1572-doh-domain-length.ps1
CreationUtcTime: 2025-12-16 21:48:25.271
User: runnervm8j6r3\runneradmin"
"12/16/2025 9:48:25 PM","11","File created:
RuleName: FileCreate
UtcTime: 2025-12-16 21:48:25.271
ProcessGuid: {f995aebf-d33f-6941-2f02-000000000e00}
ProcessId: 6848
Image: C:\Windows\System32\WindowsPowerShell\v1.0\powershell.EXE
TargetFilename: C:\AtomicRedTeam\tmp\atomic-red-team-master\atomics\T1572\src\T1572-doh-beacon.ps1
CreationUtcTime: 2025-12-16 21:48:25.271
User: runnervm8j6r3\runneradmin"
"12/16/2025 9:48:25 PM","11","File created:
RuleName: FileCreate
UtcTime: 2025-12-16 21:48:25.027
ProcessGuid: {f995aebf-d33f-6941-2f02-000000000e00}
ProcessId: 6848
Image: C:\Windows\System32\WindowsPowerShell\v1.0\powershell.EXE
TargetFilename: C:\AtomicRedTeam\tmp\atomic-red-team-master\atomics\T1564.004\src\test.ps1
CreationUtcTime: 2025-12-16 21:48:25.027
User: runnervm8j6r3\runneradmin"
"12/16/2025 9:48:24 PM","11","File created:
RuleName: FileCreate
UtcTime: 2025-12-16 21:48:24.916
ProcessGuid: {f995aebf-d33f-6941-2f02-000000000e00}
ProcessId: 6848
Image: C:\Windows\System32\WindowsPowerShell\v1.0\powershell.EXE
TargetFilename: C:\AtomicRedTeam\tmp\atomic-red-team-master\atomics\T1559.002\src\PowerShell_Script_For_DDE_Document.ps1
CreationUtcTime: 2025-12-16 21:48:24.916
User: runnervm8j6r3\runneradmin"
"12/16/2025 9:48:24 PM","11","File created:
RuleName: FileCreate
UtcTime: 2025-12-16 21:48:24.803
ProcessGuid: {f995aebf-d33f-6941-2f02-000000000e00}
ProcessId: 6848
Image: C:\Windows\System32\WindowsPowerShell\v1.0\powershell.EXE
TargetFilename: C:\AtomicRedTeam\tmp\atomic-red-team-master\atomics\T1553.004\src\RemoteCertTrust.ps1
CreationUtcTime: 2025-12-16 21:48:24.803
User: runnervm8j6r3\runneradmin"
"12/16/2025 9:48:24 PM","11","File created:
RuleName: FileCreate
UtcTime: 2025-12-16 21:48:24.740
ProcessGuid: {f995aebf-d33f-6941-2f02-000000000e00}
ProcessId: 6848
Image: C:\Windows\System32\WindowsPowerShell\v1.0\powershell.EXE
TargetFilename: C:\AtomicRedTeam\tmp\atomic-red-team-master\atomics\T1548.002\src\T1548.002.bat
CreationUtcTime: 2025-12-16 21:48:24.740
User: runnervm8j6r3\runneradmin"
"12/16/2025 9:48:24 PM","11","File created:
RuleName: FileCreate
UtcTime: 2025-12-16 21:48:24.700
ProcessGuid: {f995aebf-d33f-6941-2f02-000000000e00}
ProcessId: 6848
Image: C:\Windows\System32\WindowsPowerShell\v1.0\powershell.EXE
TargetFilename: C:\AtomicRedTeam\tmp\atomic-red-team-master\atomics\T1547.012\src\build.bat
CreationUtcTime: 2025-12-16 21:48:24.699
User: runnervm8j6r3\runneradmin"
"12/16/2025 9:48:24 PM","11","File created:
RuleName: FileCreate
UtcTime: 2025-12-16 21:48:24.686
ProcessGuid: {f995aebf-d33f-6941-2f02-000000000e00}
ProcessId: 6848
Image: C:\Windows\System32\WindowsPowerShell\v1.0\powershell.EXE
TargetFilename: C:\AtomicRedTeam\tmp\atomic-red-team-master\atomics\T1547.010\src\build.bat
CreationUtcTime: 2025-12-16 21:48:24.686
User: runnervm8j6r3\runneradmin"
"12/16/2025 9:48:24 PM","11","File created:
RuleName: FileCreate
UtcTime: 2025-12-16 21:48:24.643
ProcessGuid: {f995aebf-d33f-6941-2f02-000000000e00}
ProcessId: 6848
Image: C:\Windows\System32\WindowsPowerShell\v1.0\powershell.EXE
TargetFilename: C:\AtomicRedTeam\tmp\atomic-red-team-master\atomics\T1547.003\src\build.bat
CreationUtcTime: 2025-12-16 21:48:24.643
User: runnervm8j6r3\runneradmin"
"12/16/2025 9:48:24 PM","11","File created:
RuleName: FileCreate
UtcTime: 2025-12-16 21:48:24.625
ProcessGuid: {f995aebf-d33f-6941-2f02-000000000e00}
ProcessId: 6848
Image: C:\Windows\System32\WindowsPowerShell\v1.0\powershell.EXE
TargetFilename: C:\AtomicRedTeam\tmp\atomic-red-team-master\atomics\T1547.002\src\package\build.bat
CreationUtcTime: 2025-12-16 21:48:24.625
User: runnervm8j6r3\runneradmin"
"12/16/2025 9:48:24 PM","11","File created:
RuleName: FileCreate
UtcTime: 2025-12-16 21:48:24.611
ProcessGuid: {f995aebf-d33f-6941-2f02-000000000e00}
ProcessId: 6848
Image: C:\Windows\System32\WindowsPowerShell\v1.0\powershell.EXE
TargetFilename: C:\AtomicRedTeam\tmp\atomic-red-team-master\atomics\T1547.001\src\vbsstartup.vbs
CreationUtcTime: 2025-12-16 21:48:24.609
User: runnervm8j6r3\runneradmin"
"12/16/2025 9:48:24 PM","11","File created:
RuleName: FileCreate
UtcTime: 2025-12-16 21:48:24.605
ProcessGuid: {f995aebf-d33f-6941-2f02-000000000e00}
ProcessId: 6848
Image: C:\Windows\System32\WindowsPowerShell\v1.0\powershell.EXE
TargetFilename: C:\AtomicRedTeam\tmp\atomic-red-team-master\atomics\T1547.001\src\batstartup.bat
CreationUtcTime: 2025-12-16 21:48:24.605
User: runnervm8j6r3\runneradmin"
"12/16/2025 9:48:24 PM","11","File created:
RuleName: FileCreate
UtcTime: 2025-12-16 21:48:24.391
ProcessGuid: {f995aebf-d33f-6941-2f02-000000000e00}
ProcessId: 6848
Image: C:\Windows\System32\WindowsPowerShell\v1.0\powershell.EXE
TargetFilename: C:\AtomicRedTeam\tmp\atomic-red-team-master\atomics\T1547.001\src\Discovery.bat
CreationUtcTime: 2025-12-16 21:48:24.391
User: runnervm8j6r3\runneradmin"
"12/16/2025 9:48:24 PM","11","File created:
RuleName: FileCreate
UtcTime: 2025-12-16 21:48:24.306
ProcessGuid: {f995aebf-d33f-6941-2f02-000000000e00}
ProcessId: 6848
Image: C:\Windows\System32\WindowsPowerShell\v1.0\powershell.EXE
TargetFilename: C:\AtomicRedTeam\tmp\atomic-red-team-master\atomics\T1546.009\src\build.bat
CreationUtcTime: 2025-12-16 21:48:24.306
User: runnervm8j6r3\runneradmin"
"12/16/2025 9:48:24 PM","11","File created:
RuleName: FileCreate
UtcTime: 2025-12-16 21:48:24.179
ProcessGuid: {f995aebf-d33f-6941-2f02-000000000e00}
ProcessId: 6848
Image: C:\Windows\System32\WindowsPowerShell\v1.0\powershell.EXE
TargetFilename: C:\AtomicRedTeam\tmp\atomic-red-team-master\atomics\T1526\src\AzureDiscovery.ps1
CreationUtcTime: 2025-12-16 21:48:24.179
User: runnervm8j6r3\runneradmin"
"12/16/2025 9:48:24 PM","11","File created:
RuleName: FileCreate
UtcTime: 2025-12-16 21:48:24.177
ProcessGuid: {f995aebf-d33f-6941-2f02-000000000e00}
ProcessId: 6848
Image: C:\Windows\System32\WindowsPowerShell\v1.0\powershell.EXE
TargetFilename: C:\AtomicRedTeam\tmp\atomic-red-team-master\atomics\T1526\src\AWSDiscovery.ps1
CreationUtcTime: 2025-12-16 21:48:24.177
User: runnervm8j6r3\runneradmin"
"12/16/2025 9:48:24 PM","11","File created:
RuleName: FileCreate
UtcTime: 2025-12-16 21:48:24.157
ProcessGuid: {f995aebf-d33f-6941-2f02-000000000e00}
ProcessId: 6848
Image: C:\Windows\System32\WindowsPowerShell\v1.0\powershell.EXE
TargetFilename: C:\AtomicRedTeam\tmp\atomic-red-team-master\atomics\T1505.003\src\tests.jsp
CreationUtcTime: 2025-12-16 21:48:24.157
User: runnervm8j6r3\runneradmin"
"12/16/2025 9:48:24 PM","11","File created:
RuleName: FileCreate
UtcTime: 2025-12-16 21:48:24.155
ProcessGuid: {f995aebf-d33f-6941-2f02-000000000e00}
ProcessId: 6848
Image: C:\Windows\System32\WindowsPowerShell\v1.0\powershell.EXE
TargetFilename: C:\AtomicRedTeam\tmp\atomic-red-team-master\atomics\T1505.003\src\cmd.aspx
CreationUtcTime: 2025-12-16 21:48:24.155
User: runnervm8j6r3\runneradmin"
"12/16/2025 9:48:24 PM","11","File created:
RuleName: FileCreate
UtcTime: 2025-12-16 21:48:24.153
ProcessGuid: {f995aebf-d33f-6941-2f02-000000000e00}
ProcessId: 6848
Image: C:\Windows\System32\WindowsPowerShell\v1.0\powershell.EXE
TargetFilename: C:\AtomicRedTeam\tmp\atomic-red-team-master\atomics\T1505.003\src\b.jsp
CreationUtcTime: 2025-12-16 21:48:24.153
User: runnervm8j6r3\runneradmin"
"12/16/2025 9:48:24 PM","11","File created:
RuleName: FileCreate
UtcTime: 2025-12-16 21:48:24.054
ProcessGuid: {f995aebf-d33f-6941-2f02-000000000e00}
ProcessId: 6848
Image: C:\Windows\System32\WindowsPowerShell\v1.0\powershell.EXE
TargetFilename: C:\AtomicRedTeam\tmp\atomic-red-team-master\atomics\T1219\bin\GoToCleanup.ps1
CreationUtcTime: 2025-12-16 21:48:24.054
User: runnervm8j6r3\runneradmin"
"12/16/2025 9:48:24 PM","11","File created:
RuleName: FileCreate
UtcTime: 2025-12-16 21:48:24.014
ProcessGuid: {f995aebf-d33f-6941-2f02-000000000e00}
ProcessId: 6848
Image: C:\Windows\System32\WindowsPowerShell\v1.0\powershell.EXE
TargetFilename: C:\AtomicRedTeam\tmp\atomic-red-team-master\atomics\T1218.011\src\akteullen.vbs
CreationUtcTime: 2025-12-16 21:48:24.014
User: runnervm8j6r3\runneradmin"
"12/16/2025 9:48:23 PM","11","File created:
RuleName: FileCreate
UtcTime: 2025-12-16 21:48:23.977
ProcessGuid: {f995aebf-d33f-6941-2f02-000000000e00}
ProcessId: 6848
Image: C:\Windows\System32\WindowsPowerShell\v1.0\powershell.EXE
TargetFilename: C:\AtomicRedTeam\tmp\atomic-red-team-master\atomics\T1218.008\src\odbcconf net.40\packages\DllExport.1.5.2\tools\uninstall.ps1
CreationUtcTime: 2025-12-16 21:48:23.975
User: runnervm8j6r3\runneradmin"
"12/16/2025 9:48:23 PM","11","File created:
RuleName: FileCreate
UtcTime: 2025-12-16 21:48:23.975
ProcessGuid: {f995aebf-d33f-6941-2f02-000000000e00}
ProcessId: 6848
Image: C:\Windows\System32\WindowsPowerShell\v1.0\powershell.EXE
TargetFilename: C:\AtomicRedTeam\tmp\atomic-red-team-master\atomics\T1218.008\src\odbcconf net.40\packages\DllExport.1.5.2\tools\powershell.bat
CreationUtcTime: 2025-12-16 21:48:23.975
User: runnervm8j6r3\runneradmin"
"12/16/2025 9:48:23 PM","11","File created:
RuleName: FileCreate
UtcTime: 2025-12-16 21:48:23.973
ProcessGuid: {f995aebf-d33f-6941-2f02-000000000e00}
ProcessId: 6848
Image: C:\Windows\System32\WindowsPowerShell\v1.0\powershell.EXE
TargetFilename: C:\AtomicRedTeam\tmp\atomic-red-team-master\atomics\T1218.008\src\odbcconf net.40\packages\DllExport.1.5.2\tools\nsbin.bat
CreationUtcTime: 2025-12-16 21:48:23.963
User: runnervm8j6r3\runneradmin"
"12/16/2025 9:48:23 PM","11","File created:
RuleName: FileCreate
UtcTime: 2025-12-16 21:48:23.957
ProcessGuid: {f995aebf-d33f-6941-2f02-000000000e00}
ProcessId: 6848
Image: C:\Windows\System32\WindowsPowerShell\v1.0\powershell.EXE
TargetFilename: C:\AtomicRedTeam\tmp\atomic-red-team-master\atomics\T1218.008\src\odbcconf net.40\packages\DllExport.1.5.2\tools\msbuild.bat
CreationUtcTime: 2025-12-16 21:48:23.957
User: runnervm8j6r3\runneradmin"
"12/16/2025 9:48:23 PM","11","File created:
RuleName: FileCreate
UtcTime: 2025-12-16 21:48:23.955
ProcessGuid: {f995aebf-d33f-6941-2f02-000000000e00}
ProcessId: 6848
Image: C:\Windows\System32\WindowsPowerShell\v1.0\powershell.EXE
TargetFilename: C:\AtomicRedTeam\tmp\atomic-red-team-master\atomics\T1218.008\src\odbcconf net.40\packages\DllExport.1.5.2\tools\install.ps1
CreationUtcTime: 2025-12-16 21:48:23.955
User: runnervm8j6r3\runneradmin"
"12/16/2025 9:48:23 PM","11","File created:
RuleName: FileCreate
UtcTime: 2025-12-16 21:48:23.953
ProcessGuid: {f995aebf-d33f-6941-2f02-000000000e00}
ProcessId: 6848
Image: C:\Windows\System32\WindowsPowerShell\v1.0\powershell.EXE
TargetFilename: C:\AtomicRedTeam\tmp\atomic-red-team-master\atomics\T1218.008\src\odbcconf net.40\packages\DllExport.1.5.2\tools\init.ps1
CreationUtcTime: 2025-12-16 21:48:23.953
User: runnervm8j6r3\runneradmin"
"12/16/2025 9:48:23 PM","11","File created:
RuleName: FileCreate
UtcTime: 2025-12-16 21:48:23.951
ProcessGuid: {f995aebf-d33f-6941-2f02-000000000e00}
ProcessId: 6848
Image: C:\Windows\System32\WindowsPowerShell\v1.0\powershell.EXE
TargetFilename: C:\AtomicRedTeam\tmp\atomic-red-team-master\atomics\T1218.008\src\odbcconf net.40\packages\DllExport.1.5.2\tools\gnt.bat
CreationUtcTime: 2025-12-16 21:48:23.951
User: runnervm8j6r3\runneradmin"
"12/16/2025 9:48:23 PM","11","File created:
RuleName: FileCreate
UtcTime: 2025-12-16 21:48:23.766
ProcessGuid: {f995aebf-d33f-6941-2f02-000000000e00}
ProcessId: 6848
Image: C:\Windows\System32\WindowsPowerShell\v1.0\powershell.EXE
TargetFilename: C:\AtomicRedTeam\tmp\atomic-red-team-master\atomics\T1218.008\src\odbcconf net.20\packages\UnmanagedExports.1.2.7\tools\uninstall.ps1
CreationUtcTime: 2025-12-16 21:48:23.766
User: runnervm8j6r3\runneradmin"
"12/16/2025 9:48:23 PM","11","File created:
RuleName: FileCreate
UtcTime: 2025-12-16 21:48:23.764
ProcessGuid: {f995aebf-d33f-6941-2f02-000000000e00}
ProcessId: 6848
Image: C:\Windows\System32\WindowsPowerShell\v1.0\powershell.EXE
TargetFilename: C:\AtomicRedTeam\tmp\atomic-red-team-master\atomics\T1218.008\src\odbcconf net.20\packages\UnmanagedExports.1.2.7\tools\install.ps1
CreationUtcTime: 2025-12-16 21:48:23.764
User: runnervm8j6r3\runneradmin"
"12/16/2025 9:48:23 PM","11","File created:
RuleName: FileCreate
UtcTime: 2025-12-16 21:48:23.764
ProcessGuid: {f995aebf-d33f-6941-2f02-000000000e00}
ProcessId: 6848
Image: C:\Windows\System32\WindowsPowerShell\v1.0\powershell.EXE
TargetFilename: C:\AtomicRedTeam\tmp\atomic-red-team-master\atomics\T1218.008\src\odbcconf net.20\packages\UnmanagedExports.1.2.7\tools\init.ps1
CreationUtcTime: 2025-12-16 21:48:23.764
User: runnervm8j6r3\runneradmin"
"12/16/2025 9:48:23 PM","11","File created:
RuleName: FileCreate
UtcTime: 2025-12-16 21:48:23.687
ProcessGuid: {f995aebf-d33f-6941-2f02-000000000e00}
ProcessId: 6848
Image: C:\Windows\System32\WindowsPowerShell\v1.0\powershell.EXE
TargetFilename: C:\AtomicRedTeam\tmp\atomic-red-team-master\atomics\T1218.005\src\powershell.ps1
CreationUtcTime: 2025-12-16 21:48:23.687
User: runnervm8j6r3\runneradmin"
"12/16/2025 9:48:23 PM","11","File created:
RuleName: FileCreate
UtcTime: 2025-12-16 21:48:23.679
ProcessGuid: {f995aebf-d33f-6941-2f02-000000000e00}
ProcessId: 6848
Image: C:\Windows\System32\WindowsPowerShell\v1.0\powershell.EXE
TargetFilename: C:\AtomicRedTeam\tmp\atomic-red-team-master\atomics\T1218.004\src\InstallUtilTestHarness.ps1
CreationUtcTime: 2025-12-16 21:48:23.679
User: runnervm8j6r3\runneradmin"
"12/16/2025 9:48:23 PM","11","File created:
RuleName: FileCreate
UtcTime: 2025-12-16 21:48:23.610
ProcessGuid: {f995aebf-d33f-6941-2f02-000000000e00}
ProcessId: 6848
Image: C:\Windows\System32\WindowsPowerShell\v1.0\powershell.EXE
TargetFilename: C:\AtomicRedTeam\tmp\atomic-red-team-master\atomics\T1204.002\src\click-fix.bat
CreationUtcTime: 2025-12-16 21:48:23.610
User: runnervm8j6r3\runneradmin"
"12/16/2025 9:48:23 PM","11","File created:
RuleName: FileCreate
UtcTime: 2025-12-16 21:48:23.606
ProcessGuid: {f995aebf-d33f-6941-2f02-000000000e00}
ProcessId: 6848
Image: C:\Windows\System32\WindowsPowerShell\v1.0\powershell.EXE
TargetFilename: C:\AtomicRedTeam\tmp\atomic-red-team-master\atomics\T1204.002\src\Invoke-MalDoc.ps1
CreationUtcTime: 2025-12-16 21:48:23.606
User: runnervm8j6r3\runneradmin"
"12/16/2025 9:48:23 PM","11","File created:
RuleName: FileCreate
UtcTime: 2025-12-16 21:48:23.568
ProcessGuid: {f995aebf-d33f-6941-2f02-000000000e00}
ProcessId: 6848
Image: C:\Windows\System32\WindowsPowerShell\v1.0\powershell.EXE
TargetFilename: C:\AtomicRedTeam\tmp\atomic-red-team-master\atomics\T1176\src\inline.js
CreationUtcTime: 2025-12-16 21:48:23.568
User: runnervm8j6r3\runneradmin"
"12/16/2025 9:48:23 PM","11","File created:
RuleName: FileCreate
UtcTime: 2025-12-16 21:48:23.447
ProcessGuid: {f995aebf-d33f-6941-2f02-000000000e00}
ProcessId: 6848
Image: C:\Windows\System32\WindowsPowerShell\v1.0\powershell.EXE
TargetFilename: C:\AtomicRedTeam\tmp\atomic-red-team-master\atomics\T1134.004\src\PPID-Spoof.ps1
CreationUtcTime: 2025-12-16 21:48:23.447
User: runnervm8j6r3\runneradmin"
"12/16/2025 9:48:23 PM","11","File created:
RuleName: FileCreate
UtcTime: 2025-12-16 21:48:23.437
ProcessGuid: {f995aebf-d33f-6941-2f02-000000000e00}
ProcessId: 6848
Image: C:\Windows\System32\WindowsPowerShell\v1.0\powershell.EXE
TargetFilename: C:\AtomicRedTeam\tmp\atomic-red-team-master\atomics\T1134.002\src\GetToken.ps1
CreationUtcTime: 2025-12-16 21:48:23.437
User: runnervm8j6r3\runneradmin"
"12/16/2025 9:48:23 PM","11","File created:
RuleName: FileCreate
UtcTime: 2025-12-16 21:48:23.403
ProcessGuid: {f995aebf-d33f-6941-2f02-000000000e00}
ProcessId: 6848
Image: C:\Windows\System32\WindowsPowerShell\v1.0\powershell.EXE
TargetFilename: C:\AtomicRedTeam\tmp\atomic-red-team-master\atomics\T1127\src\hello.js
CreationUtcTime: 2025-12-16 21:48:23.403
User: runnervm8j6r3\runneradmin"
"12/16/2025 9:48:23 PM","11","File created:
RuleName: FileCreate
UtcTime: 2025-12-16 21:48:23.403
ProcessGuid: {f995aebf-d33f-6941-2f02-000000000e00}
ProcessId: 6848
Image: C:\Windows\System32\WindowsPowerShell\v1.0\powershell.EXE
TargetFilename: C:\AtomicRedTeam\tmp\atomic-red-team-master\atomics\T1127\src\LibHello.js
CreationUtcTime: 2025-12-16 21:48:23.401
User: runnervm8j6r3\runneradmin"
"12/16/2025 9:48:23 PM","11","File created:
RuleName: FileCreate
UtcTime: 2025-12-16 21:48:23.000
ProcessGuid: {f995aebf-d33f-6941-2f02-000000000e00}
ProcessId: 6848
Image: C:\Windows\System32\WindowsPowerShell\v1.0\powershell.EXE
TargetFilename: C:\AtomicRedTeam\tmp\atomic-red-team-master\atomics\T1114.001\src\Get-Inbox.ps1
CreationUtcTime: 2025-12-16 21:48:22.998
User: runnervm8j6r3\runneradmin"
"12/16/2025 9:48:22 PM","11","File created:
RuleName: FileCreate
UtcTime: 2025-12-16 21:48:22.967
ProcessGuid: {f995aebf-d33f-6941-2f02-000000000e00}
ProcessId: 6848
Image: C:\Windows\System32\WindowsPowerShell\v1.0\powershell.EXE
TargetFilename: C:\AtomicRedTeam\tmp\atomic-red-team-master\atomics\T1110.003\src\parse_net_users.bat
CreationUtcTime: 2025-12-16 21:48:22.967
User: runnervm8j6r3\runneradmin"
"12/16/2025 9:48:22 PM","11","File created:
RuleName: FileCreate
UtcTime: 2025-12-16 21:48:22.897
ProcessGuid: {f995aebf-d33f-6941-2f02-000000000e00}
ProcessId: 6848
Image: C:\Windows\System32\WindowsPowerShell\v1.0\powershell.EXE
TargetFilename: C:\AtomicRedTeam\tmp\atomic-red-team-master\atomics\T1105\src\T1105.bat
CreationUtcTime: 2025-12-16 21:48:22.897
User: runnervm8j6r3\runneradmin"
"12/16/2025 9:48:22 PM","11","File created:
RuleName: FileCreate
UtcTime: 2025-12-16 21:48:22.895
ProcessGuid: {f995aebf-d33f-6941-2f02-000000000e00}
ProcessId: 6848
Image: C:\Windows\System32\WindowsPowerShell\v1.0\powershell.EXE
TargetFilename: C:\AtomicRedTeam\tmp\atomic-red-team-master\atomics\T1105\src\T1105-download-file.vbs
CreationUtcTime: 2025-12-16 21:48:22.895
User: runnervm8j6r3\runneradmin"
"12/16/2025 9:48:22 PM","11","File created:
RuleName: FileCreate
UtcTime: 2025-12-16 21:48:22.825
ProcessGuid: {f995aebf-d33f-6941-2f02-000000000e00}
ProcessId: 6848
Image: C:\Windows\System32\WindowsPowerShell\v1.0\powershell.EXE
TargetFilename: C:\AtomicRedTeam\tmp\atomic-red-team-master\atomics\T1090.003\src\Psiphon.bat
CreationUtcTime: 2025-12-16 21:48:22.825
User: runnervm8j6r3\runneradmin"
"12/16/2025 9:48:22 PM","11","File created:
RuleName: FileCreate
UtcTime: 2025-12-16 21:48:22.778
ProcessGuid: {f995aebf-d33f-6941-2f02-000000000e00}
ProcessId: 6848
Image: C:\Windows\System32\WindowsPowerShell\v1.0\powershell.EXE
TargetFilename: C:\AtomicRedTeam\tmp\atomic-red-team-master\atomics\T1082\src\griffon_recon.vbs
CreationUtcTime: 2025-12-16 21:48:22.776
User: runnervm8j6r3\runneradmin"
"12/16/2025 9:48:22 PM","11","File created:
RuleName: FileCreate
UtcTime: 2025-12-16 21:48:22.744
ProcessGuid: {f995aebf-d33f-6941-2f02-000000000e00}
ProcessId: 6848
Image: C:\Windows\System32\WindowsPowerShell\v1.0\powershell.EXE
TargetFilename: C:\AtomicRedTeam\tmp\atomic-red-team-master\atomics\T1074.001\src\Discovery.bat
CreationUtcTime: 2025-12-16 21:48:22.744
User: runnervm8j6r3\runneradmin"
"12/16/2025 9:48:22 PM","11","File created:
RuleName: FileCreate
UtcTime: 2025-12-16 21:48:22.643
ProcessGuid: {f995aebf-d33f-6941-2f02-000000000e00}
ProcessId: 6848
Image: C:\Windows\System32\WindowsPowerShell\v1.0\powershell.EXE
TargetFilename: C:\AtomicRedTeam\tmp\atomic-red-team-master\atomics\T1071.004\src\T1071-dns-domain-length.ps1
CreationUtcTime: 2025-12-16 21:48:22.643
User: runnervm8j6r3\runneradmin"
"12/16/2025 9:48:22 PM","11","File created:
RuleName: FileCreate
UtcTime: 2025-12-16 21:48:22.641
ProcessGuid: {f995aebf-d33f-6941-2f02-000000000e00}
ProcessId: 6848
Image: C:\Windows\System32\WindowsPowerShell\v1.0\powershell.EXE
TargetFilename: C:\AtomicRedTeam\tmp\atomic-red-team-master\atomics\T1071.004\src\T1071-dns-beacon.ps1
CreationUtcTime: 2025-12-16 21:48:22.641
User: runnervm8j6r3\runneradmin"
"12/16/2025 9:48:22 PM","11","File created:
RuleName: FileCreate
UtcTime: 2025-12-16 21:48:22.572
ProcessGuid: {f995aebf-d33f-6941-2f02-000000000e00}
ProcessId: 6848
Image: C:\Windows\System32\WindowsPowerShell\v1.0\powershell.EXE
TargetFilename: C:\AtomicRedTeam\tmp\atomic-red-team-master\atomics\T1059.007\src\sys_info.js
CreationUtcTime: 2025-12-16 21:48:22.572
User: runnervm8j6r3\runneradmin"
"12/16/2025 9:48:22 PM","11","File created:
RuleName: FileCreate
UtcTime: 2025-12-16 21:48:22.560
ProcessGuid: {f995aebf-d33f-6941-2f02-000000000e00}
ProcessId: 6848
Image: C:\Windows\System32\WindowsPowerShell\v1.0\powershell.EXE
TargetFilename: C:\AtomicRedTeam\tmp\atomic-red-team-master\atomics\T1059.005\src\sys_info.vbs
CreationUtcTime: 2025-12-16 21:48:22.560
User: runnervm8j6r3\runneradmin"
"12/16/2025 9:48:22 PM","11","File created:
RuleName: FileCreate
UtcTime: 2025-12-16 21:48:22.526
ProcessGuid: {f995aebf-d33f-6941-2f02-000000000e00}
ProcessId: 6848
Image: C:\Windows\System32\WindowsPowerShell\v1.0\powershell.EXE
TargetFilename: C:\AtomicRedTeam\tmp\atomic-red-team-master\atomics\T1059.001\src\test.ps1
CreationUtcTime: 2025-12-16 21:48:22.526
User: runnervm8j6r3\runneradmin"
"12/16/2025 9:48:22 PM","11","File created:
RuleName: FileCreate
UtcTime: 2025-12-16 21:48:22.522
ProcessGuid: {f995aebf-d33f-6941-2f02-000000000e00}
ProcessId: 6848
Image: C:\Windows\System32\WindowsPowerShell\v1.0\powershell.EXE
TargetFilename: C:\AtomicRedTeam\tmp\atomic-red-team-master\atomics\T1059.001\src\Invoke-DownloadCradle.ps1
CreationUtcTime: 2025-12-16 21:48:22.522
User: runnervm8j6r3\runneradmin"
"12/16/2025 9:48:22 PM","11","File created:
RuleName: FileCreate
UtcTime: 2025-12-16 21:48:22.471
ProcessGuid: {f995aebf-d33f-6941-2f02-000000000e00}
ProcessId: 6848
Image: C:\Windows\System32\WindowsPowerShell\v1.0\powershell.EXE
TargetFilename: C:\AtomicRedTeam\tmp\atomic-red-team-master\atomics\T1056.001\src\Get-Keystrokes.ps1
CreationUtcTime: 2025-12-16 21:48:22.471
User: runnervm8j6r3\runneradmin"
"12/16/2025 9:48:22 PM","11","File created:
RuleName: FileCreate
UtcTime: 2025-12-16 21:48:22.457
ProcessGuid: {f995aebf-d33f-6941-2f02-000000000e00}
ProcessId: 6848
Image: C:\Windows\System32\WindowsPowerShell\v1.0\powershell.EXE
TargetFilename: C:\AtomicRedTeam\tmp\atomic-red-team-master\atomics\T1055\src\x64\RedVanity\build.bat
CreationUtcTime: 2025-12-16 21:48:22.457
User: runnervm8j6r3\runneradmin"
"12/16/2025 9:48:22 PM","11","File created:
RuleName: FileCreate
UtcTime: 2025-12-16 21:48:22.451
ProcessGuid: {f995aebf-d33f-6941-2f02-000000000e00}
ProcessId: 6848
Image: C:\Windows\System32\WindowsPowerShell\v1.0\powershell.EXE
TargetFilename: C:\AtomicRedTeam\tmp\atomic-red-team-master\atomics\T1055\src\x64\RWXInjection\build.bat
CreationUtcTime: 2025-12-16 21:48:22.451
User: runnervm8j6r3\runneradmin"
"12/16/2025 9:48:22 PM","11","File created:
RuleName: FileCreate
UtcTime: 2025-12-16 21:48:22.449
ProcessGuid: {f995aebf-d33f-6941-2f02-000000000e00}
ProcessId: 6848
Image: C:\Windows\System32\WindowsPowerShell\v1.0\powershell.EXE
TargetFilename: C:\AtomicRedTeam\tmp\atomic-red-team-master\atomics\T1055\src\x64\InjectView\build.bat
CreationUtcTime: 2025-12-16 21:48:22.449
User: runnervm8j6r3\runneradmin"
"12/16/2025 9:48:22 PM","11","File created:
RuleName: FileCreate
UtcTime: 2025-12-16 21:48:22.187
ProcessGuid: {f995aebf-d33f-6941-2f02-000000000e00}
ProcessId: 6848
Image: C:\Windows\System32\WindowsPowerShell\v1.0\powershell.EXE
TargetFilename: C:\AtomicRedTeam\tmp\atomic-red-team-master\atomics\T1055.015\src\build.bat
CreationUtcTime: 2025-12-16 21:48:22.187
User: runnervm8j6r3\runneradmin"
"12/16/2025 9:48:22 PM","11","File created:
RuleName: FileCreate
UtcTime: 2025-12-16 21:48:22.156
ProcessGuid: {f995aebf-d33f-6941-2f02-000000000e00}
ProcessId: 6848
Image: C:\Windows\System32\WindowsPowerShell\v1.0\powershell.EXE
TargetFilename: C:\AtomicRedTeam\tmp\atomic-red-team-master\atomics\T1055.012\src\Start-Hollow.ps1
CreationUtcTime: 2025-12-16 21:48:22.156
User: runnervm8j6r3\runneradmin"
"12/16/2025 9:48:22 PM","11","File created:
RuleName: FileCreate
UtcTime: 2025-12-16 21:48:22.094
ProcessGuid: {f995aebf-d33f-6941-2f02-000000000e00}
ProcessId: 6848
Image: C:\Windows\System32\WindowsPowerShell\v1.0\powershell.EXE
TargetFilename: C:\AtomicRedTeam\tmp\atomic-red-team-master\atomics\T1055.011\src\vsdevcmd_x86.bat
CreationUtcTime: 2025-12-16 21:48:22.093
User: runnervm8j6r3\runneradmin"
"12/16/2025 9:48:22 PM","11","File created:
RuleName: FileCreate
UtcTime: 2025-12-16 21:48:22.093
ProcessGuid: {f995aebf-d33f-6941-2f02-000000000e00}
ProcessId: 6848
Image: C:\Windows\System32\WindowsPowerShell\v1.0\powershell.EXE
TargetFilename: C:\AtomicRedTeam\tmp\atomic-red-team-master\atomics\T1055.011\src\vsdevcmd_x64.bat
CreationUtcTime: 2025-12-16 21:48:22.092
User: runnervm8j6r3\runneradmin"
"12/16/2025 9:48:22 PM","11","File created:
RuleName: FileCreate
UtcTime: 2025-12-16 21:48:22.069
ProcessGuid: {f995aebf-d33f-6941-2f02-000000000e00}
ProcessId: 6848
Image: C:\Windows\System32\WindowsPowerShell\v1.0\powershell.EXE
TargetFilename: C:\AtomicRedTeam\tmp\atomic-red-team-master\atomics\T1055.011\src\build_x86.bat
CreationUtcTime: 2025-12-16 21:48:22.069
User: runnervm8j6r3\runneradmin"
"12/16/2025 9:48:22 PM","11","File created:
RuleName: FileCreate
UtcTime: 2025-12-16 21:48:22.067
ProcessGuid: {f995aebf-d33f-6941-2f02-000000000e00}
ProcessId: 6848
Image: C:\Windows\System32\WindowsPowerShell\v1.0\powershell.EXE
TargetFilename: C:\AtomicRedTeam\tmp\atomic-red-team-master\atomics\T1055.011\src\build_x64.bat
CreationUtcTime: 2025-12-16 21:48:22.067
User: runnervm8j6r3\runneradmin"
"12/16/2025 9:48:21 PM","11","File created:
RuleName: FileCreate
UtcTime: 2025-12-16 21:48:21.648
ProcessGuid: {f995aebf-d33f-6941-2f02-000000000e00}
ProcessId: 6848
Image: C:\Windows\System32\WindowsPowerShell\v1.0\powershell.EXE
TargetFilename: C:\AtomicRedTeam\tmp\atomic-red-team-master\atomics\T1055.003\src\build.bat
CreationUtcTime: 2025-12-16 21:48:21.648
User: runnervm8j6r3\runneradmin"
"12/16/2025 9:48:21 PM","11","File created:
RuleName: FileCreate
UtcTime: 2025-12-16 21:48:21.638
ProcessGuid: {f995aebf-d33f-6941-2f02-000000000e00}
ProcessId: 6848
Image: C:\Windows\System32\WindowsPowerShell\v1.0\powershell.EXE
TargetFilename: C:\AtomicRedTeam\tmp\atomic-red-team-master\atomics\T1055.002\src\build.bat
CreationUtcTime: 2025-12-16 21:48:21.638
User: runnervm8j6r3\runneradmin"
"12/16/2025 9:48:21 PM","11","File created:
RuleName: FileCreate
UtcTime: 2025-12-16 21:48:21.494
ProcessGuid: {f995aebf-d33f-6941-2f02-000000000e00}
ProcessId: 6848
Image: C:\Windows\System32\WindowsPowerShell\v1.0\powershell.EXE
TargetFilename: C:\AtomicRedTeam\tmp\atomic-red-team-master\atomics\T1036.007\src\T1036.007_masquerading.vbs
CreationUtcTime: 2025-12-16 21:48:21.493
User: runnervm8j6r3\runneradmin"
"12/16/2025 9:48:21 PM","11","File created:
RuleName: FileCreate
UtcTime: 2025-12-16 21:48:21.492
ProcessGuid: {f995aebf-d33f-6941-2f02-000000000e00}
ProcessId: 6848
Image: C:\Windows\System32\WindowsPowerShell\v1.0\powershell.EXE
TargetFilename: C:\AtomicRedTeam\tmp\atomic-red-team-master\atomics\T1036.007\src\T1036.007_masquerading.ps1
CreationUtcTime: 2025-12-16 21:48:21.492
User: runnervm8j6r3\runneradmin"
"12/16/2025 9:48:21 PM","11","File created:
RuleName: FileCreate
UtcTime: 2025-12-16 21:48:21.469
ProcessGuid: {f995aebf-d33f-6941-2f02-000000000e00}
ProcessId: 6848
Image: C:\Windows\System32\WindowsPowerShell\v1.0\powershell.EXE
TargetFilename: C:\AtomicRedTeam\tmp\atomic-red-team-master\atomics\T1036.003\src\T1036.003_test.bat
CreationUtcTime: 2025-12-16 21:48:21.469
User: runnervm8j6r3\runneradmin"
"12/16/2025 9:48:21 PM","11","File created:
RuleName: FileCreate
UtcTime: 2025-12-16 21:48:21.467
ProcessGuid: {f995aebf-d33f-6941-2f02-000000000e00}
ProcessId: 6848
Image: C:\Windows\System32\WindowsPowerShell\v1.0\powershell.EXE
TargetFilename: C:\AtomicRedTeam\tmp\atomic-red-team-master\atomics\T1036.003\src\T1036.003_masquerading.vbs
CreationUtcTime: 2025-12-16 21:48:21.467
User: runnervm8j6r3\runneradmin"
"12/16/2025 9:48:21 PM","11","File created:
RuleName: FileCreate
UtcTime: 2025-12-16 21:48:21.432
ProcessGuid: {f995aebf-d33f-6941-2f02-000000000e00}
ProcessId: 6848
Image: C:\Windows\System32\WindowsPowerShell\v1.0\powershell.EXE
TargetFilename: C:\AtomicRedTeam\tmp\atomic-red-team-master\atomics\T1027.007\src\build.bat
CreationUtcTime: 2025-12-16 21:48:21.432
User: runnervm8j6r3\runneradmin"
"12/16/2025 9:48:21 PM","11","File created:
RuleName: FileCreate
UtcTime: 2025-12-16 21:48:21.319
ProcessGuid: {f995aebf-d33f-6941-2f02-000000000e00}
ProcessId: 6848
Image: C:\Windows\System32\WindowsPowerShell\v1.0\powershell.EXE
TargetFilename: C:\AtomicRedTeam\tmp\atomic-red-team-master\atomics\T1016\src\qakbot.bat
CreationUtcTime: 2025-12-16 21:48:21.319
User: runnervm8j6r3\runneradmin"
"12/16/2025 9:48:21 PM","11","File created:
RuleName: FileCreate
UtcTime: 2025-12-16 21:48:21.233
ProcessGuid: {f995aebf-d33f-6941-2f02-000000000e00}
ProcessId: 6848
Image: C:\Windows\System32\WindowsPowerShell\v1.0\powershell.EXE
TargetFilename: C:\AtomicRedTeam\tmp\atomic-red-team-master\atomics\T1003.001\src\Out-Minidump.ps1
CreationUtcTime: 2025-12-16 21:48:21.233
User: runnervm8j6r3\runneradmin"
"12/16/2025 9:48:20 PM","11","File created:
RuleName: FileCreate
UtcTime: 2025-12-16 21:48:20.065
ProcessGuid: {f995aebf-d33f-6941-2f02-000000000e00}
ProcessId: 6848
Image: C:\Windows\System32\WindowsPowerShell\v1.0\powershell.EXE
TargetFilename: C:\AtomicRedTeam\tmp\atomic-red-team-master\.devcontainer\setup.ps1
CreationUtcTime: 2025-12-16 21:48:20.065
User: runnervm8j6r3\runneradmin"
"12/16/2025 9:48:11 PM","3","Network connection detected:
RuleName: NetworkConnect
UtcTime: 2025-12-16 21:48:09.733
ProcessGuid: {f995aebf-d33f-6941-2f02-000000000e00}
ProcessId: 6848
Image: C:\Windows\System32\WindowsPowerShell\v1.0\powershell.exe
User: runnervm8j6r3\runneradmin
Protocol: tcp
Initiated: true
SourceIsIpv6: false
SourceIp: 10.1.0.13
SourceHostname: runnervm8j6r3.nkh3l3iddl5u3jzyxkyk0o0cjc.ex.internal.cloudapp.net
SourcePort: 52520
SourcePortName: -
DestinationIsIpv6: false
DestinationIp: 140.82.112.4
DestinationHostname: lb-140-82-112-4-iad.github.com
DestinationPort: 443
DestinationPortName: https"
"12/16/2025 9:48:09 PM","23","File Delete archived:
RuleName: FileDelete
UtcTime: 2025-12-16 21:48:09.246
ProcessGuid: {f995aebf-d33f-6941-2f02-000000000e00}
ProcessId: 6848
User: runnervm8j6r3\runneradmin
Image: C:\Windows\System32\WindowsPowerShell\v1.0\powershell.EXE
TargetFilename: C:\Users\runneradmin\AppData\Local\Temp\9000415\powershell-yaml.0.4.12\build.ps1
Hashes: SHA256=1B239ED96F566421B9AD8B49EF36B2586D3DAD41D4555397B539C4691B729124
IsExecutable: false
Archived: true"
"12/16/2025 9:48:09 PM","23","File Delete archived:
RuleName: FileDelete
UtcTime: 2025-12-16 21:48:09.246
ProcessGuid: {f995aebf-d33f-6941-2f02-000000000e00}
ProcessId: 6848
User: runnervm8j6r3\runneradmin
Image: C:\Windows\System32\WindowsPowerShell\v1.0\powershell.EXE
TargetFilename: C:\Users\runneradmin\AppData\Local\Temp\9000415\powershell-yaml.0.4.12\Tests\powershell-yaml.Tests.ps1
Hashes: SHA256=29602F1E025EA0986C5286718E4E5F090F3B813BFD81A7876AEFAFCF943DEABD
IsExecutable: false
Archived: true"
"12/16/2025 9:48:09 PM","23","File Delete archived:
RuleName: FileDelete
UtcTime: 2025-12-16 21:48:09.243
ProcessGuid: {f995aebf-d33f-6941-2f02-000000000e00}
ProcessId: 6848
User: runnervm8j6r3\runneradmin
Image: C:\Windows\System32\WindowsPowerShell\v1.0\powershell.EXE
TargetFilename: C:\Users\runneradmin\AppData\Local\Temp\9000415\powershell-yaml.0.4.12\lib\netstandard2.1\YamlDotNet.dll
Hashes: SHA256=D7543A03A69F14CA1E302AA2BBB09777200B72E0C6DB0D0EB7614593F5C33E0F
IsExecutable: true
Archived: true"
"12/16/2025 9:48:09 PM","23","File Delete archived:
RuleName: FileDelete
UtcTime: 2025-12-16 21:48:09.242
ProcessGuid: {f995aebf-d33f-6941-2f02-000000000e00}
ProcessId: 6848
User: runnervm8j6r3\runneradmin
Image: C:\Windows\System32\WindowsPowerShell\v1.0\powershell.EXE
TargetFilename: C:\Users\runneradmin\AppData\Local\Temp\9000415\powershell-yaml.0.4.12\lib\netstandard2.1\PowerShellYamlSerializer.dll
Hashes: SHA256=C9193F2FB5AFA40AF61D908589FDD0929AB58472BE215FC2AFB692194D53210D
IsExecutable: true
Archived: true"
"12/16/2025 9:48:09 PM","23","File Delete archived:
RuleName: FileDelete
UtcTime: 2025-12-16 21:48:09.240
ProcessGuid: {f995aebf-d33f-6941-2f02-000000000e00}
ProcessId: 6848
User: runnervm8j6r3\runneradmin
Image: C:\Windows\System32\WindowsPowerShell\v1.0\powershell.EXE
TargetFilename: C:\Users\runneradmin\AppData\Local\Temp\9000415\powershell-yaml.0.4.12\lib\net47\YamlDotNet.dll
Hashes: SHA256=D35C770D92632BD94BBA4203DB05EEE5EBCE6E6EA6D92E7EBE8997A942B5321C
IsExecutable: true
Archived: true"
"12/16/2025 9:48:09 PM","23","File Delete archived:
RuleName: FileDelete
UtcTime: 2025-12-16 21:48:09.238
ProcessGuid: {f995aebf-d33f-6941-2f02-000000000e00}
ProcessId: 6848
User: runnervm8j6r3\runneradmin
Image: C:\Windows\System32\WindowsPowerShell\v1.0\powershell.EXE
TargetFilename: C:\Users\runneradmin\AppData\Local\Temp\9000415\powershell-yaml.0.4.12\lib\net47\PowerShellYamlSerializer.dll
Hashes: SHA256=A5BDD33675629CA88CF05CD08150A19A69BC20B21CBE1D1E5E55FE63A332062A
IsExecutable: true
Archived: true"
"12/16/2025 9:48:09 PM","11","File created:
RuleName: FileCreate
UtcTime: 2025-12-16 21:48:09.172
ProcessGuid: {f995aebf-d33f-6941-2f02-000000000e00}
ProcessId: 6848
Image: C:\Windows\System32\WindowsPowerShell\v1.0\powershell.EXE
TargetFilename: C:\Users\runneradmin\Documents\WindowsPowerShell\Modules\powershell-yaml\0.4.12\build.ps1
CreationUtcTime: 2025-12-16 21:48:09.172
User: runnervm8j6r3\runneradmin"
"12/16/2025 9:48:09 PM","11","File created:
RuleName: FileCreate
UtcTime: 2025-12-16 21:48:09.172
ProcessGuid: {f995aebf-d33f-6941-2f02-000000000e00}
ProcessId: 6848
Image: C:\Windows\System32\WindowsPowerShell\v1.0\powershell.EXE
TargetFilename: C:\Users\runneradmin\Documents\WindowsPowerShell\Modules\powershell-yaml\0.4.12\Tests\powershell-yaml.Tests.ps1
CreationUtcTime: 2025-12-16 21:48:09.172
User: runnervm8j6r3\runneradmin"
"12/16/2025 9:48:09 PM","11","File created:
RuleName: FileCreate
UtcTime: 2025-12-16 21:48:09.168
ProcessGuid: {f995aebf-d33f-6941-2f02-000000000e00}
ProcessId: 6848
Image: C:\Windows\System32\WindowsPowerShell\v1.0\powershell.EXE
TargetFilename: C:\Users\runneradmin\Documents\WindowsPowerShell\Modules\powershell-yaml\0.4.12\lib\netstandard2.1\YamlDotNet.dll
CreationUtcTime: 2025-12-16 21:48:09.166
User: runnervm8j6r3\runneradmin"
"12/16/2025 9:48:09 PM","11","File created:
RuleName: FileCreate
UtcTime: 2025-12-16 21:48:09.166
ProcessGuid: {f995aebf-d33f-6941-2f02-000000000e00}
ProcessId: 6848
Image: C:\Windows\System32\WindowsPowerShell\v1.0\powershell.EXE
TargetFilename: C:\Users\runneradmin\Documents\WindowsPowerShell\Modules\powershell-yaml\0.4.12\lib\netstandard2.1\PowerShellYamlSerializer.dll
CreationUtcTime: 2025-12-16 21:48:09.166
User: runnervm8j6r3\runneradmin"
"12/16/2025 9:48:09 PM","11","File created:
RuleName: FileCreate
UtcTime: 2025-12-16 21:48:09.160
ProcessGuid: {f995aebf-d33f-6941-2f02-000000000e00}
ProcessId: 6848
Image: C:\Windows\System32\WindowsPowerShell\v1.0\powershell.EXE
TargetFilename: C:\Users\runneradmin\Documents\WindowsPowerShell\Modules\powershell-yaml\0.4.12\lib\net47\YamlDotNet.dll
CreationUtcTime: 2025-12-16 21:48:09.160
User: runnervm8j6r3\runneradmin"
"12/16/2025 9:48:09 PM","11","File created:
RuleName: FileCreate
UtcTime: 2025-12-16 21:48:09.160
ProcessGuid: {f995aebf-d33f-6941-2f02-000000000e00}
ProcessId: 6848
Image: C:\Windows\System32\WindowsPowerShell\v1.0\powershell.EXE
TargetFilename: C:\Users\runneradmin\Documents\WindowsPowerShell\Modules\powershell-yaml\0.4.12\lib\net47\PowerShellYamlSerializer.dll
CreationUtcTime: 2025-12-16 21:48:09.160
User: runnervm8j6r3\runneradmin"
"12/16/2025 9:48:08 PM","23","File Delete archived:
RuleName: FileDelete
UtcTime: 2025-12-16 21:48:08.192
ProcessGuid: {f995aebf-d33f-6941-2f02-000000000e00}
ProcessId: 6848
User: runnervm8j6r3\runneradmin
Image: C:\Windows\System32\WindowsPowerShell\v1.0\powershell.EXE
TargetFilename: C:\Users\runneradmin\AppData\Local\Temp\__PSScriptPolicyTest_i4klm2wr.2g2.ps1
Hashes: SHA256=96AD1146EB96877EAB5942AE0736B82D8B5E2039A80D3D6932665C1A4C87DCF7
IsExecutable: false
Archived: true"
"12/16/2025 9:48:08 PM","11","File created:
RuleName: FileCreate
UtcTime: 2025-12-16 21:48:08.186
ProcessGuid: {f995aebf-d33f-6941-2f02-000000000e00}
ProcessId: 6848
Image: C:\Windows\System32\WindowsPowerShell\v1.0\powershell.EXE
TargetFilename: C:\Users\runneradmin\AppData\Local\Temp\__PSScriptPolicyTest_i4klm2wr.2g2.ps1
CreationUtcTime: 2025-12-16 21:48:08.186
User: runnervm8j6r3\runneradmin"
"12/16/2025 9:48:07 PM","23","File Delete archived:
RuleName: FileDelete
UtcTime: 2025-12-16 21:48:07.784
ProcessGuid: {f995aebf-d33f-6941-2f02-000000000e00}
ProcessId: 6848
User: runnervm8j6r3\runneradmin
Image: C:\Windows\System32\WindowsPowerShell\v1.0\powershell.EXE
TargetFilename: C:\Users\runneradmin\AppData\Local\Temp\__PSScriptPolicyTest_5rfmecan.4sf.ps1
Hashes: SHA256=96AD1146EB96877EAB5942AE0736B82D8B5E2039A80D3D6932665C1A4C87DCF7
IsExecutable: false
Archived: true"
