"12/16/2025 9:49:15 PM","12","Registry object added or deleted:
RuleName: RegistryEvent
EventType: CreateKey
UtcTime: 2025-12-16 21:49:15.009
ProcessGuid: {f995aebf-d3da-6941-a602-000000000e00}
ProcessId: 6488
Image: C:\Windows\System32\WindowsPowerShell\v1.0\powershell.EXE
TargetObject: HKU\S-1-5-21-3430515368-916141482-256631409-500\SOFTWARE\Policies\Microsoft\SystemCertificates\TrustedPeople\CRLs
User: runnervm8j6r3\runneradmin"
"12/16/2025 9:49:15 PM","12","Registry object added or deleted:
RuleName: RegistryEvent
EventType: CreateKey
UtcTime: 2025-12-16 21:49:15.009
ProcessGuid: {f995aebf-d3da-6941-a602-000000000e00}
ProcessId: 6488
Image: C:\Windows\System32\WindowsPowerShell\v1.0\powershell.EXE
TargetObject: HKU\S-1-5-21-3430515368-916141482-256631409-500\SOFTWARE\Policies\Microsoft\SystemCertificates\TrustedPeople\Certificates
User: runnervm8j6r3\runneradmin"
"12/16/2025 9:49:15 PM","12","Registry object added or deleted:
RuleName: RegistryEvent
EventType: CreateKey
UtcTime: 2025-12-16 21:49:15.009
ProcessGuid: {f995aebf-d3da-6941-a602-000000000e00}
ProcessId: 6488
Image: C:\Windows\System32\WindowsPowerShell\v1.0\powershell.EXE
TargetObject: HKU\S-1-5-21-3430515368-916141482-256631409-500\SOFTWARE\Policies\Microsoft\SystemCertificates\TrustedPeople
User: runnervm8j6r3\runneradmin"
"12/16/2025 9:49:15 PM","12","Registry object added or deleted:
RuleName: RegistryEvent
EventType: CreateKey
UtcTime: 2025-12-16 21:49:15.007
ProcessGuid: {f995aebf-d3da-6941-a602-000000000e00}
ProcessId: 6488
Image: C:\Windows\System32\WindowsPowerShell\v1.0\powershell.EXE
TargetObject: HKLM\SOFTWARE\Policies\Microsoft\SystemCertificates\Root\CTLs
User: runnervm8j6r3\runneradmin"
"12/16/2025 9:49:15 PM","12","Registry object added or deleted:
RuleName: RegistryEvent
EventType: CreateKey
UtcTime: 2025-12-16 21:49:15.007
ProcessGuid: {f995aebf-d3da-6941-a602-000000000e00}
ProcessId: 6488
Image: C:\Windows\System32\WindowsPowerShell\v1.0\powershell.EXE
TargetObject: HKLM\SOFTWARE\Policies\Microsoft\SystemCertificates\Root\CRLs
User: runnervm8j6r3\runneradmin"
"12/16/2025 9:49:15 PM","12","Registry object added or deleted:
RuleName: RegistryEvent
EventType: CreateKey
UtcTime: 2025-12-16 21:49:15.005
ProcessGuid: {f995aebf-d3da-6941-a602-000000000e00}
ProcessId: 6488
Image: C:\Windows\System32\WindowsPowerShell\v1.0\powershell.EXE
TargetObject: HKLM\SOFTWARE\Policies\Microsoft\SystemCertificates\Root\Certificates
User: runnervm8j6r3\runneradmin"
"12/16/2025 9:49:15 PM","12","Registry object added or deleted:
RuleName: RegistryEvent
EventType: CreateKey
UtcTime: 2025-12-16 21:49:15.005
ProcessGuid: {f995aebf-d3da-6941-a602-000000000e00}
ProcessId: 6488
Image: C:\Windows\System32\WindowsPowerShell\v1.0\powershell.EXE
TargetObject: HKLM\SOFTWARE\Policies\Microsoft\SystemCertificates\Root
User: runnervm8j6r3\runneradmin"
"12/16/2025 9:49:15 PM","23","File Delete archived:
RuleName: FileDelete
UtcTime: 2025-12-16 21:49:15.005
ProcessGuid: {f995aebf-d3da-6941-a602-000000000e00}
ProcessId: 6488
User: runnervm8j6r3\runneradmin
Image: C:\Windows\System32\WindowsPowerShell\v1.0\powershell.EXE
TargetFilename: C:\Users\runneradmin\AppData\Local\Temp\__PSScriptPolicyTest_jac451jj.lsj.ps1
Hashes: SHA256=96AD1146EB96877EAB5942AE0736B82D8B5E2039A80D3D6932665C1A4C87DCF7
IsExecutable: false
Archived: true"
"12/16/2025 9:49:14 PM","7","Image loaded:
RuleName: ImageLoad
UtcTime: 2025-12-16 21:49:14.983
ProcessGuid: {f995aebf-d3da-6941-a602-000000000e00}
ProcessId: 6488
Image: C:\Windows\System32\WindowsPowerShell\v1.0\powershell.exe
ImageLoaded: C:\ProgramData\Microsoft\Windows Defender\Platform\4.18.25110.5-0\MpOAV.dll
FileVersion: 4.18.25110.5 (4a6978a838df7287d907bb2ee8a2eeb2373b186e)
Description: IOfficeAntiVirus Module
Product: Microsoft? Windows? Operating System
Company: Microsoft Corporation
OriginalFileName: MpOAV.dll
Hashes: SHA256=0EF8AE9CC8E3722C0AE09B55531BBA2F2A3422CCF4A1BB9B37ABDB4808AAC232
Signed: true
Signature: Microsoft Windows
SignatureStatus: Valid
User: runnervm8j6r3\runneradmin"
"12/16/2025 9:49:14 PM","11","File created:
RuleName: FileCreate
UtcTime: 2025-12-16 21:49:14.981
ProcessGuid: {f995aebf-d3da-6941-a602-000000000e00}
ProcessId: 6488
Image: C:\Windows\System32\WindowsPowerShell\v1.0\powershell.EXE
TargetFilename: C:\Users\runneradmin\AppData\Local\Temp\__PSScriptPolicyTest_jac451jj.lsj.ps1
CreationUtcTime: 2025-12-16 21:49:14.981
User: runnervm8j6r3\runneradmin"
"12/16/2025 9:49:14 PM","12","Registry object added or deleted:
RuleName: RegistryEvent
EventType: CreateKey
UtcTime: 2025-12-16 21:49:14.965
ProcessGuid: {f995aebf-d3da-6941-a602-000000000e00}
ProcessId: 6488
Image: C:\Windows\System32\WindowsPowerShell\v1.0\powershell.EXE
TargetObject: HKLM\SOFTWARE\Policies\Microsoft\SystemCertificates\Disallowed\CTLs
User: runnervm8j6r3\runneradmin"
"12/16/2025 9:49:14 PM","12","Registry object added or deleted:
RuleName: RegistryEvent
EventType: CreateKey
UtcTime: 2025-12-16 21:49:14.965
ProcessGuid: {f995aebf-d3da-6941-a602-000000000e00}
ProcessId: 6488
Image: C:\Windows\System32\WindowsPowerShell\v1.0\powershell.EXE
TargetObject: HKLM\SOFTWARE\Policies\Microsoft\SystemCertificates\Disallowed\CRLs
User: runnervm8j6r3\runneradmin"
"12/16/2025 9:49:14 PM","12","Registry object added or deleted:
RuleName: RegistryEvent
EventType: CreateKey
UtcTime: 2025-12-16 21:49:14.965
ProcessGuid: {f995aebf-d3da-6941-a602-000000000e00}
ProcessId: 6488
Image: C:\Windows\System32\WindowsPowerShell\v1.0\powershell.EXE
TargetObject: HKLM\SOFTWARE\Policies\Microsoft\SystemCertificates\Disallowed\Certificates
User: runnervm8j6r3\runneradmin"
"12/16/2025 9:49:14 PM","12","Registry object added or deleted:
RuleName: RegistryEvent
EventType: CreateKey
UtcTime: 2025-12-16 21:49:14.965
ProcessGuid: {f995aebf-d3da-6941-a602-000000000e00}
ProcessId: 6488
Image: C:\Windows\System32\WindowsPowerShell\v1.0\powershell.EXE
TargetObject: HKLM\SOFTWARE\Policies\Microsoft\SystemCertificates\Disallowed
User: runnervm8j6r3\runneradmin"
"12/16/2025 9:49:14 PM","12","Registry object added or deleted:
RuleName: RegistryEvent
EventType: CreateKey
UtcTime: 2025-12-16 21:49:14.965
ProcessGuid: {f995aebf-d3da-6941-a602-000000000e00}
ProcessId: 6488
Image: C:\Windows\System32\WindowsPowerShell\v1.0\powershell.EXE
TargetObject: HKU\S-1-5-21-3430515368-916141482-256631409-500\SOFTWARE\Policies\Microsoft\SystemCertificates\Disallowed\CTLs
User: runnervm8j6r3\runneradmin"
"12/16/2025 9:49:14 PM","12","Registry object added or deleted:
RuleName: RegistryEvent
EventType: CreateKey
UtcTime: 2025-12-16 21:49:14.965
ProcessGuid: {f995aebf-d3da-6941-a602-000000000e00}
ProcessId: 6488
Image: C:\Windows\System32\WindowsPowerShell\v1.0\powershell.EXE
TargetObject: HKU\S-1-5-21-3430515368-916141482-256631409-500\SOFTWARE\Policies\Microsoft\SystemCertificates\Disallowed\CRLs
User: runnervm8j6r3\runneradmin"
"12/16/2025 9:49:14 PM","12","Registry object added or deleted:
RuleName: RegistryEvent
EventType: CreateKey
UtcTime: 2025-12-16 21:49:14.965
ProcessGuid: {f995aebf-d3da-6941-a602-000000000e00}
ProcessId: 6488
Image: C:\Windows\System32\WindowsPowerShell\v1.0\powershell.EXE
TargetObject: HKU\S-1-5-21-3430515368-916141482-256631409-500\SOFTWARE\Policies\Microsoft\SystemCertificates\Disallowed\Certificates
User: runnervm8j6r3\runneradmin"
"12/16/2025 9:49:14 PM","12","Registry object added or deleted:
RuleName: RegistryEvent
EventType: CreateKey
UtcTime: 2025-12-16 21:49:14.965
ProcessGuid: {f995aebf-d3da-6941-a602-000000000e00}
ProcessId: 6488
Image: C:\Windows\System32\WindowsPowerShell\v1.0\powershell.EXE
TargetObject: HKU\S-1-5-21-3430515368-916141482-256631409-500\SOFTWARE\Policies\Microsoft\SystemCertificates\Disallowed
User: runnervm8j6r3\runneradmin"
"12/16/2025 9:49:14 PM","12","Registry object added or deleted:
RuleName: RegistryEvent
EventType: CreateKey
UtcTime: 2025-12-16 21:49:14.963
ProcessGuid: {f995aebf-d3da-6941-a602-000000000e00}
ProcessId: 6488
Image: C:\Windows\System32\WindowsPowerShell\v1.0\powershell.EXE
TargetObject: HKLM\SOFTWARE\Policies\Microsoft\SystemCertificates\CA\CTLs
User: runnervm8j6r3\runneradmin"
"12/16/2025 9:49:14 PM","12","Registry object added or deleted:
RuleName: RegistryEvent
EventType: CreateKey
UtcTime: 2025-12-16 21:49:14.963
ProcessGuid: {f995aebf-d3da-6941-a602-000000000e00}
ProcessId: 6488
Image: C:\Windows\System32\WindowsPowerShell\v1.0\powershell.EXE
TargetObject: HKLM\SOFTWARE\Policies\Microsoft\SystemCertificates\CA\CRLs
User: runnervm8j6r3\runneradmin"
"12/16/2025 9:49:14 PM","12","Registry object added or deleted:
RuleName: RegistryEvent
EventType: CreateKey
UtcTime: 2025-12-16 21:49:14.963
ProcessGuid: {f995aebf-d3da-6941-a602-000000000e00}
ProcessId: 6488
Image: C:\Windows\System32\WindowsPowerShell\v1.0\powershell.EXE
TargetObject: HKLM\SOFTWARE\Policies\Microsoft\SystemCertificates\CA\Certificates
User: runnervm8j6r3\runneradmin"
"12/16/2025 9:49:14 PM","12","Registry object added or deleted:
RuleName: RegistryEvent
EventType: CreateKey
UtcTime: 2025-12-16 21:49:14.963
ProcessGuid: {f995aebf-d3da-6941-a602-000000000e00}
ProcessId: 6488
Image: C:\Windows\System32\WindowsPowerShell\v1.0\powershell.EXE
TargetObject: HKLM\SOFTWARE\Policies\Microsoft\SystemCertificates\CA
User: runnervm8j6r3\runneradmin"
"12/16/2025 9:49:14 PM","12","Registry object added or deleted:
RuleName: RegistryEvent
EventType: CreateKey
UtcTime: 2025-12-16 21:49:14.963
ProcessGuid: {f995aebf-d3da-6941-a602-000000000e00}
ProcessId: 6488
Image: C:\Windows\System32\WindowsPowerShell\v1.0\powershell.EXE
TargetObject: HKU\S-1-5-21-3430515368-916141482-256631409-500\SOFTWARE\Policies\Microsoft\SystemCertificates\CA\CTLs
User: runnervm8j6r3\runneradmin"
"12/16/2025 9:49:14 PM","12","Registry object added or deleted:
RuleName: RegistryEvent
EventType: CreateKey
UtcTime: 2025-12-16 21:49:14.963
ProcessGuid: {f995aebf-d3da-6941-a602-000000000e00}
ProcessId: 6488
Image: C:\Windows\System32\WindowsPowerShell\v1.0\powershell.EXE
TargetObject: HKU\S-1-5-21-3430515368-916141482-256631409-500\SOFTWARE\Policies\Microsoft\SystemCertificates\CA\CRLs
User: runnervm8j6r3\runneradmin"
"12/16/2025 9:49:14 PM","12","Registry object added or deleted:
RuleName: RegistryEvent
EventType: CreateKey
UtcTime: 2025-12-16 21:49:14.963
ProcessGuid: {f995aebf-d3da-6941-a602-000000000e00}
ProcessId: 6488
Image: C:\Windows\System32\WindowsPowerShell\v1.0\powershell.EXE
TargetObject: HKU\S-1-5-21-3430515368-916141482-256631409-500\SOFTWARE\Policies\Microsoft\SystemCertificates\CA\Certificates
User: runnervm8j6r3\runneradmin"
"12/16/2025 9:49:14 PM","12","Registry object added or deleted:
RuleName: RegistryEvent
EventType: CreateKey
UtcTime: 2025-12-16 21:49:14.963
ProcessGuid: {f995aebf-d3da-6941-a602-000000000e00}
ProcessId: 6488
Image: C:\Windows\System32\WindowsPowerShell\v1.0\powershell.EXE
TargetObject: HKU\S-1-5-21-3430515368-916141482-256631409-500\SOFTWARE\Policies\Microsoft\SystemCertificates\CA
User: runnervm8j6r3\runneradmin"
"12/16/2025 9:49:14 PM","1","Process Create:
RuleName: ProcessCreate
UtcTime: 2025-12-16 21:49:14.897
ProcessGuid: {f995aebf-d3da-6941-a602-000000000e00}
ProcessId: 6488
Image: C:\Windows\System32\WindowsPowerShell\v1.0\powershell.exe
FileVersion: 10.0.26100.5074 (WinBuild.160101.0800)
Description: Windows PowerShell
Product: Microsoft? Windows? Operating System
Company: Microsoft Corporation
OriginalFileName: PowerShell.EXE
CommandLine: ""C:\Windows\System32\WindowsPowerShell\v1.0\powershell.EXE"" -command "". 'D:\a\_temp\449d2313-44ad-4a85-a878-39bbd0d7c3c1.ps1'""
CurrentDirectory: D:\a\sysmon\sysmon\
User: runnervm8j6r3\runneradmin
LogonGuid: {f995aebf-d0df-6941-c253-0b0000000000}
LogonId: 0xB53C2
TerminalSessionId: 2
IntegrityLevel: High
Hashes: SHA256=0FF6F2C94BC7E2833A5F7E16DE1622E5DBA70396F31C7D5F56381870317E8C46
ParentProcessGuid: {f995aebf-d341-6941-c701-000000000e00}
ParentProcessId: 7008
ParentImage: C:\actions-runner\extracted\bin\Runner.Worker.exe
ParentCommandLine: ""C:\actions-runner\extracted\bin\Runner.Worker.exe"" spawnclient 1900 1912
ParentUser: runnervm8j6r3\runneradmin"
"12/16/2025 9:49:14 PM","11","File created:
RuleName: FileCreate
UtcTime: 2025-12-16 21:49:14.896
ProcessGuid: {f995aebf-d341-6941-c701-000000000e00}
ProcessId: 7008
Image: C:\actions-runner\extracted\bin\Runner.Worker.exe
TargetFilename: D:\a\_temp\449d2313-44ad-4a85-a878-39bbd0d7c3c1.ps1
CreationUtcTime: 2025-12-16 21:49:14.896
User: runnervm8j6r3\runneradmin"
"12/16/2025 9:49:14 PM","23","File Delete archived:
RuleName: FileDelete
UtcTime: 2025-12-16 21:49:14.777
ProcessGuid: {f995aebf-d363-6941-8202-000000000e00}
ProcessId: 2112
User: runnervm8j6r3\runneradmin
Image: C:\Windows\System32\WindowsPowerShell\v1.0\powershell.EXE
TargetFilename: C:\AtomicRedTeam\tmp\atomic-red-team-master\.devcontainer\setup.ps1
Hashes: SHA256=A3219C9CEFFB8E6C6497426226BEA0A4FC0A6701AC9EA509E4C12E86D426ABE7
IsExecutable: false
Archived: true"
"12/16/2025 9:49:14 PM","11","File created:
RuleName: FileCreate
UtcTime: 2025-12-16 21:49:14.606
ProcessGuid: {f995aebf-d363-6941-8202-000000000e00}
ProcessId: 2112
Image: C:\Windows\System32\WindowsPowerShell\v1.0\powershell.EXE
TargetFilename: C:\AtomicRedTeam\tmp\atomic-red-team-master\atomics\T1651\src\T1651-1\AWSSSMAttack.ps1
CreationUtcTime: 2025-12-16 21:49:14.606
User: runnervm8j6r3\runneradmin"
"12/16/2025 9:49:14 PM","11","File created:
RuleName: FileCreate
UtcTime: 2025-12-16 21:49:14.586
ProcessGuid: {f995aebf-d363-6941-8202-000000000e00}
ProcessId: 2112
Image: C:\Windows\System32\WindowsPowerShell\v1.0\powershell.EXE
TargetFilename: C:\AtomicRedTeam\tmp\atomic-red-team-master\atomics\T1648\src\T1648-1\LambdaAttack.ps1
CreationUtcTime: 2025-12-16 21:49:14.586
User: runnervm8j6r3\runneradmin"
"12/16/2025 9:49:14 PM","11","File created:
RuleName: FileCreate
UtcTime: 2025-12-16 21:49:14.503
ProcessGuid: {f995aebf-d363-6941-8202-000000000e00}
ProcessId: 2112
Image: C:\Windows\System32\WindowsPowerShell\v1.0\powershell.EXE
TargetFilename: C:\AtomicRedTeam\tmp\atomic-red-team-master\atomics\T1595.003\src\WebServerScan.ps1
CreationUtcTime: 2025-12-16 21:49:14.503
User: runnervm8j6r3\runneradmin"
"12/16/2025 9:49:14 PM","11","File created:
RuleName: FileCreate
UtcTime: 2025-12-16 21:49:14.399
ProcessGuid: {f995aebf-d363-6941-8202-000000000e00}
ProcessId: 2112
Image: C:\Windows\System32\WindowsPowerShell\v1.0\powershell.EXE
TargetFilename: C:\AtomicRedTeam\tmp\atomic-red-team-master\atomics\T1572\src\T1572-doh-domain-length.ps1
CreationUtcTime: 2025-12-16 21:49:14.399
User: runnervm8j6r3\runneradmin"
"12/16/2025 9:49:14 PM","11","File created:
RuleName: FileCreate
UtcTime: 2025-12-16 21:49:14.399
ProcessGuid: {f995aebf-d363-6941-8202-000000000e00}
ProcessId: 2112
Image: C:\Windows\System32\WindowsPowerShell\v1.0\powershell.EXE
TargetFilename: C:\AtomicRedTeam\tmp\atomic-red-team-master\atomics\T1572\src\T1572-doh-beacon.ps1
CreationUtcTime: 2025-12-16 21:49:14.399
User: runnervm8j6r3\runneradmin"
"12/16/2025 9:49:14 PM","11","File created:
RuleName: FileCreate
UtcTime: 2025-12-16 21:49:14.151
ProcessGuid: {f995aebf-d363-6941-8202-000000000e00}
ProcessId: 2112
Image: C:\Windows\System32\WindowsPowerShell\v1.0\powershell.EXE
TargetFilename: C:\AtomicRedTeam\tmp\atomic-red-team-master\atomics\T1564.004\src\test.ps1
CreationUtcTime: 2025-12-16 21:49:14.151
User: runnervm8j6r3\runneradmin"
"12/16/2025 9:49:14 PM","11","File created:
RuleName: FileCreate
UtcTime: 2025-12-16 21:49:14.034
ProcessGuid: {f995aebf-d363-6941-8202-000000000e00}
ProcessId: 2112
Image: C:\Windows\System32\WindowsPowerShell\v1.0\powershell.EXE
TargetFilename: C:\AtomicRedTeam\tmp\atomic-red-team-master\atomics\T1559.002\src\PowerShell_Script_For_DDE_Document.ps1
CreationUtcTime: 2025-12-16 21:49:14.032
User: runnervm8j6r3\runneradmin"
"12/16/2025 9:49:13 PM","11","File created:
RuleName: FileCreate
UtcTime: 2025-12-16 21:49:13.909
ProcessGuid: {f995aebf-d363-6941-8202-000000000e00}
ProcessId: 2112
Image: C:\Windows\System32\WindowsPowerShell\v1.0\powershell.EXE
TargetFilename: C:\AtomicRedTeam\tmp\atomic-red-team-master\atomics\T1553.004\src\RemoteCertTrust.ps1
CreationUtcTime: 2025-12-16 21:49:13.909
User: runnervm8j6r3\runneradmin"
"12/16/2025 9:49:13 PM","11","File created:
RuleName: FileCreate
UtcTime: 2025-12-16 21:49:13.681
ProcessGuid: {f995aebf-d363-6941-8202-000000000e00}
ProcessId: 2112
Image: C:\Windows\System32\WindowsPowerShell\v1.0\powershell.EXE
TargetFilename: C:\AtomicRedTeam\tmp\atomic-red-team-master\atomics\T1548.002\src\T1548.002.bat
CreationUtcTime: 2025-12-16 21:49:13.681
User: runnervm8j6r3\runneradmin"
"12/16/2025 9:49:13 PM","11","File created:
RuleName: FileCreate
UtcTime: 2025-12-16 21:49:13.644
ProcessGuid: {f995aebf-d363-6941-8202-000000000e00}
ProcessId: 2112
Image: C:\Windows\System32\WindowsPowerShell\v1.0\powershell.EXE
TargetFilename: C:\AtomicRedTeam\tmp\atomic-red-team-master\atomics\T1547.012\src\build.bat
CreationUtcTime: 2025-12-16 21:49:13.644
User: runnervm8j6r3\runneradmin"
"12/16/2025 9:49:13 PM","11","File created:
RuleName: FileCreate
UtcTime: 2025-12-16 21:49:13.631
ProcessGuid: {f995aebf-d363-6941-8202-000000000e00}
ProcessId: 2112
Image: C:\Windows\System32\WindowsPowerShell\v1.0\powershell.EXE
TargetFilename: C:\AtomicRedTeam\tmp\atomic-red-team-master\atomics\T1547.010\src\build.bat
CreationUtcTime: 2025-12-16 21:49:13.631
User: runnervm8j6r3\runneradmin"
"12/16/2025 9:49:13 PM","11","File created:
RuleName: FileCreate
UtcTime: 2025-12-16 21:49:13.586
ProcessGuid: {f995aebf-d363-6941-8202-000000000e00}
ProcessId: 2112
Image: C:\Windows\System32\WindowsPowerShell\v1.0\powershell.EXE
TargetFilename: C:\AtomicRedTeam\tmp\atomic-red-team-master\atomics\T1547.003\src\build.bat
CreationUtcTime: 2025-12-16 21:49:13.586
User: runnervm8j6r3\runneradmin"
"12/16/2025 9:49:13 PM","11","File created:
RuleName: FileCreate
UtcTime: 2025-12-16 21:49:13.570
ProcessGuid: {f995aebf-d363-6941-8202-000000000e00}
ProcessId: 2112
Image: C:\Windows\System32\WindowsPowerShell\v1.0\powershell.EXE
TargetFilename: C:\AtomicRedTeam\tmp\atomic-red-team-master\atomics\T1547.002\src\package\build.bat
CreationUtcTime: 2025-12-16 21:49:13.570
User: runnervm8j6r3\runneradmin"
"12/16/2025 9:49:13 PM","11","File created:
RuleName: FileCreate
UtcTime: 2025-12-16 21:49:13.556
ProcessGuid: {f995aebf-d363-6941-8202-000000000e00}
ProcessId: 2112
Image: C:\Windows\System32\WindowsPowerShell\v1.0\powershell.EXE
TargetFilename: C:\AtomicRedTeam\tmp\atomic-red-team-master\atomics\T1547.001\src\vbsstartup.vbs
CreationUtcTime: 2025-12-16 21:49:13.556
User: runnervm8j6r3\runneradmin"
"12/16/2025 9:49:13 PM","11","File created:
RuleName: FileCreate
UtcTime: 2025-12-16 21:49:13.546
ProcessGuid: {f995aebf-d363-6941-8202-000000000e00}
ProcessId: 2112
Image: C:\Windows\System32\WindowsPowerShell\v1.0\powershell.EXE
TargetFilename: C:\AtomicRedTeam\tmp\atomic-red-team-master\atomics\T1547.001\src\batstartup.bat
CreationUtcTime: 2025-12-16 21:49:13.546
User: runnervm8j6r3\runneradmin"
"12/16/2025 9:49:13 PM","11","File created:
RuleName: FileCreate
UtcTime: 2025-12-16 21:49:13.544
ProcessGuid: {f995aebf-d363-6941-8202-000000000e00}
ProcessId: 2112
Image: C:\Windows\System32\WindowsPowerShell\v1.0\powershell.EXE
TargetFilename: C:\AtomicRedTeam\tmp\atomic-red-team-master\atomics\T1547.001\src\Discovery.bat
CreationUtcTime: 2025-12-16 21:49:13.544
User: runnervm8j6r3\runneradmin"
"12/16/2025 9:49:13 PM","11","File created:
RuleName: FileCreate
UtcTime: 2025-12-16 21:49:13.447
ProcessGuid: {f995aebf-d363-6941-8202-000000000e00}
ProcessId: 2112
Image: C:\Windows\System32\WindowsPowerShell\v1.0\powershell.EXE
TargetFilename: C:\AtomicRedTeam\tmp\atomic-red-team-master\atomics\T1546.009\src\build.bat
CreationUtcTime: 2025-12-16 21:49:13.445
User: runnervm8j6r3\runneradmin"
"12/16/2025 9:49:13 PM","11","File created:
RuleName: FileCreate
UtcTime: 2025-12-16 21:49:13.320
ProcessGuid: {f995aebf-d363-6941-8202-000000000e00}
ProcessId: 2112
Image: C:\Windows\System32\WindowsPowerShell\v1.0\powershell.EXE
TargetFilename: C:\AtomicRedTeam\tmp\atomic-red-team-master\atomics\T1526\src\AzureDiscovery.ps1
CreationUtcTime: 2025-12-16 21:49:13.320
User: runnervm8j6r3\runneradmin"
"12/16/2025 9:49:13 PM","11","File created:
RuleName: FileCreate
UtcTime: 2025-12-16 21:49:13.318
ProcessGuid: {f995aebf-d363-6941-8202-000000000e00}
ProcessId: 2112
Image: C:\Windows\System32\WindowsPowerShell\v1.0\powershell.EXE
TargetFilename: C:\AtomicRedTeam\tmp\atomic-red-team-master\atomics\T1526\src\AWSDiscovery.ps1
CreationUtcTime: 2025-12-16 21:49:13.318
User: runnervm8j6r3\runneradmin"
"12/16/2025 9:49:13 PM","11","File created:
RuleName: FileCreate
UtcTime: 2025-12-16 21:49:13.191
ProcessGuid: {f995aebf-d363-6941-8202-000000000e00}
ProcessId: 2112
Image: C:\Windows\System32\WindowsPowerShell\v1.0\powershell.EXE
TargetFilename: C:\AtomicRedTeam\tmp\atomic-red-team-master\atomics\T1219\bin\GoToCleanup.ps1
CreationUtcTime: 2025-12-16 21:49:13.191
User: runnervm8j6r3\runneradmin"
"12/16/2025 9:49:13 PM","11","File created:
RuleName: FileCreate
UtcTime: 2025-12-16 21:49:13.143
ProcessGuid: {f995aebf-d363-6941-8202-000000000e00}
ProcessId: 2112
Image: C:\Windows\System32\WindowsPowerShell\v1.0\powershell.EXE
TargetFilename: C:\AtomicRedTeam\tmp\atomic-red-team-master\atomics\T1218.011\src\akteullen.vbs
CreationUtcTime: 2025-12-16 21:49:13.143
User: runnervm8j6r3\runneradmin"
"12/16/2025 9:49:13 PM","11","File created:
RuleName: FileCreate
UtcTime: 2025-12-16 21:49:13.106
ProcessGuid: {f995aebf-d363-6941-8202-000000000e00}
ProcessId: 2112
Image: C:\Windows\System32\WindowsPowerShell\v1.0\powershell.EXE
TargetFilename: C:\AtomicRedTeam\tmp\atomic-red-team-master\atomics\T1218.008\src\odbcconf net.40\packages\DllExport.1.5.2\tools\uninstall.ps1
CreationUtcTime: 2025-12-16 21:49:13.106
User: runnervm8j6r3\runneradmin"
"12/16/2025 9:49:13 PM","11","File created:
RuleName: FileCreate
UtcTime: 2025-12-16 21:49:13.104
ProcessGuid: {f995aebf-d363-6941-8202-000000000e00}
ProcessId: 2112
Image: C:\Windows\System32\WindowsPowerShell\v1.0\powershell.EXE
TargetFilename: C:\AtomicRedTeam\tmp\atomic-red-team-master\atomics\T1218.008\src\odbcconf net.40\packages\DllExport.1.5.2\tools\powershell.bat
CreationUtcTime: 2025-12-16 21:49:13.104
User: runnervm8j6r3\runneradmin"
"12/16/2025 9:49:13 PM","11","File created:
RuleName: FileCreate
UtcTime: 2025-12-16 21:49:13.103
ProcessGuid: {f995aebf-d363-6941-8202-000000000e00}
ProcessId: 2112
Image: C:\Windows\System32\WindowsPowerShell\v1.0\powershell.EXE
TargetFilename: C:\AtomicRedTeam\tmp\atomic-red-team-master\atomics\T1218.008\src\odbcconf net.40\packages\DllExport.1.5.2\tools\nsbin.bat
CreationUtcTime: 2025-12-16 21:49:13.101
User: runnervm8j6r3\runneradmin"
"12/16/2025 9:49:13 PM","11","File created:
RuleName: FileCreate
UtcTime: 2025-12-16 21:49:13.093
ProcessGuid: {f995aebf-d363-6941-8202-000000000e00}
ProcessId: 2112
Image: C:\Windows\System32\WindowsPowerShell\v1.0\powershell.EXE
TargetFilename: C:\AtomicRedTeam\tmp\atomic-red-team-master\atomics\T1218.008\src\odbcconf net.40\packages\DllExport.1.5.2\tools\msbuild.bat
CreationUtcTime: 2025-12-16 21:49:13.093
User: runnervm8j6r3\runneradmin"
"12/16/2025 9:49:13 PM","11","File created:
RuleName: FileCreate
UtcTime: 2025-12-16 21:49:13.091
ProcessGuid: {f995aebf-d363-6941-8202-000000000e00}
ProcessId: 2112
Image: C:\Windows\System32\WindowsPowerShell\v1.0\powershell.EXE
TargetFilename: C:\AtomicRedTeam\tmp\atomic-red-team-master\atomics\T1218.008\src\odbcconf net.40\packages\DllExport.1.5.2\tools\install.ps1
CreationUtcTime: 2025-12-16 21:49:13.091
User: runnervm8j6r3\runneradmin"
"12/16/2025 9:49:13 PM","11","File created:
RuleName: FileCreate
UtcTime: 2025-12-16 21:49:13.090
ProcessGuid: {f995aebf-d363-6941-8202-000000000e00}
ProcessId: 2112
Image: C:\Windows\System32\WindowsPowerShell\v1.0\powershell.EXE
TargetFilename: C:\AtomicRedTeam\tmp\atomic-red-team-master\atomics\T1218.008\src\odbcconf net.40\packages\DllExport.1.5.2\tools\init.ps1
CreationUtcTime: 2025-12-16 21:49:13.090
User: runnervm8j6r3\runneradmin"
"12/16/2025 9:49:13 PM","11","File created:
RuleName: FileCreate
UtcTime: 2025-12-16 21:49:13.088
ProcessGuid: {f995aebf-d363-6941-8202-000000000e00}
ProcessId: 2112
Image: C:\Windows\System32\WindowsPowerShell\v1.0\powershell.EXE
TargetFilename: C:\AtomicRedTeam\tmp\atomic-red-team-master\atomics\T1218.008\src\odbcconf net.40\packages\DllExport.1.5.2\tools\gnt.bat
CreationUtcTime: 2025-12-16 21:49:13.088
User: runnervm8j6r3\runneradmin"
"12/16/2025 9:49:12 PM","11","File created:
RuleName: FileCreate
UtcTime: 2025-12-16 21:49:12.887
ProcessGuid: {f995aebf-d363-6941-8202-000000000e00}
ProcessId: 2112
Image: C:\Windows\System32\WindowsPowerShell\v1.0\powershell.EXE
TargetFilename: C:\AtomicRedTeam\tmp\atomic-red-team-master\atomics\T1218.008\src\odbcconf net.20\packages\UnmanagedExports.1.2.7\tools\uninstall.ps1
CreationUtcTime: 2025-12-16 21:49:12.887
User: runnervm8j6r3\runneradmin"
"12/16/2025 9:49:12 PM","11","File created:
RuleName: FileCreate
UtcTime: 2025-12-16 21:49:12.885
ProcessGuid: {f995aebf-d363-6941-8202-000000000e00}
ProcessId: 2112
Image: C:\Windows\System32\WindowsPowerShell\v1.0\powershell.EXE
TargetFilename: C:\AtomicRedTeam\tmp\atomic-red-team-master\atomics\T1218.008\src\odbcconf net.20\packages\UnmanagedExports.1.2.7\tools\install.ps1
CreationUtcTime: 2025-12-16 21:49:12.885
User: runnervm8j6r3\runneradmin"
"12/16/2025 9:49:12 PM","11","File created:
RuleName: FileCreate
UtcTime: 2025-12-16 21:49:12.883
ProcessGuid: {f995aebf-d363-6941-8202-000000000e00}
ProcessId: 2112
Image: C:\Windows\System32\WindowsPowerShell\v1.0\powershell.EXE
TargetFilename: C:\AtomicRedTeam\tmp\atomic-red-team-master\atomics\T1218.008\src\odbcconf net.20\packages\UnmanagedExports.1.2.7\tools\init.ps1
CreationUtcTime: 2025-12-16 21:49:12.883
User: runnervm8j6r3\runneradmin"
"12/16/2025 9:49:12 PM","11","File created:
RuleName: FileCreate
UtcTime: 2025-12-16 21:49:12.795
ProcessGuid: {f995aebf-d363-6941-8202-000000000e00}
ProcessId: 2112
Image: C:\Windows\System32\WindowsPowerShell\v1.0\powershell.EXE
TargetFilename: C:\AtomicRedTeam\tmp\atomic-red-team-master\atomics\T1218.005\src\powershell.ps1
CreationUtcTime: 2025-12-16 21:49:12.795
User: runnervm8j6r3\runneradmin"
"12/16/2025 9:49:12 PM","11","File created:
RuleName: FileCreate
UtcTime: 2025-12-16 21:49:12.786
ProcessGuid: {f995aebf-d363-6941-8202-000000000e00}
ProcessId: 2112
Image: C:\Windows\System32\WindowsPowerShell\v1.0\powershell.EXE
TargetFilename: C:\AtomicRedTeam\tmp\atomic-red-team-master\atomics\T1218.004\src\InstallUtilTestHarness.ps1
CreationUtcTime: 2025-12-16 21:49:12.786
User: runnervm8j6r3\runneradmin"
"12/16/2025 9:49:12 PM","11","File created:
RuleName: FileCreate
UtcTime: 2025-12-16 21:49:12.712
ProcessGuid: {f995aebf-d363-6941-8202-000000000e00}
ProcessId: 2112
Image: C:\Windows\System32\WindowsPowerShell\v1.0\powershell.EXE
TargetFilename: C:\AtomicRedTeam\tmp\atomic-red-team-master\atomics\T1204.002\src\click-fix.bat
CreationUtcTime: 2025-12-16 21:49:12.712
User: runnervm8j6r3\runneradmin"
"12/16/2025 9:49:12 PM","11","File created:
RuleName: FileCreate
UtcTime: 2025-12-16 21:49:12.707
ProcessGuid: {f995aebf-d363-6941-8202-000000000e00}
ProcessId: 2112
Image: C:\Windows\System32\WindowsPowerShell\v1.0\powershell.EXE
TargetFilename: C:\AtomicRedTeam\tmp\atomic-red-team-master\atomics\T1204.002\src\Invoke-MalDoc.ps1
CreationUtcTime: 2025-12-16 21:49:12.707
User: runnervm8j6r3\runneradmin"
"12/16/2025 9:49:12 PM","11","File created:
RuleName: FileCreate
UtcTime: 2025-12-16 21:49:12.670
ProcessGuid: {f995aebf-d363-6941-8202-000000000e00}
ProcessId: 2112
Image: C:\Windows\System32\WindowsPowerShell\v1.0\powershell.EXE
TargetFilename: C:\AtomicRedTeam\tmp\atomic-red-team-master\atomics\T1176\src\inline.js
CreationUtcTime: 2025-12-16 21:49:12.670
User: runnervm8j6r3\runneradmin"
"12/16/2025 9:49:12 PM","11","File created:
RuleName: FileCreate
UtcTime: 2025-12-16 21:49:12.541
ProcessGuid: {f995aebf-d363-6941-8202-000000000e00}
ProcessId: 2112
Image: C:\Windows\System32\WindowsPowerShell\v1.0\powershell.EXE
TargetFilename: C:\AtomicRedTeam\tmp\atomic-red-team-master\atomics\T1134.004\src\PPID-Spoof.ps1
CreationUtcTime: 2025-12-16 21:49:12.541
User: runnervm8j6r3\runneradmin"
"12/16/2025 9:49:12 PM","11","File created:
RuleName: FileCreate
UtcTime: 2025-12-16 21:49:12.531
ProcessGuid: {f995aebf-d363-6941-8202-000000000e00}
ProcessId: 2112
Image: C:\Windows\System32\WindowsPowerShell\v1.0\powershell.EXE
TargetFilename: C:\AtomicRedTeam\tmp\atomic-red-team-master\atomics\T1134.002\src\GetToken.ps1
CreationUtcTime: 2025-12-16 21:49:12.531
User: runnervm8j6r3\runneradmin"
"12/16/2025 9:49:11 PM","11","File created:
RuleName: FileCreate
UtcTime: 2025-12-16 21:49:11.377
ProcessGuid: {f995aebf-d363-6941-8202-000000000e00}
ProcessId: 2112
Image: C:\Windows\System32\WindowsPowerShell\v1.0\powershell.EXE
TargetFilename: C:\AtomicRedTeam\tmp\atomic-red-team-master\atomics\T1127\src\hello.js
CreationUtcTime: 2025-12-16 21:49:11.377
User: runnervm8j6r3\runneradmin"
"12/16/2025 9:49:11 PM","11","File created:
RuleName: FileCreate
UtcTime: 2025-12-16 21:49:11.375
ProcessGuid: {f995aebf-d363-6941-8202-000000000e00}
ProcessId: 2112
Image: C:\Windows\System32\WindowsPowerShell\v1.0\powershell.EXE
TargetFilename: C:\AtomicRedTeam\tmp\atomic-red-team-master\atomics\T1127\src\LibHello.js
CreationUtcTime: 2025-12-16 21:49:11.375
User: runnervm8j6r3\runneradmin"
"12/16/2025 9:49:11 PM","11","File created:
RuleName: FileCreate
UtcTime: 2025-12-16 21:49:11.326
ProcessGuid: {f995aebf-d363-6941-8202-000000000e00}
ProcessId: 2112
Image: C:\Windows\System32\WindowsPowerShell\v1.0\powershell.EXE
TargetFilename: C:\AtomicRedTeam\tmp\atomic-red-team-master\atomics\T1114.001\src\Get-Inbox.ps1
CreationUtcTime: 2025-12-16 21:49:11.326
User: runnervm8j6r3\runneradmin"
"12/16/2025 9:49:11 PM","11","File created:
RuleName: FileCreate
UtcTime: 2025-12-16 21:49:11.297
ProcessGuid: {f995aebf-d363-6941-8202-000000000e00}
ProcessId: 2112
Image: C:\Windows\System32\WindowsPowerShell\v1.0\powershell.EXE
TargetFilename: C:\AtomicRedTeam\tmp\atomic-red-team-master\atomics\T1110.003\src\parse_net_users.bat
CreationUtcTime: 2025-12-16 21:49:11.296
User: runnervm8j6r3\runneradmin"
"12/16/2025 9:49:11 PM","11","File created:
RuleName: FileCreate
UtcTime: 2025-12-16 21:49:11.003
ProcessGuid: {f995aebf-d363-6941-8202-000000000e00}
ProcessId: 2112
Image: C:\Windows\System32\WindowsPowerShell\v1.0\powershell.EXE
TargetFilename: C:\AtomicRedTeam\tmp\atomic-red-team-master\atomics\T1105\src\T1105.bat
CreationUtcTime: 2025-12-16 21:49:11.003
User: runnervm8j6r3\runneradmin"
"12/16/2025 9:49:11 PM","11","File created:
RuleName: FileCreate
UtcTime: 2025-12-16 21:49:11.001
ProcessGuid: {f995aebf-d363-6941-8202-000000000e00}
ProcessId: 2112
Image: C:\Windows\System32\WindowsPowerShell\v1.0\powershell.EXE
TargetFilename: C:\AtomicRedTeam\tmp\atomic-red-team-master\atomics\T1105\src\T1105-download-file.vbs
CreationUtcTime: 2025-12-16 21:49:11.001
User: runnervm8j6r3\runneradmin"
"12/16/2025 9:49:10 PM","11","File created:
RuleName: FileCreate
UtcTime: 2025-12-16 21:49:10.868
ProcessGuid: {f995aebf-d363-6941-8202-000000000e00}
ProcessId: 2112
Image: C:\Windows\System32\WindowsPowerShell\v1.0\powershell.EXE
TargetFilename: C:\AtomicRedTeam\tmp\atomic-red-team-master\atomics\T1090.003\src\Psiphon.bat
CreationUtcTime: 2025-12-16 21:49:10.868
User: runnervm8j6r3\runneradmin"
"12/16/2025 9:49:10 PM","11","File created:
RuleName: FileCreate
UtcTime: 2025-12-16 21:49:10.819
ProcessGuid: {f995aebf-d363-6941-8202-000000000e00}
ProcessId: 2112
Image: C:\Windows\System32\WindowsPowerShell\v1.0\powershell.EXE
TargetFilename: C:\AtomicRedTeam\tmp\atomic-red-team-master\atomics\T1082\src\griffon_recon.vbs
CreationUtcTime: 2025-12-16 21:49:10.815
User: runnervm8j6r3\runneradmin"
"12/16/2025 9:49:10 PM","11","File created:
RuleName: FileCreate
UtcTime: 2025-12-16 21:49:10.785
ProcessGuid: {f995aebf-d363-6941-8202-000000000e00}
ProcessId: 2112
Image: C:\Windows\System32\WindowsPowerShell\v1.0\powershell.EXE
TargetFilename: C:\AtomicRedTeam\tmp\atomic-red-team-master\atomics\T1074.001\src\Discovery.bat
CreationUtcTime: 2025-12-16 21:49:10.785
User: runnervm8j6r3\runneradmin"
"12/16/2025 9:49:10 PM","11","File created:
RuleName: FileCreate
UtcTime: 2025-12-16 21:49:10.674
ProcessGuid: {f995aebf-d363-6941-8202-000000000e00}
ProcessId: 2112
Image: C:\Windows\System32\WindowsPowerShell\v1.0\powershell.EXE
TargetFilename: C:\AtomicRedTeam\tmp\atomic-red-team-master\atomics\T1071.004\src\T1071-dns-domain-length.ps1
CreationUtcTime: 2025-12-16 21:49:10.674
User: runnervm8j6r3\runneradmin"
"12/16/2025 9:49:10 PM","11","File created:
RuleName: FileCreate
UtcTime: 2025-12-16 21:49:10.672
ProcessGuid: {f995aebf-d363-6941-8202-000000000e00}
ProcessId: 2112
Image: C:\Windows\System32\WindowsPowerShell\v1.0\powershell.EXE
TargetFilename: C:\AtomicRedTeam\tmp\atomic-red-team-master\atomics\T1071.004\src\T1071-dns-beacon.ps1
CreationUtcTime: 2025-12-16 21:49:10.672
User: runnervm8j6r3\runneradmin"
"12/16/2025 9:49:10 PM","11","File created:
RuleName: FileCreate
UtcTime: 2025-12-16 21:49:10.604
ProcessGuid: {f995aebf-d363-6941-8202-000000000e00}
ProcessId: 2112
Image: C:\Windows\System32\WindowsPowerShell\v1.0\powershell.EXE
TargetFilename: C:\AtomicRedTeam\tmp\atomic-red-team-master\atomics\T1059.007\src\sys_info.js
CreationUtcTime: 2025-12-16 21:49:10.604
User: runnervm8j6r3\runneradmin"
"12/16/2025 9:49:10 PM","11","File created:
RuleName: FileCreate
UtcTime: 2025-12-16 21:49:10.593
ProcessGuid: {f995aebf-d363-6941-8202-000000000e00}
ProcessId: 2112
Image: C:\Windows\System32\WindowsPowerShell\v1.0\powershell.EXE
TargetFilename: C:\AtomicRedTeam\tmp\atomic-red-team-master\atomics\T1059.005\src\sys_info.vbs
CreationUtcTime: 2025-12-16 21:49:10.593
User: runnervm8j6r3\runneradmin"
"12/16/2025 9:49:10 PM","11","File created:
RuleName: FileCreate
UtcTime: 2025-12-16 21:49:10.559
ProcessGuid: {f995aebf-d363-6941-8202-000000000e00}
ProcessId: 2112
Image: C:\Windows\System32\WindowsPowerShell\v1.0\powershell.EXE
TargetFilename: C:\AtomicRedTeam\tmp\atomic-red-team-master\atomics\T1059.001\src\test.ps1
CreationUtcTime: 2025-12-16 21:49:10.559
User: runnervm8j6r3\runneradmin"
"12/16/2025 9:49:10 PM","11","File created:
RuleName: FileCreate
UtcTime: 2025-12-16 21:49:10.557
ProcessGuid: {f995aebf-d363-6941-8202-000000000e00}
ProcessId: 2112
Image: C:\Windows\System32\WindowsPowerShell\v1.0\powershell.EXE
TargetFilename: C:\AtomicRedTeam\tmp\atomic-red-team-master\atomics\T1059.001\src\Invoke-DownloadCradle.ps1
CreationUtcTime: 2025-12-16 21:49:10.557
User: runnervm8j6r3\runneradmin"
"12/16/2025 9:49:10 PM","11","File created:
RuleName: FileCreate
UtcTime: 2025-12-16 21:49:10.503
ProcessGuid: {f995aebf-d363-6941-8202-000000000e00}
ProcessId: 2112
Image: C:\Windows\System32\WindowsPowerShell\v1.0\powershell.EXE
TargetFilename: C:\AtomicRedTeam\tmp\atomic-red-team-master\atomics\T1056.001\src\Get-Keystrokes.ps1
CreationUtcTime: 2025-12-16 21:49:10.503
User: runnervm8j6r3\runneradmin"
"12/16/2025 9:49:10 PM","11","File created:
RuleName: FileCreate
UtcTime: 2025-12-16 21:49:10.487
ProcessGuid: {f995aebf-d363-6941-8202-000000000e00}
ProcessId: 2112
Image: C:\Windows\System32\WindowsPowerShell\v1.0\powershell.EXE
TargetFilename: C:\AtomicRedTeam\tmp\atomic-red-team-master\atomics\T1055\src\x64\RedVanity\build.bat
CreationUtcTime: 2025-12-16 21:49:10.487
User: runnervm8j6r3\runneradmin"
"12/16/2025 9:49:10 PM","11","File created:
RuleName: FileCreate
UtcTime: 2025-12-16 21:49:10.481
ProcessGuid: {f995aebf-d363-6941-8202-000000000e00}
ProcessId: 2112
Image: C:\Windows\System32\WindowsPowerShell\v1.0\powershell.EXE
TargetFilename: C:\AtomicRedTeam\tmp\atomic-red-team-master\atomics\T1055\src\x64\RWXInjection\build.bat
CreationUtcTime: 2025-12-16 21:49:10.481
User: runnervm8j6r3\runneradmin"
"12/16/2025 9:49:10 PM","11","File created:
RuleName: FileCreate
UtcTime: 2025-12-16 21:49:10.479
ProcessGuid: {f995aebf-d363-6941-8202-000000000e00}
ProcessId: 2112
Image: C:\Windows\System32\WindowsPowerShell\v1.0\powershell.EXE
TargetFilename: C:\AtomicRedTeam\tmp\atomic-red-team-master\atomics\T1055\src\x64\InjectView\build.bat
CreationUtcTime: 2025-12-16 21:49:10.479
User: runnervm8j6r3\runneradmin"
"12/16/2025 9:49:10 PM","11","File created:
RuleName: FileCreate
UtcTime: 2025-12-16 21:49:10.184
ProcessGuid: {f995aebf-d363-6941-8202-000000000e00}
ProcessId: 2112
Image: C:\Windows\System32\WindowsPowerShell\v1.0\powershell.EXE
TargetFilename: C:\AtomicRedTeam\tmp\atomic-red-team-master\atomics\T1055.015\src\build.bat
CreationUtcTime: 2025-12-16 21:49:10.184
User: runnervm8j6r3\runneradmin"
"12/16/2025 9:49:10 PM","11","File created:
RuleName: FileCreate
UtcTime: 2025-12-16 21:49:10.146
ProcessGuid: {f995aebf-d363-6941-8202-000000000e00}
ProcessId: 2112
Image: C:\Windows\System32\WindowsPowerShell\v1.0\powershell.EXE
TargetFilename: C:\AtomicRedTeam\tmp\atomic-red-team-master\atomics\T1055.012\src\Start-Hollow.ps1
CreationUtcTime: 2025-12-16 21:49:10.146
User: runnervm8j6r3\runneradmin"
"12/16/2025 9:49:10 PM","11","File created:
RuleName: FileCreate
UtcTime: 2025-12-16 21:49:10.085
ProcessGuid: {f995aebf-d363-6941-8202-000000000e00}
ProcessId: 2112
Image: C:\Windows\System32\WindowsPowerShell\v1.0\powershell.EXE
TargetFilename: C:\AtomicRedTeam\tmp\atomic-red-team-master\atomics\T1055.011\src\vsdevcmd_x86.bat
CreationUtcTime: 2025-12-16 21:49:10.085
User: runnervm8j6r3\runneradmin"
"12/16/2025 9:49:10 PM","11","File created:
RuleName: FileCreate
UtcTime: 2025-12-16 21:49:10.083
ProcessGuid: {f995aebf-d363-6941-8202-000000000e00}
ProcessId: 2112
Image: C:\Windows\System32\WindowsPowerShell\v1.0\powershell.EXE
TargetFilename: C:\AtomicRedTeam\tmp\atomic-red-team-master\atomics\T1055.011\src\vsdevcmd_x64.bat
CreationUtcTime: 2025-12-16 21:49:10.083
User: runnervm8j6r3\runneradmin"
"12/16/2025 9:49:10 PM","11","File created:
RuleName: FileCreate
UtcTime: 2025-12-16 21:49:10.058
ProcessGuid: {f995aebf-d363-6941-8202-000000000e00}
ProcessId: 2112
Image: C:\Windows\System32\WindowsPowerShell\v1.0\powershell.EXE
TargetFilename: C:\AtomicRedTeam\tmp\atomic-red-team-master\atomics\T1055.011\src\build_x86.bat
CreationUtcTime: 2025-12-16 21:49:10.058
User: runnervm8j6r3\runneradmin"
"12/16/2025 9:49:10 PM","11","File created:
RuleName: FileCreate
UtcTime: 2025-12-16 21:49:10.058
ProcessGuid: {f995aebf-d363-6941-8202-000000000e00}
ProcessId: 2112
Image: C:\Windows\System32\WindowsPowerShell\v1.0\powershell.EXE
TargetFilename: C:\AtomicRedTeam\tmp\atomic-red-team-master\atomics\T1055.011\src\build_x64.bat
CreationUtcTime: 2025-12-16 21:49:10.058
User: runnervm8j6r3\runneradmin"
"12/16/2025 9:49:09 PM","11","File created:
RuleName: FileCreate
UtcTime: 2025-12-16 21:49:09.955
ProcessGuid: {f995aebf-d363-6941-8202-000000000e00}
ProcessId: 2112
Image: C:\Windows\System32\WindowsPowerShell\v1.0\powershell.EXE
TargetFilename: C:\AtomicRedTeam\tmp\atomic-red-team-master\atomics\T1055.003\src\build.bat
CreationUtcTime: 2025-12-16 21:49:09.955
User: runnervm8j6r3\runneradmin"
"12/16/2025 9:49:09 PM","11","File created:
RuleName: FileCreate
UtcTime: 2025-12-16 21:49:09.943
ProcessGuid: {f995aebf-d363-6941-8202-000000000e00}
ProcessId: 2112
Image: C:\Windows\System32\WindowsPowerShell\v1.0\powershell.EXE
TargetFilename: C:\AtomicRedTeam\tmp\atomic-red-team-master\atomics\T1055.002\src\build.bat
CreationUtcTime: 2025-12-16 21:49:09.943
User: runnervm8j6r3\runneradmin"
"12/16/2025 9:49:09 PM","11","File created:
RuleName: FileCreate
UtcTime: 2025-12-16 21:49:09.535
ProcessGuid: {f995aebf-d363-6941-8202-000000000e00}
ProcessId: 2112
Image: C:\Windows\System32\WindowsPowerShell\v1.0\powershell.EXE
TargetFilename: C:\AtomicRedTeam\tmp\atomic-red-team-master\atomics\T1036.007\src\T1036.007_masquerading.vbs
CreationUtcTime: 2025-12-16 21:49:09.535
User: runnervm8j6r3\runneradmin"
"12/16/2025 9:49:09 PM","11","File created:
RuleName: FileCreate
UtcTime: 2025-12-16 21:49:09.535
ProcessGuid: {f995aebf-d363-6941-8202-000000000e00}
ProcessId: 2112
Image: C:\Windows\System32\WindowsPowerShell\v1.0\powershell.EXE
TargetFilename: C:\AtomicRedTeam\tmp\atomic-red-team-master\atomics\T1036.007\src\T1036.007_masquerading.ps1
CreationUtcTime: 2025-12-16 21:49:09.535
User: runnervm8j6r3\runneradmin"
"12/16/2025 9:49:09 PM","11","File created:
RuleName: FileCreate
UtcTime: 2025-12-16 21:49:09.513
ProcessGuid: {f995aebf-d363-6941-8202-000000000e00}
ProcessId: 2112
Image: C:\Windows\System32\WindowsPowerShell\v1.0\powershell.EXE
TargetFilename: C:\AtomicRedTeam\tmp\atomic-red-team-master\atomics\T1036.003\src\T1036.003_test.bat
CreationUtcTime: 2025-12-16 21:49:09.511
User: runnervm8j6r3\runneradmin"
"12/16/2025 9:49:09 PM","11","File created:
RuleName: FileCreate
UtcTime: 2025-12-16 21:49:09.509
ProcessGuid: {f995aebf-d363-6941-8202-000000000e00}
ProcessId: 2112
Image: C:\Windows\System32\WindowsPowerShell\v1.0\powershell.EXE
TargetFilename: C:\AtomicRedTeam\tmp\atomic-red-team-master\atomics\T1036.003\src\T1036.003_masquerading.vbs
CreationUtcTime: 2025-12-16 21:49:09.509
User: runnervm8j6r3\runneradmin"
"12/16/2025 9:49:09 PM","11","File created:
RuleName: FileCreate
UtcTime: 2025-12-16 21:49:09.467
ProcessGuid: {f995aebf-d363-6941-8202-000000000e00}
ProcessId: 2112
Image: C:\Windows\System32\WindowsPowerShell\v1.0\powershell.EXE
TargetFilename: C:\AtomicRedTeam\tmp\atomic-red-team-master\atomics\T1027.007\src\build.bat
CreationUtcTime: 2025-12-16 21:49:09.467
User: runnervm8j6r3\runneradmin"
"12/16/2025 9:49:09 PM","11","File created:
RuleName: FileCreate
UtcTime: 2025-12-16 21:49:09.352
ProcessGuid: {f995aebf-d363-6941-8202-000000000e00}
ProcessId: 2112
Image: C:\Windows\System32\WindowsPowerShell\v1.0\powershell.EXE
TargetFilename: C:\AtomicRedTeam\tmp\atomic-red-team-master\atomics\T1016\src\qakbot.bat
CreationUtcTime: 2025-12-16 21:49:09.352
User: runnervm8j6r3\runneradmin"
"12/16/2025 9:49:09 PM","11","File created:
RuleName: FileCreate
UtcTime: 2025-12-16 21:49:09.197
ProcessGuid: {f995aebf-d363-6941-8202-000000000e00}
ProcessId: 2112
Image: C:\Windows\System32\WindowsPowerShell\v1.0\powershell.EXE
TargetFilename: C:\AtomicRedTeam\tmp\atomic-red-team-master\atomics\T1003.001\src\Out-Minidump.ps1
CreationUtcTime: 2025-12-16 21:49:09.197
User: runnervm8j6r3\runneradmin"
"12/16/2025 9:49:08 PM","11","File created:
RuleName: FileCreate
UtcTime: 2025-12-16 21:49:08.061
ProcessGuid: {f995aebf-d363-6941-8202-000000000e00}
ProcessId: 2112
Image: C:\Windows\System32\WindowsPowerShell\v1.0\powershell.EXE
TargetFilename: C:\AtomicRedTeam\tmp\atomic-red-team-master\.devcontainer\setup.ps1
CreationUtcTime: 2025-12-16 21:49:08.061
User: runnervm8j6r3\runneradmin"
"12/16/2025 9:49:04 PM","10","Process accessed:
RuleName: ProcessAccess
UtcTime: 2025-12-16 21:49:04.033
SourceProcessGUID: {f995aebf-d326-6941-c201-000000000e00}
SourceProcessId: 1924
SourceThreadId: 1344
SourceImage: C:\Windows\system32\compattelrunner.exe
TargetProcessGUID: {f995aebf-d0c2-6941-0d00-000000000e00}
TargetProcessId: 988
TargetImage: C:\Windows\system32\lsass.exe
GrantedAccess: 0x1000
CallTrace: C:\Windows\SYSTEM32\ntdll.dll+162184|C:\Windows\System32\KERNELBASE.dll+3fba6|C:\Windows\SYSTEM32\aeinv.dll+22b55|C:\Windows\SYSTEM32\aeinv.dll+39fa3|C:\Windows\SYSTEM32\aeinv.dll+74d22|C:\Windows\SYSTEM32\aeinv.dll+48f80|C:\Windows\SYSTEM32\aeinv.dll+53228|C:\Windows\SYSTEM32\aeinv.dll+5365c|C:\Windows\system32\compattelrunner.exe+b57e|C:\Windows\system32\compattelrunner.exe+c7fb|C:\Windows\system32\compattelrunner.exe+1f5b|C:\Windows\System32\KERNEL32.DLL+2e8d7|C:\Windows\SYSTEM32\ntdll.dll+8c53c
SourceUser: NT AUTHORITY\SYSTEM
TargetUser: NT AUTHORITY\SYSTEM"
"12/16/2025 9:49:00 PM","22","Dns query:
RuleName: -
UtcTime: 2025-12-16 21:48:58.664
ProcessGuid: {f995aebf-d35d-6941-7d02-000000000e00}
ProcessId: 1308
QueryName: 4.116.82.140.in-addr.arpa.
QueryStatus: 0
QueryResults: type: 12 lb-140-82-116-4-sea.github.com;
Image: C:\Windows\Sysmon64.exe
User: NT AUTHORITY\SYSTEM"
"12/16/2025 9:48:59 PM","22","Dns query:
RuleName: -
UtcTime: 2025-12-16 21:48:57.311
ProcessGuid: {f995aebf-d363-6941-8202-000000000e00}
ProcessId: 2112
QueryName: github.com
QueryStatus: 0
QueryResults: ::ffff:140.82.116.4;
Image: C:\Windows\System32\WindowsPowerShell\v1.0\powershell.exe
User: runnervm8j6r3\runneradmin"
"12/16/2025 9:48:58 PM","3","Network connection detected:
RuleName: NetworkConnect
UtcTime: 2025-12-16 21:48:57.329
ProcessGuid: {f995aebf-d363-6941-8202-000000000e00}
ProcessId: 2112
Image: C:\Windows\System32\WindowsPowerShell\v1.0\powershell.exe
User: runnervm8j6r3\runneradmin
Protocol: tcp
Initiated: true
SourceIsIpv6: false
SourceIp: 10.1.0.249
SourceHostname: runnervm8j6r3.0hxwjqwopa5ehpu3lnfycy0yzc.dx.internal.cloudapp.net
SourcePort: 49466
SourcePortName: -
DestinationIsIpv6: false
DestinationIp: 140.82.116.4
DestinationHostname: lb-140-82-116-4-sea.github.com
DestinationPort: 443
DestinationPortName: https"
"12/16/2025 9:48:58 PM","3","Network connection detected:
RuleName: NetworkConnect
UtcTime: 2025-12-16 21:48:57.174
ProcessGuid: {f995aebf-d363-6941-8202-000000000e00}
ProcessId: 2112
Image: C:\Windows\System32\WindowsPowerShell\v1.0\powershell.exe
User: runnervm8j6r3\runneradmin
Protocol: tcp
Initiated: true
SourceIsIpv6: false
SourceIp: 10.1.0.249
SourceHostname: runnervm8j6r3.0hxwjqwopa5ehpu3lnfycy0yzc.dx.internal.cloudapp.net
SourcePort: 49465
SourcePortName: -
DestinationIsIpv6: false
DestinationIp: 185.199.108.133
DestinationHostname: cdn-185-199-108-133.github.com
DestinationPort: 443
DestinationPortName: https"
"12/16/2025 9:48:57 PM","1","Process Create:
RuleName: ProcessCreate
UtcTime: 2025-12-16 21:48:57.007
ProcessGuid: {f995aebf-d3c9-6941-a202-000000000e00}
ProcessId: 4164
Image: C:\Windows\System32\HOSTNAME.EXE
FileVersion: 10.0.26100.2161 (WinBuild.160101.0800)
Description: Hostname APP
Product: Microsoft? Windows? Operating System
Company: Microsoft Corporation
OriginalFileName: hostname.exe
CommandLine: ""C:\Windows\system32\HOSTNAME.EXE""
CurrentDirectory: D:\a\sysmon\sysmon\
User: runnervm8j6r3\runneradmin
LogonGuid: {f995aebf-d0df-6941-c253-0b0000000000}
LogonId: 0xB53C2
TerminalSessionId: 2
IntegrityLevel: High
Hashes: SHA256=8FF283FB7A282A9B2B30235016669DFE795665BCBB254FD17AC31FA9308D89D9
ParentProcessGuid: {f995aebf-d363-6941-8202-000000000e00}
ParentProcessId: 2112
ParentImage: C:\Windows\System32\WindowsPowerShell\v1.0\powershell.exe
ParentCommandLine: ""C:\Windows\System32\WindowsPowerShell\v1.0\powershell.EXE"" -command "". 'D:\a\_temp\10bb4978-1206-45e0-92c8-a36f70a0515e.ps1'""
ParentUser: runnervm8j6r3\runneradmin"
"12/16/2025 9:48:56 PM","1","Process Create:
RuleName: ProcessCreate
UtcTime: 2025-12-16 21:48:56.883
ProcessGuid: {f995aebf-d3c8-6941-a102-000000000e00}
ProcessId: 7036
Image: C:\Windows\System32\HOSTNAME.EXE
FileVersion: 10.0.26100.2161 (WinBuild.160101.0800)
Description: Hostname APP
Product: Microsoft? Windows? Operating System
Company: Microsoft Corporation
OriginalFileName: hostname.exe
CommandLine: ""C:\Windows\system32\HOSTNAME.EXE""
CurrentDirectory: D:\a\sysmon\sysmon\
User: runnervm8j6r3\runneradmin
LogonGuid: {f995aebf-d0df-6941-c253-0b0000000000}
LogonId: 0xB53C2
TerminalSessionId: 2
IntegrityLevel: High
Hashes: SHA256=8FF283FB7A282A9B2B30235016669DFE795665BCBB254FD17AC31FA9308D89D9
ParentProcessGuid: {f995aebf-d363-6941-8202-000000000e00}
ParentProcessId: 2112
ParentImage: C:\Windows\System32\WindowsPowerShell\v1.0\powershell.exe
ParentCommandLine: ""C:\Windows\System32\WindowsPowerShell\v1.0\powershell.EXE"" -command "". 'D:\a\_temp\10bb4978-1206-45e0-92c8-a36f70a0515e.ps1'""
ParentUser: runnervm8j6r3\runneradmin"
"12/16/2025 9:48:56 PM","12","Registry object added or deleted:
RuleName: RegistryEvent
EventType: CreateKey
UtcTime: 2025-12-16 21:48:56.676
ProcessGuid: {f995aebf-d363-6941-8202-000000000e00}
ProcessId: 2112
Image: C:\Windows\System32\WindowsPowerShell\v1.0\powershell.EXE
TargetObject: HKLM\SOFTWARE\Policies\Microsoft\SystemCertificates\Disallowed\CTLs
User: runnervm8j6r3\runneradmin"
"12/16/2025 9:48:56 PM","12","Registry object added or deleted:
RuleName: RegistryEvent
EventType: CreateKey
UtcTime: 2025-12-16 21:48:56.676
ProcessGuid: {f995aebf-d363-6941-8202-000000000e00}
ProcessId: 2112
Image: C:\Windows\System32\WindowsPowerShell\v1.0\powershell.EXE
TargetObject: HKLM\SOFTWARE\Policies\Microsoft\SystemCertificates\Disallowed\CRLs
User: runnervm8j6r3\runneradmin"
