"12/16/2025 9:48:46 PM","12","Registry object added or deleted:
RuleName: RegistryEvent
EventType: CreateKey
UtcTime: 2025-12-16 21:48:46.636
ProcessGuid: {f995aebf-d363-6941-8202-000000000e00}
ProcessId: 2112
Image: C:\Windows\System32\WindowsPowerShell\v1.0\powershell.EXE
TargetObject: HKLM\SOFTWARE\Policies\Microsoft\SystemCertificates\Disallowed\Certificates
User: runnervm8j6r3\runneradmin"
"12/16/2025 9:48:46 PM","12","Registry object added or deleted:
RuleName: RegistryEvent
EventType: CreateKey
UtcTime: 2025-12-16 21:48:46.636
ProcessGuid: {f995aebf-d363-6941-8202-000000000e00}
ProcessId: 2112
Image: C:\Windows\System32\WindowsPowerShell\v1.0\powershell.EXE
TargetObject: HKLM\SOFTWARE\Policies\Microsoft\SystemCertificates\Disallowed
User: runnervm8j6r3\runneradmin"
"12/16/2025 9:48:46 PM","12","Registry object added or deleted:
RuleName: RegistryEvent
EventType: CreateKey
UtcTime: 2025-12-16 21:48:46.636
ProcessGuid: {f995aebf-d363-6941-8202-000000000e00}
ProcessId: 2112
Image: C:\Windows\System32\WindowsPowerShell\v1.0\powershell.EXE
TargetObject: HKU\S-1-5-21-3430515368-916141482-256631409-500\SOFTWARE\Policies\Microsoft\SystemCertificates\Disallowed\CTLs
User: runnervm8j6r3\runneradmin"
"12/16/2025 9:48:46 PM","12","Registry object added or deleted:
RuleName: RegistryEvent
EventType: CreateKey
UtcTime: 2025-12-16 21:48:46.636
ProcessGuid: {f995aebf-d363-6941-8202-000000000e00}
ProcessId: 2112
Image: C:\Windows\System32\WindowsPowerShell\v1.0\powershell.EXE
TargetObject: HKU\S-1-5-21-3430515368-916141482-256631409-500\SOFTWARE\Policies\Microsoft\SystemCertificates\Disallowed\CRLs
User: runnervm8j6r3\runneradmin"
"12/16/2025 9:48:46 PM","12","Registry object added or deleted:
RuleName: RegistryEvent
EventType: CreateKey
UtcTime: 2025-12-16 21:48:46.636
ProcessGuid: {f995aebf-d363-6941-8202-000000000e00}
ProcessId: 2112
Image: C:\Windows\System32\WindowsPowerShell\v1.0\powershell.EXE
TargetObject: HKU\S-1-5-21-3430515368-916141482-256631409-500\SOFTWARE\Policies\Microsoft\SystemCertificates\Disallowed\Certificates
User: runnervm8j6r3\runneradmin"
"12/16/2025 9:48:46 PM","12","Registry object added or deleted:
RuleName: RegistryEvent
EventType: CreateKey
UtcTime: 2025-12-16 21:48:46.636
ProcessGuid: {f995aebf-d363-6941-8202-000000000e00}
ProcessId: 2112
Image: C:\Windows\System32\WindowsPowerShell\v1.0\powershell.EXE
TargetObject: HKU\S-1-5-21-3430515368-916141482-256631409-500\SOFTWARE\Policies\Microsoft\SystemCertificates\Disallowed
User: runnervm8j6r3\runneradmin"
"12/16/2025 9:48:46 PM","12","Registry object added or deleted:
RuleName: RegistryEvent
EventType: CreateKey
UtcTime: 2025-12-16 21:48:46.628
ProcessGuid: {f995aebf-d363-6941-8202-000000000e00}
ProcessId: 2112
Image: C:\Windows\System32\WindowsPowerShell\v1.0\powershell.EXE
TargetObject: HKLM\SOFTWARE\Policies\Microsoft\SystemCertificates\Disallowed\CTLs
User: runnervm8j6r3\runneradmin"
"12/16/2025 9:48:46 PM","12","Registry object added or deleted:
RuleName: RegistryEvent
EventType: CreateKey
UtcTime: 2025-12-16 21:48:46.628
ProcessGuid: {f995aebf-d363-6941-8202-000000000e00}
ProcessId: 2112
Image: C:\Windows\System32\WindowsPowerShell\v1.0\powershell.EXE
TargetObject: HKLM\SOFTWARE\Policies\Microsoft\SystemCertificates\Disallowed\CRLs
User: runnervm8j6r3\runneradmin"
"12/16/2025 9:48:46 PM","12","Registry object added or deleted:
RuleName: RegistryEvent
EventType: CreateKey
UtcTime: 2025-12-16 21:48:46.628
ProcessGuid: {f995aebf-d363-6941-8202-000000000e00}
ProcessId: 2112
Image: C:\Windows\System32\WindowsPowerShell\v1.0\powershell.EXE
TargetObject: HKLM\SOFTWARE\Policies\Microsoft\SystemCertificates\Disallowed\Certificates
User: runnervm8j6r3\runneradmin"
"12/16/2025 9:48:46 PM","12","Registry object added or deleted:
RuleName: RegistryEvent
EventType: CreateKey
UtcTime: 2025-12-16 21:48:46.628
ProcessGuid: {f995aebf-d363-6941-8202-000000000e00}
ProcessId: 2112
Image: C:\Windows\System32\WindowsPowerShell\v1.0\powershell.EXE
TargetObject: HKLM\SOFTWARE\Policies\Microsoft\SystemCertificates\Disallowed
User: runnervm8j6r3\runneradmin"
"12/16/2025 9:48:46 PM","12","Registry object added or deleted:
RuleName: RegistryEvent
EventType: CreateKey
UtcTime: 2025-12-16 21:48:46.628
ProcessGuid: {f995aebf-d363-6941-8202-000000000e00}
ProcessId: 2112
Image: C:\Windows\System32\WindowsPowerShell\v1.0\powershell.EXE
TargetObject: HKU\S-1-5-21-3430515368-916141482-256631409-500\SOFTWARE\Policies\Microsoft\SystemCertificates\Disallowed\CTLs
User: runnervm8j6r3\runneradmin"
"12/16/2025 9:48:46 PM","12","Registry object added or deleted:
RuleName: RegistryEvent
EventType: CreateKey
UtcTime: 2025-12-16 21:48:46.628
ProcessGuid: {f995aebf-d363-6941-8202-000000000e00}
ProcessId: 2112
Image: C:\Windows\System32\WindowsPowerShell\v1.0\powershell.EXE
TargetObject: HKU\S-1-5-21-3430515368-916141482-256631409-500\SOFTWARE\Policies\Microsoft\SystemCertificates\Disallowed\CRLs
User: runnervm8j6r3\runneradmin"
"12/16/2025 9:48:46 PM","12","Registry object added or deleted:
RuleName: RegistryEvent
EventType: CreateKey
UtcTime: 2025-12-16 21:48:46.628
ProcessGuid: {f995aebf-d363-6941-8202-000000000e00}
ProcessId: 2112
Image: C:\Windows\System32\WindowsPowerShell\v1.0\powershell.EXE
TargetObject: HKU\S-1-5-21-3430515368-916141482-256631409-500\SOFTWARE\Policies\Microsoft\SystemCertificates\Disallowed\Certificates
User: runnervm8j6r3\runneradmin"
"12/16/2025 9:48:46 PM","12","Registry object added or deleted:
RuleName: RegistryEvent
EventType: CreateKey
UtcTime: 2025-12-16 21:48:46.628
ProcessGuid: {f995aebf-d363-6941-8202-000000000e00}
ProcessId: 2112
Image: C:\Windows\System32\WindowsPowerShell\v1.0\powershell.EXE
TargetObject: HKU\S-1-5-21-3430515368-916141482-256631409-500\SOFTWARE\Policies\Microsoft\SystemCertificates\Disallowed
User: runnervm8j6r3\runneradmin"
"12/16/2025 9:48:18 PM","22","Dns query:
RuleName: -
UtcTime: 2025-12-16 21:48:16.168
ProcessGuid: {f995aebf-d35d-6941-7d02-000000000e00}
ProcessId: 1308
QueryName: 133.211.185.52.in-addr.arpa.
QueryStatus: 9003
QueryResults: -
Image: C:\Windows\Sysmon64.exe
User: NT AUTHORITY\SYSTEM"
"12/16/2025 9:48:16 PM","22","Dns query:
RuleName: -
UtcTime: 2025-12-16 21:48:14.143
ProcessGuid: {f995aebf-d35d-6941-7d02-000000000e00}
ProcessId: 1308
QueryName: 254.169.254.169.in-addr.arpa.
QueryStatus: 9003
QueryResults: -
Image: C:\Windows\Sysmon64.exe
User: NT AUTHORITY\SYSTEM"
"12/16/2025 9:48:14 PM","12","Registry object added or deleted:
RuleName: RegistryEvent
EventType: CreateKey
UtcTime: 2025-12-16 21:48:14.955
ProcessGuid: {f995aebf-d39e-6941-9b02-000000000e00}
ProcessId: 5836
Image: C:\Windows\system32\svchost.exe
TargetObject: HKLM\SOFTWARE\Policies\Microsoft\SystemCertificates\CA
User: NT AUTHORITY\SYSTEM"
"12/16/2025 9:48:14 PM","12","Registry object added or deleted:
RuleName: RegistryEvent
EventType: CreateKey
UtcTime: 2025-12-16 21:48:14.955
ProcessGuid: {f995aebf-d39e-6941-9b02-000000000e00}
ProcessId: 5836
Image: C:\Windows\system32\svchost.exe
TargetObject: HKLM\SOFTWARE\Policies\Microsoft\SystemCertificates\Root
User: NT AUTHORITY\SYSTEM"
"12/16/2025 9:48:14 PM","12","Registry object added or deleted:
RuleName: RegistryEvent
EventType: CreateKey
UtcTime: 2025-12-16 21:48:14.879
ProcessGuid: {f995aebf-d39e-6941-9b02-000000000e00}
ProcessId: 5836
Image: C:\Windows\system32\svchost.exe
TargetObject: HKLM\System\CurrentControlSet\Control\SecurityProviders\SCHANNEL
User: NT AUTHORITY\SYSTEM"
"12/16/2025 9:48:14 PM","10","Process accessed:
RuleName: ProcessAccess
UtcTime: 2025-12-16 21:48:14.414
SourceProcessGUID: {f995aebf-d0c4-6941-1200-000000000e00}
SourceProcessId: 1136
SourceThreadId: 2544
SourceImage: C:\Windows\system32\svchost.exe
TargetProcessGUID: {f995aebf-d0c2-6941-0d00-000000000e00}
TargetProcessId: 988
TargetImage: C:\Windows\system32\lsass.exe
GrantedAccess: 0x1000
CallTrace: C:\Windows\SYSTEM32\ntdll.dll+162184|C:\Windows\System32\KERNELBASE.dll+c464b|c:\windows\system32\lsm.dll+f406|c:\windows\system32\lsm.dll+ee2d|C:\Windows\System32\RPCRT4.dll+d3663|C:\Windows\System32\RPCRT4.dll+d570e|C:\Windows\System32\RPCRT4.dll+8a1ec|C:\Windows\System32\RPCRT4.dll+880f7|C:\Windows\System32\RPCRT4.dll+51ab4|C:\Windows\System32\RPCRT4.dll+52ac8|C:\Windows\System32\RPCRT4.dll+3fc54|C:\Windows\System32\RPCRT4.dll+5001c|C:\Windows\System32\RPCRT4.dll+5601c|C:\Windows\System32\RPCRT4.dll+551a3|C:\Windows\System32\RPCRT4.dll+54148|C:\Windows\SYSTEM32\ntdll.dll+77ffe|C:\Windows\SYSTEM32\ntdll.dll+76123|C:\Windows\System32\KERNEL32.DLL+2e8d7|C:\Windows\SYSTEM32\ntdll.dll+8c53c
SourceUser: NT AUTHORITY\SYSTEM
TargetUser: NT AUTHORITY\SYSTEM"
"12/16/2025 9:48:14 PM","10","Process accessed:
RuleName: ProcessAccess
UtcTime: 2025-12-16 21:48:14.414
SourceProcessGUID: {f995aebf-d0c4-6941-1200-000000000e00}
SourceProcessId: 1136
SourceThreadId: 2544
SourceImage: C:\Windows\system32\svchost.exe
TargetProcessGUID: {f995aebf-d0c2-6941-0d00-000000000e00}
TargetProcessId: 988
TargetImage: C:\Windows\system32\lsass.exe
GrantedAccess: 0x1000
CallTrace: C:\Windows\SYSTEM32\ntdll.dll+162184|C:\Windows\System32\KERNELBASE.dll+c464b|c:\windows\system32\lsm.dll+ed09|C:\Windows\System32\RPCRT4.dll+d3663|C:\Windows\System32\RPCRT4.dll+d570e|C:\Windows\System32\RPCRT4.dll+8a1ec|C:\Windows\System32\RPCRT4.dll+880f7|C:\Windows\System32\RPCRT4.dll+51ab4|C:\Windows\System32\RPCRT4.dll+52ac8|C:\Windows\System32\RPCRT4.dll+3fc54|C:\Windows\System32\RPCRT4.dll+5001c|C:\Windows\System32\RPCRT4.dll+5601c|C:\Windows\System32\RPCRT4.dll+551a3|C:\Windows\System32\RPCRT4.dll+54148|C:\Windows\SYSTEM32\ntdll.dll+77ffe|C:\Windows\SYSTEM32\ntdll.dll+76123|C:\Windows\System32\KERNEL32.DLL+2e8d7|C:\Windows\SYSTEM32\ntdll.dll+8c53c
SourceUser: NT AUTHORITY\SYSTEM
TargetUser: NT AUTHORITY\SYSTEM"
"12/16/2025 9:47:59 PM","23","File Delete archived:
RuleName: FileDelete
UtcTime: 2025-12-16 21:47:59.440
ProcessGuid: {f995aebf-d38c-6941-9502-000000000e00}
ProcessId: 9408
User: NT AUTHORITY\SYSTEM
Image: C:\Windows\system32\svchost.exe
TargetFilename: C:\Program Files\WindowsApps\Deleted\Microsoft.SecHealthUI_1000.26100.7171.0_x64__8wekyb3d8bbwe27867e47-0225-49fe-8b03-3782fc4c2e0c\SecHealthUIViewModels.dll
Hashes: SHA256=6539324C5BF300D30991A1C9E4EB1BA5341F27480DFB58EDD50938BAAD498834
IsExecutable: true
Archived: true"
"12/16/2025 9:47:59 PM","23","File Delete archived:
RuleName: FileDelete
UtcTime: 2025-12-16 21:47:59.274
ProcessGuid: {f995aebf-d38c-6941-9502-000000000e00}
ProcessId: 9408
User: NT AUTHORITY\SYSTEM
Image: C:\Windows\system32\svchost.exe
TargetFilename: C:\Program Files\WindowsApps\Deleted\Microsoft.SecHealthUI_1000.26100.7171.0_x64__8wekyb3d8bbwe27867e47-0225-49fe-8b03-3782fc4c2e0c\SecHealthUITelemetry.dll
Hashes: SHA256=514EFAA2A0B770DD6C1B38D71B147CDE8F8D7EC5930B6D6C4912C1C89B89ED7D
IsExecutable: true
Archived: true"
"12/16/2025 9:47:59 PM","23","File Delete archived:
RuleName: FileDelete
UtcTime: 2025-12-16 21:47:59.270
ProcessGuid: {f995aebf-d38c-6941-9502-000000000e00}
ProcessId: 9408
User: NT AUTHORITY\SYSTEM
Image: C:\Windows\system32\svchost.exe
TargetFilename: C:\Program Files\WindowsApps\Deleted\Microsoft.SecHealthUI_1000.26100.7171.0_x64__8wekyb3d8bbwe27867e47-0225-49fe-8b03-3782fc4c2e0c\SecHealthUIDataModel.dll
Hashes: SHA256=3113ED12A1EE96D0D6627AE6720287A40049936AB00E665F7B2F121D1BC7A291
IsExecutable: true
Archived: true"
"12/16/2025 9:47:59 PM","23","File Delete archived:
RuleName: FileDelete
UtcTime: 2025-12-16 21:47:59.131
ProcessGuid: {f995aebf-d38c-6941-9502-000000000e00}
ProcessId: 9408
User: NT AUTHORITY\SYSTEM
Image: C:\Windows\system32\svchost.exe
TargetFilename: C:\Program Files\WindowsApps\Deleted\Microsoft.SecHealthUI_1000.26100.7171.0_x64__8wekyb3d8bbwe27867e47-0225-49fe-8b03-3782fc4c2e0c\SecHealthUI.exe
Hashes: SHA256=32C4FA967131A52D69C60DC8A61C1A6E06C92C9AF3FBB4AB1F1DB0188D1330D8
IsExecutable: true
Archived: true"
"12/16/2025 9:47:58 PM","1","Process Create:
RuleName: ProcessCreate
UtcTime: 2025-12-16 21:47:58.037
ProcessGuid: {f995aebf-d38e-6941-9702-000000000e00}
ProcessId: 3276
Image: C:\Windows\System32\rundll32.exe
FileVersion: 10.0.26100.7019 (WinBuild.160101.0800)
Description: Windows host process (Rundll32)
Product: Microsoft? Windows? Operating System
Company: Microsoft Corporation
OriginalFileName: RUNDLL32.EXE
CommandLine: C:\Windows\system32\rundll32.exe C:\Windows\system32\AppXDeploymentExtensions.OneCore.dll,ShellRefresh
CurrentDirectory: C:\Windows\system32\
User: runnervm8j6r3\runneradmin
LogonGuid: {f995aebf-d0df-6941-c253-0b0000000000}
LogonId: 0xB53C2
TerminalSessionId: 2
IntegrityLevel: High
Hashes: SHA256=2F2321D2A3EEEC2CDD7D921645C121BED75872435926EE97F3D53E7EE7662BF0
ParentProcessGuid: {f995aebf-d38c-6941-9502-000000000e00}
ParentProcessId: 9408
ParentImage: C:\Windows\System32\svchost.exe
ParentCommandLine: C:\Windows\system32\svchost.exe -k wsappx -p -s AppXSvc
ParentUser: NT AUTHORITY\SYSTEM"
"12/16/2025 9:47:56 PM","12","Registry object added or deleted:
RuleName: RegistryEvent
EventType: CreateKey
UtcTime: 2025-12-16 21:47:56.880
ProcessGuid: {f995aebf-d38c-6941-9502-000000000e00}
ProcessId: 9408
Image: C:\Windows\system32\svchost.exe
TargetObject: HKLM\SOFTWARE\Policies\Microsoft\SystemCertificates\Disallowed\CTLs
User: NT AUTHORITY\SYSTEM"
"12/16/2025 9:47:56 PM","12","Registry object added or deleted:
RuleName: RegistryEvent
EventType: CreateKey
UtcTime: 2025-12-16 21:47:56.880
ProcessGuid: {f995aebf-d38c-6941-9502-000000000e00}
ProcessId: 9408
Image: C:\Windows\system32\svchost.exe
TargetObject: HKLM\SOFTWARE\Policies\Microsoft\SystemCertificates\Disallowed\CRLs
User: NT AUTHORITY\SYSTEM"
"12/16/2025 9:47:56 PM","12","Registry object added or deleted:
RuleName: RegistryEvent
EventType: CreateKey
UtcTime: 2025-12-16 21:47:56.880
ProcessGuid: {f995aebf-d38c-6941-9502-000000000e00}
ProcessId: 9408
Image: C:\Windows\system32\svchost.exe
TargetObject: HKLM\SOFTWARE\Policies\Microsoft\SystemCertificates\Disallowed\Certificates
User: NT AUTHORITY\SYSTEM"
"12/16/2025 9:47:56 PM","12","Registry object added or deleted:
RuleName: RegistryEvent
EventType: CreateKey
UtcTime: 2025-12-16 21:47:56.880
ProcessGuid: {f995aebf-d38c-6941-9502-000000000e00}
ProcessId: 9408
Image: C:\Windows\system32\svchost.exe
TargetObject: HKLM\SOFTWARE\Policies\Microsoft\SystemCertificates\Disallowed
User: NT AUTHORITY\SYSTEM"
"12/16/2025 9:47:56 PM","12","Registry object added or deleted:
RuleName: RegistryEvent
EventType: CreateKey
UtcTime: 2025-12-16 21:47:56.880
ProcessGuid: {f995aebf-d38c-6941-9502-000000000e00}
ProcessId: 9408
Image: C:\Windows\system32\svchost.exe
TargetObject: HKU\.DEFAULT\Software\Policies\Microsoft\SystemCertificates\Disallowed\CTLs
User: NT AUTHORITY\SYSTEM"
"12/16/2025 9:47:56 PM","12","Registry object added or deleted:
RuleName: RegistryEvent
EventType: CreateKey
UtcTime: 2025-12-16 21:47:56.880
ProcessGuid: {f995aebf-d38c-6941-9502-000000000e00}
ProcessId: 9408
Image: C:\Windows\system32\svchost.exe
TargetObject: HKU\.DEFAULT\Software\Policies\Microsoft\SystemCertificates\Disallowed\CRLs
User: NT AUTHORITY\SYSTEM"
"12/16/2025 9:47:56 PM","12","Registry object added or deleted:
RuleName: RegistryEvent
EventType: CreateKey
UtcTime: 2025-12-16 21:47:56.880
ProcessGuid: {f995aebf-d38c-6941-9502-000000000e00}
ProcessId: 9408
Image: C:\Windows\system32\svchost.exe
TargetObject: HKU\.DEFAULT\Software\Policies\Microsoft\SystemCertificates\Disallowed\Certificates
User: NT AUTHORITY\SYSTEM"
"12/16/2025 9:47:56 PM","12","Registry object added or deleted:
RuleName: RegistryEvent
EventType: CreateKey
UtcTime: 2025-12-16 21:47:56.880
ProcessGuid: {f995aebf-d38c-6941-9502-000000000e00}
ProcessId: 9408
Image: C:\Windows\system32\svchost.exe
TargetObject: HKU\.DEFAULT\Software\Policies\Microsoft\SystemCertificates\Disallowed
User: NT AUTHORITY\SYSTEM"
"12/16/2025 9:47:56 PM","12","Registry object added or deleted:
RuleName: RegistryEvent
EventType: CreateKey
UtcTime: 2025-12-16 21:47:56.625
ProcessGuid: {f995aebf-d38c-6941-9502-000000000e00}
ProcessId: 9408
Image: C:\Windows\system32\svchost.exe
TargetObject: HKLM\SOFTWARE\Policies\Microsoft\SystemCertificates\Disallowed\CTLs
User: NT AUTHORITY\SYSTEM"
"12/16/2025 9:47:56 PM","12","Registry object added or deleted:
RuleName: RegistryEvent
EventType: CreateKey
UtcTime: 2025-12-16 21:47:56.625
ProcessGuid: {f995aebf-d38c-6941-9502-000000000e00}
ProcessId: 9408
Image: C:\Windows\system32\svchost.exe
TargetObject: HKLM\SOFTWARE\Policies\Microsoft\SystemCertificates\Disallowed\CRLs
User: NT AUTHORITY\SYSTEM"
"12/16/2025 9:47:56 PM","12","Registry object added or deleted:
RuleName: RegistryEvent
EventType: CreateKey
UtcTime: 2025-12-16 21:47:56.625
ProcessGuid: {f995aebf-d38c-6941-9502-000000000e00}
ProcessId: 9408
Image: C:\Windows\system32\svchost.exe
TargetObject: HKLM\SOFTWARE\Policies\Microsoft\SystemCertificates\Disallowed\Certificates
User: NT AUTHORITY\SYSTEM"
"12/16/2025 9:47:56 PM","12","Registry object added or deleted:
RuleName: RegistryEvent
EventType: CreateKey
UtcTime: 2025-12-16 21:47:56.625
ProcessGuid: {f995aebf-d38c-6941-9502-000000000e00}
ProcessId: 9408
Image: C:\Windows\system32\svchost.exe
TargetObject: HKLM\SOFTWARE\Policies\Microsoft\SystemCertificates\Disallowed
User: NT AUTHORITY\SYSTEM"
"12/16/2025 9:47:56 PM","12","Registry object added or deleted:
RuleName: RegistryEvent
EventType: CreateKey
UtcTime: 2025-12-16 21:47:56.625
ProcessGuid: {f995aebf-d38c-6941-9502-000000000e00}
ProcessId: 9408
Image: C:\Windows\system32\svchost.exe
TargetObject: HKU\.DEFAULT\Software\Policies\Microsoft\SystemCertificates\Disallowed\CTLs
User: NT AUTHORITY\SYSTEM"
"12/16/2025 9:47:56 PM","12","Registry object added or deleted:
RuleName: RegistryEvent
EventType: CreateKey
UtcTime: 2025-12-16 21:47:56.625
ProcessGuid: {f995aebf-d38c-6941-9502-000000000e00}
ProcessId: 9408
Image: C:\Windows\system32\svchost.exe
TargetObject: HKU\.DEFAULT\Software\Policies\Microsoft\SystemCertificates\Disallowed\CRLs
User: NT AUTHORITY\SYSTEM"
"12/16/2025 9:47:56 PM","12","Registry object added or deleted:
RuleName: RegistryEvent
EventType: CreateKey
UtcTime: 2025-12-16 21:47:56.625
ProcessGuid: {f995aebf-d38c-6941-9502-000000000e00}
ProcessId: 9408
Image: C:\Windows\system32\svchost.exe
TargetObject: HKU\.DEFAULT\Software\Policies\Microsoft\SystemCertificates\Disallowed\Certificates
User: NT AUTHORITY\SYSTEM"
"12/16/2025 9:47:56 PM","12","Registry object added or deleted:
RuleName: RegistryEvent
EventType: CreateKey
UtcTime: 2025-12-16 21:47:56.625
ProcessGuid: {f995aebf-d38c-6941-9502-000000000e00}
ProcessId: 9408
Image: C:\Windows\system32\svchost.exe
TargetObject: HKU\.DEFAULT\Software\Policies\Microsoft\SystemCertificates\Disallowed
User: NT AUTHORITY\SYSTEM"
"12/16/2025 9:47:56 PM","12","Registry object added or deleted:
RuleName: RegistryEvent
EventType: CreateKey
UtcTime: 2025-12-16 21:47:56.254
ProcessGuid: {f995aebf-d38c-6941-9502-000000000e00}
ProcessId: 9408
Image: C:\Windows\system32\svchost.exe
TargetObject: HKLM\SOFTWARE\Policies\Microsoft\SystemCertificates\Disallowed\CTLs
User: NT AUTHORITY\SYSTEM"
"12/16/2025 9:47:56 PM","12","Registry object added or deleted:
RuleName: RegistryEvent
EventType: CreateKey
UtcTime: 2025-12-16 21:47:56.254
ProcessGuid: {f995aebf-d38c-6941-9502-000000000e00}
ProcessId: 9408
Image: C:\Windows\system32\svchost.exe
TargetObject: HKLM\SOFTWARE\Policies\Microsoft\SystemCertificates\Disallowed\CRLs
User: NT AUTHORITY\SYSTEM"
"12/16/2025 9:47:56 PM","12","Registry object added or deleted:
RuleName: RegistryEvent
EventType: CreateKey
UtcTime: 2025-12-16 21:47:56.254
ProcessGuid: {f995aebf-d38c-6941-9502-000000000e00}
ProcessId: 9408
Image: C:\Windows\system32\svchost.exe
TargetObject: HKLM\SOFTWARE\Policies\Microsoft\SystemCertificates\Disallowed\Certificates
User: NT AUTHORITY\SYSTEM"
"12/16/2025 9:47:56 PM","12","Registry object added or deleted:
RuleName: RegistryEvent
EventType: CreateKey
UtcTime: 2025-12-16 21:47:56.254
ProcessGuid: {f995aebf-d38c-6941-9502-000000000e00}
ProcessId: 9408
Image: C:\Windows\system32\svchost.exe
TargetObject: HKLM\SOFTWARE\Policies\Microsoft\SystemCertificates\Disallowed
User: NT AUTHORITY\SYSTEM"
"12/16/2025 9:47:56 PM","12","Registry object added or deleted:
RuleName: RegistryEvent
EventType: CreateKey
UtcTime: 2025-12-16 21:47:56.254
ProcessGuid: {f995aebf-d38c-6941-9502-000000000e00}
ProcessId: 9408
Image: C:\Windows\system32\svchost.exe
TargetObject: HKU\.DEFAULT\Software\Policies\Microsoft\SystemCertificates\Disallowed\CTLs
User: NT AUTHORITY\SYSTEM"
"12/16/2025 9:47:56 PM","12","Registry object added or deleted:
RuleName: RegistryEvent
EventType: CreateKey
UtcTime: 2025-12-16 21:47:56.254
ProcessGuid: {f995aebf-d38c-6941-9502-000000000e00}
ProcessId: 9408
Image: C:\Windows\system32\svchost.exe
TargetObject: HKU\.DEFAULT\Software\Policies\Microsoft\SystemCertificates\Disallowed\CRLs
User: NT AUTHORITY\SYSTEM"
"12/16/2025 9:47:56 PM","12","Registry object added or deleted:
RuleName: RegistryEvent
EventType: CreateKey
UtcTime: 2025-12-16 21:47:56.254
ProcessGuid: {f995aebf-d38c-6941-9502-000000000e00}
ProcessId: 9408
Image: C:\Windows\system32\svchost.exe
TargetObject: HKU\.DEFAULT\Software\Policies\Microsoft\SystemCertificates\Disallowed\Certificates
User: NT AUTHORITY\SYSTEM"
"12/16/2025 9:47:56 PM","12","Registry object added or deleted:
RuleName: RegistryEvent
EventType: CreateKey
UtcTime: 2025-12-16 21:47:56.254
ProcessGuid: {f995aebf-d38c-6941-9502-000000000e00}
ProcessId: 9408
Image: C:\Windows\system32\svchost.exe
TargetObject: HKU\.DEFAULT\Software\Policies\Microsoft\SystemCertificates\Disallowed
User: NT AUTHORITY\SYSTEM"
"12/16/2025 9:47:56 PM","22","Dns query:
RuleName: -
UtcTime: 2025-12-16 21:47:54.230
ProcessGuid: {f995aebf-d35d-6941-7d02-000000000e00}
ProcessId: 1308
QueryName: 228.6.119.40.in-addr.arpa.
QueryStatus: 9003
QueryResults: -
Image: C:\Windows\Sysmon64.exe
User: NT AUTHORITY\SYSTEM"
"12/16/2025 9:47:56 PM","12","Registry object added or deleted:
RuleName: RegistryEvent
EventType: CreateKey
UtcTime: 2025-12-16 21:47:56.227
ProcessGuid: {f995aebf-d38c-6941-9502-000000000e00}
ProcessId: 9408
Image: C:\Windows\system32\svchost.exe
TargetObject: HKLM\SOFTWARE\Policies\Microsoft\SystemCertificates\trust\CTLs
User: NT AUTHORITY\SYSTEM"
"12/16/2025 9:47:56 PM","12","Registry object added or deleted:
RuleName: RegistryEvent
EventType: CreateKey
UtcTime: 2025-12-16 21:47:56.227
ProcessGuid: {f995aebf-d38c-6941-9502-000000000e00}
ProcessId: 9408
Image: C:\Windows\system32\svchost.exe
TargetObject: HKLM\SOFTWARE\Policies\Microsoft\SystemCertificates\trust\CRLs
User: NT AUTHORITY\SYSTEM"
"12/16/2025 9:47:56 PM","12","Registry object added or deleted:
RuleName: RegistryEvent
EventType: CreateKey
UtcTime: 2025-12-16 21:47:56.227
ProcessGuid: {f995aebf-d38c-6941-9502-000000000e00}
ProcessId: 9408
Image: C:\Windows\system32\svchost.exe
TargetObject: HKLM\SOFTWARE\Policies\Microsoft\SystemCertificates\trust\Certificates
User: NT AUTHORITY\SYSTEM"
"12/16/2025 9:47:56 PM","12","Registry object added or deleted:
RuleName: RegistryEvent
EventType: CreateKey
UtcTime: 2025-12-16 21:47:56.227
ProcessGuid: {f995aebf-d38c-6941-9502-000000000e00}
ProcessId: 9408
Image: C:\Windows\system32\svchost.exe
TargetObject: HKLM\SOFTWARE\Policies\Microsoft\SystemCertificates\trust
User: NT AUTHORITY\SYSTEM"
"12/16/2025 9:47:56 PM","12","Registry object added or deleted:
RuleName: RegistryEvent
EventType: CreateKey
UtcTime: 2025-12-16 21:47:56.227
ProcessGuid: {f995aebf-d38c-6941-9502-000000000e00}
ProcessId: 9408
Image: C:\Windows\system32\svchost.exe
TargetObject: HKU\.DEFAULT\Software\Policies\Microsoft\SystemCertificates\trust\CTLs
User: NT AUTHORITY\SYSTEM"
"12/16/2025 9:47:56 PM","12","Registry object added or deleted:
RuleName: RegistryEvent
EventType: CreateKey
UtcTime: 2025-12-16 21:47:56.227
ProcessGuid: {f995aebf-d38c-6941-9502-000000000e00}
ProcessId: 9408
Image: C:\Windows\system32\svchost.exe
TargetObject: HKU\.DEFAULT\Software\Policies\Microsoft\SystemCertificates\trust\CRLs
User: NT AUTHORITY\SYSTEM"
"12/16/2025 9:47:56 PM","12","Registry object added or deleted:
RuleName: RegistryEvent
EventType: CreateKey
UtcTime: 2025-12-16 21:47:56.227
ProcessGuid: {f995aebf-d38c-6941-9502-000000000e00}
ProcessId: 9408
Image: C:\Windows\system32\svchost.exe
TargetObject: HKU\.DEFAULT\Software\Policies\Microsoft\SystemCertificates\trust\Certificates
User: NT AUTHORITY\SYSTEM"
"12/16/2025 9:47:56 PM","12","Registry object added or deleted:
RuleName: RegistryEvent
EventType: CreateKey
UtcTime: 2025-12-16 21:47:56.227
ProcessGuid: {f995aebf-d38c-6941-9502-000000000e00}
ProcessId: 9408
Image: C:\Windows\system32\svchost.exe
TargetObject: HKU\.DEFAULT\Software\Policies\Microsoft\SystemCertificates\trust
User: NT AUTHORITY\SYSTEM"
"12/16/2025 9:47:56 PM","12","Registry object added or deleted:
RuleName: RegistryEvent
EventType: CreateKey
UtcTime: 2025-12-16 21:47:56.226
ProcessGuid: {f995aebf-d38c-6941-9502-000000000e00}
ProcessId: 9408
Image: C:\Windows\system32\svchost.exe
TargetObject: HKLM\SOFTWARE\Policies\Microsoft\SystemCertificates\TrustedPeople\CTLs
User: NT AUTHORITY\SYSTEM"
"12/16/2025 9:47:56 PM","12","Registry object added or deleted:
RuleName: RegistryEvent
EventType: CreateKey
UtcTime: 2025-12-16 21:47:56.226
ProcessGuid: {f995aebf-d38c-6941-9502-000000000e00}
ProcessId: 9408
Image: C:\Windows\system32\svchost.exe
TargetObject: HKLM\SOFTWARE\Policies\Microsoft\SystemCertificates\TrustedPeople\CRLs
User: NT AUTHORITY\SYSTEM"
"12/16/2025 9:47:56 PM","12","Registry object added or deleted:
RuleName: RegistryEvent
EventType: CreateKey
UtcTime: 2025-12-16 21:47:56.226
ProcessGuid: {f995aebf-d38c-6941-9502-000000000e00}
ProcessId: 9408
Image: C:\Windows\system32\svchost.exe
TargetObject: HKLM\SOFTWARE\Policies\Microsoft\SystemCertificates\TrustedPeople\Certificates
User: NT AUTHORITY\SYSTEM"
"12/16/2025 9:47:56 PM","12","Registry object added or deleted:
RuleName: RegistryEvent
EventType: CreateKey
UtcTime: 2025-12-16 21:47:56.226
ProcessGuid: {f995aebf-d38c-6941-9502-000000000e00}
ProcessId: 9408
Image: C:\Windows\system32\svchost.exe
TargetObject: HKLM\SOFTWARE\Policies\Microsoft\SystemCertificates\TrustedPeople
User: NT AUTHORITY\SYSTEM"
"12/16/2025 9:47:56 PM","12","Registry object added or deleted:
RuleName: RegistryEvent
EventType: CreateKey
UtcTime: 2025-12-16 21:47:56.225
ProcessGuid: {f995aebf-d38c-6941-9502-000000000e00}
ProcessId: 9408
Image: C:\Windows\system32\svchost.exe
TargetObject: HKU\.DEFAULT\Software\Policies\Microsoft\SystemCertificates\TrustedPeople\CTLs
User: NT AUTHORITY\SYSTEM"
"12/16/2025 9:47:56 PM","12","Registry object added or deleted:
RuleName: RegistryEvent
EventType: CreateKey
UtcTime: 2025-12-16 21:47:56.225
ProcessGuid: {f995aebf-d38c-6941-9502-000000000e00}
ProcessId: 9408
Image: C:\Windows\system32\svchost.exe
TargetObject: HKU\.DEFAULT\Software\Policies\Microsoft\SystemCertificates\TrustedPeople\CRLs
User: NT AUTHORITY\SYSTEM"
"12/16/2025 9:47:56 PM","12","Registry object added or deleted:
RuleName: RegistryEvent
EventType: CreateKey
UtcTime: 2025-12-16 21:47:56.225
ProcessGuid: {f995aebf-d38c-6941-9502-000000000e00}
ProcessId: 9408
Image: C:\Windows\system32\svchost.exe
TargetObject: HKU\.DEFAULT\Software\Policies\Microsoft\SystemCertificates\TrustedPeople\Certificates
User: NT AUTHORITY\SYSTEM"
"12/16/2025 9:47:56 PM","12","Registry object added or deleted:
RuleName: RegistryEvent
EventType: CreateKey
UtcTime: 2025-12-16 21:47:56.225
ProcessGuid: {f995aebf-d38c-6941-9502-000000000e00}
ProcessId: 9408
Image: C:\Windows\system32\svchost.exe
TargetObject: HKU\.DEFAULT\Software\Policies\Microsoft\SystemCertificates\TrustedPeople
User: NT AUTHORITY\SYSTEM"
"12/16/2025 9:47:56 PM","12","Registry object added or deleted:
RuleName: RegistryEvent
EventType: CreateKey
UtcTime: 2025-12-16 21:47:56.222
ProcessGuid: {f995aebf-d38c-6941-9502-000000000e00}
ProcessId: 9408
Image: C:\Windows\system32\svchost.exe
TargetObject: HKLM\SOFTWARE\Policies\Microsoft\SystemCertificates\Root\CTLs
User: NT AUTHORITY\SYSTEM"
"12/16/2025 9:47:56 PM","12","Registry object added or deleted:
RuleName: RegistryEvent
EventType: CreateKey
UtcTime: 2025-12-16 21:47:56.222
ProcessGuid: {f995aebf-d38c-6941-9502-000000000e00}
ProcessId: 9408
Image: C:\Windows\system32\svchost.exe
TargetObject: HKLM\SOFTWARE\Policies\Microsoft\SystemCertificates\Root\CRLs
User: NT AUTHORITY\SYSTEM"
"12/16/2025 9:47:56 PM","12","Registry object added or deleted:
RuleName: RegistryEvent
EventType: CreateKey
UtcTime: 2025-12-16 21:47:56.222
ProcessGuid: {f995aebf-d38c-6941-9502-000000000e00}
ProcessId: 9408
Image: C:\Windows\system32\svchost.exe
TargetObject: HKLM\SOFTWARE\Policies\Microsoft\SystemCertificates\Root\Certificates
User: NT AUTHORITY\SYSTEM"
"12/16/2025 9:47:56 PM","12","Registry object added or deleted:
RuleName: RegistryEvent
EventType: CreateKey
UtcTime: 2025-12-16 21:47:56.222
ProcessGuid: {f995aebf-d38c-6941-9502-000000000e00}
ProcessId: 9408
Image: C:\Windows\system32\svchost.exe
TargetObject: HKLM\SOFTWARE\Policies\Microsoft\SystemCertificates\Root
User: NT AUTHORITY\SYSTEM"
"12/16/2025 9:47:56 PM","12","Registry object added or deleted:
RuleName: RegistryEvent
EventType: CreateKey
UtcTime: 2025-12-16 21:47:56.206
ProcessGuid: {f995aebf-d38c-6941-9502-000000000e00}
ProcessId: 9408
Image: C:\Windows\system32\svchost.exe
TargetObject: HKLM\SOFTWARE\Policies\Microsoft\SystemCertificates\Disallowed\CTLs
User: NT AUTHORITY\SYSTEM"
"12/16/2025 9:47:56 PM","12","Registry object added or deleted:
RuleName: RegistryEvent
EventType: CreateKey
UtcTime: 2025-12-16 21:47:56.206
ProcessGuid: {f995aebf-d38c-6941-9502-000000000e00}
ProcessId: 9408
Image: C:\Windows\system32\svchost.exe
TargetObject: HKLM\SOFTWARE\Policies\Microsoft\SystemCertificates\Disallowed\CRLs
User: NT AUTHORITY\SYSTEM"
"12/16/2025 9:47:56 PM","12","Registry object added or deleted:
RuleName: RegistryEvent
EventType: CreateKey
UtcTime: 2025-12-16 21:47:56.206
ProcessGuid: {f995aebf-d38c-6941-9502-000000000e00}
ProcessId: 9408
Image: C:\Windows\system32\svchost.exe
TargetObject: HKLM\SOFTWARE\Policies\Microsoft\SystemCertificates\Disallowed\Certificates
User: NT AUTHORITY\SYSTEM"
"12/16/2025 9:47:56 PM","12","Registry object added or deleted:
RuleName: RegistryEvent
EventType: CreateKey
UtcTime: 2025-12-16 21:47:56.206
ProcessGuid: {f995aebf-d38c-6941-9502-000000000e00}
ProcessId: 9408
Image: C:\Windows\system32\svchost.exe
TargetObject: HKLM\SOFTWARE\Policies\Microsoft\SystemCertificates\Disallowed
User: NT AUTHORITY\SYSTEM"
"12/16/2025 9:47:56 PM","12","Registry object added or deleted:
RuleName: RegistryEvent
EventType: CreateKey
UtcTime: 2025-12-16 21:47:56.206
ProcessGuid: {f995aebf-d38c-6941-9502-000000000e00}
ProcessId: 9408
Image: C:\Windows\system32\svchost.exe
TargetObject: HKU\.DEFAULT\Software\Policies\Microsoft\SystemCertificates\Disallowed\CTLs
User: NT AUTHORITY\SYSTEM"
"12/16/2025 9:47:56 PM","12","Registry object added or deleted:
RuleName: RegistryEvent
EventType: CreateKey
UtcTime: 2025-12-16 21:47:56.206
ProcessGuid: {f995aebf-d38c-6941-9502-000000000e00}
ProcessId: 9408
Image: C:\Windows\system32\svchost.exe
TargetObject: HKU\.DEFAULT\Software\Policies\Microsoft\SystemCertificates\Disallowed\CRLs
User: NT AUTHORITY\SYSTEM"
"12/16/2025 9:47:56 PM","12","Registry object added or deleted:
RuleName: RegistryEvent
EventType: CreateKey
UtcTime: 2025-12-16 21:47:56.206
ProcessGuid: {f995aebf-d38c-6941-9502-000000000e00}
ProcessId: 9408
Image: C:\Windows\system32\svchost.exe
TargetObject: HKU\.DEFAULT\Software\Policies\Microsoft\SystemCertificates\Disallowed\Certificates
User: NT AUTHORITY\SYSTEM"
"12/16/2025 9:47:56 PM","12","Registry object added or deleted:
RuleName: RegistryEvent
EventType: CreateKey
UtcTime: 2025-12-16 21:47:56.206
ProcessGuid: {f995aebf-d38c-6941-9502-000000000e00}
ProcessId: 9408
Image: C:\Windows\system32\svchost.exe
TargetObject: HKU\.DEFAULT\Software\Policies\Microsoft\SystemCertificates\Disallowed
User: NT AUTHORITY\SYSTEM"
"12/16/2025 9:47:56 PM","12","Registry object added or deleted:
RuleName: RegistryEvent
EventType: CreateKey
UtcTime: 2025-12-16 21:47:56.204
ProcessGuid: {f995aebf-d38c-6941-9502-000000000e00}
ProcessId: 9408
Image: C:\Windows\system32\svchost.exe
TargetObject: HKLM\SOFTWARE\Policies\Microsoft\SystemCertificates\CA\CTLs
User: NT AUTHORITY\SYSTEM"
"12/16/2025 9:47:56 PM","12","Registry object added or deleted:
RuleName: RegistryEvent
EventType: CreateKey
UtcTime: 2025-12-16 21:47:56.204
ProcessGuid: {f995aebf-d38c-6941-9502-000000000e00}
ProcessId: 9408
Image: C:\Windows\system32\svchost.exe
TargetObject: HKLM\SOFTWARE\Policies\Microsoft\SystemCertificates\CA\CRLs
User: NT AUTHORITY\SYSTEM"
"12/16/2025 9:47:56 PM","12","Registry object added or deleted:
RuleName: RegistryEvent
EventType: CreateKey
UtcTime: 2025-12-16 21:47:56.204
ProcessGuid: {f995aebf-d38c-6941-9502-000000000e00}
ProcessId: 9408
Image: C:\Windows\system32\svchost.exe
TargetObject: HKLM\SOFTWARE\Policies\Microsoft\SystemCertificates\CA\Certificates
User: NT AUTHORITY\SYSTEM"
"12/16/2025 9:47:56 PM","12","Registry object added or deleted:
RuleName: RegistryEvent
EventType: CreateKey
UtcTime: 2025-12-16 21:47:56.204
ProcessGuid: {f995aebf-d38c-6941-9502-000000000e00}
ProcessId: 9408
Image: C:\Windows\system32\svchost.exe
TargetObject: HKLM\SOFTWARE\Policies\Microsoft\SystemCertificates\CA
User: NT AUTHORITY\SYSTEM"
"12/16/2025 9:47:56 PM","12","Registry object added or deleted:
RuleName: RegistryEvent
EventType: CreateKey
UtcTime: 2025-12-16 21:47:56.204
ProcessGuid: {f995aebf-d38c-6941-9502-000000000e00}
ProcessId: 9408
Image: C:\Windows\system32\svchost.exe
TargetObject: HKU\.DEFAULT\Software\Policies\Microsoft\SystemCertificates\CA\CTLs
User: NT AUTHORITY\SYSTEM"
"12/16/2025 9:47:56 PM","12","Registry object added or deleted:
RuleName: RegistryEvent
EventType: CreateKey
UtcTime: 2025-12-16 21:47:56.204
ProcessGuid: {f995aebf-d38c-6941-9502-000000000e00}
ProcessId: 9408
Image: C:\Windows\system32\svchost.exe
TargetObject: HKU\.DEFAULT\Software\Policies\Microsoft\SystemCertificates\CA\CRLs
User: NT AUTHORITY\SYSTEM"
"12/16/2025 9:47:56 PM","12","Registry object added or deleted:
RuleName: RegistryEvent
EventType: CreateKey
UtcTime: 2025-12-16 21:47:56.204
ProcessGuid: {f995aebf-d38c-6941-9502-000000000e00}
ProcessId: 9408
Image: C:\Windows\system32\svchost.exe
TargetObject: HKU\.DEFAULT\Software\Policies\Microsoft\SystemCertificates\CA\Certificates
User: NT AUTHORITY\SYSTEM"
"12/16/2025 9:47:56 PM","12","Registry object added or deleted:
RuleName: RegistryEvent
EventType: CreateKey
UtcTime: 2025-12-16 21:47:56.204
ProcessGuid: {f995aebf-d38c-6941-9502-000000000e00}
ProcessId: 9408
Image: C:\Windows\system32\svchost.exe
TargetObject: HKU\.DEFAULT\Software\Policies\Microsoft\SystemCertificates\CA
User: NT AUTHORITY\SYSTEM"
"12/16/2025 9:47:56 PM","10","Process accessed:
RuleName: ProcessAccess
UtcTime: 2025-12-16 21:47:56.064
SourceProcessGUID: {f995aebf-d0c4-6941-1200-000000000e00}
SourceProcessId: 1136
SourceThreadId: 1324
SourceImage: C:\Windows\system32\svchost.exe
TargetProcessGUID: {f995aebf-d0c2-6941-0d00-000000000e00}
TargetProcessId: 988
TargetImage: C:\Windows\system32\lsass.exe
GrantedAccess: 0x1000
CallTrace: C:\Windows\SYSTEM32\ntdll.dll+162184|C:\Windows\System32\KERNELBASE.dll+c464b|c:\windows\system32\lsm.dll+f406|c:\windows\system32\lsm.dll+ee2d|C:\Windows\System32\RPCRT4.dll+d3663|C:\Windows\System32\RPCRT4.dll+d570e|C:\Windows\System32\RPCRT4.dll+8a1ec|C:\Windows\System32\RPCRT4.dll+880f7|C:\Windows\System32\RPCRT4.dll+51ab4|C:\Windows\System32\RPCRT4.dll+52ac8|C:\Windows\System32\RPCRT4.dll+3fc54|C:\Windows\System32\RPCRT4.dll+5001c|C:\Windows\System32\RPCRT4.dll+5601c|C:\Windows\System32\RPCRT4.dll+551a3|C:\Windows\System32\RPCRT4.dll+54148|C:\Windows\SYSTEM32\ntdll.dll+77ffe|C:\Windows\SYSTEM32\ntdll.dll+76123|C:\Windows\System32\KERNEL32.DLL+2e8d7|C:\Windows\SYSTEM32\ntdll.dll+8c53c
SourceUser: NT AUTHORITY\SYSTEM
TargetUser: NT AUTHORITY\SYSTEM"
"12/16/2025 9:47:56 PM","10","Process accessed:
RuleName: ProcessAccess
UtcTime: 2025-12-16 21:47:56.064
SourceProcessGUID: {f995aebf-d0c4-6941-1200-000000000e00}
SourceProcessId: 1136
SourceThreadId: 1324
SourceImage: C:\Windows\system32\svchost.exe
TargetProcessGUID: {f995aebf-d0c2-6941-0d00-000000000e00}
TargetProcessId: 988
TargetImage: C:\Windows\system32\lsass.exe
GrantedAccess: 0x1000
CallTrace: C:\Windows\SYSTEM32\ntdll.dll+162184|C:\Windows\System32\KERNELBASE.dll+c464b|c:\windows\system32\lsm.dll+ed09|C:\Windows\System32\RPCRT4.dll+d3663|C:\Windows\System32\RPCRT4.dll+d570e|C:\Windows\System32\RPCRT4.dll+8a1ec|C:\Windows\System32\RPCRT4.dll+880f7|C:\Windows\System32\RPCRT4.dll+51ab4|C:\Windows\System32\RPCRT4.dll+52ac8|C:\Windows\System32\RPCRT4.dll+3fc54|C:\Windows\System32\RPCRT4.dll+5001c|C:\Windows\System32\RPCRT4.dll+5601c|C:\Windows\System32\RPCRT4.dll+551a3|C:\Windows\System32\RPCRT4.dll+54148|C:\Windows\SYSTEM32\ntdll.dll+77ffe|C:\Windows\SYSTEM32\ntdll.dll+76123|C:\Windows\System32\KERNEL32.DLL+2e8d7|C:\Windows\SYSTEM32\ntdll.dll+8c53c
SourceUser: NT AUTHORITY\SYSTEM
TargetUser: NT AUTHORITY\SYSTEM"
"12/16/2025 9:47:56 PM","10","Process accessed:
RuleName: ProcessAccess
UtcTime: 2025-12-16 21:47:56.035
SourceProcessGUID: {f995aebf-d0c4-6941-1200-000000000e00}
SourceProcessId: 1136
SourceThreadId: 1324
SourceImage: C:\Windows\system32\svchost.exe
TargetProcessGUID: {f995aebf-d0c2-6941-0d00-000000000e00}
TargetProcessId: 988
TargetImage: C:\Windows\system32\lsass.exe
GrantedAccess: 0x1000
CallTrace: C:\Windows\SYSTEM32\ntdll.dll+162184|C:\Windows\System32\KERNELBASE.dll+c464b|c:\windows\system32\lsm.dll+f406|c:\windows\system32\lsm.dll+ee2d|C:\Windows\System32\RPCRT4.dll+d3663|C:\Windows\System32\RPCRT4.dll+d570e|C:\Windows\System32\RPCRT4.dll+8a1ec|C:\Windows\System32\RPCRT4.dll+880f7|C:\Windows\System32\RPCRT4.dll+51ab4|C:\Windows\System32\RPCRT4.dll+52ac8|C:\Windows\System32\RPCRT4.dll+3fc54|C:\Windows\System32\RPCRT4.dll+5001c|C:\Windows\System32\RPCRT4.dll+5601c|C:\Windows\System32\RPCRT4.dll+551a3|C:\Windows\System32\RPCRT4.dll+54148|C:\Windows\SYSTEM32\ntdll.dll+77ffe|C:\Windows\SYSTEM32\ntdll.dll+76123|C:\Windows\System32\KERNEL32.DLL+2e8d7|C:\Windows\SYSTEM32\ntdll.dll+8c53c
SourceUser: NT AUTHORITY\SYSTEM
TargetUser: NT AUTHORITY\SYSTEM"
"12/16/2025 9:47:56 PM","10","Process accessed:
RuleName: ProcessAccess
UtcTime: 2025-12-16 21:47:56.035
SourceProcessGUID: {f995aebf-d0c4-6941-1200-000000000e00}
SourceProcessId: 1136
SourceThreadId: 1324
SourceImage: C:\Windows\system32\svchost.exe
TargetProcessGUID: {f995aebf-d0c2-6941-0d00-000000000e00}
TargetProcessId: 988
TargetImage: C:\Windows\system32\lsass.exe
GrantedAccess: 0x1000
CallTrace: C:\Windows\SYSTEM32\ntdll.dll+162184|C:\Windows\System32\KERNELBASE.dll+c464b|c:\windows\system32\lsm.dll+ed09|C:\Windows\System32\RPCRT4.dll+d3663|C:\Windows\System32\RPCRT4.dll+d570e|C:\Windows\System32\RPCRT4.dll+8a1ec|C:\Windows\System32\RPCRT4.dll+880f7|C:\Windows\System32\RPCRT4.dll+51ab4|C:\Windows\System32\RPCRT4.dll+52ac8|C:\Windows\System32\RPCRT4.dll+3fc54|C:\Windows\System32\RPCRT4.dll+5001c|C:\Windows\System32\RPCRT4.dll+5601c|C:\Windows\System32\RPCRT4.dll+551a3|C:\Windows\System32\RPCRT4.dll+54148|C:\Windows\SYSTEM32\ntdll.dll+77ffe|C:\Windows\SYSTEM32\ntdll.dll+76123|C:\Windows\System32\KERNEL32.DLL+2e8d7|C:\Windows\SYSTEM32\ntdll.dll+8c53c
SourceUser: NT AUTHORITY\SYSTEM
TargetUser: NT AUTHORITY\SYSTEM"
"12/16/2025 9:47:55 PM","25","Process Tampering:
RuleName: ProcessTampering
UtcTime: 2025-12-16 21:47:55.985
ProcessGuid: {f995aebf-d38b-6941-9402-000000000e00}
ProcessId: 3632
Image: C:\Windows\System32\SecurityHealth\10.0.29429.1000-0\SecurityHealthHost.exe
Type: Image is locked for access
User: runnervm8j6r3\runneradmin"
"12/16/2025 9:47:55 PM","25","Process Tampering:
RuleName: ProcessTampering
UtcTime: 2025-12-16 21:47:55.946
ProcessGuid: {f995aebf-d38b-6941-9302-000000000e00}
ProcessId: 7392
Image: C:\Windows\System32\SecurityHealth\10.0.29429.1000-0\SecurityHealthHost.exe
Type: Image is locked for access
User: runnervm8j6r3\runneradmin"
"12/16/2025 9:47:42 PM","22","Dns query:
RuleName: -
UtcTime: 2025-12-16 21:47:41.090
ProcessGuid: {f995aebf-d35d-6941-7d02-000000000e00}
ProcessId: 1308
QueryName: 144.207.11.23.in-addr.arpa.
QueryStatus: 0
QueryResults: type: 12 a23-11-207-144.deploy.static.akamaitechnologies.com;
Image: C:\Windows\Sysmon64.exe
User: NT AUTHORITY\SYSTEM"
"12/16/2025 9:47:41 PM","22","Dns query:
RuleName: -
UtcTime: 2025-12-16 21:47:39.219
ProcessGuid: {f995aebf-d363-6941-8202-000000000e00}
ProcessId: 2112
QueryName: cdn.powershellgallery.com
QueryStatus: 0
QueryResults: type: 5 tm-psgallery-prod-eastus.trafficmanager.net;type: 5 cdn.powershellgallery.com.edgesuite.net;type: 5 a1144.dscd.akamai.net;::ffff:23.11.207.144;::ffff:23.11.207.138;
Image: C:\Windows\System32\WindowsPowerShell\v1.0\powershell.exe
User: runnervm8j6r3\runneradmin"
"12/16/2025 9:47:41 PM","3","Network connection detected:
RuleName: NetworkConnect
UtcTime: 2025-12-16 21:47:39.221
ProcessGuid: {f995aebf-d363-6941-8202-000000000e00}
ProcessId: 2112
Image: C:\Windows\System32\WindowsPowerShell\v1.0\powershell.exe
User: runnervm8j6r3\runneradmin
Protocol: tcp
Initiated: true
SourceIsIpv6: false
SourceIp: 10.1.0.249
SourceHostname: runnervm8j6r3.0hxwjqwopa5ehpu3lnfycy0yzc.dx.internal.cloudapp.net
SourcePort: 49427
SourcePortName: -
DestinationIsIpv6: false
DestinationIp: 23.11.207.144
DestinationHostname: a23-11-207-144.deploy.static.akamaitechnologies.com
DestinationPort: 443
DestinationPortName: https"
"12/16/2025 9:47:40 PM","12","Registry object added or deleted:
RuleName: RegistryEvent
EventType: CreateKey
UtcTime: 2025-12-16 21:47:40.586
ProcessGuid: {f995aebf-d363-6941-8202-000000000e00}
ProcessId: 2112
Image: C:\Windows\System32\WindowsPowerShell\v1.0\powershell.EXE
TargetObject: HKLM\SOFTWARE\Policies\Microsoft\SystemCertificates\Disallowed\CTLs
User: runnervm8j6r3\runneradmin"
"12/16/2025 9:47:40 PM","12","Registry object added or deleted:
RuleName: RegistryEvent
EventType: CreateKey
UtcTime: 2025-12-16 21:47:40.586
ProcessGuid: {f995aebf-d363-6941-8202-000000000e00}
ProcessId: 2112
Image: C:\Windows\System32\WindowsPowerShell\v1.0\powershell.EXE
TargetObject: HKLM\SOFTWARE\Policies\Microsoft\SystemCertificates\Disallowed\CRLs
User: runnervm8j6r3\runneradmin"
"12/16/2025 9:47:40 PM","12","Registry object added or deleted:
RuleName: RegistryEvent
EventType: CreateKey
UtcTime: 2025-12-16 21:47:40.586
ProcessGuid: {f995aebf-d363-6941-8202-000000000e00}
ProcessId: 2112
Image: C:\Windows\System32\WindowsPowerShell\v1.0\powershell.EXE
TargetObject: HKLM\SOFTWARE\Policies\Microsoft\SystemCertificates\Disallowed\Certificates
User: runnervm8j6r3\runneradmin"
"12/16/2025 9:47:40 PM","12","Registry object added or deleted:
RuleName: RegistryEvent
EventType: CreateKey
UtcTime: 2025-12-16 21:47:40.586
ProcessGuid: {f995aebf-d363-6941-8202-000000000e00}
ProcessId: 2112
Image: C:\Windows\System32\WindowsPowerShell\v1.0\powershell.EXE
TargetObject: HKLM\SOFTWARE\Policies\Microsoft\SystemCertificates\Disallowed
User: runnervm8j6r3\runneradmin"
"12/16/2025 9:47:40 PM","12","Registry object added or deleted:
RuleName: RegistryEvent
EventType: CreateKey
UtcTime: 2025-12-16 21:47:40.586
ProcessGuid: {f995aebf-d363-6941-8202-000000000e00}
ProcessId: 2112
Image: C:\Windows\System32\WindowsPowerShell\v1.0\powershell.EXE
TargetObject: HKU\S-1-5-21-3430515368-916141482-256631409-500\SOFTWARE\Policies\Microsoft\SystemCertificates\Disallowed\CTLs
User: runnervm8j6r3\runneradmin"
"12/16/2025 9:47:40 PM","12","Registry object added or deleted:
RuleName: RegistryEvent
EventType: CreateKey
UtcTime: 2025-12-16 21:47:40.586
ProcessGuid: {f995aebf-d363-6941-8202-000000000e00}
ProcessId: 2112
Image: C:\Windows\System32\WindowsPowerShell\v1.0\powershell.EXE
TargetObject: HKU\S-1-5-21-3430515368-916141482-256631409-500\SOFTWARE\Policies\Microsoft\SystemCertificates\Disallowed\CRLs
User: runnervm8j6r3\runneradmin"
"12/16/2025 9:47:40 PM","12","Registry object added or deleted:
RuleName: RegistryEvent
EventType: CreateKey
UtcTime: 2025-12-16 21:47:40.586
ProcessGuid: {f995aebf-d363-6941-8202-000000000e00}
ProcessId: 2112
Image: C:\Windows\System32\WindowsPowerShell\v1.0\powershell.EXE
TargetObject: HKU\S-1-5-21-3430515368-916141482-256631409-500\SOFTWARE\Policies\Microsoft\SystemCertificates\Disallowed\Certificates
User: runnervm8j6r3\runneradmin"
"12/16/2025 9:47:40 PM","12","Registry object added or deleted:
RuleName: RegistryEvent
EventType: CreateKey
UtcTime: 2025-12-16 21:47:40.586
ProcessGuid: {f995aebf-d363-6941-8202-000000000e00}
ProcessId: 2112
Image: C:\Windows\System32\WindowsPowerShell\v1.0\powershell.EXE
TargetObject: HKU\S-1-5-21-3430515368-916141482-256631409-500\SOFTWARE\Policies\Microsoft\SystemCertificates\Disallowed
User: runnervm8j6r3\runneradmin"
"12/16/2025 9:47:40 PM","12","Registry object added or deleted:
RuleName: RegistryEvent
EventType: CreateKey
UtcTime: 2025-12-16 21:47:40.483
ProcessGuid: {f995aebf-d363-6941-8202-000000000e00}
ProcessId: 2112
Image: C:\Windows\System32\WindowsPowerShell\v1.0\powershell.EXE
TargetObject: HKLM\SOFTWARE\Policies\Microsoft\SystemCertificates\Disallowed\CTLs
User: runnervm8j6r3\runneradmin"
"12/16/2025 9:47:40 PM","12","Registry object added or deleted:
RuleName: RegistryEvent
EventType: CreateKey
UtcTime: 2025-12-16 21:47:40.483
ProcessGuid: {f995aebf-d363-6941-8202-000000000e00}
ProcessId: 2112
Image: C:\Windows\System32\WindowsPowerShell\v1.0\powershell.EXE
TargetObject: HKLM\SOFTWARE\Policies\Microsoft\SystemCertificates\Disallowed\CRLs
User: runnervm8j6r3\runneradmin"
"12/16/2025 9:47:40 PM","12","Registry object added or deleted:
RuleName: RegistryEvent
EventType: CreateKey
UtcTime: 2025-12-16 21:47:40.483
ProcessGuid: {f995aebf-d363-6941-8202-000000000e00}
ProcessId: 2112
Image: C:\Windows\System32\WindowsPowerShell\v1.0\powershell.EXE
TargetObject: HKLM\SOFTWARE\Policies\Microsoft\SystemCertificates\Disallowed\Certificates
User: runnervm8j6r3\runneradmin"
"12/16/2025 9:47:40 PM","12","Registry object added or deleted:
RuleName: RegistryEvent
EventType: CreateKey
UtcTime: 2025-12-16 21:47:40.483
ProcessGuid: {f995aebf-d363-6941-8202-000000000e00}
ProcessId: 2112
Image: C:\Windows\System32\WindowsPowerShell\v1.0\powershell.EXE
TargetObject: HKLM\SOFTWARE\Policies\Microsoft\SystemCertificates\Disallowed
User: runnervm8j6r3\runneradmin"
"12/16/2025 9:47:40 PM","12","Registry object added or deleted:
RuleName: RegistryEvent
EventType: CreateKey
UtcTime: 2025-12-16 21:47:40.483
ProcessGuid: {f995aebf-d363-6941-8202-000000000e00}
ProcessId: 2112
Image: C:\Windows\System32\WindowsPowerShell\v1.0\powershell.EXE
TargetObject: HKU\S-1-5-21-3430515368-916141482-256631409-500\SOFTWARE\Policies\Microsoft\SystemCertificates\Disallowed\CTLs
User: runnervm8j6r3\runneradmin"
"12/16/2025 9:47:40 PM","12","Registry object added or deleted:
RuleName: RegistryEvent
EventType: CreateKey
UtcTime: 2025-12-16 21:47:40.483
ProcessGuid: {f995aebf-d363-6941-8202-000000000e00}
ProcessId: 2112
Image: C:\Windows\System32\WindowsPowerShell\v1.0\powershell.EXE
TargetObject: HKU\S-1-5-21-3430515368-916141482-256631409-500\SOFTWARE\Policies\Microsoft\SystemCertificates\Disallowed\CRLs
User: runnervm8j6r3\runneradmin"
"12/16/2025 9:47:40 PM","12","Registry object added or deleted:
RuleName: RegistryEvent
EventType: CreateKey
UtcTime: 2025-12-16 21:47:40.483
ProcessGuid: {f995aebf-d363-6941-8202-000000000e00}
ProcessId: 2112
Image: C:\Windows\System32\WindowsPowerShell\v1.0\powershell.EXE
TargetObject: HKU\S-1-5-21-3430515368-916141482-256631409-500\SOFTWARE\Policies\Microsoft\SystemCertificates\Disallowed\Certificates
User: runnervm8j6r3\runneradmin"
"12/16/2025 9:47:40 PM","12","Registry object added or deleted:
RuleName: RegistryEvent
EventType: CreateKey
UtcTime: 2025-12-16 21:47:40.483
ProcessGuid: {f995aebf-d363-6941-8202-000000000e00}
ProcessId: 2112
Image: C:\Windows\System32\WindowsPowerShell\v1.0\powershell.EXE
TargetObject: HKU\S-1-5-21-3430515368-916141482-256631409-500\SOFTWARE\Policies\Microsoft\SystemCertificates\Disallowed
User: runnervm8j6r3\runneradmin"
"12/16/2025 9:47:40 PM","12","Registry object added or deleted:
RuleName: RegistryEvent
EventType: CreateKey
UtcTime: 2025-12-16 21:47:40.439
ProcessGuid: {f995aebf-d363-6941-8202-000000000e00}
ProcessId: 2112
Image: C:\Windows\System32\WindowsPowerShell\v1.0\powershell.EXE
TargetObject: HKLM\SOFTWARE\Policies\Microsoft\SystemCertificates\Disallowed\CTLs
User: runnervm8j6r3\runneradmin"
