"12/16/2025 9:46:41 PM","11","File created:
RuleName: FileCreate
UtcTime: 2025-12-16 21:46:41.440
ProcessGuid: {f995aebf-d33f-6941-f402-000000000e00}
ProcessId: 6816
Image: C:\Windows\System32\WindowsPowerShell\v1.0\powershell.EXE
TargetFilename: C:\AtomicRedTeam\tmp\invoke-atomicredteam-master\Public\Invoke-KickoffAtomicRunner.ps1
CreationUtcTime: 2025-12-16 21:46:41.440
User: runnervm8j6r3\runneradmin"
"12/16/2025 9:46:41 PM","11","File created:
RuleName: FileCreate
UtcTime: 2025-12-16 21:46:41.424
ProcessGuid: {f995aebf-d33f-6941-f402-000000000e00}
ProcessId: 6816
Image: C:\Windows\System32\WindowsPowerShell\v1.0\powershell.EXE
TargetFilename: C:\AtomicRedTeam\tmp\invoke-atomicredteam-master\Public\Invoke-FetchFromZip.ps1
CreationUtcTime: 2025-12-16 21:46:41.424
User: runnervm8j6r3\runneradmin"
"12/16/2025 9:46:41 PM","11","File created:
RuleName: FileCreate
UtcTime: 2025-12-16 21:46:41.406
ProcessGuid: {f995aebf-d33f-6941-f402-000000000e00}
ProcessId: 6816
Image: C:\Windows\System32\WindowsPowerShell\v1.0\powershell.EXE
TargetFilename: C:\AtomicRedTeam\tmp\invoke-atomicredteam-master\Public\Invoke-AtomicTest.ps1
CreationUtcTime: 2025-12-16 21:46:41.406
User: runnervm8j6r3\runneradmin"
"12/16/2025 9:46:41 PM","11","File created:
RuleName: FileCreate
UtcTime: 2025-12-16 21:46:41.388
ProcessGuid: {f995aebf-d33f-6941-f402-000000000e00}
ProcessId: 6816
Image: C:\Windows\System32\WindowsPowerShell\v1.0\powershell.EXE
TargetFilename: C:\AtomicRedTeam\tmp\invoke-atomicredteam-master\Public\Invoke-AtomicRunner.ps1
CreationUtcTime: 2025-12-16 21:46:41.388
User: runnervm8j6r3\runneradmin"
"12/16/2025 9:46:41 PM","11","File created:
RuleName: FileCreate
UtcTime: 2025-12-16 21:46:41.372
ProcessGuid: {f995aebf-d33f-6941-f402-000000000e00}
ProcessId: 6816
Image: C:\Windows\System32\WindowsPowerShell\v1.0\powershell.EXE
TargetFilename: C:\AtomicRedTeam\tmp\invoke-atomicredteam-master\Public\Get-PreferredIPAddress.ps1
CreationUtcTime: 2025-12-16 21:46:41.372
User: runnervm8j6r3\runneradmin"
"12/16/2025 9:46:41 PM","11","File created:
RuleName: FileCreate
UtcTime: 2025-12-16 21:46:41.356
ProcessGuid: {f995aebf-d33f-6941-f402-000000000e00}
ProcessId: 6816
Image: C:\Windows\System32\WindowsPowerShell\v1.0\powershell.EXE
TargetFilename: C:\AtomicRedTeam\tmp\invoke-atomicredteam-master\Public\Get-AtomicTechnique.ps1
CreationUtcTime: 2025-12-16 21:46:41.356
User: runnervm8j6r3\runneradmin"
"12/16/2025 9:46:41 PM","11","File created:
RuleName: FileCreate
UtcTime: 2025-12-16 21:46:41.307
ProcessGuid: {f995aebf-d33f-6941-f402-000000000e00}
ProcessId: 6816
Image: C:\Windows\System32\WindowsPowerShell\v1.0\powershell.EXE
TargetFilename: C:\AtomicRedTeam\tmp\invoke-atomicredteam-master\Public\AtomicRunnerService.ps1
CreationUtcTime: 2025-12-16 21:46:41.307
User: runnervm8j6r3\runneradmin"
"12/16/2025 9:46:41 PM","11","File created:
RuleName: FileCreate
UtcTime: 2025-12-16 21:46:41.275
ProcessGuid: {f995aebf-d33f-6941-f402-000000000e00}
ProcessId: 6816
Image: C:\Windows\System32\WindowsPowerShell\v1.0\powershell.EXE
TargetFilename: C:\AtomicRedTeam\tmp\invoke-atomicredteam-master\Private\Write-PrereqResults.ps1
CreationUtcTime: 2025-12-16 21:46:41.275
User: runnervm8j6r3\runneradmin"
"12/16/2025 9:46:41 PM","11","File created:
RuleName: FileCreate
UtcTime: 2025-12-16 21:46:41.261
ProcessGuid: {f995aebf-d33f-6941-f402-000000000e00}
ProcessId: 6816
Image: C:\Windows\System32\WindowsPowerShell\v1.0\powershell.EXE
TargetFilename: C:\AtomicRedTeam\tmp\invoke-atomicredteam-master\Private\Write-KeyValue.ps1
CreationUtcTime: 2025-12-16 21:46:41.259
User: runnervm8j6r3\runneradmin"
"12/16/2025 9:46:41 PM","11","File created:
RuleName: FileCreate
UtcTime: 2025-12-16 21:46:41.242
ProcessGuid: {f995aebf-d33f-6941-f402-000000000e00}
ProcessId: 6816
Image: C:\Windows\System32\WindowsPowerShell\v1.0\powershell.EXE
TargetFilename: C:\AtomicRedTeam\tmp\invoke-atomicredteam-master\Private\Show-Details.ps1
CreationUtcTime: 2025-12-16 21:46:41.242
User: runnervm8j6r3\runneradmin"
"12/16/2025 9:46:41 PM","11","File created:
RuleName: FileCreate
UtcTime: 2025-12-16 21:46:41.222
ProcessGuid: {f995aebf-d33f-6941-f402-000000000e00}
ProcessId: 6816
Image: C:\Windows\System32\WindowsPowerShell\v1.0\powershell.EXE
TargetFilename: C:\AtomicRedTeam\tmp\invoke-atomicredteam-master\Private\Replace-InputArgs.ps1
CreationUtcTime: 2025-12-16 21:46:41.222
User: runnervm8j6r3\runneradmin"
"12/16/2025 9:46:41 PM","11","File created:
RuleName: FileCreate
UtcTime: 2025-12-16 21:46:41.202
ProcessGuid: {f995aebf-d33f-6941-f402-000000000e00}
ProcessId: 6816
Image: C:\Windows\System32\WindowsPowerShell\v1.0\powershell.EXE
TargetFilename: C:\AtomicRedTeam\tmp\invoke-atomicredteam-master\Private\Invoke-Process.ps1
CreationUtcTime: 2025-12-16 21:46:41.202
User: runnervm8j6r3\runneradmin"
"12/16/2025 9:46:41 PM","11","File created:
RuleName: FileCreate
UtcTime: 2025-12-16 21:46:41.180
ProcessGuid: {f995aebf-d33f-6941-f402-000000000e00}
ProcessId: 6816
Image: C:\Windows\System32\WindowsPowerShell\v1.0\powershell.EXE
TargetFilename: C:\AtomicRedTeam\tmp\invoke-atomicredteam-master\Private\Invoke-ExecuteCommand.ps1
CreationUtcTime: 2025-12-16 21:46:41.180
User: runnervm8j6r3\runneradmin"
"12/16/2025 9:46:41 PM","11","File created:
RuleName: FileCreate
UtcTime: 2025-12-16 21:46:41.160
ProcessGuid: {f995aebf-d33f-6941-f402-000000000e00}
ProcessId: 6816
Image: C:\Windows\System32\WindowsPowerShell\v1.0\powershell.EXE
TargetFilename: C:\AtomicRedTeam\tmp\invoke-atomicredteam-master\Private\Invoke-CheckPrereqs.ps1
CreationUtcTime: 2025-12-16 21:46:41.160
User: runnervm8j6r3\runneradmin"
"12/16/2025 9:46:41 PM","11","File created:
RuleName: FileCreate
UtcTime: 2025-12-16 21:46:41.140
ProcessGuid: {f995aebf-d33f-6941-f402-000000000e00}
ProcessId: 6816
Image: C:\Windows\System32\WindowsPowerShell\v1.0\powershell.EXE
TargetFilename: C:\AtomicRedTeam\tmp\invoke-atomicredteam-master\Private\Get-TargetInfo.ps1
CreationUtcTime: 2025-12-16 21:46:41.138
User: runnervm8j6r3\runneradmin"
"12/16/2025 9:46:41 PM","11","File created:
RuleName: FileCreate
UtcTime: 2025-12-16 21:46:41.122
ProcessGuid: {f995aebf-d33f-6941-f402-000000000e00}
ProcessId: 6816
Image: C:\Windows\System32\WindowsPowerShell\v1.0\powershell.EXE
TargetFilename: C:\AtomicRedTeam\tmp\invoke-atomicredteam-master\Private\Get-PrereqExecutor.ps1
CreationUtcTime: 2025-12-16 21:46:41.118
User: runnervm8j6r3\runneradmin"
"12/16/2025 9:46:41 PM","11","File created:
RuleName: FileCreate
UtcTime: 2025-12-16 21:46:41.102
ProcessGuid: {f995aebf-d33f-6941-f402-000000000e00}
ProcessId: 6816
Image: C:\Windows\System32\WindowsPowerShell\v1.0\powershell.EXE
TargetFilename: C:\AtomicRedTeam\tmp\invoke-atomicredteam-master\Private\AtomicClassSchema.ps1
CreationUtcTime: 2025-12-16 21:46:41.102
User: runnervm8j6r3\runneradmin"
"12/16/2025 9:46:39 PM","12","Registry object added or deleted:
RuleName: RegistryEvent
EventType: CreateKey
UtcTime: 2025-12-16 21:46:39.646
ProcessGuid: {f995aebf-d33f-6941-f402-000000000e00}
ProcessId: 6816
Image: C:\Windows\System32\WindowsPowerShell\v1.0\powershell.EXE
TargetObject: HKLM\System\CurrentControlSet\Control\SecurityProviders\SCHANNEL
User: runnervm8j6r3\runneradmin"
"12/16/2025 9:46:39 PM","10","Process accessed:
RuleName: ProcessAccess
UtcTime: 2025-12-16 21:46:39.282
SourceProcessGUID: {f995aebf-d332-6941-3e02-000000000e00}
SourceProcessId: 8888
SourceThreadId: 4844
SourceImage: C:\actions-runner\extracted\bin\Runner.Worker.exe
TargetProcessGUID: {f995aebf-d33f-6941-f402-000000000e00}
TargetProcessId: 6816
TargetImage: C:\Windows\System32\WindowsPowerShell\v1.0\powershell.EXE
GrantedAccess: 0x1FFFFF
CallTrace: C:\Windows\SYSTEM32\ntdll.dll+1636d4|C:\Windows\System32\KERNELBASE.dll+96a8a|C:\Windows\System32\KERNELBASE.dll+940e6|C:\Windows\System32\KERNEL32.DLL+3c6d4|C:\actions-runner\extracted\bin\System.Diagnostics.Process.dll+da06|C:\actions-runner\extracted\bin\System.Diagnostics.Process.dll+1947f|UNKNOWN(00007FFE085A09EF)
SourceUser: runnervm8j6r3\runneradmin
TargetUser: runnervm8j6r3\runneradmin"
"12/16/2025 9:46:39 PM","1","Process Create:
RuleName: ProcessCreate
UtcTime: 2025-12-16 21:46:39.282
ProcessGuid: {f995aebf-d33f-6941-f402-000000000e00}
ProcessId: 6816
Image: C:\Windows\System32\WindowsPowerShell\v1.0\powershell.exe
FileVersion: 10.0.26100.5074 (WinBuild.160101.0800)
Description: Windows PowerShell
Product: Microsoft? Windows? Operating System
Company: Microsoft Corporation
OriginalFileName: PowerShell.EXE
CommandLine: ""C:\Windows\System32\WindowsPowerShell\v1.0\powershell.EXE"" -command "". 'D:\a\_temp\8292f423-33a6-4bd8-81f2-94644a38db85.ps1'""
CurrentDirectory: D:\a\sysmon\sysmon\
User: runnervm8j6r3\runneradmin
LogonGuid: {f995aebf-cd30-6941-4bc3-0b0000000000}
LogonId: 0xBC34B
TerminalSessionId: 2
IntegrityLevel: High
Hashes: SHA256=0FF6F2C94BC7E2833A5F7E16DE1622E5DBA70396F31C7D5F56381870317E8C46
ParentProcessGuid: {f995aebf-d332-6941-3e02-000000000e00}
ParentProcessId: 8888
ParentImage: C:\actions-runner\extracted\bin\Runner.Worker.exe
ParentCommandLine: ""C:\actions-runner\extracted\bin\Runner.Worker.exe"" spawnclient 1920 1932
ParentUser: runnervm8j6r3\runneradmin"
"12/16/2025 9:46:39 PM","11","File created:
RuleName: FileCreate
UtcTime: 2025-12-16 21:46:39.280
ProcessGuid: {f995aebf-d332-6941-3e02-000000000e00}
ProcessId: 8888
Image: C:\actions-runner\extracted\bin\Runner.Worker.exe
TargetFilename: D:\a\_temp\8292f423-33a6-4bd8-81f2-94644a38db85.ps1
CreationUtcTime: 2025-12-16 21:46:39.280
User: runnervm8j6r3\runneradmin"
"12/16/2025 9:46:39 PM","10","Process accessed:
RuleName: ProcessAccess
UtcTime: 2025-12-16 21:46:39.252
SourceProcessGUID: {f995aebf-d332-6941-3e02-000000000e00}
SourceProcessId: 8888
SourceThreadId: 7988
SourceImage: C:\actions-runner\extracted\bin\Runner.Worker.exe
TargetProcessGUID: {f995aebf-d33f-6941-f302-000000000e00}
TargetProcessId: 2332
TargetImage: C:\Windows\system32\chcp.COM
GrantedAccess: 0x1FFFFF
CallTrace: C:\Windows\SYSTEM32\ntdll.dll+1636d4|C:\Windows\System32\KERNELBASE.dll+96a8a|C:\Windows\System32\KERNELBASE.dll+940e6|C:\Windows\System32\KERNEL32.DLL+3c6d4|C:\actions-runner\extracted\bin\System.Diagnostics.Process.dll+da06|C:\actions-runner\extracted\bin\System.Diagnostics.Process.dll+1947f|UNKNOWN(00007FFE085A09EF)
SourceUser: runnervm8j6r3\runneradmin
TargetUser: runnervm8j6r3\runneradmin"
"12/16/2025 9:46:35 PM","1","Process Create:
RuleName: ProcessCreate
UtcTime: 2025-12-16 21:46:35.339
ProcessGuid: {f995aebf-d33b-6941-f202-000000000e00}
ProcessId: 7836
Image: C:\Windows\System32\wbem\WmiPrvSE.exe
FileVersion: 10.0.26100.7019 (WinBuild.160101.0800)
Description: WMI Provider Host
Product: Microsoft? Windows? Operating System
Company: Microsoft Corporation
OriginalFileName: Wmiprvse.exe
CommandLine: C:\Windows\system32\wbem\wmiprvse.exe -Embedding
CurrentDirectory: C:\Windows\system32\
User: NT AUTHORITY\SYSTEM
LogonGuid: {f995aebf-cd16-6941-e703-000000000000}
LogonId: 0x3E7
TerminalSessionId: 0
IntegrityLevel: System
Hashes: SHA256=240C985EED57DEE92E0415F86CE67439E24179EA3281D57A395A90E92F6844D5
ParentProcessGuid: {f995aebf-cd16-6941-0e00-000000000e00}
ParentProcessId: 512
ParentImage: C:\Windows\System32\svchost.exe
ParentCommandLine: C:\Windows\system32\svchost.exe -k DcomLaunch -p
ParentUser: NT AUTHORITY\SYSTEM"
"12/16/2025 9:46:33 PM","7","Image loaded:
RuleName: ImageLoad
UtcTime: 2025-12-16 21:46:33.149
ProcessGuid: {f995aebf-d339-6941-f002-000000000e00}
ProcessId: 3288
Image: C:\Windows\Sysmon64.exe
ImageLoaded: C:\ProgramData\Microsoft\Windows Defender\Platform\4.18.25110.5-0\MpOAV.dll
FileVersion: 4.18.25110.5 (4a6978a838df7287d907bb2ee8a2eeb2373b186e)
Description: IOfficeAntiVirus Module
Product: Microsoft? Windows? Operating System
Company: Microsoft Corporation
OriginalFileName: MpOAV.dll
Hashes: SHA256=0EF8AE9CC8E3722C0AE09B55531BBA2F2A3422CCF4A1BB9B37ABDB4808AAC232
Signed: true
Signature: Microsoft Windows
SignatureStatus: Valid
User: NT AUTHORITY\SYSTEM"
"12/16/2025 9:46:33 PM","4","Sysmon service state changed:
UtcTime: 2025-12-16 21:46:33.203
State: Started
Version: 15.15
SchemaVersion: 4.90"
"12/16/2025 9:46:33 PM","16","Sysmon config state changed:
UtcTime: 2025-12-16 21:46:33.055
Configuration: D:\a\sysmon\sysmon\sysmon\sysmon-ws.xml
ConfigurationFileHash: SHA256=6B72FAED68DF4CC406081FC6445D7CF6151C47A64165C5D03302A715BCE3DD7C"
