"12/17/2025 8:02:32 AM","23","File Delete archived:
RuleName: FileDelete
UtcTime: 2025-12-17 08:02:32.674
ProcessGuid: {f995aebf-6398-6942-8b05-000000000e00}
ProcessId: 9984
User: runnervm8j6r3\runneradmin
Image: C:\Windows\System32\WindowsPowerShell\v1.0\powershell.exe
TargetFilename: C:\Users\runneradmin\AppData\Local\Temp\__PSScriptPolicyTest_ahn1qvgk.mi2.ps1
Hashes: SHA256=96AD1146EB96877EAB5942AE0736B82D8B5E2039A80D3D6932665C1A4C87DCF7
IsExecutable: false
Archived: true"
"12/17/2025 8:02:32 AM","11","File created:
RuleName: FileCreate
UtcTime: 2025-12-17 08:02:32.652
ProcessGuid: {f995aebf-6398-6942-8b05-000000000e00}
ProcessId: 9984
Image: C:\Windows\System32\WindowsPowerShell\v1.0\powershell.exe
TargetFilename: C:\Users\runneradmin\AppData\Local\Temp\__PSScriptPolicyTest_ahn1qvgk.mi2.ps1
CreationUtcTime: 2025-12-17 08:02:32.652
User: runnervm8j6r3\runneradmin"
"12/17/2025 8:02:32 AM","1","Process Create:
RuleName: ProcessCreate
UtcTime: 2025-12-17 08:02:32.571
ProcessGuid: {f995aebf-6398-6942-8b05-000000000e00}
ProcessId: 9984
Image: C:\Windows\System32\WindowsPowerShell\v1.0\powershell.exe
FileVersion: 10.0.26100.5074 (WinBuild.160101.0800)
Description: Windows PowerShell
Product: Microsoft? Windows? Operating System
Company: Microsoft Corporation
OriginalFileName: PowerShell.EXE
CommandLine: ""powershell.exe"" & {$EventConsumerToCleanup = Get-WmiObject -Namespace root/subscription -Class ActiveScriptEventConsumer -Filter \""""Name = 'AtomicRedTeam-WMIPersistence-ActiveScriptEventConsumer-Example'\""""
$EventFilterToCleanup = Get-WmiObject -Namespace root/subscription -Class __EventFilter -Filter \""""Name = 'AtomicRedTeam-WMIPersistence-ActiveScriptEventConsumer-Example'\""""
$FilterConsumerBindingToCleanup = Get-WmiObject -Namespace root/subscription -Query \""""REFERENCES OF {$($EventConsumerToCleanup.__RELPATH)} WHERE ResultClass = __FilterToConsumerBinding\"""" -ErrorAction SilentlyContinue
$FilterConsumerBindingToCleanup | Remove-WmiObject
$EventConsumerToCleanup | Remove-WmiObject
$EventFilterToCleanup | Remove-WmiObject}
CurrentDirectory: C:\Users\RUNNER~1\AppData\Local\Temp\
User: runnervm8j6r3\runneradmin
LogonGuid: {f995aebf-5ae4-6942-0e06-0c0000000000}
LogonId: 0xC060E
TerminalSessionId: 2
IntegrityLevel: High
Hashes: SHA256=0FF6F2C94BC7E2833A5F7E16DE1622E5DBA70396F31C7D5F56381870317E8C46
ParentProcessGuid: {f995aebf-60f4-6942-f302-000000000e00}
ParentProcessId: 8700
ParentImage: C:\Windows\System32\WindowsPowerShell\v1.0\powershell.exe
ParentCommandLine: ""C:\Windows\System32\WindowsPowerShell\v1.0\powershell.EXE"" -command "". 'D:\a\_temp\376a09f4-185e-4c7d-b96b-edbc7a510283.ps1'""
ParentUser: runnervm8j6r3\runneradmin"
"12/17/2025 8:02:32 AM","23","File Delete archived:
RuleName: FileDelete
UtcTime: 2025-12-17 08:02:32.107
ProcessGuid: {f995aebf-6398-6942-8905-000000000e00}
ProcessId: 772
User: runnervm8j6r3\runneradmin
Image: C:\Windows\System32\WindowsPowerShell\v1.0\powershell.exe
TargetFilename: C:\Users\runneradmin\AppData\Local\Temp\__PSScriptPolicyTest_krnjvtdf.oqq.ps1
Hashes: SHA256=96AD1146EB96877EAB5942AE0736B82D8B5E2039A80D3D6932665C1A4C87DCF7
IsExecutable: false
Archived: true"
"12/17/2025 8:02:32 AM","11","File created:
RuleName: FileCreate
UtcTime: 2025-12-17 08:02:32.087
ProcessGuid: {f995aebf-6398-6942-8905-000000000e00}
ProcessId: 772
Image: C:\Windows\System32\WindowsPowerShell\v1.0\powershell.exe
TargetFilename: C:\Users\runneradmin\AppData\Local\Temp\__PSScriptPolicyTest_krnjvtdf.oqq.ps1
CreationUtcTime: 2025-12-17 08:02:32.087
User: runnervm8j6r3\runneradmin"
