"12/17/2025 8:03:20 AM","1","Process Create:
RuleName: ProcessCreate
UtcTime: 2025-12-17 08:03:20.612
ProcessGuid: {f995aebf-63c8-6942-4c06-000000000e00}
ProcessId: 1444
Image: C:\Windows\System32\cmd.exe
FileVersion: 10.0.26100.7019 (WinBuild.160101.0800)
Description: Windows Command Processor
Product: Microsoft? Windows? Operating System
Company: Microsoft Corporation
OriginalFileName: Cmd.Exe
CommandLine: ""cmd.exe"" /c reg add ""HKLM\SOFTWARE\Microsoft\Security Center"" /v UACDisableNotify /t REG_DWORD /d 0 /f
CurrentDirectory: C:\Users\RUNNER~1\AppData\Local\Temp\
User: runnervm8j6r3\runneradmin
LogonGuid: {f995aebf-5ae4-6942-0e06-0c0000000000}
LogonId: 0xC060E
TerminalSessionId: 2
IntegrityLevel: High
Hashes: SHA256=9695CF4566DDF878A69C3D419E0DA4EEA87B0F24261AD8E79A3A9C4A9885429C
ParentProcessGuid: {f995aebf-60f4-6942-f302-000000000e00}
ParentProcessId: 8700
ParentImage: C:\Windows\System32\WindowsPowerShell\v1.0\powershell.exe
ParentCommandLine: ""C:\Windows\System32\WindowsPowerShell\v1.0\powershell.EXE"" -command "". 'D:\a\_temp\376a09f4-185e-4c7d-b96b-edbc7a510283.ps1'""
ParentUser: runnervm8j6r3\runneradmin"
"12/17/2025 8:03:20 AM","23","File Delete archived:
RuleName: FileDelete
UtcTime: 2025-12-17 08:03:20.232
ProcessGuid: {f995aebf-63c8-6942-4a06-000000000e00}
ProcessId: 5168
User: runnervm8j6r3\runneradmin
Image: C:\Windows\System32\WindowsPowerShell\v1.0\powershell.exe
TargetFilename: C:\Users\runneradmin\AppData\Local\Temp\__PSScriptPolicyTest_otfidwd0.gwc.ps1
Hashes: SHA256=96AD1146EB96877EAB5942AE0736B82D8B5E2039A80D3D6932665C1A4C87DCF7
IsExecutable: false
Archived: true"
"12/17/2025 8:03:20 AM","11","File created:
RuleName: FileCreate
UtcTime: 2025-12-17 08:03:20.211
ProcessGuid: {f995aebf-63c8-6942-4a06-000000000e00}
ProcessId: 5168
Image: C:\Windows\System32\WindowsPowerShell\v1.0\powershell.exe
TargetFilename: C:\Users\runneradmin\AppData\Local\Temp\__PSScriptPolicyTest_otfidwd0.gwc.ps1
CreationUtcTime: 2025-12-17 08:03:20.211
User: runnervm8j6r3\runneradmin"
"12/17/2025 8:03:20 AM","1","Process Create:
RuleName: ProcessCreate
UtcTime: 2025-12-17 08:03:20.131
ProcessGuid: {f995aebf-63c8-6942-4a06-000000000e00}
ProcessId: 5168
Image: C:\Windows\System32\WindowsPowerShell\v1.0\powershell.exe
FileVersion: 10.0.26100.5074 (WinBuild.160101.0800)
Description: Windows PowerShell
Product: Microsoft? Windows? Operating System
Company: Microsoft Corporation
OriginalFileName: PowerShell.EXE
CommandLine: ""powershell.exe"" & {Set-ItemProperty HKLM:\SOFTWARE\Microsoft\Windows\CurrentVersion\Policies\System -Name PromptOnSecureDesktop -Value 1 -Type Dword -Force}
CurrentDirectory: C:\Users\RUNNER~1\AppData\Local\Temp\
User: runnervm8j6r3\runneradmin
LogonGuid: {f995aebf-5ae4-6942-0e06-0c0000000000}
LogonId: 0xC060E
TerminalSessionId: 2
IntegrityLevel: High
Hashes: SHA256=0FF6F2C94BC7E2833A5F7E16DE1622E5DBA70396F31C7D5F56381870317E8C46
ParentProcessGuid: {f995aebf-60f4-6942-f302-000000000e00}
ParentProcessId: 8700
ParentImage: C:\Windows\System32\WindowsPowerShell\v1.0\powershell.exe
ParentCommandLine: ""C:\Windows\System32\WindowsPowerShell\v1.0\powershell.EXE"" -command "". 'D:\a\_temp\376a09f4-185e-4c7d-b96b-edbc7a510283.ps1'""
ParentUser: runnervm8j6r3\runneradmin"
"12/17/2025 8:03:19 AM","23","File Delete archived:
RuleName: FileDelete
UtcTime: 2025-12-17 08:03:19.742
ProcessGuid: {f995aebf-63c7-6942-4806-000000000e00}
ProcessId: 2856
User: runnervm8j6r3\runneradmin
Image: C:\Windows\System32\WindowsPowerShell\v1.0\powershell.exe
TargetFilename: C:\Users\runneradmin\AppData\Local\Temp\__PSScriptPolicyTest_qsqm3qdo.w0b.ps1
Hashes: SHA256=96AD1146EB96877EAB5942AE0736B82D8B5E2039A80D3D6932665C1A4C87DCF7
IsExecutable: false
Archived: true"
"12/17/2025 8:03:19 AM","11","File created:
RuleName: FileCreate
UtcTime: 2025-12-17 08:03:19.723
ProcessGuid: {f995aebf-63c7-6942-4806-000000000e00}
ProcessId: 2856
Image: C:\Windows\System32\WindowsPowerShell\v1.0\powershell.exe
TargetFilename: C:\Users\runneradmin\AppData\Local\Temp\__PSScriptPolicyTest_qsqm3qdo.w0b.ps1
CreationUtcTime: 2025-12-17 08:03:19.723
User: runnervm8j6r3\runneradmin"
"12/17/2025 8:03:19 AM","1","Process Create:
RuleName: ProcessCreate
UtcTime: 2025-12-17 08:03:19.645
ProcessGuid: {f995aebf-63c7-6942-4806-000000000e00}
ProcessId: 2856
Image: C:\Windows\System32\WindowsPowerShell\v1.0\powershell.exe
FileVersion: 10.0.26100.5074 (WinBuild.160101.0800)
Description: Windows PowerShell
Product: Microsoft? Windows? Operating System
Company: Microsoft Corporation
OriginalFileName: PowerShell.EXE
CommandLine: ""powershell.exe"" & {Remove-Item HKCU:\Software\Classes\AppX82a6gwre4fdg3bt635tn5ctqjf8msdd2\Shell\open\command -Recurse -Force}
CurrentDirectory: C:\Users\RUNNER~1\AppData\Local\Temp\
User: runnervm8j6r3\runneradmin
LogonGuid: {f995aebf-5ae4-6942-0e06-0c0000000000}
LogonId: 0xC060E
TerminalSessionId: 2
IntegrityLevel: High
Hashes: SHA256=0FF6F2C94BC7E2833A5F7E16DE1622E5DBA70396F31C7D5F56381870317E8C46
ParentProcessGuid: {f995aebf-60f4-6942-f302-000000000e00}
ParentProcessId: 8700
ParentImage: C:\Windows\System32\WindowsPowerShell\v1.0\powershell.exe
ParentCommandLine: ""C:\Windows\System32\WindowsPowerShell\v1.0\powershell.EXE"" -command "". 'D:\a\_temp\376a09f4-185e-4c7d-b96b-edbc7a510283.ps1'""
ParentUser: runnervm8j6r3\runneradmin"
"12/17/2025 8:03:19 AM","23","File Delete archived:
RuleName: FileDelete
UtcTime: 2025-12-17 08:03:19.262
ProcessGuid: {f995aebf-63c7-6942-4606-000000000e00}
ProcessId: 7636
User: runnervm8j6r3\runneradmin
Image: C:\Windows\System32\WindowsPowerShell\v1.0\powershell.exe
TargetFilename: C:\Users\runneradmin\AppData\Local\Temp\__PSScriptPolicyTest_lwptlexe.bym.ps1
Hashes: SHA256=96AD1146EB96877EAB5942AE0736B82D8B5E2039A80D3D6932665C1A4C87DCF7
IsExecutable: false
Archived: true"
"12/17/2025 8:03:19 AM","11","File created:
RuleName: FileCreate
UtcTime: 2025-12-17 08:03:19.240
ProcessGuid: {f995aebf-63c7-6942-4606-000000000e00}
ProcessId: 7636
Image: C:\Windows\System32\WindowsPowerShell\v1.0\powershell.exe
TargetFilename: C:\Users\runneradmin\AppData\Local\Temp\__PSScriptPolicyTest_lwptlexe.bym.ps1
CreationUtcTime: 2025-12-17 08:03:19.240
User: runnervm8j6r3\runneradmin"
"12/17/2025 8:03:19 AM","1","Process Create:
RuleName: ProcessCreate
UtcTime: 2025-12-17 08:03:19.163
ProcessGuid: {f995aebf-63c7-6942-4606-000000000e00}
ProcessId: 7636
Image: C:\Windows\System32\WindowsPowerShell\v1.0\powershell.exe
FileVersion: 10.0.26100.5074 (WinBuild.160101.0800)
Description: Windows PowerShell
Product: Microsoft? Windows? Operating System
Company: Microsoft Corporation
OriginalFileName: PowerShell.EXE
CommandLine: ""powershell.exe"" & {Set-ItemProperty HKLM:\SOFTWARE\Microsoft\Windows\CurrentVersion\Policies\System -Name ConsentPromptBehaviorAdmin -Value $orgValue -Type Dword -Force}
CurrentDirectory: C:\Users\RUNNER~1\AppData\Local\Temp\
User: runnervm8j6r3\runneradmin
LogonGuid: {f995aebf-5ae4-6942-0e06-0c0000000000}
LogonId: 0xC060E
TerminalSessionId: 2
IntegrityLevel: High
Hashes: SHA256=0FF6F2C94BC7E2833A5F7E16DE1622E5DBA70396F31C7D5F56381870317E8C46
ParentProcessGuid: {f995aebf-60f4-6942-f302-000000000e00}
ParentProcessId: 8700
ParentImage: C:\Windows\System32\WindowsPowerShell\v1.0\powershell.exe
ParentCommandLine: ""C:\Windows\System32\WindowsPowerShell\v1.0\powershell.EXE"" -command "". 'D:\a\_temp\376a09f4-185e-4c7d-b96b-edbc7a510283.ps1'""
ParentUser: runnervm8j6r3\runneradmin"
"12/17/2025 8:03:18 AM","23","File Delete archived:
RuleName: FileDelete
UtcTime: 2025-12-17 08:03:18.883
ProcessGuid: {f995aebf-63c6-6942-4406-000000000e00}
ProcessId: 3116
User: runnervm8j6r3\runneradmin
Image: C:\Windows\System32\WindowsPowerShell\v1.0\powershell.exe
TargetFilename: C:\Users\runneradmin\AppData\Local\Temp\__PSScriptPolicyTest_3n5vlrgu.x2l.ps1
Hashes: SHA256=96AD1146EB96877EAB5942AE0736B82D8B5E2039A80D3D6932665C1A4C87DCF7
IsExecutable: false
Archived: true"
"12/17/2025 8:03:18 AM","11","File created:
RuleName: FileCreate
UtcTime: 2025-12-17 08:03:18.863
ProcessGuid: {f995aebf-63c6-6942-4406-000000000e00}
ProcessId: 3116
Image: C:\Windows\System32\WindowsPowerShell\v1.0\powershell.exe
TargetFilename: C:\Users\runneradmin\AppData\Local\Temp\__PSScriptPolicyTest_3n5vlrgu.x2l.ps1
CreationUtcTime: 2025-12-17 08:03:18.863
User: runnervm8j6r3\runneradmin"
"12/17/2025 8:03:18 AM","1","Process Create:
RuleName: ProcessCreate
UtcTime: 2025-12-17 08:03:18.782
ProcessGuid: {f995aebf-63c6-6942-4406-000000000e00}
ProcessId: 3116
Image: C:\Windows\System32\WindowsPowerShell\v1.0\powershell.exe
FileVersion: 10.0.26100.5074 (WinBuild.160101.0800)
Description: Windows PowerShell
Product: Microsoft? Windows? Operating System
Company: Microsoft Corporation
OriginalFileName: PowerShell.EXE
CommandLine: ""powershell.exe"" & {}
CurrentDirectory: C:\Users\RUNNER~1\AppData\Local\Temp\
User: runnervm8j6r3\runneradmin
LogonGuid: {f995aebf-5ae4-6942-0e06-0c0000000000}
LogonId: 0xC060E
TerminalSessionId: 2
IntegrityLevel: High
Hashes: SHA256=0FF6F2C94BC7E2833A5F7E16DE1622E5DBA70396F31C7D5F56381870317E8C46
ParentProcessGuid: {f995aebf-60f4-6942-f302-000000000e00}
ParentProcessId: 8700
ParentImage: C:\Windows\System32\WindowsPowerShell\v1.0\powershell.exe
ParentCommandLine: ""C:\Windows\System32\WindowsPowerShell\v1.0\powershell.EXE"" -command "". 'D:\a\_temp\376a09f4-185e-4c7d-b96b-edbc7a510283.ps1'""
ParentUser: runnervm8j6r3\runneradmin"
"12/17/2025 8:03:18 AM","23","File Delete archived:
RuleName: FileDelete
UtcTime: 2025-12-17 08:03:18.507
ProcessGuid: {f995aebf-63c6-6942-4206-000000000e00}
ProcessId: 6948
User: runnervm8j6r3\runneradmin
Image: C:\Windows\System32\WindowsPowerShell\v1.0\powershell.exe
TargetFilename: C:\Users\runneradmin\AppData\Local\Temp\__PSScriptPolicyTest_0saqprum.xon.ps1
Hashes: SHA256=96AD1146EB96877EAB5942AE0736B82D8B5E2039A80D3D6932665C1A4C87DCF7
IsExecutable: false
Archived: true"
"12/17/2025 8:03:18 AM","11","File created:
RuleName: FileCreate
UtcTime: 2025-12-17 08:03:18.485
ProcessGuid: {f995aebf-63c6-6942-4206-000000000e00}
ProcessId: 6948
Image: C:\Windows\System32\WindowsPowerShell\v1.0\powershell.exe
TargetFilename: C:\Users\runneradmin\AppData\Local\Temp\__PSScriptPolicyTest_0saqprum.xon.ps1
CreationUtcTime: 2025-12-17 08:03:18.485
User: runnervm8j6r3\runneradmin"
"12/17/2025 8:03:18 AM","1","Process Create:
RuleName: ProcessCreate
UtcTime: 2025-12-17 08:03:18.405
ProcessGuid: {f995aebf-63c6-6942-4206-000000000e00}
ProcessId: 6948
Image: C:\Windows\System32\WindowsPowerShell\v1.0\powershell.exe
FileVersion: 10.0.26100.5074 (WinBuild.160101.0800)
Description: Windows PowerShell
Product: Microsoft? Windows? Operating System
Company: Microsoft Corporation
OriginalFileName: PowerShell.EXE
CommandLine: ""powershell.exe"" & {}
CurrentDirectory: C:\Users\RUNNER~1\AppData\Local\Temp\
User: runnervm8j6r3\runneradmin
LogonGuid: {f995aebf-5ae4-6942-0e06-0c0000000000}
LogonId: 0xC060E
TerminalSessionId: 2
IntegrityLevel: High
Hashes: SHA256=0FF6F2C94BC7E2833A5F7E16DE1622E5DBA70396F31C7D5F56381870317E8C46
ParentProcessGuid: {f995aebf-60f4-6942-f302-000000000e00}
ParentProcessId: 8700
ParentImage: C:\Windows\System32\WindowsPowerShell\v1.0\powershell.exe
ParentCommandLine: ""C:\Windows\System32\WindowsPowerShell\v1.0\powershell.EXE"" -command "". 'D:\a\_temp\376a09f4-185e-4c7d-b96b-edbc7a510283.ps1'""
ParentUser: runnervm8j6r3\runneradmin"
"12/17/2025 8:03:18 AM","23","File Delete archived:
RuleName: FileDelete
UtcTime: 2025-12-17 08:03:18.129
ProcessGuid: {f995aebf-63c6-6942-4006-000000000e00}
ProcessId: 2160
User: runnervm8j6r3\runneradmin
Image: C:\Windows\System32\WindowsPowerShell\v1.0\powershell.exe
TargetFilename: C:\Users\runneradmin\AppData\Local\Temp\__PSScriptPolicyTest_0hiivdx4.njf.ps1
Hashes: SHA256=96AD1146EB96877EAB5942AE0736B82D8B5E2039A80D3D6932665C1A4C87DCF7
IsExecutable: false
Archived: true"
"12/17/2025 8:03:18 AM","11","File created:
RuleName: FileCreate
UtcTime: 2025-12-17 08:03:18.108
ProcessGuid: {f995aebf-63c6-6942-4006-000000000e00}
ProcessId: 2160
Image: C:\Windows\System32\WindowsPowerShell\v1.0\powershell.exe
TargetFilename: C:\Users\runneradmin\AppData\Local\Temp\__PSScriptPolicyTest_0hiivdx4.njf.ps1
CreationUtcTime: 2025-12-17 08:03:18.108
User: runnervm8j6r3\runneradmin"
"12/17/2025 8:03:18 AM","1","Process Create:
RuleName: ProcessCreate
UtcTime: 2025-12-17 08:03:18.026
ProcessGuid: {f995aebf-63c6-6942-4006-000000000e00}
ProcessId: 2160
Image: C:\Windows\System32\WindowsPowerShell\v1.0\powershell.exe
FileVersion: 10.0.26100.5074 (WinBuild.160101.0800)
Description: Windows PowerShell
Product: Microsoft? Windows? Operating System
Company: Microsoft Corporation
OriginalFileName: PowerShell.EXE
CommandLine: ""powershell.exe"" & {}
CurrentDirectory: C:\Users\RUNNER~1\AppData\Local\Temp\
User: runnervm8j6r3\runneradmin
LogonGuid: {f995aebf-5ae4-6942-0e06-0c0000000000}
LogonId: 0xC060E
TerminalSessionId: 2
IntegrityLevel: High
Hashes: SHA256=0FF6F2C94BC7E2833A5F7E16DE1622E5DBA70396F31C7D5F56381870317E8C46
ParentProcessGuid: {f995aebf-60f4-6942-f302-000000000e00}
ParentProcessId: 8700
ParentImage: C:\Windows\System32\WindowsPowerShell\v1.0\powershell.exe
ParentCommandLine: ""C:\Windows\System32\WindowsPowerShell\v1.0\powershell.EXE"" -command "". 'D:\a\_temp\376a09f4-185e-4c7d-b96b-edbc7a510283.ps1'""
ParentUser: runnervm8j6r3\runneradmin"
"12/17/2025 8:03:17 AM","23","File Delete archived:
RuleName: FileDelete
UtcTime: 2025-12-17 08:03:17.747
ProcessGuid: {f995aebf-63c5-6942-3e06-000000000e00}
ProcessId: 4356
User: runnervm8j6r3\runneradmin
Image: C:\Windows\System32\WindowsPowerShell\v1.0\powershell.exe
TargetFilename: C:\Users\runneradmin\AppData\Local\Temp\__PSScriptPolicyTest_xnne0zzw.0x0.ps1
Hashes: SHA256=96AD1146EB96877EAB5942AE0736B82D8B5E2039A80D3D6932665C1A4C87DCF7
IsExecutable: false
Archived: true"
"12/17/2025 8:03:17 AM","11","File created:
RuleName: FileCreate
UtcTime: 2025-12-17 08:03:17.727
ProcessGuid: {f995aebf-63c5-6942-3e06-000000000e00}
ProcessId: 4356
Image: C:\Windows\System32\WindowsPowerShell\v1.0\powershell.exe
TargetFilename: C:\Users\runneradmin\AppData\Local\Temp\__PSScriptPolicyTest_xnne0zzw.0x0.ps1
CreationUtcTime: 2025-12-17 08:03:17.727
User: runnervm8j6r3\runneradmin"
"12/17/2025 8:03:17 AM","1","Process Create:
RuleName: ProcessCreate
UtcTime: 2025-12-17 08:03:17.649
ProcessGuid: {f995aebf-63c5-6942-3e06-000000000e00}
ProcessId: 4356
Image: C:\Windows\System32\WindowsPowerShell\v1.0\powershell.exe
FileVersion: 10.0.26100.5074 (WinBuild.160101.0800)
Description: Windows PowerShell
Product: Microsoft? Windows? Operating System
Company: Microsoft Corporation
OriginalFileName: PowerShell.EXE
CommandLine: ""powershell.exe"" & {}
CurrentDirectory: C:\Users\RUNNER~1\AppData\Local\Temp\
User: runnervm8j6r3\runneradmin
LogonGuid: {f995aebf-5ae4-6942-0e06-0c0000000000}
LogonId: 0xC060E
TerminalSessionId: 2
IntegrityLevel: High
Hashes: SHA256=0FF6F2C94BC7E2833A5F7E16DE1622E5DBA70396F31C7D5F56381870317E8C46
ParentProcessGuid: {f995aebf-60f4-6942-f302-000000000e00}
ParentProcessId: 8700
ParentImage: C:\Windows\System32\WindowsPowerShell\v1.0\powershell.exe
ParentCommandLine: ""C:\Windows\System32\WindowsPowerShell\v1.0\powershell.EXE"" -command "". 'D:\a\_temp\376a09f4-185e-4c7d-b96b-edbc7a510283.ps1'""
ParentUser: runnervm8j6r3\runneradmin"
"12/17/2025 8:03:17 AM","23","File Delete archived:
RuleName: FileDelete
UtcTime: 2025-12-17 08:03:17.277
ProcessGuid: {f995aebf-63c5-6942-3d06-000000000e00}
ProcessId: 8800
User: runnervm8j6r3\runneradmin
Image: C:\Windows\System32\WindowsPowerShell\v1.0\powershell.exe
TargetFilename: C:\Users\runneradmin\AppData\Local\Temp\__PSScriptPolicyTest_33fa4trx.egv.ps1
Hashes: SHA256=96AD1146EB96877EAB5942AE0736B82D8B5E2039A80D3D6932665C1A4C87DCF7
IsExecutable: false
Archived: true"
"12/17/2025 8:03:17 AM","11","File created:
RuleName: FileCreate
UtcTime: 2025-12-17 08:03:17.257
ProcessGuid: {f995aebf-63c5-6942-3d06-000000000e00}
ProcessId: 8800
Image: C:\Windows\System32\WindowsPowerShell\v1.0\powershell.exe
TargetFilename: C:\Users\runneradmin\AppData\Local\Temp\__PSScriptPolicyTest_33fa4trx.egv.ps1
CreationUtcTime: 2025-12-17 08:03:17.257
User: runnervm8j6r3\runneradmin"
"12/17/2025 8:03:17 AM","1","Process Create:
RuleName: ProcessCreate
UtcTime: 2025-12-17 08:03:17.191
ProcessGuid: {f995aebf-63c5-6942-3d06-000000000e00}
ProcessId: 8800
Image: C:\Windows\System32\WindowsPowerShell\v1.0\powershell.exe
FileVersion: 10.0.26100.5074 (WinBuild.160101.0800)
Description: Windows PowerShell
Product: Microsoft? Windows? Operating System
Company: Microsoft Corporation
OriginalFileName: PowerShell.EXE
CommandLine: powershell  Stop-Process -Name cmd -Force -ErrorAction Ignore 
CurrentDirectory: C:\Users\RUNNER~1\AppData\Local\Temp\
User: runnervm8j6r3\runneradmin
LogonGuid: {f995aebf-5ae4-6942-0e06-0c0000000000}
LogonId: 0xC060E
TerminalSessionId: 2
IntegrityLevel: High
Hashes: SHA256=0FF6F2C94BC7E2833A5F7E16DE1622E5DBA70396F31C7D5F56381870317E8C46
ParentProcessGuid: {f995aebf-63c5-6942-3b06-000000000e00}
ParentProcessId: 5244
ParentImage: C:\Windows\System32\cmd.exe
ParentCommandLine: ""cmd.exe"" /c powershell Stop-Process -Name cmd -Force -ErrorAction Ignore & powershell Stop-Process -Name mmc -Force -ErrorAction Ignore
ParentUser: runnervm8j6r3\runneradmin"
"12/17/2025 8:03:17 AM","1","Process Create:
RuleName: ProcessCreate
UtcTime: 2025-12-17 08:03:17.168
ProcessGuid: {f995aebf-63c5-6942-3b06-000000000e00}
ProcessId: 5244
Image: C:\Windows\System32\cmd.exe
FileVersion: 10.0.26100.7019 (WinBuild.160101.0800)
Description: Windows Command Processor
Product: Microsoft? Windows? Operating System
Company: Microsoft Corporation
OriginalFileName: Cmd.Exe
CommandLine: ""cmd.exe"" /c powershell Stop-Process -Name cmd -Force -ErrorAction Ignore & powershell Stop-Process -Name mmc -Force -ErrorAction Ignore
CurrentDirectory: C:\Users\RUNNER~1\AppData\Local\Temp\
User: runnervm8j6r3\runneradmin
LogonGuid: {f995aebf-5ae4-6942-0e06-0c0000000000}
LogonId: 0xC060E
TerminalSessionId: 2
IntegrityLevel: High
Hashes: SHA256=9695CF4566DDF878A69C3D419E0DA4EEA87B0F24261AD8E79A3A9C4A9885429C
ParentProcessGuid: {f995aebf-60f4-6942-f302-000000000e00}
ParentProcessId: 8700
ParentImage: C:\Windows\System32\WindowsPowerShell\v1.0\powershell.exe
ParentCommandLine: ""C:\Windows\System32\WindowsPowerShell\v1.0\powershell.EXE"" -command "". 'D:\a\_temp\376a09f4-185e-4c7d-b96b-edbc7a510283.ps1'""
ParentUser: runnervm8j6r3\runneradmin"
"12/17/2025 8:03:16 AM","23","File Delete archived:
RuleName: FileDelete
UtcTime: 2025-12-17 08:03:16.792
ProcessGuid: {f995aebf-63c4-6942-3a06-000000000e00}
ProcessId: 2368
User: runnervm8j6r3\runneradmin
Image: C:\Windows\System32\WindowsPowerShell\v1.0\powershell.exe
TargetFilename: C:\Users\runneradmin\AppData\Local\Temp\__PSScriptPolicyTest_v2rwodx1.mlw.ps1
Hashes: SHA256=96AD1146EB96877EAB5942AE0736B82D8B5E2039A80D3D6932665C1A4C87DCF7
IsExecutable: false
Archived: true"
"12/17/2025 8:03:16 AM","11","File created:
RuleName: FileCreate
UtcTime: 2025-12-17 08:03:16.770
ProcessGuid: {f995aebf-63c4-6942-3a06-000000000e00}
ProcessId: 2368
Image: C:\Windows\System32\WindowsPowerShell\v1.0\powershell.exe
TargetFilename: C:\Users\runneradmin\AppData\Local\Temp\__PSScriptPolicyTest_v2rwodx1.mlw.ps1
CreationUtcTime: 2025-12-17 08:03:16.770
User: runnervm8j6r3\runneradmin"
"12/17/2025 8:03:16 AM","1","Process Create:
RuleName: ProcessCreate
UtcTime: 2025-12-17 08:03:16.700
ProcessGuid: {f995aebf-63c4-6942-3a06-000000000e00}
ProcessId: 2368
Image: C:\Windows\System32\WindowsPowerShell\v1.0\powershell.exe
FileVersion: 10.0.26100.5074 (WinBuild.160101.0800)
Description: Windows PowerShell
Product: Microsoft? Windows? Operating System
Company: Microsoft Corporation
OriginalFileName: PowerShell.EXE
CommandLine: powershell  Stop-Process -Name cmd -Force -ErrorAction Ignore 
CurrentDirectory: C:\Users\RUNNER~1\AppData\Local\Temp\
User: runnervm8j6r3\runneradmin
LogonGuid: {f995aebf-5ae4-6942-0e06-0c0000000000}
LogonId: 0xC060E
TerminalSessionId: 2
IntegrityLevel: High
Hashes: SHA256=0FF6F2C94BC7E2833A5F7E16DE1622E5DBA70396F31C7D5F56381870317E8C46
ParentProcessGuid: {f995aebf-63c4-6942-3806-000000000e00}
ParentProcessId: 5516
ParentImage: C:\Windows\System32\cmd.exe
ParentCommandLine: ""cmd.exe"" /c powershell Stop-Process -Name cmd -Force -ErrorAction Ignore & powershell Stop-Process -Name mmc -Force -ErrorAction Ignore
ParentUser: runnervm8j6r3\runneradmin"
"12/17/2025 8:03:16 AM","1","Process Create:
RuleName: ProcessCreate
UtcTime: 2025-12-17 08:03:16.676
ProcessGuid: {f995aebf-63c4-6942-3806-000000000e00}
ProcessId: 5516
Image: C:\Windows\System32\cmd.exe
FileVersion: 10.0.26100.7019 (WinBuild.160101.0800)
Description: Windows Command Processor
Product: Microsoft? Windows? Operating System
Company: Microsoft Corporation
OriginalFileName: Cmd.Exe
CommandLine: ""cmd.exe"" /c powershell Stop-Process -Name cmd -Force -ErrorAction Ignore & powershell Stop-Process -Name mmc -Force -ErrorAction Ignore
CurrentDirectory: C:\Users\RUNNER~1\AppData\Local\Temp\
User: runnervm8j6r3\runneradmin
LogonGuid: {f995aebf-5ae4-6942-0e06-0c0000000000}
LogonId: 0xC060E
TerminalSessionId: 2
IntegrityLevel: High
Hashes: SHA256=9695CF4566DDF878A69C3D419E0DA4EEA87B0F24261AD8E79A3A9C4A9885429C
ParentProcessGuid: {f995aebf-60f4-6942-f302-000000000e00}
ParentProcessId: 8700
ParentImage: C:\Windows\System32\WindowsPowerShell\v1.0\powershell.exe
ParentCommandLine: ""C:\Windows\System32\WindowsPowerShell\v1.0\powershell.EXE"" -command "". 'D:\a\_temp\376a09f4-185e-4c7d-b96b-edbc7a510283.ps1'""
ParentUser: runnervm8j6r3\runneradmin"
"12/17/2025 8:03:16 AM","23","File Delete archived:
RuleName: FileDelete
UtcTime: 2025-12-17 08:03:16.308
ProcessGuid: {f995aebf-63c4-6942-3706-000000000e00}
ProcessId: 9816
User: runnervm8j6r3\runneradmin
Image: C:\Windows\System32\WindowsPowerShell\v1.0\powershell.exe
TargetFilename: C:\Users\runneradmin\AppData\Local\Temp\__PSScriptPolicyTest_n3neffnn.q4h.ps1
Hashes: SHA256=96AD1146EB96877EAB5942AE0736B82D8B5E2039A80D3D6932665C1A4C87DCF7
IsExecutable: false
Archived: true"
"12/17/2025 8:03:16 AM","11","File created:
RuleName: FileCreate
UtcTime: 2025-12-17 08:03:16.286
ProcessGuid: {f995aebf-63c4-6942-3706-000000000e00}
ProcessId: 9816
Image: C:\Windows\System32\WindowsPowerShell\v1.0\powershell.exe
TargetFilename: C:\Users\runneradmin\AppData\Local\Temp\__PSScriptPolicyTest_n3neffnn.q4h.ps1
CreationUtcTime: 2025-12-17 08:03:16.286
User: runnervm8j6r3\runneradmin"
"12/17/2025 8:03:16 AM","1","Process Create:
RuleName: ProcessCreate
UtcTime: 2025-12-17 08:03:16.222
ProcessGuid: {f995aebf-63c4-6942-3706-000000000e00}
ProcessId: 9816
Image: C:\Windows\System32\WindowsPowerShell\v1.0\powershell.exe
FileVersion: 10.0.26100.5074 (WinBuild.160101.0800)
Description: Windows PowerShell
Product: Microsoft? Windows? Operating System
Company: Microsoft Corporation
OriginalFileName: PowerShell.EXE
CommandLine: powershell  Stop-Process -Name cmd -Force -ErrorAction Ignore 
CurrentDirectory: C:\Users\RUNNER~1\AppData\Local\Temp\
User: runnervm8j6r3\runneradmin
LogonGuid: {f995aebf-5ae4-6942-0e06-0c0000000000}
LogonId: 0xC060E
TerminalSessionId: 2
IntegrityLevel: High
Hashes: SHA256=0FF6F2C94BC7E2833A5F7E16DE1622E5DBA70396F31C7D5F56381870317E8C46
ParentProcessGuid: {f995aebf-63c4-6942-3506-000000000e00}
ParentProcessId: 5388
ParentImage: C:\Windows\System32\cmd.exe
ParentCommandLine: ""cmd.exe"" /c powershell Stop-Process -Name cmd -Force -ErrorAction Ignore & powershell Stop-Process -Name mmc -Force -ErrorAction Ignore
ParentUser: runnervm8j6r3\runneradmin"
"12/17/2025 8:03:16 AM","1","Process Create:
RuleName: ProcessCreate
UtcTime: 2025-12-17 08:03:16.199
ProcessGuid: {f995aebf-63c4-6942-3506-000000000e00}
ProcessId: 5388
Image: C:\Windows\System32\cmd.exe
FileVersion: 10.0.26100.7019 (WinBuild.160101.0800)
Description: Windows Command Processor
Product: Microsoft? Windows? Operating System
Company: Microsoft Corporation
OriginalFileName: Cmd.Exe
CommandLine: ""cmd.exe"" /c powershell Stop-Process -Name cmd -Force -ErrorAction Ignore & powershell Stop-Process -Name mmc -Force -ErrorAction Ignore
CurrentDirectory: C:\Users\RUNNER~1\AppData\Local\Temp\
User: runnervm8j6r3\runneradmin
LogonGuid: {f995aebf-5ae4-6942-0e06-0c0000000000}
LogonId: 0xC060E
TerminalSessionId: 2
IntegrityLevel: High
Hashes: SHA256=9695CF4566DDF878A69C3D419E0DA4EEA87B0F24261AD8E79A3A9C4A9885429C
ParentProcessGuid: {f995aebf-60f4-6942-f302-000000000e00}
ParentProcessId: 8700
ParentImage: C:\Windows\System32\WindowsPowerShell\v1.0\powershell.exe
ParentCommandLine: ""C:\Windows\System32\WindowsPowerShell\v1.0\powershell.EXE"" -command "". 'D:\a\_temp\376a09f4-185e-4c7d-b96b-edbc7a510283.ps1'""
ParentUser: runnervm8j6r3\runneradmin"
"12/17/2025 8:03:15 AM","23","File Delete archived:
RuleName: FileDelete
UtcTime: 2025-12-17 08:03:15.830
ProcessGuid: {f995aebf-63c3-6942-3406-000000000e00}
ProcessId: 8348
User: runnervm8j6r3\runneradmin
Image: C:\Windows\System32\WindowsPowerShell\v1.0\powershell.exe
TargetFilename: C:\Users\runneradmin\AppData\Local\Temp\__PSScriptPolicyTest_3lhaa32y.aha.ps1
Hashes: SHA256=96AD1146EB96877EAB5942AE0736B82D8B5E2039A80D3D6932665C1A4C87DCF7
IsExecutable: false
Archived: true"
"12/17/2025 8:03:15 AM","11","File created:
RuleName: FileCreate
UtcTime: 2025-12-17 08:03:15.810
ProcessGuid: {f995aebf-63c3-6942-3406-000000000e00}
ProcessId: 8348
Image: C:\Windows\System32\WindowsPowerShell\v1.0\powershell.exe
TargetFilename: C:\Users\runneradmin\AppData\Local\Temp\__PSScriptPolicyTest_3lhaa32y.aha.ps1
CreationUtcTime: 2025-12-17 08:03:15.810
User: runnervm8j6r3\runneradmin"
"12/17/2025 8:03:15 AM","1","Process Create:
RuleName: ProcessCreate
UtcTime: 2025-12-17 08:03:15.745
ProcessGuid: {f995aebf-63c3-6942-3406-000000000e00}
ProcessId: 8348
Image: C:\Windows\System32\WindowsPowerShell\v1.0\powershell.exe
FileVersion: 10.0.26100.5074 (WinBuild.160101.0800)
Description: Windows PowerShell
Product: Microsoft? Windows? Operating System
Company: Microsoft Corporation
OriginalFileName: PowerShell.EXE
CommandLine: powershell  Stop-Process -Name cmd -Force -ErrorAction Ignore 
CurrentDirectory: C:\Users\RUNNER~1\AppData\Local\Temp\
User: runnervm8j6r3\runneradmin
LogonGuid: {f995aebf-5ae4-6942-0e06-0c0000000000}
LogonId: 0xC060E
TerminalSessionId: 2
IntegrityLevel: High
Hashes: SHA256=0FF6F2C94BC7E2833A5F7E16DE1622E5DBA70396F31C7D5F56381870317E8C46
ParentProcessGuid: {f995aebf-63c3-6942-3206-000000000e00}
ParentProcessId: 9904
ParentImage: C:\Windows\System32\cmd.exe
ParentCommandLine: ""cmd.exe"" /c powershell Stop-Process -Name cmd -Force -ErrorAction Ignore & powershell Stop-Process -Name mmc -Force -ErrorAction Ignore
ParentUser: runnervm8j6r3\runneradmin"
"12/17/2025 8:03:15 AM","1","Process Create:
RuleName: ProcessCreate
UtcTime: 2025-12-17 08:03:15.723
ProcessGuid: {f995aebf-63c3-6942-3206-000000000e00}
ProcessId: 9904
Image: C:\Windows\System32\cmd.exe
FileVersion: 10.0.26100.7019 (WinBuild.160101.0800)
Description: Windows Command Processor
Product: Microsoft? Windows? Operating System
Company: Microsoft Corporation
OriginalFileName: Cmd.Exe
CommandLine: ""cmd.exe"" /c powershell Stop-Process -Name cmd -Force -ErrorAction Ignore & powershell Stop-Process -Name mmc -Force -ErrorAction Ignore
CurrentDirectory: C:\Users\RUNNER~1\AppData\Local\Temp\
User: runnervm8j6r3\runneradmin
LogonGuid: {f995aebf-5ae4-6942-0e06-0c0000000000}
LogonId: 0xC060E
TerminalSessionId: 2
IntegrityLevel: High
Hashes: SHA256=9695CF4566DDF878A69C3D419E0DA4EEA87B0F24261AD8E79A3A9C4A9885429C
ParentProcessGuid: {f995aebf-60f4-6942-f302-000000000e00}
ParentProcessId: 8700
ParentImage: C:\Windows\System32\WindowsPowerShell\v1.0\powershell.exe
ParentCommandLine: ""C:\Windows\System32\WindowsPowerShell\v1.0\powershell.EXE"" -command "". 'D:\a\_temp\376a09f4-185e-4c7d-b96b-edbc7a510283.ps1'""
ParentUser: runnervm8j6r3\runneradmin"
"12/17/2025 8:03:15 AM","23","File Delete archived:
RuleName: FileDelete
UtcTime: 2025-12-17 08:03:15.354
ProcessGuid: {f995aebf-63c3-6942-3106-000000000e00}
ProcessId: 780
User: runnervm8j6r3\runneradmin
Image: C:\Windows\System32\WindowsPowerShell\v1.0\powershell.exe
TargetFilename: C:\Users\runneradmin\AppData\Local\Temp\__PSScriptPolicyTest_1eeziyqj.xtm.ps1
Hashes: SHA256=96AD1146EB96877EAB5942AE0736B82D8B5E2039A80D3D6932665C1A4C87DCF7
IsExecutable: false
Archived: true"
"12/17/2025 8:03:15 AM","11","File created:
RuleName: FileCreate
UtcTime: 2025-12-17 08:03:15.332
ProcessGuid: {f995aebf-63c3-6942-3106-000000000e00}
ProcessId: 780
Image: C:\Windows\System32\WindowsPowerShell\v1.0\powershell.exe
TargetFilename: C:\Users\runneradmin\AppData\Local\Temp\__PSScriptPolicyTest_1eeziyqj.xtm.ps1
CreationUtcTime: 2025-12-17 08:03:15.332
User: runnervm8j6r3\runneradmin"
"12/17/2025 8:03:15 AM","1","Process Create:
RuleName: ProcessCreate
UtcTime: 2025-12-17 08:03:15.268
ProcessGuid: {f995aebf-63c3-6942-3106-000000000e00}
ProcessId: 780
Image: C:\Windows\System32\WindowsPowerShell\v1.0\powershell.exe
FileVersion: 10.0.26100.5074 (WinBuild.160101.0800)
Description: Windows PowerShell
Product: Microsoft? Windows? Operating System
Company: Microsoft Corporation
OriginalFileName: PowerShell.EXE
CommandLine: powershell  Stop-Process -Name cmd -Force -ErrorAction Ignore 
CurrentDirectory: C:\Users\RUNNER~1\AppData\Local\Temp\
User: runnervm8j6r3\runneradmin
LogonGuid: {f995aebf-5ae4-6942-0e06-0c0000000000}
LogonId: 0xC060E
TerminalSessionId: 2
IntegrityLevel: High
Hashes: SHA256=0FF6F2C94BC7E2833A5F7E16DE1622E5DBA70396F31C7D5F56381870317E8C46
ParentProcessGuid: {f995aebf-63c3-6942-2f06-000000000e00}
ParentProcessId: 3924
ParentImage: C:\Windows\System32\cmd.exe
ParentCommandLine: ""cmd.exe"" /c powershell Stop-Process -Name cmd -Force -ErrorAction Ignore & powershell Stop-Process -Name mmc -Force -ErrorAction Ignore
ParentUser: runnervm8j6r3\runneradmin"
"12/17/2025 8:03:15 AM","1","Process Create:
RuleName: ProcessCreate
UtcTime: 2025-12-17 08:03:15.245
ProcessGuid: {f995aebf-63c3-6942-2f06-000000000e00}
ProcessId: 3924
Image: C:\Windows\System32\cmd.exe
FileVersion: 10.0.26100.7019 (WinBuild.160101.0800)
Description: Windows Command Processor
Product: Microsoft? Windows? Operating System
Company: Microsoft Corporation
OriginalFileName: Cmd.Exe
CommandLine: ""cmd.exe"" /c powershell Stop-Process -Name cmd -Force -ErrorAction Ignore & powershell Stop-Process -Name mmc -Force -ErrorAction Ignore
CurrentDirectory: C:\Users\RUNNER~1\AppData\Local\Temp\
User: runnervm8j6r3\runneradmin
LogonGuid: {f995aebf-5ae4-6942-0e06-0c0000000000}
LogonId: 0xC060E
TerminalSessionId: 2
IntegrityLevel: High
Hashes: SHA256=9695CF4566DDF878A69C3D419E0DA4EEA87B0F24261AD8E79A3A9C4A9885429C
ParentProcessGuid: {f995aebf-60f4-6942-f302-000000000e00}
ParentProcessId: 8700
ParentImage: C:\Windows\System32\WindowsPowerShell\v1.0\powershell.exe
ParentCommandLine: ""C:\Windows\System32\WindowsPowerShell\v1.0\powershell.EXE"" -command "". 'D:\a\_temp\376a09f4-185e-4c7d-b96b-edbc7a510283.ps1'""
ParentUser: runnervm8j6r3\runneradmin"
"12/17/2025 8:03:14 AM","23","File Delete archived:
RuleName: FileDelete
UtcTime: 2025-12-17 08:03:14.839
ProcessGuid: {f995aebf-63c2-6942-2e06-000000000e00}
ProcessId: 2480
User: runnervm8j6r3\runneradmin
Image: C:\Windows\System32\WindowsPowerShell\v1.0\powershell.exe
TargetFilename: C:\Users\runneradmin\AppData\Local\Temp\__PSScriptPolicyTest_5j23uxjf.g4c.ps1
Hashes: SHA256=96AD1146EB96877EAB5942AE0736B82D8B5E2039A80D3D6932665C1A4C87DCF7
IsExecutable: false
Archived: true"
"12/17/2025 8:03:14 AM","11","File created:
RuleName: FileCreate
UtcTime: 2025-12-17 08:03:14.818
ProcessGuid: {f995aebf-63c2-6942-2e06-000000000e00}
ProcessId: 2480
Image: C:\Windows\System32\WindowsPowerShell\v1.0\powershell.exe
TargetFilename: C:\Users\runneradmin\AppData\Local\Temp\__PSScriptPolicyTest_5j23uxjf.g4c.ps1
CreationUtcTime: 2025-12-17 08:03:14.817
User: runnervm8j6r3\runneradmin"
"12/17/2025 8:03:14 AM","1","Process Create:
RuleName: ProcessCreate
UtcTime: 2025-12-17 08:03:14.750
ProcessGuid: {f995aebf-63c2-6942-2e06-000000000e00}
ProcessId: 2480
Image: C:\Windows\System32\WindowsPowerShell\v1.0\powershell.exe
FileVersion: 10.0.26100.5074 (WinBuild.160101.0800)
Description: Windows PowerShell
Product: Microsoft? Windows? Operating System
Company: Microsoft Corporation
OriginalFileName: PowerShell.EXE
CommandLine: powershell  Stop-Process -Name cmd -Force -ErrorAction Ignore 
CurrentDirectory: C:\Users\RUNNER~1\AppData\Local\Temp\
User: runnervm8j6r3\runneradmin
LogonGuid: {f995aebf-5ae4-6942-0e06-0c0000000000}
LogonId: 0xC060E
TerminalSessionId: 2
IntegrityLevel: High
Hashes: SHA256=0FF6F2C94BC7E2833A5F7E16DE1622E5DBA70396F31C7D5F56381870317E8C46
ParentProcessGuid: {f995aebf-63c2-6942-2c06-000000000e00}
ParentProcessId: 4492
ParentImage: C:\Windows\System32\cmd.exe
ParentCommandLine: ""cmd.exe"" /c powershell Stop-Process -Name cmd -Force -ErrorAction Ignore & powershell Stop-Process -Name mmc -Force -ErrorAction Ignore
ParentUser: runnervm8j6r3\runneradmin"
"12/17/2025 8:03:14 AM","1","Process Create:
RuleName: ProcessCreate
UtcTime: 2025-12-17 08:03:14.727
ProcessGuid: {f995aebf-63c2-6942-2c06-000000000e00}
ProcessId: 4492
Image: C:\Windows\System32\cmd.exe
FileVersion: 10.0.26100.7019 (WinBuild.160101.0800)
Description: Windows Command Processor
Product: Microsoft? Windows? Operating System
Company: Microsoft Corporation
OriginalFileName: Cmd.Exe
CommandLine: ""cmd.exe"" /c powershell Stop-Process -Name cmd -Force -ErrorAction Ignore & powershell Stop-Process -Name mmc -Force -ErrorAction Ignore
CurrentDirectory: C:\Users\RUNNER~1\AppData\Local\Temp\
User: runnervm8j6r3\runneradmin
LogonGuid: {f995aebf-5ae4-6942-0e06-0c0000000000}
LogonId: 0xC060E
TerminalSessionId: 2
IntegrityLevel: High
Hashes: SHA256=9695CF4566DDF878A69C3D419E0DA4EEA87B0F24261AD8E79A3A9C4A9885429C
ParentProcessGuid: {f995aebf-60f4-6942-f302-000000000e00}
ParentProcessId: 8700
ParentImage: C:\Windows\System32\WindowsPowerShell\v1.0\powershell.exe
ParentCommandLine: ""C:\Windows\System32\WindowsPowerShell\v1.0\powershell.EXE"" -command "". 'D:\a\_temp\376a09f4-185e-4c7d-b96b-edbc7a510283.ps1'""
ParentUser: runnervm8j6r3\runneradmin"
"12/17/2025 8:03:14 AM","23","File Delete archived:
RuleName: FileDelete
UtcTime: 2025-12-17 08:03:14.353
ProcessGuid: {f995aebf-63c2-6942-2b06-000000000e00}
ProcessId: 5384
User: runnervm8j6r3\runneradmin
Image: C:\Windows\System32\WindowsPowerShell\v1.0\powershell.exe
TargetFilename: C:\Users\runneradmin\AppData\Local\Temp\__PSScriptPolicyTest_gka3vk2p.1en.ps1
Hashes: SHA256=96AD1146EB96877EAB5942AE0736B82D8B5E2039A80D3D6932665C1A4C87DCF7
IsExecutable: false
Archived: true"
"12/17/2025 8:03:14 AM","11","File created:
RuleName: FileCreate
UtcTime: 2025-12-17 08:03:14.332
ProcessGuid: {f995aebf-63c2-6942-2b06-000000000e00}
ProcessId: 5384
Image: C:\Windows\System32\WindowsPowerShell\v1.0\powershell.exe
TargetFilename: C:\Users\runneradmin\AppData\Local\Temp\__PSScriptPolicyTest_gka3vk2p.1en.ps1
CreationUtcTime: 2025-12-17 08:03:14.332
User: runnervm8j6r3\runneradmin"
"12/17/2025 8:03:14 AM","1","Process Create:
RuleName: ProcessCreate
UtcTime: 2025-12-17 08:03:14.267
ProcessGuid: {f995aebf-63c2-6942-2b06-000000000e00}
ProcessId: 5384
Image: C:\Windows\System32\WindowsPowerShell\v1.0\powershell.exe
FileVersion: 10.0.26100.5074 (WinBuild.160101.0800)
Description: Windows PowerShell
Product: Microsoft? Windows? Operating System
Company: Microsoft Corporation
OriginalFileName: PowerShell.EXE
CommandLine: powershell  Stop-Process -Name cmd -Force -ErrorAction Ignore 
CurrentDirectory: C:\Users\RUNNER~1\AppData\Local\Temp\
User: runnervm8j6r3\runneradmin
LogonGuid: {f995aebf-5ae4-6942-0e06-0c0000000000}
LogonId: 0xC060E
TerminalSessionId: 2
IntegrityLevel: High
Hashes: SHA256=0FF6F2C94BC7E2833A5F7E16DE1622E5DBA70396F31C7D5F56381870317E8C46
ParentProcessGuid: {f995aebf-63c2-6942-2906-000000000e00}
ParentProcessId: 9724
ParentImage: C:\Windows\System32\cmd.exe
ParentCommandLine: ""cmd.exe"" /c powershell Stop-Process -Name cmd -Force -ErrorAction Ignore & powershell Stop-Process -Name mmc -Force -ErrorAction Ignore
ParentUser: runnervm8j6r3\runneradmin"
"12/17/2025 8:03:14 AM","1","Process Create:
RuleName: ProcessCreate
UtcTime: 2025-12-17 08:03:14.243
ProcessGuid: {f995aebf-63c2-6942-2906-000000000e00}
ProcessId: 9724
Image: C:\Windows\System32\cmd.exe
FileVersion: 10.0.26100.7019 (WinBuild.160101.0800)
Description: Windows Command Processor
Product: Microsoft? Windows? Operating System
Company: Microsoft Corporation
OriginalFileName: Cmd.Exe
CommandLine: ""cmd.exe"" /c powershell Stop-Process -Name cmd -Force -ErrorAction Ignore & powershell Stop-Process -Name mmc -Force -ErrorAction Ignore
CurrentDirectory: C:\Users\RUNNER~1\AppData\Local\Temp\
User: runnervm8j6r3\runneradmin
LogonGuid: {f995aebf-5ae4-6942-0e06-0c0000000000}
LogonId: 0xC060E
TerminalSessionId: 2
IntegrityLevel: High
Hashes: SHA256=9695CF4566DDF878A69C3D419E0DA4EEA87B0F24261AD8E79A3A9C4A9885429C
ParentProcessGuid: {f995aebf-60f4-6942-f302-000000000e00}
ParentProcessId: 8700
ParentImage: C:\Windows\System32\WindowsPowerShell\v1.0\powershell.exe
ParentCommandLine: ""C:\Windows\System32\WindowsPowerShell\v1.0\powershell.EXE"" -command "". 'D:\a\_temp\376a09f4-185e-4c7d-b96b-edbc7a510283.ps1'""
ParentUser: runnervm8j6r3\runneradmin"
"12/17/2025 8:03:13 AM","23","File Delete archived:
RuleName: FileDelete
UtcTime: 2025-12-17 08:03:13.750
ProcessGuid: {f995aebf-63c1-6942-2806-000000000e00}
ProcessId: 956
User: runnervm8j6r3\runneradmin
Image: C:\Windows\System32\WindowsPowerShell\v1.0\powershell.exe
TargetFilename: C:\Users\runneradmin\AppData\Local\Temp\__PSScriptPolicyTest_wyw3y2js.kd2.ps1
Hashes: SHA256=96AD1146EB96877EAB5942AE0736B82D8B5E2039A80D3D6932665C1A4C87DCF7
IsExecutable: false
Archived: true"
"12/17/2025 8:03:13 AM","11","File created:
RuleName: FileCreate
UtcTime: 2025-12-17 08:03:13.728
ProcessGuid: {f995aebf-63c1-6942-2806-000000000e00}
ProcessId: 956
Image: C:\Windows\System32\WindowsPowerShell\v1.0\powershell.exe
TargetFilename: C:\Users\runneradmin\AppData\Local\Temp\__PSScriptPolicyTest_wyw3y2js.kd2.ps1
CreationUtcTime: 2025-12-17 08:03:13.728
User: runnervm8j6r3\runneradmin"
"12/17/2025 8:03:13 AM","1","Process Create:
RuleName: ProcessCreate
UtcTime: 2025-12-17 08:03:13.662
ProcessGuid: {f995aebf-63c1-6942-2806-000000000e00}
ProcessId: 956
Image: C:\Windows\System32\WindowsPowerShell\v1.0\powershell.exe
FileVersion: 10.0.26100.5074 (WinBuild.160101.0800)
Description: Windows PowerShell
Product: Microsoft? Windows? Operating System
Company: Microsoft Corporation
OriginalFileName: PowerShell.EXE
CommandLine: powershell  Stop-Process -Name cmd -Force -ErrorAction Ignore 
CurrentDirectory: C:\Users\RUNNER~1\AppData\Local\Temp\
User: runnervm8j6r3\runneradmin
LogonGuid: {f995aebf-5ae4-6942-0e06-0c0000000000}
LogonId: 0xC060E
TerminalSessionId: 2
IntegrityLevel: High
Hashes: SHA256=0FF6F2C94BC7E2833A5F7E16DE1622E5DBA70396F31C7D5F56381870317E8C46
ParentProcessGuid: {f995aebf-63c1-6942-2606-000000000e00}
ParentProcessId: 3468
ParentImage: C:\Windows\System32\cmd.exe
ParentCommandLine: ""cmd.exe"" /c powershell Stop-Process -Name cmd -Force -ErrorAction Ignore & powershell Stop-Process -Name mmc -Force -ErrorAction Ignore
ParentUser: runnervm8j6r3\runneradmin"
"12/17/2025 8:03:13 AM","1","Process Create:
RuleName: ProcessCreate
UtcTime: 2025-12-17 08:03:13.639
ProcessGuid: {f995aebf-63c1-6942-2606-000000000e00}
ProcessId: 3468
Image: C:\Windows\System32\cmd.exe
FileVersion: 10.0.26100.7019 (WinBuild.160101.0800)
Description: Windows Command Processor
Product: Microsoft? Windows? Operating System
Company: Microsoft Corporation
OriginalFileName: Cmd.Exe
CommandLine: ""cmd.exe"" /c powershell Stop-Process -Name cmd -Force -ErrorAction Ignore & powershell Stop-Process -Name mmc -Force -ErrorAction Ignore
CurrentDirectory: C:\Users\RUNNER~1\AppData\Local\Temp\
User: runnervm8j6r3\runneradmin
LogonGuid: {f995aebf-5ae4-6942-0e06-0c0000000000}
LogonId: 0xC060E
TerminalSessionId: 2
IntegrityLevel: High
Hashes: SHA256=9695CF4566DDF878A69C3D419E0DA4EEA87B0F24261AD8E79A3A9C4A9885429C
ParentProcessGuid: {f995aebf-60f4-6942-f302-000000000e00}
ParentProcessId: 8700
ParentImage: C:\Windows\System32\WindowsPowerShell\v1.0\powershell.exe
ParentCommandLine: ""C:\Windows\System32\WindowsPowerShell\v1.0\powershell.EXE"" -command "". 'D:\a\_temp\376a09f4-185e-4c7d-b96b-edbc7a510283.ps1'""
ParentUser: runnervm8j6r3\runneradmin"
"12/17/2025 8:03:13 AM","1","Process Create:
RuleName: ProcessCreate
UtcTime: 2025-12-17 08:03:13.433
ProcessGuid: {f995aebf-63c1-6942-2406-000000000e00}
ProcessId: 7008
Image: C:\Windows\System32\cmd.exe
FileVersion: 10.0.26100.7019 (WinBuild.160101.0800)
Description: Windows Command Processor
Product: Microsoft? Windows? Operating System
Company: Microsoft Corporation
OriginalFileName: Cmd.Exe
CommandLine: ""cmd.exe"" /c 
CurrentDirectory: C:\Users\RUNNER~1\AppData\Local\Temp\
User: runnervm8j6r3\runneradmin
LogonGuid: {f995aebf-5ae4-6942-0e06-0c0000000000}
LogonId: 0xC060E
TerminalSessionId: 2
IntegrityLevel: High
Hashes: SHA256=9695CF4566DDF878A69C3D419E0DA4EEA87B0F24261AD8E79A3A9C4A9885429C
ParentProcessGuid: {f995aebf-60f4-6942-f302-000000000e00}
ParentProcessId: 8700
ParentImage: C:\Windows\System32\WindowsPowerShell\v1.0\powershell.exe
ParentCommandLine: ""C:\Windows\System32\WindowsPowerShell\v1.0\powershell.EXE"" -command "". 'D:\a\_temp\376a09f4-185e-4c7d-b96b-edbc7a510283.ps1'""
ParentUser: runnervm8j6r3\runneradmin"
"12/17/2025 8:03:13 AM","1","Process Create:
RuleName: ProcessCreate
UtcTime: 2025-12-17 08:03:13.212
ProcessGuid: {f995aebf-63c1-6942-2106-000000000e00}
ProcessId: 9616
Image: C:\Windows\System32\cmd.exe
FileVersion: 10.0.26100.7019 (WinBuild.160101.0800)
Description: Windows Command Processor
Product: Microsoft? Windows? Operating System
Company: Microsoft Corporation
OriginalFileName: Cmd.Exe
CommandLine: ""cmd.exe"" /c reg.exe ADD HKLM\SOFTWARE\Microsoft\Windows\CurrentVersion\Policies\System /v EnableLUA /t REG_DWORD /d 1 /f
CurrentDirectory: C:\Users\RUNNER~1\AppData\Local\Temp\
User: runnervm8j6r3\runneradmin
LogonGuid: {f995aebf-5ae4-6942-0e06-0c0000000000}
LogonId: 0xC060E
TerminalSessionId: 2
IntegrityLevel: High
Hashes: SHA256=9695CF4566DDF878A69C3D419E0DA4EEA87B0F24261AD8E79A3A9C4A9885429C
ParentProcessGuid: {f995aebf-60f4-6942-f302-000000000e00}
ParentProcessId: 8700
ParentImage: C:\Windows\System32\WindowsPowerShell\v1.0\powershell.exe
ParentCommandLine: ""C:\Windows\System32\WindowsPowerShell\v1.0\powershell.EXE"" -command "". 'D:\a\_temp\376a09f4-185e-4c7d-b96b-edbc7a510283.ps1'""
ParentUser: runnervm8j6r3\runneradmin"
"12/17/2025 8:03:12 AM","23","File Delete archived:
RuleName: FileDelete
UtcTime: 2025-12-17 08:03:12.815
ProcessGuid: {f995aebf-63c0-6942-1f06-000000000e00}
ProcessId: 5932
User: runnervm8j6r3\runneradmin
Image: C:\Windows\System32\WindowsPowerShell\v1.0\powershell.exe
TargetFilename: C:\Users\runneradmin\AppData\Local\Temp\__PSScriptPolicyTest_nogkf2e5.12x.ps1
Hashes: SHA256=96AD1146EB96877EAB5942AE0736B82D8B5E2039A80D3D6932665C1A4C87DCF7
IsExecutable: false
Archived: true"
"12/17/2025 8:03:12 AM","11","File created:
RuleName: FileCreate
UtcTime: 2025-12-17 08:03:12.793
ProcessGuid: {f995aebf-63c0-6942-1f06-000000000e00}
ProcessId: 5932
Image: C:\Windows\System32\WindowsPowerShell\v1.0\powershell.exe
TargetFilename: C:\Users\runneradmin\AppData\Local\Temp\__PSScriptPolicyTest_nogkf2e5.12x.ps1
CreationUtcTime: 2025-12-17 08:03:12.793
User: runnervm8j6r3\runneradmin"
"12/17/2025 8:03:12 AM","1","Process Create:
RuleName: ProcessCreate
UtcTime: 2025-12-17 08:03:12.709
ProcessGuid: {f995aebf-63c0-6942-1f06-000000000e00}
ProcessId: 5932
Image: C:\Windows\System32\WindowsPowerShell\v1.0\powershell.exe
FileVersion: 10.0.26100.5074 (WinBuild.160101.0800)
Description: Windows PowerShell
Product: Microsoft? Windows? Operating System
Company: Microsoft Corporation
OriginalFileName: PowerShell.EXE
CommandLine: ""powershell.exe"" & {Remove-Item -Path \""""HKCU:\Software\Classes\Folder\"""" -Recurse -Force -ErrorAction Ignore}
CurrentDirectory: C:\Users\RUNNER~1\AppData\Local\Temp\
User: runnervm8j6r3\runneradmin
LogonGuid: {f995aebf-5ae4-6942-0e06-0c0000000000}
LogonId: 0xC060E
TerminalSessionId: 2
IntegrityLevel: High
Hashes: SHA256=0FF6F2C94BC7E2833A5F7E16DE1622E5DBA70396F31C7D5F56381870317E8C46
ParentProcessGuid: {f995aebf-60f4-6942-f302-000000000e00}
ParentProcessId: 8700
ParentImage: C:\Windows\System32\WindowsPowerShell\v1.0\powershell.exe
ParentCommandLine: ""C:\Windows\System32\WindowsPowerShell\v1.0\powershell.EXE"" -command "". 'D:\a\_temp\376a09f4-185e-4c7d-b96b-edbc7a510283.ps1'""
ParentUser: runnervm8j6r3\runneradmin"
"12/17/2025 8:03:12 AM","23","File Delete archived:
RuleName: FileDelete
UtcTime: 2025-12-17 08:03:12.501
ProcessGuid: {f995aebf-63c0-6942-1b06-000000000e00}
ProcessId: 9300
User: runnervm8j6r3\runneradmin
Image: C:\Windows\SYSTEM32\cmd.exe
TargetFilename: C:\Windows \System32\mmc.exe
Hashes: SHA256=9695CF4566DDF878A69C3D419E0DA4EEA87B0F24261AD8E79A3A9C4A9885429C
IsExecutable: true
Archived: true"
"12/17/2025 8:03:12 AM","1","Process Create:
RuleName: ProcessCreate
UtcTime: 2025-12-17 08:03:12.480
ProcessGuid: {f995aebf-63c0-6942-1b06-000000000e00}
ProcessId: 9300
Image: C:\Windows\System32\cmd.exe
FileVersion: 10.0.26100.7019 (WinBuild.160101.0800)
Description: Windows Command Processor
Product: Microsoft? Windows? Operating System
Company: Microsoft Corporation
OriginalFileName: Cmd.Exe
CommandLine: ""cmd.exe"" /c rd ""\\?\C:\Windows \"" /S /Q >nul 2>nul & del ""c:\testbypass.exe"" >nul 2>nul
CurrentDirectory: C:\Users\RUNNER~1\AppData\Local\Temp\
User: runnervm8j6r3\runneradmin
LogonGuid: {f995aebf-5ae4-6942-0e06-0c0000000000}
LogonId: 0xC060E
TerminalSessionId: 2
IntegrityLevel: High
Hashes: SHA256=9695CF4566DDF878A69C3D419E0DA4EEA87B0F24261AD8E79A3A9C4A9885429C
ParentProcessGuid: {f995aebf-60f4-6942-f302-000000000e00}
ParentProcessId: 8700
ParentImage: C:\Windows\System32\WindowsPowerShell\v1.0\powershell.exe
ParentCommandLine: ""C:\Windows\System32\WindowsPowerShell\v1.0\powershell.EXE"" -command "". 'D:\a\_temp\376a09f4-185e-4c7d-b96b-edbc7a510283.ps1'""
ParentUser: runnervm8j6r3\runneradmin"
"12/17/2025 8:03:12 AM","23","File Delete archived:
RuleName: FileDelete
UtcTime: 2025-12-17 08:03:12.095
ProcessGuid: {f995aebf-63bf-6942-1906-000000000e00}
ProcessId: 7220
User: runnervm8j6r3\runneradmin
Image: C:\Windows\System32\WindowsPowerShell\v1.0\powershell.exe
TargetFilename: C:\Users\runneradmin\AppData\Local\Temp\__PSScriptPolicyTest_hn3zkqmo.lbj.ps1
Hashes: SHA256=96AD1146EB96877EAB5942AE0736B82D8B5E2039A80D3D6932665C1A4C87DCF7
IsExecutable: false
Archived: true"
"12/17/2025 8:03:12 AM","11","File created:
RuleName: FileCreate
UtcTime: 2025-12-17 08:03:12.074
ProcessGuid: {f995aebf-63bf-6942-1906-000000000e00}
ProcessId: 7220
Image: C:\Windows\System32\WindowsPowerShell\v1.0\powershell.exe
TargetFilename: C:\Users\runneradmin\AppData\Local\Temp\__PSScriptPolicyTest_hn3zkqmo.lbj.ps1
CreationUtcTime: 2025-12-17 08:03:12.074
User: runnervm8j6r3\runneradmin"
"12/17/2025 8:03:11 AM","1","Process Create:
RuleName: ProcessCreate
UtcTime: 2025-12-17 08:03:11.992
ProcessGuid: {f995aebf-63bf-6942-1906-000000000e00}
ProcessId: 7220
Image: C:\Windows\System32\WindowsPowerShell\v1.0\powershell.exe
FileVersion: 10.0.26100.5074 (WinBuild.160101.0800)
Description: Windows PowerShell
Product: Microsoft? Windows? Operating System
Company: Microsoft Corporation
OriginalFileName: PowerShell.EXE
CommandLine: ""powershell.exe"" & {Remove-Item \""""HKCU:\software\classes\ms-settings\"""" -force -Recurse -ErrorAction Ignore}
CurrentDirectory: C:\Users\RUNNER~1\AppData\Local\Temp\
User: runnervm8j6r3\runneradmin
LogonGuid: {f995aebf-5ae4-6942-0e06-0c0000000000}
LogonId: 0xC060E
TerminalSessionId: 2
IntegrityLevel: High
Hashes: SHA256=0FF6F2C94BC7E2833A5F7E16DE1622E5DBA70396F31C7D5F56381870317E8C46
ParentProcessGuid: {f995aebf-60f4-6942-f302-000000000e00}
ParentProcessId: 8700
ParentImage: C:\Windows\System32\WindowsPowerShell\v1.0\powershell.exe
ParentCommandLine: ""C:\Windows\System32\WindowsPowerShell\v1.0\powershell.EXE"" -command "". 'D:\a\_temp\376a09f4-185e-4c7d-b96b-edbc7a510283.ps1'""
ParentUser: runnervm8j6r3\runneradmin"
"12/17/2025 8:03:11 AM","23","File Delete archived:
RuleName: FileDelete
UtcTime: 2025-12-17 08:03:11.590
ProcessGuid: {f995aebf-63bf-6942-1706-000000000e00}
ProcessId: 7544
User: runnervm8j6r3\runneradmin
Image: C:\Windows\System32\WindowsPowerShell\v1.0\powershell.exe
TargetFilename: C:\Users\runneradmin\AppData\Local\Temp\__PSScriptPolicyTest_0rw3nhqd.cnl.ps1
Hashes: SHA256=96AD1146EB96877EAB5942AE0736B82D8B5E2039A80D3D6932665C1A4C87DCF7
IsExecutable: false
Archived: true"
