"12/17/2025 8:31:07 AM","22","Dns query:
RuleName: -
UtcTime: 2025-12-17 08:31:05.546
ProcessGuid: {f995aebf-6a18-6942-010b-000000000e00}
ProcessId: 952
QueryName: localhost
QueryStatus: 0
QueryResults: ::1;::ffff:127.0.0.1;
Image: C:\Windows\System32\WindowsPowerShell\v1.0\powershell.exe
User: runnervm8j6r3\runneradmin"
"12/17/2025 8:31:07 AM","22","Dns query:
RuleName: -
UtcTime: 2025-12-17 08:31:05.027
ProcessGuid: {f995aebf-6a18-6942-010b-000000000e00}
ProcessId: 952
QueryName: runnervm8j6r3
QueryStatus: 0
QueryResults: fe80::c56a:6b29:9515:cbba;fe80::6f00:dee0:f4cc:ae26;::ffff:10.1.0.11;::ffff:172.21.160.1;
Image: C:\Windows\System32\WindowsPowerShell\v1.0\powershell.exe
User: runnervm8j6r3\runneradmin"
"12/17/2025 8:31:06 AM","3","Network connection detected:
RuleName: NetworkConnect
UtcTime: 2025-12-17 08:31:05.029
ProcessGuid: {f995aebf-6a18-6942-010b-000000000e00}
ProcessId: 952
Image: C:\Windows\System32\WindowsPowerShell\v1.0\powershell.exe
User: runnervm8j6r3\runneradmin
Protocol: tcp
Initiated: true
SourceIsIpv6: true
SourceIp: fe80:0:0:0:c56a:6b29:9515:cbba
SourceHostname: runnervm8j6r3.nffxvtgvxe4e3eqtaidkon1qmg.bx.internal.cloudapp.net
SourcePort: 55492
SourcePortName: -
DestinationIsIpv6: true
DestinationIp: fe80:0:0:0:c56a:6b29:9515:cbba
DestinationHostname: runnervm8j6r3.nffxvtgvxe4e3eqtaidkon1qmg.bx.internal.cloudapp.net
DestinationPort: 49667
DestinationPortName: -"
"12/17/2025 8:31:06 AM","3","Network connection detected:
RuleName: NetworkConnect
UtcTime: 2025-12-17 08:31:05.027
ProcessGuid: {f995aebf-6a18-6942-010b-000000000e00}
ProcessId: 952
Image: C:\Windows\System32\WindowsPowerShell\v1.0\powershell.exe
User: runnervm8j6r3\runneradmin
Protocol: tcp
Initiated: true
SourceIsIpv6: true
SourceIp: fe80:0:0:0:c56a:6b29:9515:cbba
SourceHostname: runnervm8j6r3.nffxvtgvxe4e3eqtaidkon1qmg.bx.internal.cloudapp.net
SourcePort: 55491
SourcePortName: -
DestinationIsIpv6: true
DestinationIp: fe80:0:0:0:c56a:6b29:9515:cbba
DestinationHostname: runnervm8j6r3.nffxvtgvxe4e3eqtaidkon1qmg.bx.internal.cloudapp.net
DestinationPort: 135
DestinationPortName: epmap"
"12/17/2025 8:30:19 AM","3","Network connection detected:
RuleName: NetworkConnect
UtcTime: 2025-12-17 08:30:16.888
ProcessGuid: {f995aebf-6a18-6942-010b-000000000e00}
ProcessId: 952
Image: C:\Windows\System32\WindowsPowerShell\v1.0\powershell.exe
User: runnervm8j6r3\runneradmin
Protocol: tcp
Initiated: true
SourceIsIpv6: false
SourceIp: 10.1.0.11
SourceHostname: runnervm8j6r3.nffxvtgvxe4e3eqtaidkon1qmg.bx.internal.cloudapp.net
SourcePort: 55471
SourcePortName: -
DestinationIsIpv6: false
DestinationIp: 185.199.108.133
DestinationHostname: cdn-185-199-108-133.github.com
DestinationPort: 443
DestinationPortName: https"
"12/17/2025 8:30:19 AM","22","Dns query:
RuleName: -
UtcTime: 2025-12-17 08:30:16.883
ProcessGuid: {f995aebf-6a18-6942-010b-000000000e00}
ProcessId: 952
QueryName: raw.githubusercontent.com
QueryStatus: 0
QueryResults: ::ffff:185.199.108.133;::ffff:185.199.111.133;::ffff:185.199.109.133;::ffff:185.199.110.133;
Image: C:\Windows\System32\WindowsPowerShell\v1.0\powershell.exe
User: runnervm8j6r3\runneradmin"
"12/17/2025 8:30:13 AM","22","Dns query:
RuleName: -
UtcTime: 2025-12-17 08:30:11.873
ProcessGuid: {f995aebf-6a13-6942-fc0a-000000000e00}
ProcessId: 2700
QueryName: runnervm8j6r3
QueryStatus: 0
QueryResults: fe80::c56a:6b29:9515:cbba;fe80::6f00:dee0:f4cc:ae26;::ffff:10.1.0.11;::ffff:172.21.160.1;
Image: C:\Windows\System32\cscript.exe
User: runnervm8j6r3\runneradmin"
"12/17/2025 8:30:13 AM","22","Dns query:
RuleName: -
UtcTime: 2025-12-17 08:30:11.873
ProcessGuid: {f995aebf-6a13-6942-fc0a-000000000e00}
ProcessId: 2700
QueryName: _ldap._tcp.runnervm8j6r3.
QueryStatus: 1460
QueryResults: -
Image: C:\Windows\System32\cscript.exe
User: runnervm8j6r3\runneradmin"
"12/17/2025 8:30:13 AM","22","Dns query:
RuleName: -
UtcTime: 2025-12-17 08:30:11.872
ProcessGuid: {f995aebf-6a13-6942-fc0a-000000000e00}
ProcessId: 2700
QueryName: _ldap._tcp.runnervm8j6r3
QueryStatus: 9003
QueryResults: -
Image: C:\Windows\system32\cscript.exe
User: runnervm8j6r3\runneradmin"
"12/17/2025 8:29:50 AM","22","Dns query:
RuleName: -
UtcTime: 2025-12-17 08:29:48.064
ProcessGuid: {00000000-0000-0000-0000-000000000000}
ProcessId: 1944
QueryName: runnervm8j6r3
QueryStatus: 0
QueryResults: fe80::c56a:6b29:9515:cbba;fe80::6f00:dee0:f4cc:ae26;::ffff:10.1.0.11;::ffff:172.21.160.1;
Image: <unknown process>
User: -"
"12/17/2025 8:29:46 AM","3","Network connection detected:
RuleName: NetworkConnect
UtcTime: 2025-12-17 08:29:44.979
ProcessGuid: {f995aebf-69f8-6942-ab0a-000000000e00}
ProcessId: 6028
Image: C:\Windows\System32\WindowsPowerShell\v1.0\powershell.exe
User: runnervm8j6r3\runneradmin
Protocol: tcp
Initiated: true
SourceIsIpv6: false
SourceIp: 10.1.0.11
SourceHostname: runnervm8j6r3.nffxvtgvxe4e3eqtaidkon1qmg.bx.internal.cloudapp.net
SourcePort: 55454
SourcePortName: -
DestinationIsIpv6: false
DestinationIp: 185.199.108.133
DestinationHostname: cdn-185-199-108-133.github.com
DestinationPort: 443
DestinationPortName: https"
"12/17/2025 8:29:46 AM","22","Dns query:
RuleName: -
UtcTime: 2025-12-17 08:29:44.975
ProcessGuid: {f995aebf-69f8-6942-ab0a-000000000e00}
ProcessId: 6028
QueryName: raw.githubusercontent.com
QueryStatus: 0
QueryResults: ::ffff:185.199.108.133;::ffff:185.199.111.133;::ffff:185.199.109.133;::ffff:185.199.110.133;
Image: C:\Windows\System32\WindowsPowerShell\v1.0\powershell.exe
User: runnervm8j6r3\runneradmin"
"12/17/2025 8:29:46 AM","22","Dns query:
RuleName: -
UtcTime: 2025-12-17 08:29:44.434
ProcessGuid: {00000000-0000-0000-0000-000000000000}
ProcessId: 2556
QueryName: _ldap._tcp.dc._msdcs.runnervm8j6r3
QueryStatus: 9003
QueryResults: -
Image: <unknown process>
User: -"
"12/17/2025 8:29:46 AM","22","Dns query:
RuleName: -
UtcTime: 2025-12-17 08:29:44.418
ProcessGuid: {00000000-0000-0000-0000-000000000000}
ProcessId: 2556
QueryName: _ldap._tcp.dc._msdcs.runnervm8j6r3
QueryStatus: 9003
QueryResults: -
Image: <unknown process>
User: -"
"12/17/2025 8:29:46 AM","22","Dns query:
RuleName: -
UtcTime: 2025-12-17 08:29:43.946
ProcessGuid: {f995aebf-69f7-6942-a70a-000000000e00}
ProcessId: 5200
QueryName: _ldap._tcp.dc._msdcs.runnervm8j6r3
QueryStatus: 9003
QueryResults: -
Image: <unknown process>
User: runnervm8j6r3\runneradmin"
"12/17/2025 8:29:46 AM","22","Dns query:
RuleName: -
UtcTime: 2025-12-17 08:29:43.539
ProcessGuid: {00000000-0000-0000-0000-000000000000}
ProcessId: 836
QueryName: _ldap._tcp.dc._msdcs.runnervm8j6r3
QueryStatus: 9003
QueryResults: -
Image: <unknown process>
User: -"
"12/17/2025 8:29:46 AM","22","Dns query:
RuleName: -
UtcTime: 2025-12-17 08:29:43.465
ProcessGuid: {00000000-0000-0000-0000-000000000000}
ProcessId: 836
QueryName: _ldap._tcp.dc._msdcs.runnervm8j6r3
QueryStatus: 9003
QueryResults: -
Image: <unknown process>
User: -"
"12/17/2025 8:29:44 AM","22","Dns query:
RuleName: -
UtcTime: 2025-12-17 08:29:42.953
ProcessGuid: {f995aebf-69f5-6942-a30a-000000000e00}
ProcessId: 1304
QueryName: _ldap._tcp.dc._msdcs.runnervm8j6r3
QueryStatus: 9003
QueryResults: -
Image: C:\Windows\System32\WindowsPowerShell\v1.0\powershell.exe
User: runnervm8j6r3\runneradmin"
"12/17/2025 8:29:43 AM","3","Network connection detected:
RuleName: NetworkConnect
UtcTime: 2025-12-17 08:29:41.369
ProcessGuid: {f995aebf-69f5-6942-a30a-000000000e00}
ProcessId: 1304
Image: C:\Windows\System32\WindowsPowerShell\v1.0\powershell.exe
User: runnervm8j6r3\runneradmin
Protocol: tcp
Initiated: true
SourceIsIpv6: false
SourceIp: 10.1.0.11
SourceHostname: runnervm8j6r3.nffxvtgvxe4e3eqtaidkon1qmg.bx.internal.cloudapp.net
SourcePort: 55453
SourcePortName: -
DestinationIsIpv6: false
DestinationIp: 185.199.108.133
DestinationHostname: cdn-185-199-108-133.github.com
DestinationPort: 443
DestinationPortName: https"
"12/17/2025 8:29:43 AM","22","Dns query:
RuleName: -
UtcTime: 2025-12-17 08:29:41.364
ProcessGuid: {f995aebf-69f5-6942-a30a-000000000e00}
ProcessId: 1304
QueryName: raw.githubusercontent.com
QueryStatus: 0
QueryResults: ::ffff:185.199.108.133;::ffff:185.199.111.133;::ffff:185.199.109.133;::ffff:185.199.110.133;
Image: <unknown process>
User: runnervm8j6r3\runneradmin"
"12/17/2025 8:29:40 AM","22","Dns query:
RuleName: -
UtcTime: 2025-12-17 08:29:38.555
ProcessGuid: {00000000-0000-0000-0000-000000000000}
ProcessId: 3116
QueryName: runnervm8j6r3
QueryStatus: 0
QueryResults: fe80::c56a:6b29:9515:cbba;fe80::6f00:dee0:f4cc:ae26;::ffff:10.1.0.11;::ffff:172.21.160.1;
Image: <unknown process>
User: -"
"12/17/2025 8:29:19 AM","22","Dns query:
RuleName: -
UtcTime: 2025-12-17 08:29:17.550
ProcessGuid: {f995aebf-607e-6942-d602-000000000e00}
ProcessId: 7980
QueryName: 21.113.82.140.in-addr.arpa.
QueryStatus: 0
QueryResults: type: 12 lb-140-82-113-21-iad.github.com;
Image: C:\Windows\Sysmon64.exe
User: NT AUTHORITY\SYSTEM"
"12/17/2025 8:29:19 AM","22","Dns query:
RuleName: -
UtcTime: 2025-12-17 08:29:16.265
ProcessGuid: {f995aebf-6077-6942-2402-000000000e00}
ProcessId: 1880
QueryName: results-receiver.actions.githubusercontent.com
QueryStatus: 0
QueryResults: type: 5 glb-db52c2cf8be544.github.com;::ffff:140.82.113.21;
Image: C:\actions-runner\cached\2.330.0\bin\Runner.Worker.exe
User: runnervm8j6r3\runneradmin"
"12/17/2025 8:29:04 AM","22","Dns query:
RuleName: -
UtcTime: 2025-12-17 08:29:03.773
ProcessGuid: {f995aebf-69cf-6942-360a-000000000e00}
ProcessId: 1972
QueryName: raw.githubusercontent.com
QueryStatus: 0
QueryResults: ::ffff:185.199.108.133;::ffff:185.199.111.133;::ffff:185.199.109.133;::ffff:185.199.110.133;
Image: <unknown process>
User: runnervm8j6r3\runneradmin"
"12/17/2025 8:29:03 AM","22","Dns query:
RuleName: -
UtcTime: 2025-12-17 08:29:02.883
ProcessGuid: {00000000-0000-0000-0000-000000000000}
ProcessId: 9724
QueryName: raw.githubusercontent.com
QueryStatus: 0
QueryResults: ::ffff:185.199.108.133;::ffff:185.199.111.133;::ffff:185.199.109.133;::ffff:185.199.110.133;
Image: <unknown process>
User: -"
"12/17/2025 8:29:03 AM","22","Dns query:
RuleName: -
UtcTime: 2025-12-17 08:29:01.957
ProcessGuid: {00000000-0000-0000-0000-000000000000}
ProcessId: 6588
QueryName: raw.githubusercontent.com
QueryStatus: 0
QueryResults: ::ffff:185.199.108.133;::ffff:185.199.111.133;::ffff:185.199.109.133;::ffff:185.199.110.133;
Image: <unknown process>
User: -"
"12/17/2025 8:28:43 AM","22","Dns query:
RuleName: -
UtcTime: 2025-12-17 08:28:42.336
ProcessGuid: {00000000-0000-0000-0000-000000000000}
ProcessId: 1728
QueryName: raw.githubusercontent.com
QueryStatus: 0
QueryResults: ::ffff:185.199.108.133;::ffff:185.199.111.133;::ffff:185.199.109.133;::ffff:185.199.110.133;
Image: <unknown process>
User: -"
"12/17/2025 8:28:43 AM","22","Dns query:
RuleName: -
UtcTime: 2025-12-17 08:28:41.392
ProcessGuid: {00000000-0000-0000-0000-000000000000}
ProcessId: 8760
QueryName: raw.githubusercontent.com
QueryStatus: 0
QueryResults: ::ffff:185.199.108.133;::ffff:185.199.111.133;::ffff:185.199.109.133;::ffff:185.199.110.133;
Image: <unknown process>
User: -"
"12/17/2025 8:28:41 AM","22","Dns query:
RuleName: -
UtcTime: 2025-12-17 08:28:39.697
ProcessGuid: {f995aebf-69b7-6942-ee09-000000000e00}
ProcessId: 8064
QueryName: raw.githubusercontent.com
QueryStatus: 0
QueryResults: ::ffff:185.199.108.133;::ffff:185.199.111.133;::ffff:185.199.109.133;::ffff:185.199.110.133;
Image: <unknown process>
User: runnervm8j6r3\runneradmin"
"12/17/2025 8:28:38 AM","3","Network connection detected:
RuleName: NetworkConnect
UtcTime: 2025-12-17 08:28:37.598
ProcessGuid: {f995aebf-69b5-6942-ec09-000000000e00}
ProcessId: 7976
Image: C:\Windows\System32\WindowsPowerShell\v1.0\powershell.exe
User: runnervm8j6r3\runneradmin
Protocol: tcp
Initiated: true
SourceIsIpv6: false
SourceIp: 10.1.0.11
SourceHostname: runnervm8j6r3.nffxvtgvxe4e3eqtaidkon1qmg.bx.internal.cloudapp.net
SourcePort: 55415
SourcePortName: -
DestinationIsIpv6: false
DestinationIp: 185.199.108.133
DestinationHostname: cdn-185-199-108-133.github.com
DestinationPort: 443
DestinationPortName: https"
"12/17/2025 8:28:38 AM","22","Dns query:
RuleName: -
UtcTime: 2025-12-17 08:28:37.593
ProcessGuid: {f995aebf-69b5-6942-ec09-000000000e00}
ProcessId: 7976
QueryName: raw.githubusercontent.com
QueryStatus: 0
QueryResults: ::ffff:185.199.108.133;::ffff:185.199.111.133;::ffff:185.199.109.133;::ffff:185.199.110.133;
Image: C:\Windows\System32\WindowsPowerShell\v1.0\powershell.exe
User: runnervm8j6r3\runneradmin"
"12/17/2025 8:28:38 AM","22","Dns query:
RuleName: -
UtcTime: 2025-12-17 08:28:36.734
ProcessGuid: {00000000-0000-0000-0000-000000000000}
ProcessId: 8052
QueryName: raw.githubusercontent.com
QueryStatus: 0
QueryResults: ::ffff:185.199.108.133;::ffff:185.199.111.133;::ffff:185.199.109.133;::ffff:185.199.110.133;
Image: <unknown process>
User: -"
"12/17/2025 8:26:31 AM","3","Network connection detected:
RuleName: NetworkConnect
UtcTime: 2025-12-17 08:26:29.204
ProcessGuid: {f995aebf-6934-6942-db09-000000000e00}
ProcessId: 3332
Image: C:\Windows\System32\WindowsPowerShell\v1.0\powershell.exe
User: runnervm8j6r3\runneradmin
Protocol: tcp
Initiated: true
SourceIsIpv6: false
SourceIp: 10.1.0.11
SourceHostname: runnervm8j6r3.nffxvtgvxe4e3eqtaidkon1qmg.bx.internal.cloudapp.net
SourcePort: 55364
SourcePortName: -
DestinationIsIpv6: false
DestinationIp: 185.199.108.133
DestinationHostname: cdn-185-199-108-133.github.com
DestinationPort: 443
DestinationPortName: https"
"12/17/2025 8:26:30 AM","22","Dns query:
RuleName: -
UtcTime: 2025-12-17 08:26:29.199
ProcessGuid: {f995aebf-6934-6942-db09-000000000e00}
ProcessId: 3332
QueryName: raw.githubusercontent.com
QueryStatus: 0
QueryResults: ::ffff:185.199.108.133;::ffff:185.199.111.133;::ffff:185.199.109.133;::ffff:185.199.110.133;
Image: C:\Windows\System32\WindowsPowerShell\v1.0\powershell.exe
User: runnervm8j6r3\runneradmin"
"12/17/2025 8:25:19 AM","22","Dns query:
RuleName: -
UtcTime: 2025-12-17 08:25:16.518
ProcessGuid: {f995aebf-689c-6942-7609-000000000e00}
ProcessId: 7060
QueryName: runnervm8j6r3
QueryStatus: 0
QueryResults: fe80::c56a:6b29:9515:cbba;fe80::6f00:dee0:f4cc:ae26;::ffff:10.1.0.11;::ffff:172.21.160.1;
Image: C:\Windows\System32\wbem\WmiPrvSE.exe
User: NT AUTHORITY\NETWORK SERVICE"
"12/17/2025 8:25:18 AM","22","Dns query:
RuleName: -
UtcTime: 2025-12-17 08:25:16.506
ProcessGuid: {f995aebf-5acb-6942-5200-000000000e00}
ProcessId: 3784
QueryName: _ldap._tcp.dc._msdcs..
QueryStatus: 123
QueryResults: -
Image: C:\WindowsAzure\GuestAgent_2.7.41491.1183_2025-12-08_211052\WaAppAgent.exe
User: NT AUTHORITY\SYSTEM"
"12/17/2025 8:25:18 AM","22","Dns query:
RuleName: -
UtcTime: 2025-12-17 08:25:16.478
ProcessGuid: {f995aebf-5acb-6942-5200-000000000e00}
ProcessId: 3784
QueryName: _ldap._tcp.dc._msdcs.runnervm8j6r3
QueryStatus: 9003
QueryResults: -
Image: C:\WindowsAzure\GuestAgent_2.7.41491.1183_2025-12-08_211052\WaAppAgent.exe
User: NT AUTHORITY\SYSTEM"
"12/17/2025 8:25:18 AM","22","Dns query:
RuleName: -
UtcTime: 2025-12-17 08:25:16.473
ProcessGuid: {f995aebf-5acb-6942-5200-000000000e00}
ProcessId: 3784
QueryName: _ldap._tcp.dc._msdcs.runnervm8j6r3
QueryStatus: 9003
QueryResults: -
Image: C:\WindowsAzure\GuestAgent_2.7.41491.1183_2025-12-08_211052\WaAppAgent.exe
User: NT AUTHORITY\SYSTEM"
"12/17/2025 8:25:18 AM","22","Dns query:
RuleName: -
UtcTime: 2025-12-17 08:25:16.437
ProcessGuid: {f995aebf-689c-6942-7609-000000000e00}
ProcessId: 7060
QueryName: runnervm8j6r3
QueryStatus: 0
QueryResults: fe80::c56a:6b29:9515:cbba;fe80::6f00:dee0:f4cc:ae26;::ffff:10.1.0.11;::ffff:172.21.160.1;
Image: C:\Windows\system32\wbem\wmiprvse.exe
User: NT AUTHORITY\NETWORK SERVICE"
"12/17/2025 8:25:05 AM","22","Dns query:
RuleName: -
UtcTime: 2025-12-17 08:25:04.132
ProcessGuid: {f995aebf-607e-6942-d602-000000000e00}
ProcessId: 7980
QueryName: 14.128.123.52.in-addr.arpa.
QueryStatus: 9003
QueryResults: -
Image: C:\Windows\Sysmon64.exe
User: NT AUTHORITY\SYSTEM"
"12/17/2025 8:24:14 AM","22","Dns query:
RuleName: -
UtcTime: 2025-12-17 08:24:11.836
ProcessGuid: {f995aebf-68ab-6942-9b09-000000000e00}
ProcessId: 3464
QueryName: localhost
QueryStatus: 0
QueryResults: 127.0.0.1;
Image: C:\Windows\System32\WindowsPowerShell\v1.0\powershell.exe
User: runnervm8j6r3\runneradmin"
"12/17/2025 8:21:57 AM","22","Dns query:
RuleName: -
UtcTime: 2025-12-17 08:21:55.281
ProcessGuid: {00000000-0000-0000-0000-000000000000}
ProcessId: 7072
QueryName: raw.githubusercontent.com
QueryStatus: 0
QueryResults: ::ffff:185.199.108.133;::ffff:185.199.111.133;::ffff:185.199.109.133;::ffff:185.199.110.133;
Image: <unknown process>
User: -"
"12/17/2025 8:21:30 AM","3","Network connection detected:
RuleName: NetworkConnect
UtcTime: 2025-12-17 08:21:28.636
ProcessGuid: {f995aebf-6808-6942-1e09-000000000e00}
ProcessId: 6132
Image: C:\Windows\System32\WindowsPowerShell\v1.0\powershell.exe
User: runnervm8j6r3\runneradmin
Protocol: tcp
Initiated: true
SourceIsIpv6: false
SourceIp: 10.1.0.11
SourceHostname: runnervm8j6r3.nffxvtgvxe4e3eqtaidkon1qmg.bx.internal.cloudapp.net
SourcePort: 55231
SourcePortName: -
DestinationIsIpv6: false
DestinationIp: 185.199.108.133
DestinationHostname: cdn-185-199-108-133.github.com
DestinationPort: 443
DestinationPortName: https"
"12/17/2025 8:21:30 AM","22","Dns query:
RuleName: -
UtcTime: 2025-12-17 08:21:29.132
ProcessGuid: {f995aebf-6808-6942-1e09-000000000e00}
ProcessId: 6132
QueryName: localhost
QueryStatus: 0
QueryResults: 127.0.0.1;
Image: C:\Windows\System32\WindowsPowerShell\v1.0\powershell.exe
User: runnervm8j6r3\runneradmin"
"12/17/2025 8:21:30 AM","22","Dns query:
RuleName: -
UtcTime: 2025-12-17 08:21:28.632
ProcessGuid: {f995aebf-6808-6942-1e09-000000000e00}
ProcessId: 6132
QueryName: raw.githubusercontent.com
QueryStatus: 0
QueryResults: ::ffff:185.199.108.133;::ffff:185.199.111.133;::ffff:185.199.109.133;::ffff:185.199.110.133;
Image: C:\Windows\System32\WindowsPowerShell\v1.0\powershell.exe
User: runnervm8j6r3\runneradmin"
"12/17/2025 8:21:29 AM","3","Network connection detected:
RuleName: NetworkConnect
UtcTime: 2025-12-17 08:21:27.570
ProcessGuid: {f995aebf-6807-6942-1a09-000000000e00}
ProcessId: 4244
Image: C:\Windows\System32\WindowsPowerShell\v1.0\powershell.exe
User: runnervm8j6r3\runneradmin
Protocol: tcp
Initiated: true
SourceIsIpv6: false
SourceIp: 10.1.0.11
SourceHostname: runnervm8j6r3.nffxvtgvxe4e3eqtaidkon1qmg.bx.internal.cloudapp.net
SourcePort: 55230
SourcePortName: -
DestinationIsIpv6: false
DestinationIp: 185.199.108.133
DestinationHostname: cdn-185-199-108-133.github.com
DestinationPort: 443
DestinationPortName: https"
"12/17/2025 8:21:29 AM","3","Network connection detected:
RuleName: NetworkConnect
UtcTime: 2025-12-17 08:21:27.488
ProcessGuid: {f995aebf-6807-6942-1a09-000000000e00}
ProcessId: 4244
Image: C:\Windows\System32\WindowsPowerShell\v1.0\powershell.exe
User: runnervm8j6r3\runneradmin
Protocol: tcp
Initiated: true
SourceIsIpv6: false
SourceIp: 10.1.0.11
SourceHostname: runnervm8j6r3.nffxvtgvxe4e3eqtaidkon1qmg.bx.internal.cloudapp.net
SourcePort: 55229
SourcePortName: -
DestinationIsIpv6: false
DestinationIp: 140.82.114.4
DestinationHostname: lb-140-82-114-4-iad.github.com
DestinationPort: 443
DestinationPortName: https"
"12/17/2025 8:21:29 AM","22","Dns query:
RuleName: -
UtcTime: 2025-12-17 08:21:27.569
ProcessGuid: {f995aebf-6807-6942-1a09-000000000e00}
ProcessId: 4244
QueryName: raw.githubusercontent.com
QueryStatus: 0
QueryResults: ::ffff:185.199.108.133;::ffff:185.199.111.133;::ffff:185.199.109.133;::ffff:185.199.110.133;
Image: C:\Windows\System32\WindowsPowerShell\v1.0\powershell.exe
User: runnervm8j6r3\runneradmin"
"12/17/2025 8:21:29 AM","22","Dns query:
RuleName: -
UtcTime: 2025-12-17 08:21:27.483
ProcessGuid: {f995aebf-6807-6942-1a09-000000000e00}
ProcessId: 4244
QueryName: github.com
QueryStatus: 0
QueryResults: ::ffff:140.82.114.4;
Image: <unknown process>
User: runnervm8j6r3\runneradmin"
"12/17/2025 8:20:45 AM","22","Dns query:
RuleName: -
UtcTime: 2025-12-17 08:20:43.546
ProcessGuid: {f995aebf-607e-6942-d602-000000000e00}
ProcessId: 7980
QueryName: 133.110.199.185.in-addr.arpa.
QueryStatus: 0
QueryResults: type: 12 cdn-185-199-110-133.github.com;
Image: C:\Windows\Sysmon64.exe
User: NT AUTHORITY\SYSTEM"
"12/17/2025 8:20:45 AM","22","Dns query:
RuleName: -
UtcTime: 2025-12-17 08:20:43.523
ProcessGuid: {f995aebf-607e-6942-d602-000000000e00}
ProcessId: 7980
QueryName: 4.114.82.140.in-addr.arpa.
QueryStatus: 0
QueryResults: type: 12 lb-140-82-114-4-iad.github.com;
Image: C:\Windows\Sysmon64.exe
User: NT AUTHORITY\SYSTEM"
"12/17/2025 8:20:45 AM","22","Dns query:
RuleName: -
UtcTime: 2025-12-17 08:20:42.297
ProcessGuid: {f995aebf-67d9-6942-8808-000000000e00}
ProcessId: 6076
QueryName: release-assets.githubusercontent.com
QueryStatus: 0
QueryResults: ::ffff:185.199.110.133;::ffff:185.199.111.133;::ffff:185.199.108.133;::ffff:185.199.109.133;
Image: C:\Windows\System32\WindowsPowerShell\v1.0\powershell.exe
User: runnervm8j6r3\runneradmin"
"12/17/2025 8:20:45 AM","22","Dns query:
RuleName: -
UtcTime: 2025-12-17 08:20:42.179
ProcessGuid: {f995aebf-67d9-6942-8808-000000000e00}
ProcessId: 6076
QueryName: github.com
QueryStatus: 0
QueryResults: ::ffff:140.82.114.4;
Image: C:\Windows\System32\WindowsPowerShell\v1.0\powershell.exe
User: runnervm8j6r3\runneradmin"
"12/17/2025 8:20:43 AM","3","Network connection detected:
RuleName: NetworkConnect
UtcTime: 2025-12-17 08:20:42.298
ProcessGuid: {f995aebf-67d9-6942-8808-000000000e00}
ProcessId: 6076
Image: C:\Windows\System32\WindowsPowerShell\v1.0\powershell.exe
User: runnervm8j6r3\runneradmin
Protocol: tcp
Initiated: true
SourceIsIpv6: false
SourceIp: 10.1.0.11
SourceHostname: runnervm8j6r3.nffxvtgvxe4e3eqtaidkon1qmg.bx.internal.cloudapp.net
SourcePort: 55210
SourcePortName: -
DestinationIsIpv6: false
DestinationIp: 185.199.110.133
DestinationHostname: cdn-185-199-110-133.github.com
DestinationPort: 443
DestinationPortName: https"
"12/17/2025 8:20:43 AM","3","Network connection detected:
RuleName: NetworkConnect
UtcTime: 2025-12-17 08:20:42.184
ProcessGuid: {f995aebf-67d9-6942-8808-000000000e00}
ProcessId: 6076
Image: C:\Windows\System32\WindowsPowerShell\v1.0\powershell.exe
User: runnervm8j6r3\runneradmin
Protocol: tcp
Initiated: true
SourceIsIpv6: false
SourceIp: 10.1.0.11
SourceHostname: runnervm8j6r3.nffxvtgvxe4e3eqtaidkon1qmg.bx.internal.cloudapp.net
SourcePort: 55209
SourcePortName: -
DestinationIsIpv6: false
DestinationIp: 140.82.114.4
DestinationHostname: lb-140-82-114-4-iad.github.com
DestinationPort: 443
DestinationPortName: https"
"12/17/2025 8:20:43 AM","22","Dns query:
RuleName: -
UtcTime: 2025-12-17 08:20:42.076
ProcessGuid: {f995aebf-67d9-6942-8808-000000000e00}
ProcessId: 6076
QueryName: localhost
QueryStatus: 0
QueryResults: 127.0.0.1;
Image: C:\Windows\System32\WindowsPowerShell\v1.0\powershell.exe
User: runnervm8j6r3\runneradmin"
"12/17/2025 8:20:31 AM","22","Dns query:
RuleName: -
UtcTime: 2025-12-17 08:20:29.878
ProcessGuid: {00000000-0000-0000-0000-000000000000}
ProcessId: 8188
QueryName: raw.githubusercontent.com
QueryStatus: 0
QueryResults: ::ffff:185.199.108.133;::ffff:185.199.111.133;::ffff:185.199.109.133;::ffff:185.199.110.133;
Image: <unknown process>
User: runnervm8j6r3\runneradmin"
"12/17/2025 8:20:11 AM","255","Error report:
UtcTime: 2025-12-17 08:20:11.937
ID: DriverCommunication
Description: Failed to retrieve events - Last error: The I/O operation has been aborted because of either a thread exit or an application request.
"
"12/17/2025 8:20:11 AM","1","Process Create:
RuleName: ProcessCreate
UtcTime: 2025-12-17 08:20:11.891
ProcessGuid: {f995aebf-67bb-6942-0b08-000000000e00}
ProcessId: 5288
Image: C:\Windows\System32\cmd.exe
FileVersion: 10.0.26100.7019 (WinBuild.160101.0800)
Description: Windows Command Processor
Product: Microsoft? Windows? Operating System
Company: Microsoft Corporation
OriginalFileName: Cmd.Exe
CommandLine: ""cmd.exe"" /c fltmc.exe unload SysmonDrv
CurrentDirectory: C:\Users\RUNNER~1\AppData\Local\Temp\
User: runnervm8j6r3\runneradmin
LogonGuid: {f995aebf-5ae4-6942-0e06-0c0000000000}
LogonId: 0xC060E
TerminalSessionId: 2
IntegrityLevel: High
Hashes: SHA256=9695CF4566DDF878A69C3D419E0DA4EEA87B0F24261AD8E79A3A9C4A9885429C
ParentProcessGuid: {f995aebf-60f4-6942-f302-000000000e00}
ParentProcessId: 8700
ParentImage: C:\Windows\System32\WindowsPowerShell\v1.0\powershell.exe
ParentCommandLine: ""C:\Windows\System32\WindowsPowerShell\v1.0\powershell.EXE"" -command "". 'D:\a\_temp\376a09f4-185e-4c7d-b96b-edbc7a510283.ps1'""
ParentUser: runnervm8j6r3\runneradmin"
"12/17/2025 8:20:11 AM","1","Process Create:
RuleName: ProcessCreate
UtcTime: 2025-12-17 08:20:11.382
ProcessGuid: {f995aebf-67bb-6942-0a08-000000000e00}
ProcessId: 6352
Image: C:\Windows\System32\whoami.exe
FileVersion: 10.0.26100.1882 (WinBuild.160101.0800)
Description: whoami - displays logged on user information
Product: Microsoft? Windows? Operating System
Company: Microsoft Corporation
OriginalFileName: whoami.exe
CommandLine: ""C:\Windows\system32\whoami.exe""
CurrentDirectory: D:\a\sysmon\sysmon\
User: runnervm8j6r3\runneradmin
LogonGuid: {f995aebf-5ae4-6942-0e06-0c0000000000}
LogonId: 0xC060E
TerminalSessionId: 2
IntegrityLevel: High
Hashes: SHA256=23240EF9F8B0A9A324110B1C2331DE31DC1B0E08F5359CB707E51A939AF56CD3
ParentProcessGuid: {f995aebf-60f4-6942-f302-000000000e00}
ParentProcessId: 8700
ParentImage: C:\Windows\System32\WindowsPowerShell\v1.0\powershell.exe
ParentCommandLine: ""C:\Windows\System32\WindowsPowerShell\v1.0\powershell.EXE"" -command "". 'D:\a\_temp\376a09f4-185e-4c7d-b96b-edbc7a510283.ps1'""
ParentUser: runnervm8j6r3\runneradmin"
"12/17/2025 8:20:08 AM","1","Process Create:
RuleName: ProcessCreate
UtcTime: 2025-12-17 08:20:08.169
ProcessGuid: {f995aebf-67b8-6942-0708-000000000e00}
ProcessId: 8004
Image: C:\Windows\System32\cmd.exe
FileVersion: 10.0.26100.7019 (WinBuild.160101.0800)
Description: Windows Command Processor
Product: Microsoft? Windows? Operating System
Company: Microsoft Corporation
OriginalFileName: Cmd.Exe
CommandLine: ""cmd.exe"" /c 
CurrentDirectory: C:\Users\RUNNER~1\AppData\Local\Temp\
User: runnervm8j6r3\runneradmin
LogonGuid: {f995aebf-5ae4-6942-0e06-0c0000000000}
LogonId: 0xC060E
TerminalSessionId: 2
IntegrityLevel: High
Hashes: SHA256=9695CF4566DDF878A69C3D419E0DA4EEA87B0F24261AD8E79A3A9C4A9885429C
ParentProcessGuid: {f995aebf-60f4-6942-f302-000000000e00}
ParentProcessId: 8700
ParentImage: C:\Windows\System32\WindowsPowerShell\v1.0\powershell.exe
ParentCommandLine: ""C:\Windows\System32\WindowsPowerShell\v1.0\powershell.EXE"" -command "". 'D:\a\_temp\376a09f4-185e-4c7d-b96b-edbc7a510283.ps1'""
ParentUser: runnervm8j6r3\runneradmin"
"12/17/2025 8:20:07 AM","23","File Delete archived:
RuleName: FileDelete
UtcTime: 2025-12-17 08:20:07.881
ProcessGuid: {f995aebf-67b7-6942-0508-000000000e00}
ProcessId: 9840
User: runnervm8j6r3\runneradmin
Image: C:\Windows\System32\WindowsPowerShell\v1.0\powershell.exe
TargetFilename: C:\Users\runneradmin\AppData\Local\Temp\__PSScriptPolicyTest_jrhqiill.bjq.ps1
Hashes: SHA256=96AD1146EB96877EAB5942AE0736B82D8B5E2039A80D3D6932665C1A4C87DCF7
IsExecutable: false
Archived: true"
"12/17/2025 8:20:07 AM","11","File created:
RuleName: FileCreate
UtcTime: 2025-12-17 08:20:07.861
ProcessGuid: {f995aebf-67b7-6942-0508-000000000e00}
ProcessId: 9840
Image: C:\Windows\System32\WindowsPowerShell\v1.0\powershell.exe
TargetFilename: C:\Users\runneradmin\AppData\Local\Temp\__PSScriptPolicyTest_jrhqiill.bjq.ps1
CreationUtcTime: 2025-12-17 08:20:07.860
User: runnervm8j6r3\runneradmin"
"12/17/2025 8:20:07 AM","1","Process Create:
RuleName: ProcessCreate
UtcTime: 2025-12-17 08:20:07.771
ProcessGuid: {f995aebf-67b7-6942-0508-000000000e00}
ProcessId: 9840
Image: C:\Windows\System32\WindowsPowerShell\v1.0\powershell.exe
FileVersion: 10.0.26100.5074 (WinBuild.160101.0800)
Description: Windows PowerShell
Product: Microsoft? Windows? Operating System
Company: Microsoft Corporation
OriginalFileName: PowerShell.EXE
CommandLine: ""powershell.exe"" & {}
CurrentDirectory: C:\Users\RUNNER~1\AppData\Local\Temp\
User: runnervm8j6r3\runneradmin
LogonGuid: {f995aebf-5ae4-6942-0e06-0c0000000000}
LogonId: 0xC060E
TerminalSessionId: 2
IntegrityLevel: High
Hashes: SHA256=0FF6F2C94BC7E2833A5F7E16DE1622E5DBA70396F31C7D5F56381870317E8C46
ParentProcessGuid: {f995aebf-60f4-6942-f302-000000000e00}
ParentProcessId: 8700
ParentImage: C:\Windows\System32\WindowsPowerShell\v1.0\powershell.exe
ParentCommandLine: ""C:\Windows\System32\WindowsPowerShell\v1.0\powershell.EXE"" -command "". 'D:\a\_temp\376a09f4-185e-4c7d-b96b-edbc7a510283.ps1'""
ParentUser: runnervm8j6r3\runneradmin"
"12/17/2025 8:20:07 AM","23","File Delete archived:
RuleName: FileDelete
UtcTime: 2025-12-17 08:20:07.487
ProcessGuid: {f995aebf-67b7-6942-0308-000000000e00}
ProcessId: 9208
User: runnervm8j6r3\runneradmin
Image: C:\Windows\System32\WindowsPowerShell\v1.0\powershell.exe
TargetFilename: C:\Users\runneradmin\AppData\Local\Temp\__PSScriptPolicyTest_phalitkw.0oa.ps1
Hashes: SHA256=96AD1146EB96877EAB5942AE0736B82D8B5E2039A80D3D6932665C1A4C87DCF7
IsExecutable: false
Archived: true"
"12/17/2025 8:20:07 AM","11","File created:
RuleName: FileCreate
UtcTime: 2025-12-17 08:20:07.465
ProcessGuid: {f995aebf-67b7-6942-0308-000000000e00}
ProcessId: 9208
Image: C:\Windows\System32\WindowsPowerShell\v1.0\powershell.exe
TargetFilename: C:\Users\runneradmin\AppData\Local\Temp\__PSScriptPolicyTest_phalitkw.0oa.ps1
CreationUtcTime: 2025-12-17 08:20:07.465
User: runnervm8j6r3\runneradmin"
"12/17/2025 8:20:07 AM","1","Process Create:
RuleName: ProcessCreate
UtcTime: 2025-12-17 08:20:07.379
ProcessGuid: {f995aebf-67b7-6942-0308-000000000e00}
ProcessId: 9208
Image: C:\Windows\System32\WindowsPowerShell\v1.0\powershell.exe
FileVersion: 10.0.26100.5074 (WinBuild.160101.0800)
Description: Windows PowerShell
Product: Microsoft? Windows? Operating System
Company: Microsoft Corporation
OriginalFileName: PowerShell.EXE
CommandLine: ""powershell.exe"" & {}
CurrentDirectory: C:\Users\RUNNER~1\AppData\Local\Temp\
User: runnervm8j6r3\runneradmin
LogonGuid: {f995aebf-5ae4-6942-0e06-0c0000000000}
LogonId: 0xC060E
TerminalSessionId: 2
IntegrityLevel: High
Hashes: SHA256=0FF6F2C94BC7E2833A5F7E16DE1622E5DBA70396F31C7D5F56381870317E8C46
ParentProcessGuid: {f995aebf-60f4-6942-f302-000000000e00}
ParentProcessId: 8700
ParentImage: C:\Windows\System32\WindowsPowerShell\v1.0\powershell.exe
ParentCommandLine: ""C:\Windows\System32\WindowsPowerShell\v1.0\powershell.EXE"" -command "". 'D:\a\_temp\376a09f4-185e-4c7d-b96b-edbc7a510283.ps1'""
ParentUser: runnervm8j6r3\runneradmin"
"12/17/2025 8:20:07 AM","23","File Delete archived:
RuleName: FileDelete
UtcTime: 2025-12-17 08:20:07.091
ProcessGuid: {f995aebf-67b6-6942-0108-000000000e00}
ProcessId: 4220
User: runnervm8j6r3\runneradmin
Image: C:\Windows\System32\WindowsPowerShell\v1.0\powershell.exe
TargetFilename: C:\Users\runneradmin\AppData\Local\Temp\__PSScriptPolicyTest_zgun2aoh.h5j.ps1
Hashes: SHA256=96AD1146EB96877EAB5942AE0736B82D8B5E2039A80D3D6932665C1A4C87DCF7
IsExecutable: false
Archived: true"
"12/17/2025 8:20:07 AM","11","File created:
RuleName: FileCreate
UtcTime: 2025-12-17 08:20:07.070
ProcessGuid: {f995aebf-67b6-6942-0108-000000000e00}
ProcessId: 4220
Image: C:\Windows\System32\WindowsPowerShell\v1.0\powershell.exe
TargetFilename: C:\Users\runneradmin\AppData\Local\Temp\__PSScriptPolicyTest_zgun2aoh.h5j.ps1
CreationUtcTime: 2025-12-17 08:20:07.070
User: runnervm8j6r3\runneradmin"
"12/17/2025 8:20:06 AM","1","Process Create:
RuleName: ProcessCreate
UtcTime: 2025-12-17 08:20:06.982
ProcessGuid: {f995aebf-67b6-6942-0108-000000000e00}
ProcessId: 4220
Image: C:\Windows\System32\WindowsPowerShell\v1.0\powershell.exe
FileVersion: 10.0.26100.5074 (WinBuild.160101.0800)
Description: Windows PowerShell
Product: Microsoft? Windows? Operating System
Company: Microsoft Corporation
OriginalFileName: PowerShell.EXE
CommandLine: ""powershell.exe"" & {}
CurrentDirectory: C:\Users\RUNNER~1\AppData\Local\Temp\
User: runnervm8j6r3\runneradmin
LogonGuid: {f995aebf-5ae4-6942-0e06-0c0000000000}
LogonId: 0xC060E
TerminalSessionId: 2
IntegrityLevel: High
Hashes: SHA256=0FF6F2C94BC7E2833A5F7E16DE1622E5DBA70396F31C7D5F56381870317E8C46
ParentProcessGuid: {f995aebf-60f4-6942-f302-000000000e00}
ParentProcessId: 8700
ParentImage: C:\Windows\System32\WindowsPowerShell\v1.0\powershell.exe
ParentCommandLine: ""C:\Windows\System32\WindowsPowerShell\v1.0\powershell.EXE"" -command "". 'D:\a\_temp\376a09f4-185e-4c7d-b96b-edbc7a510283.ps1'""
ParentUser: runnervm8j6r3\runneradmin"
"12/17/2025 8:20:06 AM","23","File Delete archived:
RuleName: FileDelete
UtcTime: 2025-12-17 08:20:06.692
ProcessGuid: {f995aebf-67b6-6942-ff07-000000000e00}
ProcessId: 8384
User: runnervm8j6r3\runneradmin
Image: C:\Windows\System32\WindowsPowerShell\v1.0\powershell.exe
TargetFilename: C:\Users\runneradmin\AppData\Local\Temp\__PSScriptPolicyTest_rys0irwy.5wq.ps1
Hashes: SHA256=96AD1146EB96877EAB5942AE0736B82D8B5E2039A80D3D6932665C1A4C87DCF7
IsExecutable: false
Archived: true"
"12/17/2025 8:20:06 AM","11","File created:
RuleName: FileCreate
UtcTime: 2025-12-17 08:20:06.670
ProcessGuid: {f995aebf-67b6-6942-ff07-000000000e00}
ProcessId: 8384
Image: C:\Windows\System32\WindowsPowerShell\v1.0\powershell.exe
TargetFilename: C:\Users\runneradmin\AppData\Local\Temp\__PSScriptPolicyTest_rys0irwy.5wq.ps1
CreationUtcTime: 2025-12-17 08:20:06.670
User: runnervm8j6r3\runneradmin"
"12/17/2025 8:20:06 AM","1","Process Create:
RuleName: ProcessCreate
UtcTime: 2025-12-17 08:20:06.581
ProcessGuid: {f995aebf-67b6-6942-ff07-000000000e00}
ProcessId: 8384
Image: C:\Windows\System32\WindowsPowerShell\v1.0\powershell.exe
FileVersion: 10.0.26100.5074 (WinBuild.160101.0800)
Description: Windows PowerShell
Product: Microsoft? Windows? Operating System
Company: Microsoft Corporation
OriginalFileName: PowerShell.EXE
CommandLine: ""powershell.exe"" & {}
CurrentDirectory: C:\Users\RUNNER~1\AppData\Local\Temp\
User: runnervm8j6r3\runneradmin
LogonGuid: {f995aebf-5ae4-6942-0e06-0c0000000000}
LogonId: 0xC060E
TerminalSessionId: 2
IntegrityLevel: High
Hashes: SHA256=0FF6F2C94BC7E2833A5F7E16DE1622E5DBA70396F31C7D5F56381870317E8C46
ParentProcessGuid: {f995aebf-60f4-6942-f302-000000000e00}
ParentProcessId: 8700
ParentImage: C:\Windows\System32\WindowsPowerShell\v1.0\powershell.exe
ParentCommandLine: ""C:\Windows\System32\WindowsPowerShell\v1.0\powershell.EXE"" -command "". 'D:\a\_temp\376a09f4-185e-4c7d-b96b-edbc7a510283.ps1'""
ParentUser: runnervm8j6r3\runneradmin"
"12/17/2025 8:20:06 AM","1","Process Create:
RuleName: ProcessCreate
UtcTime: 2025-12-17 08:20:06.374
ProcessGuid: {f995aebf-67b6-6942-fd07-000000000e00}
ProcessId: 8524
Image: C:\Windows\System32\cmd.exe
FileVersion: 10.0.26100.7019 (WinBuild.160101.0800)
Description: Windows Command Processor
Product: Microsoft? Windows? Operating System
Company: Microsoft Corporation
OriginalFileName: Cmd.Exe
CommandLine: ""cmd.exe"" /c 
CurrentDirectory: C:\Users\RUNNER~1\AppData\Local\Temp\
User: runnervm8j6r3\runneradmin
LogonGuid: {f995aebf-5ae4-6942-0e06-0c0000000000}
LogonId: 0xC060E
TerminalSessionId: 2
IntegrityLevel: High
Hashes: SHA256=9695CF4566DDF878A69C3D419E0DA4EEA87B0F24261AD8E79A3A9C4A9885429C
ParentProcessGuid: {f995aebf-60f4-6942-f302-000000000e00}
ParentProcessId: 8700
ParentImage: C:\Windows\System32\WindowsPowerShell\v1.0\powershell.exe
ParentCommandLine: ""C:\Windows\System32\WindowsPowerShell\v1.0\powershell.EXE"" -command "". 'D:\a\_temp\376a09f4-185e-4c7d-b96b-edbc7a510283.ps1'""
ParentUser: runnervm8j6r3\runneradmin"
"12/17/2025 8:20:06 AM","1","Process Create:
RuleName: ProcessCreate
UtcTime: 2025-12-17 08:20:06.168
ProcessGuid: {f995aebf-67b6-6942-fb07-000000000e00}
ProcessId: 7072
Image: C:\Windows\System32\cmd.exe
FileVersion: 10.0.26100.7019 (WinBuild.160101.0800)
Description: Windows Command Processor
Product: Microsoft? Windows? Operating System
Company: Microsoft Corporation
OriginalFileName: Cmd.Exe
CommandLine: ""cmd.exe"" /c 
CurrentDirectory: C:\Users\RUNNER~1\AppData\Local\Temp\
User: runnervm8j6r3\runneradmin
LogonGuid: {f995aebf-5ae4-6942-0e06-0c0000000000}
LogonId: 0xC060E
TerminalSessionId: 2
IntegrityLevel: High
Hashes: SHA256=9695CF4566DDF878A69C3D419E0DA4EEA87B0F24261AD8E79A3A9C4A9885429C
ParentProcessGuid: {f995aebf-60f4-6942-f302-000000000e00}
ParentProcessId: 8700
ParentImage: C:\Windows\System32\WindowsPowerShell\v1.0\powershell.exe
ParentCommandLine: ""C:\Windows\System32\WindowsPowerShell\v1.0\powershell.EXE"" -command "". 'D:\a\_temp\376a09f4-185e-4c7d-b96b-edbc7a510283.ps1'""
ParentUser: runnervm8j6r3\runneradmin"
"12/17/2025 8:20:05 AM","1","Process Create:
RuleName: ProcessCreate
UtcTime: 2025-12-17 08:20:05.941
ProcessGuid: {f995aebf-67b5-6942-fa07-000000000e00}
ProcessId: 7652
Image: C:\Windows\System32\whoami.exe
FileVersion: 10.0.26100.1882 (WinBuild.160101.0800)
Description: whoami - displays logged on user information
Product: Microsoft? Windows? Operating System
Company: Microsoft Corporation
OriginalFileName: whoami.exe
CommandLine: ""C:\Windows\system32\whoami.exe""
CurrentDirectory: D:\a\sysmon\sysmon\
User: runnervm8j6r3\runneradmin
LogonGuid: {f995aebf-5ae4-6942-0e06-0c0000000000}
LogonId: 0xC060E
TerminalSessionId: 2
IntegrityLevel: High
Hashes: SHA256=23240EF9F8B0A9A324110B1C2331DE31DC1B0E08F5359CB707E51A939AF56CD3
ParentProcessGuid: {f995aebf-60f4-6942-f302-000000000e00}
ParentProcessId: 8700
ParentImage: C:\Windows\System32\WindowsPowerShell\v1.0\powershell.exe
ParentCommandLine: ""C:\Windows\System32\WindowsPowerShell\v1.0\powershell.EXE"" -command "". 'D:\a\_temp\376a09f4-185e-4c7d-b96b-edbc7a510283.ps1'""
ParentUser: runnervm8j6r3\runneradmin"
"12/17/2025 8:19:59 AM","1","Process Create:
RuleName: ProcessCreate
UtcTime: 2025-12-17 08:19:59.694
ProcessGuid: {f995aebf-67af-6942-f707-000000000e00}
ProcessId: 5092
Image: C:\Windows\System32\cmd.exe
FileVersion: 10.0.26100.7019 (WinBuild.160101.0800)
Description: Windows Command Processor
Product: Microsoft? Windows? Operating System
Company: Microsoft Corporation
OriginalFileName: Cmd.Exe
CommandLine: ""cmd.exe"" /c rd /s /q %%systemdrive%%\$RECYCLE.BIN
CurrentDirectory: C:\Users\RUNNER~1\AppData\Local\Temp\
User: runnervm8j6r3\runneradmin
LogonGuid: {f995aebf-5ae4-6942-0e06-0c0000000000}
LogonId: 0xC060E
TerminalSessionId: 2
IntegrityLevel: High
Hashes: SHA256=9695CF4566DDF878A69C3D419E0DA4EEA87B0F24261AD8E79A3A9C4A9885429C
ParentProcessGuid: {f995aebf-60f4-6942-f302-000000000e00}
ParentProcessId: 8700
ParentImage: C:\Windows\System32\WindowsPowerShell\v1.0\powershell.exe
ParentCommandLine: ""C:\Windows\System32\WindowsPowerShell\v1.0\powershell.EXE"" -command "". 'D:\a\_temp\376a09f4-185e-4c7d-b96b-edbc7a510283.ps1'""
ParentUser: runnervm8j6r3\runneradmin"
"12/17/2025 8:19:59 AM","23","File Delete archived:
RuleName: FileDelete
UtcTime: 2025-12-17 08:19:59.252
ProcessGuid: {f995aebf-67af-6942-f507-000000000e00}
ProcessId: 696
User: runnervm8j6r3\runneradmin
Image: C:\Windows\System32\WindowsPowerShell\v1.0\powershell.exe
TargetFilename: C:\Users\runneradmin\AppData\Local\Temp\__PSScriptPolicyTest_seynktgo.o4p.ps1
Hashes: SHA256=96AD1146EB96877EAB5942AE0736B82D8B5E2039A80D3D6932665C1A4C87DCF7
IsExecutable: false
Archived: true"
"12/17/2025 8:19:59 AM","11","File created:
RuleName: FileCreate
UtcTime: 2025-12-17 08:19:59.231
ProcessGuid: {f995aebf-67af-6942-f507-000000000e00}
ProcessId: 696
Image: C:\Windows\System32\WindowsPowerShell\v1.0\powershell.exe
TargetFilename: C:\Users\runneradmin\AppData\Local\Temp\__PSScriptPolicyTest_seynktgo.o4p.ps1
CreationUtcTime: 2025-12-17 08:19:59.231
User: runnervm8j6r3\runneradmin"
"12/17/2025 8:19:59 AM","1","Process Create:
RuleName: ProcessCreate
UtcTime: 2025-12-17 08:19:59.141
ProcessGuid: {f995aebf-67af-6942-f507-000000000e00}
ProcessId: 696
Image: C:\Windows\System32\WindowsPowerShell\v1.0\powershell.exe
FileVersion: 10.0.26100.5074 (WinBuild.160101.0800)
Description: Windows PowerShell
Product: Microsoft? Windows? Operating System
Company: Microsoft Corporation
OriginalFileName: PowerShell.EXE
CommandLine: ""powershell.exe"" & {New-Item -Path $env:TEMP\TeamViewer_54.log -Force | Out-Null
Remove-Item $env:TEMP\TeamViewer_54.log -Force -ErrorAction Ignore}
CurrentDirectory: C:\Users\RUNNER~1\AppData\Local\Temp\
User: runnervm8j6r3\runneradmin
LogonGuid: {f995aebf-5ae4-6942-0e06-0c0000000000}
LogonId: 0xC060E
TerminalSessionId: 2
IntegrityLevel: High
Hashes: SHA256=0FF6F2C94BC7E2833A5F7E16DE1622E5DBA70396F31C7D5F56381870317E8C46
ParentProcessGuid: {f995aebf-60f4-6942-f302-000000000e00}
ParentProcessId: 8700
ParentImage: C:\Windows\System32\WindowsPowerShell\v1.0\powershell.exe
ParentCommandLine: ""C:\Windows\System32\WindowsPowerShell\v1.0\powershell.EXE"" -command "". 'D:\a\_temp\376a09f4-185e-4c7d-b96b-edbc7a510283.ps1'""
ParentUser: runnervm8j6r3\runneradmin"
"12/17/2025 8:19:58 AM","23","File Delete archived:
RuleName: FileDelete
UtcTime: 2025-12-17 08:19:58.648
ProcessGuid: {f995aebf-67ae-6942-f307-000000000e00}
ProcessId: 5928
User: runnervm8j6r3\runneradmin
Image: C:\Windows\System32\WindowsPowerShell\v1.0\powershell.exe
TargetFilename: C:\Users\runneradmin\AppData\Local\Temp\__PSScriptPolicyTest_bt4ly1cy.t5i.ps1
Hashes: SHA256=96AD1146EB96877EAB5942AE0736B82D8B5E2039A80D3D6932665C1A4C87DCF7
IsExecutable: false
Archived: true"
"12/17/2025 8:19:58 AM","11","File created:
RuleName: FileCreate
UtcTime: 2025-12-17 08:19:58.627
ProcessGuid: {f995aebf-67ae-6942-f307-000000000e00}
ProcessId: 5928
Image: C:\Windows\System32\WindowsPowerShell\v1.0\powershell.exe
TargetFilename: C:\Users\runneradmin\AppData\Local\Temp\__PSScriptPolicyTest_bt4ly1cy.t5i.ps1
CreationUtcTime: 2025-12-17 08:19:58.627
User: runnervm8j6r3\runneradmin"
"12/17/2025 8:19:58 AM","1","Process Create:
RuleName: ProcessCreate
UtcTime: 2025-12-17 08:19:58.536
ProcessGuid: {f995aebf-67ae-6942-f307-000000000e00}
ProcessId: 5928
Image: C:\Windows\System32\WindowsPowerShell\v1.0\powershell.exe
FileVersion: 10.0.26100.5074 (WinBuild.160101.0800)
Description: Windows PowerShell
Product: Microsoft? Windows? Operating System
Company: Microsoft Corporation
OriginalFileName: PowerShell.EXE
CommandLine: ""powershell.exe"" & {Remove-Item -Path (Join-Path \""""$Env:SystemRoot\prefetch\\"""" (Get-ChildItem -Path \""""$Env:SystemRoot\prefetch\*.pf\"""" -Name)[0])}
CurrentDirectory: C:\Users\RUNNER~1\AppData\Local\Temp\
User: runnervm8j6r3\runneradmin
LogonGuid: {f995aebf-5ae4-6942-0e06-0c0000000000}
LogonId: 0xC060E
TerminalSessionId: 2
IntegrityLevel: High
Hashes: SHA256=0FF6F2C94BC7E2833A5F7E16DE1622E5DBA70396F31C7D5F56381870317E8C46
ParentProcessGuid: {f995aebf-60f4-6942-f302-000000000e00}
ParentProcessId: 8700
ParentImage: C:\Windows\System32\WindowsPowerShell\v1.0\powershell.exe
ParentCommandLine: ""C:\Windows\System32\WindowsPowerShell\v1.0\powershell.EXE"" -command "". 'D:\a\_temp\376a09f4-185e-4c7d-b96b-edbc7a510283.ps1'""
ParentUser: runnervm8j6r3\runneradmin"
"12/17/2025 8:19:58 AM","23","File Delete archived:
RuleName: FileDelete
UtcTime: 2025-12-17 08:19:58.043
ProcessGuid: {f995aebf-67ad-6942-f107-000000000e00}
ProcessId: 8188
User: runnervm8j6r3\runneradmin
Image: C:\Windows\System32\WindowsPowerShell\v1.0\powershell.exe
TargetFilename: C:\Users\runneradmin\AppData\Local\Temp\__PSScriptPolicyTest_n0nxb1x1.xgw.ps1
Hashes: SHA256=96AD1146EB96877EAB5942AE0736B82D8B5E2039A80D3D6932665C1A4C87DCF7
IsExecutable: false
Archived: true"
"12/17/2025 8:19:58 AM","11","File created:
RuleName: FileCreate
UtcTime: 2025-12-17 08:19:58.022
ProcessGuid: {f995aebf-67ad-6942-f107-000000000e00}
ProcessId: 8188
Image: C:\Windows\System32\WindowsPowerShell\v1.0\powershell.exe
TargetFilename: C:\Users\runneradmin\AppData\Local\Temp\__PSScriptPolicyTest_n0nxb1x1.xgw.ps1
CreationUtcTime: 2025-12-17 08:19:58.022
User: runnervm8j6r3\runneradmin"
"12/17/2025 8:19:57 AM","1","Process Create:
RuleName: ProcessCreate
UtcTime: 2025-12-17 08:19:57.929
ProcessGuid: {f995aebf-67ad-6942-f107-000000000e00}
ProcessId: 8188
Image: C:\Windows\System32\WindowsPowerShell\v1.0\powershell.exe
FileVersion: 10.0.26100.5074 (WinBuild.160101.0800)
Description: Windows PowerShell
Product: Microsoft? Windows? Operating System
Company: Microsoft Corporation
OriginalFileName: PowerShell.EXE
CommandLine: ""powershell.exe"" & {Remove-Item -Path $env:TEMP\deleteme_folder_T1551.004 -Recurse}
CurrentDirectory: C:\Users\RUNNER~1\AppData\Local\Temp\
User: runnervm8j6r3\runneradmin
LogonGuid: {f995aebf-5ae4-6942-0e06-0c0000000000}
LogonId: 0xC060E
TerminalSessionId: 2
IntegrityLevel: High
Hashes: SHA256=0FF6F2C94BC7E2833A5F7E16DE1622E5DBA70396F31C7D5F56381870317E8C46
ParentProcessGuid: {f995aebf-60f4-6942-f302-000000000e00}
ParentProcessId: 8700
ParentImage: C:\Windows\System32\WindowsPowerShell\v1.0\powershell.exe
ParentCommandLine: ""C:\Windows\System32\WindowsPowerShell\v1.0\powershell.EXE"" -command "". 'D:\a\_temp\376a09f4-185e-4c7d-b96b-edbc7a510283.ps1'""
ParentUser: runnervm8j6r3\runneradmin"
"12/17/2025 8:19:57 AM","23","File Delete archived:
RuleName: FileDelete
UtcTime: 2025-12-17 08:19:57.422
ProcessGuid: {f995aebf-67ad-6942-ef07-000000000e00}
ProcessId: 2732
User: runnervm8j6r3\runneradmin
Image: C:\Windows\System32\WindowsPowerShell\v1.0\powershell.exe
TargetFilename: C:\Users\runneradmin\AppData\Local\Temp\__PSScriptPolicyTest_nup2l4y1.f1p.ps1
Hashes: SHA256=96AD1146EB96877EAB5942AE0736B82D8B5E2039A80D3D6932665C1A4C87DCF7
IsExecutable: false
Archived: true"
"12/17/2025 8:19:57 AM","11","File created:
RuleName: FileCreate
UtcTime: 2025-12-17 08:19:57.403
ProcessGuid: {f995aebf-67ad-6942-ef07-000000000e00}
ProcessId: 2732
Image: C:\Windows\System32\WindowsPowerShell\v1.0\powershell.exe
TargetFilename: C:\Users\runneradmin\AppData\Local\Temp\__PSScriptPolicyTest_nup2l4y1.f1p.ps1
CreationUtcTime: 2025-12-17 08:19:57.403
User: runnervm8j6r3\runneradmin"
"12/17/2025 8:19:57 AM","1","Process Create:
RuleName: ProcessCreate
UtcTime: 2025-12-17 08:19:57.317
ProcessGuid: {f995aebf-67ad-6942-ef07-000000000e00}
ProcessId: 2732
Image: C:\Windows\System32\WindowsPowerShell\v1.0\powershell.exe
FileVersion: 10.0.26100.5074 (WinBuild.160101.0800)
Description: Windows PowerShell
Product: Microsoft? Windows? Operating System
Company: Microsoft Corporation
OriginalFileName: PowerShell.EXE
CommandLine: ""powershell.exe"" & {Remove-Item -path $env:TEMP\deleteme_T1551.004}
CurrentDirectory: C:\Users\RUNNER~1\AppData\Local\Temp\
User: runnervm8j6r3\runneradmin
LogonGuid: {f995aebf-5ae4-6942-0e06-0c0000000000}
LogonId: 0xC060E
TerminalSessionId: 2
IntegrityLevel: High
Hashes: SHA256=0FF6F2C94BC7E2833A5F7E16DE1622E5DBA70396F31C7D5F56381870317E8C46
ParentProcessGuid: {f995aebf-60f4-6942-f302-000000000e00}
ParentProcessId: 8700
ParentImage: C:\Windows\System32\WindowsPowerShell\v1.0\powershell.exe
ParentCommandLine: ""C:\Windows\System32\WindowsPowerShell\v1.0\powershell.EXE"" -command "". 'D:\a\_temp\376a09f4-185e-4c7d-b96b-edbc7a510283.ps1'""
ParentUser: runnervm8j6r3\runneradmin"
"12/17/2025 8:19:57 AM","1","Process Create:
RuleName: ProcessCreate
UtcTime: 2025-12-17 08:19:57.071
ProcessGuid: {f995aebf-67ad-6942-ed07-000000000e00}
ProcessId: 5992
Image: C:\Windows\System32\cmd.exe
FileVersion: 10.0.26100.7019 (WinBuild.160101.0800)
Description: Windows Command Processor
Product: Microsoft? Windows? Operating System
Company: Microsoft Corporation
OriginalFileName: Cmd.Exe
CommandLine: ""cmd.exe"" /c rmdir /s /q %%temp%%\deleteme_T1551.004
CurrentDirectory: C:\Users\RUNNER~1\AppData\Local\Temp\
User: runnervm8j6r3\runneradmin
LogonGuid: {f995aebf-5ae4-6942-0e06-0c0000000000}
LogonId: 0xC060E
TerminalSessionId: 2
IntegrityLevel: High
Hashes: SHA256=9695CF4566DDF878A69C3D419E0DA4EEA87B0F24261AD8E79A3A9C4A9885429C
ParentProcessGuid: {f995aebf-60f4-6942-f302-000000000e00}
ParentProcessId: 8700
ParentImage: C:\Windows\System32\WindowsPowerShell\v1.0\powershell.exe
ParentCommandLine: ""C:\Windows\System32\WindowsPowerShell\v1.0\powershell.EXE"" -command "". 'D:\a\_temp\376a09f4-185e-4c7d-b96b-edbc7a510283.ps1'""
ParentUser: runnervm8j6r3\runneradmin"
