"12/17/2025 8:35:49 AM","22","Dns query:
RuleName: -
UtcTime: 2025-12-17 08:35:47.191
ProcessGuid: {f995aebf-6b62-6942-7b0b-000000000e00}
ProcessId: 4100
QueryName: raw.githubusercontent.com
QueryStatus: 0
QueryResults: ::ffff:185.199.111.133;::ffff:185.199.108.133;::ffff:185.199.109.133;::ffff:185.199.110.133;
Image: C:\Windows\System32\WindowsPowerShell\v1.0\powershell.exe
User: runnervm8j6r3\runneradmin"
"12/17/2025 8:35:49 AM","3","Network connection detected:
RuleName: NetworkConnect
UtcTime: 2025-12-17 08:35:47.202
ProcessGuid: {f995aebf-6b62-6942-7b0b-000000000e00}
ProcessId: 4100
Image: C:\Windows\System32\WindowsPowerShell\v1.0\powershell.exe
User: runnervm8j6r3\runneradmin
Protocol: tcp
Initiated: true
SourceIsIpv6: false
SourceIp: 10.1.0.107
SourceHostname: runnervm8j6r3.sbzdpbrwhzzuzo2oi0oaswtc3h.phxx.internal.cloudapp.net
SourcePort: 65231
SourcePortName: -
DestinationIsIpv6: false
DestinationIp: 185.199.111.133
DestinationHostname: cdn-185-199-111-133.github.com
DestinationPort: 443
DestinationPortName: https"
"12/17/2025 8:35:44 AM","22","Dns query:
RuleName: -
UtcTime: 2025-12-17 08:35:42.190
ProcessGuid: {f995aebf-6b5e-6942-780b-000000000e00}
ProcessId: 8564
QueryName: runnervm8j6r3
QueryStatus: 0
QueryResults: fe80::cc61:60c:1b14:143e;fe80::c909:2186:3ffc:c1a6;::ffff:10.1.0.107;::ffff:172.17.224.1;
Image: C:\Windows\system32\cscript.exe
User: runnervm8j6r3\runneradmin"
"12/17/2025 8:35:07 AM","22","Dns query:
RuleName: -
UtcTime: 2025-12-17 08:35:05.768
ProcessGuid: {00000000-0000-0000-0000-000000000000}
ProcessId: 2384
QueryName: runnervm8j6r3
QueryStatus: 0
QueryResults: fe80::cc61:60c:1b14:143e;fe80::c909:2186:3ffc:c1a6;::ffff:10.1.0.107;::ffff:172.17.224.1;
Image: <unknown process>
User: -"
"12/17/2025 8:35:04 AM","22","Dns query:
RuleName: -
UtcTime: 2025-12-17 08:35:02.619
ProcessGuid: {f995aebf-6b36-6942-270b-000000000e00}
ProcessId: 3904
QueryName: raw.githubusercontent.com
QueryStatus: 0
QueryResults: ::ffff:185.199.111.133;::ffff:185.199.108.133;::ffff:185.199.109.133;::ffff:185.199.110.133;
Image: C:\Windows\System32\WindowsPowerShell\v1.0\powershell.exe
User: runnervm8j6r3\runneradmin"
"12/17/2025 8:35:04 AM","3","Network connection detected:
RuleName: NetworkConnect
UtcTime: 2025-12-17 08:35:02.629
ProcessGuid: {f995aebf-6b36-6942-270b-000000000e00}
ProcessId: 3904
Image: C:\Windows\System32\WindowsPowerShell\v1.0\powershell.exe
User: runnervm8j6r3\runneradmin
Protocol: tcp
Initiated: true
SourceIsIpv6: false
SourceIp: 10.1.0.107
SourceHostname: runnervm8j6r3.sbzdpbrwhzzuzo2oi0oaswtc3h.phxx.internal.cloudapp.net
SourcePort: 65206
SourcePortName: -
DestinationIsIpv6: false
DestinationIp: 185.199.111.133
DestinationHostname: cdn-185-199-111-133.github.com
DestinationPort: 443
DestinationPortName: https"
"12/17/2025 8:35:00 AM","22","Dns query:
RuleName: -
UtcTime: 2025-12-17 08:34:58.436
ProcessGuid: {f995aebf-6b32-6942-1f0b-000000000e00}
ProcessId: 4212
QueryName: raw.githubusercontent.com
QueryStatus: 0
QueryResults: ::ffff:185.199.111.133;::ffff:185.199.108.133;::ffff:185.199.109.133;::ffff:185.199.110.133;
Image: C:\Windows\System32\WindowsPowerShell\v1.0\powershell.exe
User: runnervm8j6r3\runneradmin"
"12/17/2025 8:35:00 AM","22","Dns query:
RuleName: -
UtcTime: 2025-12-17 08:34:57.822
ProcessGuid: {f995aebf-607e-6942-4403-000000000e00}
ProcessId: 2412
QueryName: 28.118.140.52.in-addr.arpa.
QueryStatus: 9003
QueryResults: -
Image: C:\Windows\Sysmon64.exe
User: NT AUTHORITY\SYSTEM"
"12/17/2025 8:34:59 AM","3","Network connection detected:
RuleName: NetworkConnect
UtcTime: 2025-12-17 08:34:58.447
ProcessGuid: {f995aebf-6b32-6942-1f0b-000000000e00}
ProcessId: 4212
Image: C:\Windows\System32\WindowsPowerShell\v1.0\powershell.exe
User: runnervm8j6r3\runneradmin
Protocol: tcp
Initiated: true
SourceIsIpv6: false
SourceIp: 10.1.0.107
SourceHostname: runnervm8j6r3.sbzdpbrwhzzuzo2oi0oaswtc3h.phxx.internal.cloudapp.net
SourcePort: 65199
SourcePortName: -
DestinationIsIpv6: false
DestinationIp: 185.199.111.133
DestinationHostname: cdn-185-199-111-133.github.com
DestinationPort: 443
DestinationPortName: https"
"12/17/2025 8:34:57 AM","22","Dns query:
RuleName: -
UtcTime: 2025-12-17 08:34:55.858
ProcessGuid: {f995aebf-5597-6942-a600-000000000e00}
ProcessId: 5664
QueryName: settings-win.data.microsoft.com
QueryStatus: 0
QueryResults: type: 5 atm-settingsfe-prod-geo2.trafficmanager.net;type: 5 settings-prod-cin-1.centralindia.cloudapp.azure.com;::ffff:52.140.118.28;
Image: C:\Windows\system32\taskhostw.exe
User: NT AUTHORITY\SYSTEM"
"12/17/2025 8:34:57 AM","22","Dns query:
RuleName: -
UtcTime: 2025-12-17 08:34:55.470
ProcessGuid: {00000000-0000-0000-0000-000000000000}
ProcessId: 7172
QueryName: runnervm8j6r3
QueryStatus: 0
QueryResults: fe80::cc61:60c:1b14:143e;fe80::c909:2186:3ffc:c1a6;::ffff:10.1.0.107;::ffff:172.17.224.1;
Image: <unknown process>
User: -"
"12/17/2025 8:33:57 AM","3","Network connection detected:
RuleName: NetworkConnect
UtcTime: 2025-12-17 08:33:55.978
ProcessGuid: {f995aebf-6af3-6942-ad0a-000000000e00}
ProcessId: 5560
Image: C:\Windows\System32\WindowsPowerShell\v1.0\powershell.exe
User: runnervm8j6r3\runneradmin
Protocol: tcp
Initiated: true
SourceIsIpv6: false
SourceIp: 10.1.0.107
SourceHostname: runnervm8j6r3.sbzdpbrwhzzuzo2oi0oaswtc3h.phxx.internal.cloudapp.net
SourcePort: 65173
SourcePortName: -
DestinationIsIpv6: false
DestinationIp: 185.199.111.133
DestinationHostname: cdn-185-199-111-133.github.com
DestinationPort: 443
DestinationPortName: https"
"12/17/2025 8:33:57 AM","22","Dns query:
RuleName: -
UtcTime: 2025-12-17 08:33:55.967
ProcessGuid: {f995aebf-6af3-6942-ad0a-000000000e00}
ProcessId: 5560
QueryName: raw.githubusercontent.com
QueryStatus: 0
QueryResults: ::ffff:185.199.111.133;::ffff:185.199.108.133;::ffff:185.199.109.133;::ffff:185.199.110.133;
Image: <unknown process>
User: runnervm8j6r3\runneradmin"
"12/17/2025 8:33:57 AM","22","Dns query:
RuleName: -
UtcTime: 2025-12-17 08:33:55.015
ProcessGuid: {f995aebf-6af2-6942-ab0a-000000000e00}
ProcessId: 7524
QueryName: raw.githubusercontent.com
QueryStatus: 0
QueryResults: ::ffff:185.199.111.133;::ffff:185.199.108.133;::ffff:185.199.109.133;::ffff:185.199.110.133;
Image: <unknown process>
User: runnervm8j6r3\runneradmin"
"12/17/2025 8:33:56 AM","22","Dns query:
RuleName: -
UtcTime: 2025-12-17 08:33:54.044
ProcessGuid: {00000000-0000-0000-0000-000000000000}
ProcessId: 8172
QueryName: raw.githubusercontent.com
QueryStatus: 0
QueryResults: ::ffff:185.199.111.133;::ffff:185.199.108.133;::ffff:185.199.109.133;::ffff:185.199.110.133;
Image: <unknown process>
User: -"
"12/17/2025 8:33:39 AM","22","Dns query:
RuleName: -
UtcTime: 2025-12-17 08:33:37.729
ProcessGuid: {f995aebf-607e-6942-4403-000000000e00}
ProcessId: 2412
QueryName: 21.113.82.140.in-addr.arpa.
QueryStatus: 0
QueryResults: type: 12 lb-140-82-113-21-iad.github.com;
Image: C:\Windows\Sysmon64.exe
User: NT AUTHORITY\SYSTEM"
"12/17/2025 8:33:39 AM","22","Dns query:
RuleName: -
UtcTime: 2025-12-17 08:33:36.026
ProcessGuid: {f995aebf-6077-6942-9202-000000000e00}
ProcessId: 4364
QueryName: results-receiver.actions.githubusercontent.com
QueryStatus: 0
QueryResults: type: 5 glb-db52c2cf8be544.github.com;::ffff:140.82.113.21;
Image: C:\actions-runner\cached\2.330.0\bin\Runner.Worker.exe
User: runnervm8j6r3\runneradmin"
"12/17/2025 8:33:33 AM","22","Dns query:
RuleName: -
UtcTime: 2025-12-17 08:33:31.404
ProcessGuid: {f995aebf-607e-6942-4403-000000000e00}
ProcessId: 2412
QueryName: 201.201.50.20.in-addr.arpa.
QueryStatus: 9003
QueryResults: -
Image: C:\Windows\Sysmon64.exe
User: NT AUTHORITY\SYSTEM"
"12/17/2025 8:33:23 AM","22","Dns query:
RuleName: -
UtcTime: 2025-12-17 08:33:22.311
ProcessGuid: {00000000-0000-0000-0000-000000000000}
ProcessId: 7592
QueryName: raw.githubusercontent.com
QueryStatus: 0
QueryResults: ::ffff:185.199.111.133;::ffff:185.199.108.133;::ffff:185.199.109.133;::ffff:185.199.110.133;
Image: <unknown process>
User: -"
"12/17/2025 8:33:22 AM","22","Dns query:
RuleName: -
UtcTime: 2025-12-17 08:33:21.333
ProcessGuid: {00000000-0000-0000-0000-000000000000}
ProcessId: 9664
QueryName: raw.githubusercontent.com
QueryStatus: 0
QueryResults: ::ffff:185.199.111.133;::ffff:185.199.108.133;::ffff:185.199.109.133;::ffff:185.199.110.133;
Image: <unknown process>
User: -"
"12/17/2025 8:33:21 AM","22","Dns query:
RuleName: -
UtcTime: 2025-12-17 08:33:19.600
ProcessGuid: {f995aebf-6acf-6942-650a-000000000e00}
ProcessId: 8112
QueryName: raw.githubusercontent.com
QueryStatus: 0
QueryResults: ::ffff:185.199.111.133;::ffff:185.199.108.133;::ffff:185.199.109.133;::ffff:185.199.110.133;
Image: <unknown process>
User: runnervm8j6r3\runneradmin"
"12/17/2025 8:33:19 AM","3","Network connection detected:
RuleName: NetworkConnect
UtcTime: 2025-12-17 08:33:17.702
ProcessGuid: {f995aebf-6acd-6942-630a-000000000e00}
ProcessId: 3984
Image: C:\Windows\System32\WindowsPowerShell\v1.0\powershell.exe
User: runnervm8j6r3\runneradmin
Protocol: tcp
Initiated: true
SourceIsIpv6: false
SourceIp: 10.1.0.107
SourceHostname: runnervm8j6r3.sbzdpbrwhzzuzo2oi0oaswtc3h.phxx.internal.cloudapp.net
SourcePort: 65153
SourcePortName: -
DestinationIsIpv6: false
DestinationIp: 185.199.111.133
DestinationHostname: cdn-185-199-111-133.github.com
DestinationPort: 443
DestinationPortName: https"
"12/17/2025 8:33:18 AM","22","Dns query:
RuleName: -
UtcTime: 2025-12-17 08:33:17.692
ProcessGuid: {f995aebf-6acd-6942-630a-000000000e00}
ProcessId: 3984
QueryName: raw.githubusercontent.com
QueryStatus: 0
QueryResults: ::ffff:185.199.111.133;::ffff:185.199.108.133;::ffff:185.199.109.133;::ffff:185.199.110.133;
Image: C:\Windows\System32\WindowsPowerShell\v1.0\powershell.exe
User: runnervm8j6r3\runneradmin"
"12/17/2025 8:33:18 AM","22","Dns query:
RuleName: -
UtcTime: 2025-12-17 08:33:16.756
ProcessGuid: {00000000-0000-0000-0000-000000000000}
ProcessId: 3496
QueryName: raw.githubusercontent.com
QueryStatus: 0
QueryResults: ::ffff:185.199.111.133;::ffff:185.199.108.133;::ffff:185.199.109.133;::ffff:185.199.110.133;
Image: <unknown process>
User: -"
"12/17/2025 8:31:11 AM","22","Dns query:
RuleName: -
UtcTime: 2025-12-17 08:31:08.957
ProcessGuid: {f995aebf-6a4c-6942-510a-000000000e00}
ProcessId: 1364
QueryName: raw.githubusercontent.com
QueryStatus: 0
QueryResults: ::ffff:185.199.111.133;::ffff:185.199.108.133;::ffff:185.199.109.133;::ffff:185.199.110.133;
Image: C:\Windows\System32\WindowsPowerShell\v1.0\powershell.exe
User: runnervm8j6r3\runneradmin"
"12/17/2025 8:31:10 AM","3","Network connection detected:
RuleName: NetworkConnect
UtcTime: 2025-12-17 08:31:08.968
ProcessGuid: {f995aebf-6a4c-6942-510a-000000000e00}
ProcessId: 1364
Image: C:\Windows\System32\WindowsPowerShell\v1.0\powershell.exe
User: runnervm8j6r3\runneradmin
Protocol: tcp
Initiated: true
SourceIsIpv6: false
SourceIp: 10.1.0.107
SourceHostname: runnervm8j6r3.sbzdpbrwhzzuzo2oi0oaswtc3h.phxx.internal.cloudapp.net
SourcePort: 65095
SourcePortName: -
DestinationIsIpv6: false
DestinationIp: 185.199.111.133
DestinationHostname: cdn-185-199-111-133.github.com
DestinationPort: 443
DestinationPortName: https"
"12/17/2025 8:28:53 AM","22","Dns query:
RuleName: -
UtcTime: 2025-12-17 08:28:51.443
ProcessGuid: {f995aebf-69c3-6942-1e0a-000000000e00}
ProcessId: 4080
QueryName: localhost
QueryStatus: 0
QueryResults: 127.0.0.1;
Image: C:\Windows\System32\WindowsPowerShell\v1.0\powershell.exe
User: runnervm8j6r3\runneradmin"
"12/17/2025 8:26:26 AM","22","Dns query:
RuleName: -
UtcTime: 2025-12-17 08:26:24.248
ProcessGuid: {00000000-0000-0000-0000-000000000000}
ProcessId: 8080
QueryName: raw.githubusercontent.com
QueryStatus: 0
QueryResults: ::ffff:185.199.111.133;::ffff:185.199.108.133;::ffff:185.199.109.133;::ffff:185.199.110.133;
Image: <unknown process>
User: -"
"12/17/2025 8:25:49 AM","22","Dns query:
RuleName: -
UtcTime: 2025-12-17 08:25:47.893
ProcessGuid: {f995aebf-690a-6942-a009-000000000e00}
ProcessId: 7816
QueryName: localhost
QueryStatus: 0
QueryResults: 127.0.0.1;
Image: C:\Windows\System32\WindowsPowerShell\v1.0\powershell.exe
User: runnervm8j6r3\runneradmin"
"12/17/2025 8:25:49 AM","22","Dns query:
RuleName: -
UtcTime: 2025-12-17 08:25:47.214
ProcessGuid: {f995aebf-690a-6942-a009-000000000e00}
ProcessId: 7816
QueryName: raw.githubusercontent.com
QueryStatus: 0
QueryResults: ::ffff:185.199.111.133;::ffff:185.199.108.133;::ffff:185.199.109.133;::ffff:185.199.110.133;
Image: C:\Windows\System32\WindowsPowerShell\v1.0\powershell.exe
User: runnervm8j6r3\runneradmin"
"12/17/2025 8:25:48 AM","3","Network connection detected:
RuleName: NetworkConnect
UtcTime: 2025-12-17 08:25:47.225
ProcessGuid: {f995aebf-690a-6942-a009-000000000e00}
ProcessId: 7816
Image: C:\Windows\System32\WindowsPowerShell\v1.0\powershell.exe
User: runnervm8j6r3\runneradmin
Protocol: tcp
Initiated: true
SourceIsIpv6: false
SourceIp: 10.1.0.107
SourceHostname: runnervm8j6r3.sbzdpbrwhzzuzo2oi0oaswtc3h.phxx.internal.cloudapp.net
SourcePort: 64962
SourcePortName: -
DestinationIsIpv6: false
DestinationIp: 185.199.111.133
DestinationHostname: cdn-185-199-111-133.github.com
DestinationPort: 443
DestinationPortName: https"
"12/17/2025 8:25:47 AM","22","Dns query:
RuleName: -
UtcTime: 2025-12-17 08:25:46.037
ProcessGuid: {00000000-0000-0000-0000-000000000000}
ProcessId: 3872
QueryName: raw.githubusercontent.com
QueryStatus: 0
QueryResults: ::ffff:185.199.111.133;::ffff:185.199.108.133;::ffff:185.199.109.133;::ffff:185.199.110.133;
Image: <unknown process>
User: -"
"12/17/2025 8:25:47 AM","22","Dns query:
RuleName: -
UtcTime: 2025-12-17 08:25:45.721
ProcessGuid: {00000000-0000-0000-0000-000000000000}
ProcessId: 3872
QueryName: github.com
QueryStatus: 0
QueryResults: ::ffff:140.82.113.4;
Image: <unknown process>
User: -"
"12/17/2025 8:24:51 AM","22","Dns query:
RuleName: -
UtcTime: 2025-12-17 08:24:49.550
ProcessGuid: {f995aebf-607e-6942-4403-000000000e00}
ProcessId: 2412
QueryName: 4.113.82.140.in-addr.arpa.
QueryStatus: 0
QueryResults: type: 12 lb-140-82-113-4-iad.github.com;
Image: C:\Windows\Sysmon64.exe
User: NT AUTHORITY\SYSTEM"
"12/17/2025 8:24:51 AM","22","Dns query:
RuleName: -
UtcTime: 2025-12-17 08:24:48.338
ProcessGuid: {f995aebf-68cf-6942-0a09-000000000e00}
ProcessId: 5856
QueryName: release-assets.githubusercontent.com
QueryStatus: 0
QueryResults: ::ffff:185.199.111.133;::ffff:185.199.108.133;::ffff:185.199.109.133;::ffff:185.199.110.133;
Image: C:\Windows\System32\WindowsPowerShell\v1.0\powershell.exe
User: runnervm8j6r3\runneradmin"
"12/17/2025 8:24:51 AM","22","Dns query:
RuleName: -
UtcTime: 2025-12-17 08:24:48.100
ProcessGuid: {f995aebf-68cf-6942-0a09-000000000e00}
ProcessId: 5856
QueryName: github.com
QueryStatus: 0
QueryResults: ::ffff:140.82.113.4;
Image: C:\Windows\System32\WindowsPowerShell\v1.0\powershell.exe
User: runnervm8j6r3\runneradmin"
"12/17/2025 8:24:50 AM","22","Dns query:
RuleName: -
UtcTime: 2025-12-17 08:24:47.998
ProcessGuid: {f995aebf-68cf-6942-0a09-000000000e00}
ProcessId: 5856
QueryName: localhost
QueryStatus: 0
QueryResults: 127.0.0.1;
Image: C:\Windows\System32\WindowsPowerShell\v1.0\powershell.exe
User: runnervm8j6r3\runneradmin"
"12/17/2025 8:24:49 AM","3","Network connection detected:
RuleName: NetworkConnect
UtcTime: 2025-12-17 08:24:48.152
ProcessGuid: {f995aebf-68cf-6942-0a09-000000000e00}
ProcessId: 5856
Image: C:\Windows\System32\WindowsPowerShell\v1.0\powershell.exe
User: runnervm8j6r3\runneradmin
Protocol: tcp
Initiated: true
SourceIsIpv6: false
SourceIp: 10.1.0.107
SourceHostname: runnervm8j6r3.sbzdpbrwhzzuzo2oi0oaswtc3h.phxx.internal.cloudapp.net
SourcePort: 64934
SourcePortName: -
DestinationIsIpv6: false
DestinationIp: 140.82.113.4
DestinationHostname: lb-140-82-113-4-iad.github.com
DestinationPort: 443
DestinationPortName: https"
"12/17/2025 8:24:49 AM","3","Network connection detected:
RuleName: NetworkConnect
UtcTime: 2025-12-17 08:24:48.347
ProcessGuid: {f995aebf-68cf-6942-0a09-000000000e00}
ProcessId: 5856
Image: C:\Windows\System32\WindowsPowerShell\v1.0\powershell.exe
User: runnervm8j6r3\runneradmin
Protocol: tcp
Initiated: true
SourceIsIpv6: false
SourceIp: 10.1.0.107
SourceHostname: runnervm8j6r3.sbzdpbrwhzzuzo2oi0oaswtc3h.phxx.internal.cloudapp.net
SourcePort: 64935
SourcePortName: -
DestinationIsIpv6: false
DestinationIp: 185.199.111.133
DestinationHostname: cdn-185-199-111-133.github.com
DestinationPort: 443
DestinationPortName: https"
"12/17/2025 8:24:37 AM","22","Dns query:
RuleName: -
UtcTime: 2025-12-17 08:24:35.880
ProcessGuid: {00000000-0000-0000-0000-000000000000}
ProcessId: 1956
QueryName: raw.githubusercontent.com
QueryStatus: 0
QueryResults: ::ffff:185.199.111.133;::ffff:185.199.108.133;::ffff:185.199.109.133;::ffff:185.199.110.133;
Image: <unknown process>
User: -"
"12/17/2025 8:24:19 AM","255","Error report:
UtcTime: 2025-12-17 08:24:19.407
ID: DriverCommunication
Description: Failed to retrieve events - Last error: The I/O operation has been aborted because of either a thread exit or an application request.
"
"12/17/2025 8:24:19 AM","1","Process Create:
RuleName: ProcessCreate
UtcTime: 2025-12-17 08:24:19.360
ProcessGuid: {f995aebf-68b3-6942-8d08-000000000e00}
ProcessId: 8100
Image: C:\Windows\System32\cmd.exe
FileVersion: 10.0.26100.7019 (WinBuild.160101.0800)
Description: Windows Command Processor
Product: Microsoft? Windows? Operating System
Company: Microsoft Corporation
OriginalFileName: Cmd.Exe
CommandLine: ""cmd.exe"" /c fltmc.exe unload SysmonDrv
CurrentDirectory: C:\Users\RUNNER~1\AppData\Local\Temp\
User: runnervm8j6r3\runneradmin
LogonGuid: {f995aebf-55a1-6942-2cbe-0b0000000000}
LogonId: 0xBBE2C
TerminalSessionId: 2
IntegrityLevel: High
Hashes: SHA256=9695CF4566DDF878A69C3D419E0DA4EEA87B0F24261AD8E79A3A9C4A9885429C
ParentProcessGuid: {f995aebf-60eb-6942-5803-000000000e00}
ParentProcessId: 3568
ParentImage: C:\Windows\System32\WindowsPowerShell\v1.0\powershell.exe
ParentCommandLine: ""C:\Windows\System32\WindowsPowerShell\v1.0\powershell.EXE"" -command "". 'D:\a\_temp\a9afb767-bac2-4a05-af68-94aeef71995f.ps1'""
ParentUser: runnervm8j6r3\runneradmin"
"12/17/2025 8:24:18 AM","1","Process Create:
RuleName: ProcessCreate
UtcTime: 2025-12-17 08:24:18.943
ProcessGuid: {f995aebf-68b2-6942-8c08-000000000e00}
ProcessId: 9404
Image: C:\Windows\System32\whoami.exe
FileVersion: 10.0.26100.1882 (WinBuild.160101.0800)
Description: whoami - displays logged on user information
Product: Microsoft? Windows? Operating System
Company: Microsoft Corporation
OriginalFileName: whoami.exe
CommandLine: ""C:\Windows\system32\whoami.exe""
CurrentDirectory: D:\a\sysmon\sysmon\
User: runnervm8j6r3\runneradmin
LogonGuid: {f995aebf-55a1-6942-2cbe-0b0000000000}
LogonId: 0xBBE2C
TerminalSessionId: 2
IntegrityLevel: High
Hashes: SHA256=23240EF9F8B0A9A324110B1C2331DE31DC1B0E08F5359CB707E51A939AF56CD3
ParentProcessGuid: {f995aebf-60eb-6942-5803-000000000e00}
ParentProcessId: 3568
ParentImage: C:\Windows\System32\WindowsPowerShell\v1.0\powershell.exe
ParentCommandLine: ""C:\Windows\System32\WindowsPowerShell\v1.0\powershell.EXE"" -command "". 'D:\a\_temp\a9afb767-bac2-4a05-af68-94aeef71995f.ps1'""
ParentUser: runnervm8j6r3\runneradmin"
"12/17/2025 8:24:18 AM","1","Process Create:
RuleName: ProcessCreate
UtcTime: 2025-12-17 08:24:18.924
ProcessGuid: {f995aebf-68b2-6942-8b08-000000000e00}
ProcessId: 3312
Image: C:\Windows\System32\HOSTNAME.EXE
FileVersion: 10.0.26100.2161 (WinBuild.160101.0800)
Description: Hostname APP
Product: Microsoft? Windows? Operating System
Company: Microsoft Corporation
OriginalFileName: hostname.exe
CommandLine: ""C:\Windows\system32\HOSTNAME.EXE""
CurrentDirectory: D:\a\sysmon\sysmon\
User: runnervm8j6r3\runneradmin
LogonGuid: {f995aebf-55a1-6942-2cbe-0b0000000000}
LogonId: 0xBBE2C
TerminalSessionId: 2
IntegrityLevel: High
Hashes: SHA256=8FF283FB7A282A9B2B30235016669DFE795665BCBB254FD17AC31FA9308D89D9
ParentProcessGuid: {f995aebf-60eb-6942-5803-000000000e00}
ParentProcessId: 3568
ParentImage: C:\Windows\System32\WindowsPowerShell\v1.0\powershell.exe
ParentCommandLine: ""C:\Windows\System32\WindowsPowerShell\v1.0\powershell.EXE"" -command "". 'D:\a\_temp\a9afb767-bac2-4a05-af68-94aeef71995f.ps1'""
ParentUser: runnervm8j6r3\runneradmin"
"12/17/2025 8:24:09 AM","1","Process Create:
RuleName: ProcessCreate
UtcTime: 2025-12-17 08:24:09.861
ProcessGuid: {f995aebf-68a9-6942-8708-000000000e00}
ProcessId: 7760
Image: C:\Windows\System32\cmd.exe
FileVersion: 10.0.26100.7019 (WinBuild.160101.0800)
Description: Windows Command Processor
Product: Microsoft? Windows? Operating System
Company: Microsoft Corporation
OriginalFileName: Cmd.Exe
CommandLine: ""cmd.exe"" /c 
CurrentDirectory: C:\Users\RUNNER~1\AppData\Local\Temp\
User: runnervm8j6r3\runneradmin
LogonGuid: {f995aebf-55a1-6942-2cbe-0b0000000000}
LogonId: 0xBBE2C
TerminalSessionId: 2
IntegrityLevel: High
Hashes: SHA256=9695CF4566DDF878A69C3D419E0DA4EEA87B0F24261AD8E79A3A9C4A9885429C
ParentProcessGuid: {f995aebf-60eb-6942-5803-000000000e00}
ParentProcessId: 3568
ParentImage: C:\Windows\System32\WindowsPowerShell\v1.0\powershell.exe
ParentCommandLine: ""C:\Windows\System32\WindowsPowerShell\v1.0\powershell.EXE"" -command "". 'D:\a\_temp\a9afb767-bac2-4a05-af68-94aeef71995f.ps1'""
ParentUser: runnervm8j6r3\runneradmin"
"12/17/2025 8:24:09 AM","7","Image loaded:
RuleName: ImageLoad
UtcTime: 2025-12-17 08:24:09.628
ProcessGuid: {f995aebf-68a9-6942-8508-000000000e00}
ProcessId: 6616
Image: C:\Windows\System32\WindowsPowerShell\v1.0\powershell.exe
ImageLoaded: C:\ProgramData\Microsoft\Windows Defender\Platform\4.18.25110.5-0\MpClient.dll
FileVersion: 4.18.25110.5 (4a6978a838df7287d907bb2ee8a2eeb2373b186e)
Description: Client Interface
Product: Microsoft? Windows? Operating System
Company: Microsoft Corporation
OriginalFileName: mpclient.dll
Hashes: SHA256=F1CA293E6D05A500EB026529A27948B01B6467D0E9C20C6049101C2B2829B96A
Signed: true
Signature: Microsoft Windows
SignatureStatus: Valid
User: runnervm8j6r3\runneradmin"
"12/17/2025 8:24:09 AM","12","Registry object added or deleted:
RuleName: RegistryEvent
EventType: CreateKey
UtcTime: 2025-12-17 08:24:09.594
ProcessGuid: {f995aebf-68a9-6942-8508-000000000e00}
ProcessId: 6616
Image: C:\Windows\System32\WindowsPowerShell\v1.0\powershell.exe
TargetObject: HKLM\SOFTWARE\Policies\Microsoft\SystemCertificates\Disallowed\CTLs
User: runnervm8j6r3\runneradmin"
"12/17/2025 8:24:09 AM","12","Registry object added or deleted:
RuleName: RegistryEvent
EventType: CreateKey
UtcTime: 2025-12-17 08:24:09.594
ProcessGuid: {f995aebf-68a9-6942-8508-000000000e00}
ProcessId: 6616
Image: C:\Windows\System32\WindowsPowerShell\v1.0\powershell.exe
TargetObject: HKLM\SOFTWARE\Policies\Microsoft\SystemCertificates\Disallowed\CRLs
User: runnervm8j6r3\runneradmin"
"12/17/2025 8:24:09 AM","12","Registry object added or deleted:
RuleName: RegistryEvent
EventType: CreateKey
UtcTime: 2025-12-17 08:24:09.594
ProcessGuid: {f995aebf-68a9-6942-8508-000000000e00}
ProcessId: 6616
Image: C:\Windows\System32\WindowsPowerShell\v1.0\powershell.exe
TargetObject: HKLM\SOFTWARE\Policies\Microsoft\SystemCertificates\Disallowed\Certificates
User: runnervm8j6r3\runneradmin"
"12/17/2025 8:24:09 AM","12","Registry object added or deleted:
RuleName: RegistryEvent
EventType: CreateKey
UtcTime: 2025-12-17 08:24:09.594
ProcessGuid: {f995aebf-68a9-6942-8508-000000000e00}
ProcessId: 6616
Image: C:\Windows\System32\WindowsPowerShell\v1.0\powershell.exe
TargetObject: HKLM\SOFTWARE\Policies\Microsoft\SystemCertificates\Disallowed
User: runnervm8j6r3\runneradmin"
"12/17/2025 8:24:09 AM","12","Registry object added or deleted:
RuleName: RegistryEvent
EventType: CreateKey
UtcTime: 2025-12-17 08:24:09.594
ProcessGuid: {f995aebf-68a9-6942-8508-000000000e00}
ProcessId: 6616
Image: C:\Windows\System32\WindowsPowerShell\v1.0\powershell.exe
TargetObject: HKU\S-1-5-21-3430515368-916141482-256631409-500\SOFTWARE\Policies\Microsoft\SystemCertificates\Disallowed\CTLs
User: runnervm8j6r3\runneradmin"
"12/17/2025 8:24:09 AM","12","Registry object added or deleted:
RuleName: RegistryEvent
EventType: CreateKey
UtcTime: 2025-12-17 08:24:09.594
ProcessGuid: {f995aebf-68a9-6942-8508-000000000e00}
ProcessId: 6616
Image: C:\Windows\System32\WindowsPowerShell\v1.0\powershell.exe
TargetObject: HKU\S-1-5-21-3430515368-916141482-256631409-500\SOFTWARE\Policies\Microsoft\SystemCertificates\Disallowed\CRLs
User: runnervm8j6r3\runneradmin"
"12/17/2025 8:24:09 AM","12","Registry object added or deleted:
RuleName: RegistryEvent
EventType: CreateKey
UtcTime: 2025-12-17 08:24:09.594
ProcessGuid: {f995aebf-68a9-6942-8508-000000000e00}
ProcessId: 6616
Image: C:\Windows\System32\WindowsPowerShell\v1.0\powershell.exe
TargetObject: HKU\S-1-5-21-3430515368-916141482-256631409-500\SOFTWARE\Policies\Microsoft\SystemCertificates\Disallowed\Certificates
User: runnervm8j6r3\runneradmin"
"12/17/2025 8:24:09 AM","12","Registry object added or deleted:
RuleName: RegistryEvent
EventType: CreateKey
UtcTime: 2025-12-17 08:24:09.594
ProcessGuid: {f995aebf-68a9-6942-8508-000000000e00}
ProcessId: 6616
Image: C:\Windows\System32\WindowsPowerShell\v1.0\powershell.exe
TargetObject: HKU\S-1-5-21-3430515368-916141482-256631409-500\SOFTWARE\Policies\Microsoft\SystemCertificates\Disallowed
User: runnervm8j6r3\runneradmin"
"12/17/2025 8:24:09 AM","23","File Delete archived:
RuleName: FileDelete
UtcTime: 2025-12-17 08:24:09.575
ProcessGuid: {f995aebf-68a9-6942-8508-000000000e00}
ProcessId: 6616
User: runnervm8j6r3\runneradmin
Image: C:\Windows\System32\WindowsPowerShell\v1.0\powershell.exe
TargetFilename: C:\Users\runneradmin\AppData\Local\Temp\__PSScriptPolicyTest_r1df2inj.x1n.ps1
Hashes: SHA256=96AD1146EB96877EAB5942AE0736B82D8B5E2039A80D3D6932665C1A4C87DCF7
IsExecutable: false
Archived: true"
"12/17/2025 8:24:09 AM","12","Registry object added or deleted:
RuleName: RegistryEvent
EventType: CreateKey
UtcTime: 2025-12-17 08:24:09.562
ProcessGuid: {f995aebf-68a9-6942-8508-000000000e00}
ProcessId: 6616
Image: C:\Windows\System32\WindowsPowerShell\v1.0\powershell.exe
TargetObject: HKLM\SOFTWARE\Policies\Microsoft\SystemCertificates\trust\CRLs
User: runnervm8j6r3\runneradmin"
"12/17/2025 8:24:09 AM","12","Registry object added or deleted:
RuleName: RegistryEvent
EventType: CreateKey
UtcTime: 2025-12-17 08:24:09.562
ProcessGuid: {f995aebf-68a9-6942-8508-000000000e00}
ProcessId: 6616
Image: C:\Windows\System32\WindowsPowerShell\v1.0\powershell.exe
TargetObject: HKLM\SOFTWARE\Policies\Microsoft\SystemCertificates\trust\CTLs
User: runnervm8j6r3\runneradmin"
"12/17/2025 8:24:09 AM","12","Registry object added or deleted:
RuleName: RegistryEvent
EventType: CreateKey
UtcTime: 2025-12-17 08:24:09.562
ProcessGuid: {f995aebf-68a9-6942-8508-000000000e00}
ProcessId: 6616
Image: C:\Windows\System32\WindowsPowerShell\v1.0\powershell.exe
TargetObject: HKLM\SOFTWARE\Policies\Microsoft\SystemCertificates\trust\Certificates
User: runnervm8j6r3\runneradmin"
"12/17/2025 8:24:09 AM","12","Registry object added or deleted:
RuleName: RegistryEvent
EventType: CreateKey
UtcTime: 2025-12-17 08:24:09.562
ProcessGuid: {f995aebf-68a9-6942-8508-000000000e00}
ProcessId: 6616
Image: C:\Windows\System32\WindowsPowerShell\v1.0\powershell.exe
TargetObject: HKLM\SOFTWARE\Policies\Microsoft\SystemCertificates\trust
User: runnervm8j6r3\runneradmin"
"12/17/2025 8:24:09 AM","12","Registry object added or deleted:
RuleName: RegistryEvent
EventType: CreateKey
UtcTime: 2025-12-17 08:24:09.561
ProcessGuid: {f995aebf-68a9-6942-8508-000000000e00}
ProcessId: 6616
Image: C:\Windows\System32\WindowsPowerShell\v1.0\powershell.exe
TargetObject: HKU\S-1-5-21-3430515368-916141482-256631409-500\SOFTWARE\Policies\Microsoft\SystemCertificates\trust\CTLs
User: runnervm8j6r3\runneradmin"
"12/17/2025 8:24:09 AM","12","Registry object added or deleted:
RuleName: RegistryEvent
EventType: CreateKey
UtcTime: 2025-12-17 08:24:09.561
ProcessGuid: {f995aebf-68a9-6942-8508-000000000e00}
ProcessId: 6616
Image: C:\Windows\System32\WindowsPowerShell\v1.0\powershell.exe
TargetObject: HKU\S-1-5-21-3430515368-916141482-256631409-500\SOFTWARE\Policies\Microsoft\SystemCertificates\trust\CRLs
User: runnervm8j6r3\runneradmin"
"12/17/2025 8:24:09 AM","12","Registry object added or deleted:
RuleName: RegistryEvent
EventType: CreateKey
UtcTime: 2025-12-17 08:24:09.561
ProcessGuid: {f995aebf-68a9-6942-8508-000000000e00}
ProcessId: 6616
Image: C:\Windows\System32\WindowsPowerShell\v1.0\powershell.exe
TargetObject: HKU\S-1-5-21-3430515368-916141482-256631409-500\SOFTWARE\Policies\Microsoft\SystemCertificates\trust\Certificates
User: runnervm8j6r3\runneradmin"
"12/17/2025 8:24:09 AM","12","Registry object added or deleted:
RuleName: RegistryEvent
EventType: CreateKey
UtcTime: 2025-12-17 08:24:09.561
ProcessGuid: {f995aebf-68a9-6942-8508-000000000e00}
ProcessId: 6616
Image: C:\Windows\System32\WindowsPowerShell\v1.0\powershell.exe
TargetObject: HKU\S-1-5-21-3430515368-916141482-256631409-500\SOFTWARE\Policies\Microsoft\SystemCertificates\trust
User: runnervm8j6r3\runneradmin"
"12/17/2025 8:24:09 AM","12","Registry object added or deleted:
RuleName: RegistryEvent
EventType: CreateKey
UtcTime: 2025-12-17 08:24:09.560
ProcessGuid: {f995aebf-68a9-6942-8508-000000000e00}
ProcessId: 6616
Image: C:\Windows\System32\WindowsPowerShell\v1.0\powershell.exe
TargetObject: HKLM\SOFTWARE\Policies\Microsoft\SystemCertificates\TrustedPeople\CTLs
User: runnervm8j6r3\runneradmin"
"12/17/2025 8:24:09 AM","12","Registry object added or deleted:
RuleName: RegistryEvent
EventType: CreateKey
UtcTime: 2025-12-17 08:24:09.560
ProcessGuid: {f995aebf-68a9-6942-8508-000000000e00}
ProcessId: 6616
Image: C:\Windows\System32\WindowsPowerShell\v1.0\powershell.exe
TargetObject: HKLM\SOFTWARE\Policies\Microsoft\SystemCertificates\TrustedPeople\CRLs
User: runnervm8j6r3\runneradmin"
"12/17/2025 8:24:09 AM","12","Registry object added or deleted:
RuleName: RegistryEvent
EventType: CreateKey
UtcTime: 2025-12-17 08:24:09.560
ProcessGuid: {f995aebf-68a9-6942-8508-000000000e00}
ProcessId: 6616
Image: C:\Windows\System32\WindowsPowerShell\v1.0\powershell.exe
TargetObject: HKLM\SOFTWARE\Policies\Microsoft\SystemCertificates\TrustedPeople\Certificates
User: runnervm8j6r3\runneradmin"
"12/17/2025 8:24:09 AM","12","Registry object added or deleted:
RuleName: RegistryEvent
EventType: CreateKey
UtcTime: 2025-12-17 08:24:09.560
ProcessGuid: {f995aebf-68a9-6942-8508-000000000e00}
ProcessId: 6616
Image: C:\Windows\System32\WindowsPowerShell\v1.0\powershell.exe
TargetObject: HKLM\SOFTWARE\Policies\Microsoft\SystemCertificates\TrustedPeople
User: runnervm8j6r3\runneradmin"
"12/17/2025 8:24:09 AM","12","Registry object added or deleted:
RuleName: RegistryEvent
EventType: CreateKey
UtcTime: 2025-12-17 08:24:09.559
ProcessGuid: {f995aebf-68a9-6942-8508-000000000e00}
ProcessId: 6616
Image: C:\Windows\System32\WindowsPowerShell\v1.0\powershell.exe
TargetObject: HKU\S-1-5-21-3430515368-916141482-256631409-500\SOFTWARE\Policies\Microsoft\SystemCertificates\TrustedPeople\CTLs
User: runnervm8j6r3\runneradmin"
"12/17/2025 8:24:09 AM","12","Registry object added or deleted:
RuleName: RegistryEvent
EventType: CreateKey
UtcTime: 2025-12-17 08:24:09.559
ProcessGuid: {f995aebf-68a9-6942-8508-000000000e00}
ProcessId: 6616
Image: C:\Windows\System32\WindowsPowerShell\v1.0\powershell.exe
TargetObject: HKU\S-1-5-21-3430515368-916141482-256631409-500\SOFTWARE\Policies\Microsoft\SystemCertificates\TrustedPeople\CRLs
User: runnervm8j6r3\runneradmin"
"12/17/2025 8:24:09 AM","12","Registry object added or deleted:
RuleName: RegistryEvent
EventType: CreateKey
UtcTime: 2025-12-17 08:24:09.559
ProcessGuid: {f995aebf-68a9-6942-8508-000000000e00}
ProcessId: 6616
Image: C:\Windows\System32\WindowsPowerShell\v1.0\powershell.exe
TargetObject: HKU\S-1-5-21-3430515368-916141482-256631409-500\SOFTWARE\Policies\Microsoft\SystemCertificates\TrustedPeople\Certificates
User: runnervm8j6r3\runneradmin"
"12/17/2025 8:24:09 AM","12","Registry object added or deleted:
RuleName: RegistryEvent
EventType: CreateKey
UtcTime: 2025-12-17 08:24:09.559
ProcessGuid: {f995aebf-68a9-6942-8508-000000000e00}
ProcessId: 6616
Image: C:\Windows\System32\WindowsPowerShell\v1.0\powershell.exe
TargetObject: HKU\S-1-5-21-3430515368-916141482-256631409-500\SOFTWARE\Policies\Microsoft\SystemCertificates\TrustedPeople
User: runnervm8j6r3\runneradmin"
"12/17/2025 8:24:09 AM","12","Registry object added or deleted:
RuleName: RegistryEvent
EventType: CreateKey
UtcTime: 2025-12-17 08:24:09.557
ProcessGuid: {f995aebf-68a9-6942-8508-000000000e00}
ProcessId: 6616
Image: C:\Windows\System32\WindowsPowerShell\v1.0\powershell.exe
TargetObject: HKLM\SOFTWARE\Policies\Microsoft\SystemCertificates\Root\CTLs
User: runnervm8j6r3\runneradmin"
"12/17/2025 8:24:09 AM","12","Registry object added or deleted:
RuleName: RegistryEvent
EventType: CreateKey
UtcTime: 2025-12-17 08:24:09.557
ProcessGuid: {f995aebf-68a9-6942-8508-000000000e00}
ProcessId: 6616
Image: C:\Windows\System32\WindowsPowerShell\v1.0\powershell.exe
TargetObject: HKLM\SOFTWARE\Policies\Microsoft\SystemCertificates\Root\CRLs
User: runnervm8j6r3\runneradmin"
"12/17/2025 8:24:09 AM","12","Registry object added or deleted:
RuleName: RegistryEvent
EventType: CreateKey
UtcTime: 2025-12-17 08:24:09.557
ProcessGuid: {f995aebf-68a9-6942-8508-000000000e00}
ProcessId: 6616
Image: C:\Windows\System32\WindowsPowerShell\v1.0\powershell.exe
TargetObject: HKLM\SOFTWARE\Policies\Microsoft\SystemCertificates\Root\Certificates
User: runnervm8j6r3\runneradmin"
"12/17/2025 8:24:09 AM","12","Registry object added or deleted:
RuleName: RegistryEvent
EventType: CreateKey
UtcTime: 2025-12-17 08:24:09.557
ProcessGuid: {f995aebf-68a9-6942-8508-000000000e00}
ProcessId: 6616
Image: C:\Windows\System32\WindowsPowerShell\v1.0\powershell.exe
TargetObject: HKLM\SOFTWARE\Policies\Microsoft\SystemCertificates\Root
User: runnervm8j6r3\runneradmin"
"12/17/2025 8:24:09 AM","7","Image loaded:
RuleName: ImageLoad
UtcTime: 2025-12-17 08:24:09.555
ProcessGuid: {f995aebf-68a9-6942-8508-000000000e00}
ProcessId: 6616
Image: C:\Windows\System32\WindowsPowerShell\v1.0\powershell.exe
ImageLoaded: C:\ProgramData\Microsoft\Windows Defender\Platform\4.18.25110.5-0\MpOAV.dll
FileVersion: 4.18.25110.5 (4a6978a838df7287d907bb2ee8a2eeb2373b186e)
Description: IOfficeAntiVirus Module
Product: Microsoft? Windows? Operating System
Company: Microsoft Corporation
OriginalFileName: MpOAV.dll
Hashes: SHA256=0EF8AE9CC8E3722C0AE09B55531BBA2F2A3422CCF4A1BB9B37ABDB4808AAC232
Signed: true
Signature: Microsoft Windows
SignatureStatus: Valid
User: runnervm8j6r3\runneradmin"
"12/17/2025 8:24:09 AM","11","File created:
RuleName: FileCreate
UtcTime: 2025-12-17 08:24:09.553
ProcessGuid: {f995aebf-68a9-6942-8508-000000000e00}
ProcessId: 6616
Image: C:\Windows\System32\WindowsPowerShell\v1.0\powershell.exe
TargetFilename: C:\Users\runneradmin\AppData\Local\Temp\__PSScriptPolicyTest_r1df2inj.x1n.ps1
CreationUtcTime: 2025-12-17 08:24:09.553
User: runnervm8j6r3\runneradmin"
"12/17/2025 8:24:09 AM","12","Registry object added or deleted:
RuleName: RegistryEvent
EventType: CreateKey
UtcTime: 2025-12-17 08:24:09.541
ProcessGuid: {f995aebf-68a9-6942-8508-000000000e00}
ProcessId: 6616
Image: C:\Windows\System32\WindowsPowerShell\v1.0\powershell.exe
TargetObject: HKLM\SOFTWARE\Policies\Microsoft\SystemCertificates\Disallowed\CTLs
User: runnervm8j6r3\runneradmin"
"12/17/2025 8:24:09 AM","12","Registry object added or deleted:
RuleName: RegistryEvent
EventType: CreateKey
UtcTime: 2025-12-17 08:24:09.541
ProcessGuid: {f995aebf-68a9-6942-8508-000000000e00}
ProcessId: 6616
Image: C:\Windows\System32\WindowsPowerShell\v1.0\powershell.exe
TargetObject: HKLM\SOFTWARE\Policies\Microsoft\SystemCertificates\Disallowed\CRLs
User: runnervm8j6r3\runneradmin"
"12/17/2025 8:24:09 AM","12","Registry object added or deleted:
RuleName: RegistryEvent
EventType: CreateKey
UtcTime: 2025-12-17 08:24:09.541
ProcessGuid: {f995aebf-68a9-6942-8508-000000000e00}
ProcessId: 6616
Image: C:\Windows\System32\WindowsPowerShell\v1.0\powershell.exe
TargetObject: HKLM\SOFTWARE\Policies\Microsoft\SystemCertificates\Disallowed\Certificates
User: runnervm8j6r3\runneradmin"
"12/17/2025 8:24:09 AM","12","Registry object added or deleted:
RuleName: RegistryEvent
EventType: CreateKey
UtcTime: 2025-12-17 08:24:09.541
ProcessGuid: {f995aebf-68a9-6942-8508-000000000e00}
ProcessId: 6616
Image: C:\Windows\System32\WindowsPowerShell\v1.0\powershell.exe
TargetObject: HKLM\SOFTWARE\Policies\Microsoft\SystemCertificates\Disallowed
User: runnervm8j6r3\runneradmin"
"12/17/2025 8:24:09 AM","12","Registry object added or deleted:
RuleName: RegistryEvent
EventType: CreateKey
UtcTime: 2025-12-17 08:24:09.541
ProcessGuid: {f995aebf-68a9-6942-8508-000000000e00}
ProcessId: 6616
Image: C:\Windows\System32\WindowsPowerShell\v1.0\powershell.exe
TargetObject: HKU\S-1-5-21-3430515368-916141482-256631409-500\SOFTWARE\Policies\Microsoft\SystemCertificates\Disallowed\CTLs
User: runnervm8j6r3\runneradmin"
"12/17/2025 8:24:09 AM","12","Registry object added or deleted:
RuleName: RegistryEvent
EventType: CreateKey
UtcTime: 2025-12-17 08:24:09.541
ProcessGuid: {f995aebf-68a9-6942-8508-000000000e00}
ProcessId: 6616
Image: C:\Windows\System32\WindowsPowerShell\v1.0\powershell.exe
TargetObject: HKU\S-1-5-21-3430515368-916141482-256631409-500\SOFTWARE\Policies\Microsoft\SystemCertificates\Disallowed\CRLs
User: runnervm8j6r3\runneradmin"
"12/17/2025 8:24:09 AM","12","Registry object added or deleted:
RuleName: RegistryEvent
EventType: CreateKey
UtcTime: 2025-12-17 08:24:09.541
ProcessGuid: {f995aebf-68a9-6942-8508-000000000e00}
ProcessId: 6616
Image: C:\Windows\System32\WindowsPowerShell\v1.0\powershell.exe
TargetObject: HKU\S-1-5-21-3430515368-916141482-256631409-500\SOFTWARE\Policies\Microsoft\SystemCertificates\Disallowed\Certificates
User: runnervm8j6r3\runneradmin"
"12/17/2025 8:24:09 AM","12","Registry object added or deleted:
RuleName: RegistryEvent
EventType: CreateKey
UtcTime: 2025-12-17 08:24:09.541
ProcessGuid: {f995aebf-68a9-6942-8508-000000000e00}
ProcessId: 6616
Image: C:\Windows\System32\WindowsPowerShell\v1.0\powershell.exe
TargetObject: HKU\S-1-5-21-3430515368-916141482-256631409-500\SOFTWARE\Policies\Microsoft\SystemCertificates\Disallowed
User: runnervm8j6r3\runneradmin"
"12/17/2025 8:24:09 AM","12","Registry object added or deleted:
RuleName: RegistryEvent
EventType: CreateKey
UtcTime: 2025-12-17 08:24:09.539
ProcessGuid: {f995aebf-68a9-6942-8508-000000000e00}
ProcessId: 6616
Image: C:\Windows\System32\WindowsPowerShell\v1.0\powershell.exe
TargetObject: HKLM\SOFTWARE\Policies\Microsoft\SystemCertificates\CA\CTLs
User: runnervm8j6r3\runneradmin"
"12/17/2025 8:24:09 AM","12","Registry object added or deleted:
RuleName: RegistryEvent
EventType: CreateKey
UtcTime: 2025-12-17 08:24:09.539
ProcessGuid: {f995aebf-68a9-6942-8508-000000000e00}
ProcessId: 6616
Image: C:\Windows\System32\WindowsPowerShell\v1.0\powershell.exe
TargetObject: HKLM\SOFTWARE\Policies\Microsoft\SystemCertificates\CA\CRLs
User: runnervm8j6r3\runneradmin"
"12/17/2025 8:24:09 AM","12","Registry object added or deleted:
RuleName: RegistryEvent
EventType: CreateKey
UtcTime: 2025-12-17 08:24:09.539
ProcessGuid: {f995aebf-68a9-6942-8508-000000000e00}
ProcessId: 6616
Image: C:\Windows\System32\WindowsPowerShell\v1.0\powershell.exe
TargetObject: HKLM\SOFTWARE\Policies\Microsoft\SystemCertificates\CA\Certificates
User: runnervm8j6r3\runneradmin"
"12/17/2025 8:24:09 AM","12","Registry object added or deleted:
RuleName: RegistryEvent
EventType: CreateKey
UtcTime: 2025-12-17 08:24:09.539
ProcessGuid: {f995aebf-68a9-6942-8508-000000000e00}
ProcessId: 6616
Image: C:\Windows\System32\WindowsPowerShell\v1.0\powershell.exe
TargetObject: HKLM\SOFTWARE\Policies\Microsoft\SystemCertificates\CA
User: runnervm8j6r3\runneradmin"
"12/17/2025 8:24:09 AM","12","Registry object added or deleted:
RuleName: RegistryEvent
EventType: CreateKey
UtcTime: 2025-12-17 08:24:09.538
ProcessGuid: {f995aebf-68a9-6942-8508-000000000e00}
ProcessId: 6616
Image: C:\Windows\System32\WindowsPowerShell\v1.0\powershell.exe
TargetObject: HKU\S-1-5-21-3430515368-916141482-256631409-500\SOFTWARE\Policies\Microsoft\SystemCertificates\CA\CTLs
User: runnervm8j6r3\runneradmin"
"12/17/2025 8:24:09 AM","12","Registry object added or deleted:
RuleName: RegistryEvent
EventType: CreateKey
UtcTime: 2025-12-17 08:24:09.538
ProcessGuid: {f995aebf-68a9-6942-8508-000000000e00}
ProcessId: 6616
Image: C:\Windows\System32\WindowsPowerShell\v1.0\powershell.exe
TargetObject: HKU\S-1-5-21-3430515368-916141482-256631409-500\SOFTWARE\Policies\Microsoft\SystemCertificates\CA\CRLs
User: runnervm8j6r3\runneradmin"
"12/17/2025 8:24:09 AM","12","Registry object added or deleted:
RuleName: RegistryEvent
EventType: CreateKey
UtcTime: 2025-12-17 08:24:09.538
ProcessGuid: {f995aebf-68a9-6942-8508-000000000e00}
ProcessId: 6616
Image: C:\Windows\System32\WindowsPowerShell\v1.0\powershell.exe
TargetObject: HKU\S-1-5-21-3430515368-916141482-256631409-500\SOFTWARE\Policies\Microsoft\SystemCertificates\CA\Certificates
User: runnervm8j6r3\runneradmin"
"12/17/2025 8:24:09 AM","12","Registry object added or deleted:
RuleName: RegistryEvent
EventType: CreateKey
UtcTime: 2025-12-17 08:24:09.538
ProcessGuid: {f995aebf-68a9-6942-8508-000000000e00}
ProcessId: 6616
Image: C:\Windows\System32\WindowsPowerShell\v1.0\powershell.exe
TargetObject: HKU\S-1-5-21-3430515368-916141482-256631409-500\SOFTWARE\Policies\Microsoft\SystemCertificates\CA
User: runnervm8j6r3\runneradmin"
"12/17/2025 8:24:09 AM","1","Process Create:
RuleName: ProcessCreate
UtcTime: 2025-12-17 08:24:09.463
ProcessGuid: {f995aebf-68a9-6942-8508-000000000e00}
ProcessId: 6616
Image: C:\Windows\System32\WindowsPowerShell\v1.0\powershell.exe
FileVersion: 10.0.26100.5074 (WinBuild.160101.0800)
Description: Windows PowerShell
Product: Microsoft? Windows? Operating System
Company: Microsoft Corporation
OriginalFileName: PowerShell.EXE
CommandLine: ""powershell.exe"" & {}
CurrentDirectory: C:\Users\RUNNER~1\AppData\Local\Temp\
User: runnervm8j6r3\runneradmin
LogonGuid: {f995aebf-55a1-6942-2cbe-0b0000000000}
LogonId: 0xBBE2C
TerminalSessionId: 2
IntegrityLevel: High
Hashes: SHA256=0FF6F2C94BC7E2833A5F7E16DE1622E5DBA70396F31C7D5F56381870317E8C46
ParentProcessGuid: {f995aebf-60eb-6942-5803-000000000e00}
ParentProcessId: 3568
ParentImage: C:\Windows\System32\WindowsPowerShell\v1.0\powershell.exe
ParentCommandLine: ""C:\Windows\System32\WindowsPowerShell\v1.0\powershell.EXE"" -command "". 'D:\a\_temp\a9afb767-bac2-4a05-af68-94aeef71995f.ps1'""
ParentUser: runnervm8j6r3\runneradmin"
"12/17/2025 8:24:09 AM","7","Image loaded:
RuleName: ImageLoad
UtcTime: 2025-12-17 08:24:09.231
ProcessGuid: {f995aebf-68a9-6942-8308-000000000e00}
ProcessId: 4052
Image: C:\Windows\System32\WindowsPowerShell\v1.0\powershell.exe
ImageLoaded: C:\ProgramData\Microsoft\Windows Defender\Platform\4.18.25110.5-0\MpClient.dll
FileVersion: 4.18.25110.5 (4a6978a838df7287d907bb2ee8a2eeb2373b186e)
Description: Client Interface
Product: Microsoft? Windows? Operating System
Company: Microsoft Corporation
OriginalFileName: mpclient.dll
Hashes: SHA256=F1CA293E6D05A500EB026529A27948B01B6467D0E9C20C6049101C2B2829B96A
Signed: true
Signature: Microsoft Windows
SignatureStatus: Valid
User: runnervm8j6r3\runneradmin"
"12/17/2025 8:24:09 AM","12","Registry object added or deleted:
RuleName: RegistryEvent
EventType: CreateKey
UtcTime: 2025-12-17 08:24:09.200
ProcessGuid: {f995aebf-68a9-6942-8308-000000000e00}
ProcessId: 4052
Image: C:\Windows\System32\WindowsPowerShell\v1.0\powershell.exe
TargetObject: HKLM\SOFTWARE\Policies\Microsoft\SystemCertificates\Disallowed\CTLs
User: runnervm8j6r3\runneradmin"
"12/17/2025 8:24:09 AM","12","Registry object added or deleted:
RuleName: RegistryEvent
EventType: CreateKey
UtcTime: 2025-12-17 08:24:09.200
ProcessGuid: {f995aebf-68a9-6942-8308-000000000e00}
ProcessId: 4052
Image: C:\Windows\System32\WindowsPowerShell\v1.0\powershell.exe
TargetObject: HKLM\SOFTWARE\Policies\Microsoft\SystemCertificates\Disallowed\CRLs
User: runnervm8j6r3\runneradmin"
"12/17/2025 8:24:09 AM","12","Registry object added or deleted:
RuleName: RegistryEvent
EventType: CreateKey
UtcTime: 2025-12-17 08:24:09.199
ProcessGuid: {f995aebf-68a9-6942-8308-000000000e00}
ProcessId: 4052
Image: C:\Windows\System32\WindowsPowerShell\v1.0\powershell.exe
TargetObject: HKLM\SOFTWARE\Policies\Microsoft\SystemCertificates\Disallowed\Certificates
User: runnervm8j6r3\runneradmin"
"12/17/2025 8:24:09 AM","12","Registry object added or deleted:
RuleName: RegistryEvent
EventType: CreateKey
UtcTime: 2025-12-17 08:24:09.199
ProcessGuid: {f995aebf-68a9-6942-8308-000000000e00}
ProcessId: 4052
Image: C:\Windows\System32\WindowsPowerShell\v1.0\powershell.exe
TargetObject: HKLM\SOFTWARE\Policies\Microsoft\SystemCertificates\Disallowed
User: runnervm8j6r3\runneradmin"
"12/17/2025 8:24:09 AM","12","Registry object added or deleted:
RuleName: RegistryEvent
EventType: CreateKey
UtcTime: 2025-12-17 08:24:09.198
ProcessGuid: {f995aebf-68a9-6942-8308-000000000e00}
ProcessId: 4052
Image: C:\Windows\System32\WindowsPowerShell\v1.0\powershell.exe
TargetObject: HKU\S-1-5-21-3430515368-916141482-256631409-500\SOFTWARE\Policies\Microsoft\SystemCertificates\Disallowed\CTLs
User: runnervm8j6r3\runneradmin"
"12/17/2025 8:24:09 AM","12","Registry object added or deleted:
RuleName: RegistryEvent
EventType: CreateKey
UtcTime: 2025-12-17 08:24:09.198
ProcessGuid: {f995aebf-68a9-6942-8308-000000000e00}
ProcessId: 4052
Image: C:\Windows\System32\WindowsPowerShell\v1.0\powershell.exe
TargetObject: HKU\S-1-5-21-3430515368-916141482-256631409-500\SOFTWARE\Policies\Microsoft\SystemCertificates\Disallowed\CRLs
User: runnervm8j6r3\runneradmin"
"12/17/2025 8:24:09 AM","12","Registry object added or deleted:
RuleName: RegistryEvent
EventType: CreateKey
UtcTime: 2025-12-17 08:24:09.198
ProcessGuid: {f995aebf-68a9-6942-8308-000000000e00}
ProcessId: 4052
Image: C:\Windows\System32\WindowsPowerShell\v1.0\powershell.exe
TargetObject: HKU\S-1-5-21-3430515368-916141482-256631409-500\SOFTWARE\Policies\Microsoft\SystemCertificates\Disallowed\Certificates
User: runnervm8j6r3\runneradmin"
"12/17/2025 8:24:09 AM","12","Registry object added or deleted:
RuleName: RegistryEvent
EventType: CreateKey
UtcTime: 2025-12-17 08:24:09.198
ProcessGuid: {f995aebf-68a9-6942-8308-000000000e00}
ProcessId: 4052
Image: C:\Windows\System32\WindowsPowerShell\v1.0\powershell.exe
TargetObject: HKU\S-1-5-21-3430515368-916141482-256631409-500\SOFTWARE\Policies\Microsoft\SystemCertificates\Disallowed
User: runnervm8j6r3\runneradmin"
"12/17/2025 8:24:09 AM","23","File Delete archived:
RuleName: FileDelete
UtcTime: 2025-12-17 08:24:09.173
ProcessGuid: {f995aebf-68a9-6942-8308-000000000e00}
ProcessId: 4052
User: runnervm8j6r3\runneradmin
Image: C:\Windows\System32\WindowsPowerShell\v1.0\powershell.exe
TargetFilename: C:\Users\runneradmin\AppData\Local\Temp\__PSScriptPolicyTest_rqv3ynua.j0f.ps1
Hashes: SHA256=96AD1146EB96877EAB5942AE0736B82D8B5E2039A80D3D6932665C1A4C87DCF7
IsExecutable: false
Archived: true"
"12/17/2025 8:24:09 AM","12","Registry object added or deleted:
RuleName: RegistryEvent
EventType: CreateKey
UtcTime: 2025-12-17 08:24:09.163
ProcessGuid: {f995aebf-68a9-6942-8308-000000000e00}
ProcessId: 4052
Image: C:\Windows\System32\WindowsPowerShell\v1.0\powershell.exe
TargetObject: HKLM\SOFTWARE\Policies\Microsoft\SystemCertificates\trust\CTLs
User: runnervm8j6r3\runneradmin"
"12/17/2025 8:24:09 AM","12","Registry object added or deleted:
RuleName: RegistryEvent
EventType: CreateKey
UtcTime: 2025-12-17 08:24:09.163
ProcessGuid: {f995aebf-68a9-6942-8308-000000000e00}
ProcessId: 4052
Image: C:\Windows\System32\WindowsPowerShell\v1.0\powershell.exe
TargetObject: HKLM\SOFTWARE\Policies\Microsoft\SystemCertificates\trust\CRLs
User: runnervm8j6r3\runneradmin"
"12/17/2025 8:24:09 AM","12","Registry object added or deleted:
RuleName: RegistryEvent
EventType: CreateKey
UtcTime: 2025-12-17 08:24:09.163
ProcessGuid: {f995aebf-68a9-6942-8308-000000000e00}
ProcessId: 4052
Image: C:\Windows\System32\WindowsPowerShell\v1.0\powershell.exe
TargetObject: HKLM\SOFTWARE\Policies\Microsoft\SystemCertificates\trust\Certificates
User: runnervm8j6r3\runneradmin"
"12/17/2025 8:24:09 AM","12","Registry object added or deleted:
RuleName: RegistryEvent
EventType: CreateKey
UtcTime: 2025-12-17 08:24:09.163
ProcessGuid: {f995aebf-68a9-6942-8308-000000000e00}
ProcessId: 4052
Image: C:\Windows\System32\WindowsPowerShell\v1.0\powershell.exe
TargetObject: HKLM\SOFTWARE\Policies\Microsoft\SystemCertificates\trust
User: runnervm8j6r3\runneradmin"
