"12/17/2025 8:54:55 AM","3","Network connection detected:
RuleName: NetworkConnect
UtcTime: 2025-12-17 08:54:53.553
ProcessGuid: {f995aebf-6acd-6942-630a-000000000e00}
ProcessId: 3984
Image: C:\Windows\System32\WindowsPowerShell\v1.0\powershell.exe
User: runnervm8j6r3\runneradmin
Protocol: udp
Initiated: true
SourceIsIpv6: false
SourceIp: 10.1.0.107
SourceHostname: runnervm8j6r3.sbzdpbrwhzzuzo2oi0oaswtc3h.phxx.internal.cloudapp.net
SourcePort: 61192
SourcePortName: -
DestinationIsIpv6: false
DestinationIp: 168.63.129.16
DestinationHostname: -
DestinationPort: 53
DestinationPortName: domain"
"12/17/2025 8:54:55 AM","3","Network connection detected:
RuleName: NetworkConnect
UtcTime: 2025-12-17 08:54:53.549
ProcessGuid: {f995aebf-6acd-6942-630a-000000000e00}
ProcessId: 3984
Image: C:\Windows\System32\WindowsPowerShell\v1.0\powershell.exe
User: runnervm8j6r3\runneradmin
Protocol: udp
Initiated: true
SourceIsIpv6: false
SourceIp: 10.1.0.107
SourceHostname: runnervm8j6r3.sbzdpbrwhzzuzo2oi0oaswtc3h.phxx.internal.cloudapp.net
SourcePort: 61191
SourcePortName: -
DestinationIsIpv6: false
DestinationIp: 168.63.129.16
DestinationHostname: -
DestinationPort: 53
DestinationPortName: domain"
"12/17/2025 8:54:55 AM","3","Network connection detected:
RuleName: NetworkConnect
UtcTime: 2025-12-17 08:54:53.547
ProcessGuid: {f995aebf-6acd-6942-630a-000000000e00}
ProcessId: 3984
Image: C:\Windows\System32\WindowsPowerShell\v1.0\powershell.exe
User: runnervm8j6r3\runneradmin
Protocol: udp
Initiated: true
SourceIsIpv6: false
SourceIp: 10.1.0.107
SourceHostname: runnervm8j6r3.sbzdpbrwhzzuzo2oi0oaswtc3h.phxx.internal.cloudapp.net
SourcePort: 61190
SourcePortName: -
DestinationIsIpv6: false
DestinationIp: 168.63.129.16
DestinationHostname: -
DestinationPort: 53
DestinationPortName: domain"
"12/17/2025 8:54:54 AM","3","Network connection detected:
RuleName: NetworkConnect
UtcTime: 2025-12-17 08:54:52.617
ProcessGuid: {f995aebf-6b36-6942-270b-000000000e00}
ProcessId: 3904
Image: C:\Windows\System32\WindowsPowerShell\v1.0\powershell.exe
User: runnervm8j6r3\runneradmin
Protocol: udp
Initiated: true
SourceIsIpv6: false
SourceIp: 10.1.0.107
SourceHostname: runnervm8j6r3.sbzdpbrwhzzuzo2oi0oaswtc3h.phxx.internal.cloudapp.net
SourcePort: 61153
SourcePortName: -
DestinationIsIpv6: false
DestinationIp: 168.63.129.16
DestinationHostname: -
DestinationPort: 53
DestinationPortName: domain"
"12/17/2025 8:54:54 AM","3","Network connection detected:
RuleName: NetworkConnect
UtcTime: 2025-12-17 08:54:52.607
ProcessGuid: {f995aebf-6b36-6942-270b-000000000e00}
ProcessId: 3904
Image: C:\Windows\System32\WindowsPowerShell\v1.0\powershell.exe
User: runnervm8j6r3\runneradmin
Protocol: udp
Initiated: true
SourceIsIpv6: false
SourceIp: 10.1.0.107
SourceHostname: runnervm8j6r3.sbzdpbrwhzzuzo2oi0oaswtc3h.phxx.internal.cloudapp.net
SourcePort: 61152
SourcePortName: -
DestinationIsIpv6: false
DestinationIp: 168.63.129.16
DestinationHostname: -
DestinationPort: 53
DestinationPortName: domain"
"12/17/2025 8:54:54 AM","3","Network connection detected:
RuleName: NetworkConnect
UtcTime: 2025-12-17 08:54:52.605
ProcessGuid: {f995aebf-6b36-6942-270b-000000000e00}
ProcessId: 3904
Image: C:\Windows\System32\WindowsPowerShell\v1.0\powershell.exe
User: runnervm8j6r3\runneradmin
Protocol: udp
Initiated: true
SourceIsIpv6: false
SourceIp: 10.1.0.107
SourceHostname: runnervm8j6r3.sbzdpbrwhzzuzo2oi0oaswtc3h.phxx.internal.cloudapp.net
SourcePort: 61151
SourcePortName: -
DestinationIsIpv6: false
DestinationIp: 168.63.129.16
DestinationHostname: -
DestinationPort: 53
DestinationPortName: domain"
"12/17/2025 8:54:54 AM","3","Network connection detected:
RuleName: NetworkConnect
UtcTime: 2025-12-17 08:54:52.602
ProcessGuid: {f995aebf-6b36-6942-270b-000000000e00}
ProcessId: 3904
Image: C:\Windows\System32\WindowsPowerShell\v1.0\powershell.exe
User: runnervm8j6r3\runneradmin
Protocol: udp
Initiated: true
SourceIsIpv6: false
SourceIp: 10.1.0.107
SourceHostname: runnervm8j6r3.sbzdpbrwhzzuzo2oi0oaswtc3h.phxx.internal.cloudapp.net
SourcePort: 61150
SourcePortName: -
DestinationIsIpv6: false
DestinationIp: 168.63.129.16
DestinationHostname: -
DestinationPort: 53
DestinationPortName: domain"
"12/17/2025 8:54:54 AM","3","Network connection detected:
RuleName: NetworkConnect
UtcTime: 2025-12-17 08:54:52.598
ProcessGuid: {f995aebf-6b36-6942-270b-000000000e00}
ProcessId: 3904
Image: C:\Windows\System32\WindowsPowerShell\v1.0\powershell.exe
User: runnervm8j6r3\runneradmin
Protocol: udp
Initiated: true
SourceIsIpv6: false
SourceIp: 10.1.0.107
SourceHostname: runnervm8j6r3.sbzdpbrwhzzuzo2oi0oaswtc3h.phxx.internal.cloudapp.net
SourcePort: 61149
SourcePortName: -
DestinationIsIpv6: false
DestinationIp: 168.63.129.16
DestinationHostname: -
DestinationPort: 53
DestinationPortName: domain"
"12/17/2025 8:54:54 AM","3","Network connection detected:
RuleName: NetworkConnect
UtcTime: 2025-12-17 08:54:52.595
ProcessGuid: {f995aebf-6b36-6942-270b-000000000e00}
ProcessId: 3904
Image: C:\Windows\System32\WindowsPowerShell\v1.0\powershell.exe
User: runnervm8j6r3\runneradmin
Protocol: udp
Initiated: true
SourceIsIpv6: false
SourceIp: 10.1.0.107
SourceHostname: runnervm8j6r3.sbzdpbrwhzzuzo2oi0oaswtc3h.phxx.internal.cloudapp.net
SourcePort: 61148
SourcePortName: -
DestinationIsIpv6: false
DestinationIp: 168.63.129.16
DestinationHostname: -
DestinationPort: 53
DestinationPortName: domain"
"12/17/2025 8:54:54 AM","3","Network connection detected:
RuleName: NetworkConnect
UtcTime: 2025-12-17 08:54:52.593
ProcessGuid: {f995aebf-6b36-6942-270b-000000000e00}
ProcessId: 3904
Image: C:\Windows\System32\WindowsPowerShell\v1.0\powershell.exe
User: runnervm8j6r3\runneradmin
Protocol: udp
Initiated: true
SourceIsIpv6: false
SourceIp: 10.1.0.107
SourceHostname: runnervm8j6r3.sbzdpbrwhzzuzo2oi0oaswtc3h.phxx.internal.cloudapp.net
SourcePort: 61147
SourcePortName: -
DestinationIsIpv6: false
DestinationIp: 168.63.129.16
DestinationHostname: -
DestinationPort: 53
DestinationPortName: domain"
"12/17/2025 8:54:54 AM","3","Network connection detected:
RuleName: NetworkConnect
UtcTime: 2025-12-17 08:54:52.590
ProcessGuid: {f995aebf-6b36-6942-270b-000000000e00}
ProcessId: 3904
Image: C:\Windows\System32\WindowsPowerShell\v1.0\powershell.exe
User: runnervm8j6r3\runneradmin
Protocol: udp
Initiated: true
SourceIsIpv6: false
SourceIp: 10.1.0.107
SourceHostname: runnervm8j6r3.sbzdpbrwhzzuzo2oi0oaswtc3h.phxx.internal.cloudapp.net
SourcePort: 61146
SourcePortName: -
DestinationIsIpv6: false
DestinationIp: 168.63.129.16
DestinationHostname: -
DestinationPort: 53
DestinationPortName: domain"
"12/17/2025 8:54:54 AM","3","Network connection detected:
RuleName: NetworkConnect
UtcTime: 2025-12-17 08:54:52.588
ProcessGuid: {f995aebf-6b36-6942-270b-000000000e00}
ProcessId: 3904
Image: C:\Windows\System32\WindowsPowerShell\v1.0\powershell.exe
User: runnervm8j6r3\runneradmin
Protocol: udp
Initiated: true
SourceIsIpv6: false
SourceIp: 10.1.0.107
SourceHostname: runnervm8j6r3.sbzdpbrwhzzuzo2oi0oaswtc3h.phxx.internal.cloudapp.net
SourcePort: 61145
SourcePortName: -
DestinationIsIpv6: false
DestinationIp: 168.63.129.16
DestinationHostname: -
DestinationPort: 53
DestinationPortName: domain"
"12/17/2025 8:54:44 AM","3","Network connection detected:
RuleName: NetworkConnect
UtcTime: 2025-12-17 08:54:43.293
ProcessGuid: {f995aebf-690a-6942-a009-000000000e00}
ProcessId: 7816
Image: C:\Windows\System32\WindowsPowerShell\v1.0\powershell.exe
User: runnervm8j6r3\runneradmin
Protocol: udp
Initiated: true
SourceIsIpv6: false
SourceIp: 10.1.0.107
SourceHostname: runnervm8j6r3.sbzdpbrwhzzuzo2oi0oaswtc3h.phxx.internal.cloudapp.net
SourcePort: 60730
SourcePortName: -
DestinationIsIpv6: false
DestinationIp: 168.63.129.16
DestinationHostname: -
DestinationPort: 53
DestinationPortName: domain"
"12/17/2025 8:54:44 AM","3","Network connection detected:
RuleName: NetworkConnect
UtcTime: 2025-12-17 08:54:43.283
ProcessGuid: {f995aebf-690a-6942-a009-000000000e00}
ProcessId: 7816
Image: C:\Windows\System32\WindowsPowerShell\v1.0\powershell.exe
User: runnervm8j6r3\runneradmin
Protocol: udp
Initiated: true
SourceIsIpv6: false
SourceIp: 10.1.0.107
SourceHostname: runnervm8j6r3.sbzdpbrwhzzuzo2oi0oaswtc3h.phxx.internal.cloudapp.net
SourcePort: 60729
SourcePortName: -
DestinationIsIpv6: false
DestinationIp: 168.63.129.16
DestinationHostname: -
DestinationPort: 53
DestinationPortName: domain"
"12/17/2025 8:54:44 AM","3","Network connection detected:
RuleName: NetworkConnect
UtcTime: 2025-12-17 08:54:43.280
ProcessGuid: {f995aebf-690a-6942-a009-000000000e00}
ProcessId: 7816
Image: C:\Windows\System32\WindowsPowerShell\v1.0\powershell.exe
User: runnervm8j6r3\runneradmin
Protocol: udp
Initiated: true
SourceIsIpv6: false
SourceIp: 10.1.0.107
SourceHostname: runnervm8j6r3.sbzdpbrwhzzuzo2oi0oaswtc3h.phxx.internal.cloudapp.net
SourcePort: 60728
SourcePortName: -
DestinationIsIpv6: false
DestinationIp: 168.63.129.16
DestinationHostname: -
DestinationPort: 53
DestinationPortName: domain"
"12/17/2025 8:54:44 AM","3","Network connection detected:
RuleName: NetworkConnect
UtcTime: 2025-12-17 08:54:43.278
ProcessGuid: {f995aebf-690a-6942-a009-000000000e00}
ProcessId: 7816
Image: C:\Windows\System32\WindowsPowerShell\v1.0\powershell.exe
User: runnervm8j6r3\runneradmin
Protocol: udp
Initiated: true
SourceIsIpv6: false
SourceIp: 10.1.0.107
SourceHostname: runnervm8j6r3.sbzdpbrwhzzuzo2oi0oaswtc3h.phxx.internal.cloudapp.net
SourcePort: 60727
SourcePortName: -
DestinationIsIpv6: false
DestinationIp: 168.63.129.16
DestinationHostname: -
DestinationPort: 53
DestinationPortName: domain"
"12/17/2025 8:54:44 AM","3","Network connection detected:
RuleName: NetworkConnect
UtcTime: 2025-12-17 08:54:43.276
ProcessGuid: {f995aebf-690a-6942-a009-000000000e00}
ProcessId: 7816
Image: C:\Windows\System32\WindowsPowerShell\v1.0\powershell.exe
User: runnervm8j6r3\runneradmin
Protocol: udp
Initiated: true
SourceIsIpv6: false
SourceIp: 10.1.0.107
SourceHostname: runnervm8j6r3.sbzdpbrwhzzuzo2oi0oaswtc3h.phxx.internal.cloudapp.net
SourcePort: 60726
SourcePortName: -
DestinationIsIpv6: false
DestinationIp: 168.63.129.16
DestinationHostname: -
DestinationPort: 53
DestinationPortName: domain"
"12/17/2025 8:54:44 AM","3","Network connection detected:
RuleName: NetworkConnect
UtcTime: 2025-12-17 08:54:43.273
ProcessGuid: {f995aebf-690a-6942-a009-000000000e00}
ProcessId: 7816
Image: C:\Windows\System32\WindowsPowerShell\v1.0\powershell.exe
User: runnervm8j6r3\runneradmin
Protocol: udp
Initiated: true
SourceIsIpv6: false
SourceIp: 10.1.0.107
SourceHostname: runnervm8j6r3.sbzdpbrwhzzuzo2oi0oaswtc3h.phxx.internal.cloudapp.net
SourcePort: 60725
SourcePortName: -
DestinationIsIpv6: false
DestinationIp: 168.63.129.16
DestinationHostname: -
DestinationPort: 53
DestinationPortName: domain"
"12/17/2025 8:54:44 AM","3","Network connection detected:
RuleName: NetworkConnect
UtcTime: 2025-12-17 08:54:43.270
ProcessGuid: {f995aebf-690a-6942-a009-000000000e00}
ProcessId: 7816
Image: C:\Windows\System32\WindowsPowerShell\v1.0\powershell.exe
User: runnervm8j6r3\runneradmin
Protocol: udp
Initiated: true
SourceIsIpv6: false
SourceIp: 10.1.0.107
SourceHostname: runnervm8j6r3.sbzdpbrwhzzuzo2oi0oaswtc3h.phxx.internal.cloudapp.net
SourcePort: 60724
SourcePortName: -
DestinationIsIpv6: false
DestinationIp: 168.63.129.16
DestinationHostname: -
DestinationPort: 53
DestinationPortName: domain"
"12/17/2025 8:54:44 AM","3","Network connection detected:
RuleName: NetworkConnect
UtcTime: 2025-12-17 08:54:43.263
ProcessGuid: {f995aebf-690a-6942-a009-000000000e00}
ProcessId: 7816
Image: C:\Windows\System32\WindowsPowerShell\v1.0\powershell.exe
User: runnervm8j6r3\runneradmin
Protocol: udp
Initiated: true
SourceIsIpv6: false
SourceIp: 10.1.0.107
SourceHostname: runnervm8j6r3.sbzdpbrwhzzuzo2oi0oaswtc3h.phxx.internal.cloudapp.net
SourcePort: 60723
SourcePortName: -
DestinationIsIpv6: false
DestinationIp: 168.63.129.16
DestinationHostname: -
DestinationPort: 53
DestinationPortName: domain"
"12/17/2025 8:54:44 AM","3","Network connection detected:
RuleName: NetworkConnect
UtcTime: 2025-12-17 08:54:43.260
ProcessGuid: {f995aebf-690a-6942-a009-000000000e00}
ProcessId: 7816
Image: C:\Windows\System32\WindowsPowerShell\v1.0\powershell.exe
User: runnervm8j6r3\runneradmin
Protocol: udp
Initiated: true
SourceIsIpv6: false
SourceIp: 10.1.0.107
SourceHostname: runnervm8j6r3.sbzdpbrwhzzuzo2oi0oaswtc3h.phxx.internal.cloudapp.net
SourcePort: 60722
SourcePortName: -
DestinationIsIpv6: false
DestinationIp: 168.63.129.16
DestinationHostname: -
DestinationPort: 53
DestinationPortName: domain"
"12/17/2025 8:49:11 AM","22","Dns query:
RuleName: -
UtcTime: 2025-12-17 08:49:09.811
ProcessGuid: {f995aebf-6e85-6942-730d-000000000e00}
ProcessId: 7588
QueryName: localhost
QueryStatus: 0
QueryResults: 127.0.0.1;
Image: C:\Windows\System32\WindowsPowerShell\v1.0\powershell.exe
User: runnervm8j6r3\runneradmin"
"12/17/2025 8:46:34 AM","22","Dns query:
RuleName: -
UtcTime: 2025-12-17 08:46:32.939
ProcessGuid: {f995aebf-607e-6942-4403-000000000e00}
ProcessId: 2412
QueryName: 10.240.150.4.in-addr.arpa.
QueryStatus: 9003
QueryResults: -
Image: C:\Windows\Sysmon64.exe
User: NT AUTHORITY\SYSTEM"
"12/17/2025 8:46:33 AM","3","Network connection detected:
RuleName: NetworkConnect
UtcTime: 2025-12-17 08:46:31.074
ProcessGuid: {f995aebf-6de3-6942-f80c-000000000e00}
ProcessId: 1492
Image: C:\Windows\System32\WindowsPowerShell\v1.0\powershell.exe
User: runnervm8j6r3\runneradmin
Protocol: tcp
Initiated: true
SourceIsIpv6: false
SourceIp: 10.1.0.107
SourceHostname: runnervm8j6r3.sbzdpbrwhzzuzo2oi0oaswtc3h.phxx.internal.cloudapp.net
SourcePort: 65511
SourcePortName: -
DestinationIsIpv6: false
DestinationIp: 4.150.240.10
DestinationHostname: -
DestinationPort: 443
DestinationPortName: https"
"12/17/2025 8:46:33 AM","22","Dns query:
RuleName: -
UtcTime: 2025-12-17 08:46:31.056
ProcessGuid: {f995aebf-6de3-6942-f80c-000000000e00}
ProcessId: 1492
QueryName: management.azure.com
QueryStatus: 0
QueryResults: type: 5 management.privatelink.azure.com;type: 5 arm-frontdoor-edge-geo.trafficmanager.net;type: 5 edge-management-azure-com.arm-0001.arm-msedge.net;type: 5 arm-0001.arm-msedge.net;::ffff:4.150.240.10;
Image: C:\Windows\System32\WindowsPowerShell\v1.0\powershell.exe
User: runnervm8j6r3\runneradmin"
"12/17/2025 8:46:33 AM","22","Dns query:
RuleName: -
UtcTime: 2025-12-17 08:46:31.055
ProcessGuid: {f995aebf-6de3-6942-f80c-000000000e00}
ProcessId: 1492
QueryName: management.azure.com
QueryStatus: 0
QueryResults: type: 5 management.privatelink.azure.com;type: 5 arm-frontdoor-edge-geo.trafficmanager.net;type: 5 edge-management-azure-com.arm-0001.arm-msedge.net;type: 5 arm-0001.arm-msedge.net;::ffff:4.150.240.10;
Image: <unknown process>
User: runnervm8j6r3\runneradmin"
"12/17/2025 8:46:25 AM","22","Dns query:
RuleName: -
UtcTime: 2025-12-17 08:46:23.689
ProcessGuid: {f995aebf-6d87-6942-ec0c-000000000e00}
ProcessId: 1312
QueryName: localhost
QueryStatus: 0
QueryResults: ::1;::ffff:127.0.0.1;
Image: C:\Windows\System32\WindowsPowerShell\v1.0\powershell.exe
User: runnervm8j6r3\runneradmin"
"12/17/2025 8:46:24 AM","3","Network connection detected:
RuleName: NetworkConnect
UtcTime: 2025-12-17 08:46:23.778
ProcessGuid: {f995aebf-5587-6942-1100-000000000e00}
ProcessId: 1100
Image: C:\Windows\System32\svchost.exe
User: NT AUTHORITY\NETWORK SERVICE
Protocol: tcp
Initiated: false
SourceIsIpv6: false
SourceIp: 127.0.0.1
SourceHostname: runnervm8j6r3
SourcePort: 65504
SourcePortName: -
DestinationIsIpv6: false
DestinationIp: 127.0.0.1
DestinationHostname: runnervm8j6r3
DestinationPort: 135
DestinationPortName: epmap"
"12/17/2025 8:46:24 AM","3","Network connection detected:
RuleName: NetworkConnect
UtcTime: 2025-12-17 08:46:23.778
ProcessGuid: {f995aebf-6d87-6942-ec0c-000000000e00}
ProcessId: 1312
Image: C:\Windows\System32\WindowsPowerShell\v1.0\powershell.exe
User: runnervm8j6r3\runneradmin
Protocol: tcp
Initiated: true
SourceIsIpv6: false
SourceIp: 127.0.0.1
SourceHostname: runnervm8j6r3
SourcePort: 65504
SourcePortName: -
DestinationIsIpv6: false
DestinationIp: 127.0.0.1
DestinationHostname: runnervm8j6r3
DestinationPort: 135
DestinationPortName: epmap"
"12/17/2025 8:44:58 AM","22","Dns query:
RuleName: -
UtcTime: 2025-12-17 08:44:56.678
ProcessGuid: {f995aebf-6d88-6942-ee0c-000000000e00}
ProcessId: 5724
QueryName: runnervm8j6r3.sbzdpbrwhzzuzo2oi0oaswtc3h.phxx.internal.cloudapp.net
QueryStatus: 9501
QueryResults: -
Image: C:\Windows\System32\wbem\WmiPrvSE.exe
User: NT AUTHORITY\NETWORK SERVICE"
"12/17/2025 8:44:58 AM","22","Dns query:
RuleName: -
UtcTime: 2025-12-17 08:44:56.678
ProcessGuid: {f995aebf-6d88-6942-ee0c-000000000e00}
ProcessId: 5724
QueryName: runnervm8j6r3.sbzdpbrwhzzuzo2oi0oaswtc3h.phxx.internal.cloudapp.net
QueryStatus: 0
QueryResults: 10.1.0.107;
Image: C:\Windows\System32\wbem\WmiPrvSE.exe
User: NT AUTHORITY\NETWORK SERVICE"
"12/17/2025 8:44:58 AM","22","Dns query:
RuleName: -
UtcTime: 2025-12-17 08:44:56.678
ProcessGuid: {f995aebf-6d88-6942-ee0c-000000000e00}
ProcessId: 5724
QueryName: ipv6.msftconnecttest.com
QueryStatus: 9701
QueryResults: -
Image: C:\Windows\System32\wbem\WmiPrvSE.exe
User: NT AUTHORITY\NETWORK SERVICE"
"12/17/2025 8:44:58 AM","22","Dns query:
RuleName: -
UtcTime: 2025-12-17 08:44:56.678
ProcessGuid: {f995aebf-6d88-6942-ee0c-000000000e00}
ProcessId: 5724
QueryName: ipv6.msftncsi.com
QueryStatus: 9701
QueryResults: -
Image: C:\Windows\System32\wbem\WmiPrvSE.exe
User: NT AUTHORITY\NETWORK SERVICE"
"12/17/2025 8:44:58 AM","22","Dns query:
RuleName: -
UtcTime: 2025-12-17 08:44:56.677
ProcessGuid: {f995aebf-6d88-6942-ee0c-000000000e00}
ProcessId: 5724
QueryName: runnervm8j6r3
QueryStatus: 0
QueryResults: type: 5 runnervm8j6r3.sbzdpbrwhzzuzo2oi0oaswtc3h.phxx.internal.cloudapp.net;
Image: C:\Windows\System32\wbem\WmiPrvSE.exe
User: NT AUTHORITY\NETWORK SERVICE"
"12/17/2025 8:44:58 AM","22","Dns query:
RuleName: -
UtcTime: 2025-12-17 08:44:56.677
ProcessGuid: {f995aebf-6d88-6942-ee0c-000000000e00}
ProcessId: 5724
QueryName: release-assets.githubusercontent.com
QueryStatus: 0
QueryResults: 185.199.111.133;185.199.108.133;185.199.109.133;185.199.110.133;
Image: C:\Windows\System32\wbem\WmiPrvSE.exe
User: NT AUTHORITY\NETWORK SERVICE"
"12/17/2025 8:44:58 AM","22","Dns query:
RuleName: -
UtcTime: 2025-12-17 08:44:56.677
ProcessGuid: {f995aebf-6d88-6942-ee0c-000000000e00}
ProcessId: 5724
QueryName: raw.githubusercontent.com
QueryStatus: 0
QueryResults: 185.199.109.133;185.199.110.133;185.199.111.133;185.199.108.133;
Image: C:\Windows\System32\wbem\WmiPrvSE.exe
User: NT AUTHORITY\NETWORK SERVICE"
"12/17/2025 8:44:58 AM","22","Dns query:
RuleName: -
UtcTime: 2025-12-17 08:44:56.677
ProcessGuid: {f995aebf-6d88-6942-ee0c-000000000e00}
ProcessId: 5724
QueryName: dns.msftncsi.com
QueryStatus: 9701
QueryResults: -
Image: C:\Windows\System32\wbem\WmiPrvSE.exe
User: NT AUTHORITY\NETWORK SERVICE"
"12/17/2025 8:44:58 AM","22","Dns query:
RuleName: -
UtcTime: 2025-12-17 08:44:56.677
ProcessGuid: {f995aebf-6d88-6942-ee0c-000000000e00}
ProcessId: 5724
QueryName: settings-win.data.microsoft.com
QueryStatus: 9701
QueryResults: -
Image: C:\Windows\System32\wbem\WmiPrvSE.exe
User: NT AUTHORITY\NETWORK SERVICE"
"12/17/2025 8:44:58 AM","22","Dns query:
RuleName: -
UtcTime: 2025-12-17 08:44:56.676
ProcessGuid: {f995aebf-6d88-6942-ee0c-000000000e00}
ProcessId: 5724
QueryName: wpad
QueryStatus: 9701
QueryResults: -
Image: C:\Windows\System32\wbem\WmiPrvSE.exe
User: NT AUTHORITY\NETWORK SERVICE"
"12/17/2025 8:44:58 AM","22","Dns query:
RuleName: -
UtcTime: 2025-12-17 08:44:56.676
ProcessGuid: {f995aebf-6d88-6942-ee0c-000000000e00}
ProcessId: 5724
QueryName: wpad
QueryStatus: 9701
QueryResults: -
Image: C:\Windows\system32\wbem\wmiprvse.exe
User: NT AUTHORITY\NETWORK SERVICE"
"12/17/2025 8:44:58 AM","22","Dns query:
RuleName: -
UtcTime: 2025-12-17 08:44:56.083
ProcessGuid: {f995aebf-6d87-6942-ec0c-000000000e00}
ProcessId: 1312
QueryName: raw.githubusercontent.com
QueryStatus: 0
QueryResults: ::ffff:185.199.109.133;::ffff:185.199.110.133;::ffff:185.199.111.133;::ffff:185.199.108.133;
Image: C:\Windows\System32\WindowsPowerShell\v1.0\powershell.exe
User: runnervm8j6r3\runneradmin"
"12/17/2025 8:44:57 AM","3","Network connection detected:
RuleName: NetworkConnect
UtcTime: 2025-12-17 08:44:56.094
ProcessGuid: {f995aebf-6d87-6942-ec0c-000000000e00}
ProcessId: 1312
Image: C:\Windows\System32\WindowsPowerShell\v1.0\powershell.exe
User: runnervm8j6r3\runneradmin
Protocol: tcp
Initiated: true
SourceIsIpv6: false
SourceIp: 10.1.0.107
SourceHostname: runnervm8j6r3.sbzdpbrwhzzuzo2oi0oaswtc3h.phxx.internal.cloudapp.net
SourcePort: 65467
SourcePortName: -
DestinationIsIpv6: false
DestinationIp: 185.199.109.133
DestinationHostname: cdn-185-199-109-133.github.com
DestinationPort: 443
DestinationPortName: https"
"12/17/2025 8:44:01 AM","3","Network connection detected:
RuleName: NetworkConnect
UtcTime: 2025-12-17 08:43:59.678
ProcessGuid: {f995aebf-6d4f-6942-e60c-000000000e00}
ProcessId: 5292
Image: C:\Windows\System32\WindowsPowerShell\v1.0\powershell.exe
User: runnervm8j6r3\runneradmin
Protocol: tcp
Initiated: true
SourceIsIpv6: false
SourceIp: 10.1.0.107
SourceHostname: runnervm8j6r3.sbzdpbrwhzzuzo2oi0oaswtc3h.phxx.internal.cloudapp.net
SourcePort: 65441
SourcePortName: -
DestinationIsIpv6: false
DestinationIp: 185.199.109.133
DestinationHostname: cdn-185-199-109-133.github.com
DestinationPort: 443
DestinationPortName: https"
"12/17/2025 8:44:00 AM","22","Dns query:
RuleName: -
UtcTime: 2025-12-17 08:43:59.667
ProcessGuid: {f995aebf-6d4f-6942-e60c-000000000e00}
ProcessId: 5292
QueryName: raw.githubusercontent.com
QueryStatus: 0
QueryResults: ::ffff:185.199.109.133;::ffff:185.199.110.133;::ffff:185.199.111.133;::ffff:185.199.108.133;
Image: C:\Windows\System32\WindowsPowerShell\v1.0\powershell.exe
User: runnervm8j6r3\runneradmin"
"12/17/2025 8:44:00 AM","22","Dns query:
RuleName: -
UtcTime: 2025-12-17 08:43:58.686
ProcessGuid: {00000000-0000-0000-0000-000000000000}
ProcessId: 976
QueryName: raw.githubusercontent.com
QueryStatus: 0
QueryResults: ::ffff:185.199.109.133;::ffff:185.199.110.133;::ffff:185.199.111.133;::ffff:185.199.108.133;
Image: <unknown process>
User: -"
"12/17/2025 8:43:59 AM","22","Dns query:
RuleName: -
UtcTime: 2025-12-17 08:43:57.566
ProcessGuid: {00000000-0000-0000-0000-000000000000}
ProcessId: 3160
QueryName: raw.githubusercontent.com
QueryStatus: 0
QueryResults: ::ffff:185.199.109.133;::ffff:185.199.110.133;::ffff:185.199.111.133;::ffff:185.199.108.133;
Image: <unknown process>
User: -"
"12/17/2025 8:43:57 AM","22","Dns query:
RuleName: -
UtcTime: 2025-12-17 08:43:54.831
ProcessGuid: {f995aebf-6d4a-6942-e00c-000000000e00}
ProcessId: 988
QueryName: raw.githubusercontent.com
QueryStatus: 0
QueryResults: ::ffff:185.199.109.133;::ffff:185.199.110.133;::ffff:185.199.111.133;::ffff:185.199.108.133;
Image: C:\Windows\System32\WindowsPowerShell\v1.0\powershell.exe
User: runnervm8j6r3\runneradmin"
"12/17/2025 8:43:56 AM","3","Network connection detected:
RuleName: NetworkConnect
UtcTime: 2025-12-17 08:43:54.842
ProcessGuid: {f995aebf-6d4a-6942-e00c-000000000e00}
ProcessId: 988
Image: C:\Windows\System32\WindowsPowerShell\v1.0\powershell.exe
User: runnervm8j6r3\runneradmin
Protocol: tcp
Initiated: true
SourceIsIpv6: false
SourceIp: 10.1.0.107
SourceHostname: runnervm8j6r3.sbzdpbrwhzzuzo2oi0oaswtc3h.phxx.internal.cloudapp.net
SourcePort: 65438
SourcePortName: -
DestinationIsIpv6: false
DestinationIp: 185.199.109.133
DestinationHostname: cdn-185-199-109-133.github.com
DestinationPort: 443
DestinationPortName: https"
"12/17/2025 8:41:55 AM","22","Dns query:
RuleName: -
UtcTime: 2025-12-17 08:41:54.801
ProcessGuid: {f995aebf-6cd1-6942-ca0c-000000000e00}
ProcessId: 5540
QueryName: localhost
QueryStatus: 0
QueryResults: ::1;::ffff:127.0.0.1;
Image: C:\Windows\System32\WindowsPowerShell\v1.0\powershell.exe
User: runnervm8j6r3\runneradmin"
"12/17/2025 8:41:55 AM","22","Dns query:
RuleName: -
UtcTime: 2025-12-17 08:41:53.863
ProcessGuid: {f995aebf-6cd1-6942-ca0c-000000000e00}
ProcessId: 5540
QueryName: raw.githubusercontent.com
QueryStatus: 0
QueryResults: ::ffff:185.199.109.133;::ffff:185.199.110.133;::ffff:185.199.111.133;::ffff:185.199.108.133;
Image: C:\Windows\System32\WindowsPowerShell\v1.0\powershell.exe
User: runnervm8j6r3\runneradmin"
"12/17/2025 8:41:55 AM","3","Network connection detected:
RuleName: NetworkConnect
UtcTime: 2025-12-17 08:41:54.800
ProcessGuid: {f995aebf-6cd1-6942-ca0c-000000000e00}
ProcessId: 5540
Image: C:\Windows\System32\WindowsPowerShell\v1.0\powershell.exe
User: runnervm8j6r3\runneradmin
Protocol: tcp
Initiated: true
SourceIsIpv6: false
SourceIp: 127.0.0.1
SourceHostname: runnervm8j6r3
SourcePort: 65388
SourcePortName: -
DestinationIsIpv6: false
DestinationIp: 127.0.0.1
DestinationHostname: runnervm8j6r3
DestinationPort: 445
DestinationPortName: microsoft-ds"
"12/17/2025 8:41:55 AM","3","Network connection detected:
RuleName: NetworkConnect
UtcTime: 2025-12-17 08:41:53.874
ProcessGuid: {f995aebf-6cd1-6942-ca0c-000000000e00}
ProcessId: 5540
Image: C:\Windows\System32\WindowsPowerShell\v1.0\powershell.exe
User: runnervm8j6r3\runneradmin
Protocol: tcp
Initiated: true
SourceIsIpv6: false
SourceIp: 10.1.0.107
SourceHostname: runnervm8j6r3.sbzdpbrwhzzuzo2oi0oaswtc3h.phxx.internal.cloudapp.net
SourcePort: 65387
SourcePortName: -
DestinationIsIpv6: false
DestinationIp: 185.199.109.133
DestinationHostname: cdn-185-199-109-133.github.com
DestinationPort: 443
DestinationPortName: https"
"12/17/2025 8:39:55 AM","22","Dns query:
RuleName: -
UtcTime: 2025-12-17 08:39:53.924
ProcessGuid: {f995aebf-6c59-6942-bd0c-000000000e00}
ProcessId: 8340
QueryName: localhost
QueryStatus: 0
QueryResults: 127.0.0.1;
Image: C:\Windows\System32\WindowsPowerShell\v1.0\powershell.exe
User: runnervm8j6r3\runneradmin"
"12/17/2025 8:39:55 AM","22","Dns query:
RuleName: -
UtcTime: 2025-12-17 08:39:53.435
ProcessGuid: {f995aebf-6c59-6942-bd0c-000000000e00}
ProcessId: 8340
QueryName: raw.githubusercontent.com
QueryStatus: 0
QueryResults: ::ffff:185.199.109.133;::ffff:185.199.110.133;::ffff:185.199.111.133;::ffff:185.199.108.133;
Image: C:\Windows\System32\WindowsPowerShell\v1.0\powershell.exe
User: runnervm8j6r3\runneradmin"
"12/17/2025 8:39:54 AM","3","Network connection detected:
RuleName: NetworkConnect
UtcTime: 2025-12-17 08:39:53.446
ProcessGuid: {f995aebf-6c59-6942-bd0c-000000000e00}
ProcessId: 8340
Image: C:\Windows\System32\WindowsPowerShell\v1.0\powershell.exe
User: runnervm8j6r3\runneradmin
Protocol: tcp
Initiated: true
SourceIsIpv6: false
SourceIp: 10.1.0.107
SourceHostname: runnervm8j6r3.sbzdpbrwhzzuzo2oi0oaswtc3h.phxx.internal.cloudapp.net
SourcePort: 65337
SourcePortName: -
DestinationIsIpv6: false
DestinationIp: 185.199.109.133
DestinationHostname: cdn-185-199-109-133.github.com
DestinationPort: 443
DestinationPortName: https"
"12/17/2025 8:39:49 AM","22","Dns query:
RuleName: -
UtcTime: 2025-12-17 08:39:46.982
ProcessGuid: {f995aebf-6ac4-6942-5e0a-000000000e00}
ProcessId: 2040
QueryName: runnervm8j6r3
QueryStatus: 0
QueryResults: fe80::cc61:60c:1b14:143e;fe80::c909:2186:3ffc:c1a6;::ffff:10.1.0.107;::ffff:172.17.224.1;
Image: C:\Windows\System32\wbem\WmiPrvSE.exe
User: NT AUTHORITY\NETWORK SERVICE"
"12/17/2025 8:39:49 AM","22","Dns query:
RuleName: -
UtcTime: 2025-12-17 08:39:46.881
ProcessGuid: {f995aebf-6c4f-6942-a80b-000000000e00}
ProcessId: 9824
QueryName: localhost
QueryStatus: 0
QueryResults: 127.0.0.1;
Image: C:\Windows\System32\WindowsPowerShell\v1.0\powershell.exe
User: runnervm8j6r3\runneradmin"
"12/17/2025 8:39:46 AM","3","Network connection detected:
RuleName: NetworkConnect
UtcTime: 2025-12-17 08:39:44.265
ProcessGuid: {f995aebf-6c4f-6942-a80b-000000000e00}
ProcessId: 9824
Image: C:\Windows\System32\WindowsPowerShell\v1.0\powershell.exe
User: runnervm8j6r3\runneradmin
Protocol: tcp
Initiated: true
SourceIsIpv6: false
SourceIp: 10.1.0.107
SourceHostname: runnervm8j6r3.sbzdpbrwhzzuzo2oi0oaswtc3h.phxx.internal.cloudapp.net
SourcePort: 65330
SourcePortName: -
DestinationIsIpv6: false
DestinationIp: 185.199.109.133
DestinationHostname: cdn-185-199-109-133.github.com
DestinationPort: 443
DestinationPortName: https"
"12/17/2025 8:39:46 AM","22","Dns query:
RuleName: -
UtcTime: 2025-12-17 08:39:44.254
ProcessGuid: {f995aebf-6c4f-6942-a80b-000000000e00}
ProcessId: 9824
QueryName: raw.githubusercontent.com
QueryStatus: 0
QueryResults: ::ffff:185.199.109.133;::ffff:185.199.110.133;::ffff:185.199.111.133;::ffff:185.199.108.133;
Image: C:\Windows\System32\WindowsPowerShell\v1.0\powershell.exe
User: runnervm8j6r3\runneradmin"
"12/17/2025 8:38:30 AM","22","Dns query:
RuleName: -
UtcTime: 2025-12-17 08:38:28.767
ProcessGuid: {f995aebf-607e-6942-4403-000000000e00}
ProcessId: 2412
QueryName: 13.86.106.20.in-addr.arpa.
QueryStatus: 9003
QueryResults: -
Image: C:\Windows\Sysmon64.exe
User: NT AUTHORITY\SYSTEM"
"12/17/2025 8:38:28 AM","22","Dns query:
RuleName: -
UtcTime: 2025-12-17 08:38:26.879
ProcessGuid: {f995aebf-6c02-6942-a00b-000000000e00}
ProcessId: 1476
QueryName: settings-win.data.microsoft.com
QueryStatus: 0
QueryResults: type: 5 atm-settingsfe-prod-geo2.trafficmanager.net;type: 5 settings-prod-wus3-1.westus3.cloudapp.azure.com;::ffff:20.106.86.13;
Image: <unknown process>
User: NT AUTHORITY\SYSTEM"
"12/17/2025 8:38:27 AM","22","Dns query:
RuleName: -
UtcTime: 2025-12-17 08:38:25.510
ProcessGuid: {f995aebf-6bdb-6942-990b-000000000e00}
ProcessId: 1504
QueryName: localhost
QueryStatus: 0
QueryResults: 127.0.0.1;
Image: C:\Windows\System32\WindowsPowerShell\v1.0\powershell.exe
User: runnervm8j6r3\runneradmin"
"12/17/2025 8:37:49 AM","22","Dns query:
RuleName: -
UtcTime: 2025-12-17 08:37:47.619
ProcessGuid: {f995aebf-6bdb-6942-990b-000000000e00}
ProcessId: 1504
QueryName: raw.githubusercontent.com
QueryStatus: 0
QueryResults: ::ffff:185.199.109.133;::ffff:185.199.110.133;::ffff:185.199.111.133;::ffff:185.199.108.133;
Image: C:\Windows\System32\WindowsPowerShell\v1.0\powershell.exe
User: runnervm8j6r3\runneradmin"
"12/17/2025 8:37:48 AM","3","Network connection detected:
RuleName: NetworkConnect
UtcTime: 2025-12-17 08:37:47.630
ProcessGuid: {f995aebf-6bdb-6942-990b-000000000e00}
ProcessId: 1504
Image: C:\Windows\System32\WindowsPowerShell\v1.0\powershell.exe
User: runnervm8j6r3\runneradmin
Protocol: tcp
Initiated: true
SourceIsIpv6: false
SourceIp: 10.1.0.107
SourceHostname: runnervm8j6r3.sbzdpbrwhzzuzo2oi0oaswtc3h.phxx.internal.cloudapp.net
SourcePort: 65284
SourcePortName: -
DestinationIsIpv6: false
DestinationIp: 185.199.109.133
DestinationHostname: cdn-185-199-109-133.github.com
DestinationPort: 443
DestinationPortName: https"
"12/17/2025 8:36:22 AM","22","Dns query:
RuleName: -
UtcTime: 2025-12-17 08:36:20.525
ProcessGuid: {f995aebf-6b84-6942-880b-000000000e00}
ProcessId: 3384
QueryName: mobile.events.data.microsoft.com
QueryStatus: 9701
QueryResults: -
Image: C:\Windows\System32\wbem\WmiPrvSE.exe
User: NT AUTHORITY\NETWORK SERVICE"
"12/17/2025 8:36:22 AM","22","Dns query:
RuleName: -
UtcTime: 2025-12-17 08:36:20.525
ProcessGuid: {f995aebf-6b84-6942-880b-000000000e00}
ProcessId: 3384
QueryName: runnervm8j6r3.sbzdpbrwhzzuzo2oi0oaswtc3h.phxx.internal.cloudapp.net
QueryStatus: 0
QueryResults: 10.1.0.107;
Image: C:\Windows\System32\wbem\WmiPrvSE.exe
User: NT AUTHORITY\NETWORK SERVICE"
"12/17/2025 8:36:22 AM","22","Dns query:
RuleName: -
UtcTime: 2025-12-17 08:36:20.525
ProcessGuid: {f995aebf-6b84-6942-880b-000000000e00}
ProcessId: 3384
QueryName: runnervm8j6r3.sbzdpbrwhzzuzo2oi0oaswtc3h.phxx.internal.cloudapp.net
QueryStatus: 9501
QueryResults: -
Image: C:\Windows\System32\wbem\WmiPrvSE.exe
User: NT AUTHORITY\NETWORK SERVICE"
"12/17/2025 8:36:22 AM","22","Dns query:
RuleName: -
UtcTime: 2025-12-17 08:36:20.525
ProcessGuid: {f995aebf-6b84-6942-880b-000000000e00}
ProcessId: 3384
QueryName: hosted-compute-request-orchestrator-prod-iad-01.githubapp.com
QueryStatus: 9701
QueryResults: -
Image: C:\Windows\System32\wbem\WmiPrvSE.exe
User: NT AUTHORITY\NETWORK SERVICE"
"12/17/2025 8:36:22 AM","22","Dns query:
RuleName: -
UtcTime: 2025-12-17 08:36:20.524
ProcessGuid: {f995aebf-6b84-6942-880b-000000000e00}
ProcessId: 3384
QueryName: run-actions-1-azure-eastus.actions.githubusercontent.com
QueryStatus: 9701
QueryResults: -
Image: C:\Windows\System32\wbem\WmiPrvSE.exe
User: NT AUTHORITY\NETWORK SERVICE"
"12/17/2025 8:36:22 AM","22","Dns query:
RuleName: -
UtcTime: 2025-12-17 08:36:20.524
ProcessGuid: {f995aebf-6b84-6942-880b-000000000e00}
ProcessId: 3384
QueryName: ipv6.msftconnecttest.com
QueryStatus: 9701
QueryResults: -
Image: C:\Windows\System32\wbem\WmiPrvSE.exe
User: NT AUTHORITY\NETWORK SERVICE"
"12/17/2025 8:36:22 AM","22","Dns query:
RuleName: -
UtcTime: 2025-12-17 08:36:20.524
ProcessGuid: {f995aebf-6b84-6942-880b-000000000e00}
ProcessId: 3384
QueryName: ipv6.msftncsi.com
QueryStatus: 9701
QueryResults: -
Image: C:\Windows\System32\wbem\WmiPrvSE.exe
User: NT AUTHORITY\NETWORK SERVICE"
"12/17/2025 8:36:22 AM","22","Dns query:
RuleName: -
UtcTime: 2025-12-17 08:36:20.523
ProcessGuid: {f995aebf-6b84-6942-880b-000000000e00}
ProcessId: 3384
QueryName: www.powershellgallery.com
QueryStatus: 9701
QueryResults: -
Image: C:\Windows\System32\wbem\WmiPrvSE.exe
User: NT AUTHORITY\NETWORK SERVICE"
"12/17/2025 8:36:22 AM","22","Dns query:
RuleName: -
UtcTime: 2025-12-17 08:36:20.523
ProcessGuid: {f995aebf-6b84-6942-880b-000000000e00}
ProcessId: 3384
QueryName: amtso.eicar.org
QueryStatus: 9701
QueryResults: -
Image: C:\Windows\System32\wbem\WmiPrvSE.exe
User: NT AUTHORITY\NETWORK SERVICE"
"12/17/2025 8:36:22 AM","22","Dns query:
RuleName: -
UtcTime: 2025-12-17 08:36:20.522
ProcessGuid: {f995aebf-6b84-6942-880b-000000000e00}
ProcessId: 3384
QueryName: client.wns.windows.com
QueryStatus: 9701
QueryResults: -
Image: C:\Windows\System32\wbem\WmiPrvSE.exe
User: NT AUTHORITY\NETWORK SERVICE"
"12/17/2025 8:36:22 AM","22","Dns query:
RuleName: -
UtcTime: 2025-12-17 08:36:20.522
ProcessGuid: {f995aebf-6b84-6942-880b-000000000e00}
ProcessId: 3384
QueryName: definitionupdates.microsoft.com
QueryStatus: 9701
QueryResults: -
Image: C:\Windows\System32\wbem\WmiPrvSE.exe
User: NT AUTHORITY\NETWORK SERVICE"
"12/17/2025 8:36:22 AM","22","Dns query:
RuleName: -
UtcTime: 2025-12-17 08:36:20.521
ProcessGuid: {f995aebf-6b84-6942-880b-000000000e00}
ProcessId: 3384
QueryName: github.com
QueryStatus: 9701
QueryResults: -
Image: C:\Windows\System32\wbem\WmiPrvSE.exe
User: NT AUTHORITY\NETWORK SERVICE"
"12/17/2025 8:36:22 AM","22","Dns query:
RuleName: -
UtcTime: 2025-12-17 08:36:20.521
ProcessGuid: {f995aebf-6b84-6942-880b-000000000e00}
ProcessId: 3384
QueryName: runnervm8j6r3
QueryStatus: 0
QueryResults: type: 5 runnervm8j6r3.sbzdpbrwhzzuzo2oi0oaswtc3h.phxx.internal.cloudapp.net;
Image: C:\Windows\System32\wbem\WmiPrvSE.exe
User: NT AUTHORITY\NETWORK SERVICE"
"12/17/2025 8:36:22 AM","22","Dns query:
RuleName: -
UtcTime: 2025-12-17 08:36:20.521
ProcessGuid: {f995aebf-6b84-6942-880b-000000000e00}
ProcessId: 3384
QueryName: adl.windows.com
QueryStatus: 9701
QueryResults: -
Image: C:\Windows\System32\wbem\WmiPrvSE.exe
User: NT AUTHORITY\NETWORK SERVICE"
"12/17/2025 8:36:22 AM","22","Dns query:
RuleName: -
UtcTime: 2025-12-17 08:36:20.521
ProcessGuid: {f995aebf-6b84-6942-880b-000000000e00}
ProcessId: 3384
QueryName: results-receiver.actions.githubusercontent.com
QueryStatus: 9701
QueryResults: -
Image: C:\Windows\System32\wbem\WmiPrvSE.exe
User: NT AUTHORITY\NETWORK SERVICE"
"12/17/2025 8:36:22 AM","22","Dns query:
RuleName: -
UtcTime: 2025-12-17 08:36:20.520
ProcessGuid: {f995aebf-6b84-6942-880b-000000000e00}
ProcessId: 3384
QueryName: broker.actions.githubusercontent.com
QueryStatus: 9701
QueryResults: -
Image: C:\Windows\System32\wbem\WmiPrvSE.exe
User: NT AUTHORITY\NETWORK SERVICE"
"12/17/2025 8:36:22 AM","22","Dns query:
RuleName: -
UtcTime: 2025-12-17 08:36:20.520
ProcessGuid: {f995aebf-6b84-6942-880b-000000000e00}
ProcessId: 3384
QueryName: download.sysinternals.com
QueryStatus: 9701
QueryResults: -
Image: C:\Windows\System32\wbem\WmiPrvSE.exe
User: NT AUTHORITY\NETWORK SERVICE"
"12/17/2025 8:36:22 AM","22","Dns query:
RuleName: -
UtcTime: 2025-12-17 08:36:20.520
ProcessGuid: {f995aebf-6b84-6942-880b-000000000e00}
ProcessId: 3384
QueryName: crl.microsoft.com
QueryStatus: 9701
QueryResults: -
Image: C:\Windows\System32\wbem\WmiPrvSE.exe
User: NT AUTHORITY\NETWORK SERVICE"
"12/17/2025 8:36:22 AM","22","Dns query:
RuleName: -
UtcTime: 2025-12-17 08:36:20.520
ProcessGuid: {f995aebf-6b84-6942-880b-000000000e00}
ProcessId: 3384
QueryName: release-assets.githubusercontent.com
QueryStatus: 0
QueryResults: 185.199.111.133;185.199.108.133;185.199.109.133;185.199.110.133;
Image: C:\Windows\System32\wbem\WmiPrvSE.exe
User: NT AUTHORITY\NETWORK SERVICE"
"12/17/2025 8:36:22 AM","22","Dns query:
RuleName: -
UtcTime: 2025-12-17 08:36:20.519
ProcessGuid: {f995aebf-6b84-6942-880b-000000000e00}
ProcessId: 3384
QueryName: workgroup
QueryStatus: 9701
QueryResults: -
Image: C:\Windows\System32\wbem\WmiPrvSE.exe
User: NT AUTHORITY\NETWORK SERVICE"
"12/17/2025 8:36:22 AM","22","Dns query:
RuleName: -
UtcTime: 2025-12-17 08:36:20.519
ProcessGuid: {f995aebf-6b84-6942-880b-000000000e00}
ProcessId: 3384
QueryName: go.microsoft.com
QueryStatus: 9701
QueryResults: -
Image: C:\Windows\System32\wbem\WmiPrvSE.exe
User: NT AUTHORITY\NETWORK SERVICE"
"12/17/2025 8:36:22 AM","22","Dns query:
RuleName: -
UtcTime: 2025-12-17 08:36:20.519
ProcessGuid: {f995aebf-6b84-6942-880b-000000000e00}
ProcessId: 3384
QueryName: incoming.telemetry.mozilla.org
QueryStatus: 9701
QueryResults: -
Image: C:\Windows\System32\wbem\WmiPrvSE.exe
User: NT AUTHORITY\NETWORK SERVICE"
"12/17/2025 8:36:22 AM","22","Dns query:
RuleName: -
UtcTime: 2025-12-17 08:36:20.519
ProcessGuid: {f995aebf-6b84-6942-880b-000000000e00}
ProcessId: 3384
QueryName: time.windows.com
QueryStatus: 9701
QueryResults: -
Image: C:\Windows\System32\wbem\WmiPrvSE.exe
User: NT AUTHORITY\NETWORK SERVICE"
"12/17/2025 8:36:22 AM","22","Dns query:
RuleName: -
UtcTime: 2025-12-17 08:36:20.519
ProcessGuid: {f995aebf-6b84-6942-880b-000000000e00}
ProcessId: 3384
QueryName: ocsp.sectigo.com
QueryStatus: 9701
QueryResults: -
Image: C:\Windows\System32\wbem\WmiPrvSE.exe
User: NT AUTHORITY\NETWORK SERVICE"
"12/17/2025 8:36:22 AM","22","Dns query:
RuleName: -
UtcTime: 2025-12-17 08:36:20.519
ProcessGuid: {f995aebf-6b84-6942-880b-000000000e00}
ProcessId: 3384
QueryName: raw.githubusercontent.com
QueryStatus: 9701
QueryResults: -
Image: C:\Windows\System32\wbem\WmiPrvSE.exe
User: NT AUTHORITY\NETWORK SERVICE"
"12/17/2025 8:36:22 AM","22","Dns query:
RuleName: -
UtcTime: 2025-12-17 08:36:20.518
ProcessGuid: {f995aebf-6b84-6942-880b-000000000e00}
ProcessId: 3384
QueryName: api.github.com
QueryStatus: 9701
QueryResults: -
Image: C:\Windows\System32\wbem\WmiPrvSE.exe
User: NT AUTHORITY\NETWORK SERVICE"
"12/17/2025 8:36:22 AM","22","Dns query:
RuleName: -
UtcTime: 2025-12-17 08:36:20.518
ProcessGuid: {f995aebf-6b84-6942-880b-000000000e00}
ProcessId: 3384
QueryName: ecs.office.com
QueryStatus: 9701
QueryResults: -
Image: C:\Windows\System32\wbem\WmiPrvSE.exe
User: NT AUTHORITY\NETWORK SERVICE"
"12/17/2025 8:36:22 AM","22","Dns query:
RuleName: -
UtcTime: 2025-12-17 08:36:20.518
ProcessGuid: {f995aebf-6b84-6942-880b-000000000e00}
ProcessId: 3384
QueryName: dns.msftncsi.com
QueryStatus: 9701
QueryResults: -
Image: C:\Windows\System32\wbem\WmiPrvSE.exe
User: NT AUTHORITY\NETWORK SERVICE"
"12/17/2025 8:36:22 AM","22","Dns query:
RuleName: -
UtcTime: 2025-12-17 08:36:20.518
ProcessGuid: {f995aebf-6b84-6942-880b-000000000e00}
ProcessId: 3384
QueryName: ocsp.usertrust.com
QueryStatus: 9701
QueryResults: -
Image: C:\Windows\System32\wbem\WmiPrvSE.exe
User: NT AUTHORITY\NETWORK SERVICE"
"12/17/2025 8:36:22 AM","22","Dns query:
RuleName: -
UtcTime: 2025-12-17 08:36:20.517
ProcessGuid: {f995aebf-6b84-6942-880b-000000000e00}
ProcessId: 3384
QueryName: productionresultssa13.blob.core.windows.net
QueryStatus: 9701
QueryResults: -
Image: C:\Windows\System32\wbem\WmiPrvSE.exe
User: NT AUTHORITY\NETWORK SERVICE"
"12/17/2025 8:36:22 AM","22","Dns query:
RuleName: -
UtcTime: 2025-12-17 08:36:20.517
ProcessGuid: {f995aebf-6b84-6942-880b-000000000e00}
ProcessId: 3384
QueryName: codeload.github.com
QueryStatus: 9701
QueryResults: -
Image: C:\Windows\System32\wbem\WmiPrvSE.exe
User: NT AUTHORITY\NETWORK SERVICE"
"12/17/2025 8:36:22 AM","22","Dns query:
RuleName: -
UtcTime: 2025-12-17 08:36:20.517
ProcessGuid: {f995aebf-6b84-6942-880b-000000000e00}
ProcessId: 3384
QueryName: the.earth.li
QueryStatus: 9701
QueryResults: -
Image: C:\Windows\System32\wbem\WmiPrvSE.exe
User: NT AUTHORITY\NETWORK SERVICE"
"12/17/2025 8:36:22 AM","22","Dns query:
RuleName: -
UtcTime: 2025-12-17 08:36:20.517
ProcessGuid: {f995aebf-6b84-6942-880b-000000000e00}
ProcessId: 3384
QueryName: settings-win.data.microsoft.com
QueryStatus: 9701
QueryResults: -
Image: C:\Windows\System32\wbem\WmiPrvSE.exe
User: NT AUTHORITY\NETWORK SERVICE"
"12/17/2025 8:36:22 AM","22","Dns query:
RuleName: -
UtcTime: 2025-12-17 08:36:20.516
ProcessGuid: {f995aebf-6b84-6942-880b-000000000e00}
ProcessId: 3384
QueryName: ocsp.comodoca.com
QueryStatus: 9701
QueryResults: -
Image: C:\Windows\System32\wbem\WmiPrvSE.exe
User: NT AUTHORITY\NETWORK SERVICE"
"12/17/2025 8:36:22 AM","22","Dns query:
RuleName: -
UtcTime: 2025-12-17 08:36:20.516
ProcessGuid: {f995aebf-6b84-6942-880b-000000000e00}
ProcessId: 3384
QueryName: ocsp.digicert.com
QueryStatus: 9701
QueryResults: -
Image: C:\Windows\System32\wbem\WmiPrvSE.exe
User: NT AUTHORITY\NETWORK SERVICE"
"12/17/2025 8:36:22 AM","22","Dns query:
RuleName: -
UtcTime: 2025-12-17 08:36:20.516
ProcessGuid: {f995aebf-6b84-6942-880b-000000000e00}
ProcessId: 3384
QueryName: cdn.powershellgallery.com
QueryStatus: 9701
QueryResults: -
Image: C:\Windows\System32\wbem\WmiPrvSE.exe
User: NT AUTHORITY\NETWORK SERVICE"
"12/17/2025 8:36:22 AM","22","Dns query:
RuleName: -
UtcTime: 2025-12-17 08:36:20.516
ProcessGuid: {f995aebf-6b84-6942-880b-000000000e00}
ProcessId: 3384
QueryName: pti.store.microsoft.com
QueryStatus: 9701
QueryResults: -
Image: C:\Windows\System32\wbem\WmiPrvSE.exe
User: NT AUTHORITY\NETWORK SERVICE"
"12/17/2025 8:36:22 AM","22","Dns query:
RuleName: -
UtcTime: 2025-12-17 08:36:20.516
ProcessGuid: {f995aebf-6b84-6942-880b-000000000e00}
ProcessId: 3384
QueryName: www.microsoft.com
QueryStatus: 9701
QueryResults: -
Image: C:\Windows\System32\wbem\WmiPrvSE.exe
User: NT AUTHORITY\NETWORK SERVICE"
"12/17/2025 8:36:22 AM","22","Dns query:
RuleName: -
UtcTime: 2025-12-17 08:36:20.516
ProcessGuid: {f995aebf-6b84-6942-880b-000000000e00}
ProcessId: 3384
QueryName: cdn.oneget.org
QueryStatus: 9701
QueryResults: -
Image: C:\Windows\System32\wbem\WmiPrvSE.exe
User: NT AUTHORITY\NETWORK SERVICE"
"12/17/2025 8:36:22 AM","22","Dns query:
RuleName: -
UtcTime: 2025-12-17 08:36:20.515
ProcessGuid: {f995aebf-6b84-6942-880b-000000000e00}
ProcessId: 3384
QueryName: wpad
QueryStatus: 9701
QueryResults: -
Image: C:\Windows\System32\wbem\WmiPrvSE.exe
User: NT AUTHORITY\NETWORK SERVICE"
"12/17/2025 8:36:22 AM","22","Dns query:
RuleName: -
UtcTime: 2025-12-17 08:36:20.515
ProcessGuid: {f995aebf-6b84-6942-880b-000000000e00}
ProcessId: 3384
QueryName: hosted-compute-watchdog-prod-iad-01.githubapp.com
QueryStatus: 9701
QueryResults: -
Image: C:\Windows\System32\wbem\WmiPrvSE.exe
User: NT AUTHORITY\NETWORK SERVICE"
"12/17/2025 8:36:22 AM","22","Dns query:
RuleName: -
UtcTime: 2025-12-17 08:36:20.515
ProcessGuid: {f995aebf-6b84-6942-880b-000000000e00}
ProcessId: 3384
QueryName: launch.actions.githubusercontent.com
QueryStatus: 9701
QueryResults: -
Image: C:\Windows\System32\wbem\WmiPrvSE.exe
User: NT AUTHORITY\NETWORK SERVICE"
"12/17/2025 8:36:22 AM","22","Dns query:
RuleName: -
UtcTime: 2025-12-17 08:36:20.514
ProcessGuid: {f995aebf-6b84-6942-880b-000000000e00}
ProcessId: 3384
QueryName: telemetry-incoming.r53-2.services.mozilla.com
QueryStatus: 9701
QueryResults: -
Image: C:\Windows\System32\wbem\WmiPrvSE.exe
User: NT AUTHORITY\NETWORK SERVICE"
"12/17/2025 8:36:22 AM","22","Dns query:
RuleName: -
UtcTime: 2025-12-17 08:36:20.514
ProcessGuid: {f995aebf-6b84-6942-880b-000000000e00}
ProcessId: 3384
QueryName: telemetry-incoming.r53-2.services.mozilla.com
QueryStatus: 9701
QueryResults: -
Image: C:\Windows\system32\wbem\wmiprvse.exe
User: NT AUTHORITY\NETWORK SERVICE"
"12/17/2025 8:36:22 AM","22","Dns query:
RuleName: -
UtcTime: 2025-12-17 08:36:20.329
ProcessGuid: {f995aebf-6b62-6942-7b0b-000000000e00}
ProcessId: 4100
QueryName: 127.0.0.1
QueryStatus: 0
QueryResults: 127.0.0.1;
Image: C:\Windows\System32\WindowsPowerShell\v1.0\powershell.exe
User: runnervm8j6r3\runneradmin"
"12/17/2025 8:36:22 AM","22","Dns query:
RuleName: -
UtcTime: 2025-12-17 08:36:20.329
ProcessGuid: {f995aebf-6b62-6942-7b0b-000000000e00}
ProcessId: 4100
QueryName: runnervm8j6r3
QueryStatus: 0
QueryResults: 10.1.0.107;172.17.224.1;
Image: C:\Windows\System32\WindowsPowerShell\v1.0\powershell.exe
User: runnervm8j6r3\runneradmin"
"12/17/2025 8:36:22 AM","22","Dns query:
RuleName: -
UtcTime: 2025-12-17 08:36:20.329
ProcessGuid: {f995aebf-6b62-6942-7b0b-000000000e00}
ProcessId: 4100
QueryName: 1.0.0.127.in-addr.arpa.
QueryStatus: 0
QueryResults: type: 12 runnervm8j6r3;
Image: C:\Windows\System32\WindowsPowerShell\v1.0\powershell.exe
User: runnervm8j6r3\runneradmin"
"12/17/2025 8:36:19 AM","22","Dns query:
RuleName: -
UtcTime: 2025-12-17 08:36:18.459
ProcessGuid: {f995aebf-6ac4-6942-5e0a-000000000e00}
ProcessId: 2040
QueryName: runnervm8j6r3
QueryStatus: 0
QueryResults: fe80::cc61:60c:1b14:143e;fe80::c909:2186:3ffc:c1a6;::ffff:10.1.0.107;::ffff:172.17.224.1;
Image: C:\Windows\system32\wbem\wmiprvse.exe
User: NT AUTHORITY\NETWORK SERVICE"
"12/17/2025 8:36:19 AM","22","Dns query:
RuleName: -
UtcTime: 2025-12-17 08:36:18.114
ProcessGuid: {f995aebf-6b62-6942-7b0b-000000000e00}
ProcessId: 4100
QueryName: localhost
QueryStatus: 0
QueryResults: ::1;::ffff:127.0.0.1;
Image: C:\Windows\System32\WindowsPowerShell\v1.0\powershell.exe
User: runnervm8j6r3\runneradmin"
"12/17/2025 8:36:19 AM","22","Dns query:
RuleName: -
UtcTime: 2025-12-17 08:36:17.509
ProcessGuid: {f995aebf-6b62-6942-7b0b-000000000e00}
ProcessId: 4100
QueryName: runnervm8j6r3
QueryStatus: 0
QueryResults: fe80::cc61:60c:1b14:143e;fe80::c909:2186:3ffc:c1a6;::ffff:10.1.0.107;::ffff:172.17.224.1;
Image: C:\Windows\System32\WindowsPowerShell\v1.0\powershell.exe
User: runnervm8j6r3\runneradmin"
"12/17/2025 8:36:18 AM","3","Network connection detected:
RuleName: NetworkConnect
UtcTime: 2025-12-17 08:36:17.510
ProcessGuid: {f995aebf-6b62-6942-7b0b-000000000e00}
ProcessId: 4100
Image: C:\Windows\System32\WindowsPowerShell\v1.0\powershell.exe
User: runnervm8j6r3\runneradmin
Protocol: tcp
Initiated: true
SourceIsIpv6: true
SourceIp: fe80:0:0:0:cc61:60c:1b14:143e
SourceHostname: runnervm8j6r3.sbzdpbrwhzzuzo2oi0oaswtc3h.phxx.internal.cloudapp.net
SourcePort: 65247
SourcePortName: -
DestinationIsIpv6: true
DestinationIp: fe80:0:0:0:cc61:60c:1b14:143e
DestinationHostname: runnervm8j6r3.sbzdpbrwhzzuzo2oi0oaswtc3h.phxx.internal.cloudapp.net
DestinationPort: 49666
DestinationPortName: -"
"12/17/2025 8:36:18 AM","3","Network connection detected:
RuleName: NetworkConnect
UtcTime: 2025-12-17 08:36:17.508
ProcessGuid: {f995aebf-5587-6942-1100-000000000e00}
ProcessId: 1100
Image: C:\Windows\System32\svchost.exe
User: NT AUTHORITY\NETWORK SERVICE
Protocol: tcp
Initiated: false
SourceIsIpv6: true
SourceIp: fe80:0:0:0:cc61:60c:1b14:143e
SourceHostname: runnervm8j6r3.sbzdpbrwhzzuzo2oi0oaswtc3h.phxx.internal.cloudapp.net
SourcePort: 65246
SourcePortName: -
DestinationIsIpv6: true
DestinationIp: fe80:0:0:0:cc61:60c:1b14:143e
DestinationHostname: runnervm8j6r3.sbzdpbrwhzzuzo2oi0oaswtc3h.phxx.internal.cloudapp.net
DestinationPort: 135
DestinationPortName: epmap"
"12/17/2025 8:36:18 AM","3","Network connection detected:
RuleName: NetworkConnect
UtcTime: 2025-12-17 08:36:17.508
ProcessGuid: {f995aebf-6b62-6942-7b0b-000000000e00}
ProcessId: 4100
Image: C:\Windows\System32\WindowsPowerShell\v1.0\powershell.exe
User: runnervm8j6r3\runneradmin
Protocol: tcp
Initiated: true
SourceIsIpv6: true
SourceIp: fe80:0:0:0:cc61:60c:1b14:143e
SourceHostname: runnervm8j6r3.sbzdpbrwhzzuzo2oi0oaswtc3h.phxx.internal.cloudapp.net
SourcePort: 65246
SourcePortName: -
DestinationIsIpv6: true
DestinationIp: fe80:0:0:0:cc61:60c:1b14:143e
DestinationHostname: runnervm8j6r3.sbzdpbrwhzzuzo2oi0oaswtc3h.phxx.internal.cloudapp.net
DestinationPort: 135
DestinationPortName: epmap"
