"12/17/2025 8:02:58 AM","10","Process accessed:
RuleName: ProcessAccess
UtcTime: 2025-12-17 08:02:58.909
SourceProcessGUID: {f995aebf-60f0-6942-4d02-000000000e00}
SourceProcessId: 7600
SourceThreadId: 6580
SourceImage: C:\Windows\System32\WindowsPowerShell\v1.0\powershell.EXE
TargetProcessGUID: {f995aebf-63b2-6942-1d05-000000000e00}
TargetProcessId: 3252
TargetImage: C:\Windows\system32\whoami.exe
GrantedAccess: 0x1FFFFF
CallTrace: C:\Windows\SYSTEM32\ntdll.dll+1636d4|C:\Windows\System32\KERNELBASE.dll+96a8a|C:\Windows\System32\KERNELBASE.dll+940e6|C:\Windows\System32\KERNEL32.DLL+3c6d4|C:\Windows\assembly\NativeImages_v4.0.30319_64\System\22f4d83e48c2201947e262d4bca638b9\System.ni.dll+351876|C:\Windows\assembly\NativeImages_v4.0.30319_64\System\22f4d83e48c2201947e262d4bca638b9\System.ni.dll+2b3c89|C:\Windows\assembly\NativeImages_v4.0.30319_64\System\22f4d83e48c2201947e262d4bca638b9\System.ni.dll+2b35f9|C:\Windows\assembly\NativeImages_v4.0.30319_64\System.Manaa57fc8cc#\4a7766a1c9970ca229a03b7aa442caed\System.Management.Automation.ni.dll+11c64f9|C:\Windows\assembly\NativeImages_v4.0.30319_64\System.Manaa57fc8cc#\4a7766a1c9970ca229a03b7aa442caed\System.Management.Automation.ni.dll+10dabba|C:\Windows\assembly\NativeImages_v4.0.30319_64\System.Manaa57fc8cc#\4a7766a1c9970ca229a03b7aa442caed\System.Management.Automation.ni.dll+1187f2d|C:\Windows\assembly\NativeImages_v4.0.30319_64\System.Manaa57fc8cc#\4a7766a1c9970ca229a03b7aa442caed\System.Management.Automation.ni.dll+1187beb|C:\Windows\assembly\NativeImages_v4.0.30319_64\System.Manaa57fc8cc#\4a7766a1c9970ca229a03b7aa442caed\System.Management.Automation.ni.dll+125f1ff|UNKNOWN(00007FF991BD3401)
SourceUser: runnervm8j6r3\runneradmin
TargetUser: runnervm8j6r3\runneradmin"
"12/17/2025 8:02:58 AM","1","Process Create:
RuleName: ProcessCreate
UtcTime: 2025-12-17 08:02:58.909
ProcessGuid: {f995aebf-63b2-6942-1d05-000000000e00}
ProcessId: 3252
Image: C:\Windows\System32\whoami.exe
FileVersion: 10.0.26100.1882 (WinBuild.160101.0800)
Description: whoami - displays logged on user information
Product: Microsoft? Windows? Operating System
Company: Microsoft Corporation
OriginalFileName: whoami.exe
CommandLine: ""C:\Windows\system32\whoami.exe""
CurrentDirectory: D:\a\sysmon\sysmon\
User: runnervm8j6r3\runneradmin
LogonGuid: {f995aebf-600e-6942-ddf0-0b0000000000}
LogonId: 0xBF0DD
TerminalSessionId: 2
IntegrityLevel: High
Hashes: SHA256=23240EF9F8B0A9A324110B1C2331DE31DC1B0E08F5359CB707E51A939AF56CD3
ParentProcessGuid: {f995aebf-60f0-6942-4d02-000000000e00}
ParentProcessId: 7600
ParentImage: C:\Windows\System32\WindowsPowerShell\v1.0\powershell.exe
ParentCommandLine: ""C:\Windows\System32\WindowsPowerShell\v1.0\powershell.EXE"" -command "". 'D:\a\_temp\b5779890-c6d1-4d54-8cf1-6a4ae2edeb5c.ps1'""
ParentUser: runnervm8j6r3\runneradmin"
"12/17/2025 8:02:58 AM","10","Process accessed:
RuleName: ProcessAccess
UtcTime: 2025-12-17 08:02:58.889
SourceProcessGUID: {f995aebf-60f0-6942-4d02-000000000e00}
SourceProcessId: 7600
SourceThreadId: 6580
SourceImage: C:\Windows\System32\WindowsPowerShell\v1.0\powershell.EXE
TargetProcessGUID: {f995aebf-63b2-6942-1c05-000000000e00}
TargetProcessId: 3564
TargetImage: C:\Windows\system32\HOSTNAME.EXE
GrantedAccess: 0x1FFFFF
CallTrace: C:\Windows\SYSTEM32\ntdll.dll+1636d4|C:\Windows\System32\KERNELBASE.dll+96a8a|C:\Windows\System32\KERNELBASE.dll+940e6|C:\Windows\System32\KERNEL32.DLL+3c6d4|C:\Windows\assembly\NativeImages_v4.0.30319_64\System\22f4d83e48c2201947e262d4bca638b9\System.ni.dll+351876|C:\Windows\assembly\NativeImages_v4.0.30319_64\System\22f4d83e48c2201947e262d4bca638b9\System.ni.dll+2b3c89|C:\Windows\assembly\NativeImages_v4.0.30319_64\System\22f4d83e48c2201947e262d4bca638b9\System.ni.dll+2b35f9|C:\Windows\assembly\NativeImages_v4.0.30319_64\System.Manaa57fc8cc#\4a7766a1c9970ca229a03b7aa442caed\System.Management.Automation.ni.dll+11c64f9|C:\Windows\assembly\NativeImages_v4.0.30319_64\System.Manaa57fc8cc#\4a7766a1c9970ca229a03b7aa442caed\System.Management.Automation.ni.dll+10dabba|C:\Windows\assembly\NativeImages_v4.0.30319_64\System.Manaa57fc8cc#\4a7766a1c9970ca229a03b7aa442caed\System.Management.Automation.ni.dll+1187f2d|C:\Windows\assembly\NativeImages_v4.0.30319_64\System.Manaa57fc8cc#\4a7766a1c9970ca229a03b7aa442caed\System.Management.Automation.ni.dll+1187beb|C:\Windows\assembly\NativeImages_v4.0.30319_64\System.Manaa57fc8cc#\4a7766a1c9970ca229a03b7aa442caed\System.Management.Automation.ni.dll+125f1ff|UNKNOWN(00007FF991BD3401)
SourceUser: runnervm8j6r3\runneradmin
TargetUser: runnervm8j6r3\runneradmin"
"12/17/2025 8:02:58 AM","1","Process Create:
RuleName: ProcessCreate
UtcTime: 2025-12-17 08:02:58.889
ProcessGuid: {f995aebf-63b2-6942-1c05-000000000e00}
ProcessId: 3564
Image: C:\Windows\System32\HOSTNAME.EXE
FileVersion: 10.0.26100.2161 (WinBuild.160101.0800)
Description: Hostname APP
Product: Microsoft? Windows? Operating System
Company: Microsoft Corporation
OriginalFileName: hostname.exe
CommandLine: ""C:\Windows\system32\HOSTNAME.EXE""
CurrentDirectory: D:\a\sysmon\sysmon\
User: runnervm8j6r3\runneradmin
LogonGuid: {f995aebf-600e-6942-ddf0-0b0000000000}
LogonId: 0xBF0DD
TerminalSessionId: 2
IntegrityLevel: High
Hashes: SHA256=8FF283FB7A282A9B2B30235016669DFE795665BCBB254FD17AC31FA9308D89D9
ParentProcessGuid: {f995aebf-60f0-6942-4d02-000000000e00}
ParentProcessId: 7600
ParentImage: C:\Windows\System32\WindowsPowerShell\v1.0\powershell.exe
ParentCommandLine: ""C:\Windows\System32\WindowsPowerShell\v1.0\powershell.EXE"" -command "". 'D:\a\_temp\b5779890-c6d1-4d54-8cf1-6a4ae2edeb5c.ps1'""
ParentUser: runnervm8j6r3\runneradmin"
"12/17/2025 8:02:56 AM","19","WmiEventFilter activity detected:
RuleName: WmiEvent
EventType: WmiFilterEvent
UtcTime: 2025-12-17 08:02:56.037
Operation: Deleted
User: runnervm8j6r3\runneradmin
EventNamespace:  ""root\\CimV2""
Name:  ""AtomicRedTeam-WMIPersistence-ActiveScriptEventConsumer-Example""
Query:  ""SELECT * FROM __InstanceModificationEvent WITHIN 6"
"12/17/2025 8:02:56 AM","20","WmiEventConsumer activity detected:
RuleName: WmiEvent
EventType: WmiConsumerEvent
UtcTime: 2025-12-17 08:02:56.035
Operation: Deleted
User: runnervm8j6r3\runneradmin
Name:  ""AtomicRedTeam_consumer""
Type: Command Line
Destination:  ""cmd.exe"""
"12/17/2025 8:02:56 AM","21","WmiEventConsumerToFilter activity detected:
RuleName: WmiEvent
EventType: WmiBindingEvent
UtcTime: 2025-12-17 08:02:56.034
Operation: Deleted
User: runnervm8j6r3\runneradmin
Consumer:  ""\\\\.\\root\\subscription:CommandLineEventConsumer.Name=\""AtomicRedTeam_consumer\""""
Filter:  ""\\\\.\\root\\subscription:__EventFilter.Name=\""AtomicRedTeam_filter\"""""
"12/17/2025 8:02:55 AM","10","Process accessed:
RuleName: ProcessAccess
UtcTime: 2025-12-17 08:02:55.692
SourceProcessGUID: {f995aebf-60f0-6942-4d02-000000000e00}
SourceProcessId: 7600
SourceThreadId: 6580
SourceImage: C:\Windows\System32\WindowsPowerShell\v1.0\powershell.EXE
TargetProcessGUID: {f995aebf-63af-6942-1905-000000000e00}
TargetProcessId: 1272
TargetImage: C:\Windows\System32\WindowsPowerShell\v1.0\powershell.exe
GrantedAccess: 0x1FFFFF
CallTrace: C:\Windows\SYSTEM32\ntdll.dll+1636d4|C:\Windows\System32\KERNELBASE.dll+96a8a|C:\Windows\System32\KERNELBASE.dll+940e6|C:\Windows\System32\KERNEL32.DLL+3c6d4|C:\Windows\assembly\NativeImages_v4.0.30319_64\System\22f4d83e48c2201947e262d4bca638b9\System.ni.dll+351876|C:\Windows\assembly\NativeImages_v4.0.30319_64\System\22f4d83e48c2201947e262d4bca638b9\System.ni.dll+2b3c89|C:\Windows\assembly\NativeImages_v4.0.30319_64\System\22f4d83e48c2201947e262d4bca638b9\System.ni.dll+2b35f9|UNKNOWN(00007FF991FCB485)
SourceUser: runnervm8j6r3\runneradmin
TargetUser: runnervm8j6r3\runneradmin"
"12/17/2025 8:02:55 AM","1","Process Create:
RuleName: ProcessCreate
UtcTime: 2025-12-17 08:02:55.692
ProcessGuid: {f995aebf-63af-6942-1905-000000000e00}
ProcessId: 1272
Image: C:\Windows\System32\WindowsPowerShell\v1.0\powershell.exe
FileVersion: 10.0.26100.5074 (WinBuild.160101.0800)
Description: Windows PowerShell
Product: Microsoft? Windows? Operating System
Company: Microsoft Corporation
OriginalFileName: PowerShell.EXE
CommandLine: ""powershell.exe"" & {$EventConsumerToCleanup = Get-WmiObject -Namespace root/subscription -Class CommandLineEventConsumer -Filter \""""Name = 'AtomicRedTeam_consumer'\""""
$EventFilterToCleanup = Get-WmiObject -Namespace root/subscription -Class __EventFilter -Filter \""""Name = 'AtomicRedTeam_filter'\""""
$FilterConsumerBindingToCleanup = Get-WmiObject -Namespace root/subscription -Query \""""REFERENCES OF {$($EventConsumerToCleanup.__RELPATH)} WHERE ResultClass = __FilterToConsumerBinding\"""" -ErrorAction SilentlyContinue
$FilterConsumerBindingToCleanup | Remove-WmiObject
$EventConsumerToCleanup | Remove-WmiObject
$EventFilterToCleanup | Remove-WmiObject}
CurrentDirectory: C:\Users\RUNNER~1\AppData\Local\Temp\
User: runnervm8j6r3\runneradmin
LogonGuid: {f995aebf-600e-6942-ddf0-0b0000000000}
LogonId: 0xBF0DD
TerminalSessionId: 2
IntegrityLevel: High
Hashes: SHA256=0FF6F2C94BC7E2833A5F7E16DE1622E5DBA70396F31C7D5F56381870317E8C46
ParentProcessGuid: {f995aebf-60f0-6942-4d02-000000000e00}
ParentProcessId: 7600
ParentImage: C:\Windows\System32\WindowsPowerShell\v1.0\powershell.exe
ParentCommandLine: ""C:\Windows\System32\WindowsPowerShell\v1.0\powershell.EXE"" -command "". 'D:\a\_temp\b5779890-c6d1-4d54-8cf1-6a4ae2edeb5c.ps1'""
ParentUser: runnervm8j6r3\runneradmin"
"12/17/2025 8:02:55 AM","19","WmiEventFilter activity detected:
RuleName: WmiEvent
EventType: WmiFilterEvent
UtcTime: 2025-12-17 08:02:55.488
Operation: Deleted
User: runnervm8j6r3\runneradmin
EventNamespace:  ""root\\CimV2""
Name:  ""AtomicRedTeam-WMIPersistence-ActiveScriptEventConsumer-Example""
Query:  ""SELECT * FROM __InstanceModificationEvent WITHIN 60 WHERE TargetInstance ISA 'Win32_PerfFormattedData_PerfOS_System' AND TargetInstance.SystemUpTime >= 240 AND TargetInstance.SystemUpTime < 325"""
"12/17/2025 8:02:55 AM","20","WmiEventConsumer activity detected:
RuleName: WmiEvent
EventType: WmiConsumerEvent
UtcTime: 2025-12-17 08:02:55.486
Operation: Deleted
User: runnervm8j6r3\runneradmin
Name:  ""AtomicRedTeam-WMIPersistence-ActiveScriptEventConsumer-Example""
Type: Script
Destination:  ""\n Set objws = CreateObject(\""Wscript.Shell\"")\n objws.Run \""notepad.exe\"", 0, True\n """
"12/17/2025 8:02:55 AM","21","WmiEventConsumerToFilter activity detected:
RuleName: WmiEvent
EventType: WmiBindingEvent
UtcTime: 2025-12-17 08:02:55.486
Operation: Deleted
User: runnervm8j6r3\runneradmin
Consumer:  ""ActiveScriptEventConsumer.Name=\""AtomicRedTeam-WMIPersistence-ActiveScriptEventConsumer-Example\""""
Filter:  ""__EventFilter.Name=\""AtomicRedTeam-WMIPersistence-ActiveScriptEventConsumer-Example\"""""
"12/17/2025 8:02:55 AM","10","Process accessed:
RuleName: ProcessAccess
UtcTime: 2025-12-17 08:02:55.146
SourceProcessGUID: {f995aebf-60f0-6942-4d02-000000000e00}
SourceProcessId: 7600
SourceThreadId: 6580
SourceImage: C:\Windows\System32\WindowsPowerShell\v1.0\powershell.EXE
TargetProcessGUID: {f995aebf-63af-6942-1705-000000000e00}
TargetProcessId: 1592
TargetImage: C:\Windows\System32\WindowsPowerShell\v1.0\powershell.exe
GrantedAccess: 0x1FFFFF
CallTrace: C:\Windows\SYSTEM32\ntdll.dll+1636d4|C:\Windows\System32\KERNELBASE.dll+96a8a|C:\Windows\System32\KERNELBASE.dll+940e6|C:\Windows\System32\KERNEL32.DLL+3c6d4|C:\Windows\assembly\NativeImages_v4.0.30319_64\System\22f4d83e48c2201947e262d4bca638b9\System.ni.dll+351876|C:\Windows\assembly\NativeImages_v4.0.30319_64\System\22f4d83e48c2201947e262d4bca638b9\System.ni.dll+2b3c89|C:\Windows\assembly\NativeImages_v4.0.30319_64\System\22f4d83e48c2201947e262d4bca638b9\System.ni.dll+2b35f9|UNKNOWN(00007FF991FCB485)
SourceUser: runnervm8j6r3\runneradmin
TargetUser: runnervm8j6r3\runneradmin"
"12/17/2025 8:02:55 AM","1","Process Create:
RuleName: ProcessCreate
UtcTime: 2025-12-17 08:02:55.146
ProcessGuid: {f995aebf-63af-6942-1705-000000000e00}
ProcessId: 1592
Image: C:\Windows\System32\WindowsPowerShell\v1.0\powershell.exe
FileVersion: 10.0.26100.5074 (WinBuild.160101.0800)
Description: Windows PowerShell
Product: Microsoft? Windows? Operating System
Company: Microsoft Corporation
OriginalFileName: PowerShell.EXE
CommandLine: ""powershell.exe"" & {$EventConsumerToCleanup = Get-WmiObject -Namespace root/subscription -Class ActiveScriptEventConsumer -Filter \""""Name = 'AtomicRedTeam-WMIPersistence-ActiveScriptEventConsumer-Example'\""""
$EventFilterToCleanup = Get-WmiObject -Namespace root/subscription -Class __EventFilter -Filter \""""Name = 'AtomicRedTeam-WMIPersistence-ActiveScriptEventConsumer-Example'\""""
$FilterConsumerBindingToCleanup = Get-WmiObject -Namespace root/subscription -Query \""""REFERENCES OF {$($EventConsumerToCleanup.__RELPATH)} WHERE ResultClass = __FilterToConsumerBinding\"""" -ErrorAction SilentlyContinue
$FilterConsumerBindingToCleanup | Remove-WmiObject
$EventConsumerToCleanup | Remove-WmiObject
$EventFilterToCleanup | Remove-WmiObject}
CurrentDirectory: C:\Users\RUNNER~1\AppData\Local\Temp\
User: runnervm8j6r3\runneradmin
LogonGuid: {f995aebf-600e-6942-ddf0-0b0000000000}
LogonId: 0xBF0DD
TerminalSessionId: 2
IntegrityLevel: High
Hashes: SHA256=0FF6F2C94BC7E2833A5F7E16DE1622E5DBA70396F31C7D5F56381870317E8C46
ParentProcessGuid: {f995aebf-60f0-6942-4d02-000000000e00}
ParentProcessId: 7600
ParentImage: C:\Windows\System32\WindowsPowerShell\v1.0\powershell.exe
ParentCommandLine: ""C:\Windows\System32\WindowsPowerShell\v1.0\powershell.EXE"" -command "". 'D:\a\_temp\b5779890-c6d1-4d54-8cf1-6a4ae2edeb5c.ps1'""
ParentUser: runnervm8j6r3\runneradmin"
"12/17/2025 8:02:54 AM","19","WmiEventFilter activity detected:
RuleName: WmiEvent
EventType: WmiFilterEvent
UtcTime: 2025-12-17 08:02:54.938
Operation: Deleted
User: runnervm8j6r3\runneradmin
EventNamespace:  ""root\\CimV2""
Name:  ""AtomicRedTeam-WMIPersistence-CommandLineEventConsumer-Example""
Query:  ""SELECT * FROM __InstanceModificationEvent WITHIN 60 WHERE TargetInstance ISA 'Win32_PerfFormattedData_PerfOS_System' AND TargetInstance.SystemUpTime >= 240 AND TargetInstance.SystemUpTime < 325"""
"12/17/2025 8:02:54 AM","20","WmiEventConsumer activity detected:
RuleName: WmiEvent
EventType: WmiConsumerEvent
UtcTime: 2025-12-17 08:02:54.938
Operation: Deleted
User: runnervm8j6r3\runneradmin
Name:  ""AtomicRedTeam-WMIPersistence-CommandLineEventConsumer-Example""
Type: Command Line
Destination:  ""C:\\Windows\\System32\\notepad.exe"""
"12/17/2025 8:02:54 AM","21","WmiEventConsumerToFilter activity detected:
RuleName: WmiEvent
EventType: WmiBindingEvent
UtcTime: 2025-12-17 08:02:54.936
Operation: Deleted
User: runnervm8j6r3\runneradmin
Consumer:  ""\\\\.\\ROOT\\subscription:CommandLineEventConsumer.Name=\""AtomicRedTeam-WMIPersistence-CommandLineEventConsumer-Example\""""
Filter:  ""\\\\.\\ROOT\\subscription:__EventFilter.Name=\""AtomicRedTeam-WMIPersistence-CommandLineEventConsumer-Example\"""""
"12/17/2025 8:02:54 AM","10","Process accessed:
RuleName: ProcessAccess
UtcTime: 2025-12-17 08:02:54.591
SourceProcessGUID: {f995aebf-60f0-6942-4d02-000000000e00}
SourceProcessId: 7600
SourceThreadId: 6580
SourceImage: C:\Windows\System32\WindowsPowerShell\v1.0\powershell.EXE
TargetProcessGUID: {f995aebf-63ae-6942-1505-000000000e00}
TargetProcessId: 6628
TargetImage: C:\Windows\System32\WindowsPowerShell\v1.0\powershell.exe
GrantedAccess: 0x1FFFFF
CallTrace: C:\Windows\SYSTEM32\ntdll.dll+1636d4|C:\Windows\System32\KERNELBASE.dll+96a8a|C:\Windows\System32\KERNELBASE.dll+940e6|C:\Windows\System32\KERNEL32.DLL+3c6d4|C:\Windows\assembly\NativeImages_v4.0.30319_64\System\22f4d83e48c2201947e262d4bca638b9\System.ni.dll+351876|C:\Windows\assembly\NativeImages_v4.0.30319_64\System\22f4d83e48c2201947e262d4bca638b9\System.ni.dll+2b3c89|C:\Windows\assembly\NativeImages_v4.0.30319_64\System\22f4d83e48c2201947e262d4bca638b9\System.ni.dll+2b35f9|UNKNOWN(00007FF991FCB485)
SourceUser: runnervm8j6r3\runneradmin
TargetUser: runnervm8j6r3\runneradmin"
"12/17/2025 8:02:54 AM","1","Process Create:
RuleName: ProcessCreate
UtcTime: 2025-12-17 08:02:54.590
ProcessGuid: {f995aebf-63ae-6942-1505-000000000e00}
ProcessId: 6628
Image: C:\Windows\System32\WindowsPowerShell\v1.0\powershell.exe
FileVersion: 10.0.26100.5074 (WinBuild.160101.0800)
Description: Windows PowerShell
Product: Microsoft? Windows? Operating System
Company: Microsoft Corporation
OriginalFileName: PowerShell.EXE
CommandLine: ""powershell.exe"" & {$EventConsumerToCleanup = Get-WmiObject -Namespace root/subscription -Class CommandLineEventConsumer -Filter \""""Name = 'AtomicRedTeam-WMIPersistence-CommandLineEventConsumer-Example'\""""
$EventFilterToCleanup = Get-WmiObject -Namespace root/subscription -Class __EventFilter -Filter \""""Name = 'AtomicRedTeam-WMIPersistence-CommandLineEventConsumer-Example'\""""
$FilterConsumerBindingToCleanup = Get-WmiObject -Namespace root/subscription -Query \""""REFERENCES OF {$($EventConsumerToCleanup.__RELPATH)} WHERE ResultClass = __FilterToConsumerBinding\"""" -ErrorAction SilentlyContinue
$FilterConsumerBindingToCleanup | Remove-WmiObject
$EventConsumerToCleanup | Remove-WmiObject
$EventFilterToCleanup | Remove-WmiObject}
CurrentDirectory: C:\Users\RUNNER~1\AppData\Local\Temp\
User: runnervm8j6r3\runneradmin
LogonGuid: {f995aebf-600e-6942-ddf0-0b0000000000}
LogonId: 0xBF0DD
TerminalSessionId: 2
IntegrityLevel: High
Hashes: SHA256=0FF6F2C94BC7E2833A5F7E16DE1622E5DBA70396F31C7D5F56381870317E8C46
ParentProcessGuid: {f995aebf-60f0-6942-4d02-000000000e00}
ParentProcessId: 7600
ParentImage: C:\Windows\System32\WindowsPowerShell\v1.0\powershell.exe
ParentCommandLine: ""C:\Windows\System32\WindowsPowerShell\v1.0\powershell.EXE"" -command "". 'D:\a\_temp\b5779890-c6d1-4d54-8cf1-6a4ae2edeb5c.ps1'""
ParentUser: runnervm8j6r3\runneradmin"
"12/17/2025 8:02:54 AM","10","Process accessed:
RuleName: ProcessAccess
UtcTime: 2025-12-17 08:02:54.420
SourceProcessGUID: {f995aebf-60f0-6942-4d02-000000000e00}
SourceProcessId: 7600
SourceThreadId: 6580
SourceImage: C:\Windows\System32\WindowsPowerShell\v1.0\powershell.EXE
TargetProcessGUID: {f995aebf-63ae-6942-1405-000000000e00}
TargetProcessId: 2116
TargetImage: C:\Windows\system32\whoami.exe
GrantedAccess: 0x1FFFFF
CallTrace: C:\Windows\SYSTEM32\ntdll.dll+1636d4|C:\Windows\System32\KERNELBASE.dll+96a8a|C:\Windows\System32\KERNELBASE.dll+940e6|C:\Windows\System32\KERNEL32.DLL+3c6d4|C:\Windows\assembly\NativeImages_v4.0.30319_64\System\22f4d83e48c2201947e262d4bca638b9\System.ni.dll+351876|C:\Windows\assembly\NativeImages_v4.0.30319_64\System\22f4d83e48c2201947e262d4bca638b9\System.ni.dll+2b3c89|C:\Windows\assembly\NativeImages_v4.0.30319_64\System\22f4d83e48c2201947e262d4bca638b9\System.ni.dll+2b35f9|C:\Windows\assembly\NativeImages_v4.0.30319_64\System.Manaa57fc8cc#\4a7766a1c9970ca229a03b7aa442caed\System.Management.Automation.ni.dll+11c64f9|C:\Windows\assembly\NativeImages_v4.0.30319_64\System.Manaa57fc8cc#\4a7766a1c9970ca229a03b7aa442caed\System.Management.Automation.ni.dll+10dabba|C:\Windows\assembly\NativeImages_v4.0.30319_64\System.Manaa57fc8cc#\4a7766a1c9970ca229a03b7aa442caed\System.Management.Automation.ni.dll+1187f2d|C:\Windows\assembly\NativeImages_v4.0.30319_64\System.Manaa57fc8cc#\4a7766a1c9970ca229a03b7aa442caed\System.Management.Automation.ni.dll+1187beb|C:\Windows\assembly\NativeImages_v4.0.30319_64\System.Manaa57fc8cc#\4a7766a1c9970ca229a03b7aa442caed\System.Management.Automation.ni.dll+125f1ff|UNKNOWN(00007FF991BD3401)
SourceUser: runnervm8j6r3\runneradmin
TargetUser: runnervm8j6r3\runneradmin"
"12/17/2025 8:02:54 AM","1","Process Create:
RuleName: ProcessCreate
UtcTime: 2025-12-17 08:02:54.421
ProcessGuid: {f995aebf-63ae-6942-1405-000000000e00}
ProcessId: 2116
Image: C:\Windows\System32\whoami.exe
FileVersion: 10.0.26100.1882 (WinBuild.160101.0800)
Description: whoami - displays logged on user information
Product: Microsoft? Windows? Operating System
Company: Microsoft Corporation
OriginalFileName: whoami.exe
CommandLine: ""C:\Windows\system32\whoami.exe""
CurrentDirectory: D:\a\sysmon\sysmon\
User: runnervm8j6r3\runneradmin
LogonGuid: {f995aebf-600e-6942-ddf0-0b0000000000}
LogonId: 0xBF0DD
TerminalSessionId: 2
IntegrityLevel: High
Hashes: SHA256=23240EF9F8B0A9A324110B1C2331DE31DC1B0E08F5359CB707E51A939AF56CD3
ParentProcessGuid: {f995aebf-60f0-6942-4d02-000000000e00}
ParentProcessId: 7600
ParentImage: C:\Windows\System32\WindowsPowerShell\v1.0\powershell.exe
ParentCommandLine: ""C:\Windows\System32\WindowsPowerShell\v1.0\powershell.EXE"" -command "". 'D:\a\_temp\b5779890-c6d1-4d54-8cf1-6a4ae2edeb5c.ps1'""
ParentUser: runnervm8j6r3\runneradmin"
"12/17/2025 8:02:54 AM","10","Process accessed:
RuleName: ProcessAccess
UtcTime: 2025-12-17 08:02:54.401
SourceProcessGUID: {f995aebf-60f0-6942-4d02-000000000e00}
SourceProcessId: 7600
SourceThreadId: 6580
SourceImage: C:\Windows\System32\WindowsPowerShell\v1.0\powershell.EXE
TargetProcessGUID: {f995aebf-63ae-6942-1305-000000000e00}
TargetProcessId: 6624
TargetImage: C:\Windows\system32\HOSTNAME.EXE
GrantedAccess: 0x1FFFFF
CallTrace: C:\Windows\SYSTEM32\ntdll.dll+1636d4|C:\Windows\System32\KERNELBASE.dll+96a8a|C:\Windows\System32\KERNELBASE.dll+940e6|C:\Windows\System32\KERNEL32.DLL+3c6d4|C:\Windows\assembly\NativeImages_v4.0.30319_64\System\22f4d83e48c2201947e262d4bca638b9\System.ni.dll+351876|C:\Windows\assembly\NativeImages_v4.0.30319_64\System\22f4d83e48c2201947e262d4bca638b9\System.ni.dll+2b3c89|C:\Windows\assembly\NativeImages_v4.0.30319_64\System\22f4d83e48c2201947e262d4bca638b9\System.ni.dll+2b35f9|C:\Windows\assembly\NativeImages_v4.0.30319_64\System.Manaa57fc8cc#\4a7766a1c9970ca229a03b7aa442caed\System.Management.Automation.ni.dll+11c64f9|C:\Windows\assembly\NativeImages_v4.0.30319_64\System.Manaa57fc8cc#\4a7766a1c9970ca229a03b7aa442caed\System.Management.Automation.ni.dll+10dabba|C:\Windows\assembly\NativeImages_v4.0.30319_64\System.Manaa57fc8cc#\4a7766a1c9970ca229a03b7aa442caed\System.Management.Automation.ni.dll+1187f2d|C:\Windows\assembly\NativeImages_v4.0.30319_64\System.Manaa57fc8cc#\4a7766a1c9970ca229a03b7aa442caed\System.Management.Automation.ni.dll+1187beb|C:\Windows\assembly\NativeImages_v4.0.30319_64\System.Manaa57fc8cc#\4a7766a1c9970ca229a03b7aa442caed\System.Management.Automation.ni.dll+125f1ff|UNKNOWN(00007FF991BD3401)
SourceUser: runnervm8j6r3\runneradmin
TargetUser: runnervm8j6r3\runneradmin"
"12/17/2025 8:02:54 AM","1","Process Create:
RuleName: ProcessCreate
UtcTime: 2025-12-17 08:02:54.401
ProcessGuid: {f995aebf-63ae-6942-1305-000000000e00}
ProcessId: 6624
Image: C:\Windows\System32\HOSTNAME.EXE
FileVersion: 10.0.26100.2161 (WinBuild.160101.0800)
Description: Hostname APP
Product: Microsoft? Windows? Operating System
Company: Microsoft Corporation
OriginalFileName: hostname.exe
CommandLine: ""C:\Windows\system32\HOSTNAME.EXE""
CurrentDirectory: D:\a\sysmon\sysmon\
User: runnervm8j6r3\runneradmin
LogonGuid: {f995aebf-600e-6942-ddf0-0b0000000000}
LogonId: 0xBF0DD
TerminalSessionId: 2
IntegrityLevel: High
Hashes: SHA256=8FF283FB7A282A9B2B30235016669DFE795665BCBB254FD17AC31FA9308D89D9
ParentProcessGuid: {f995aebf-60f0-6942-4d02-000000000e00}
ParentProcessId: 7600
ParentImage: C:\Windows\System32\WindowsPowerShell\v1.0\powershell.exe
ParentCommandLine: ""C:\Windows\System32\WindowsPowerShell\v1.0\powershell.EXE"" -command "". 'D:\a\_temp\b5779890-c6d1-4d54-8cf1-6a4ae2edeb5c.ps1'""
ParentUser: runnervm8j6r3\runneradmin"
"12/17/2025 8:02:48 AM","11","File created:
RuleName: FileCreate
UtcTime: 2025-12-17 08:02:48.833
ProcessGuid: {f995aebf-63a8-6942-1205-000000000e00}
ProcessId: 708
Image: C:\windows\system32\wbem\mofcomp.exe
TargetFilename: C:\Windows\System32\wbem\AutoRecover\BE941EED73FA65C764857930E033B541.mof
CreationUtcTime: 2025-12-17 08:02:48.833
User: runnervm8j6r3\runneradmin"
"12/17/2025 8:02:48 AM","21","WmiEventConsumerToFilter activity detected:
RuleName: WmiEvent
EventType: WmiBindingEvent
UtcTime: 2025-12-17 08:02:48.827
Operation: Created
User: runnervm8j6r3\runneradmin
Consumer:  ""\\\\.\\root\\subscription:CommandLineEventConsumer.Name=\""AtomicRedTeam_consumer\""""
Filter:  ""\\\\.\\root\\subscription:__EventFilter.Name=\""AtomicRedTeam_filter\"""""
"12/17/2025 8:02:48 AM","19","WmiEventFilter activity detected:
RuleName: WmiEvent
EventType: WmiFilterEvent
UtcTime: 2025-12-17 08:02:48.824
Operation: Created
User: runnervm8j6r3\runneradmin
EventNamespace:  ""root\\subscription""
Name:  ""AtomicRedTeam_filter""
Query:  ""SELECT * FROM __InstanceCreationEvent Within 3 Where TargetInstance Isa \""Win32_Process\"" And Targetinstance.Name = \""notepad.exe\"" """
"12/17/2025 8:02:48 AM","20","WmiEventConsumer activity detected:
RuleName: WmiEvent
EventType: WmiConsumerEvent
UtcTime: 2025-12-17 08:02:48.822
Operation: Created
User: runnervm8j6r3\runneradmin
Name:  ""AtomicRedTeam_consumer""
Type: Command Line
Destination:  ""cmd.exe"""
"12/17/2025 8:02:48 AM","7","Image loaded:
RuleName: ImageLoad
UtcTime: 2025-12-17 08:02:48.809
ProcessGuid: {f995aebf-63a8-6942-1205-000000000e00}
ProcessId: 708
Image: C:\Windows\System32\wbem\mofcomp.exe
ImageLoaded: C:\ProgramData\Microsoft\Windows Defender\Platform\4.18.25110.5-0\MpClient.dll
FileVersion: 4.18.25110.5 (4a6978a838df7287d907bb2ee8a2eeb2373b186e)
Description: Client Interface
Product: Microsoft? Windows? Operating System
Company: Microsoft Corporation
OriginalFileName: mpclient.dll
Hashes: SHA256=F1CA293E6D05A500EB026529A27948B01B6467D0E9C20C6049101C2B2829B96A
Signed: true
Signature: Microsoft Windows
SignatureStatus: Valid
User: runnervm8j6r3\runneradmin"
"12/17/2025 8:02:48 AM","7","Image loaded:
RuleName: ImageLoad
UtcTime: 2025-12-17 08:02:48.804
ProcessGuid: {f995aebf-63a8-6942-1205-000000000e00}
ProcessId: 708
Image: C:\Windows\System32\wbem\mofcomp.exe
ImageLoaded: C:\ProgramData\Microsoft\Windows Defender\Platform\4.18.25110.5-0\MpOAV.dll
FileVersion: 4.18.25110.5 (4a6978a838df7287d907bb2ee8a2eeb2373b186e)
Description: IOfficeAntiVirus Module
Product: Microsoft? Windows? Operating System
Company: Microsoft Corporation
OriginalFileName: MpOAV.dll
Hashes: SHA256=0EF8AE9CC8E3722C0AE09B55531BBA2F2A3422CCF4A1BB9B37ABDB4808AAC232
Signed: true
Signature: Microsoft Windows
SignatureStatus: Valid
User: runnervm8j6r3\runneradmin"
"12/17/2025 8:02:48 AM","10","Process accessed:
RuleName: ProcessAccess
UtcTime: 2025-12-17 08:02:48.776
SourceProcessGUID: {f995aebf-63a8-6942-1005-000000000e00}
SourceProcessId: 6272
SourceThreadId: 8608
SourceImage: C:\Windows\System32\WindowsPowerShell\v1.0\powershell.exe
TargetProcessGUID: {f995aebf-63a8-6942-1205-000000000e00}
TargetProcessId: 708
TargetImage: C:\windows\system32\wbem\mofcomp.exe
GrantedAccess: 0x1FFFFF
CallTrace: C:\Windows\SYSTEM32\ntdll.dll+1636d4|C:\Windows\System32\KERNELBASE.dll+96a8a|C:\Windows\System32\KERNELBASE.dll+940e6|C:\Windows\System32\KERNEL32.DLL+3c6d4|C:\Windows\assembly\NativeImages_v4.0.30319_64\System\22f4d83e48c2201947e262d4bca638b9\System.ni.dll+351876|C:\Windows\assembly\NativeImages_v4.0.30319_64\System\22f4d83e48c2201947e262d4bca638b9\System.ni.dll+2b3c89|C:\Windows\assembly\NativeImages_v4.0.30319_64\System\22f4d83e48c2201947e262d4bca638b9\System.ni.dll+2b35f9|C:\Windows\assembly\NativeImages_v4.0.30319_64\System.Manaa57fc8cc#\4a7766a1c9970ca229a03b7aa442caed\System.Management.Automation.ni.dll+11c64f9|C:\Windows\assembly\NativeImages_v4.0.30319_64\System.Manaa57fc8cc#\4a7766a1c9970ca229a03b7aa442caed\System.Management.Automation.ni.dll+10dabba|C:\Windows\assembly\NativeImages_v4.0.30319_64\System.Manaa57fc8cc#\4a7766a1c9970ca229a03b7aa442caed\System.Management.Automation.ni.dll+1187f2d|C:\Windows\assembly\NativeImages_v4.0.30319_64\System.Manaa57fc8cc#\4a7766a1c9970ca229a03b7aa442caed\System.Management.Automation.ni.dll+1187beb|C:\Windows\assembly\NativeImages_v4.0.30319_64\System.Manaa57fc8cc#\4a7766a1c9970ca229a03b7aa442caed\System.Management.Automation.ni.dll+125f1ff|UNKNOWN(00007FF991BE3A51)
SourceUser: runnervm8j6r3\runneradmin
TargetUser: runnervm8j6r3\runneradmin"
"12/17/2025 8:02:48 AM","10","Process accessed:
RuleName: ProcessAccess
UtcTime: 2025-12-17 08:02:48.604
SourceProcessGUID: {f995aebf-60f0-6942-4d02-000000000e00}
SourceProcessId: 7600
SourceThreadId: 6580
SourceImage: C:\Windows\System32\WindowsPowerShell\v1.0\powershell.EXE
TargetProcessGUID: {f995aebf-63a8-6942-1005-000000000e00}
TargetProcessId: 6272
TargetImage: C:\Windows\System32\WindowsPowerShell\v1.0\powershell.exe
GrantedAccess: 0x1FFFFF
CallTrace: C:\Windows\SYSTEM32\ntdll.dll+1636d4|C:\Windows\System32\KERNELBASE.dll+96a8a|C:\Windows\System32\KERNELBASE.dll+940e6|C:\Windows\System32\KERNEL32.DLL+3c6d4|C:\Windows\assembly\NativeImages_v4.0.30319_64\System\22f4d83e48c2201947e262d4bca638b9\System.ni.dll+351876|C:\Windows\assembly\NativeImages_v4.0.30319_64\System\22f4d83e48c2201947e262d4bca638b9\System.ni.dll+2b3c89|C:\Windows\assembly\NativeImages_v4.0.30319_64\System\22f4d83e48c2201947e262d4bca638b9\System.ni.dll+2b35f9|UNKNOWN(00007FF991FCB485)
SourceUser: runnervm8j6r3\runneradmin
TargetUser: runnervm8j6r3\runneradmin"
"12/17/2025 8:02:48 AM","1","Process Create:
RuleName: ProcessCreate
UtcTime: 2025-12-17 08:02:48.604
ProcessGuid: {f995aebf-63a8-6942-1005-000000000e00}
ProcessId: 6272
Image: C:\Windows\System32\WindowsPowerShell\v1.0\powershell.exe
FileVersion: 10.0.26100.5074 (WinBuild.160101.0800)
Description: Windows PowerShell
Product: Microsoft? Windows? Operating System
Company: Microsoft Corporation
OriginalFileName: PowerShell.EXE
CommandLine: ""powershell.exe"" & {c:\windows\system32\wbem\mofcomp.exe \""""C:\AtomicRedTeam\atomics\T1546.003\src\T1546.003.mof\""""}
CurrentDirectory: C:\Users\RUNNER~1\AppData\Local\Temp\
User: runnervm8j6r3\runneradmin
LogonGuid: {f995aebf-600e-6942-ddf0-0b0000000000}
LogonId: 0xBF0DD
TerminalSessionId: 2
IntegrityLevel: High
Hashes: SHA256=0FF6F2C94BC7E2833A5F7E16DE1622E5DBA70396F31C7D5F56381870317E8C46
ParentProcessGuid: {f995aebf-60f0-6942-4d02-000000000e00}
ParentProcessId: 7600
ParentImage: C:\Windows\System32\WindowsPowerShell\v1.0\powershell.exe
ParentCommandLine: ""C:\Windows\System32\WindowsPowerShell\v1.0\powershell.EXE"" -command "". 'D:\a\_temp\b5779890-c6d1-4d54-8cf1-6a4ae2edeb5c.ps1'""
ParentUser: runnervm8j6r3\runneradmin"
"12/17/2025 8:02:48 AM","21","WmiEventConsumerToFilter activity detected:
RuleName: WmiEvent
EventType: WmiBindingEvent
UtcTime: 2025-12-17 08:02:48.369
Operation: Created
User: runnervm8j6r3\runneradmin
Consumer:  ""ActiveScriptEventConsumer.Name=\""AtomicRedTeam-WMIPersistence-ActiveScriptEventConsumer-Example\""""
Filter:  ""__EventFilter.Name=\""AtomicRedTeam-WMIPersistence-ActiveScriptEventConsumer-Example\"""""
