"12/17/2025 8:19:39 AM","10","Process accessed:
RuleName: ProcessAccess
UtcTime: 2025-12-17 08:19:39.456
SourceProcessGUID: {f995aebf-60f0-6942-4d02-000000000e00}
SourceProcessId: 7600
SourceThreadId: 6580
SourceImage: C:\Windows\System32\WindowsPowerShell\v1.0\powershell.EXE
TargetProcessGUID: {f995aebf-679b-6942-0207-000000000e00}
TargetProcessId: 7992
TargetImage: C:\Windows\SYSTEM32\cmd.exe
GrantedAccess: 0x1FFFFF
CallTrace: C:\Windows\SYSTEM32\ntdll.dll+1636d4|C:\Windows\System32\KERNELBASE.dll+96a8a|C:\Windows\System32\KERNELBASE.dll+940e6|C:\Windows\System32\KERNEL32.DLL+3c6d4|C:\Windows\assembly\NativeImages_v4.0.30319_64\System\22f4d83e48c2201947e262d4bca638b9\System.ni.dll+351876|C:\Windows\assembly\NativeImages_v4.0.30319_64\System\22f4d83e48c2201947e262d4bca638b9\System.ni.dll+2b3c89|C:\Windows\assembly\NativeImages_v4.0.30319_64\System\22f4d83e48c2201947e262d4bca638b9\System.ni.dll+2b35f9|UNKNOWN(00007FF991FCB485)
SourceUser: runnervm8j6r3\runneradmin
TargetUser: runnervm8j6r3\runneradmin"
"12/17/2025 8:19:39 AM","1","Process Create:
RuleName: ProcessCreate
UtcTime: 2025-12-17 08:19:39.458
ProcessGuid: {f995aebf-679b-6942-0207-000000000e00}
ProcessId: 7992
Image: C:\Windows\System32\cmd.exe
FileVersion: 10.0.26100.7019 (WinBuild.160101.0800)
Description: Windows Command Processor
Product: Microsoft? Windows? Operating System
Company: Microsoft Corporation
OriginalFileName: Cmd.Exe
CommandLine: ""cmd.exe"" /c rundll32.exe url.dll,FileProtocolHandler calc.exe
CurrentDirectory: C:\Users\RUNNER~1\AppData\Local\Temp\
User: runnervm8j6r3\runneradmin
LogonGuid: {f995aebf-600e-6942-ddf0-0b0000000000}
LogonId: 0xBF0DD
TerminalSessionId: 2
IntegrityLevel: High
Hashes: SHA256=9695CF4566DDF878A69C3D419E0DA4EEA87B0F24261AD8E79A3A9C4A9885429C
ParentProcessGuid: {f995aebf-60f0-6942-4d02-000000000e00}
ParentProcessId: 7600
ParentImage: C:\Windows\System32\WindowsPowerShell\v1.0\powershell.exe
ParentCommandLine: ""C:\Windows\System32\WindowsPowerShell\v1.0\powershell.EXE"" -command "". 'D:\a\_temp\b5779890-c6d1-4d54-8cf1-6a4ae2edeb5c.ps1'""
ParentUser: runnervm8j6r3\runneradmin"
"12/17/2025 8:19:39 AM","10","Process accessed:
RuleName: ProcessAccess
UtcTime: 2025-12-17 08:19:39.300
SourceProcessGUID: {f995aebf-5ff2-6942-1200-000000000e00}
SourceProcessId: 1148
SourceThreadId: 6736
SourceImage: C:\Windows\system32\svchost.exe
TargetProcessGUID: {f995aebf-5ff1-6942-0d00-000000000e00}
TargetProcessId: 992
TargetImage: C:\Windows\system32\lsass.exe
GrantedAccess: 0x1000
CallTrace: C:\Windows\SYSTEM32\ntdll.dll+162184|C:\Windows\System32\KERNELBASE.dll+c464b|c:\windows\system32\lsm.dll+f406|c:\windows\system32\lsm.dll+ee2d|C:\Windows\System32\RPCRT4.dll+d3663|C:\Windows\System32\RPCRT4.dll+d570e|C:\Windows\System32\RPCRT4.dll+8a1ec|C:\Windows\System32\RPCRT4.dll+880f7|C:\Windows\System32\RPCRT4.dll+51ab4|C:\Windows\System32\RPCRT4.dll+52ac8|C:\Windows\System32\RPCRT4.dll+3fc54|C:\Windows\System32\RPCRT4.dll+5001c|C:\Windows\System32\RPCRT4.dll+5601c|C:\Windows\System32\RPCRT4.dll+551a3|C:\Windows\System32\RPCRT4.dll+54148|C:\Windows\SYSTEM32\ntdll.dll+77ffe|C:\Windows\SYSTEM32\ntdll.dll+76123|C:\Windows\System32\KERNEL32.DLL+2e8d7|C:\Windows\SYSTEM32\ntdll.dll+8c53c
SourceUser: NT AUTHORITY\SYSTEM
TargetUser: NT AUTHORITY\SYSTEM"
"12/17/2025 8:19:39 AM","10","Process accessed:
RuleName: ProcessAccess
UtcTime: 2025-12-17 08:19:39.300
SourceProcessGUID: {f995aebf-5ff2-6942-1200-000000000e00}
SourceProcessId: 1148
SourceThreadId: 6736
SourceImage: C:\Windows\system32\svchost.exe
TargetProcessGUID: {f995aebf-5ff1-6942-0d00-000000000e00}
TargetProcessId: 992
TargetImage: C:\Windows\system32\lsass.exe
GrantedAccess: 0x1000
CallTrace: C:\Windows\SYSTEM32\ntdll.dll+162184|C:\Windows\System32\KERNELBASE.dll+c464b|c:\windows\system32\lsm.dll+ed09|C:\Windows\System32\RPCRT4.dll+d3663|C:\Windows\System32\RPCRT4.dll+d570e|C:\Windows\System32\RPCRT4.dll+8a1ec|C:\Windows\System32\RPCRT4.dll+880f7|C:\Windows\System32\RPCRT4.dll+51ab4|C:\Windows\System32\RPCRT4.dll+52ac8|C:\Windows\System32\RPCRT4.dll+3fc54|C:\Windows\System32\RPCRT4.dll+5001c|C:\Windows\System32\RPCRT4.dll+5601c|C:\Windows\System32\RPCRT4.dll+551a3|C:\Windows\System32\RPCRT4.dll+54148|C:\Windows\SYSTEM32\ntdll.dll+77ffe|C:\Windows\SYSTEM32\ntdll.dll+76123|C:\Windows\System32\KERNEL32.DLL+2e8d7|C:\Windows\SYSTEM32\ntdll.dll+8c53c
SourceUser: NT AUTHORITY\SYSTEM
TargetUser: NT AUTHORITY\SYSTEM"
"12/17/2025 8:19:39 AM","10","Process accessed:
RuleName: ProcessAccess
UtcTime: 2025-12-17 08:19:39.154
SourceProcessGUID: {f995aebf-679a-6942-0107-000000000e00}
SourceProcessId: 6572
SourceThreadId: 6836
SourceImage: C:\Windows\system32\wbem\wmiprvse.exe
TargetProcessGUID: {f995aebf-5ff1-6942-0d00-000000000e00}
TargetProcessId: 992
TargetImage: C:\Windows\system32\lsass.exe
GrantedAccess: 0x1410
CallTrace: C:\Windows\SYSTEM32\ntdll.dll+162184|C:\Windows\System32\KERNELBASE.dll+3fba6|C:\Windows\system32\wbem\cimwin32.dll+11d96|C:\Windows\system32\wbem\cimwin32.dll+115cd|C:\Windows\SYSTEM32\framedynos.dll+d626|C:\Windows\system32\wbem\wmiprvse.exe+8ca9|C:\Windows\system32\wbem\wmiprvse.exe+8338|C:\Windows\System32\RPCRT4.dll+d3663|C:\Windows\System32\RPCRT4.dll+174bd|C:\Windows\System32\combase.dll+9ac7f|C:\Windows\System32\RPCRT4.dll+6cd16|C:\Windows\System32\combase.dll+9ab62|C:\Windows\System32\combase.dll+9a0d6|C:\Windows\System32\combase.dll+99721|C:\Windows\System32\combase.dll+1095d6|C:\Windows\System32\combase.dll+6f51a|C:\Windows\System32\combase.dll+74988|C:\Windows\System32\combase.dll+a40d3|C:\Windows\System32\RPCRT4.dll+880f7|C:\Windows\System32\RPCRT4.dll+51ab4|C:\Windows\System32\RPCRT4.dll+5287a|C:\Windows\System32\RPCRT4.dll+3fc54|C:\Windows\System32\RPCRT4.dll+5001c|C:\Windows\System32\RPCRT4.dll+5601c
SourceUser: NT AUTHORITY\NETWORK SERVICE
TargetUser: NT AUTHORITY\SYSTEM"
"12/17/2025 8:19:39 AM","10","Process accessed:
RuleName: ProcessAccess
UtcTime: 2025-12-17 08:19:39.098
SourceProcessGUID: {f995aebf-679a-6942-0107-000000000e00}
SourceProcessId: 6572
SourceThreadId: 6836
SourceImage: C:\Windows\system32\wbem\wmiprvse.exe
TargetProcessGUID: {f995aebf-5ff1-6942-0d00-000000000e00}
TargetProcessId: 992
TargetImage: C:\Windows\system32\lsass.exe
GrantedAccess: 0x1410
CallTrace: C:\Windows\SYSTEM32\ntdll.dll+162184|C:\Windows\System32\KERNELBASE.dll+3fba6|C:\Windows\system32\wbem\cimwin32.dll+11d96|C:\Windows\system32\wbem\cimwin32.dll+115cd|C:\Windows\SYSTEM32\framedynos.dll+d626|C:\Windows\system32\wbem\wmiprvse.exe+8ca9|C:\Windows\system32\wbem\wmiprvse.exe+8338|C:\Windows\System32\RPCRT4.dll+d3663|C:\Windows\System32\RPCRT4.dll+174bd|C:\Windows\System32\combase.dll+9ac7f|C:\Windows\System32\RPCRT4.dll+6cd16|C:\Windows\System32\combase.dll+9ab62|C:\Windows\System32\combase.dll+9a0d6|C:\Windows\System32\combase.dll+99721|C:\Windows\System32\combase.dll+1095d6|C:\Windows\System32\combase.dll+6f51a|C:\Windows\System32\combase.dll+74988|C:\Windows\System32\combase.dll+a40d3|C:\Windows\System32\RPCRT4.dll+880f7|C:\Windows\System32\RPCRT4.dll+51ab4|C:\Windows\System32\RPCRT4.dll+5287a|C:\Windows\System32\RPCRT4.dll+3fc54|C:\Windows\System32\RPCRT4.dll+5001c|C:\Windows\System32\RPCRT4.dll+5601c
SourceUser: NT AUTHORITY\NETWORK SERVICE
TargetUser: NT AUTHORITY\SYSTEM"
"12/17/2025 8:19:39 AM","10","Process accessed:
RuleName: ProcessAccess
UtcTime: 2025-12-17 08:19:39.039
SourceProcessGUID: {f995aebf-679a-6942-0107-000000000e00}
SourceProcessId: 6572
SourceThreadId: 6836
SourceImage: C:\Windows\system32\wbem\wmiprvse.exe
TargetProcessGUID: {f995aebf-5ff1-6942-0d00-000000000e00}
TargetProcessId: 992
TargetImage: C:\Windows\system32\lsass.exe
GrantedAccess: 0x1410
CallTrace: C:\Windows\SYSTEM32\ntdll.dll+162184|C:\Windows\System32\KERNELBASE.dll+3fba6|C:\Windows\system32\wbem\cimwin32.dll+11d96|C:\Windows\system32\wbem\cimwin32.dll+115cd|C:\Windows\SYSTEM32\framedynos.dll+d626|C:\Windows\system32\wbem\wmiprvse.exe+8ca9|C:\Windows\system32\wbem\wmiprvse.exe+8338|C:\Windows\System32\RPCRT4.dll+d3663|C:\Windows\System32\RPCRT4.dll+174bd|C:\Windows\System32\combase.dll+9ac7f|C:\Windows\System32\RPCRT4.dll+6cd16|C:\Windows\System32\combase.dll+9ab62|C:\Windows\System32\combase.dll+9a0d6|C:\Windows\System32\combase.dll+99721|C:\Windows\System32\combase.dll+1095d6|C:\Windows\System32\combase.dll+6f51a|C:\Windows\System32\combase.dll+74988|C:\Windows\System32\combase.dll+a40d3|C:\Windows\System32\RPCRT4.dll+880f7|C:\Windows\System32\RPCRT4.dll+51ab4|C:\Windows\System32\RPCRT4.dll+5287a|C:\Windows\System32\RPCRT4.dll+3fc54|C:\Windows\System32\RPCRT4.dll+5001c|C:\Windows\System32\RPCRT4.dll+5601c
SourceUser: NT AUTHORITY\NETWORK SERVICE
TargetUser: NT AUTHORITY\SYSTEM"
"12/17/2025 8:19:38 AM","10","Process accessed:
RuleName: ProcessAccess
UtcTime: 2025-12-17 08:19:38.969
SourceProcessGUID: {f995aebf-679a-6942-0107-000000000e00}
SourceProcessId: 6572
SourceThreadId: 6836
SourceImage: C:\Windows\system32\wbem\wmiprvse.exe
TargetProcessGUID: {f995aebf-5ff1-6942-0d00-000000000e00}
TargetProcessId: 992
TargetImage: C:\Windows\system32\lsass.exe
GrantedAccess: 0x1410
CallTrace: C:\Windows\SYSTEM32\ntdll.dll+162184|C:\Windows\System32\KERNELBASE.dll+3fba6|C:\Windows\system32\wbem\cimwin32.dll+11d96|C:\Windows\system32\wbem\cimwin32.dll+115cd|C:\Windows\SYSTEM32\framedynos.dll+d626|C:\Windows\system32\wbem\wmiprvse.exe+8ca9|C:\Windows\system32\wbem\wmiprvse.exe+8338|C:\Windows\System32\RPCRT4.dll+d3663|C:\Windows\System32\RPCRT4.dll+174bd|C:\Windows\System32\combase.dll+9ac7f|C:\Windows\System32\RPCRT4.dll+6cd16|C:\Windows\System32\combase.dll+9ab62|C:\Windows\System32\combase.dll+9a0d6|C:\Windows\System32\combase.dll+99721|C:\Windows\System32\combase.dll+1095d6|C:\Windows\System32\combase.dll+6f51a|C:\Windows\System32\combase.dll+74988|C:\Windows\System32\combase.dll+a40d3|C:\Windows\System32\RPCRT4.dll+880f7|C:\Windows\System32\RPCRT4.dll+51ab4|C:\Windows\System32\RPCRT4.dll+5287a|C:\Windows\System32\RPCRT4.dll+3fc54|C:\Windows\System32\RPCRT4.dll+5001c|C:\Windows\System32\RPCRT4.dll+5601c
SourceUser: NT AUTHORITY\NETWORK SERVICE
TargetUser: NT AUTHORITY\SYSTEM"
"12/17/2025 8:19:38 AM","10","Process accessed:
RuleName: ProcessAccess
UtcTime: 2025-12-17 08:19:38.900
SourceProcessGUID: {f995aebf-679a-6942-0107-000000000e00}
SourceProcessId: 6572
SourceThreadId: 6836
SourceImage: C:\Windows\system32\wbem\wmiprvse.exe
TargetProcessGUID: {f995aebf-5ff1-6942-0d00-000000000e00}
TargetProcessId: 992
TargetImage: C:\Windows\system32\lsass.exe
GrantedAccess: 0x1410
CallTrace: C:\Windows\SYSTEM32\ntdll.dll+162184|C:\Windows\System32\KERNELBASE.dll+3fba6|C:\Windows\system32\wbem\cimwin32.dll+11d96|C:\Windows\system32\wbem\cimwin32.dll+115cd|C:\Windows\SYSTEM32\framedynos.dll+d626|C:\Windows\system32\wbem\wmiprvse.exe+8ca9|C:\Windows\system32\wbem\wmiprvse.exe+8338|C:\Windows\System32\RPCRT4.dll+d3663|C:\Windows\System32\RPCRT4.dll+174bd|C:\Windows\System32\combase.dll+9ac7f|C:\Windows\System32\RPCRT4.dll+6cd16|C:\Windows\System32\combase.dll+9ab62|C:\Windows\System32\combase.dll+9a0d6|C:\Windows\System32\combase.dll+99721|C:\Windows\System32\combase.dll+1095d6|C:\Windows\System32\combase.dll+6f51a|C:\Windows\System32\combase.dll+74988|C:\Windows\System32\combase.dll+a40d3|C:\Windows\System32\RPCRT4.dll+880f7|C:\Windows\System32\RPCRT4.dll+51ab4|C:\Windows\System32\RPCRT4.dll+5287a|C:\Windows\System32\RPCRT4.dll+3fc54|C:\Windows\System32\RPCRT4.dll+5001c|C:\Windows\System32\RPCRT4.dll+5601c
SourceUser: NT AUTHORITY\NETWORK SERVICE
TargetUser: NT AUTHORITY\SYSTEM"
"12/17/2025 8:19:38 AM","10","Process accessed:
RuleName: ProcessAccess
UtcTime: 2025-12-17 08:19:38.842
SourceProcessGUID: {f995aebf-679a-6942-0107-000000000e00}
SourceProcessId: 6572
SourceThreadId: 6836
SourceImage: C:\Windows\system32\wbem\wmiprvse.exe
TargetProcessGUID: {f995aebf-5ff1-6942-0d00-000000000e00}
TargetProcessId: 992
TargetImage: C:\Windows\system32\lsass.exe
GrantedAccess: 0x1410
CallTrace: C:\Windows\SYSTEM32\ntdll.dll+162184|C:\Windows\System32\KERNELBASE.dll+3fba6|C:\Windows\system32\wbem\cimwin32.dll+11d96|C:\Windows\system32\wbem\cimwin32.dll+115cd|C:\Windows\SYSTEM32\framedynos.dll+d626|C:\Windows\system32\wbem\wmiprvse.exe+8ca9|C:\Windows\system32\wbem\wmiprvse.exe+8338|C:\Windows\System32\RPCRT4.dll+d3663|C:\Windows\System32\RPCRT4.dll+174bd|C:\Windows\System32\combase.dll+9ac7f|C:\Windows\System32\RPCRT4.dll+6cd16|C:\Windows\System32\combase.dll+9ab62|C:\Windows\System32\combase.dll+9a0d6|C:\Windows\System32\combase.dll+99721|C:\Windows\System32\combase.dll+1095d6|C:\Windows\System32\combase.dll+6f51a|C:\Windows\System32\combase.dll+74988|C:\Windows\System32\combase.dll+a40d3|C:\Windows\System32\RPCRT4.dll+880f7|C:\Windows\System32\RPCRT4.dll+51ab4|C:\Windows\System32\RPCRT4.dll+5287a|C:\Windows\System32\RPCRT4.dll+3fc54|C:\Windows\System32\RPCRT4.dll+5001c|C:\Windows\System32\RPCRT4.dll+5601c
SourceUser: NT AUTHORITY\NETWORK SERVICE
TargetUser: NT AUTHORITY\SYSTEM"
"12/17/2025 8:19:38 AM","10","Process accessed:
RuleName: ProcessAccess
UtcTime: 2025-12-17 08:19:38.783
SourceProcessGUID: {f995aebf-679a-6942-0107-000000000e00}
SourceProcessId: 6572
SourceThreadId: 6836
SourceImage: C:\Windows\system32\wbem\wmiprvse.exe
TargetProcessGUID: {f995aebf-5ff1-6942-0d00-000000000e00}
TargetProcessId: 992
TargetImage: C:\Windows\system32\lsass.exe
GrantedAccess: 0x1410
CallTrace: C:\Windows\SYSTEM32\ntdll.dll+162184|C:\Windows\System32\KERNELBASE.dll+3fba6|C:\Windows\system32\wbem\cimwin32.dll+11d96|C:\Windows\system32\wbem\cimwin32.dll+115cd|C:\Windows\SYSTEM32\framedynos.dll+d626|C:\Windows\system32\wbem\wmiprvse.exe+8ca9|C:\Windows\system32\wbem\wmiprvse.exe+8338|C:\Windows\System32\RPCRT4.dll+d3663|C:\Windows\System32\RPCRT4.dll+174bd|C:\Windows\System32\combase.dll+9ac7f|C:\Windows\System32\RPCRT4.dll+6cd16|C:\Windows\System32\combase.dll+9ab62|C:\Windows\System32\combase.dll+9a0d6|C:\Windows\System32\combase.dll+99721|C:\Windows\System32\combase.dll+1095d6|C:\Windows\System32\combase.dll+6f51a|C:\Windows\System32\combase.dll+74988|C:\Windows\System32\combase.dll+a40d3|C:\Windows\System32\RPCRT4.dll+880f7|C:\Windows\System32\RPCRT4.dll+51ab4|C:\Windows\System32\RPCRT4.dll+5287a|C:\Windows\System32\RPCRT4.dll+3fc54|C:\Windows\System32\RPCRT4.dll+5001c|C:\Windows\System32\RPCRT4.dll+5601c
SourceUser: NT AUTHORITY\NETWORK SERVICE
TargetUser: NT AUTHORITY\SYSTEM"
"12/17/2025 8:19:38 AM","10","Process accessed:
RuleName: ProcessAccess
UtcTime: 2025-12-17 08:19:38.721
SourceProcessGUID: {f995aebf-679a-6942-0107-000000000e00}
SourceProcessId: 6572
SourceThreadId: 6836
SourceImage: C:\Windows\system32\wbem\wmiprvse.exe
TargetProcessGUID: {f995aebf-5ff1-6942-0d00-000000000e00}
TargetProcessId: 992
TargetImage: C:\Windows\system32\lsass.exe
GrantedAccess: 0x1410
CallTrace: C:\Windows\SYSTEM32\ntdll.dll+162184|C:\Windows\System32\KERNELBASE.dll+3fba6|C:\Windows\system32\wbem\cimwin32.dll+11d96|C:\Windows\system32\wbem\cimwin32.dll+115cd|C:\Windows\SYSTEM32\framedynos.dll+d626|C:\Windows\system32\wbem\wmiprvse.exe+8ca9|C:\Windows\system32\wbem\wmiprvse.exe+8338|C:\Windows\System32\RPCRT4.dll+d3663|C:\Windows\System32\RPCRT4.dll+174bd|C:\Windows\System32\combase.dll+9ac7f|C:\Windows\System32\RPCRT4.dll+6cd16|C:\Windows\System32\combase.dll+9ab62|C:\Windows\System32\combase.dll+9a0d6|C:\Windows\System32\combase.dll+99721|C:\Windows\System32\combase.dll+1095d6|C:\Windows\System32\combase.dll+6f51a|C:\Windows\System32\combase.dll+74988|C:\Windows\System32\combase.dll+a40d3|C:\Windows\System32\RPCRT4.dll+880f7|C:\Windows\System32\RPCRT4.dll+51ab4|C:\Windows\System32\RPCRT4.dll+5287a|C:\Windows\System32\RPCRT4.dll+3fc54|C:\Windows\System32\RPCRT4.dll+5001c|C:\Windows\System32\RPCRT4.dll+5601c
SourceUser: NT AUTHORITY\NETWORK SERVICE
TargetUser: NT AUTHORITY\SYSTEM"
"12/17/2025 8:19:38 AM","1","Process Create:
RuleName: ProcessCreate
UtcTime: 2025-12-17 08:19:38.675
ProcessGuid: {f995aebf-679a-6942-0107-000000000e00}
ProcessId: 6572
Image: C:\Windows\System32\wbem\WmiPrvSE.exe
FileVersion: 10.0.26100.7019 (WinBuild.160101.0800)
Description: WMI Provider Host
Product: Microsoft? Windows? Operating System
Company: Microsoft Corporation
OriginalFileName: Wmiprvse.exe
CommandLine: C:\Windows\system32\wbem\wmiprvse.exe -secured -Embedding
CurrentDirectory: C:\Windows\system32\
User: NT AUTHORITY\NETWORK SERVICE
LogonGuid: {f995aebf-5ff2-6942-e403-000000000000}
LogonId: 0x3E4
TerminalSessionId: 0
IntegrityLevel: System
Hashes: SHA256=240C985EED57DEE92E0415F86CE67439E24179EA3281D57A395A90E92F6844D5
ParentProcessGuid: {f995aebf-5ff2-6942-0e00-000000000e00}
ParentProcessId: 512
ParentImage: C:\Windows\System32\svchost.exe
ParentCommandLine: C:\Windows\system32\svchost.exe -k DcomLaunch -p
ParentUser: NT AUTHORITY\SYSTEM"
"12/17/2025 8:19:38 AM","10","Process accessed:
RuleName: ProcessAccess
UtcTime: 2025-12-17 08:19:38.673
SourceProcessGUID: {f995aebf-5ff2-6942-1200-000000000e00}
SourceProcessId: 1148
SourceThreadId: 6736
SourceImage: C:\Windows\system32\svchost.exe
TargetProcessGUID: {f995aebf-5ff1-6942-0d00-000000000e00}
TargetProcessId: 992
TargetImage: C:\Windows\system32\lsass.exe
GrantedAccess: 0x1000
CallTrace: C:\Windows\SYSTEM32\ntdll.dll+162184|C:\Windows\System32\KERNELBASE.dll+c464b|c:\windows\system32\lsm.dll+f406|c:\windows\system32\lsm.dll+ee2d|C:\Windows\System32\RPCRT4.dll+d3663|C:\Windows\System32\RPCRT4.dll+d570e|C:\Windows\System32\RPCRT4.dll+8a1ec|C:\Windows\System32\RPCRT4.dll+880f7|C:\Windows\System32\RPCRT4.dll+51ab4|C:\Windows\System32\RPCRT4.dll+52ac8|C:\Windows\System32\RPCRT4.dll+3fc54|C:\Windows\System32\RPCRT4.dll+5001c|C:\Windows\System32\RPCRT4.dll+5601c|C:\Windows\System32\RPCRT4.dll+551a3|C:\Windows\System32\RPCRT4.dll+54148|C:\Windows\SYSTEM32\ntdll.dll+77ffe|C:\Windows\SYSTEM32\ntdll.dll+76123|C:\Windows\System32\KERNEL32.DLL+2e8d7|C:\Windows\SYSTEM32\ntdll.dll+8c53c
SourceUser: NT AUTHORITY\SYSTEM
TargetUser: NT AUTHORITY\SYSTEM"
"12/17/2025 8:19:38 AM","10","Process accessed:
RuleName: ProcessAccess
UtcTime: 2025-12-17 08:19:38.673
SourceProcessGUID: {f995aebf-5ff2-6942-1200-000000000e00}
SourceProcessId: 1148
SourceThreadId: 6736
SourceImage: C:\Windows\system32\svchost.exe
TargetProcessGUID: {f995aebf-5ff1-6942-0d00-000000000e00}
TargetProcessId: 992
TargetImage: C:\Windows\system32\lsass.exe
GrantedAccess: 0x1000
CallTrace: C:\Windows\SYSTEM32\ntdll.dll+162184|C:\Windows\System32\KERNELBASE.dll+c464b|c:\windows\system32\lsm.dll+ed09|C:\Windows\System32\RPCRT4.dll+d3663|C:\Windows\System32\RPCRT4.dll+d570e|C:\Windows\System32\RPCRT4.dll+8a1ec|C:\Windows\System32\RPCRT4.dll+880f7|C:\Windows\System32\RPCRT4.dll+51ab4|C:\Windows\System32\RPCRT4.dll+52ac8|C:\Windows\System32\RPCRT4.dll+3fc54|C:\Windows\System32\RPCRT4.dll+5001c|C:\Windows\System32\RPCRT4.dll+5601c|C:\Windows\System32\RPCRT4.dll+551a3|C:\Windows\System32\RPCRT4.dll+54148|C:\Windows\SYSTEM32\ntdll.dll+77ffe|C:\Windows\SYSTEM32\ntdll.dll+76123|C:\Windows\System32\KERNEL32.DLL+2e8d7|C:\Windows\SYSTEM32\ntdll.dll+8c53c
SourceUser: NT AUTHORITY\SYSTEM
TargetUser: NT AUTHORITY\SYSTEM"
"12/17/2025 8:17:40 AM","7","Image loaded:
RuleName: ImageLoad
UtcTime: 2025-12-17 08:17:40.727
ProcessGuid: {f995aebf-6722-6942-f806-000000000e00}
ProcessId: 6092
Image: C:\Windows\SysWOW64\rundll32.exe
ImageLoaded: C:\ProgramData\Microsoft\Windows Defender\Platform\4.18.25110.5-0\X86\MpClient.dll
FileVersion: 4.18.25110.5 (4a6978a838df7287d907bb2ee8a2eeb2373b186e)
Description: Client Interface
Product: Microsoft? Windows? Operating System
Company: Microsoft Corporation
OriginalFileName: mpclient.dll
Hashes: SHA256=DBF7C626F1B93BDFDEC7C06A9788F1738990C2600116C3A488D4708B971C70CE
Signed: true
Signature: Microsoft Windows
SignatureStatus: Valid
User: runnervm8j6r3\runneradmin"
"12/17/2025 8:17:40 AM","7","Image loaded:
RuleName: ImageLoad
UtcTime: 2025-12-17 08:17:40.725
ProcessGuid: {f995aebf-6722-6942-f806-000000000e00}
ProcessId: 6092
Image: C:\Windows\SysWOW64\rundll32.exe
ImageLoaded: C:\ProgramData\Microsoft\Windows Defender\Platform\4.18.25110.5-0\X86\MpOAV.dll
FileVersion: 4.18.25110.5 (4a6978a838df7287d907bb2ee8a2eeb2373b186e)
Description: IOfficeAntiVirus Module
Product: Microsoft? Windows? Operating System
Company: Microsoft Corporation
OriginalFileName: MpOAV.dll
Hashes: SHA256=198AE161365EA2EF37A85E22F660096D84EFC55EAAD0833C9FF451E62A05CAAA
Signed: true
Signature: Microsoft Windows
SignatureStatus: Valid
User: runnervm8j6r3\runneradmin"
"12/17/2025 8:17:39 AM","7","Image loaded:
RuleName: ImageLoad
UtcTime: 2025-12-17 08:17:39.170
ProcessGuid: {f995aebf-6722-6942-f806-000000000e00}
ProcessId: 6092
Image: C:\Windows\SysWOW64\rundll32.exe
ImageLoaded: C:\Windows\assembly\NativeImages_v4.0.30319_32\System.Manaa57fc8cc#\70a3ec601a04bf4d71dce8aac49326f9\System.Management.Automation.ni.dll
FileVersion: 10.0.26100.7019
Description: System.Management.Automation
Product: Microsoft (R) Windows (R) Operating System
Company: Microsoft Corporation
OriginalFileName: System.Management.Automation.dll
Hashes: SHA256=0C6D8DAFA74ABE74A83219359D9FFE2EED1BC3C9F57957BB35DEB6F30222DBA7
Signed: false
Signature: -
SignatureStatus: Unavailable
User: runnervm8j6r3\runneradmin"
"12/17/2025 8:17:38 AM","1","Process Create:
RuleName: ProcessCreate
UtcTime: 2025-12-17 08:17:38.700
ProcessGuid: {f995aebf-6722-6942-f806-000000000e00}
ProcessId: 6092
Image: C:\Windows\SysWOW64\rundll32.exe
FileVersion: 10.0.26100.7019 (WinBuild.160101.0800)
Description: Windows host process (Rundll32)
Product: Microsoft? Windows? Operating System
Company: Microsoft Corporation
OriginalFileName: RUNDLL32.EXE
CommandLine: rundll32.exe  C:\AtomicRedTeam\atomics\T1218.011\bin\_WT.init,krnl
CurrentDirectory: C:\Users\RUNNER~1\AppData\Local\Temp\
User: runnervm8j6r3\runneradmin
LogonGuid: {f995aebf-600e-6942-ddf0-0b0000000000}
LogonId: 0xBF0DD
TerminalSessionId: 2
IntegrityLevel: High
Hashes: SHA256=99A52AF5309B6E8D9375148B18E934F25E485CC4AA8CBF98495D979FC7AE4780
ParentProcessGuid: {f995aebf-6722-6942-f706-000000000e00}
ParentProcessId: 6048
ParentImage: C:\Windows\System32\rundll32.exe
ParentCommandLine: rundll32.exe  C:\AtomicRedTeam\atomics\T1218.011\bin\_WT.init,krnl
ParentUser: runnervm8j6r3\runneradmin"
"12/17/2025 8:17:38 AM","1","Process Create:
RuleName: ProcessCreate
UtcTime: 2025-12-17 08:17:38.685
ProcessGuid: {f995aebf-6722-6942-f706-000000000e00}
ProcessId: 6048
Image: C:\Windows\System32\rundll32.exe
FileVersion: 10.0.26100.7019 (WinBuild.160101.0800)
Description: Windows host process (Rundll32)
Product: Microsoft? Windows? Operating System
Company: Microsoft Corporation
OriginalFileName: RUNDLL32.EXE
CommandLine: rundll32.exe  C:\AtomicRedTeam\atomics\T1218.011\bin\_WT.init,krnl
CurrentDirectory: C:\Users\RUNNER~1\AppData\Local\Temp\
User: runnervm8j6r3\runneradmin
LogonGuid: {f995aebf-600e-6942-ddf0-0b0000000000}
LogonId: 0xBF0DD
TerminalSessionId: 2
IntegrityLevel: High
Hashes: SHA256=2F2321D2A3EEEC2CDD7D921645C121BED75872435926EE97F3D53E7EE7662BF0
ParentProcessGuid: {f995aebf-6722-6942-f506-000000000e00}
ParentProcessId: 7212
ParentImage: C:\Windows\System32\cmd.exe
ParentCommandLine: ""cmd.exe"" /c rundll32.exe C:\AtomicRedTeam\atomics\T1218.011\bin\_WT.init,krnl
ParentUser: runnervm8j6r3\runneradmin"
"12/17/2025 8:17:38 AM","10","Process accessed:
RuleName: ProcessAccess
UtcTime: 2025-12-17 08:17:38.658
SourceProcessGUID: {f995aebf-60f0-6942-4d02-000000000e00}
SourceProcessId: 7600
SourceThreadId: 6580
SourceImage: C:\Windows\System32\WindowsPowerShell\v1.0\powershell.EXE
TargetProcessGUID: {f995aebf-6722-6942-f506-000000000e00}
TargetProcessId: 7212
TargetImage: C:\Windows\SYSTEM32\cmd.exe
GrantedAccess: 0x1FFFFF
CallTrace: C:\Windows\SYSTEM32\ntdll.dll+1636d4|C:\Windows\System32\KERNELBASE.dll+96a8a|C:\Windows\System32\KERNELBASE.dll+940e6|C:\Windows\System32\KERNEL32.DLL+3c6d4|C:\Windows\assembly\NativeImages_v4.0.30319_64\System\22f4d83e48c2201947e262d4bca638b9\System.ni.dll+351876|C:\Windows\assembly\NativeImages_v4.0.30319_64\System\22f4d83e48c2201947e262d4bca638b9\System.ni.dll+2b3c89|C:\Windows\assembly\NativeImages_v4.0.30319_64\System\22f4d83e48c2201947e262d4bca638b9\System.ni.dll+2b35f9|UNKNOWN(00007FF991FCB485)
SourceUser: runnervm8j6r3\runneradmin
TargetUser: runnervm8j6r3\runneradmin"
"12/17/2025 8:17:38 AM","1","Process Create:
RuleName: ProcessCreate
UtcTime: 2025-12-17 08:17:38.658
ProcessGuid: {f995aebf-6722-6942-f506-000000000e00}
ProcessId: 7212
Image: C:\Windows\System32\cmd.exe
FileVersion: 10.0.26100.7019 (WinBuild.160101.0800)
Description: Windows Command Processor
Product: Microsoft? Windows? Operating System
Company: Microsoft Corporation
OriginalFileName: Cmd.Exe
CommandLine: ""cmd.exe"" /c rundll32.exe C:\AtomicRedTeam\atomics\T1218.011\bin\_WT.init,krnl
CurrentDirectory: C:\Users\RUNNER~1\AppData\Local\Temp\
User: runnervm8j6r3\runneradmin
LogonGuid: {f995aebf-600e-6942-ddf0-0b0000000000}
LogonId: 0xBF0DD
TerminalSessionId: 2
IntegrityLevel: High
Hashes: SHA256=9695CF4566DDF878A69C3D419E0DA4EEA87B0F24261AD8E79A3A9C4A9885429C
ParentProcessGuid: {f995aebf-60f0-6942-4d02-000000000e00}
ParentProcessId: 7600
ParentImage: C:\Windows\System32\WindowsPowerShell\v1.0\powershell.exe
ParentCommandLine: ""C:\Windows\System32\WindowsPowerShell\v1.0\powershell.EXE"" -command "". 'D:\a\_temp\b5779890-c6d1-4d54-8cf1-6a4ae2edeb5c.ps1'""
ParentUser: runnervm8j6r3\runneradmin"
"12/17/2025 8:17:38 AM","10","Process accessed:
RuleName: ProcessAccess
UtcTime: 2025-12-17 08:17:38.497
SourceProcessGUID: {f995aebf-5ff2-6942-1200-000000000e00}
SourceProcessId: 1148
SourceThreadId: 6736
SourceImage: C:\Windows\system32\svchost.exe
TargetProcessGUID: {f995aebf-5ff1-6942-0d00-000000000e00}
TargetProcessId: 992
TargetImage: C:\Windows\system32\lsass.exe
GrantedAccess: 0x1000
CallTrace: C:\Windows\SYSTEM32\ntdll.dll+162184|C:\Windows\System32\KERNELBASE.dll+c464b|c:\windows\system32\lsm.dll+f406|c:\windows\system32\lsm.dll+ee2d|C:\Windows\System32\RPCRT4.dll+d3663|C:\Windows\System32\RPCRT4.dll+d570e|C:\Windows\System32\RPCRT4.dll+8a1ec|C:\Windows\System32\RPCRT4.dll+880f7|C:\Windows\System32\RPCRT4.dll+51ab4|C:\Windows\System32\RPCRT4.dll+52ac8|C:\Windows\System32\RPCRT4.dll+3fc54|C:\Windows\System32\RPCRT4.dll+5001c|C:\Windows\System32\RPCRT4.dll+5601c|C:\Windows\System32\RPCRT4.dll+551a3|C:\Windows\System32\RPCRT4.dll+54148|C:\Windows\SYSTEM32\ntdll.dll+77ffe|C:\Windows\SYSTEM32\ntdll.dll+76123|C:\Windows\System32\KERNEL32.DLL+2e8d7|C:\Windows\SYSTEM32\ntdll.dll+8c53c
SourceUser: NT AUTHORITY\SYSTEM
TargetUser: NT AUTHORITY\SYSTEM"
"12/17/2025 8:17:38 AM","10","Process accessed:
RuleName: ProcessAccess
UtcTime: 2025-12-17 08:17:38.497
SourceProcessGUID: {f995aebf-5ff2-6942-1200-000000000e00}
SourceProcessId: 1148
SourceThreadId: 6736
SourceImage: C:\Windows\system32\svchost.exe
TargetProcessGUID: {f995aebf-5ff1-6942-0d00-000000000e00}
TargetProcessId: 992
TargetImage: C:\Windows\system32\lsass.exe
GrantedAccess: 0x1000
CallTrace: C:\Windows\SYSTEM32\ntdll.dll+162184|C:\Windows\System32\KERNELBASE.dll+c464b|c:\windows\system32\lsm.dll+ed09|C:\Windows\System32\RPCRT4.dll+d3663|C:\Windows\System32\RPCRT4.dll+d570e|C:\Windows\System32\RPCRT4.dll+8a1ec|C:\Windows\System32\RPCRT4.dll+880f7|C:\Windows\System32\RPCRT4.dll+51ab4|C:\Windows\System32\RPCRT4.dll+52ac8|C:\Windows\System32\RPCRT4.dll+3fc54|C:\Windows\System32\RPCRT4.dll+5001c|C:\Windows\System32\RPCRT4.dll+5601c|C:\Windows\System32\RPCRT4.dll+551a3|C:\Windows\System32\RPCRT4.dll+54148|C:\Windows\SYSTEM32\ntdll.dll+77ffe|C:\Windows\SYSTEM32\ntdll.dll+76123|C:\Windows\System32\KERNEL32.DLL+2e8d7|C:\Windows\SYSTEM32\ntdll.dll+8c53c
SourceUser: NT AUTHORITY\SYSTEM
TargetUser: NT AUTHORITY\SYSTEM"
"12/17/2025 8:17:38 AM","10","Process accessed:
RuleName: ProcessAccess
UtcTime: 2025-12-17 08:17:38.346
SourceProcessGUID: {f995aebf-6722-6942-f406-000000000e00}
SourceProcessId: 5272
SourceThreadId: 2752
SourceImage: C:\Windows\system32\wbem\wmiprvse.exe
TargetProcessGUID: {f995aebf-5ff1-6942-0d00-000000000e00}
TargetProcessId: 992
TargetImage: C:\Windows\system32\lsass.exe
GrantedAccess: 0x1410
CallTrace: C:\Windows\SYSTEM32\ntdll.dll+162184|C:\Windows\System32\KERNELBASE.dll+3fba6|C:\Windows\system32\wbem\cimwin32.dll+11d96|C:\Windows\system32\wbem\cimwin32.dll+115cd|C:\Windows\SYSTEM32\framedynos.dll+d626|C:\Windows\system32\wbem\wmiprvse.exe+8ca9|C:\Windows\system32\wbem\wmiprvse.exe+8338|C:\Windows\System32\RPCRT4.dll+d3663|C:\Windows\System32\RPCRT4.dll+174bd|C:\Windows\System32\combase.dll+9ac7f|C:\Windows\System32\RPCRT4.dll+6cd16|C:\Windows\System32\combase.dll+9ab62|C:\Windows\System32\combase.dll+9a0d6|C:\Windows\System32\combase.dll+99721|C:\Windows\System32\combase.dll+1095d6|C:\Windows\System32\combase.dll+6f51a|C:\Windows\System32\combase.dll+74988|C:\Windows\System32\combase.dll+a40d3|C:\Windows\System32\RPCRT4.dll+880f7|C:\Windows\System32\RPCRT4.dll+51ab4|C:\Windows\System32\RPCRT4.dll+5287a|C:\Windows\System32\RPCRT4.dll+3fc54|C:\Windows\System32\RPCRT4.dll+5001c|C:\Windows\System32\RPCRT4.dll+5601c
SourceUser: NT AUTHORITY\NETWORK SERVICE
TargetUser: NT AUTHORITY\SYSTEM"
"12/17/2025 8:17:38 AM","10","Process accessed:
RuleName: ProcessAccess
UtcTime: 2025-12-17 08:17:38.282
SourceProcessGUID: {f995aebf-6722-6942-f406-000000000e00}
SourceProcessId: 5272
SourceThreadId: 2752
SourceImage: C:\Windows\system32\wbem\wmiprvse.exe
TargetProcessGUID: {f995aebf-5ff1-6942-0d00-000000000e00}
TargetProcessId: 992
TargetImage: C:\Windows\system32\lsass.exe
GrantedAccess: 0x1410
CallTrace: C:\Windows\SYSTEM32\ntdll.dll+162184|C:\Windows\System32\KERNELBASE.dll+3fba6|C:\Windows\system32\wbem\cimwin32.dll+11d96|C:\Windows\system32\wbem\cimwin32.dll+115cd|C:\Windows\SYSTEM32\framedynos.dll+d626|C:\Windows\system32\wbem\wmiprvse.exe+8ca9|C:\Windows\system32\wbem\wmiprvse.exe+8338|C:\Windows\System32\RPCRT4.dll+d3663|C:\Windows\System32\RPCRT4.dll+174bd|C:\Windows\System32\combase.dll+9ac7f|C:\Windows\System32\RPCRT4.dll+6cd16|C:\Windows\System32\combase.dll+9ab62|C:\Windows\System32\combase.dll+9a0d6|C:\Windows\System32\combase.dll+99721|C:\Windows\System32\combase.dll+1095d6|C:\Windows\System32\combase.dll+6f51a|C:\Windows\System32\combase.dll+74988|C:\Windows\System32\combase.dll+a40d3|C:\Windows\System32\RPCRT4.dll+880f7|C:\Windows\System32\RPCRT4.dll+51ab4|C:\Windows\System32\RPCRT4.dll+5287a|C:\Windows\System32\RPCRT4.dll+3fc54|C:\Windows\System32\RPCRT4.dll+5001c|C:\Windows\System32\RPCRT4.dll+5601c
SourceUser: NT AUTHORITY\NETWORK SERVICE
TargetUser: NT AUTHORITY\SYSTEM"
"12/17/2025 8:17:38 AM","10","Process accessed:
RuleName: ProcessAccess
UtcTime: 2025-12-17 08:17:38.227
SourceProcessGUID: {f995aebf-6722-6942-f406-000000000e00}
SourceProcessId: 5272
SourceThreadId: 2752
SourceImage: C:\Windows\system32\wbem\wmiprvse.exe
TargetProcessGUID: {f995aebf-5ff1-6942-0d00-000000000e00}
TargetProcessId: 992
TargetImage: C:\Windows\system32\lsass.exe
GrantedAccess: 0x1410
CallTrace: C:\Windows\SYSTEM32\ntdll.dll+162184|C:\Windows\System32\KERNELBASE.dll+3fba6|C:\Windows\system32\wbem\cimwin32.dll+11d96|C:\Windows\system32\wbem\cimwin32.dll+115cd|C:\Windows\SYSTEM32\framedynos.dll+d626|C:\Windows\system32\wbem\wmiprvse.exe+8ca9|C:\Windows\system32\wbem\wmiprvse.exe+8338|C:\Windows\System32\RPCRT4.dll+d3663|C:\Windows\System32\RPCRT4.dll+174bd|C:\Windows\System32\combase.dll+9ac7f|C:\Windows\System32\RPCRT4.dll+6cd16|C:\Windows\System32\combase.dll+9ab62|C:\Windows\System32\combase.dll+9a0d6|C:\Windows\System32\combase.dll+99721|C:\Windows\System32\combase.dll+1095d6|C:\Windows\System32\combase.dll+6f51a|C:\Windows\System32\combase.dll+74988|C:\Windows\System32\combase.dll+a40d3|C:\Windows\System32\RPCRT4.dll+880f7|C:\Windows\System32\RPCRT4.dll+51ab4|C:\Windows\System32\RPCRT4.dll+5287a|C:\Windows\System32\RPCRT4.dll+3fc54|C:\Windows\System32\RPCRT4.dll+5001c|C:\Windows\System32\RPCRT4.dll+5601c
SourceUser: NT AUTHORITY\NETWORK SERVICE
TargetUser: NT AUTHORITY\SYSTEM"
"12/17/2025 8:17:38 AM","10","Process accessed:
RuleName: ProcessAccess
UtcTime: 2025-12-17 08:17:38.166
SourceProcessGUID: {f995aebf-6722-6942-f406-000000000e00}
SourceProcessId: 5272
SourceThreadId: 2752
SourceImage: C:\Windows\system32\wbem\wmiprvse.exe
TargetProcessGUID: {f995aebf-5ff1-6942-0d00-000000000e00}
TargetProcessId: 992
TargetImage: C:\Windows\system32\lsass.exe
GrantedAccess: 0x1410
CallTrace: C:\Windows\SYSTEM32\ntdll.dll+162184|C:\Windows\System32\KERNELBASE.dll+3fba6|C:\Windows\system32\wbem\cimwin32.dll+11d96|C:\Windows\system32\wbem\cimwin32.dll+115cd|C:\Windows\SYSTEM32\framedynos.dll+d626|C:\Windows\system32\wbem\wmiprvse.exe+8ca9|C:\Windows\system32\wbem\wmiprvse.exe+8338|C:\Windows\System32\RPCRT4.dll+d3663|C:\Windows\System32\RPCRT4.dll+174bd|C:\Windows\System32\combase.dll+9ac7f|C:\Windows\System32\RPCRT4.dll+6cd16|C:\Windows\System32\combase.dll+9ab62|C:\Windows\System32\combase.dll+9a0d6|C:\Windows\System32\combase.dll+99721|C:\Windows\System32\combase.dll+1095d6|C:\Windows\System32\combase.dll+6f51a|C:\Windows\System32\combase.dll+74988|C:\Windows\System32\combase.dll+a40d3|C:\Windows\System32\RPCRT4.dll+880f7|C:\Windows\System32\RPCRT4.dll+51ab4|C:\Windows\System32\RPCRT4.dll+5287a|C:\Windows\System32\RPCRT4.dll+3fc54|C:\Windows\System32\RPCRT4.dll+5001c|C:\Windows\System32\RPCRT4.dll+5601c
SourceUser: NT AUTHORITY\NETWORK SERVICE
TargetUser: NT AUTHORITY\SYSTEM"
"12/17/2025 8:17:38 AM","1","Process Create:
RuleName: ProcessCreate
UtcTime: 2025-12-17 08:17:38.121
ProcessGuid: {f995aebf-6722-6942-f406-000000000e00}
ProcessId: 5272
Image: C:\Windows\System32\wbem\WmiPrvSE.exe
FileVersion: 10.0.26100.7019 (WinBuild.160101.0800)
Description: WMI Provider Host
Product: Microsoft? Windows? Operating System
Company: Microsoft Corporation
OriginalFileName: Wmiprvse.exe
CommandLine: C:\Windows\system32\wbem\wmiprvse.exe -secured -Embedding
CurrentDirectory: C:\Windows\system32\
User: NT AUTHORITY\NETWORK SERVICE
LogonGuid: {f995aebf-5ff2-6942-e403-000000000000}
LogonId: 0x3E4
TerminalSessionId: 0
IntegrityLevel: System
Hashes: SHA256=240C985EED57DEE92E0415F86CE67439E24179EA3281D57A395A90E92F6844D5
ParentProcessGuid: {f995aebf-5ff2-6942-0e00-000000000e00}
ParentProcessId: 512
ParentImage: C:\Windows\System32\svchost.exe
ParentCommandLine: C:\Windows\system32\svchost.exe -k DcomLaunch -p
ParentUser: NT AUTHORITY\SYSTEM"
"12/17/2025 8:17:38 AM","10","Process accessed:
RuleName: ProcessAccess
UtcTime: 2025-12-17 08:17:38.118
SourceProcessGUID: {f995aebf-5ff2-6942-1200-000000000e00}
SourceProcessId: 1148
SourceThreadId: 6736
SourceImage: C:\Windows\system32\svchost.exe
TargetProcessGUID: {f995aebf-5ff1-6942-0d00-000000000e00}
TargetProcessId: 992
TargetImage: C:\Windows\system32\lsass.exe
GrantedAccess: 0x1000
CallTrace: C:\Windows\SYSTEM32\ntdll.dll+162184|C:\Windows\System32\KERNELBASE.dll+c464b|c:\windows\system32\lsm.dll+f406|c:\windows\system32\lsm.dll+ee2d|C:\Windows\System32\RPCRT4.dll+d3663|C:\Windows\System32\RPCRT4.dll+d570e|C:\Windows\System32\RPCRT4.dll+8a1ec|C:\Windows\System32\RPCRT4.dll+880f7|C:\Windows\System32\RPCRT4.dll+51ab4|C:\Windows\System32\RPCRT4.dll+52ac8|C:\Windows\System32\RPCRT4.dll+3fc54|C:\Windows\System32\RPCRT4.dll+5001c|C:\Windows\System32\RPCRT4.dll+5601c|C:\Windows\System32\RPCRT4.dll+551a3|C:\Windows\System32\RPCRT4.dll+54148|C:\Windows\SYSTEM32\ntdll.dll+77ffe|C:\Windows\SYSTEM32\ntdll.dll+76123|C:\Windows\System32\KERNEL32.DLL+2e8d7|C:\Windows\SYSTEM32\ntdll.dll+8c53c
SourceUser: NT AUTHORITY\SYSTEM
TargetUser: NT AUTHORITY\SYSTEM"
"12/17/2025 8:17:38 AM","10","Process accessed:
RuleName: ProcessAccess
UtcTime: 2025-12-17 08:17:38.118
SourceProcessGUID: {f995aebf-5ff2-6942-1200-000000000e00}
SourceProcessId: 1148
SourceThreadId: 6736
SourceImage: C:\Windows\system32\svchost.exe
TargetProcessGUID: {f995aebf-5ff1-6942-0d00-000000000e00}
TargetProcessId: 992
TargetImage: C:\Windows\system32\lsass.exe
GrantedAccess: 0x1000
CallTrace: C:\Windows\SYSTEM32\ntdll.dll+162184|C:\Windows\System32\KERNELBASE.dll+c464b|c:\windows\system32\lsm.dll+ed09|C:\Windows\System32\RPCRT4.dll+d3663|C:\Windows\System32\RPCRT4.dll+d570e|C:\Windows\System32\RPCRT4.dll+8a1ec|C:\Windows\System32\RPCRT4.dll+880f7|C:\Windows\System32\RPCRT4.dll+51ab4|C:\Windows\System32\RPCRT4.dll+52ac8|C:\Windows\System32\RPCRT4.dll+3fc54|C:\Windows\System32\RPCRT4.dll+5001c|C:\Windows\System32\RPCRT4.dll+5601c|C:\Windows\System32\RPCRT4.dll+551a3|C:\Windows\System32\RPCRT4.dll+54148|C:\Windows\SYSTEM32\ntdll.dll+77ffe|C:\Windows\SYSTEM32\ntdll.dll+76123|C:\Windows\System32\KERNEL32.DLL+2e8d7|C:\Windows\SYSTEM32\ntdll.dll+8c53c
SourceUser: NT AUTHORITY\SYSTEM
TargetUser: NT AUTHORITY\SYSTEM"
"12/17/2025 8:17:10 AM","10","Process accessed:
RuleName: ProcessAccess
UtcTime: 2025-12-17 08:17:10.836
SourceProcessGUID: {f995aebf-5ff6-6942-5700-000000000e00}
SourceProcessId: 4016
SourceThreadId: 5884
SourceImage: C:\WindowsAzure\GuestAgent_2.7.41491.1183_2025-12-08_211052\WindowsAzureGuestAgent.exe
TargetProcessGUID: {f995aebf-6706-6942-ef06-000000000e00}
TargetProcessId: 5356
TargetImage: C:\WindowsAzure\GuestAgent_2.7.41491.1183_2025-12-08_211052\BfeToolWin8.exe
GrantedAccess: 0x1FFFFF
CallTrace: C:\Windows\SYSTEM32\ntdll.dll+1636d4|C:\Windows\System32\KERNELBASE.dll+96a8a|C:\Windows\System32\KERNELBASE.dll+940e6|C:\Windows\System32\KERNEL32.dll+3c6d4|C:\Windows\assembly\NativeImages_v4.0.30319_64\System\22f4d83e48c2201947e262d4bca638b9\System.ni.dll+351876|C:\Windows\assembly\NativeImages_v4.0.30319_64\System\22f4d83e48c2201947e262d4bca638b9\System.ni.dll+2b3c89|C:\Windows\assembly\NativeImages_v4.0.30319_64\System\22f4d83e48c2201947e262d4bca638b9\System.ni.dll+2b35f9|UNKNOWN(00007FF991BE0A6F)
SourceUser: NT AUTHORITY\SYSTEM
TargetUser: NT AUTHORITY\SYSTEM"
"12/17/2025 8:15:38 AM","1","Process Create:
RuleName: ProcessCreate
UtcTime: 2025-12-17 08:15:38.149
ProcessGuid: {f995aebf-66aa-6942-e606-000000000e00}
ProcessId: 9568
Image: C:\Windows\System32\rundll32.exe
FileVersion: 10.0.26100.7019 (WinBuild.160101.0800)
Description: Windows host process (Rundll32)
Product: Microsoft? Windows? Operating System
Company: Microsoft Corporation
OriginalFileName: RUNDLL32.EXE
CommandLine: rundll32.exe  desk.cpl,InstallScreenSaver not_an_scr.scr
CurrentDirectory: C:\Users\RUNNER~1\AppData\Local\Temp\
User: runnervm8j6r3\runneradmin
LogonGuid: {f995aebf-600e-6942-ddf0-0b0000000000}
LogonId: 0xBF0DD
TerminalSessionId: 2
IntegrityLevel: High
Hashes: SHA256=2F2321D2A3EEEC2CDD7D921645C121BED75872435926EE97F3D53E7EE7662BF0
ParentProcessGuid: {f995aebf-66aa-6942-e406-000000000e00}
ParentProcessId: 700
ParentImage: C:\Windows\System32\cmd.exe
ParentCommandLine: ""cmd.exe"" /c copy %windir%\System32\calc.exe not_an_scr.scr & rundll32.exe desk.cpl,InstallScreenSaver not_an_scr.scr
ParentUser: runnervm8j6r3\runneradmin"
"12/17/2025 8:15:38 AM","10","Process accessed:
RuleName: ProcessAccess
UtcTime: 2025-12-17 08:15:38.105
SourceProcessGUID: {f995aebf-60f0-6942-4d02-000000000e00}
SourceProcessId: 7600
SourceThreadId: 6580
SourceImage: C:\Windows\System32\WindowsPowerShell\v1.0\powershell.EXE
TargetProcessGUID: {f995aebf-66aa-6942-e406-000000000e00}
TargetProcessId: 700
TargetImage: C:\Windows\SYSTEM32\cmd.exe
GrantedAccess: 0x1FFFFF
CallTrace: C:\Windows\SYSTEM32\ntdll.dll+1636d4|C:\Windows\System32\KERNELBASE.dll+96a8a|C:\Windows\System32\KERNELBASE.dll+940e6|C:\Windows\System32\KERNEL32.DLL+3c6d4|C:\Windows\assembly\NativeImages_v4.0.30319_64\System\22f4d83e48c2201947e262d4bca638b9\System.ni.dll+351876|C:\Windows\assembly\NativeImages_v4.0.30319_64\System\22f4d83e48c2201947e262d4bca638b9\System.ni.dll+2b3c89|C:\Windows\assembly\NativeImages_v4.0.30319_64\System\22f4d83e48c2201947e262d4bca638b9\System.ni.dll+2b35f9|UNKNOWN(00007FF991FCB485)
SourceUser: runnervm8j6r3\runneradmin
TargetUser: runnervm8j6r3\runneradmin"
"12/17/2025 8:15:38 AM","1","Process Create:
RuleName: ProcessCreate
UtcTime: 2025-12-17 08:15:38.104
ProcessGuid: {f995aebf-66aa-6942-e406-000000000e00}
ProcessId: 700
Image: C:\Windows\System32\cmd.exe
FileVersion: 10.0.26100.7019 (WinBuild.160101.0800)
Description: Windows Command Processor
Product: Microsoft? Windows? Operating System
Company: Microsoft Corporation
OriginalFileName: Cmd.Exe
CommandLine: ""cmd.exe"" /c copy %%windir%%\System32\calc.exe not_an_scr.scr & rundll32.exe desk.cpl,InstallScreenSaver not_an_scr.scr
CurrentDirectory: C:\Users\RUNNER~1\AppData\Local\Temp\
User: runnervm8j6r3\runneradmin
LogonGuid: {f995aebf-600e-6942-ddf0-0b0000000000}
LogonId: 0xBF0DD
TerminalSessionId: 2
IntegrityLevel: High
Hashes: SHA256=9695CF4566DDF878A69C3D419E0DA4EEA87B0F24261AD8E79A3A9C4A9885429C
ParentProcessGuid: {f995aebf-60f0-6942-4d02-000000000e00}
ParentProcessId: 7600
ParentImage: C:\Windows\System32\WindowsPowerShell\v1.0\powershell.exe
ParentCommandLine: ""C:\Windows\System32\WindowsPowerShell\v1.0\powershell.EXE"" -command "". 'D:\a\_temp\b5779890-c6d1-4d54-8cf1-6a4ae2edeb5c.ps1'""
ParentUser: runnervm8j6r3\runneradmin"
"12/17/2025 8:15:37 AM","1","Process Create:
RuleName: ProcessCreate
UtcTime: 2025-12-17 08:15:37.789
ProcessGuid: {f995aebf-66a9-6942-e106-000000000e00}
ProcessId: 6244
Image: C:\Windows\System32\rundll32.exe
FileVersion: 10.0.26100.7019 (WinBuild.160101.0800)
Description: Windows host process (Rundll32)
Product: Microsoft? Windows? Operating System
Company: Microsoft Corporation
OriginalFileName: RUNDLL32.EXE
CommandLine: rundll32.exe  shell32.dll,Control_RunDLL ""C:\AtomicRedTeam\atomics\T1047\bin\calc.dll""
CurrentDirectory: C:\Users\RUNNER~1\AppData\Local\Temp\
User: runnervm8j6r3\runneradmin
LogonGuid: {f995aebf-600e-6942-ddf0-0b0000000000}
LogonId: 0xBF0DD
TerminalSessionId: 2
IntegrityLevel: High
Hashes: SHA256=2F2321D2A3EEEC2CDD7D921645C121BED75872435926EE97F3D53E7EE7662BF0
ParentProcessGuid: {f995aebf-66a9-6942-df06-000000000e00}
ParentProcessId: 5616
ParentImage: C:\Windows\System32\cmd.exe
ParentCommandLine: ""cmd.exe"" /c rundll32.exe shell32.dll,Control_RunDLL ""C:\AtomicRedTeam\atomics\T1047\bin\calc.dll""
ParentUser: runnervm8j6r3\runneradmin"
"12/17/2025 8:15:37 AM","10","Process accessed:
RuleName: ProcessAccess
UtcTime: 2025-12-17 08:15:37.765
SourceProcessGUID: {f995aebf-60f0-6942-4d02-000000000e00}
SourceProcessId: 7600
SourceThreadId: 6580
SourceImage: C:\Windows\System32\WindowsPowerShell\v1.0\powershell.EXE
TargetProcessGUID: {f995aebf-66a9-6942-df06-000000000e00}
TargetProcessId: 5616
TargetImage: C:\Windows\SYSTEM32\cmd.exe
GrantedAccess: 0x1FFFFF
CallTrace: C:\Windows\SYSTEM32\ntdll.dll+1636d4|C:\Windows\System32\KERNELBASE.dll+96a8a|C:\Windows\System32\KERNELBASE.dll+940e6|C:\Windows\System32\KERNEL32.DLL+3c6d4|C:\Windows\assembly\NativeImages_v4.0.30319_64\System\22f4d83e48c2201947e262d4bca638b9\System.ni.dll+351876|C:\Windows\assembly\NativeImages_v4.0.30319_64\System\22f4d83e48c2201947e262d4bca638b9\System.ni.dll+2b3c89|C:\Windows\assembly\NativeImages_v4.0.30319_64\System\22f4d83e48c2201947e262d4bca638b9\System.ni.dll+2b35f9|UNKNOWN(00007FF991FCB485)
SourceUser: runnervm8j6r3\runneradmin
TargetUser: runnervm8j6r3\runneradmin"
"12/17/2025 8:15:37 AM","1","Process Create:
RuleName: ProcessCreate
UtcTime: 2025-12-17 08:15:37.764
ProcessGuid: {f995aebf-66a9-6942-df06-000000000e00}
ProcessId: 5616
Image: C:\Windows\System32\cmd.exe
FileVersion: 10.0.26100.7019 (WinBuild.160101.0800)
Description: Windows Command Processor
Product: Microsoft? Windows? Operating System
Company: Microsoft Corporation
OriginalFileName: Cmd.Exe
CommandLine: ""cmd.exe"" /c rundll32.exe shell32.dll,Control_RunDLL ""C:\AtomicRedTeam\atomics\T1047\bin\calc.dll""
CurrentDirectory: C:\Users\RUNNER~1\AppData\Local\Temp\
User: runnervm8j6r3\runneradmin
LogonGuid: {f995aebf-600e-6942-ddf0-0b0000000000}
LogonId: 0xBF0DD
TerminalSessionId: 2
IntegrityLevel: High
Hashes: SHA256=9695CF4566DDF878A69C3D419E0DA4EEA87B0F24261AD8E79A3A9C4A9885429C
ParentProcessGuid: {f995aebf-60f0-6942-4d02-000000000e00}
ParentProcessId: 7600
ParentImage: C:\Windows\System32\WindowsPowerShell\v1.0\powershell.exe
ParentCommandLine: ""C:\Windows\System32\WindowsPowerShell\v1.0\powershell.EXE"" -command "". 'D:\a\_temp\b5779890-c6d1-4d54-8cf1-6a4ae2edeb5c.ps1'""
ParentUser: runnervm8j6r3\runneradmin"
"12/17/2025 8:15:37 AM","1","Process Create:
RuleName: ProcessCreate
UtcTime: 2025-12-17 08:15:37.410
ProcessGuid: {f995aebf-66a9-6942-dc06-000000000e00}
ProcessId: 9572
Image: C:\Windows\System32\rundll32.exe
FileVersion: 10.0.26100.7019 (WinBuild.160101.0800)
Description: Windows host process (Rundll32)
Product: Microsoft? Windows? Operating System
Company: Microsoft Corporation
OriginalFileName: RUNDLL32.EXE
CommandLine: rundll32.exe  ""C:\AtomicRedTeam\atomics\T1218.010\bin\AllTheThingsx64.dll"",#2
CurrentDirectory: C:\Users\RUNNER~1\AppData\Local\Temp\
User: runnervm8j6r3\runneradmin
LogonGuid: {f995aebf-600e-6942-ddf0-0b0000000000}
LogonId: 0xBF0DD
TerminalSessionId: 2
IntegrityLevel: High
Hashes: SHA256=2F2321D2A3EEEC2CDD7D921645C121BED75872435926EE97F3D53E7EE7662BF0
ParentProcessGuid: {f995aebf-66a9-6942-da06-000000000e00}
ParentProcessId: 8812
ParentImage: C:\Windows\System32\cmd.exe
ParentCommandLine: ""cmd.exe"" /c rundll32.exe ""C:\AtomicRedTeam\atomics\T1218.010\bin\AllTheThingsx64.dll"",#2
ParentUser: runnervm8j6r3\runneradmin"
"12/17/2025 8:15:37 AM","10","Process accessed:
RuleName: ProcessAccess
UtcTime: 2025-12-17 08:15:37.386
SourceProcessGUID: {f995aebf-60f0-6942-4d02-000000000e00}
SourceProcessId: 7600
SourceThreadId: 6580
SourceImage: C:\Windows\System32\WindowsPowerShell\v1.0\powershell.EXE
TargetProcessGUID: {f995aebf-66a9-6942-da06-000000000e00}
TargetProcessId: 8812
TargetImage: C:\Windows\SYSTEM32\cmd.exe
GrantedAccess: 0x1FFFFF
CallTrace: C:\Windows\SYSTEM32\ntdll.dll+1636d4|C:\Windows\System32\KERNELBASE.dll+96a8a|C:\Windows\System32\KERNELBASE.dll+940e6|C:\Windows\System32\KERNEL32.DLL+3c6d4|C:\Windows\assembly\NativeImages_v4.0.30319_64\System\22f4d83e48c2201947e262d4bca638b9\System.ni.dll+351876|C:\Windows\assembly\NativeImages_v4.0.30319_64\System\22f4d83e48c2201947e262d4bca638b9\System.ni.dll+2b3c89|C:\Windows\assembly\NativeImages_v4.0.30319_64\System\22f4d83e48c2201947e262d4bca638b9\System.ni.dll+2b35f9|UNKNOWN(00007FF991FCB485)
SourceUser: runnervm8j6r3\runneradmin
TargetUser: runnervm8j6r3\runneradmin"
"12/17/2025 8:15:37 AM","1","Process Create:
RuleName: ProcessCreate
UtcTime: 2025-12-17 08:15:37.386
ProcessGuid: {f995aebf-66a9-6942-da06-000000000e00}
ProcessId: 8812
Image: C:\Windows\System32\cmd.exe
FileVersion: 10.0.26100.7019 (WinBuild.160101.0800)
Description: Windows Command Processor
Product: Microsoft? Windows? Operating System
Company: Microsoft Corporation
OriginalFileName: Cmd.Exe
CommandLine: ""cmd.exe"" /c rundll32.exe ""C:\AtomicRedTeam\atomics\T1218.010\bin\AllTheThingsx64.dll"",#2
CurrentDirectory: C:\Users\RUNNER~1\AppData\Local\Temp\
User: runnervm8j6r3\runneradmin
LogonGuid: {f995aebf-600e-6942-ddf0-0b0000000000}
LogonId: 0xBF0DD
TerminalSessionId: 2
IntegrityLevel: High
Hashes: SHA256=9695CF4566DDF878A69C3D419E0DA4EEA87B0F24261AD8E79A3A9C4A9885429C
ParentProcessGuid: {f995aebf-60f0-6942-4d02-000000000e00}
ParentProcessId: 7600
ParentImage: C:\Windows\System32\WindowsPowerShell\v1.0\powershell.exe
ParentCommandLine: ""C:\Windows\System32\WindowsPowerShell\v1.0\powershell.EXE"" -command "". 'D:\a\_temp\b5779890-c6d1-4d54-8cf1-6a4ae2edeb5c.ps1'""
ParentUser: runnervm8j6r3\runneradmin"
