"12/17/2025 8:19:50 AM","10","Process accessed:
RuleName: ProcessAccess
UtcTime: 2025-12-17 08:19:50.019
SourceProcessGUID: {f995aebf-60f0-6942-4d02-000000000e00}
SourceProcessId: 7600
SourceThreadId: 6580
SourceImage: C:\Windows\System32\WindowsPowerShell\v1.0\powershell.EXE
TargetProcessGUID: {f995aebf-67a6-6942-2907-000000000e00}
TargetProcessId: 8376
TargetImage: C:\Windows\SYSTEM32\cmd.exe
GrantedAccess: 0x1FFFFF
CallTrace: C:\Windows\SYSTEM32\ntdll.dll+1636d4|C:\Windows\System32\KERNELBASE.dll+96a8a|C:\Windows\System32\KERNELBASE.dll+940e6|C:\Windows\System32\KERNEL32.DLL+3c6d4|C:\Windows\assembly\NativeImages_v4.0.30319_64\System\22f4d83e48c2201947e262d4bca638b9\System.ni.dll+351876|C:\Windows\assembly\NativeImages_v4.0.30319_64\System\22f4d83e48c2201947e262d4bca638b9\System.ni.dll+2b3c89|C:\Windows\assembly\NativeImages_v4.0.30319_64\System\22f4d83e48c2201947e262d4bca638b9\System.ni.dll+2b35f9|UNKNOWN(00007FF991FCB485)
SourceUser: runnervm8j6r3\runneradmin
TargetUser: runnervm8j6r3\runneradmin"
"12/17/2025 8:19:50 AM","1","Process Create:
RuleName: ProcessCreate
UtcTime: 2025-12-17 08:19:50.019
ProcessGuid: {f995aebf-67a6-6942-2907-000000000e00}
ProcessId: 8376
Image: C:\Windows\System32\cmd.exe
FileVersion: 10.0.26100.7019 (WinBuild.160101.0800)
Description: Windows Command Processor
Product: Microsoft? Windows? Operating System
Company: Microsoft Corporation
OriginalFileName: Cmd.Exe
CommandLine: ""cmd.exe"" /c 
CurrentDirectory: C:\Users\RUNNER~1\AppData\Local\Temp\
User: runnervm8j6r3\runneradmin
LogonGuid: {f995aebf-600e-6942-ddf0-0b0000000000}
LogonId: 0xBF0DD
TerminalSessionId: 2
IntegrityLevel: High
Hashes: SHA256=9695CF4566DDF878A69C3D419E0DA4EEA87B0F24261AD8E79A3A9C4A9885429C
ParentProcessGuid: {f995aebf-60f0-6942-4d02-000000000e00}
ParentProcessId: 7600
ParentImage: C:\Windows\System32\WindowsPowerShell\v1.0\powershell.exe
ParentCommandLine: ""C:\Windows\System32\WindowsPowerShell\v1.0\powershell.EXE"" -command "". 'D:\a\_temp\b5779890-c6d1-4d54-8cf1-6a4ae2edeb5c.ps1'""
ParentUser: runnervm8j6r3\runneradmin"
"12/17/2025 8:19:49 AM","10","Process accessed:
RuleName: ProcessAccess
UtcTime: 2025-12-17 08:19:49.804
SourceProcessGUID: {f995aebf-60f0-6942-4d02-000000000e00}
SourceProcessId: 7600
SourceThreadId: 6580
SourceImage: C:\Windows\System32\WindowsPowerShell\v1.0\powershell.EXE
TargetProcessGUID: {f995aebf-67a5-6942-2707-000000000e00}
TargetProcessId: 7128
TargetImage: C:\Windows\SYSTEM32\cmd.exe
GrantedAccess: 0x1FFFFF
CallTrace: C:\Windows\SYSTEM32\ntdll.dll+1636d4|C:\Windows\System32\KERNELBASE.dll+96a8a|C:\Windows\System32\KERNELBASE.dll+940e6|C:\Windows\System32\KERNEL32.DLL+3c6d4|C:\Windows\assembly\NativeImages_v4.0.30319_64\System\22f4d83e48c2201947e262d4bca638b9\System.ni.dll+351876|C:\Windows\assembly\NativeImages_v4.0.30319_64\System\22f4d83e48c2201947e262d4bca638b9\System.ni.dll+2b3c89|C:\Windows\assembly\NativeImages_v4.0.30319_64\System\22f4d83e48c2201947e262d4bca638b9\System.ni.dll+2b35f9|UNKNOWN(00007FF991FCB485)
SourceUser: runnervm8j6r3\runneradmin
TargetUser: runnervm8j6r3\runneradmin"
"12/17/2025 8:19:49 AM","1","Process Create:
RuleName: ProcessCreate
UtcTime: 2025-12-17 08:19:49.803
ProcessGuid: {f995aebf-67a5-6942-2707-000000000e00}
ProcessId: 7128
Image: C:\Windows\System32\cmd.exe
FileVersion: 10.0.26100.7019 (WinBuild.160101.0800)
Description: Windows Command Processor
Product: Microsoft? Windows? Operating System
Company: Microsoft Corporation
OriginalFileName: Cmd.Exe
CommandLine: ""cmd.exe"" /c del not_an_scr.scr
CurrentDirectory: C:\Users\RUNNER~1\AppData\Local\Temp\
User: runnervm8j6r3\runneradmin
LogonGuid: {f995aebf-600e-6942-ddf0-0b0000000000}
LogonId: 0xBF0DD
TerminalSessionId: 2
IntegrityLevel: High
Hashes: SHA256=9695CF4566DDF878A69C3D419E0DA4EEA87B0F24261AD8E79A3A9C4A9885429C
ParentProcessGuid: {f995aebf-60f0-6942-4d02-000000000e00}
ParentProcessId: 7600
ParentImage: C:\Windows\System32\WindowsPowerShell\v1.0\powershell.exe
ParentCommandLine: ""C:\Windows\System32\WindowsPowerShell\v1.0\powershell.EXE"" -command "". 'D:\a\_temp\b5779890-c6d1-4d54-8cf1-6a4ae2edeb5c.ps1'""
ParentUser: runnervm8j6r3\runneradmin"
"12/17/2025 8:19:49 AM","10","Process accessed:
RuleName: ProcessAccess
UtcTime: 2025-12-17 08:19:49.595
SourceProcessGUID: {f995aebf-60f0-6942-4d02-000000000e00}
SourceProcessId: 7600
SourceThreadId: 6580
SourceImage: C:\Windows\System32\WindowsPowerShell\v1.0\powershell.EXE
TargetProcessGUID: {f995aebf-67a5-6942-2507-000000000e00}
TargetProcessId: 1220
TargetImage: C:\Windows\SYSTEM32\cmd.exe
GrantedAccess: 0x1FFFFF
CallTrace: C:\Windows\SYSTEM32\ntdll.dll+1636d4|C:\Windows\System32\KERNELBASE.dll+96a8a|C:\Windows\System32\KERNELBASE.dll+940e6|C:\Windows\System32\KERNEL32.DLL+3c6d4|C:\Windows\assembly\NativeImages_v4.0.30319_64\System\22f4d83e48c2201947e262d4bca638b9\System.ni.dll+351876|C:\Windows\assembly\NativeImages_v4.0.30319_64\System\22f4d83e48c2201947e262d4bca638b9\System.ni.dll+2b3c89|C:\Windows\assembly\NativeImages_v4.0.30319_64\System\22f4d83e48c2201947e262d4bca638b9\System.ni.dll+2b35f9|UNKNOWN(00007FF991FCB485)
SourceUser: runnervm8j6r3\runneradmin
TargetUser: runnervm8j6r3\runneradmin"
"12/17/2025 8:19:49 AM","1","Process Create:
RuleName: ProcessCreate
UtcTime: 2025-12-17 08:19:49.595
ProcessGuid: {f995aebf-67a5-6942-2507-000000000e00}
ProcessId: 1220
Image: C:\Windows\System32\cmd.exe
FileVersion: 10.0.26100.7019 (WinBuild.160101.0800)
Description: Windows Command Processor
Product: Microsoft? Windows? Operating System
Company: Microsoft Corporation
OriginalFileName: Cmd.Exe
CommandLine: ""cmd.exe"" /c 
CurrentDirectory: C:\Users\RUNNER~1\AppData\Local\Temp\
User: runnervm8j6r3\runneradmin
LogonGuid: {f995aebf-600e-6942-ddf0-0b0000000000}
LogonId: 0xBF0DD
TerminalSessionId: 2
IntegrityLevel: High
Hashes: SHA256=9695CF4566DDF878A69C3D419E0DA4EEA87B0F24261AD8E79A3A9C4A9885429C
ParentProcessGuid: {f995aebf-60f0-6942-4d02-000000000e00}
ParentProcessId: 7600
ParentImage: C:\Windows\System32\WindowsPowerShell\v1.0\powershell.exe
ParentCommandLine: ""C:\Windows\System32\WindowsPowerShell\v1.0\powershell.EXE"" -command "". 'D:\a\_temp\b5779890-c6d1-4d54-8cf1-6a4ae2edeb5c.ps1'""
ParentUser: runnervm8j6r3\runneradmin"
"12/17/2025 8:19:49 AM","10","Process accessed:
RuleName: ProcessAccess
UtcTime: 2025-12-17 08:19:49.386
SourceProcessGUID: {f995aebf-60f0-6942-4d02-000000000e00}
SourceProcessId: 7600
SourceThreadId: 6580
SourceImage: C:\Windows\System32\WindowsPowerShell\v1.0\powershell.EXE
TargetProcessGUID: {f995aebf-67a5-6942-2307-000000000e00}
TargetProcessId: 4328
TargetImage: C:\Windows\SYSTEM32\cmd.exe
GrantedAccess: 0x1FFFFF
CallTrace: C:\Windows\SYSTEM32\ntdll.dll+1636d4|C:\Windows\System32\KERNELBASE.dll+96a8a|C:\Windows\System32\KERNELBASE.dll+940e6|C:\Windows\System32\KERNEL32.DLL+3c6d4|C:\Windows\assembly\NativeImages_v4.0.30319_64\System\22f4d83e48c2201947e262d4bca638b9\System.ni.dll+351876|C:\Windows\assembly\NativeImages_v4.0.30319_64\System\22f4d83e48c2201947e262d4bca638b9\System.ni.dll+2b3c89|C:\Windows\assembly\NativeImages_v4.0.30319_64\System\22f4d83e48c2201947e262d4bca638b9\System.ni.dll+2b35f9|UNKNOWN(00007FF991FCB485)
SourceUser: runnervm8j6r3\runneradmin
TargetUser: runnervm8j6r3\runneradmin"
"12/17/2025 8:19:49 AM","1","Process Create:
RuleName: ProcessCreate
UtcTime: 2025-12-17 08:19:49.387
ProcessGuid: {f995aebf-67a5-6942-2307-000000000e00}
ProcessId: 4328
Image: C:\Windows\System32\cmd.exe
FileVersion: 10.0.26100.7019 (WinBuild.160101.0800)
Description: Windows Command Processor
Product: Microsoft? Windows? Operating System
Company: Microsoft Corporation
OriginalFileName: Cmd.Exe
CommandLine: ""cmd.exe"" /c 
CurrentDirectory: C:\Users\RUNNER~1\AppData\Local\Temp\
User: runnervm8j6r3\runneradmin
LogonGuid: {f995aebf-600e-6942-ddf0-0b0000000000}
LogonId: 0xBF0DD
TerminalSessionId: 2
IntegrityLevel: High
Hashes: SHA256=9695CF4566DDF878A69C3D419E0DA4EEA87B0F24261AD8E79A3A9C4A9885429C
ParentProcessGuid: {f995aebf-60f0-6942-4d02-000000000e00}
ParentProcessId: 7600
ParentImage: C:\Windows\System32\WindowsPowerShell\v1.0\powershell.exe
ParentCommandLine: ""C:\Windows\System32\WindowsPowerShell\v1.0\powershell.EXE"" -command "". 'D:\a\_temp\b5779890-c6d1-4d54-8cf1-6a4ae2edeb5c.ps1'""
ParentUser: runnervm8j6r3\runneradmin"
"12/17/2025 8:19:49 AM","10","Process accessed:
RuleName: ProcessAccess
UtcTime: 2025-12-17 08:19:49.005
SourceProcessGUID: {f995aebf-60f0-6942-4d02-000000000e00}
SourceProcessId: 7600
SourceThreadId: 6580
SourceImage: C:\Windows\System32\WindowsPowerShell\v1.0\powershell.EXE
TargetProcessGUID: {f995aebf-67a5-6942-2107-000000000e00}
TargetProcessId: 8856
TargetImage: C:\Windows\System32\WindowsPowerShell\v1.0\powershell.exe
GrantedAccess: 0x1FFFFF
CallTrace: C:\Windows\SYSTEM32\ntdll.dll+1636d4|C:\Windows\System32\KERNELBASE.dll+96a8a|C:\Windows\System32\KERNELBASE.dll+940e6|C:\Windows\System32\KERNEL32.DLL+3c6d4|C:\Windows\assembly\NativeImages_v4.0.30319_64\System\22f4d83e48c2201947e262d4bca638b9\System.ni.dll+351876|C:\Windows\assembly\NativeImages_v4.0.30319_64\System\22f4d83e48c2201947e262d4bca638b9\System.ni.dll+2b3c89|C:\Windows\assembly\NativeImages_v4.0.30319_64\System\22f4d83e48c2201947e262d4bca638b9\System.ni.dll+2b35f9|UNKNOWN(00007FF991FCB485)
SourceUser: runnervm8j6r3\runneradmin
TargetUser: runnervm8j6r3\runneradmin"
"12/17/2025 8:19:49 AM","1","Process Create:
RuleName: ProcessCreate
UtcTime: 2025-12-17 08:19:49.006
ProcessGuid: {f995aebf-67a5-6942-2107-000000000e00}
ProcessId: 8856
Image: C:\Windows\System32\WindowsPowerShell\v1.0\powershell.exe
FileVersion: 10.0.26100.5074 (WinBuild.160101.0800)
Description: Windows PowerShell
Product: Microsoft? Windows? Operating System
Company: Microsoft Corporation
OriginalFileName: PowerShell.EXE
CommandLine: ""powershell.exe"" & {}
CurrentDirectory: C:\Users\RUNNER~1\AppData\Local\Temp\
User: runnervm8j6r3\runneradmin
LogonGuid: {f995aebf-600e-6942-ddf0-0b0000000000}
LogonId: 0xBF0DD
TerminalSessionId: 2
IntegrityLevel: High
Hashes: SHA256=0FF6F2C94BC7E2833A5F7E16DE1622E5DBA70396F31C7D5F56381870317E8C46
ParentProcessGuid: {f995aebf-60f0-6942-4d02-000000000e00}
ParentProcessId: 7600
ParentImage: C:\Windows\System32\WindowsPowerShell\v1.0\powershell.exe
ParentCommandLine: ""C:\Windows\System32\WindowsPowerShell\v1.0\powershell.EXE"" -command "". 'D:\a\_temp\b5779890-c6d1-4d54-8cf1-6a4ae2edeb5c.ps1'""
ParentUser: runnervm8j6r3\runneradmin"
"12/17/2025 8:19:48 AM","10","Process accessed:
RuleName: ProcessAccess
UtcTime: 2025-12-17 08:19:48.797
SourceProcessGUID: {f995aebf-60f0-6942-4d02-000000000e00}
SourceProcessId: 7600
SourceThreadId: 6580
SourceImage: C:\Windows\System32\WindowsPowerShell\v1.0\powershell.EXE
TargetProcessGUID: {f995aebf-67a4-6942-1f07-000000000e00}
TargetProcessId: 2156
TargetImage: C:\Windows\SYSTEM32\cmd.exe
GrantedAccess: 0x1FFFFF
CallTrace: C:\Windows\SYSTEM32\ntdll.dll+1636d4|C:\Windows\System32\KERNELBASE.dll+96a8a|C:\Windows\System32\KERNELBASE.dll+940e6|C:\Windows\System32\KERNEL32.DLL+3c6d4|C:\Windows\assembly\NativeImages_v4.0.30319_64\System\22f4d83e48c2201947e262d4bca638b9\System.ni.dll+351876|C:\Windows\assembly\NativeImages_v4.0.30319_64\System\22f4d83e48c2201947e262d4bca638b9\System.ni.dll+2b3c89|C:\Windows\assembly\NativeImages_v4.0.30319_64\System\22f4d83e48c2201947e262d4bca638b9\System.ni.dll+2b35f9|UNKNOWN(00007FF991FCB485)
SourceUser: runnervm8j6r3\runneradmin
TargetUser: runnervm8j6r3\runneradmin"
"12/17/2025 8:19:48 AM","1","Process Create:
RuleName: ProcessCreate
UtcTime: 2025-12-17 08:19:48.796
ProcessGuid: {f995aebf-67a4-6942-1f07-000000000e00}
ProcessId: 2156
Image: C:\Windows\System32\cmd.exe
FileVersion: 10.0.26100.7019 (WinBuild.160101.0800)
Description: Windows Command Processor
Product: Microsoft? Windows? Operating System
Company: Microsoft Corporation
OriginalFileName: Cmd.Exe
CommandLine: ""cmd.exe"" /c 
CurrentDirectory: C:\Users\RUNNER~1\AppData\Local\Temp\
User: runnervm8j6r3\runneradmin
LogonGuid: {f995aebf-600e-6942-ddf0-0b0000000000}
LogonId: 0xBF0DD
TerminalSessionId: 2
IntegrityLevel: High
Hashes: SHA256=9695CF4566DDF878A69C3D419E0DA4EEA87B0F24261AD8E79A3A9C4A9885429C
ParentProcessGuid: {f995aebf-60f0-6942-4d02-000000000e00}
ParentProcessId: 7600
ParentImage: C:\Windows\System32\WindowsPowerShell\v1.0\powershell.exe
ParentCommandLine: ""C:\Windows\System32\WindowsPowerShell\v1.0\powershell.EXE"" -command "". 'D:\a\_temp\b5779890-c6d1-4d54-8cf1-6a4ae2edeb5c.ps1'""
ParentUser: runnervm8j6r3\runneradmin"
"12/17/2025 8:19:48 AM","10","Process accessed:
RuleName: ProcessAccess
UtcTime: 2025-12-17 08:19:48.588
SourceProcessGUID: {f995aebf-60f0-6942-4d02-000000000e00}
SourceProcessId: 7600
SourceThreadId: 6580
SourceImage: C:\Windows\System32\WindowsPowerShell\v1.0\powershell.EXE
TargetProcessGUID: {f995aebf-67a4-6942-1d07-000000000e00}
TargetProcessId: 9564
TargetImage: C:\Windows\SYSTEM32\cmd.exe
GrantedAccess: 0x1FFFFF
CallTrace: C:\Windows\SYSTEM32\ntdll.dll+1636d4|C:\Windows\System32\KERNELBASE.dll+96a8a|C:\Windows\System32\KERNELBASE.dll+940e6|C:\Windows\System32\KERNEL32.DLL+3c6d4|C:\Windows\assembly\NativeImages_v4.0.30319_64\System\22f4d83e48c2201947e262d4bca638b9\System.ni.dll+351876|C:\Windows\assembly\NativeImages_v4.0.30319_64\System\22f4d83e48c2201947e262d4bca638b9\System.ni.dll+2b3c89|C:\Windows\assembly\NativeImages_v4.0.30319_64\System\22f4d83e48c2201947e262d4bca638b9\System.ni.dll+2b35f9|UNKNOWN(00007FF991FCB485)
SourceUser: runnervm8j6r3\runneradmin
TargetUser: runnervm8j6r3\runneradmin"
"12/17/2025 8:19:48 AM","1","Process Create:
RuleName: ProcessCreate
UtcTime: 2025-12-17 08:19:48.590
ProcessGuid: {f995aebf-67a4-6942-1d07-000000000e00}
ProcessId: 9564
Image: C:\Windows\System32\cmd.exe
FileVersion: 10.0.26100.7019 (WinBuild.160101.0800)
Description: Windows Command Processor
Product: Microsoft? Windows? Operating System
Company: Microsoft Corporation
OriginalFileName: Cmd.Exe
CommandLine: ""cmd.exe"" /c 
CurrentDirectory: C:\Users\RUNNER~1\AppData\Local\Temp\
User: runnervm8j6r3\runneradmin
LogonGuid: {f995aebf-600e-6942-ddf0-0b0000000000}
LogonId: 0xBF0DD
TerminalSessionId: 2
IntegrityLevel: High
Hashes: SHA256=9695CF4566DDF878A69C3D419E0DA4EEA87B0F24261AD8E79A3A9C4A9885429C
ParentProcessGuid: {f995aebf-60f0-6942-4d02-000000000e00}
ParentProcessId: 7600
ParentImage: C:\Windows\System32\WindowsPowerShell\v1.0\powershell.exe
ParentCommandLine: ""C:\Windows\System32\WindowsPowerShell\v1.0\powershell.EXE"" -command "". 'D:\a\_temp\b5779890-c6d1-4d54-8cf1-6a4ae2edeb5c.ps1'""
ParentUser: runnervm8j6r3\runneradmin"
"12/17/2025 8:19:48 AM","10","Process accessed:
RuleName: ProcessAccess
UtcTime: 2025-12-17 08:19:48.378
SourceProcessGUID: {f995aebf-60f0-6942-4d02-000000000e00}
SourceProcessId: 7600
SourceThreadId: 6580
SourceImage: C:\Windows\System32\WindowsPowerShell\v1.0\powershell.EXE
TargetProcessGUID: {f995aebf-67a4-6942-1b07-000000000e00}
TargetProcessId: 4948
TargetImage: C:\Windows\SYSTEM32\cmd.exe
GrantedAccess: 0x1FFFFF
CallTrace: C:\Windows\SYSTEM32\ntdll.dll+1636d4|C:\Windows\System32\KERNELBASE.dll+96a8a|C:\Windows\System32\KERNELBASE.dll+940e6|C:\Windows\System32\KERNEL32.DLL+3c6d4|C:\Windows\assembly\NativeImages_v4.0.30319_64\System\22f4d83e48c2201947e262d4bca638b9\System.ni.dll+351876|C:\Windows\assembly\NativeImages_v4.0.30319_64\System\22f4d83e48c2201947e262d4bca638b9\System.ni.dll+2b3c89|C:\Windows\assembly\NativeImages_v4.0.30319_64\System\22f4d83e48c2201947e262d4bca638b9\System.ni.dll+2b35f9|UNKNOWN(00007FF991FCB485)
SourceUser: runnervm8j6r3\runneradmin
TargetUser: runnervm8j6r3\runneradmin"
"12/17/2025 8:19:48 AM","1","Process Create:
RuleName: ProcessCreate
UtcTime: 2025-12-17 08:19:48.380
ProcessGuid: {f995aebf-67a4-6942-1b07-000000000e00}
ProcessId: 4948
Image: C:\Windows\System32\cmd.exe
FileVersion: 10.0.26100.7019 (WinBuild.160101.0800)
Description: Windows Command Processor
Product: Microsoft? Windows? Operating System
Company: Microsoft Corporation
OriginalFileName: Cmd.Exe
CommandLine: ""cmd.exe"" /c 
CurrentDirectory: C:\Users\RUNNER~1\AppData\Local\Temp\
User: runnervm8j6r3\runneradmin
LogonGuid: {f995aebf-600e-6942-ddf0-0b0000000000}
LogonId: 0xBF0DD
TerminalSessionId: 2
IntegrityLevel: High
Hashes: SHA256=9695CF4566DDF878A69C3D419E0DA4EEA87B0F24261AD8E79A3A9C4A9885429C
ParentProcessGuid: {f995aebf-60f0-6942-4d02-000000000e00}
ParentProcessId: 7600
ParentImage: C:\Windows\System32\WindowsPowerShell\v1.0\powershell.exe
ParentCommandLine: ""C:\Windows\System32\WindowsPowerShell\v1.0\powershell.EXE"" -command "". 'D:\a\_temp\b5779890-c6d1-4d54-8cf1-6a4ae2edeb5c.ps1'""
ParentUser: runnervm8j6r3\runneradmin"
"12/17/2025 8:19:48 AM","10","Process accessed:
RuleName: ProcessAccess
UtcTime: 2025-12-17 08:19:48.170
SourceProcessGUID: {f995aebf-60f0-6942-4d02-000000000e00}
SourceProcessId: 7600
SourceThreadId: 6580
SourceImage: C:\Windows\System32\WindowsPowerShell\v1.0\powershell.EXE
TargetProcessGUID: {f995aebf-67a4-6942-1907-000000000e00}
TargetProcessId: 6124
TargetImage: C:\Windows\SYSTEM32\cmd.exe
GrantedAccess: 0x1FFFFF
CallTrace: C:\Windows\SYSTEM32\ntdll.dll+1636d4|C:\Windows\System32\KERNELBASE.dll+96a8a|C:\Windows\System32\KERNELBASE.dll+940e6|C:\Windows\System32\KERNEL32.DLL+3c6d4|C:\Windows\assembly\NativeImages_v4.0.30319_64\System\22f4d83e48c2201947e262d4bca638b9\System.ni.dll+351876|C:\Windows\assembly\NativeImages_v4.0.30319_64\System\22f4d83e48c2201947e262d4bca638b9\System.ni.dll+2b3c89|C:\Windows\assembly\NativeImages_v4.0.30319_64\System\22f4d83e48c2201947e262d4bca638b9\System.ni.dll+2b35f9|UNKNOWN(00007FF991FCB485)
SourceUser: runnervm8j6r3\runneradmin
TargetUser: runnervm8j6r3\runneradmin"
"12/17/2025 8:19:48 AM","1","Process Create:
RuleName: ProcessCreate
UtcTime: 2025-12-17 08:19:48.171
ProcessGuid: {f995aebf-67a4-6942-1907-000000000e00}
ProcessId: 6124
Image: C:\Windows\System32\cmd.exe
FileVersion: 10.0.26100.7019 (WinBuild.160101.0800)
Description: Windows Command Processor
Product: Microsoft? Windows? Operating System
Company: Microsoft Corporation
OriginalFileName: Cmd.Exe
CommandLine: ""cmd.exe"" /c 
CurrentDirectory: C:\Users\RUNNER~1\AppData\Local\Temp\
User: runnervm8j6r3\runneradmin
LogonGuid: {f995aebf-600e-6942-ddf0-0b0000000000}
LogonId: 0xBF0DD
TerminalSessionId: 2
IntegrityLevel: High
Hashes: SHA256=9695CF4566DDF878A69C3D419E0DA4EEA87B0F24261AD8E79A3A9C4A9885429C
ParentProcessGuid: {f995aebf-60f0-6942-4d02-000000000e00}
ParentProcessId: 7600
ParentImage: C:\Windows\System32\WindowsPowerShell\v1.0\powershell.exe
ParentCommandLine: ""C:\Windows\System32\WindowsPowerShell\v1.0\powershell.EXE"" -command "". 'D:\a\_temp\b5779890-c6d1-4d54-8cf1-6a4ae2edeb5c.ps1'""
ParentUser: runnervm8j6r3\runneradmin"
"12/17/2025 8:19:47 AM","10","Process accessed:
RuleName: ProcessAccess
UtcTime: 2025-12-17 08:19:47.962
SourceProcessGUID: {f995aebf-60f0-6942-4d02-000000000e00}
SourceProcessId: 7600
SourceThreadId: 6580
SourceImage: C:\Windows\System32\WindowsPowerShell\v1.0\powershell.EXE
TargetProcessGUID: {f995aebf-67a3-6942-1707-000000000e00}
TargetProcessId: 7888
TargetImage: C:\Windows\SYSTEM32\cmd.exe
GrantedAccess: 0x1FFFFF
CallTrace: C:\Windows\SYSTEM32\ntdll.dll+1636d4|C:\Windows\System32\KERNELBASE.dll+96a8a|C:\Windows\System32\KERNELBASE.dll+940e6|C:\Windows\System32\KERNEL32.DLL+3c6d4|C:\Windows\assembly\NativeImages_v4.0.30319_64\System\22f4d83e48c2201947e262d4bca638b9\System.ni.dll+351876|C:\Windows\assembly\NativeImages_v4.0.30319_64\System\22f4d83e48c2201947e262d4bca638b9\System.ni.dll+2b3c89|C:\Windows\assembly\NativeImages_v4.0.30319_64\System\22f4d83e48c2201947e262d4bca638b9\System.ni.dll+2b35f9|UNKNOWN(00007FF991FCB485)
SourceUser: runnervm8j6r3\runneradmin
TargetUser: runnervm8j6r3\runneradmin"
"12/17/2025 8:19:47 AM","1","Process Create:
RuleName: ProcessCreate
UtcTime: 2025-12-17 08:19:47.962
ProcessGuid: {f995aebf-67a3-6942-1707-000000000e00}
ProcessId: 7888
Image: C:\Windows\System32\cmd.exe
FileVersion: 10.0.26100.7019 (WinBuild.160101.0800)
Description: Windows Command Processor
Product: Microsoft? Windows? Operating System
Company: Microsoft Corporation
OriginalFileName: Cmd.Exe
CommandLine: ""cmd.exe"" /c 
CurrentDirectory: C:\Users\RUNNER~1\AppData\Local\Temp\
User: runnervm8j6r3\runneradmin
LogonGuid: {f995aebf-600e-6942-ddf0-0b0000000000}
LogonId: 0xBF0DD
TerminalSessionId: 2
IntegrityLevel: High
Hashes: SHA256=9695CF4566DDF878A69C3D419E0DA4EEA87B0F24261AD8E79A3A9C4A9885429C
ParentProcessGuid: {f995aebf-60f0-6942-4d02-000000000e00}
ParentProcessId: 7600
ParentImage: C:\Windows\System32\WindowsPowerShell\v1.0\powershell.exe
ParentCommandLine: ""C:\Windows\System32\WindowsPowerShell\v1.0\powershell.EXE"" -command "". 'D:\a\_temp\b5779890-c6d1-4d54-8cf1-6a4ae2edeb5c.ps1'""
ParentUser: runnervm8j6r3\runneradmin"
"12/17/2025 8:19:47 AM","10","Process accessed:
RuleName: ProcessAccess
UtcTime: 2025-12-17 08:19:47.747
SourceProcessGUID: {f995aebf-60f0-6942-4d02-000000000e00}
SourceProcessId: 7600
SourceThreadId: 6580
SourceImage: C:\Windows\System32\WindowsPowerShell\v1.0\powershell.EXE
TargetProcessGUID: {f995aebf-67a3-6942-1507-000000000e00}
TargetProcessId: 3984
TargetImage: C:\Windows\SYSTEM32\cmd.exe
GrantedAccess: 0x1FFFFF
CallTrace: C:\Windows\SYSTEM32\ntdll.dll+1636d4|C:\Windows\System32\KERNELBASE.dll+96a8a|C:\Windows\System32\KERNELBASE.dll+940e6|C:\Windows\System32\KERNEL32.DLL+3c6d4|C:\Windows\assembly\NativeImages_v4.0.30319_64\System\22f4d83e48c2201947e262d4bca638b9\System.ni.dll+351876|C:\Windows\assembly\NativeImages_v4.0.30319_64\System\22f4d83e48c2201947e262d4bca638b9\System.ni.dll+2b3c89|C:\Windows\assembly\NativeImages_v4.0.30319_64\System\22f4d83e48c2201947e262d4bca638b9\System.ni.dll+2b35f9|UNKNOWN(00007FF991FCB485)
SourceUser: runnervm8j6r3\runneradmin
TargetUser: runnervm8j6r3\runneradmin"
"12/17/2025 8:19:47 AM","1","Process Create:
RuleName: ProcessCreate
UtcTime: 2025-12-17 08:19:47.747
ProcessGuid: {f995aebf-67a3-6942-1507-000000000e00}
ProcessId: 3984
Image: C:\Windows\System32\cmd.exe
FileVersion: 10.0.26100.7019 (WinBuild.160101.0800)
Description: Windows Command Processor
Product: Microsoft? Windows? Operating System
Company: Microsoft Corporation
OriginalFileName: Cmd.Exe
CommandLine: ""cmd.exe"" /c 
CurrentDirectory: C:\Users\RUNNER~1\AppData\Local\Temp\
User: runnervm8j6r3\runneradmin
LogonGuid: {f995aebf-600e-6942-ddf0-0b0000000000}
LogonId: 0xBF0DD
TerminalSessionId: 2
IntegrityLevel: High
Hashes: SHA256=9695CF4566DDF878A69C3D419E0DA4EEA87B0F24261AD8E79A3A9C4A9885429C
ParentProcessGuid: {f995aebf-60f0-6942-4d02-000000000e00}
ParentProcessId: 7600
ParentImage: C:\Windows\System32\WindowsPowerShell\v1.0\powershell.exe
ParentCommandLine: ""C:\Windows\System32\WindowsPowerShell\v1.0\powershell.EXE"" -command "". 'D:\a\_temp\b5779890-c6d1-4d54-8cf1-6a4ae2edeb5c.ps1'""
ParentUser: runnervm8j6r3\runneradmin"
"12/17/2025 8:19:47 AM","10","Process accessed:
RuleName: ProcessAccess
UtcTime: 2025-12-17 08:19:47.536
SourceProcessGUID: {f995aebf-60f0-6942-4d02-000000000e00}
SourceProcessId: 7600
SourceThreadId: 6580
SourceImage: C:\Windows\System32\WindowsPowerShell\v1.0\powershell.EXE
TargetProcessGUID: {f995aebf-67a3-6942-1307-000000000e00}
TargetProcessId: 4172
TargetImage: C:\Windows\SYSTEM32\cmd.exe
GrantedAccess: 0x1FFFFF
CallTrace: C:\Windows\SYSTEM32\ntdll.dll+1636d4|C:\Windows\System32\KERNELBASE.dll+96a8a|C:\Windows\System32\KERNELBASE.dll+940e6|C:\Windows\System32\KERNEL32.DLL+3c6d4|C:\Windows\assembly\NativeImages_v4.0.30319_64\System\22f4d83e48c2201947e262d4bca638b9\System.ni.dll+351876|C:\Windows\assembly\NativeImages_v4.0.30319_64\System\22f4d83e48c2201947e262d4bca638b9\System.ni.dll+2b3c89|C:\Windows\assembly\NativeImages_v4.0.30319_64\System\22f4d83e48c2201947e262d4bca638b9\System.ni.dll+2b35f9|UNKNOWN(00007FF991FCB485)
SourceUser: runnervm8j6r3\runneradmin
TargetUser: runnervm8j6r3\runneradmin"
"12/17/2025 8:19:47 AM","1","Process Create:
RuleName: ProcessCreate
UtcTime: 2025-12-17 08:19:47.536
ProcessGuid: {f995aebf-67a3-6942-1307-000000000e00}
ProcessId: 4172
Image: C:\Windows\System32\cmd.exe
FileVersion: 10.0.26100.7019 (WinBuild.160101.0800)
Description: Windows Command Processor
Product: Microsoft? Windows? Operating System
Company: Microsoft Corporation
OriginalFileName: Cmd.Exe
CommandLine: ""cmd.exe"" /c 
CurrentDirectory: C:\Users\RUNNER~1\AppData\Local\Temp\
User: runnervm8j6r3\runneradmin
LogonGuid: {f995aebf-600e-6942-ddf0-0b0000000000}
LogonId: 0xBF0DD
TerminalSessionId: 2
IntegrityLevel: High
Hashes: SHA256=9695CF4566DDF878A69C3D419E0DA4EEA87B0F24261AD8E79A3A9C4A9885429C
ParentProcessGuid: {f995aebf-60f0-6942-4d02-000000000e00}
ParentProcessId: 7600
ParentImage: C:\Windows\System32\WindowsPowerShell\v1.0\powershell.exe
ParentCommandLine: ""C:\Windows\System32\WindowsPowerShell\v1.0\powershell.EXE"" -command "". 'D:\a\_temp\b5779890-c6d1-4d54-8cf1-6a4ae2edeb5c.ps1'""
ParentUser: runnervm8j6r3\runneradmin"
"12/17/2025 8:19:47 AM","10","Process accessed:
RuleName: ProcessAccess
UtcTime: 2025-12-17 08:19:47.325
SourceProcessGUID: {f995aebf-60f0-6942-4d02-000000000e00}
SourceProcessId: 7600
SourceThreadId: 6580
SourceImage: C:\Windows\System32\WindowsPowerShell\v1.0\powershell.EXE
TargetProcessGUID: {f995aebf-67a3-6942-1107-000000000e00}
TargetProcessId: 3932
TargetImage: C:\Windows\SYSTEM32\cmd.exe
GrantedAccess: 0x1FFFFF
CallTrace: C:\Windows\SYSTEM32\ntdll.dll+1636d4|C:\Windows\System32\KERNELBASE.dll+96a8a|C:\Windows\System32\KERNELBASE.dll+940e6|C:\Windows\System32\KERNEL32.DLL+3c6d4|C:\Windows\assembly\NativeImages_v4.0.30319_64\System\22f4d83e48c2201947e262d4bca638b9\System.ni.dll+351876|C:\Windows\assembly\NativeImages_v4.0.30319_64\System\22f4d83e48c2201947e262d4bca638b9\System.ni.dll+2b3c89|C:\Windows\assembly\NativeImages_v4.0.30319_64\System\22f4d83e48c2201947e262d4bca638b9\System.ni.dll+2b35f9|UNKNOWN(00007FF991FCB485)
SourceUser: runnervm8j6r3\runneradmin
TargetUser: runnervm8j6r3\runneradmin"
"12/17/2025 8:19:47 AM","1","Process Create:
RuleName: ProcessCreate
UtcTime: 2025-12-17 08:19:47.324
ProcessGuid: {f995aebf-67a3-6942-1107-000000000e00}
ProcessId: 3932
Image: C:\Windows\System32\cmd.exe
FileVersion: 10.0.26100.7019 (WinBuild.160101.0800)
Description: Windows Command Processor
Product: Microsoft? Windows? Operating System
Company: Microsoft Corporation
OriginalFileName: Cmd.Exe
CommandLine: ""cmd.exe"" /c 
CurrentDirectory: C:\Users\RUNNER~1\AppData\Local\Temp\
User: runnervm8j6r3\runneradmin
LogonGuid: {f995aebf-600e-6942-ddf0-0b0000000000}
LogonId: 0xBF0DD
TerminalSessionId: 2
IntegrityLevel: High
Hashes: SHA256=9695CF4566DDF878A69C3D419E0DA4EEA87B0F24261AD8E79A3A9C4A9885429C
ParentProcessGuid: {f995aebf-60f0-6942-4d02-000000000e00}
ParentProcessId: 7600
ParentImage: C:\Windows\System32\WindowsPowerShell\v1.0\powershell.exe
ParentCommandLine: ""C:\Windows\System32\WindowsPowerShell\v1.0\powershell.EXE"" -command "". 'D:\a\_temp\b5779890-c6d1-4d54-8cf1-6a4ae2edeb5c.ps1'""
ParentUser: runnervm8j6r3\runneradmin"
"12/17/2025 8:19:47 AM","10","Process accessed:
RuleName: ProcessAccess
UtcTime: 2025-12-17 08:19:47.084
SourceProcessGUID: {f995aebf-679a-6942-0107-000000000e00}
SourceProcessId: 6572
SourceThreadId: 6836
SourceImage: C:\Windows\system32\wbem\wmiprvse.exe
TargetProcessGUID: {f995aebf-5ff1-6942-0d00-000000000e00}
TargetProcessId: 992
TargetImage: C:\Windows\system32\lsass.exe
GrantedAccess: 0x1410
CallTrace: C:\Windows\SYSTEM32\ntdll.dll+162184|C:\Windows\System32\KERNELBASE.dll+3fba6|C:\Windows\system32\wbem\cimwin32.dll+11d96|C:\Windows\system32\wbem\cimwin32.dll+115cd|C:\Windows\SYSTEM32\framedynos.dll+f51a|C:\Windows\SYSTEM32\framedynos.dll+ead5|C:\Windows\system32\wbem\wmiprvse.exe+2b00f|C:\Windows\system32\wbem\wmiprvse.exe+2a25f|C:\Windows\System32\RPCRT4.dll+d3663|C:\Windows\System32\RPCRT4.dll+174bd|C:\Windows\System32\combase.dll+9ac7f|C:\Windows\System32\RPCRT4.dll+6cd16|C:\Windows\System32\combase.dll+9ab62|C:\Windows\System32\combase.dll+9a0d6|C:\Windows\System32\combase.dll+99721|C:\Windows\System32\combase.dll+1095d6|C:\Windows\System32\combase.dll+6f51a|C:\Windows\System32\combase.dll+74988|C:\Windows\System32\combase.dll+a40d3|C:\Windows\System32\RPCRT4.dll+880f7|C:\Windows\System32\RPCRT4.dll+51ab4|C:\Windows\System32\RPCRT4.dll+5287a|C:\Windows\System32\RPCRT4.dll+3fc54|C:\Windows\System32\RPCRT4.dll+5001c
SourceUser: NT AUTHORITY\NETWORK SERVICE
TargetUser: NT AUTHORITY\SYSTEM"
"12/17/2025 8:19:47 AM","7","Image loaded:
RuleName: ImageLoad
UtcTime: 2025-12-17 08:19:47.075
ProcessGuid: {f995aebf-67a3-6942-1007-000000000e00}
ProcessId: 8112
Image: C:\Windows\System32\taskkill.exe
ImageLoaded: C:\ProgramData\Microsoft\Windows Defender\Platform\4.18.25110.5-0\MpOAV.dll
FileVersion: 4.18.25110.5 (4a6978a838df7287d907bb2ee8a2eeb2373b186e)
Description: IOfficeAntiVirus Module
Product: Microsoft? Windows? Operating System
Company: Microsoft Corporation
OriginalFileName: MpOAV.dll
Hashes: SHA256=0EF8AE9CC8E3722C0AE09B55531BBA2F2A3422CCF4A1BB9B37ABDB4808AAC232
Signed: true
Signature: Microsoft Windows
SignatureStatus: Valid
User: runnervm8j6r3\runneradmin"
"12/17/2025 8:19:47 AM","7","Image loaded:
RuleName: ImageLoad
UtcTime: 2025-12-17 08:19:47.054
ProcessGuid: {f995aebf-67a3-6942-1007-000000000e00}
ProcessId: 8112
Image: C:\Windows\System32\taskkill.exe
ImageLoaded: C:\Windows\System32\dbghelp.dll
FileVersion: 10.0.26100.5074 (WinBuild.160101.0800)
Description: Windows Image Helper
Product: Microsoft? Windows? Operating System
Company: Microsoft Corporation
OriginalFileName: DBGHELP.DLL
Hashes: SHA256=C821A11C26E939E7A2E96C7E68A9FCEADF39AB6873140951902D2A676381D9C9
Signed: true
Signature: Microsoft Windows
SignatureStatus: Valid
User: runnervm8j6r3\runneradmin"
"12/17/2025 8:19:47 AM","10","Process accessed:
RuleName: ProcessAccess
UtcTime: 2025-12-17 08:19:47.022
SourceProcessGUID: {f995aebf-60f0-6942-4d02-000000000e00}
SourceProcessId: 7600
SourceThreadId: 6580
SourceImage: C:\Windows\System32\WindowsPowerShell\v1.0\powershell.EXE
TargetProcessGUID: {f995aebf-67a3-6942-0e07-000000000e00}
TargetProcessId: 776
TargetImage: C:\Windows\SYSTEM32\cmd.exe
GrantedAccess: 0x1FFFFF
CallTrace: C:\Windows\SYSTEM32\ntdll.dll+1636d4|C:\Windows\System32\KERNELBASE.dll+96a8a|C:\Windows\System32\KERNELBASE.dll+940e6|C:\Windows\System32\KERNEL32.DLL+3c6d4|C:\Windows\assembly\NativeImages_v4.0.30319_64\System\22f4d83e48c2201947e262d4bca638b9\System.ni.dll+351876|C:\Windows\assembly\NativeImages_v4.0.30319_64\System\22f4d83e48c2201947e262d4bca638b9\System.ni.dll+2b3c89|C:\Windows\assembly\NativeImages_v4.0.30319_64\System\22f4d83e48c2201947e262d4bca638b9\System.ni.dll+2b35f9|UNKNOWN(00007FF991FCB485)
SourceUser: runnervm8j6r3\runneradmin
TargetUser: runnervm8j6r3\runneradmin"
"12/17/2025 8:19:47 AM","1","Process Create:
RuleName: ProcessCreate
UtcTime: 2025-12-17 08:19:47.023
ProcessGuid: {f995aebf-67a3-6942-0e07-000000000e00}
ProcessId: 776
Image: C:\Windows\System32\cmd.exe
FileVersion: 10.0.26100.7019 (WinBuild.160101.0800)
Description: Windows Command Processor
Product: Microsoft? Windows? Operating System
Company: Microsoft Corporation
OriginalFileName: Cmd.Exe
CommandLine: ""cmd.exe"" /c taskkill /IM notepad.exe /f
CurrentDirectory: C:\Users\RUNNER~1\AppData\Local\Temp\
User: runnervm8j6r3\runneradmin
LogonGuid: {f995aebf-600e-6942-ddf0-0b0000000000}
LogonId: 0xBF0DD
TerminalSessionId: 2
IntegrityLevel: High
Hashes: SHA256=9695CF4566DDF878A69C3D419E0DA4EEA87B0F24261AD8E79A3A9C4A9885429C
ParentProcessGuid: {f995aebf-60f0-6942-4d02-000000000e00}
ParentProcessId: 7600
ParentImage: C:\Windows\System32\WindowsPowerShell\v1.0\powershell.exe
ParentCommandLine: ""C:\Windows\System32\WindowsPowerShell\v1.0\powershell.EXE"" -command "". 'D:\a\_temp\b5779890-c6d1-4d54-8cf1-6a4ae2edeb5c.ps1'""
ParentUser: runnervm8j6r3\runneradmin"
"12/17/2025 8:19:46 AM","10","Process accessed:
RuleName: ProcessAccess
UtcTime: 2025-12-17 08:19:46.792
SourceProcessGUID: {f995aebf-60f0-6942-4d02-000000000e00}
SourceProcessId: 7600
SourceThreadId: 6580
SourceImage: C:\Windows\System32\WindowsPowerShell\v1.0\powershell.EXE
TargetProcessGUID: {f995aebf-67a2-6942-0d07-000000000e00}
TargetProcessId: 5988
TargetImage: C:\Windows\system32\whoami.exe
GrantedAccess: 0x1FFFFF
CallTrace: C:\Windows\SYSTEM32\ntdll.dll+1636d4|C:\Windows\System32\KERNELBASE.dll+96a8a|C:\Windows\System32\KERNELBASE.dll+940e6|C:\Windows\System32\KERNEL32.DLL+3c6d4|C:\Windows\assembly\NativeImages_v4.0.30319_64\System\22f4d83e48c2201947e262d4bca638b9\System.ni.dll+351876|C:\Windows\assembly\NativeImages_v4.0.30319_64\System\22f4d83e48c2201947e262d4bca638b9\System.ni.dll+2b3c89|C:\Windows\assembly\NativeImages_v4.0.30319_64\System\22f4d83e48c2201947e262d4bca638b9\System.ni.dll+2b35f9|C:\Windows\assembly\NativeImages_v4.0.30319_64\System.Manaa57fc8cc#\4a7766a1c9970ca229a03b7aa442caed\System.Management.Automation.ni.dll+11c64f9|C:\Windows\assembly\NativeImages_v4.0.30319_64\System.Manaa57fc8cc#\4a7766a1c9970ca229a03b7aa442caed\System.Management.Automation.ni.dll+10dabba|C:\Windows\assembly\NativeImages_v4.0.30319_64\System.Manaa57fc8cc#\4a7766a1c9970ca229a03b7aa442caed\System.Management.Automation.ni.dll+1187f2d|C:\Windows\assembly\NativeImages_v4.0.30319_64\System.Manaa57fc8cc#\4a7766a1c9970ca229a03b7aa442caed\System.Management.Automation.ni.dll+1187beb|C:\Windows\assembly\NativeImages_v4.0.30319_64\System.Manaa57fc8cc#\4a7766a1c9970ca229a03b7aa442caed\System.Management.Automation.ni.dll+125f1ff|UNKNOWN(00007FF991BD3401)
SourceUser: runnervm8j6r3\runneradmin
TargetUser: runnervm8j6r3\runneradmin"
"12/17/2025 8:19:46 AM","1","Process Create:
RuleName: ProcessCreate
UtcTime: 2025-12-17 08:19:46.793
ProcessGuid: {f995aebf-67a2-6942-0d07-000000000e00}
ProcessId: 5988
Image: C:\Windows\System32\whoami.exe
FileVersion: 10.0.26100.1882 (WinBuild.160101.0800)
Description: whoami - displays logged on user information
Product: Microsoft? Windows? Operating System
Company: Microsoft Corporation
OriginalFileName: whoami.exe
CommandLine: ""C:\Windows\system32\whoami.exe""
CurrentDirectory: D:\a\sysmon\sysmon\
User: runnervm8j6r3\runneradmin
LogonGuid: {f995aebf-600e-6942-ddf0-0b0000000000}
LogonId: 0xBF0DD
TerminalSessionId: 2
IntegrityLevel: High
Hashes: SHA256=23240EF9F8B0A9A324110B1C2331DE31DC1B0E08F5359CB707E51A939AF56CD3
ParentProcessGuid: {f995aebf-60f0-6942-4d02-000000000e00}
ParentProcessId: 7600
ParentImage: C:\Windows\System32\WindowsPowerShell\v1.0\powershell.exe
ParentCommandLine: ""C:\Windows\System32\WindowsPowerShell\v1.0\powershell.EXE"" -command "". 'D:\a\_temp\b5779890-c6d1-4d54-8cf1-6a4ae2edeb5c.ps1'""
ParentUser: runnervm8j6r3\runneradmin"
"12/17/2025 8:19:46 AM","10","Process accessed:
RuleName: ProcessAccess
UtcTime: 2025-12-17 08:19:46.774
SourceProcessGUID: {f995aebf-60f0-6942-4d02-000000000e00}
SourceProcessId: 7600
SourceThreadId: 6580
SourceImage: C:\Windows\System32\WindowsPowerShell\v1.0\powershell.EXE
TargetProcessGUID: {f995aebf-67a2-6942-0c07-000000000e00}
TargetProcessId: 7688
TargetImage: C:\Windows\system32\HOSTNAME.EXE
GrantedAccess: 0x1FFFFF
CallTrace: C:\Windows\SYSTEM32\ntdll.dll+1636d4|C:\Windows\System32\KERNELBASE.dll+96a8a|C:\Windows\System32\KERNELBASE.dll+940e6|C:\Windows\System32\KERNEL32.DLL+3c6d4|C:\Windows\assembly\NativeImages_v4.0.30319_64\System\22f4d83e48c2201947e262d4bca638b9\System.ni.dll+351876|C:\Windows\assembly\NativeImages_v4.0.30319_64\System\22f4d83e48c2201947e262d4bca638b9\System.ni.dll+2b3c89|C:\Windows\assembly\NativeImages_v4.0.30319_64\System\22f4d83e48c2201947e262d4bca638b9\System.ni.dll+2b35f9|C:\Windows\assembly\NativeImages_v4.0.30319_64\System.Manaa57fc8cc#\4a7766a1c9970ca229a03b7aa442caed\System.Management.Automation.ni.dll+11c64f9|C:\Windows\assembly\NativeImages_v4.0.30319_64\System.Manaa57fc8cc#\4a7766a1c9970ca229a03b7aa442caed\System.Management.Automation.ni.dll+10dabba|C:\Windows\assembly\NativeImages_v4.0.30319_64\System.Manaa57fc8cc#\4a7766a1c9970ca229a03b7aa442caed\System.Management.Automation.ni.dll+1187f2d|C:\Windows\assembly\NativeImages_v4.0.30319_64\System.Manaa57fc8cc#\4a7766a1c9970ca229a03b7aa442caed\System.Management.Automation.ni.dll+1187beb|C:\Windows\assembly\NativeImages_v4.0.30319_64\System.Manaa57fc8cc#\4a7766a1c9970ca229a03b7aa442caed\System.Management.Automation.ni.dll+125f1ff|UNKNOWN(00007FF991BD3401)
SourceUser: runnervm8j6r3\runneradmin
TargetUser: runnervm8j6r3\runneradmin"
"12/17/2025 8:19:46 AM","1","Process Create:
RuleName: ProcessCreate
UtcTime: 2025-12-17 08:19:46.774
ProcessGuid: {f995aebf-67a2-6942-0c07-000000000e00}
ProcessId: 7688
Image: C:\Windows\System32\HOSTNAME.EXE
FileVersion: 10.0.26100.2161 (WinBuild.160101.0800)
Description: Hostname APP
Product: Microsoft? Windows? Operating System
Company: Microsoft Corporation
OriginalFileName: hostname.exe
CommandLine: ""C:\Windows\system32\HOSTNAME.EXE""
CurrentDirectory: D:\a\sysmon\sysmon\
User: runnervm8j6r3\runneradmin
LogonGuid: {f995aebf-600e-6942-ddf0-0b0000000000}
LogonId: 0xBF0DD
TerminalSessionId: 2
IntegrityLevel: High
Hashes: SHA256=8FF283FB7A282A9B2B30235016669DFE795665BCBB254FD17AC31FA9308D89D9
ParentProcessGuid: {f995aebf-60f0-6942-4d02-000000000e00}
ParentProcessId: 7600
ParentImage: C:\Windows\System32\WindowsPowerShell\v1.0\powershell.exe
ParentCommandLine: ""C:\Windows\System32\WindowsPowerShell\v1.0\powershell.EXE"" -command "". 'D:\a\_temp\b5779890-c6d1-4d54-8cf1-6a4ae2edeb5c.ps1'""
ParentUser: runnervm8j6r3\runneradmin"
"12/17/2025 8:19:40 AM","10","Process accessed:
RuleName: ProcessAccess
UtcTime: 2025-12-17 08:19:40.019
SourceProcessGUID: {f995aebf-679b-6942-0707-000000000e00}
SourceProcessId: 8896
SourceThreadId: 1272
SourceImage: C:\Windows\System32\WindowsPowerShell\v1.0\powershell.exe
TargetProcessGUID: {f995aebf-679c-6942-0907-000000000e00}
TargetProcessId: 8608
TargetImage: C:\Windows\system32\rundll32.exe
GrantedAccess: 0x1FFFFF
CallTrace: C:\Windows\SYSTEM32\ntdll.dll+1636d4|C:\Windows\System32\KERNELBASE.dll+96a8a|C:\Windows\System32\KERNELBASE.dll+940e6|C:\Windows\System32\KERNEL32.DLL+3c6d4|C:\Windows\assembly\NativeImages_v4.0.30319_64\System\22f4d83e48c2201947e262d4bca638b9\System.ni.dll+351876|C:\Windows\assembly\NativeImages_v4.0.30319_64\System\22f4d83e48c2201947e262d4bca638b9\System.ni.dll+2b3c89|C:\Windows\assembly\NativeImages_v4.0.30319_64\System\22f4d83e48c2201947e262d4bca638b9\System.ni.dll+2b35f9|C:\Windows\assembly\NativeImages_v4.0.30319_64\System.Manaa57fc8cc#\4a7766a1c9970ca229a03b7aa442caed\System.Management.Automation.ni.dll+11c64f9|C:\Windows\assembly\NativeImages_v4.0.30319_64\System.Manaa57fc8cc#\4a7766a1c9970ca229a03b7aa442caed\System.Management.Automation.ni.dll+10dabba|C:\Windows\assembly\NativeImages_v4.0.30319_64\System.Manaa57fc8cc#\4a7766a1c9970ca229a03b7aa442caed\System.Management.Automation.ni.dll+1187f2d|C:\Windows\assembly\NativeImages_v4.0.30319_64\System.Manaa57fc8cc#\4a7766a1c9970ca229a03b7aa442caed\System.Management.Automation.ni.dll+1187beb|C:\Windows\assembly\NativeImages_v4.0.30319_64\System.Manaa57fc8cc#\4a7766a1c9970ca229a03b7aa442caed\System.Management.Automation.ni.dll+125f1ff|UNKNOWN(00007FF991BD3A51)
SourceUser: runnervm8j6r3\runneradmin
TargetUser: runnervm8j6r3\runneradmin"
"12/17/2025 8:19:40 AM","1","Process Create:
RuleName: ProcessCreate
UtcTime: 2025-12-17 08:19:40.019
ProcessGuid: {f995aebf-679c-6942-0907-000000000e00}
ProcessId: 8608
Image: C:\Windows\System32\rundll32.exe
FileVersion: 10.0.26100.7019 (WinBuild.160101.0800)
Description: Windows host process (Rundll32)
Product: Microsoft? Windows? Operating System
Company: Microsoft Corporation
OriginalFileName: RUNDLL32.EXE
CommandLine: ""C:\Windows\system32\rundll32.exe"" zipfldr.dll,RouteTheCall '%%windir%%\System32\calc.exe'
CurrentDirectory: C:\Users\runneradmin\AppData\Local\Temp\
User: runnervm8j6r3\runneradmin
LogonGuid: {f995aebf-600e-6942-ddf0-0b0000000000}
LogonId: 0xBF0DD
TerminalSessionId: 2
IntegrityLevel: High
Hashes: SHA256=2F2321D2A3EEEC2CDD7D921645C121BED75872435926EE97F3D53E7EE7662BF0
ParentProcessGuid: {f995aebf-679b-6942-0707-000000000e00}
ParentProcessId: 8896
ParentImage: C:\Windows\System32\WindowsPowerShell\v1.0\powershell.exe
ParentCommandLine: ""powershell.exe"" & {rundll32.exe zipfldr.dll,RouteTheCall \""""'%windir%\System32\calc.exe'\""""}
ParentUser: runnervm8j6r3\runneradmin"
"12/17/2025 8:19:39 AM","10","Process accessed:
RuleName: ProcessAccess
UtcTime: 2025-12-17 08:19:39.791
SourceProcessGUID: {f995aebf-60f0-6942-4d02-000000000e00}
SourceProcessId: 7600
SourceThreadId: 6580
SourceImage: C:\Windows\System32\WindowsPowerShell\v1.0\powershell.EXE
TargetProcessGUID: {f995aebf-679b-6942-0707-000000000e00}
TargetProcessId: 8896
TargetImage: C:\Windows\System32\WindowsPowerShell\v1.0\powershell.exe
GrantedAccess: 0x1FFFFF
CallTrace: C:\Windows\SYSTEM32\ntdll.dll+1636d4|C:\Windows\System32\KERNELBASE.dll+96a8a|C:\Windows\System32\KERNELBASE.dll+940e6|C:\Windows\System32\KERNEL32.DLL+3c6d4|C:\Windows\assembly\NativeImages_v4.0.30319_64\System\22f4d83e48c2201947e262d4bca638b9\System.ni.dll+351876|C:\Windows\assembly\NativeImages_v4.0.30319_64\System\22f4d83e48c2201947e262d4bca638b9\System.ni.dll+2b3c89|C:\Windows\assembly\NativeImages_v4.0.30319_64\System\22f4d83e48c2201947e262d4bca638b9\System.ni.dll+2b35f9|UNKNOWN(00007FF991FCB485)
SourceUser: runnervm8j6r3\runneradmin
TargetUser: runnervm8j6r3\runneradmin"
"12/17/2025 8:19:39 AM","1","Process Create:
RuleName: ProcessCreate
UtcTime: 2025-12-17 08:19:39.791
ProcessGuid: {f995aebf-679b-6942-0707-000000000e00}
ProcessId: 8896
Image: C:\Windows\System32\WindowsPowerShell\v1.0\powershell.exe
FileVersion: 10.0.26100.5074 (WinBuild.160101.0800)
Description: Windows PowerShell
Product: Microsoft? Windows? Operating System
Company: Microsoft Corporation
OriginalFileName: PowerShell.EXE
CommandLine: ""powershell.exe"" & {rundll32.exe zipfldr.dll,RouteTheCall \""""'%%windir%%\System32\calc.exe'\""""}
CurrentDirectory: C:\Users\RUNNER~1\AppData\Local\Temp\
User: runnervm8j6r3\runneradmin
LogonGuid: {f995aebf-600e-6942-ddf0-0b0000000000}
LogonId: 0xBF0DD
TerminalSessionId: 2
IntegrityLevel: High
Hashes: SHA256=0FF6F2C94BC7E2833A5F7E16DE1622E5DBA70396F31C7D5F56381870317E8C46
ParentProcessGuid: {f995aebf-60f0-6942-4d02-000000000e00}
ParentProcessId: 7600
ParentImage: C:\Windows\System32\WindowsPowerShell\v1.0\powershell.exe
ParentCommandLine: ""C:\Windows\System32\WindowsPowerShell\v1.0\powershell.EXE"" -command "". 'D:\a\_temp\b5779890-c6d1-4d54-8cf1-6a4ae2edeb5c.ps1'""
ParentUser: runnervm8j6r3\runneradmin"
"12/17/2025 8:19:39 AM","1","Process Create:
RuleName: ProcessCreate
UtcTime: 2025-12-17 08:19:39.482
ProcessGuid: {f995aebf-679b-6942-0407-000000000e00}
ProcessId: 3112
Image: C:\Windows\System32\rundll32.exe
FileVersion: 10.0.26100.7019 (WinBuild.160101.0800)
Description: Windows host process (Rundll32)
Product: Microsoft? Windows? Operating System
Company: Microsoft Corporation
OriginalFileName: RUNDLL32.EXE
CommandLine: rundll32.exe  url.dll,FileProtocolHandler calc.exe
CurrentDirectory: C:\Users\RUNNER~1\AppData\Local\Temp\
User: runnervm8j6r3\runneradmin
LogonGuid: {f995aebf-600e-6942-ddf0-0b0000000000}
LogonId: 0xBF0DD
TerminalSessionId: 2
IntegrityLevel: High
Hashes: SHA256=2F2321D2A3EEEC2CDD7D921645C121BED75872435926EE97F3D53E7EE7662BF0
ParentProcessGuid: {f995aebf-679b-6942-0207-000000000e00}
ParentProcessId: 7992
ParentImage: C:\Windows\System32\cmd.exe
ParentCommandLine: ""cmd.exe"" /c rundll32.exe url.dll,FileProtocolHandler calc.exe
ParentUser: runnervm8j6r3\runneradmin"
