"TimeCreated","Id","Message"
"12/17/2025 9:00:03 AM","22","Dns query:
RuleName: -
UtcTime: 2025-12-17 09:00:02.038
ProcessGuid: {00000000-0000-0000-0000-000000000000}
ProcessId: 8976
QueryName: www.google.com
QueryStatus: 0
QueryResults: ::ffff:172.253.139.147;::ffff:172.253.139.105;::ffff:172.253.139.99;::ffff:172.253.139.104;::ffff:172.253.139.106;::ffff:172.253.139.103;
Image: <unknown process>
User: -"
"12/17/2025 9:00:03 AM","22","Dns query:
RuleName: -
UtcTime: 2025-12-17 09:00:01.984
ProcessGuid: {00000000-0000-0000-0000-000000000000}
ProcessId: 4832
QueryName: www.google.com
QueryStatus: 0
QueryResults: ::ffff:172.253.139.147;::ffff:172.253.139.105;::ffff:172.253.139.99;::ffff:172.253.139.104;::ffff:172.253.139.106;::ffff:172.253.139.103;
Image: <unknown process>
User: -"
"12/17/2025 9:00:03 AM","22","Dns query:
RuleName: -
UtcTime: 2025-12-17 09:00:01.930
ProcessGuid: {00000000-0000-0000-0000-000000000000}
ProcessId: 9280
QueryName: www.google.com
QueryStatus: 0
QueryResults: ::ffff:172.253.139.147;::ffff:172.253.139.105;::ffff:172.253.139.99;::ffff:172.253.139.104;::ffff:172.253.139.106;::ffff:172.253.139.103;
Image: <unknown process>
User: -"
"12/17/2025 9:00:03 AM","22","Dns query:
RuleName: -
UtcTime: 2025-12-17 09:00:01.858
ProcessGuid: {00000000-0000-0000-0000-000000000000}
ProcessId: 7392
QueryName: www.google.com
QueryStatus: 0
QueryResults: ::ffff:172.253.139.147;::ffff:172.253.139.105;::ffff:172.253.139.99;::ffff:172.253.139.104;::ffff:172.253.139.106;::ffff:172.253.139.103;
Image: <unknown process>
User: -"
"12/17/2025 9:00:03 AM","22","Dns query:
RuleName: -
UtcTime: 2025-12-17 09:00:01.052
ProcessGuid: {00000000-0000-0000-0000-000000000000}
ProcessId: 5940
QueryName: www.google.com
QueryStatus: 0
QueryResults: ::ffff:172.253.139.147;::ffff:172.253.139.105;::ffff:172.253.139.99;::ffff:172.253.139.104;::ffff:172.253.139.106;::ffff:172.253.139.103;
Image: <unknown process>
User: -"
"12/17/2025 8:59:40 AM","22","Dns query:
RuleName: -
UtcTime: 2025-12-17 08:59:39.388
ProcessGuid: {00000000-0000-0000-0000-000000000000}
ProcessId: 4268
QueryName: adversary-host
QueryStatus: 9003
QueryResults: -
Image: <unknown process>
User: -"
"12/17/2025 8:59:37 AM","22","Dns query:
RuleName: -
UtcTime: 2025-12-17 08:59:36.166
ProcessGuid: {00000000-0000-0000-0000-000000000000}
ProcessId: 4232
QueryName: adversary-host
QueryStatus: 9003
QueryResults: -
Image: <unknown process>
User: -"
"12/17/2025 8:59:34 AM","22","Dns query:
RuleName: -
UtcTime: 2025-12-17 08:59:32.762
ProcessGuid: {00000000-0000-0000-0000-000000000000}
ProcessId: 9764
QueryName: adversary-host
QueryStatus: 9003
QueryResults: -
Image: <unknown process>
User: -"
"12/17/2025 8:59:30 AM","22","Dns query:
RuleName: -
UtcTime: 2025-12-17 08:59:29.636
ProcessGuid: {00000000-0000-0000-0000-000000000000}
ProcessId: 968
QueryName: adversary-host
QueryStatus: 9003
QueryResults: -
Image: <unknown process>
User: -"
"12/17/2025 8:57:27 AM","22","Dns query:
RuleName: -
UtcTime: 2025-12-17 08:57:25.198
ProcessGuid: {f995aebf-7075-6942-600f-000000000e00}
ProcessId: 7584
QueryName: getsamplefiles.com
QueryStatus: 0
QueryResults: ::ffff:172.67.141.191;::ffff:104.21.9.51;
Image: C:\AtomicRedTeam\atomics\T1105\bin\GUP.exe
User: runnervm8j6r3\runneradmin"
"12/17/2025 8:57:27 AM","22","Dns query:
RuleName: -
UtcTime: 2025-12-17 08:57:24.823
ProcessGuid: {00000000-0000-0000-0000-000000000000}
ProcessId: 7344
QueryName: raw.githubusercontent.com
QueryStatus: 0
QueryResults: ::ffff:185.199.109.133;::ffff:185.199.110.133;::ffff:185.199.111.133;::ffff:185.199.108.133;
Image: <unknown process>
User: -"
"12/17/2025 8:57:25 AM","22","Dns query:
RuleName: -
UtcTime: 2025-12-17 08:57:23.899
ProcessGuid: {00000000-0000-0000-0000-000000000000}
ProcessId: 6004
QueryName: raw.githubusercontent.com
QueryStatus: 0
QueryResults: ::ffff:185.199.109.133;::ffff:185.199.110.133;::ffff:185.199.111.133;::ffff:185.199.108.133;
Image: <unknown process>
User: -"
"12/17/2025 8:56:15 AM","22","Dns query:
RuleName: -
UtcTime: 2025-12-17 08:56:13.344
ProcessGuid: {f995aebf-6075-6942-8401-000000000e00}
ProcessId: 2088
QueryName: run-actions-1-azure-eastus.actions.githubusercontent.com
QueryStatus: 0
QueryResults: type: 5 glb-c0e95bd587389a.github.com;::ffff:20.85.130.105;
Image: C:\actions-runner\cached\2.330.0\bin\Runner.Listener.exe
User: runnervm8j6r3\runneradmin"
"12/17/2025 8:55:24 AM","22","Dns query:
RuleName: -
UtcTime: 2025-12-17 08:55:22.411
ProcessGuid: {f995aebf-6ffa-6942-490f-000000000e00}
ProcessId: 1380
QueryName: example.com
QueryStatus: 0
QueryResults: ::ffff:104.20.34.220;::ffff:172.66.144.113;
Image: C:\Windows\system32\certreq.exe
User: runnervm8j6r3\runneradmin"
"12/17/2025 8:55:12 AM","22","Dns query:
RuleName: -
UtcTime: 2025-12-17 08:55:10.826
ProcessGuid: {00000000-0000-0000-0000-000000000000}
ProcessId: 4296
QueryName: raw.githubusercontent.com
QueryStatus: 0
QueryResults: ::ffff:185.199.109.133;::ffff:185.199.110.133;::ffff:185.199.111.133;::ffff:185.199.108.133;
Image: <unknown process>
User: -"
"12/17/2025 8:55:12 AM","22","Dns query:
RuleName: -
UtcTime: 2025-12-17 08:55:10.675
ProcessGuid: {00000000-0000-0000-0000-000000000000}
ProcessId: 4296
QueryName: github.com
QueryStatus: 0
QueryResults: ::ffff:140.82.114.4;
Image: <unknown process>
User: -"
"12/17/2025 8:55:11 AM","22","Dns query:
RuleName: -
UtcTime: 2025-12-17 08:55:10.331
ProcessGuid: {f995aebf-6fee-6942-1d0f-000000000e00}
ProcessId: 8716
QueryName: www.example.com
QueryStatus: 0
QueryResults: ::ffff:104.20.34.220;::ffff:172.66.144.113;
Image: <unknown process>
User: runnervm8j6r3\runneradmin"
"12/17/2025 8:55:11 AM","22","Dns query:
RuleName: -
UtcTime: 2025-12-17 08:55:10.283
ProcessGuid: {00000000-0000-0000-0000-000000000000}
ProcessId: 2536
QueryName: www.example.com
QueryStatus: 0
QueryResults: ::ffff:104.20.34.220;::ffff:172.66.144.113;
Image: <unknown process>
User: -"
"12/17/2025 8:55:11 AM","22","Dns query:
RuleName: -
UtcTime: 2025-12-17 08:55:09.979
ProcessGuid: {00000000-0000-0000-0000-000000000000}
ProcessId: 3152
QueryName: github.com
QueryStatus: 0
QueryResults: ::ffff:140.82.114.4;
Image: <unknown process>
User: -"
"12/17/2025 8:55:11 AM","22","Dns query:
RuleName: -
UtcTime: 2025-12-17 08:55:09.942
ProcessGuid: {00000000-0000-0000-0000-000000000000}
ProcessId: 1028
QueryName: github.com
QueryStatus: 0
QueryResults: ::ffff:140.82.114.4;
Image: <unknown process>
User: -"
"12/17/2025 8:55:11 AM","22","Dns query:
RuleName: -
UtcTime: 2025-12-17 08:55:09.903
ProcessGuid: {00000000-0000-0000-0000-000000000000}
ProcessId: 7696
QueryName: github.com
QueryStatus: 0
QueryResults: ::ffff:140.82.114.4;
Image: <unknown process>
User: -"
"12/17/2025 8:55:11 AM","22","Dns query:
RuleName: -
UtcTime: 2025-12-17 08:55:09.784
ProcessGuid: {00000000-0000-0000-0000-000000000000}
ProcessId: 7376
QueryName: github.com
QueryStatus: 0
QueryResults: ::ffff:140.82.114.4;
Image: <unknown process>
User: -"
"12/17/2025 8:55:11 AM","22","Dns query:
RuleName: -
UtcTime: 2025-12-17 08:55:09.503
ProcessGuid: {f995aebf-6fed-6942-110f-000000000e00}
ProcessId: 8596
QueryName: raw.githubusercontent.com
QueryStatus: 0
QueryResults: ::ffff:185.199.109.133;::ffff:185.199.110.133;::ffff:185.199.111.133;::ffff:185.199.108.133;
Image: C:\Windows\System32\IME\SHARED\IMEWDBLD.exe
User: runnervm8j6r3\runneradmin"
"12/17/2025 8:55:05 AM","22","Dns query:
RuleName: -
UtcTime: 2025-12-17 08:55:04.376
ProcessGuid: {00000000-0000-0000-0000-000000000000}
ProcessId: 6800
QueryName: raw.githubusercontent.com
QueryStatus: 0
QueryResults: ::ffff:185.199.109.133;::ffff:185.199.110.133;::ffff:185.199.111.133;::ffff:185.199.108.133;
Image: <unknown process>
User: -"
"12/17/2025 8:55:04 AM","22","Dns query:
RuleName: -
UtcTime: 2025-12-17 08:55:02.842
ProcessGuid: {00000000-0000-0000-0000-000000000000}
ProcessId: 2312
QueryName: raw.githubusercontent.com
QueryStatus: 0
QueryResults: ::ffff:185.199.109.133;::ffff:185.199.110.133;::ffff:185.199.111.133;::ffff:185.199.108.133;
Image: <unknown process>
User: -"
"12/17/2025 8:55:02 AM","22","Dns query:
RuleName: -
UtcTime: 2025-12-17 08:55:00.501
ProcessGuid: {f995aebf-6fe4-6942-fd0e-000000000e00}
ProcessId: 8984
QueryName: raw.githubusercontent.com
QueryStatus: 0
QueryResults: ::ffff:185.199.109.133;::ffff:185.199.110.133;::ffff:185.199.111.133;::ffff:185.199.108.133;
Image: C:\Windows\System32\svchost.exe
User: NT AUTHORITY\SYSTEM"
"12/17/2025 8:55:02 AM","22","Dns query:
RuleName: -
UtcTime: 2025-12-17 08:55:00.455
ProcessGuid: {f995aebf-6fe4-6942-fd0e-000000000e00}
ProcessId: 8984
QueryName: raw.githubusercontent.com
QueryStatus: 0
QueryResults: ::ffff:185.199.109.133;::ffff:185.199.110.133;::ffff:185.199.111.133;::ffff:185.199.108.133;
Image: C:\Windows\System32\svchost.exe
User: NT AUTHORITY\SYSTEM"
"12/17/2025 8:55:02 AM","22","Dns query:
RuleName: -
UtcTime: 2025-12-17 08:54:59.817
ProcessGuid: {00000000-0000-0000-0000-000000000000}
ProcessId: 4940
QueryName: raw.githubusercontent.com
QueryStatus: 0
QueryResults: ::ffff:185.199.109.133;::ffff:185.199.110.133;::ffff:185.199.111.133;::ffff:185.199.108.133;
Image: <unknown process>
User: -"
"12/17/2025 8:55:01 AM","22","Dns query:
RuleName: -
UtcTime: 2025-12-17 08:54:59.103
ProcessGuid: {00000000-0000-0000-0000-000000000000}
ProcessId: 7624
QueryName: raw.githubusercontent.com
QueryStatus: 0
QueryResults: ::ffff:185.199.109.133;::ffff:185.199.110.133;::ffff:185.199.111.133;::ffff:185.199.108.133;
Image: <unknown process>
User: -"
"12/17/2025 8:55:01 AM","22","Dns query:
RuleName: -
UtcTime: 2025-12-17 08:54:59.052
ProcessGuid: {00000000-0000-0000-0000-000000000000}
ProcessId: 7624
QueryName: raw.githubusercontent.com
QueryStatus: 0
QueryResults: ::ffff:185.199.109.133;::ffff:185.199.110.133;::ffff:185.199.111.133;::ffff:185.199.108.133;
Image: <unknown process>
User: -"
"12/17/2025 8:54:46 AM","22","Dns query:
RuleName: -
UtcTime: 2025-12-17 08:54:44.645
ProcessGuid: {00000000-0000-0000-0000-000000000000}
ProcessId: 748
QueryName: raw.githubusercontent.com
QueryStatus: 0
QueryResults: ::ffff:185.199.109.133;::ffff:185.199.110.133;::ffff:185.199.111.133;::ffff:185.199.108.133;
Image: <unknown process>
User: -"
"12/17/2025 8:52:16 AM","22","Dns query:
RuleName: -
UtcTime: 2025-12-17 08:52:14.799
ProcessGuid: {f995aebf-5ff3-6942-1a00-000000000e00}
ProcessId: 1428
QueryName: example.com
QueryStatus: 0
QueryResults: 172.66.144.113;104.20.34.220;
Image: C:\Windows\System32\svchost.exe
User: NT AUTHORITY\LOCAL SERVICE"
"12/17/2025 8:52:08 AM","22","Dns query:
RuleName: -
UtcTime: 2025-12-17 08:52:07.194
ProcessGuid: {f995aebf-5ff3-6942-1a00-000000000e00}
ProcessId: 1428
QueryName: example.com
QueryStatus: 0
QueryResults: 172.66.144.113;104.20.34.220;
Image: C:\Windows\System32\svchost.exe
User: NT AUTHORITY\LOCAL SERVICE"
"12/17/2025 8:52:06 AM","22","Dns query:
RuleName: -
UtcTime: 2025-12-17 08:52:04.808
ProcessGuid: {f995aebf-5ff4-6942-2700-000000000e00}
ProcessId: 1452
QueryName: example.com
QueryStatus: 0
QueryResults: ::ffff:104.20.34.220;::ffff:172.66.144.113;
Image: C:\Windows\System32\svchost.exe
User: NT AUTHORITY\NETWORK SERVICE"
"12/17/2025 8:51:51 AM","22","Dns query:
RuleName: -
UtcTime: 2025-12-17 08:51:49.666
ProcessGuid: {f995aebf-5ff4-6942-2700-000000000e00}
ProcessId: 1452
QueryName: Target
QueryStatus: 9003
QueryResults: -
Image: C:\Windows\System32\svchost.exe
User: NT AUTHORITY\NETWORK SERVICE"
"12/17/2025 8:51:34 AM","22","Dns query:
RuleName: -
UtcTime: 2025-12-17 08:51:32.598
ProcessGuid: {f995aebf-6f12-6942-710e-000000000e00}
ProcessId: 4852
QueryName: _ldap._tcp.dc._msdcs.runnervm8j6r3
QueryStatus: 9003
QueryResults: -
Image: C:\Windows\System32\WindowsPowerShell\v1.0\powershell.exe
User: runnervm8j6r3\runneradmin"
"12/17/2025 8:51:32 AM","3","Network connection detected:
RuleName: NetworkConnect
UtcTime: 2025-12-17 08:51:31.206
ProcessGuid: {f995aebf-6f12-6942-710e-000000000e00}
ProcessId: 4852
Image: C:\Windows\System32\WindowsPowerShell\v1.0\powershell.exe
User: runnervm8j6r3\runneradmin
Protocol: tcp
Initiated: true
SourceIsIpv6: false
SourceIp: 10.1.0.118
SourceHostname: runnervm8j6r3.e3zk2pzlrrleboh20n41ic2nra.bx.internal.cloudapp.net
SourcePort: 62160
SourcePortName: -
DestinationIsIpv6: false
DestinationIp: 185.199.109.133
DestinationHostname: cdn-185-199-109-133.github.com
DestinationPort: 443
DestinationPortName: https"
"12/17/2025 8:51:32 AM","22","Dns query:
RuleName: -
UtcTime: 2025-12-17 08:51:31.201
ProcessGuid: {f995aebf-6f12-6942-710e-000000000e00}
ProcessId: 4852
QueryName: raw.githubusercontent.com
QueryStatus: 0
QueryResults: ::ffff:185.199.109.133;::ffff:185.199.110.133;::ffff:185.199.111.133;::ffff:185.199.108.133;
Image: C:\Windows\System32\WindowsPowerShell\v1.0\powershell.exe
User: runnervm8j6r3\runneradmin"
"12/17/2025 8:51:32 AM","22","Dns query:
RuleName: -
UtcTime: 2025-12-17 08:51:30.341
ProcessGuid: {f995aebf-6f10-6942-6f0e-000000000e00}
ProcessId: 7860
QueryName: _ldap._tcp.dc._msdcs.runnervm8j6r3
QueryStatus: 9003
QueryResults: -
Image: C:\Windows\System32\WindowsPowerShell\v1.0\powershell.exe
User: runnervm8j6r3\runneradmin"
"12/17/2025 8:51:30 AM","22","Dns query:
RuleName: -
UtcTime: 2025-12-17 08:51:28.907
ProcessGuid: {f995aebf-6f10-6942-6f0e-000000000e00}
ProcessId: 7860
QueryName: raw.githubusercontent.com
QueryStatus: 0
QueryResults: ::ffff:185.199.109.133;::ffff:185.199.110.133;::ffff:185.199.111.133;::ffff:185.199.108.133;
Image: C:\Windows\System32\WindowsPowerShell\v1.0\powershell.exe
User: runnervm8j6r3\runneradmin"
"12/17/2025 8:51:30 AM","3","Network connection detected:
RuleName: NetworkConnect
UtcTime: 2025-12-17 08:51:28.912
ProcessGuid: {f995aebf-6f10-6942-6f0e-000000000e00}
ProcessId: 7860
Image: C:\Windows\System32\WindowsPowerShell\v1.0\powershell.exe
User: runnervm8j6r3\runneradmin
Protocol: tcp
Initiated: true
SourceIsIpv6: false
SourceIp: 10.1.0.118
SourceHostname: runnervm8j6r3.e3zk2pzlrrleboh20n41ic2nra.bx.internal.cloudapp.net
SourcePort: 62154
SourcePortName: -
DestinationIsIpv6: false
DestinationIp: 185.199.109.133
DestinationHostname: cdn-185-199-109-133.github.com
DestinationPort: 443
DestinationPortName: https"
"12/17/2025 8:51:29 AM","22","Dns query:
RuleName: -
UtcTime: 2025-12-17 08:51:27.229
ProcessGuid: {00000000-0000-0000-0000-000000000000}
ProcessId: 9328
QueryName: _ldap._tcp.dc._msdcs.runnervm8j6r3
QueryStatus: 9003
QueryResults: -
Image: <unknown process>
User: -"
"12/17/2025 8:51:29 AM","22","Dns query:
RuleName: -
UtcTime: 2025-12-17 08:51:27.225
ProcessGuid: {00000000-0000-0000-0000-000000000000}
ProcessId: 9328
QueryName: _ldap._tcp.dc._msdcs.runnervm8j6r3
QueryStatus: 9003
QueryResults: -
Image: <unknown process>
User: -"
"12/17/2025 8:51:10 AM","22","Dns query:
RuleName: -
UtcTime: 2025-12-17 08:51:09.292
ProcessGuid: {f995aebf-6efb-6942-3d0e-000000000e00}
ProcessId: 6036
QueryName: _ldap._tcp.dc._msdcs.runnervm8j6r3
QueryStatus: 9003
QueryResults: -
Image: C:\Windows\System32\WindowsPowerShell\v1.0\powershell.exe
User: runnervm8j6r3\runneradmin"
"12/17/2025 8:51:09 AM","22","Dns query:
RuleName: -
UtcTime: 2025-12-17 08:51:07.874
ProcessGuid: {f995aebf-6efb-6942-3d0e-000000000e00}
ProcessId: 6036
QueryName: raw.githubusercontent.com
QueryStatus: 0
QueryResults: ::ffff:185.199.109.133;::ffff:185.199.110.133;::ffff:185.199.111.133;::ffff:185.199.108.133;
Image: C:\Windows\System32\WindowsPowerShell\v1.0\powershell.exe
User: runnervm8j6r3\runneradmin"
"12/17/2025 8:51:09 AM","3","Network connection detected:
RuleName: NetworkConnect
UtcTime: 2025-12-17 08:51:07.879
ProcessGuid: {f995aebf-6efb-6942-3d0e-000000000e00}
ProcessId: 6036
Image: C:\Windows\System32\WindowsPowerShell\v1.0\powershell.exe
User: runnervm8j6r3\runneradmin
Protocol: tcp
Initiated: true
SourceIsIpv6: false
SourceIp: 10.1.0.118
SourceHostname: runnervm8j6r3.e3zk2pzlrrleboh20n41ic2nra.bx.internal.cloudapp.net
SourcePort: 62146
SourcePortName: -
DestinationIsIpv6: false
DestinationIp: 185.199.109.133
DestinationHostname: cdn-185-199-109-133.github.com
DestinationPort: 443
DestinationPortName: https"
"12/17/2025 8:51:08 AM","22","Dns query:
RuleName: -
UtcTime: 2025-12-17 08:51:07.204
ProcessGuid: {f995aebf-6ef9-6942-3b0e-000000000e00}
ProcessId: 8820
QueryName: _ldap._tcp.dc._msdcs.runnervm8j6r3
QueryStatus: 9003
QueryResults: -
Image: C:\Windows\System32\WindowsPowerShell\v1.0\powershell.exe
User: runnervm8j6r3\runneradmin"
"12/17/2025 8:51:08 AM","22","Dns query:
RuleName: -
UtcTime: 2025-12-17 08:51:05.764
ProcessGuid: {f995aebf-6ef9-6942-3b0e-000000000e00}
ProcessId: 8820
QueryName: raw.githubusercontent.com
QueryStatus: 0
QueryResults: ::ffff:185.199.109.133;::ffff:185.199.110.133;::ffff:185.199.111.133;::ffff:185.199.108.133;
Image: C:\Windows\System32\WindowsPowerShell\v1.0\powershell.exe
User: runnervm8j6r3\runneradmin"
"12/17/2025 8:51:06 AM","3","Network connection detected:
RuleName: NetworkConnect
UtcTime: 2025-12-17 08:51:05.769
ProcessGuid: {f995aebf-6ef9-6942-3b0e-000000000e00}
ProcessId: 8820
Image: C:\Windows\System32\WindowsPowerShell\v1.0\powershell.exe
User: runnervm8j6r3\runneradmin
Protocol: tcp
Initiated: true
SourceIsIpv6: false
SourceIp: 10.1.0.118
SourceHostname: runnervm8j6r3.e3zk2pzlrrleboh20n41ic2nra.bx.internal.cloudapp.net
SourcePort: 62145
SourcePortName: -
DestinationIsIpv6: false
DestinationIp: 185.199.109.133
DestinationHostname: cdn-185-199-109-133.github.com
DestinationPort: 443
DestinationPortName: https"
"12/17/2025 8:51:06 AM","22","Dns query:
RuleName: -
UtcTime: 2025-12-17 08:51:04.645
ProcessGuid: {00000000-0000-0000-0000-000000000000}
ProcessId: 3168
QueryName: _ldap._tcp.dc._msdcs.runnervm8j6r3
QueryStatus: 9003
QueryResults: -
Image: <unknown process>
User: -"
"12/17/2025 8:51:06 AM","22","Dns query:
RuleName: -
UtcTime: 2025-12-17 08:51:04.570
ProcessGuid: {00000000-0000-0000-0000-000000000000}
ProcessId: 3168
QueryName: _ldap._tcp.dc._msdcs.runnervm8j6r3
QueryStatus: 9003
QueryResults: -
Image: <unknown process>
User: -"
"12/17/2025 8:51:03 AM","22","Dns query:
RuleName: -
UtcTime: 2025-12-17 08:51:02.649
ProcessGuid: {f995aebf-6ef4-6942-2f0e-000000000e00}
ProcessId: 9632
QueryName: _ldap._tcp.dc._msdcs.runnervm8j6r3
QueryStatus: 9003
QueryResults: -
Image: C:\Windows\System32\WindowsPowerShell\v1.0\powershell.exe
User: runnervm8j6r3\runneradmin"
"12/17/2025 8:51:02 AM","3","Network connection detected:
RuleName: NetworkConnect
UtcTime: 2025-12-17 08:51:01.115
ProcessGuid: {f995aebf-6ef4-6942-2f0e-000000000e00}
ProcessId: 9632
Image: C:\Windows\System32\WindowsPowerShell\v1.0\powershell.exe
User: runnervm8j6r3\runneradmin
Protocol: tcp
Initiated: true
SourceIsIpv6: false
SourceIp: 10.1.0.118
SourceHostname: runnervm8j6r3.e3zk2pzlrrleboh20n41ic2nra.bx.internal.cloudapp.net
SourcePort: 62144
SourcePortName: -
DestinationIsIpv6: false
DestinationIp: 185.199.109.133
DestinationHostname: cdn-185-199-109-133.github.com
DestinationPort: 443
DestinationPortName: https"
"12/17/2025 8:51:02 AM","22","Dns query:
RuleName: -
UtcTime: 2025-12-17 08:51:01.109
ProcessGuid: {f995aebf-6ef4-6942-2f0e-000000000e00}
ProcessId: 9632
QueryName: raw.githubusercontent.com
QueryStatus: 0
QueryResults: ::ffff:185.199.109.133;::ffff:185.199.110.133;::ffff:185.199.111.133;::ffff:185.199.108.133;
Image: C:\Windows\System32\WindowsPowerShell\v1.0\powershell.exe
User: runnervm8j6r3\runneradmin"
"12/17/2025 8:51:01 AM","22","Dns query:
RuleName: -
UtcTime: 2025-12-17 08:51:00.416
ProcessGuid: {f995aebf-6ef2-6942-2d0e-000000000e00}
ProcessId: 7120
QueryName: _ldap._tcp.dc._msdcs.runnervm8j6r3
QueryStatus: 9003
QueryResults: -
Image: C:\Windows\System32\WindowsPowerShell\v1.0\powershell.exe
User: runnervm8j6r3\runneradmin"
"12/17/2025 8:51:01 AM","22","Dns query:
RuleName: -
UtcTime: 2025-12-17 08:50:58.761
ProcessGuid: {f995aebf-6ef2-6942-2d0e-000000000e00}
ProcessId: 7120
QueryName: raw.githubusercontent.com
QueryStatus: 0
QueryResults: ::ffff:185.199.109.133;::ffff:185.199.110.133;::ffff:185.199.111.133;::ffff:185.199.108.133;
Image: C:\Windows\System32\WindowsPowerShell\v1.0\powershell.exe
User: runnervm8j6r3\runneradmin"
"12/17/2025 8:51:00 AM","3","Network connection detected:
RuleName: NetworkConnect
UtcTime: 2025-12-17 08:50:58.766
ProcessGuid: {f995aebf-6ef2-6942-2d0e-000000000e00}
ProcessId: 7120
Image: C:\Windows\System32\WindowsPowerShell\v1.0\powershell.exe
User: runnervm8j6r3\runneradmin
Protocol: tcp
Initiated: true
SourceIsIpv6: false
SourceIp: 10.1.0.118
SourceHostname: runnervm8j6r3.e3zk2pzlrrleboh20n41ic2nra.bx.internal.cloudapp.net
SourcePort: 62138
SourcePortName: -
DestinationIsIpv6: false
DestinationIp: 185.199.109.133
DestinationHostname: cdn-185-199-109-133.github.com
DestinationPort: 443
DestinationPortName: https"
"12/17/2025 8:50:59 AM","22","Dns query:
RuleName: -
UtcTime: 2025-12-17 08:50:58.077
ProcessGuid: {f995aebf-6ef0-6942-2b0e-000000000e00}
ProcessId: 952
QueryName: _ldap._tcp.dc._msdcs.runnervm8j6r3
QueryStatus: 9003
QueryResults: -
Image: C:\Windows\System32\WindowsPowerShell\v1.0\powershell.exe
User: runnervm8j6r3\runneradmin"
"12/17/2025 8:50:58 AM","3","Network connection detected:
RuleName: NetworkConnect
UtcTime: 2025-12-17 08:50:56.531
ProcessGuid: {f995aebf-6ef0-6942-2b0e-000000000e00}
ProcessId: 952
Image: C:\Windows\System32\WindowsPowerShell\v1.0\powershell.exe
User: runnervm8j6r3\runneradmin
Protocol: tcp
Initiated: true
SourceIsIpv6: false
SourceIp: 10.1.0.118
SourceHostname: runnervm8j6r3.e3zk2pzlrrleboh20n41ic2nra.bx.internal.cloudapp.net
SourcePort: 62136
SourcePortName: -
DestinationIsIpv6: false
DestinationIp: 185.199.109.133
DestinationHostname: cdn-185-199-109-133.github.com
DestinationPort: 443
DestinationPortName: https"
"12/17/2025 8:50:58 AM","22","Dns query:
RuleName: -
UtcTime: 2025-12-17 08:50:56.526
ProcessGuid: {f995aebf-6ef0-6942-2b0e-000000000e00}
ProcessId: 952
QueryName: raw.githubusercontent.com
QueryStatus: 0
QueryResults: ::ffff:185.199.109.133;::ffff:185.199.110.133;::ffff:185.199.111.133;::ffff:185.199.108.133;
Image: <unknown process>
User: runnervm8j6r3\runneradmin"
"12/17/2025 8:50:15 AM","22","Dns query:
RuleName: -
UtcTime: 2025-12-17 08:50:13.895
ProcessGuid: {f995aebf-6ec5-6942-e90d-000000000e00}
ProcessId: 9212
QueryName: allports.exposed
QueryStatus: 9501
QueryResults: -
Image: C:\Windows\System32\WindowsPowerShell\v1.0\powershell.exe
User: runnervm8j6r3\runneradmin"
"12/17/2025 8:50:15 AM","22","Dns query:
RuleName: -
UtcTime: 2025-12-17 08:50:13.895
ProcessGuid: {f995aebf-6ec5-6942-e90d-000000000e00}
ProcessId: 9212
QueryName: allports.exposed
QueryStatus: 9501
QueryResults: -
Image: <unknown process>
User: runnervm8j6r3\runneradmin"
"12/17/2025 8:47:24 AM","22","Dns query:
RuleName: -
UtcTime: 2025-12-17 08:47:22.865
ProcessGuid: {f995aebf-6dec-6942-960c-000000000e00}
ProcessId: 8912
QueryName: runnervm8j6r3
QueryStatus: 0
QueryResults: fe80::b617:1994:5e90:ac47;fe80::bdd4:abd2:d34a:5ff2;::ffff:10.1.0.118;::ffff:172.29.32.1;
Image: C:\Windows\System32\wbem\WmiPrvSE.exe
User: NT AUTHORITY\NETWORK SERVICE"
"12/17/2025 8:47:24 AM","22","Dns query:
RuleName: -
UtcTime: 2025-12-17 08:47:22.855
ProcessGuid: {f995aebf-5ff5-6942-5200-000000000e00}
ProcessId: 3844
QueryName: _ldap._tcp.dc._msdcs..
QueryStatus: 123
QueryResults: -
Image: C:\WindowsAzure\GuestAgent_2.7.41491.1183_2025-12-08_211052\WaAppAgent.exe
User: NT AUTHORITY\SYSTEM"
"12/17/2025 8:47:23 AM","22","Dns query:
RuleName: -
UtcTime: 2025-12-17 08:47:22.831
ProcessGuid: {f995aebf-5ff5-6942-5200-000000000e00}
ProcessId: 3844
QueryName: _ldap._tcp.dc._msdcs.runnervm8j6r3
QueryStatus: 9003
QueryResults: -
Image: C:\WindowsAzure\GuestAgent_2.7.41491.1183_2025-12-08_211052\WaAppAgent.exe
User: NT AUTHORITY\SYSTEM"
"12/17/2025 8:47:23 AM","22","Dns query:
RuleName: -
UtcTime: 2025-12-17 08:47:22.827
ProcessGuid: {f995aebf-5ff5-6942-5200-000000000e00}
ProcessId: 3844
QueryName: _ldap._tcp.dc._msdcs.runnervm8j6r3
QueryStatus: 9003
QueryResults: -
Image: C:\WindowsAzure\GuestAgent_2.7.41491.1183_2025-12-08_211052\WaAppAgent.exe
User: NT AUTHORITY\SYSTEM"
"12/17/2025 8:47:23 AM","22","Dns query:
RuleName: -
UtcTime: 2025-12-17 08:47:22.796
ProcessGuid: {f995aebf-6dec-6942-960c-000000000e00}
ProcessId: 8912
QueryName: runnervm8j6r3
QueryStatus: 0
QueryResults: fe80::b617:1994:5e90:ac47;fe80::bdd4:abd2:d34a:5ff2;::ffff:10.1.0.118;::ffff:172.29.32.1;
Image: C:\Windows\system32\wbem\wmiprvse.exe
User: NT AUTHORITY\NETWORK SERVICE"
"12/17/2025 8:41:59 AM","3","Network connection detected:
RuleName: NetworkConnect
UtcTime: 2025-12-17 08:41:57.825
ProcessGuid: {f995aebf-6c72-6942-fa0b-000000000e00}
ProcessId: 2656
Image: C:\Windows\System32\WindowsPowerShell\v1.0\powershell.exe
User: runnervm8j6r3\runneradmin
Protocol: tcp
Initiated: true
SourceIsIpv6: false
SourceIp: 127.0.0.1
SourceHostname: runnervm8j6r3
SourcePort: 61912
SourcePortName: -
DestinationIsIpv6: false
DestinationIp: 127.0.0.1
DestinationHostname: runnervm8j6r3
DestinationPort: 135
DestinationPortName: epmap"
"12/17/2025 8:40:21 AM","22","Dns query:
RuleName: -
UtcTime: 2025-12-17 08:40:19.341
ProcessGuid: {f995aebf-6c73-6942-fc0b-000000000e00}
ProcessId: 7396
QueryName: ipv6.msftconnecttest.com
QueryStatus: 9701
QueryResults: -
Image: C:\Windows\System32\wbem\WmiPrvSE.exe
User: NT AUTHORITY\NETWORK SERVICE"
"12/17/2025 8:40:21 AM","22","Dns query:
RuleName: -
UtcTime: 2025-12-17 08:40:19.341
ProcessGuid: {f995aebf-6c73-6942-fc0b-000000000e00}
ProcessId: 7396
QueryName: runnervm8j6r3.e3zk2pzlrrleboh20n41ic2nra.bx.internal.cloudapp.net
QueryStatus: 9501
QueryResults: -
Image: C:\Windows\System32\wbem\WmiPrvSE.exe
User: NT AUTHORITY\NETWORK SERVICE"
"12/17/2025 8:40:21 AM","22","Dns query:
RuleName: -
UtcTime: 2025-12-17 08:40:19.340
ProcessGuid: {f995aebf-6c73-6942-fc0b-000000000e00}
ProcessId: 7396
QueryName: runnervm8j6r3.e3zk2pzlrrleboh20n41ic2nra.bx.internal.cloudapp.net
QueryStatus: 0
QueryResults: 10.1.0.118;
Image: C:\Windows\System32\wbem\WmiPrvSE.exe
User: NT AUTHORITY\NETWORK SERVICE"
"12/17/2025 8:40:21 AM","22","Dns query:
RuleName: -
UtcTime: 2025-12-17 08:40:19.340
ProcessGuid: {f995aebf-6c73-6942-fc0b-000000000e00}
ProcessId: 7396
QueryName: _ldap._tcp.dc._msdcs.runnervm8j6r3
QueryStatus: 9701
QueryResults: -
Image: C:\Windows\System32\wbem\WmiPrvSE.exe
User: NT AUTHORITY\NETWORK SERVICE"
"12/17/2025 8:40:21 AM","22","Dns query:
RuleName: -
UtcTime: 2025-12-17 08:40:19.340
ProcessGuid: {f995aebf-6c73-6942-fc0b-000000000e00}
ProcessId: 7396
QueryName: runnervm8j6r3
QueryStatus: 0
QueryResults: type: 5 runnervm8j6r3.e3zk2pzlrrleboh20n41ic2nra.bx.internal.cloudapp.net;
Image: C:\Windows\System32\wbem\WmiPrvSE.exe
User: NT AUTHORITY\NETWORK SERVICE"
"12/17/2025 8:40:21 AM","22","Dns query:
RuleName: -
UtcTime: 2025-12-17 08:40:19.340
ProcessGuid: {f995aebf-6c73-6942-fc0b-000000000e00}
ProcessId: 7396
QueryName: raw.githubusercontent.com
QueryStatus: 0
QueryResults: 185.199.108.133;185.199.111.133;185.199.109.133;185.199.110.133;
Image: C:\Windows\System32\wbem\WmiPrvSE.exe
User: NT AUTHORITY\NETWORK SERVICE"
"12/17/2025 8:40:21 AM","22","Dns query:
RuleName: -
UtcTime: 2025-12-17 08:40:19.339
ProcessGuid: {f995aebf-6c73-6942-fc0b-000000000e00}
ProcessId: 7396
QueryName: wpad
QueryStatus: 9701
QueryResults: -
Image: C:\Windows\system32\wbem\wmiprvse.exe
User: NT AUTHORITY\NETWORK SERVICE"
"12/17/2025 8:40:21 AM","22","Dns query:
RuleName: -
UtcTime: 2025-12-17 08:40:18.915
ProcessGuid: {f995aebf-6c72-6942-fa0b-000000000e00}
ProcessId: 2656
QueryName: raw.githubusercontent.com
QueryStatus: 0
QueryResults: ::ffff:185.199.108.133;::ffff:185.199.111.133;::ffff:185.199.109.133;::ffff:185.199.110.133;
Image: C:\Windows\System32\WindowsPowerShell\v1.0\powershell.exe
User: runnervm8j6r3\runneradmin"
"12/17/2025 8:40:20 AM","3","Network connection detected:
RuleName: NetworkConnect
UtcTime: 2025-12-17 08:40:18.920
ProcessGuid: {f995aebf-6c72-6942-fa0b-000000000e00}
ProcessId: 2656
Image: C:\Windows\System32\WindowsPowerShell\v1.0\powershell.exe
User: runnervm8j6r3\runneradmin
Protocol: tcp
Initiated: true
SourceIsIpv6: false
SourceIp: 10.1.0.118
SourceHostname: runnervm8j6r3.e3zk2pzlrrleboh20n41ic2nra.bx.internal.cloudapp.net
SourcePort: 61868
SourcePortName: -
DestinationIsIpv6: false
DestinationIp: 185.199.108.133
DestinationHostname: cdn-185-199-108-133.github.com
DestinationPort: 443
DestinationPortName: https"
"12/17/2025 8:39:23 AM","3","Network connection detected:
RuleName: NetworkConnect
UtcTime: 2025-12-17 08:39:22.184
ProcessGuid: {f995aebf-6c39-6942-f40b-000000000e00}
ProcessId: 5436
Image: C:\Windows\System32\WindowsPowerShell\v1.0\powershell.exe
User: runnervm8j6r3\runneradmin
Protocol: tcp
Initiated: true
SourceIsIpv6: false
SourceIp: 10.1.0.118
SourceHostname: runnervm8j6r3.e3zk2pzlrrleboh20n41ic2nra.bx.internal.cloudapp.net
SourcePort: 61848
SourcePortName: -
DestinationIsIpv6: false
DestinationIp: 185.199.108.133
DestinationHostname: cdn-185-199-108-133.github.com
DestinationPort: 443
DestinationPortName: https"
"12/17/2025 8:39:23 AM","22","Dns query:
RuleName: -
UtcTime: 2025-12-17 08:39:22.180
ProcessGuid: {f995aebf-6c39-6942-f40b-000000000e00}
ProcessId: 5436
QueryName: raw.githubusercontent.com
QueryStatus: 0
QueryResults: ::ffff:185.199.108.133;::ffff:185.199.111.133;::ffff:185.199.109.133;::ffff:185.199.110.133;
Image: C:\Windows\System32\WindowsPowerShell\v1.0\powershell.exe
User: runnervm8j6r3\runneradmin"
"12/17/2025 8:39:23 AM","22","Dns query:
RuleName: -
UtcTime: 2025-12-17 08:39:21.470
ProcessGuid: {00000000-0000-0000-0000-000000000000}
ProcessId: 8348
QueryName: raw.githubusercontent.com
QueryStatus: 0
QueryResults: ::ffff:185.199.108.133;::ffff:185.199.111.133;::ffff:185.199.109.133;::ffff:185.199.110.133;
Image: <unknown process>
User: -"
"12/17/2025 8:39:22 AM","22","Dns query:
RuleName: -
UtcTime: 2025-12-17 08:39:20.700
ProcessGuid: {00000000-0000-0000-0000-000000000000}
ProcessId: 5176
QueryName: _ldap._tcp.dc._msdcs.runnervm8j6r3
QueryStatus: 9003
QueryResults: -
Image: <unknown process>
User: -"
"12/17/2025 8:39:22 AM","22","Dns query:
RuleName: -
UtcTime: 2025-12-17 08:39:20.694
ProcessGuid: {00000000-0000-0000-0000-000000000000}
ProcessId: 5176
QueryName: _ldap._tcp.dc._msdcs.runnervm8j6r3
QueryStatus: 9003
QueryResults: -
Image: <unknown process>
User: -"
"12/17/2025 8:39:22 AM","22","Dns query:
RuleName: -
UtcTime: 2025-12-17 08:39:20.453
ProcessGuid: {00000000-0000-0000-0000-000000000000}
ProcessId: 5176
QueryName: raw.githubusercontent.com
QueryStatus: 0
QueryResults: ::ffff:185.199.108.133;::ffff:185.199.111.133;::ffff:185.199.109.133;::ffff:185.199.110.133;
Image: <unknown process>
User: -"
"12/17/2025 8:39:19 AM","22","Dns query:
RuleName: -
UtcTime: 2025-12-17 08:39:17.032
ProcessGuid: {00000000-0000-0000-0000-000000000000}
ProcessId: 4560
QueryName: raw.githubusercontent.com
QueryStatus: 0
QueryResults: ::ffff:185.199.108.133;::ffff:185.199.111.133;::ffff:185.199.109.133;::ffff:185.199.110.133;
Image: <unknown process>
User: -"
"12/17/2025 8:37:18 AM","22","Dns query:
RuleName: -
UtcTime: 2025-12-17 08:37:16.389
ProcessGuid: {f995aebf-6bbc-6942-d80b-000000000e00}
ProcessId: 2100
QueryName: raw.githubusercontent.com
QueryStatus: 0
QueryResults: ::ffff:185.199.108.133;::ffff:185.199.111.133;::ffff:185.199.109.133;::ffff:185.199.110.133;
Image: C:\Windows\System32\WindowsPowerShell\v1.0\powershell.exe
User: runnervm8j6r3\runneradmin"
"12/17/2025 8:37:17 AM","3","Network connection detected:
RuleName: NetworkConnect
UtcTime: 2025-12-17 08:37:16.676
ProcessGuid: {f995aebf-6bbc-6942-d80b-000000000e00}
ProcessId: 2100
Image: C:\Windows\System32\WindowsPowerShell\v1.0\powershell.exe
User: runnervm8j6r3\runneradmin
Protocol: tcp
Initiated: true
SourceIsIpv6: false
SourceIp: 127.0.0.1
SourceHostname: runnervm8j6r3
SourcePort: 61789
SourcePortName: -
DestinationIsIpv6: false
DestinationIp: 127.0.0.1
DestinationHostname: runnervm8j6r3
DestinationPort: 445
DestinationPortName: microsoft-ds"
"12/17/2025 8:37:17 AM","3","Network connection detected:
RuleName: NetworkConnect
UtcTime: 2025-12-17 08:37:16.395
ProcessGuid: {f995aebf-6bbc-6942-d80b-000000000e00}
ProcessId: 2100
Image: C:\Windows\System32\WindowsPowerShell\v1.0\powershell.exe
User: runnervm8j6r3\runneradmin
Protocol: tcp
Initiated: true
SourceIsIpv6: false
SourceIp: 10.1.0.118
SourceHostname: runnervm8j6r3.e3zk2pzlrrleboh20n41ic2nra.bx.internal.cloudapp.net
SourcePort: 61788
SourcePortName: -
DestinationIsIpv6: false
DestinationIp: 185.199.108.133
DestinationHostname: cdn-185-199-108-133.github.com
DestinationPort: 443
DestinationPortName: https"
"12/17/2025 8:35:18 AM","3","Network connection detected:
RuleName: NetworkConnect
UtcTime: 2025-12-17 08:35:15.837
ProcessGuid: {f995aebf-6b43-6942-cb0b-000000000e00}
ProcessId: 9332
Image: C:\Windows\System32\WindowsPowerShell\v1.0\powershell.exe
User: runnervm8j6r3\runneradmin
Protocol: tcp
Initiated: true
SourceIsIpv6: false
SourceIp: 10.1.0.118
SourceHostname: runnervm8j6r3.e3zk2pzlrrleboh20n41ic2nra.bx.internal.cloudapp.net
SourcePort: 61739
SourcePortName: -
DestinationIsIpv6: false
DestinationIp: 185.199.108.133
DestinationHostname: cdn-185-199-108-133.github.com
DestinationPort: 443
DestinationPortName: https"
"12/17/2025 8:35:17 AM","22","Dns query:
RuleName: -
UtcTime: 2025-12-17 08:35:15.833
ProcessGuid: {f995aebf-6b43-6942-cb0b-000000000e00}
ProcessId: 9332
QueryName: raw.githubusercontent.com
QueryStatus: 0
QueryResults: ::ffff:185.199.108.133;::ffff:185.199.111.133;::ffff:185.199.109.133;::ffff:185.199.110.133;
Image: C:\Windows\System32\WindowsPowerShell\v1.0\powershell.exe
User: runnervm8j6r3\runneradmin"
"12/17/2025 8:35:10 AM","22","Dns query:
RuleName: -
UtcTime: 2025-12-17 08:35:09.017
ProcessGuid: {f995aebf-69dd-6942-7709-000000000e00}
ProcessId: 3348
QueryName: runnervm8j6r3
QueryStatus: 0
QueryResults: fe80::b617:1994:5e90:ac47;fe80::bdd4:abd2:d34a:5ff2;::ffff:10.1.0.118;::ffff:172.29.32.1;
Image: C:\Windows\System32\wbem\WmiPrvSE.exe
User: NT AUTHORITY\NETWORK SERVICE"
"12/17/2025 8:35:09 AM","3","Network connection detected:
RuleName: NetworkConnect
UtcTime: 2025-12-17 08:35:08.299
ProcessGuid: {f995aebf-6b3b-6942-b60a-000000000e00}
ProcessId: 1220
Image: C:\Windows\System32\WindowsPowerShell\v1.0\powershell.exe
User: runnervm8j6r3\runneradmin
Protocol: tcp
Initiated: true
SourceIsIpv6: false
SourceIp: 10.1.0.118
SourceHostname: runnervm8j6r3.e3zk2pzlrrleboh20n41ic2nra.bx.internal.cloudapp.net
SourcePort: 61737
SourcePortName: -
DestinationIsIpv6: false
DestinationIp: 185.199.108.133
DestinationHostname: cdn-185-199-108-133.github.com
DestinationPort: 443
DestinationPortName: https"
"12/17/2025 8:35:09 AM","22","Dns query:
RuleName: -
UtcTime: 2025-12-17 08:35:08.294
ProcessGuid: {f995aebf-6b3b-6942-b60a-000000000e00}
ProcessId: 1220
QueryName: raw.githubusercontent.com
QueryStatus: 0
QueryResults: ::ffff:185.199.108.133;::ffff:185.199.111.133;::ffff:185.199.109.133;::ffff:185.199.110.133;
Image: C:\Windows\System32\WindowsPowerShell\v1.0\powershell.exe
User: runnervm8j6r3\runneradmin"
"12/17/2025 8:33:15 AM","3","Network connection detected:
RuleName: NetworkConnect
UtcTime: 2025-12-17 08:33:13.024
ProcessGuid: {f995aebf-6ac8-6942-a80a-000000000e00}
ProcessId: 5188
Image: C:\Windows\System32\WindowsPowerShell\v1.0\powershell.exe
User: runnervm8j6r3\runneradmin
Protocol: tcp
Initiated: true
SourceIsIpv6: false
SourceIp: 10.1.0.118
SourceHostname: runnervm8j6r3.e3zk2pzlrrleboh20n41ic2nra.bx.internal.cloudapp.net
SourcePort: 61688
SourcePortName: -
DestinationIsIpv6: false
DestinationIp: 185.199.108.133
DestinationHostname: cdn-185-199-108-133.github.com
DestinationPort: 443
DestinationPortName: https"
"12/17/2025 8:33:15 AM","22","Dns query:
RuleName: -
UtcTime: 2025-12-17 08:33:13.020
ProcessGuid: {f995aebf-6ac8-6942-a80a-000000000e00}
ProcessId: 5188
QueryName: raw.githubusercontent.com
QueryStatus: 0
QueryResults: ::ffff:185.199.108.133;::ffff:185.199.111.133;::ffff:185.199.109.133;::ffff:185.199.110.133;
Image: C:\Windows\System32\WindowsPowerShell\v1.0\powershell.exe
User: runnervm8j6r3\runneradmin"
"12/17/2025 8:32:25 AM","22","Dns query:
RuleName: -
UtcTime: 2025-12-17 08:32:23.419
ProcessGuid: {f995aebf-6a97-6942-990a-000000000e00}
ProcessId: 6124
QueryName: hosted-compute-request-orchestrator-prod-iad-01.githubapp.com
QueryStatus: 9701
QueryResults: -
Image: C:\Windows\System32\wbem\WmiPrvSE.exe
User: NT AUTHORITY\NETWORK SERVICE"
"12/17/2025 8:32:25 AM","22","Dns query:
RuleName: -
UtcTime: 2025-12-17 08:32:23.419
ProcessGuid: {f995aebf-6a97-6942-990a-000000000e00}
ProcessId: 6124
QueryName: run-actions-1-azure-eastus.actions.githubusercontent.com
QueryStatus: 9701
QueryResults: -
Image: C:\Windows\System32\wbem\WmiPrvSE.exe
User: NT AUTHORITY\NETWORK SERVICE"
"12/17/2025 8:32:25 AM","22","Dns query:
RuleName: -
UtcTime: 2025-12-17 08:32:23.418
ProcessGuid: {f995aebf-6a97-6942-990a-000000000e00}
ProcessId: 6124
QueryName: ipv6.msftconnecttest.com
QueryStatus: 9701
QueryResults: -
Image: C:\Windows\System32\wbem\WmiPrvSE.exe
User: NT AUTHORITY\NETWORK SERVICE"
"12/17/2025 8:32:25 AM","22","Dns query:
RuleName: -
UtcTime: 2025-12-17 08:32:23.417
ProcessGuid: {f995aebf-6a97-6942-990a-000000000e00}
ProcessId: 6124
QueryName: www.powershellgallery.com
QueryStatus: 9701
QueryResults: -
Image: C:\Windows\System32\wbem\WmiPrvSE.exe
User: NT AUTHORITY\NETWORK SERVICE"
"12/17/2025 8:32:25 AM","22","Dns query:
RuleName: -
UtcTime: 2025-12-17 08:32:23.417
ProcessGuid: {f995aebf-6a97-6942-990a-000000000e00}
ProcessId: 6124
QueryName: amtso.eicar.org
QueryStatus: 9701
QueryResults: -
Image: C:\Windows\System32\wbem\WmiPrvSE.exe
User: NT AUTHORITY\NETWORK SERVICE"
"12/17/2025 8:32:25 AM","22","Dns query:
RuleName: -
UtcTime: 2025-12-17 08:32:23.416
ProcessGuid: {f995aebf-6a97-6942-990a-000000000e00}
ProcessId: 6124
QueryName: runnervm8j6r3.e3zk2pzlrrleboh20n41ic2nra.bx.internal.cloudapp.net
QueryStatus: 0
QueryResults: 10.1.0.118;
Image: C:\Windows\System32\wbem\WmiPrvSE.exe
User: NT AUTHORITY\NETWORK SERVICE"
"12/17/2025 8:32:25 AM","22","Dns query:
RuleName: -
UtcTime: 2025-12-17 08:32:23.416
ProcessGuid: {f995aebf-6a97-6942-990a-000000000e00}
ProcessId: 6124
QueryName: runnervm8j6r3.e3zk2pzlrrleboh20n41ic2nra.bx.internal.cloudapp.net
QueryStatus: 9501
QueryResults: -
Image: C:\Windows\System32\wbem\WmiPrvSE.exe
User: NT AUTHORITY\NETWORK SERVICE"
"12/17/2025 8:32:25 AM","22","Dns query:
RuleName: -
UtcTime: 2025-12-17 08:32:23.415
ProcessGuid: {f995aebf-6a97-6942-990a-000000000e00}
ProcessId: 6124
QueryName: _ldap._tcp.dc._msdcs.runnervm8j6r3
QueryStatus: 9701
QueryResults: -
Image: C:\Windows\System32\wbem\WmiPrvSE.exe
User: NT AUTHORITY\NETWORK SERVICE"
"12/17/2025 8:32:25 AM","22","Dns query:
RuleName: -
UtcTime: 2025-12-17 08:32:23.415
ProcessGuid: {f995aebf-6a97-6942-990a-000000000e00}
ProcessId: 6124
QueryName: github.com
QueryStatus: 9701
QueryResults: -
Image: C:\Windows\System32\wbem\WmiPrvSE.exe
User: NT AUTHORITY\NETWORK SERVICE"
"12/17/2025 8:32:25 AM","22","Dns query:
RuleName: -
UtcTime: 2025-12-17 08:32:23.415
ProcessGuid: {f995aebf-6a97-6942-990a-000000000e00}
ProcessId: 6124
QueryName: runnervm8j6r3
QueryStatus: 0
QueryResults: type: 5 runnervm8j6r3.e3zk2pzlrrleboh20n41ic2nra.bx.internal.cloudapp.net;
Image: C:\Windows\System32\wbem\WmiPrvSE.exe
User: NT AUTHORITY\NETWORK SERVICE"
"12/17/2025 8:32:25 AM","22","Dns query:
RuleName: -
UtcTime: 2025-12-17 08:32:23.414
ProcessGuid: {f995aebf-6a97-6942-990a-000000000e00}
ProcessId: 6124
QueryName: results-receiver.actions.githubusercontent.com
QueryStatus: 9701
QueryResults: -
Image: C:\Windows\System32\wbem\WmiPrvSE.exe
User: NT AUTHORITY\NETWORK SERVICE"
"12/17/2025 8:32:25 AM","22","Dns query:
RuleName: -
UtcTime: 2025-12-17 08:32:23.414
ProcessGuid: {f995aebf-6a97-6942-990a-000000000e00}
ProcessId: 6124
QueryName: _ldap._tcp.runnervm8j6r3
QueryStatus: 9701
QueryResults: -
Image: C:\Windows\System32\wbem\WmiPrvSE.exe
User: NT AUTHORITY\NETWORK SERVICE"
"12/17/2025 8:32:25 AM","22","Dns query:
RuleName: -
UtcTime: 2025-12-17 08:32:23.414
ProcessGuid: {f995aebf-6a97-6942-990a-000000000e00}
ProcessId: 6124
QueryName: broker.actions.githubusercontent.com
QueryStatus: 9701
QueryResults: -
Image: C:\Windows\System32\wbem\WmiPrvSE.exe
User: NT AUTHORITY\NETWORK SERVICE"
"12/17/2025 8:32:25 AM","22","Dns query:
RuleName: -
UtcTime: 2025-12-17 08:32:23.414
ProcessGuid: {f995aebf-6a97-6942-990a-000000000e00}
ProcessId: 6124
QueryName: download.sysinternals.com
QueryStatus: 9701
QueryResults: -
Image: C:\Windows\System32\wbem\WmiPrvSE.exe
User: NT AUTHORITY\NETWORK SERVICE"
"12/17/2025 8:32:25 AM","22","Dns query:
RuleName: -
UtcTime: 2025-12-17 08:32:23.413
ProcessGuid: {f995aebf-6a97-6942-990a-000000000e00}
ProcessId: 6124
QueryName: release-assets.githubusercontent.com
QueryStatus: 9701
QueryResults: -
Image: C:\Windows\System32\wbem\WmiPrvSE.exe
User: NT AUTHORITY\NETWORK SERVICE"
"12/17/2025 8:32:25 AM","22","Dns query:
RuleName: -
UtcTime: 2025-12-17 08:32:23.413
ProcessGuid: {f995aebf-6a97-6942-990a-000000000e00}
ProcessId: 6124
QueryName: workgroup
QueryStatus: 9701
QueryResults: -
Image: C:\Windows\System32\wbem\WmiPrvSE.exe
User: NT AUTHORITY\NETWORK SERVICE"
"12/17/2025 8:32:25 AM","22","Dns query:
RuleName: -
UtcTime: 2025-12-17 08:32:23.412
ProcessGuid: {f995aebf-6a97-6942-990a-000000000e00}
ProcessId: 6124
QueryName: _ldap._tcp.dc._msdcs.workgroup
QueryStatus: 9701
QueryResults: -
Image: C:\Windows\System32\wbem\WmiPrvSE.exe
User: NT AUTHORITY\NETWORK SERVICE"
"12/17/2025 8:32:25 AM","22","Dns query:
RuleName: -
UtcTime: 2025-12-17 08:32:23.412
ProcessGuid: {f995aebf-6a97-6942-990a-000000000e00}
ProcessId: 6124
QueryName: raw.githubusercontent.com
QueryStatus: 9701
QueryResults: -
Image: C:\Windows\System32\wbem\WmiPrvSE.exe
User: NT AUTHORITY\NETWORK SERVICE"
"12/17/2025 8:32:25 AM","22","Dns query:
RuleName: -
UtcTime: 2025-12-17 08:32:23.412
ProcessGuid: {f995aebf-6a97-6942-990a-000000000e00}
ProcessId: 6124
QueryName: api.github.com
QueryStatus: 9701
QueryResults: -
Image: C:\Windows\System32\wbem\WmiPrvSE.exe
User: NT AUTHORITY\NETWORK SERVICE"
"12/17/2025 8:32:25 AM","22","Dns query:
RuleName: -
UtcTime: 2025-12-17 08:32:23.411
ProcessGuid: {f995aebf-6a97-6942-990a-000000000e00}
ProcessId: 6124
QueryName: productionresultssa13.blob.core.windows.net
QueryStatus: 9701
QueryResults: -
Image: C:\Windows\System32\wbem\WmiPrvSE.exe
User: NT AUTHORITY\NETWORK SERVICE"
"12/17/2025 8:32:25 AM","22","Dns query:
RuleName: -
UtcTime: 2025-12-17 08:32:23.410
ProcessGuid: {f995aebf-6a97-6942-990a-000000000e00}
ProcessId: 6124
QueryName: codeload.github.com
QueryStatus: 9701
QueryResults: -
Image: C:\Windows\System32\wbem\WmiPrvSE.exe
User: NT AUTHORITY\NETWORK SERVICE"
"12/17/2025 8:32:25 AM","22","Dns query:
RuleName: -
UtcTime: 2025-12-17 08:32:23.410
ProcessGuid: {f995aebf-6a97-6942-990a-000000000e00}
ProcessId: 6124
QueryName: the.earth.li
QueryStatus: 9701
QueryResults: -
Image: C:\Windows\System32\wbem\WmiPrvSE.exe
User: NT AUTHORITY\NETWORK SERVICE"
"12/17/2025 8:32:25 AM","22","Dns query:
RuleName: -
UtcTime: 2025-12-17 08:32:23.409
ProcessGuid: {f995aebf-6a97-6942-990a-000000000e00}
ProcessId: 6124
QueryName: cdn.powershellgallery.com
QueryStatus: 9701
QueryResults: -
Image: C:\Windows\System32\wbem\WmiPrvSE.exe
User: NT AUTHORITY\NETWORK SERVICE"
"12/17/2025 8:32:25 AM","22","Dns query:
RuleName: -
UtcTime: 2025-12-17 08:32:23.408
ProcessGuid: {f995aebf-6a97-6942-990a-000000000e00}
ProcessId: 6124
QueryName: cdn.oneget.org
QueryStatus: 9701
QueryResults: -
Image: C:\Windows\System32\wbem\WmiPrvSE.exe
User: NT AUTHORITY\NETWORK SERVICE"
"12/17/2025 8:32:25 AM","22","Dns query:
RuleName: -
UtcTime: 2025-12-17 08:32:23.408
ProcessGuid: {f995aebf-6a97-6942-990a-000000000e00}
ProcessId: 6124
QueryName: wpad
QueryStatus: 9701
QueryResults: -
Image: C:\Windows\System32\wbem\WmiPrvSE.exe
User: NT AUTHORITY\NETWORK SERVICE"
"12/17/2025 8:32:25 AM","22","Dns query:
RuleName: -
UtcTime: 2025-12-17 08:32:23.408
ProcessGuid: {f995aebf-6a97-6942-990a-000000000e00}
ProcessId: 6124
QueryName: hosted-compute-watchdog-prod-iad-01.githubapp.com
QueryStatus: 9701
QueryResults: -
Image: C:\Windows\System32\wbem\WmiPrvSE.exe
User: NT AUTHORITY\NETWORK SERVICE"
"12/17/2025 8:32:25 AM","22","Dns query:
RuleName: -
UtcTime: 2025-12-17 08:32:23.408
ProcessGuid: {f995aebf-6a97-6942-990a-000000000e00}
ProcessId: 6124
QueryName: launch.actions.githubusercontent.com
QueryStatus: 9701
QueryResults: -
Image: C:\Windows\system32\wbem\wmiprvse.exe
User: NT AUTHORITY\NETWORK SERVICE"
"12/17/2025 8:32:25 AM","22","Dns query:
RuleName: -
UtcTime: 2025-12-17 08:32:23.201
ProcessGuid: {f995aebf-6a50-6942-8d0a-000000000e00}
ProcessId: 6904
QueryName: 127.0.0.1
QueryStatus: 0
QueryResults: 127.0.0.1;
Image: C:\Windows\System32\WindowsPowerShell\v1.0\powershell.exe
User: runnervm8j6r3\runneradmin"
"12/17/2025 8:32:25 AM","22","Dns query:
RuleName: -
UtcTime: 2025-12-17 08:32:23.201
ProcessGuid: {f995aebf-6a50-6942-8d0a-000000000e00}
ProcessId: 6904
QueryName: runnervm8j6r3
QueryStatus: 0
QueryResults: 10.1.0.118;172.29.32.1;
Image: C:\Windows\System32\WindowsPowerShell\v1.0\powershell.exe
User: runnervm8j6r3\runneradmin"
"12/17/2025 8:32:22 AM","22","Dns query:
RuleName: -
UtcTime: 2025-12-17 08:32:21.434
ProcessGuid: {f995aebf-69dd-6942-7709-000000000e00}
ProcessId: 3348
QueryName: runnervm8j6r3
QueryStatus: 0
QueryResults: fe80::b617:1994:5e90:ac47;fe80::bdd4:abd2:d34a:5ff2;::ffff:10.1.0.118;::ffff:172.29.32.1;
Image: C:\Windows\system32\wbem\wmiprvse.exe
User: NT AUTHORITY\NETWORK SERVICE"
"12/17/2025 8:32:21 AM","3","Network connection detected:
RuleName: NetworkConnect
UtcTime: 2025-12-17 08:32:20.566
ProcessGuid: {f995aebf-6a50-6942-8d0a-000000000e00}
ProcessId: 6904
Image: C:\Windows\System32\WindowsPowerShell\v1.0\powershell.exe
User: runnervm8j6r3\runneradmin
Protocol: tcp
Initiated: true
SourceIsIpv6: true
SourceIp: fe80:0:0:0:b617:1994:5e90:ac47
SourceHostname: runnervm8j6r3.e3zk2pzlrrleboh20n41ic2nra.bx.internal.cloudapp.net
SourcePort: 61663
SourcePortName: -
DestinationIsIpv6: true
DestinationIp: fe80:0:0:0:b617:1994:5e90:ac47
DestinationHostname: runnervm8j6r3.e3zk2pzlrrleboh20n41ic2nra.bx.internal.cloudapp.net
DestinationPort: 49666
DestinationPortName: -"
"12/17/2025 8:32:21 AM","3","Network connection detected:
RuleName: NetworkConnect
UtcTime: 2025-12-17 08:32:20.565
ProcessGuid: {f995aebf-6a50-6942-8d0a-000000000e00}
ProcessId: 6904
Image: C:\Windows\System32\WindowsPowerShell\v1.0\powershell.exe
User: runnervm8j6r3\runneradmin
Protocol: tcp
Initiated: true
SourceIsIpv6: true
SourceIp: fe80:0:0:0:b617:1994:5e90:ac47
SourceHostname: runnervm8j6r3.e3zk2pzlrrleboh20n41ic2nra.bx.internal.cloudapp.net
SourcePort: 61662
SourcePortName: -
DestinationIsIpv6: true
DestinationIp: fe80:0:0:0:b617:1994:5e90:ac47
DestinationHostname: runnervm8j6r3.e3zk2pzlrrleboh20n41ic2nra.bx.internal.cloudapp.net
DestinationPort: 135
DestinationPortName: epmap"
"12/17/2025 8:32:21 AM","22","Dns query:
RuleName: -
UtcTime: 2025-12-17 08:32:20.565
ProcessGuid: {f995aebf-6a50-6942-8d0a-000000000e00}
ProcessId: 6904
QueryName: runnervm8j6r3
QueryStatus: 0
QueryResults: fe80::b617:1994:5e90:ac47;fe80::bdd4:abd2:d34a:5ff2;::ffff:10.1.0.118;::ffff:172.29.32.1;
Image: C:\Windows\System32\WindowsPowerShell\v1.0\powershell.exe
User: runnervm8j6r3\runneradmin"
"12/17/2025 8:31:14 AM","22","Dns query:
RuleName: -
UtcTime: 2025-12-17 08:31:12.613
ProcessGuid: {f995aebf-6a50-6942-8d0a-000000000e00}
ProcessId: 6904
QueryName: raw.githubusercontent.com
QueryStatus: 0
QueryResults: ::ffff:185.199.111.133;::ffff:185.199.108.133;::ffff:185.199.109.133;::ffff:185.199.110.133;
Image: C:\Windows\System32\WindowsPowerShell\v1.0\powershell.exe
User: runnervm8j6r3\runneradmin"
"12/17/2025 8:31:14 AM","3","Network connection detected:
RuleName: NetworkConnect
UtcTime: 2025-12-17 08:31:12.618
ProcessGuid: {f995aebf-6a50-6942-8d0a-000000000e00}
ProcessId: 6904
Image: C:\Windows\System32\WindowsPowerShell\v1.0\powershell.exe
User: runnervm8j6r3\runneradmin
Protocol: tcp
Initiated: true
SourceIsIpv6: false
SourceIp: 10.1.0.118
SourceHostname: runnervm8j6r3.e3zk2pzlrrleboh20n41ic2nra.bx.internal.cloudapp.net
SourcePort: 61635
SourcePortName: -
DestinationIsIpv6: false
DestinationIp: 185.199.111.133
DestinationHostname: cdn-185-199-111-133.github.com
DestinationPort: 443
DestinationPortName: https"
