"12/17/2025 8:02:26 AM","7","Image loaded:
RuleName: ImageLoad
UtcTime: 2025-12-17 08:02:26.604
ProcessGuid: {f995aebf-6392-6942-2a05-000000000e00}
ProcessId: 1564
Image: C:\Windows\System32\net1.exe
ImageLoaded: C:\Windows\System32\samlib.dll
FileVersion: 10.0.26100.7019 (WinBuild.160101.0800)
Description: SAM Library DLL
Product: Microsoft? Windows? Operating System
Company: Microsoft Corporation
OriginalFileName: SAMLib.DLL
Hashes: SHA256=13B0BB662EE434ED5CEE876D95886F4FB5E77C636E7DC645CD7E9BE634665497
Signed: true
Signature: Microsoft Windows
SignatureStatus: Valid
User: runnervm8j6r3\runneradmin"
"12/17/2025 8:02:25 AM","22","Dns query:
RuleName: DnsQuery
UtcTime: 2025-12-17 08:02:24.165
ProcessGuid: {f995aebf-638f-6942-2105-000000000e00}
ProcessId: 1292
QueryName: localhost
QueryStatus: 0
QueryResults: 127.0.0.1;
Image: C:\Windows\System32\WindowsPowerShell\v1.0\powershell.exe
User: runnervm8j6r3\runneradmin"
"12/17/2025 8:02:25 AM","22","Dns query:
RuleName: DnsQuery
UtcTime: 2025-12-17 08:02:23.617
ProcessGuid: {f995aebf-638f-6942-1f05-000000000e00}
ProcessId: 776
QueryName: localhost
QueryStatus: 0
QueryResults: 127.0.0.1;
Image: C:\Windows\System32\WindowsPowerShell\v1.0\powershell.exe
User: runnervm8j6r3\runneradmin"
"12/17/2025 8:02:24 AM","19","WmiEventFilter activity detected:
RuleName: WmiEvent
EventType: WmiFilterEvent
UtcTime: 2025-12-17 08:02:24.765
Operation: Deleted
User: runnervm8j6r3\runneradmin
EventNamespace:  ""root\\subscription""
Name:  ""AtomicRedTeam_filter""
Query:  ""SELECT * FROM __InstanceCreationEvent Within 3 Where TargetInstance Isa \""Win32_Process\"" And Targetinstance.Name = \""notepad.exe\"" """
"12/17/2025 8:02:24 AM","20","WmiEventConsumer activity detected:
RuleName: WmiEvent
EventType: WmiConsumerEvent
UtcTime: 2025-12-17 08:02:24.763
Operation: Deleted
User: runnervm8j6r3\runneradmin
Name:  ""AtomicRedTeam_consumer""
Type: Command Line
Destination:  ""cmd.exe"""
"12/17/2025 8:02:24 AM","21","WmiEventConsumerToFilter activity detected:
RuleName: WmiEvent
EventType: WmiBindingEvent
UtcTime: 2025-12-17 08:02:24.763
Operation: Deleted
User: runnervm8j6r3\runneradmin
Consumer:  ""\\\\.\\root\\subscription:CommandLineEventConsumer.Name=\""AtomicRedTeam_consumer\""""
Filter:  ""\\\\.\\root\\subscription:__EventFilter.Name=\""AtomicRedTeam_filter\"""""
"12/17/2025 8:02:24 AM","23","File Delete archived:
RuleName: FileDelete
UtcTime: 2025-12-17 08:02:24.525
ProcessGuid: {f995aebf-6390-6942-2305-000000000e00}
ProcessId: 4620
User: runnervm8j6r3\runneradmin
Image: C:\Windows\System32\WindowsPowerShell\v1.0\powershell.exe
TargetFilename: C:\Users\runneradmin\AppData\Local\Temp\__PSScriptPolicyTest_nzd0zxt3.syn.ps1
Hashes: SHA256=96AD1146EB96877EAB5942AE0736B82D8B5E2039A80D3D6932665C1A4C87DCF7
IsExecutable: false
Archived: true"
"12/17/2025 8:02:24 AM","11","File created:
RuleName: FileCreate
UtcTime: 2025-12-17 08:02:24.503
ProcessGuid: {f995aebf-6390-6942-2305-000000000e00}
ProcessId: 4620
Image: C:\Windows\System32\WindowsPowerShell\v1.0\powershell.exe
TargetFilename: C:\Users\runneradmin\AppData\Local\Temp\__PSScriptPolicyTest_nzd0zxt3.syn.ps1
CreationUtcTime: 2025-12-17 08:02:24.503
User: runnervm8j6r3\runneradmin"
"12/17/2025 8:02:24 AM","19","WmiEventFilter activity detected:
RuleName: WmiEvent
EventType: WmiFilterEvent
UtcTime: 2025-12-17 08:02:24.205
Operation: Deleted
User: runnervm8j6r3\runneradmin
EventNamespace:  ""root\\CimV2""
Name:  ""AtomicRedTeam-WMIPersistence-ActiveScriptEventConsumer-Example""
Query:  ""SELECT * FROM __InstanceModificationEvent WITHIN 60 WHERE TargetInstance ISA 'Win32_PerfFormattedData_PerfOS_System' AND TargetInstance.SystemUpTime >= 240 AND TargetInstance.SystemUpTime < 325"""
"12/17/2025 8:02:24 AM","20","WmiEventConsumer activity detected:
RuleName: WmiEvent
EventType: WmiConsumerEvent
UtcTime: 2025-12-17 08:02:24.205
Operation: Deleted
User: runnervm8j6r3\runneradmin
Name:  ""AtomicRedTeam-WMIPersistence-ActiveScriptEventConsumer-Example""
Type: Script
Destination:  ""\n Set objws = CreateObject(\""Wscript.Shell\"")\n objws.Run \""notepad.exe\"", 0, True\n """
"12/17/2025 8:02:24 AM","21","WmiEventConsumerToFilter activity detected:
RuleName: WmiEvent
EventType: WmiBindingEvent
UtcTime: 2025-12-17 08:02:24.203
Operation: Deleted
User: runnervm8j6r3\runneradmin
Consumer:  ""ActiveScriptEventConsumer.Name=\""AtomicRedTeam-WMIPersistence-ActiveScriptEventConsumer-Example\""""
Filter:  ""__EventFilter.Name=\""AtomicRedTeam-WMIPersistence-ActiveScriptEventConsumer-Example\"""""
"12/17/2025 8:02:23 AM","23","File Delete archived:
RuleName: FileDelete
UtcTime: 2025-12-17 08:02:23.966
ProcessGuid: {f995aebf-638f-6942-2105-000000000e00}
ProcessId: 1292
User: runnervm8j6r3\runneradmin
Image: C:\Windows\System32\WindowsPowerShell\v1.0\powershell.exe
TargetFilename: C:\Users\runneradmin\AppData\Local\Temp\__PSScriptPolicyTest_11oc0jp4.xyk.ps1
Hashes: SHA256=96AD1146EB96877EAB5942AE0736B82D8B5E2039A80D3D6932665C1A4C87DCF7
IsExecutable: false
Archived: true"
"12/17/2025 8:02:23 AM","11","File created:
RuleName: FileCreate
UtcTime: 2025-12-17 08:02:23.944
ProcessGuid: {f995aebf-638f-6942-2105-000000000e00}
ProcessId: 1292
Image: C:\Windows\System32\WindowsPowerShell\v1.0\powershell.exe
TargetFilename: C:\Users\runneradmin\AppData\Local\Temp\__PSScriptPolicyTest_11oc0jp4.xyk.ps1
CreationUtcTime: 2025-12-17 08:02:23.944
User: runnervm8j6r3\runneradmin"
"12/17/2025 8:02:23 AM","19","WmiEventFilter activity detected:
RuleName: WmiEvent
EventType: WmiFilterEvent
UtcTime: 2025-12-17 08:02:23.656
Operation: Deleted
User: runnervm8j6r3\runneradmin
EventNamespace:  ""root\\CimV2""
Name:  ""AtomicRedTeam-WMIPersistence-CommandLineEventConsumer-Example""
Query:  ""SELECT * FROM __InstanceModificationEvent WITHIN 60 WHERE TargetInstance ISA 'Win32_PerfFormattedData_PerfOS_System' AND TargetInstance.SystemUpTime >= 240 AND TargetInstance.SystemUpTime < 325"""
"12/17/2025 8:02:23 AM","20","WmiEventConsumer activity detected:
RuleName: WmiEvent
EventType: WmiConsumerEvent
UtcTime: 2025-12-17 08:02:23.655
Operation: Deleted
User: runnervm8j6r3\runneradmin
Name:  ""AtomicRedTeam-WMIPersistence-CommandLineEventConsumer-Example""
Type: Command Line
Destination:  ""C:\\Windows\\System32\\notepad.exe"""
"12/17/2025 8:02:23 AM","21","WmiEventConsumerToFilter activity detected:
RuleName: WmiEvent
EventType: WmiBindingEvent
UtcTime: 2025-12-17 08:02:23.654
Operation: Deleted
User: runnervm8j6r3\runneradmin
Consumer:  ""\\\\.\\ROOT\\subscription:CommandLineEventConsumer.Name=\""AtomicRedTeam-WMIPersistence-CommandLineEventConsumer-Example\""""
Filter:  ""\\\\.\\ROOT\\subscription:__EventFilter.Name=\""AtomicRedTeam-WMIPersistence-CommandLineEventConsumer-Example\"""""
"12/17/2025 8:02:23 AM","23","File Delete archived:
RuleName: FileDelete
UtcTime: 2025-12-17 08:02:23.414
ProcessGuid: {f995aebf-638f-6942-1f05-000000000e00}
ProcessId: 776
User: runnervm8j6r3\runneradmin
Image: C:\Windows\System32\WindowsPowerShell\v1.0\powershell.exe
TargetFilename: C:\Users\runneradmin\AppData\Local\Temp\__PSScriptPolicyTest_v1spbnix.ajn.ps1
Hashes: SHA256=96AD1146EB96877EAB5942AE0736B82D8B5E2039A80D3D6932665C1A4C87DCF7
IsExecutable: false
Archived: true"
"12/17/2025 8:02:23 AM","11","File created:
RuleName: FileCreate
UtcTime: 2025-12-17 08:02:23.394
ProcessGuid: {f995aebf-638f-6942-1f05-000000000e00}
ProcessId: 776
Image: C:\Windows\System32\WindowsPowerShell\v1.0\powershell.exe
TargetFilename: C:\Users\runneradmin\AppData\Local\Temp\__PSScriptPolicyTest_v1spbnix.ajn.ps1
CreationUtcTime: 2025-12-17 08:02:23.394
User: runnervm8j6r3\runneradmin"
"12/17/2025 8:02:18 AM","21","WmiEventConsumerToFilter activity detected:
RuleName: WmiEvent
EventType: WmiBindingEvent
UtcTime: 2025-12-17 08:02:18.552
Operation: Created
User: runnervm8j6r3\runneradmin
Consumer:  ""\\\\.\\root\\subscription:CommandLineEventConsumer.Name=\""AtomicRedTeam_consumer\""""
Filter:  ""\\\\.\\root\\subscription:__EventFilter.Name=\""AtomicRedTeam_filter\"""""
"12/17/2025 8:02:18 AM","19","WmiEventFilter activity detected:
RuleName: WmiEvent
EventType: WmiFilterEvent
UtcTime: 2025-12-17 08:02:18.548
Operation: Created
User: runnervm8j6r3\runneradmin
EventNamespace:  ""root\\subscription""
Name:  ""AtomicRedTeam_filter""
Query:  ""SELECT * FROM __InstanceCreationEvent Within 3 Where TargetInstance Isa \""Win32_Process\"" And Targetinstance.Name = \""notepad.exe\"" """
"12/17/2025 8:02:18 AM","20","WmiEventConsumer activity detected:
RuleName: WmiEvent
EventType: WmiConsumerEvent
UtcTime: 2025-12-17 08:02:18.546
Operation: Created
User: runnervm8j6r3\runneradmin
Name:  ""AtomicRedTeam_consumer""
Type: Command Line
Destination:  ""cmd.exe"""
"12/17/2025 8:02:18 AM","23","File Delete archived:
RuleName: FileDelete
UtcTime: 2025-12-17 08:02:18.421
ProcessGuid: {f995aebf-638a-6942-1a05-000000000e00}
ProcessId: 8120
User: runnervm8j6r3\runneradmin
Image: C:\Windows\System32\WindowsPowerShell\v1.0\powershell.exe
TargetFilename: C:\Users\runneradmin\AppData\Local\Temp\__PSScriptPolicyTest_jtrisol5.51g.ps1
Hashes: SHA256=96AD1146EB96877EAB5942AE0736B82D8B5E2039A80D3D6932665C1A4C87DCF7
IsExecutable: false
Archived: true"
"12/17/2025 8:02:18 AM","11","File created:
RuleName: FileCreate
UtcTime: 2025-12-17 08:02:18.398
ProcessGuid: {f995aebf-638a-6942-1a05-000000000e00}
ProcessId: 8120
Image: C:\Windows\System32\WindowsPowerShell\v1.0\powershell.exe
TargetFilename: C:\Users\runneradmin\AppData\Local\Temp\__PSScriptPolicyTest_jtrisol5.51g.ps1
CreationUtcTime: 2025-12-17 08:02:18.398
User: runnervm8j6r3\runneradmin"
"12/17/2025 8:02:18 AM","22","Dns query:
RuleName: DnsQuery
UtcTime: 2025-12-17 08:02:16.041
ProcessGuid: {f995aebf-6387-6942-1605-000000000e00}
ProcessId: 7552
QueryName: localhost
QueryStatus: 0
QueryResults: 127.0.0.1;
Image: C:\Windows\System32\WindowsPowerShell\v1.0\powershell.exe
User: runnervm8j6r3\runneradmin"
"12/17/2025 8:02:18 AM","21","WmiEventConsumerToFilter activity detected:
RuleName: WmiEvent
EventType: WmiBindingEvent
UtcTime: 2025-12-17 08:02:18.091
Operation: Created
User: runnervm8j6r3\runneradmin
Consumer:  ""\\\\.\\ROOT\\subscription:CommandLineEventConsumer.Name=\""AtomicRedTeam-WMIPersistence-CommandLineEventConsumer-Example\""""
Filter:  ""\\\\.\\ROOT\\subscription:__EventFilter.Name=\""AtomicRedTeam-WMIPersistence-CommandLineEventConsumer-Example\"""""
"12/17/2025 8:02:18 AM","21","WmiEventConsumerToFilter activity detected:
RuleName: WmiEvent
EventType: WmiBindingEvent
UtcTime: 2025-12-17 08:02:18.081
Operation: Created
User: runnervm8j6r3\runneradmin
Consumer:  ""ActiveScriptEventConsumer.Name=\""AtomicRedTeam-WMIPersistence-ActiveScriptEventConsumer-Example\""""
Filter:  ""__EventFilter.Name=\""AtomicRedTeam-WMIPersistence-ActiveScriptEventConsumer-Example\"""""
"12/17/2025 8:02:17 AM","7","Image loaded:
RuleName: ImageLoad
UtcTime: 2025-12-17 08:02:17.477
ProcessGuid: {f995aebf-6310-6942-0905-000000000e00}
ProcessId: 5316
Image: C:\Windows\System32\svchost.exe
ImageLoaded: C:\Windows\System32\samlib.dll
FileVersion: 10.0.26100.7019 (WinBuild.160101.0800)
Description: SAM Library DLL
Product: Microsoft? Windows? Operating System
Company: Microsoft Corporation
OriginalFileName: SAMLib.DLL
Hashes: SHA256=13B0BB662EE434ED5CEE876D95886F4FB5E77C636E7DC645CD7E9BE634665497
Signed: true
Signature: Microsoft Windows
SignatureStatus: Valid
User: NT AUTHORITY\SYSTEM"
"12/17/2025 8:02:16 AM","20","WmiEventConsumer activity detected:
RuleName: WmiEvent
EventType: WmiConsumerEvent
UtcTime: 2025-12-17 08:02:16.067
Operation: Created
User: runnervm8j6r3\runneradmin
Name:  ""AtomicRedTeam-WMIPersistence-ActiveScriptEventConsumer-Example""
Type: Script
Destination:  ""\n Set objws = CreateObject(\""Wscript.Shell\"")\n objws.Run \""notepad.exe\"", 0, True\n """
"12/17/2025 8:02:16 AM","19","WmiEventFilter activity detected:
RuleName: WmiEvent
EventType: WmiFilterEvent
UtcTime: 2025-12-17 08:02:16.055
Operation: Created
User: runnervm8j6r3\runneradmin
EventNamespace:  ""root\\CimV2""
Name:  ""AtomicRedTeam-WMIPersistence-ActiveScriptEventConsumer-Example""
Query:  ""SELECT * FROM __InstanceModificationEvent WITHIN 60 WHERE TargetInstance ISA 'Win32_PerfFormattedData_PerfOS_System' AND TargetInstance.SystemUpTime >= 240 AND TargetInstance.SystemUpTime < 325"""
"12/17/2025 8:02:15 AM","23","File Delete archived:
RuleName: FileDelete
UtcTime: 2025-12-17 08:02:15.834
ProcessGuid: {f995aebf-6387-6942-1605-000000000e00}
ProcessId: 7552
User: runnervm8j6r3\runneradmin
Image: C:\Windows\System32\WindowsPowerShell\v1.0\powershell.exe
TargetFilename: C:\Users\runneradmin\AppData\Local\Temp\__PSScriptPolicyTest_jlze0ox4.umx.ps1
Hashes: SHA256=96AD1146EB96877EAB5942AE0736B82D8B5E2039A80D3D6932665C1A4C87DCF7
IsExecutable: false
Archived: true"
"12/17/2025 8:02:15 AM","11","File created:
RuleName: FileCreate
UtcTime: 2025-12-17 08:02:15.811
ProcessGuid: {f995aebf-6387-6942-1605-000000000e00}
ProcessId: 7552
Image: C:\Windows\System32\WindowsPowerShell\v1.0\powershell.exe
TargetFilename: C:\Users\runneradmin\AppData\Local\Temp\__PSScriptPolicyTest_jlze0ox4.umx.ps1
CreationUtcTime: 2025-12-17 08:02:15.811
User: runnervm8j6r3\runneradmin"
"12/17/2025 8:02:15 AM","9","RawAccessRead detected:
RuleName: RawAccessRead
UtcTime: 2025-12-17 08:02:15.328
ProcessGuid: {f995aebf-6387-6942-1505-000000000e00}
ProcessId: 1836
Image: C:\Windows\System32\wbem\WmiPrvSE.exe
Device: \Device\HarddiskVolume2
User: NT AUTHORITY\NETWORK SERVICE"
"12/17/2025 8:01:29 AM","2","File creation time changed:
RuleName: FileCreateTime
UtcTime: 2025-12-17 08:01:29.246
ProcessGuid: {f995aebf-6354-6942-0f05-000000000e00}
ProcessId: 2588
Image: C:\Windows\system32\ProvTool.exe
TargetFilename: C:\Windows\System32\config\systemprofile\AppData\Local\d70779a8a3ec1f408c1b32921fe494ba
CreationUtcTime: 2024-04-01 04:51:12.073
PreviousCreationUtcTime: 2025-12-17 08:01:29.237
User: NT AUTHORITY\SYSTEM"
"12/17/2025 8:01:29 AM","2","File creation time changed:
RuleName: FileCreateTime
UtcTime: 2025-12-17 08:01:29.231
ProcessGuid: {f995aebf-6354-6942-0f05-000000000e00}
ProcessId: 2588
Image: C:\Windows\system32\ProvTool.exe
TargetFilename: C:\Windows\System32\config\systemprofile\AppData\Local\b2a851f75e3efe4a81373633d708aa0d
CreationUtcTime: 2024-04-01 04:51:12.073
PreviousCreationUtcTime: 2025-12-17 08:01:29.231
User: NT AUTHORITY\SYSTEM"
"12/17/2025 8:01:07 AM","11","File created:
RuleName: FileCreate
UtcTime: 2025-12-17 08:01:07.719
ProcessGuid: {f995aebf-5f61-6942-6600-000000000e00}
ProcessId: 3844
Image: C:\Windows\system32\svchost.exe
TargetFilename: C:\Users\runneradmin\AppData\Local\Microsoft\WindowsApps\MicrosoftCorporationII.WindowsSubsystemForLinux_8wekyb3d8bbwe\bash.exe
CreationUtcTime: 2025-12-17 08:01:07.719
User: NT AUTHORITY\SYSTEM"
"12/17/2025 8:01:07 AM","11","File created:
RuleName: FileCreate
UtcTime: 2025-12-17 08:01:07.717
ProcessGuid: {f995aebf-5f61-6942-6600-000000000e00}
ProcessId: 3844
Image: C:\Windows\system32\svchost.exe
TargetFilename: C:\Users\runneradmin\AppData\Local\Microsoft\WindowsApps\bash.exe
CreationUtcTime: 2025-12-17 08:01:07.717
User: NT AUTHORITY\SYSTEM"
"12/17/2025 8:01:07 AM","11","File created:
RuleName: FileCreate
UtcTime: 2025-12-17 08:01:07.717
ProcessGuid: {f995aebf-5f61-6942-6600-000000000e00}
ProcessId: 3844
Image: C:\Windows\system32\svchost.exe
TargetFilename: C:\Users\runneradmin\AppData\Local\Microsoft\WindowsApps\MicrosoftCorporationII.WindowsSubsystemForLinux_8wekyb3d8bbwe\wsl.exe
CreationUtcTime: 2025-12-17 08:01:07.717
User: NT AUTHORITY\SYSTEM"
"12/17/2025 8:01:07 AM","11","File created:
RuleName: FileCreate
UtcTime: 2025-12-17 08:01:07.717
ProcessGuid: {f995aebf-5f61-6942-6600-000000000e00}
ProcessId: 3844
Image: C:\Windows\system32\svchost.exe
TargetFilename: C:\Users\runneradmin\AppData\Local\Microsoft\WindowsApps\wsl.exe
CreationUtcTime: 2025-12-17 08:01:07.715
User: NT AUTHORITY\SYSTEM"
"12/17/2025 8:01:07 AM","11","File created:
RuleName: FileCreate
UtcTime: 2025-12-17 08:01:07.715
ProcessGuid: {f995aebf-5f61-6942-6600-000000000e00}
ProcessId: 3844
Image: C:\Windows\system32\svchost.exe
TargetFilename: C:\Users\runneradmin\AppData\Local\Microsoft\WindowsApps\MicrosoftCorporationII.WindowsSubsystemForLinux_8wekyb3d8bbwe\wslconfig.exe
CreationUtcTime: 2025-12-17 08:01:07.715
User: NT AUTHORITY\SYSTEM"
"12/17/2025 8:01:07 AM","11","File created:
RuleName: FileCreate
UtcTime: 2025-12-17 08:01:07.715
ProcessGuid: {f995aebf-5f61-6942-6600-000000000e00}
ProcessId: 3844
Image: C:\Windows\system32\svchost.exe
TargetFilename: C:\Users\runneradmin\AppData\Local\Microsoft\WindowsApps\wslconfig.exe
CreationUtcTime: 2025-12-17 08:01:07.715
User: NT AUTHORITY\SYSTEM"
"12/17/2025 8:00:15 AM","20","WmiEventConsumer activity detected:
RuleName: WmiEvent
EventType: WmiConsumerEvent
UtcTime: 2025-12-17 08:00:15.675
Operation: Created
User: runnervm8j6r3\runneradmin
Name:  ""AtomicRedTeam-WMIPersistence-CommandLineEventConsumer-Example""
Type: Command Line
Destination:  ""C:\\Windows\\System32\\notepad.exe"""
"12/17/2025 8:00:15 AM","19","WmiEventFilter activity detected:
RuleName: WmiEvent
EventType: WmiFilterEvent
UtcTime: 2025-12-17 08:00:15.667
Operation: Created
User: runnervm8j6r3\runneradmin
EventNamespace:  ""root\\CimV2""
Name:  ""AtomicRedTeam-WMIPersistence-CommandLineEventConsumer-Example""
Query:  ""SELECT * FROM __InstanceModificationEvent WITHIN 60 WHERE TargetInstance ISA 'Win32_PerfFormattedData_PerfOS_System' AND TargetInstance.SystemUpTime >= 240 AND TargetInstance.SystemUpTime < 325"""
"12/17/2025 8:00:15 AM","23","File Delete archived:
RuleName: FileDelete
UtcTime: 2025-12-17 08:00:15.365
ProcessGuid: {f995aebf-630f-6942-0705-000000000e00}
ProcessId: 9784
User: runnervm8j6r3\runneradmin
Image: C:\Windows\System32\WindowsPowerShell\v1.0\powershell.exe
TargetFilename: C:\Users\runneradmin\AppData\Local\Temp\__PSScriptPolicyTest_chnx0urp.ub1.ps1
Hashes: SHA256=96AD1146EB96877EAB5942AE0736B82D8B5E2039A80D3D6932665C1A4C87DCF7
IsExecutable: false
Archived: true"
"12/17/2025 8:00:15 AM","11","File created:
RuleName: FileCreate
UtcTime: 2025-12-17 08:00:15.344
ProcessGuid: {f995aebf-630f-6942-0705-000000000e00}
ProcessId: 9784
Image: C:\Windows\System32\WindowsPowerShell\v1.0\powershell.exe
TargetFilename: C:\Users\runneradmin\AppData\Local\Temp\__PSScriptPolicyTest_chnx0urp.ub1.ps1
CreationUtcTime: 2025-12-17 08:00:15.344
User: runnervm8j6r3\runneradmin"
"12/17/2025 8:00:14 AM","22","Dns query:
RuleName: DnsQuery
UtcTime: 2025-12-17 08:00:12.150
ProcessGuid: {f995aebf-630b-6942-f504-000000000e00}
ProcessId: 7848
QueryName: localhost
QueryStatus: 0
QueryResults: 127.0.0.1;
Image: C:\Windows\System32\WindowsPowerShell\v1.0\powershell.exe
User: runnervm8j6r3\runneradmin"
"12/17/2025 8:00:13 AM","23","File Delete archived:
RuleName: FileDelete
UtcTime: 2025-12-17 08:00:13.260
ProcessGuid: {f995aebf-630d-6942-0305-000000000e00}
ProcessId: 5656
User: runnervm8j6r3\runneradmin
Image: C:\Windows\System32\WindowsPowerShell\v1.0\powershell.exe
TargetFilename: C:\Users\runneradmin\AppData\Local\Temp\__PSScriptPolicyTest_2dgto5e1.ndu.ps1
Hashes: SHA256=96AD1146EB96877EAB5942AE0736B82D8B5E2039A80D3D6932665C1A4C87DCF7
IsExecutable: false
Archived: true"
"12/17/2025 8:00:13 AM","11","File created:
RuleName: FileCreate
UtcTime: 2025-12-17 08:00:13.238
ProcessGuid: {f995aebf-630d-6942-0305-000000000e00}
ProcessId: 5656
Image: C:\Windows\System32\WindowsPowerShell\v1.0\powershell.exe
TargetFilename: C:\Users\runneradmin\AppData\Local\Temp\__PSScriptPolicyTest_2dgto5e1.ndu.ps1
CreationUtcTime: 2025-12-17 08:00:13.238
User: runnervm8j6r3\runneradmin"
"12/17/2025 8:00:12 AM","1","Process Create:
RuleName: ProcessCreate
UtcTime: 2025-12-17 08:00:12.959
ProcessGuid: {f995aebf-630c-6942-0205-000000000e00}
ProcessId: 5800
Image: C:\Windows\System32\sc.exe
FileVersion: 10.0.26100.4484 (WinBuild.160101.0800)
Description: Service Control Manager Configuration Tool
Product: Microsoft? Windows? Operating System
Company: Microsoft Corporation
OriginalFileName: sc.exe
CommandLine: sc.exe  \\localhost delete AtomicTestService_CMD 
CurrentDirectory: C:\Users\RUNNER~1\AppData\Local\Temp\
User: runnervm8j6r3\runneradmin
LogonGuid: {f995aebf-5f78-6942-2100-0c0000000000}
LogonId: 0xC0021
TerminalSessionId: 2
IntegrityLevel: High
Hashes: SHA256=A452BFCB6000D03942DDFADDCDA5A7EB121447ED99B1BA090446B4A989F1F7AE
ParentProcessGuid: {f995aebf-630c-6942-ff04-000000000e00}
ParentProcessId: 1880
ParentImage: C:\Windows\System32\cmd.exe
ParentCommandLine: ""cmd.exe"" /c sc.exe \\localhost stop AtomicTestService_CMD >nul 2>&1 & sc.exe \\localhost delete AtomicTestService_CMD >nul 2>&1
ParentUser: runnervm8j6r3\runneradmin"
"12/17/2025 8:00:12 AM","1","Process Create:
RuleName: ProcessCreate
UtcTime: 2025-12-17 08:00:12.947
ProcessGuid: {f995aebf-630c-6942-0105-000000000e00}
ProcessId: 9836
Image: C:\Windows\System32\sc.exe
FileVersion: 10.0.26100.4484 (WinBuild.160101.0800)
Description: Service Control Manager Configuration Tool
Product: Microsoft? Windows? Operating System
Company: Microsoft Corporation
OriginalFileName: sc.exe
CommandLine: sc.exe  \\localhost stop AtomicTestService_CMD  
CurrentDirectory: C:\Users\RUNNER~1\AppData\Local\Temp\
User: runnervm8j6r3\runneradmin
LogonGuid: {f995aebf-5f78-6942-2100-0c0000000000}
LogonId: 0xC0021
TerminalSessionId: 2
IntegrityLevel: High
Hashes: SHA256=A452BFCB6000D03942DDFADDCDA5A7EB121447ED99B1BA090446B4A989F1F7AE
ParentProcessGuid: {f995aebf-630c-6942-ff04-000000000e00}
ParentProcessId: 1880
ParentImage: C:\Windows\System32\cmd.exe
ParentCommandLine: ""cmd.exe"" /c sc.exe \\localhost stop AtomicTestService_CMD >nul 2>&1 & sc.exe \\localhost delete AtomicTestService_CMD >nul 2>&1
ParentUser: runnervm8j6r3\runneradmin"
"12/17/2025 8:00:12 AM","23","File Delete archived:
RuleName: FileDelete
UtcTime: 2025-12-17 08:00:12.694
ProcessGuid: {f995aebf-630c-6942-f904-000000000e00}
ProcessId: 2284
User: runnervm8j6r3\runneradmin
Image: C:\Windows\SYSTEM32\cmd.exe
TargetFilename: C:\Windows\System32\W64Time.dll
Hashes: SHA256=1961DB874185F30B781268EEFD957DF381C4A38BE5FBCA2BD582E962043DC473
IsExecutable: true
Archived: true"
"12/17/2025 8:00:12 AM","1","Process Create:
RuleName: ProcessCreate
UtcTime: 2025-12-17 08:00:12.684
ProcessGuid: {f995aebf-630c-6942-fc04-000000000e00}
ProcessId: 6612
Image: C:\Windows\System32\sc.exe
FileVersion: 10.0.26100.4484 (WinBuild.160101.0800)
Description: Service Control Manager Configuration Tool
Product: Microsoft? Windows? Operating System
Company: Microsoft Corporation
OriginalFileName: sc.exe
CommandLine: sc.exe  delete W64Time 
CurrentDirectory: C:\Users\RUNNER~1\AppData\Local\Temp\
User: runnervm8j6r3\runneradmin
LogonGuid: {f995aebf-5f78-6942-2100-0c0000000000}
LogonId: 0xC0021
TerminalSessionId: 2
IntegrityLevel: High
Hashes: SHA256=A452BFCB6000D03942DDFADDCDA5A7EB121447ED99B1BA090446B4A989F1F7AE
ParentProcessGuid: {f995aebf-630c-6942-f904-000000000e00}
ParentProcessId: 2284
ParentImage: C:\Windows\System32\cmd.exe
ParentCommandLine: ""cmd.exe"" /c sc stop W64Time & sc.exe delete W64Time & del %systemroot%\system32\w64time.dll & reg delete ""HKLM\Software\Microsoft\Windows NT\CurrentVersion\Svchost"" /v TimeService /f & reg delete ""HKLM\SYSTEM\CurrentControlSet\Services\W64Time\Parameters"" /v ServiceDll /f
ParentUser: runnervm8j6r3\runneradmin"
"12/17/2025 8:00:12 AM","1","Process Create:
RuleName: ProcessCreate
UtcTime: 2025-12-17 08:00:12.670
ProcessGuid: {f995aebf-630c-6942-fb04-000000000e00}
ProcessId: 6088
Image: C:\Windows\System32\sc.exe
FileVersion: 10.0.26100.4484 (WinBuild.160101.0800)
Description: Service Control Manager Configuration Tool
Product: Microsoft? Windows? Operating System
Company: Microsoft Corporation
OriginalFileName: sc.exe
CommandLine: sc  stop W64Time 
CurrentDirectory: C:\Users\RUNNER~1\AppData\Local\Temp\
User: runnervm8j6r3\runneradmin
LogonGuid: {f995aebf-5f78-6942-2100-0c0000000000}
LogonId: 0xC0021
TerminalSessionId: 2
IntegrityLevel: High
Hashes: SHA256=A452BFCB6000D03942DDFADDCDA5A7EB121447ED99B1BA090446B4A989F1F7AE
ParentProcessGuid: {f995aebf-630c-6942-f904-000000000e00}
ParentProcessId: 2284
ParentImage: C:\Windows\System32\cmd.exe
ParentCommandLine: ""cmd.exe"" /c sc stop W64Time & sc.exe delete W64Time & del %systemroot%\system32\w64time.dll & reg delete ""HKLM\Software\Microsoft\Windows NT\CurrentVersion\Svchost"" /v TimeService /f & reg delete ""HKLM\SYSTEM\CurrentControlSet\Services\W64Time\Parameters"" /v ServiceDll /f
ParentUser: runnervm8j6r3\runneradmin"
"12/17/2025 8:00:11 AM","23","File Delete archived:
RuleName: FileDelete
UtcTime: 2025-12-17 08:00:11.629
ProcessGuid: {f995aebf-630b-6942-f504-000000000e00}
ProcessId: 7848
User: runnervm8j6r3\runneradmin
Image: C:\Windows\System32\WindowsPowerShell\v1.0\powershell.exe
TargetFilename: C:\Users\runneradmin\AppData\Local\Temp\__PSScriptPolicyTest_uefvsk0p.qif.ps1
Hashes: SHA256=96AD1146EB96877EAB5942AE0736B82D8B5E2039A80D3D6932665C1A4C87DCF7
IsExecutable: false
Archived: true"
"12/17/2025 8:00:11 AM","11","File created:
RuleName: FileCreate
UtcTime: 2025-12-17 08:00:11.608
ProcessGuid: {f995aebf-630b-6942-f504-000000000e00}
ProcessId: 7848
Image: C:\Windows\System32\WindowsPowerShell\v1.0\powershell.exe
TargetFilename: C:\Users\runneradmin\AppData\Local\Temp\__PSScriptPolicyTest_uefvsk0p.qif.ps1
CreationUtcTime: 2025-12-17 08:00:11.608
User: runnervm8j6r3\runneradmin"
"12/17/2025 8:00:11 AM","1","Process Create:
RuleName: ProcessCreate
UtcTime: 2025-12-17 08:00:11.311
ProcessGuid: {f995aebf-630b-6942-f404-000000000e00}
ProcessId: 6128
Image: C:\Windows\System32\sc.exe
FileVersion: 10.0.26100.4484 (WinBuild.160101.0800)
Description: Service Control Manager Configuration Tool
Product: Microsoft? Windows? Operating System
Company: Microsoft Corporation
OriginalFileName: sc.exe
CommandLine: sc.exe  delete AtomicTestService_CMD 
CurrentDirectory: C:\Users\RUNNER~1\AppData\Local\Temp\
User: runnervm8j6r3\runneradmin
LogonGuid: {f995aebf-5f78-6942-2100-0c0000000000}
LogonId: 0xC0021
TerminalSessionId: 2
IntegrityLevel: High
Hashes: SHA256=A452BFCB6000D03942DDFADDCDA5A7EB121447ED99B1BA090446B4A989F1F7AE
ParentProcessGuid: {f995aebf-630b-6942-f104-000000000e00}
ParentProcessId: 6012
ParentImage: C:\Windows\System32\cmd.exe
ParentCommandLine: ""cmd.exe"" /c sc.exe stop AtomicTestService_CMD >nul 2>&1 & sc.exe delete AtomicTestService_CMD >nul 2>&1
ParentUser: runnervm8j6r3\runneradmin"
"12/17/2025 8:00:11 AM","1","Process Create:
RuleName: ProcessCreate
UtcTime: 2025-12-17 08:00:11.294
ProcessGuid: {f995aebf-630b-6942-f304-000000000e00}
ProcessId: 5400
Image: C:\Windows\System32\sc.exe
FileVersion: 10.0.26100.4484 (WinBuild.160101.0800)
Description: Service Control Manager Configuration Tool
Product: Microsoft? Windows? Operating System
Company: Microsoft Corporation
OriginalFileName: sc.exe
CommandLine: sc.exe  stop AtomicTestService_CMD  
CurrentDirectory: C:\Users\RUNNER~1\AppData\Local\Temp\
User: runnervm8j6r3\runneradmin
LogonGuid: {f995aebf-5f78-6942-2100-0c0000000000}
LogonId: 0xC0021
TerminalSessionId: 2
IntegrityLevel: High
Hashes: SHA256=A452BFCB6000D03942DDFADDCDA5A7EB121447ED99B1BA090446B4A989F1F7AE
ParentProcessGuid: {f995aebf-630b-6942-f104-000000000e00}
ParentProcessId: 6012
ParentImage: C:\Windows\System32\cmd.exe
ParentCommandLine: ""cmd.exe"" /c sc.exe stop AtomicTestService_CMD >nul 2>&1 & sc.exe delete AtomicTestService_CMD >nul 2>&1
ParentUser: runnervm8j6r3\runneradmin"
"12/17/2025 8:00:11 AM","1","Process Create:
RuleName: ProcessCreate
UtcTime: 2025-12-17 08:00:11.057
ProcessGuid: {f995aebf-630b-6942-f004-000000000e00}
ProcessId: 6172
Image: C:\Windows\System32\sc.exe
FileVersion: 10.0.26100.4484 (WinBuild.160101.0800)
Description: Service Control Manager Configuration Tool
Product: Microsoft? Windows? Operating System
Company: Microsoft Corporation
OriginalFileName: sc.exe
CommandLine: sc  config Fax binPath= ""C:\WINDOWS\system32\fxssvc.exe"" 
CurrentDirectory: C:\Users\RUNNER~1\AppData\Local\Temp\
User: runnervm8j6r3\runneradmin
LogonGuid: {f995aebf-5f78-6942-2100-0c0000000000}
LogonId: 0xC0021
TerminalSessionId: 2
IntegrityLevel: High
Hashes: SHA256=A452BFCB6000D03942DDFADDCDA5A7EB121447ED99B1BA090446B4A989F1F7AE
ParentProcessGuid: {f995aebf-630b-6942-ee04-000000000e00}
ParentProcessId: 6264
ParentImage: C:\Windows\System32\cmd.exe
ParentCommandLine: ""cmd.exe"" /c sc config Fax binPath= ""C:\WINDOWS\system32\fxssvc.exe"" >nul 2>&1
ParentUser: runnervm8j6r3\runneradmin"
"12/17/2025 8:00:05 AM","23","File Delete archived:
RuleName: FileDelete
UtcTime: 2025-12-17 08:00:05.906
ProcessGuid: {f995aebf-6305-6942-ea04-000000000e00}
ProcessId: 9664
User: runnervm8j6r3\runneradmin
Image: C:\Windows\System32\WindowsPowerShell\v1.0\powershell.exe
TargetFilename: C:\Users\runneradmin\AppData\Local\Temp\__PSScriptPolicyTest_ewnv31jk.xz0.ps1
Hashes: SHA256=96AD1146EB96877EAB5942AE0736B82D8B5E2039A80D3D6932665C1A4C87DCF7
IsExecutable: false
Archived: true"
"12/17/2025 8:00:05 AM","11","File created:
RuleName: FileCreate
UtcTime: 2025-12-17 08:00:05.879
ProcessGuid: {f995aebf-6305-6942-ea04-000000000e00}
ProcessId: 9664
Image: C:\Windows\System32\WindowsPowerShell\v1.0\powershell.exe
TargetFilename: C:\Users\runneradmin\AppData\Local\Temp\__PSScriptPolicyTest_ewnv31jk.xz0.ps1
CreationUtcTime: 2025-12-17 08:00:05.877
User: runnervm8j6r3\runneradmin"
"12/17/2025 8:00:05 AM","1","Process Create:
RuleName: ProcessCreate
UtcTime: 2025-12-17 08:00:05.533
ProcessGuid: {f995aebf-6305-6942-e904-000000000e00}
ProcessId: 1276
Image: C:\Windows\System32\sc.exe
FileVersion: 10.0.26100.4484 (WinBuild.160101.0800)
Description: Service Control Manager Configuration Tool
Product: Microsoft? Windows? Operating System
Company: Microsoft Corporation
OriginalFileName: sc.exe
CommandLine: sc.exe  \\localhost start AtomicTestService_CMD
CurrentDirectory: C:\Users\RUNNER~1\AppData\Local\Temp\
User: runnervm8j6r3\runneradmin
LogonGuid: {f995aebf-5f78-6942-2100-0c0000000000}
LogonId: 0xC0021
TerminalSessionId: 2
IntegrityLevel: High
Hashes: SHA256=A452BFCB6000D03942DDFADDCDA5A7EB121447ED99B1BA090446B4A989F1F7AE
ParentProcessGuid: {f995aebf-6305-6942-e604-000000000e00}
ParentProcessId: 1616
ParentImage: C:\Windows\System32\cmd.exe
ParentCommandLine: ""cmd.exe"" /c sc.exe \\localhost create AtomicTestService_CMD binPath= ""C:\AtomicRedTeam\atomics\T1543.003\bin\AtomicService.exe"" start=auto type=Own & sc.exe \\localhost start AtomicTestService_CMD
ParentUser: runnervm8j6r3\runneradmin"
"12/17/2025 8:00:05 AM","1","Process Create:
RuleName: ProcessCreate
UtcTime: 2025-12-17 08:00:05.521
ProcessGuid: {f995aebf-6305-6942-e804-000000000e00}
ProcessId: 4672
Image: C:\Windows\System32\sc.exe
FileVersion: 10.0.26100.4484 (WinBuild.160101.0800)
Description: Service Control Manager Configuration Tool
Product: Microsoft? Windows? Operating System
Company: Microsoft Corporation
OriginalFileName: sc.exe
CommandLine: sc.exe  \\localhost create AtomicTestService_CMD binPath= ""C:\AtomicRedTeam\atomics\T1543.003\bin\AtomicService.exe"" start=auto type=Own 
CurrentDirectory: C:\Users\RUNNER~1\AppData\Local\Temp\
User: runnervm8j6r3\runneradmin
LogonGuid: {f995aebf-5f78-6942-2100-0c0000000000}
LogonId: 0xC0021
TerminalSessionId: 2
IntegrityLevel: High
Hashes: SHA256=A452BFCB6000D03942DDFADDCDA5A7EB121447ED99B1BA090446B4A989F1F7AE
ParentProcessGuid: {f995aebf-6305-6942-e604-000000000e00}
ParentProcessId: 1616
ParentImage: C:\Windows\System32\cmd.exe
ParentCommandLine: ""cmd.exe"" /c sc.exe \\localhost create AtomicTestService_CMD binPath= ""C:\AtomicRedTeam\atomics\T1543.003\bin\AtomicService.exe"" start=auto type=Own & sc.exe \\localhost start AtomicTestService_CMD
ParentUser: runnervm8j6r3\runneradmin"
"12/17/2025 8:00:05 AM","1","Process Create:
RuleName: ProcessCreate
UtcTime: 2025-12-17 08:00:05.235
ProcessGuid: {f995aebf-6305-6942-e404-000000000e00}
ProcessId: 6340
Image: C:\Windows\System32\sc.exe
FileVersion: 10.0.26100.4484 (WinBuild.160101.0800)
Description: Service Control Manager Configuration Tool
Product: Microsoft? Windows? Operating System
Company: Microsoft Corporation
OriginalFileName: sc.exe
CommandLine: sc  start W64Time
CurrentDirectory: C:\Users\RUNNER~1\AppData\Local\Temp\
User: runnervm8j6r3\runneradmin
LogonGuid: {f995aebf-5f78-6942-2100-0c0000000000}
LogonId: 0xC0021
TerminalSessionId: 2
IntegrityLevel: High
Hashes: SHA256=A452BFCB6000D03942DDFADDCDA5A7EB121447ED99B1BA090446B4A989F1F7AE
ParentProcessGuid: {f995aebf-6305-6942-dd04-000000000e00}
ParentProcessId: 5828
ParentImage: C:\Windows\System32\cmd.exe
ParentCommandLine: ""cmd.exe"" /c copy ""C:\AtomicRedTeam\atomics\T1543.003\bin\w64time.dll"" %systemroot%\system32\ & sc create W64Time binPath= ""c:\Windows\System32\svchost.exe -k TimeService"" type= share start=auto & sc config W64Time DisplayName= ""Windows 64 Time"" & sc description W64Time ""Maintain date and time synch on all clients and services in the network"" & reg add ""HKLM\Software\Microsoft\Windows NT\CurrentVersion\Svchost"" /v TimeService /t REG_MULTI_SZ /d ""W64Time"" /f & reg add ""HKLM\SYSTEM\CurrentControlSet\Services\W64Time\Parameters"" /v ServiceDll /t REG_EXPAND_SZ /d ""%systemroot%\system32\w64time.dll"" /f & sc start W64Time
ParentUser: runnervm8j6r3\runneradmin"
"12/17/2025 8:00:05 AM","13","Registry value set:
RuleName: RegistryEvent
EventType: SetValue
UtcTime: 2025-12-17 08:00:05.229
ProcessGuid: {f995aebf-6305-6942-e304-000000000e00}
ProcessId: 8732
Image: C:\Windows\system32\reg.exe
TargetObject: HKLM\System\CurrentControlSet\Services\W64Time\Parameters\ServiceDll
Details: C:\Windows\system32\w64time.dll
User: runnervm8j6r3\runneradmin"
"12/17/2025 8:00:05 AM","1","Process Create:
RuleName: ProcessCreate
UtcTime: 2025-12-17 08:00:05.205
ProcessGuid: {f995aebf-6305-6942-e104-000000000e00}
ProcessId: 9656
Image: C:\Windows\System32\sc.exe
FileVersion: 10.0.26100.4484 (WinBuild.160101.0800)
Description: Service Control Manager Configuration Tool
Product: Microsoft? Windows? Operating System
Company: Microsoft Corporation
OriginalFileName: sc.exe
CommandLine: sc  description W64Time ""Maintain date and time synch on all clients and services in the network"" 
CurrentDirectory: C:\Users\RUNNER~1\AppData\Local\Temp\
User: runnervm8j6r3\runneradmin
LogonGuid: {f995aebf-5f78-6942-2100-0c0000000000}
LogonId: 0xC0021
TerminalSessionId: 2
IntegrityLevel: High
Hashes: SHA256=A452BFCB6000D03942DDFADDCDA5A7EB121447ED99B1BA090446B4A989F1F7AE
ParentProcessGuid: {f995aebf-6305-6942-dd04-000000000e00}
ParentProcessId: 5828
ParentImage: C:\Windows\System32\cmd.exe
ParentCommandLine: ""cmd.exe"" /c copy ""C:\AtomicRedTeam\atomics\T1543.003\bin\w64time.dll"" %systemroot%\system32\ & sc create W64Time binPath= ""c:\Windows\System32\svchost.exe -k TimeService"" type= share start=auto & sc config W64Time DisplayName= ""Windows 64 Time"" & sc description W64Time ""Maintain date and time synch on all clients and services in the network"" & reg add ""HKLM\Software\Microsoft\Windows NT\CurrentVersion\Svchost"" /v TimeService /t REG_MULTI_SZ /d ""W64Time"" /f & reg add ""HKLM\SYSTEM\CurrentControlSet\Services\W64Time\Parameters"" /v ServiceDll /t REG_EXPAND_SZ /d ""%systemroot%\system32\w64time.dll"" /f & sc start W64Time
ParentUser: runnervm8j6r3\runneradmin"
"12/17/2025 8:00:05 AM","1","Process Create:
RuleName: ProcessCreate
UtcTime: 2025-12-17 08:00:05.193
ProcessGuid: {f995aebf-6305-6942-e004-000000000e00}
ProcessId: 6372
Image: C:\Windows\System32\sc.exe
FileVersion: 10.0.26100.4484 (WinBuild.160101.0800)
Description: Service Control Manager Configuration Tool
Product: Microsoft? Windows? Operating System
Company: Microsoft Corporation
OriginalFileName: sc.exe
CommandLine: sc  config W64Time DisplayName= ""Windows 64 Time"" 
CurrentDirectory: C:\Users\RUNNER~1\AppData\Local\Temp\
User: runnervm8j6r3\runneradmin
LogonGuid: {f995aebf-5f78-6942-2100-0c0000000000}
LogonId: 0xC0021
TerminalSessionId: 2
IntegrityLevel: High
Hashes: SHA256=A452BFCB6000D03942DDFADDCDA5A7EB121447ED99B1BA090446B4A989F1F7AE
ParentProcessGuid: {f995aebf-6305-6942-dd04-000000000e00}
ParentProcessId: 5828
ParentImage: C:\Windows\System32\cmd.exe
ParentCommandLine: ""cmd.exe"" /c copy ""C:\AtomicRedTeam\atomics\T1543.003\bin\w64time.dll"" %systemroot%\system32\ & sc create W64Time binPath= ""c:\Windows\System32\svchost.exe -k TimeService"" type= share start=auto & sc config W64Time DisplayName= ""Windows 64 Time"" & sc description W64Time ""Maintain date and time synch on all clients and services in the network"" & reg add ""HKLM\Software\Microsoft\Windows NT\CurrentVersion\Svchost"" /v TimeService /t REG_MULTI_SZ /d ""W64Time"" /f & reg add ""HKLM\SYSTEM\CurrentControlSet\Services\W64Time\Parameters"" /v ServiceDll /t REG_EXPAND_SZ /d ""%systemroot%\system32\w64time.dll"" /f & sc start W64Time
ParentUser: runnervm8j6r3\runneradmin"
"12/17/2025 8:00:05 AM","13","Registry value set:
RuleName: RegistryEvent
EventType: SetValue
UtcTime: 2025-12-17 08:00:05.187
ProcessGuid: {f995aebf-5f5c-6942-0c00-000000000e00}
ProcessId: 972
Image: C:\Windows\system32\services.exe
TargetObject: HKLM\System\CurrentControlSet\Services\W64Time\ImagePath
Details: c:\Windows\System32\svchost.exe -k TimeService
User: NT AUTHORITY\SYSTEM"
"12/17/2025 8:00:05 AM","1","Process Create:
RuleName: ProcessCreate
UtcTime: 2025-12-17 08:00:05.181
ProcessGuid: {f995aebf-6305-6942-df04-000000000e00}
ProcessId: 3600
Image: C:\Windows\System32\sc.exe
FileVersion: 10.0.26100.4484 (WinBuild.160101.0800)
Description: Service Control Manager Configuration Tool
Product: Microsoft? Windows? Operating System
Company: Microsoft Corporation
OriginalFileName: sc.exe
CommandLine: sc  create W64Time binPath= ""c:\Windows\System32\svchost.exe -k TimeService"" type= share start=auto 
CurrentDirectory: C:\Users\RUNNER~1\AppData\Local\Temp\
User: runnervm8j6r3\runneradmin
LogonGuid: {f995aebf-5f78-6942-2100-0c0000000000}
LogonId: 0xC0021
TerminalSessionId: 2
IntegrityLevel: High
Hashes: SHA256=A452BFCB6000D03942DDFADDCDA5A7EB121447ED99B1BA090446B4A989F1F7AE
ParentProcessGuid: {f995aebf-6305-6942-dd04-000000000e00}
ParentProcessId: 5828
ParentImage: C:\Windows\System32\cmd.exe
ParentCommandLine: ""cmd.exe"" /c copy ""C:\AtomicRedTeam\atomics\T1543.003\bin\w64time.dll"" %systemroot%\system32\ & sc create W64Time binPath= ""c:\Windows\System32\svchost.exe -k TimeService"" type= share start=auto & sc config W64Time DisplayName= ""Windows 64 Time"" & sc description W64Time ""Maintain date and time synch on all clients and services in the network"" & reg add ""HKLM\Software\Microsoft\Windows NT\CurrentVersion\Svchost"" /v TimeService /t REG_MULTI_SZ /d ""W64Time"" /f & reg add ""HKLM\SYSTEM\CurrentControlSet\Services\W64Time\Parameters"" /v ServiceDll /t REG_EXPAND_SZ /d ""%systemroot%\system32\w64time.dll"" /f & sc start W64Time
ParentUser: runnervm8j6r3\runneradmin"
"12/17/2025 8:00:04 AM","13","Registry value set:
RuleName: RegistryEvent
EventType: SetValue
UtcTime: 2025-12-17 08:00:04.600
ProcessGuid: {f995aebf-5f5c-6942-0c00-000000000e00}
ProcessId: 972
Image: C:\Windows\system32\services.exe
TargetObject: HKLM\System\CurrentControlSet\Services\AtomicTestService_PowerShell\ImagePath
Details: C:\AtomicRedTeam\atomics\T1543.003\bin\AtomicService.exe
User: NT AUTHORITY\SYSTEM"
"12/17/2025 8:00:04 AM","23","File Delete archived:
RuleName: FileDelete
UtcTime: 2025-12-17 08:00:04.390
ProcessGuid: {f995aebf-6304-6942-da04-000000000e00}
ProcessId: 9648
User: runnervm8j6r3\runneradmin
Image: C:\Windows\System32\WindowsPowerShell\v1.0\powershell.exe
TargetFilename: C:\Users\runneradmin\AppData\Local\Temp\__PSScriptPolicyTest_lxmtw2sh.g41.ps1
Hashes: SHA256=96AD1146EB96877EAB5942AE0736B82D8B5E2039A80D3D6932665C1A4C87DCF7
IsExecutable: false
Archived: true"
"12/17/2025 8:00:04 AM","11","File created:
RuleName: FileCreate
UtcTime: 2025-12-17 08:00:04.362
ProcessGuid: {f995aebf-6304-6942-da04-000000000e00}
ProcessId: 9648
Image: C:\Windows\System32\WindowsPowerShell\v1.0\powershell.exe
TargetFilename: C:\Users\runneradmin\AppData\Local\Temp\__PSScriptPolicyTest_lxmtw2sh.g41.ps1
CreationUtcTime: 2025-12-17 08:00:04.362
User: runnervm8j6r3\runneradmin"
"12/17/2025 8:00:03 AM","13","Registry value set:
RuleName: RegistryEvent
EventType: SetValue
UtcTime: 2025-12-17 08:00:03.955
ProcessGuid: {f995aebf-6303-6942-d904-000000000e00}
ProcessId: 4852
Image: C:\AtomicRedTeam\atomics\T1543.003\bin\AtomicService.exe
TargetObject: HKLM\System\CurrentControlSet\Services\EventLog\Application\AtomicService\EventMessageFile
Details: C:\Windows\Microsoft.NET\Framework64\v4.0.30319\EventLogMessages.dll
User: NT AUTHORITY\SYSTEM"
"12/17/2025 8:00:03 AM","12","Registry object added or deleted:
RuleName: RegistryEvent
EventType: CreateKey
UtcTime: 2025-12-17 08:00:03.955
ProcessGuid: {f995aebf-6303-6942-d904-000000000e00}
ProcessId: 4852
Image: C:\AtomicRedTeam\atomics\T1543.003\bin\AtomicService.exe
TargetObject: HKLM\System\CurrentControlSet\Services\EventLog\Application\AtomicService
User: NT AUTHORITY\SYSTEM"
"12/17/2025 8:00:03 AM","1","Process Create:
RuleName: ProcessCreate
UtcTime: 2025-12-17 08:00:03.906
ProcessGuid: {f995aebf-6303-6942-d804-000000000e00}
ProcessId: 10004
Image: C:\Windows\System32\sc.exe
FileVersion: 10.0.26100.4484 (WinBuild.160101.0800)
Description: Service Control Manager Configuration Tool
Product: Microsoft? Windows? Operating System
Company: Microsoft Corporation
OriginalFileName: sc.exe
CommandLine: sc.exe  start AtomicTestService_CMD
CurrentDirectory: C:\Users\RUNNER~1\AppData\Local\Temp\
User: runnervm8j6r3\runneradmin
LogonGuid: {f995aebf-5f78-6942-2100-0c0000000000}
LogonId: 0xC0021
TerminalSessionId: 2
IntegrityLevel: High
Hashes: SHA256=A452BFCB6000D03942DDFADDCDA5A7EB121447ED99B1BA090446B4A989F1F7AE
ParentProcessGuid: {f995aebf-6303-6942-d504-000000000e00}
ParentProcessId: 4228
ParentImage: C:\Windows\System32\cmd.exe
ParentCommandLine: ""cmd.exe"" /c sc.exe create AtomicTestService_CMD binPath= ""C:\AtomicRedTeam\atomics\T1543.003\bin\AtomicService.exe"" start=auto  type=Own & sc.exe start AtomicTestService_CMD
ParentUser: runnervm8j6r3\runneradmin"
"12/17/2025 8:00:03 AM","13","Registry value set:
RuleName: RegistryEvent
EventType: SetValue
UtcTime: 2025-12-17 08:00:03.898
ProcessGuid: {f995aebf-5f5c-6942-0c00-000000000e00}
ProcessId: 972
Image: C:\Windows\system32\services.exe
TargetObject: HKLM\System\CurrentControlSet\Services\AtomicTestService_CMD\ImagePath
Details: C:\AtomicRedTeam\atomics\T1543.003\bin\AtomicService.exe
User: NT AUTHORITY\SYSTEM"
"12/17/2025 8:00:03 AM","1","Process Create:
RuleName: ProcessCreate
UtcTime: 2025-12-17 08:00:03.891
ProcessGuid: {f995aebf-6303-6942-d704-000000000e00}
ProcessId: 9580
Image: C:\Windows\System32\sc.exe
FileVersion: 10.0.26100.4484 (WinBuild.160101.0800)
Description: Service Control Manager Configuration Tool
Product: Microsoft? Windows? Operating System
Company: Microsoft Corporation
OriginalFileName: sc.exe
CommandLine: sc.exe  create AtomicTestService_CMD binPath= ""C:\AtomicRedTeam\atomics\T1543.003\bin\AtomicService.exe"" start=auto  type=Own 
CurrentDirectory: C:\Users\RUNNER~1\AppData\Local\Temp\
User: runnervm8j6r3\runneradmin
LogonGuid: {f995aebf-5f78-6942-2100-0c0000000000}
LogonId: 0xC0021
TerminalSessionId: 2
IntegrityLevel: High
Hashes: SHA256=A452BFCB6000D03942DDFADDCDA5A7EB121447ED99B1BA090446B4A989F1F7AE
ParentProcessGuid: {f995aebf-6303-6942-d504-000000000e00}
ParentProcessId: 4228
ParentImage: C:\Windows\System32\cmd.exe
ParentCommandLine: ""cmd.exe"" /c sc.exe create AtomicTestService_CMD binPath= ""C:\AtomicRedTeam\atomics\T1543.003\bin\AtomicService.exe"" start=auto  type=Own & sc.exe start AtomicTestService_CMD
ParentUser: runnervm8j6r3\runneradmin"
"12/17/2025 8:00:03 AM","1","Process Create:
RuleName: ProcessCreate
UtcTime: 2025-12-17 08:00:03.608
ProcessGuid: {f995aebf-6303-6942-d404-000000000e00}
ProcessId: 6296
Image: C:\Windows\System32\sc.exe
FileVersion: 10.0.26100.4484 (WinBuild.160101.0800)
Description: Service Control Manager Configuration Tool
Product: Microsoft? Windows? Operating System
Company: Microsoft Corporation
OriginalFileName: sc.exe
CommandLine: sc  start Fax
CurrentDirectory: C:\Users\RUNNER~1\AppData\Local\Temp\
User: runnervm8j6r3\runneradmin
LogonGuid: {f995aebf-5f78-6942-2100-0c0000000000}
LogonId: 0xC0021
TerminalSessionId: 2
IntegrityLevel: High
Hashes: SHA256=A452BFCB6000D03942DDFADDCDA5A7EB121447ED99B1BA090446B4A989F1F7AE
ParentProcessGuid: {f995aebf-6303-6942-d104-000000000e00}
ParentProcessId: 9632
ParentImage: C:\Windows\System32\cmd.exe
ParentCommandLine: ""cmd.exe"" /c sc config Fax binPath= ""C:\windows\system32\WindowsPowerShell\v1.0\powershell.exe -noexit -c \""write-host 'T1543.003 Test'\"""" & sc start Fax
ParentUser: runnervm8j6r3\runneradmin"
"12/17/2025 8:00:03 AM","1","Process Create:
RuleName: ProcessCreate
UtcTime: 2025-12-17 08:00:03.596
ProcessGuid: {f995aebf-6303-6942-d304-000000000e00}
ProcessId: 9700
Image: C:\Windows\System32\sc.exe
FileVersion: 10.0.26100.4484 (WinBuild.160101.0800)
Description: Service Control Manager Configuration Tool
Product: Microsoft? Windows? Operating System
Company: Microsoft Corporation
OriginalFileName: sc.exe
CommandLine: sc  config Fax binPath= ""C:\windows\system32\WindowsPowerShell\v1.0\powershell.exe -noexit -c \""write-host 'T1543.003 Test'\"""" 
CurrentDirectory: C:\Users\RUNNER~1\AppData\Local\Temp\
User: runnervm8j6r3\runneradmin
LogonGuid: {f995aebf-5f78-6942-2100-0c0000000000}
LogonId: 0xC0021
TerminalSessionId: 2
IntegrityLevel: High
Hashes: SHA256=A452BFCB6000D03942DDFADDCDA5A7EB121447ED99B1BA090446B4A989F1F7AE
ParentProcessGuid: {f995aebf-6303-6942-d104-000000000e00}
ParentProcessId: 9632
ParentImage: C:\Windows\System32\cmd.exe
ParentCommandLine: ""cmd.exe"" /c sc config Fax binPath= ""C:\windows\system32\WindowsPowerShell\v1.0\powershell.exe -noexit -c \""write-host 'T1543.003 Test'\"""" & sc start Fax
ParentUser: runnervm8j6r3\runneradmin"
"12/17/2025 8:00:01 AM","1","Process Create:
RuleName: ProcessCreate
UtcTime: 2025-12-17 08:00:01.297
ProcessGuid: {f995aebf-6301-6942-ce04-000000000e00}
ProcessId: 1532
Image: C:\Windows\System32\schtasks.exe
FileVersion: 10.0.26100.6725 (WinBuild.160101.0800)
Description: Task Scheduler Configuration Tool
Product: Microsoft? Windows? Operating System
Company: Microsoft Corporation
OriginalFileName: schtasks.exe
CommandLine: schtasks  /Delete /TN ""EventViewerBypass"" /F
CurrentDirectory: C:\Users\RUNNER~1\AppData\Local\Temp\
User: runnervm8j6r3\runneradmin
LogonGuid: {f995aebf-5f78-6942-2100-0c0000000000}
LogonId: 0xC0021
TerminalSessionId: 2
IntegrityLevel: High
Hashes: SHA256=B96AF3066F0B9DE8A460F77BAAE006C5372A266BE18C561DAA7C7AE8635D399D
ParentProcessGuid: {f995aebf-6301-6942-cb04-000000000e00}
ParentProcessId: 9500
ParentImage: C:\Windows\System32\cmd.exe
ParentCommandLine: ""cmd.exe"" /c reg delete ""HKEY_CURRENT_USER\Software\Classes\mscfile\shell\open\command"" /f & schtasks /Delete /TN ""EventViewerBypass"" /F
ParentUser: runnervm8j6r3\runneradmin"
"12/17/2025 8:00:01 AM","1","Process Create:
RuleName: ProcessCreate
UtcTime: 2025-12-17 08:00:01.023
ProcessGuid: {f995aebf-6301-6942-ca04-000000000e00}
ProcessId: 5796
Image: C:\Windows\System32\schtasks.exe
FileVersion: 10.0.26100.6725 (WinBuild.160101.0800)
Description: Task Scheduler Configuration Tool
Product: Microsoft? Windows? Operating System
Company: Microsoft Corporation
OriginalFileName: schtasks.exe
CommandLine: schtasks  /Delete /TN ""CompMgmtBypass"" /F
CurrentDirectory: C:\Users\RUNNER~1\AppData\Local\Temp\
User: runnervm8j6r3\runneradmin
LogonGuid: {f995aebf-5f78-6942-2100-0c0000000000}
LogonId: 0xC0021
TerminalSessionId: 2
IntegrityLevel: High
Hashes: SHA256=B96AF3066F0B9DE8A460F77BAAE006C5372A266BE18C561DAA7C7AE8635D399D
ParentProcessGuid: {f995aebf-6300-6942-c704-000000000e00}
ParentProcessId: 6900
ParentImage: C:\Windows\System32\cmd.exe
ParentCommandLine: ""cmd.exe"" /c reg delete ""HKEY_CURRENT_USER\Software\Classes\mscfile\shell\open\command"" /f & schtasks /Delete /TN ""CompMgmtBypass"" /F
ParentUser: runnervm8j6r3\runneradmin"
"12/17/2025 8:00:00 AM","9","RawAccessRead detected:
RuleName: RawAccessRead
UtcTime: 2025-12-17 08:00:00.270
ProcessGuid: {f995aebf-62fe-6942-c004-000000000e00}
ProcessId: 3972
Image: C:\Windows\WinSxS\amd64_microsoft-windows-servicingstack_31bf3856ad364e35_10.0.26100.7010_none_a54d8be7772fd084\TiWorker.exe
Device: \Device\HarddiskVolume2
User: NT AUTHORITY\SYSTEM"
"12/17/2025 7:59:59 AM","9","RawAccessRead detected:
RuleName: RawAccessRead
UtcTime: 2025-12-17 07:59:59.792
ProcessGuid: {f995aebf-62fe-6942-c004-000000000e00}
ProcessId: 3972
Image: C:\Windows\WinSxS\amd64_microsoft-windows-servicingstack_31bf3856ad364e35_10.0.26100.7010_none_a54d8be7772fd084\TiWorker.exe
Device: \Device\HarddiskVolume2
User: NT AUTHORITY\SYSTEM"
