"12/17/2025 7:55:43 AM","13","Registry value set:
RuleName: RegistryEvent
EventType: SetValue
UtcTime: 2025-12-17 07:55:43.259
ProcessGuid: {f995aebf-5fa1-6942-6d01-000000000e00}
ProcessId: 9928
Image: C:\Windows\system32\SecurityHealthService.exe
TargetObject: HKCR\CLSID\{3886CA90-AB09-49D1-A047-7A62D096D275}\InprocServer32\ThreadingModel
Details: Both
User: NT AUTHORITY\SYSTEM"
"12/17/2025 7:55:43 AM","13","Registry value set:
RuleName: RegistryEvent
EventType: SetValue
UtcTime: 2025-12-17 07:55:43.259
ProcessGuid: {f995aebf-5fa1-6942-6d01-000000000e00}
ProcessId: 9928
Image: C:\Windows\system32\SecurityHealthService.exe
TargetObject: HKCR\CLSID\{3886CA90-AB09-49D1-A047-7A62D096D275}\InprocServer32\(Default)
Details: \\?\C:\Windows\System32\SecurityHealth\10.0.29429.1000-0\SecurityHealthAgent.dll
User: NT AUTHORITY\SYSTEM"
"12/17/2025 7:55:43 AM","13","Registry value set:
RuleName: RegistryEvent
EventType: SetValue
UtcTime: 2025-12-17 07:55:43.255
ProcessGuid: {f995aebf-5fa1-6942-6d01-000000000e00}
ProcessId: 9928
Image: C:\Windows\system32\SecurityHealthService.exe
TargetObject: HKCR\CLSID\{8E67B5C5-BAD3-4263-9F80-F769D50884F7}\InprocServer32\ThreadingModel
Details: Both
User: NT AUTHORITY\SYSTEM"
"12/17/2025 7:55:43 AM","13","Registry value set:
RuleName: RegistryEvent
EventType: SetValue
UtcTime: 2025-12-17 07:55:43.255
ProcessGuid: {f995aebf-5fa1-6942-6d01-000000000e00}
ProcessId: 9928
Image: C:\Windows\system32\SecurityHealthService.exe
TargetObject: HKCR\CLSID\{8E67B5C5-BAD3-4263-9F80-F769D50884F7}\InprocServer32\(Default)
Details: \\?\C:\Windows\System32\SecurityHealth\10.0.29429.1000-0\SecurityHealthAgent.dll
User: NT AUTHORITY\SYSTEM"
"12/17/2025 7:55:43 AM","13","Registry value set:
RuleName: RegistryEvent
EventType: SetValue
UtcTime: 2025-12-17 07:55:43.253
ProcessGuid: {f995aebf-5fa1-6942-6d01-000000000e00}
ProcessId: 9928
Image: C:\Windows\system32\SecurityHealthService.exe
TargetObject: HKCR\CLSID\{3213CD15-4DF2-415F-83F2-9FC58F3AEB3A}\InprocServer32\ThreadingModel
Details: Both
User: NT AUTHORITY\SYSTEM"
"12/17/2025 7:55:43 AM","13","Registry value set:
RuleName: RegistryEvent
EventType: SetValue
UtcTime: 2025-12-17 07:55:43.253
ProcessGuid: {f995aebf-5fa1-6942-6d01-000000000e00}
ProcessId: 9928
Image: C:\Windows\system32\SecurityHealthService.exe
TargetObject: HKCR\CLSID\{3213CD15-4DF2-415F-83F2-9FC58F3AEB3A}\InprocServer32\(Default)
Details: \\?\C:\Windows\System32\SecurityHealth\10.0.29429.1000-0\SecurityHealthAgent.dll
User: NT AUTHORITY\SYSTEM"
"12/17/2025 7:55:43 AM","13","Registry value set:
RuleName: RegistryEvent
EventType: SetValue
UtcTime: 2025-12-17 07:55:43.251
ProcessGuid: {f995aebf-5fa1-6942-6d01-000000000e00}
ProcessId: 9928
Image: C:\Windows\system32\SecurityHealthService.exe
TargetObject: HKCR\CLSID\{3522D7AF-4617-4237-AAD8-5860231FC9BA}\InprocServer32\ThreadingModel
Details: Both
User: NT AUTHORITY\SYSTEM"
"12/17/2025 7:55:43 AM","13","Registry value set:
RuleName: RegistryEvent
EventType: SetValue
UtcTime: 2025-12-17 07:55:43.249
ProcessGuid: {f995aebf-5fa1-6942-6d01-000000000e00}
ProcessId: 9928
Image: C:\Windows\system32\SecurityHealthService.exe
TargetObject: HKCR\CLSID\{3522D7AF-4617-4237-AAD8-5860231FC9BA}\InprocServer32\(Default)
Details: \\?\C:\Windows\System32\SecurityHealth\10.0.29429.1000-0\SecurityHealthAgent.dll
User: NT AUTHORITY\SYSTEM"
"12/17/2025 7:55:43 AM","13","Registry value set:
RuleName: RegistryEvent
EventType: SetValue
UtcTime: 2025-12-17 07:55:43.247
ProcessGuid: {f995aebf-5fa1-6942-6d01-000000000e00}
ProcessId: 9928
Image: C:\Windows\system32\SecurityHealthService.exe
TargetObject: HKCR\CLSID\{45F2C32F-ED16-4C94-8493-D72EF93A051B}\InprocServer32\ThreadingModel
Details: Both
User: NT AUTHORITY\SYSTEM"
"12/17/2025 7:55:43 AM","13","Registry value set:
RuleName: RegistryEvent
EventType: SetValue
UtcTime: 2025-12-17 07:55:43.247
ProcessGuid: {f995aebf-5fa1-6942-6d01-000000000e00}
ProcessId: 9928
Image: C:\Windows\system32\SecurityHealthService.exe
TargetObject: HKCR\CLSID\{45F2C32F-ED16-4C94-8493-D72EF93A051B}\InprocServer32\(Default)
Details: \\?\C:\Windows\System32\SecurityHealth\10.0.29429.1000-0\SecurityHealthAgent.dll
User: NT AUTHORITY\SYSTEM"
"12/17/2025 7:55:43 AM","13","Registry value set:
RuleName: RegistryEvent
EventType: SetValue
UtcTime: 2025-12-17 07:55:43.245
ProcessGuid: {f995aebf-5fa1-6942-6d01-000000000e00}
ProcessId: 9928
Image: C:\Windows\system32\SecurityHealthService.exe
TargetObject: HKCR\CLSID\{6CED0DAA-4CDE-49C9-BA3A-AE163DC3D7AF}\InprocServer32\ThreadingModel
Details: Both
User: NT AUTHORITY\SYSTEM"
"12/17/2025 7:55:43 AM","13","Registry value set:
RuleName: RegistryEvent
EventType: SetValue
UtcTime: 2025-12-17 07:55:43.243
ProcessGuid: {f995aebf-5fa1-6942-6d01-000000000e00}
ProcessId: 9928
Image: C:\Windows\system32\SecurityHealthService.exe
TargetObject: HKCR\CLSID\{6CED0DAA-4CDE-49C9-BA3A-AE163DC3D7AF}\InprocServer32\(Default)
Details: \\?\C:\Windows\System32\SecurityHealth\10.0.29429.1000-0\SecurityHealthAgent.dll
User: NT AUTHORITY\SYSTEM"
"12/17/2025 7:55:43 AM","13","Registry value set:
RuleName: RegistryEvent
EventType: SetValue
UtcTime: 2025-12-17 07:55:43.243
ProcessGuid: {f995aebf-5fa1-6942-6d01-000000000e00}
ProcessId: 9928
Image: C:\Windows\system32\SecurityHealthService.exe
TargetObject: HKCR\CLSID\{E041C90B-68BA-42C9-991E-477B73A75C90}\InprocServer32\ThreadingModel
Details: Both
User: NT AUTHORITY\SYSTEM"
"12/17/2025 7:55:43 AM","13","Registry value set:
RuleName: RegistryEvent
EventType: SetValue
UtcTime: 2025-12-17 07:55:43.241
ProcessGuid: {f995aebf-5fa1-6942-6d01-000000000e00}
ProcessId: 9928
Image: C:\Windows\system32\SecurityHealthService.exe
TargetObject: HKCR\CLSID\{E041C90B-68BA-42C9-991E-477B73A75C90}\InprocServer32\(Default)
Details: \\?\C:\Windows\System32\SecurityHealth\10.0.29429.1000-0\SecurityHealthAgent.dll
User: NT AUTHORITY\SYSTEM"
"12/17/2025 7:55:43 AM","13","Registry value set:
RuleName: RegistryEvent
EventType: SetValue
UtcTime: 2025-12-17 07:55:43.241
ProcessGuid: {f995aebf-5fa1-6942-6d01-000000000e00}
ProcessId: 9928
Image: C:\Windows\system32\SecurityHealthService.exe
TargetObject: HKCR\CLSID\{08728914-3F57-4D52-9E31-49DAECA5A80A}\InprocServer32\ThreadingModel
Details: Both
User: NT AUTHORITY\SYSTEM"
"12/17/2025 7:55:43 AM","13","Registry value set:
RuleName: RegistryEvent
EventType: SetValue
UtcTime: 2025-12-17 07:55:43.241
ProcessGuid: {f995aebf-5fa1-6942-6d01-000000000e00}
ProcessId: 9928
Image: C:\Windows\system32\SecurityHealthService.exe
TargetObject: HKCR\CLSID\{08728914-3F57-4D52-9E31-49DAECA5A80A}\InprocServer32\(Default)
Details: \\?\C:\Windows\System32\SecurityHealth\10.0.29429.1000-0\SecurityHealthAgent.dll
User: NT AUTHORITY\SYSTEM"
"12/17/2025 7:55:43 AM","13","Registry value set:
RuleName: RegistryEvent
EventType: SetValue
UtcTime: 2025-12-17 07:55:43.202
ProcessGuid: {f995aebf-5fa1-6942-6d01-000000000e00}
ProcessId: 9928
Image: C:\Windows\system32\SecurityHealthService.exe
TargetObject: HKCR\CLSID\{36383E77-35C2-4B45-8277-329E4BEDF47F}\InProcServer32\ThreadingModel
Details: Both
User: NT AUTHORITY\SYSTEM"
"12/17/2025 7:55:43 AM","13","Registry value set:
RuleName: RegistryEvent
EventType: SetValue
UtcTime: 2025-12-17 07:55:43.202
ProcessGuid: {f995aebf-5fa1-6942-6d01-000000000e00}
ProcessId: 9928
Image: C:\Windows\system32\SecurityHealthService.exe
TargetObject: HKCR\CLSID\{36383E77-35C2-4B45-8277-329E4BEDF47F}\InProcServer32\(Default)
Details: \\?\C:\Windows\System32\SecurityHealth\10.0.29429.1000-0\SecurityHealthProxyStub.dll
User: NT AUTHORITY\SYSTEM"
"12/17/2025 7:55:43 AM","12","Registry object added or deleted:
RuleName: RegistryEvent
EventType: CreateKey
UtcTime: 2025-12-17 07:55:43.202
ProcessGuid: {f995aebf-5fa1-6942-6d01-000000000e00}
ProcessId: 9928
Image: C:\Windows\system32\SecurityHealthService.exe
TargetObject: HKCR\CLSID\{36383E77-35C2-4B45-8277-329E4BEDF47F}\InProcServer32
User: NT AUTHORITY\SYSTEM"
"12/17/2025 7:55:43 AM","13","Registry value set:
RuleName: RegistryEvent
EventType: SetValue
UtcTime: 2025-12-17 07:55:43.195
ProcessGuid: {f995aebf-5fa1-6942-6d01-000000000e00}
ProcessId: 9928
Image: C:\Windows\system32\SecurityHealthService.exe
TargetObject: HKCR\CLSID\{E3C9166D-1D39-4D4E-A45D-BC7BE9B00578}\InProcServer32\ThreadingModel
Details: Both
User: NT AUTHORITY\SYSTEM"
"12/17/2025 7:55:43 AM","13","Registry value set:
RuleName: RegistryEvent
EventType: SetValue
UtcTime: 2025-12-17 07:55:43.195
ProcessGuid: {f995aebf-5fa1-6942-6d01-000000000e00}
ProcessId: 9928
Image: C:\Windows\system32\SecurityHealthService.exe
TargetObject: HKCR\CLSID\{E3C9166D-1D39-4D4E-A45D-BC7BE9B00578}\InProcServer32\(Default)
Details: \\?\C:\Windows\System32\SecurityHealth\10.0.29429.1000-0\SecurityHealthSSO.dll
User: NT AUTHORITY\SYSTEM"
"12/17/2025 7:55:41 AM","25","Process Tampering:
RuleName: ProcessTampering
UtcTime: 2025-12-17 07:55:41.925
ProcessGuid: {f995aebf-61fd-6942-1703-000000000e00}
ProcessId: 3612
Image: C:\Windows\System32\SecurityHealth\SecurityHealthSetup.exe
Type: Image is locked for access
User: NT AUTHORITY\SYSTEM"
"12/17/2025 7:55:38 AM","25","Process Tampering:
RuleName: ProcessTampering
UtcTime: 2025-12-17 07:55:38.030
ProcessGuid: {f995aebf-61fa-6942-1303-000000000e00}
ProcessId: 8460
Image: C:\Windows\System32\SecurityHealthHost.exe
Type: Image is locked for access
User: runnervm8j6r3\runneradmin"
"12/17/2025 7:55:38 AM","13","Registry value set:
RuleName: RegistryEvent
EventType: SetValue
UtcTime: 2025-12-17 07:55:38.001
ProcessGuid: {f995aebf-5fa1-6942-6d01-000000000e00}
ProcessId: 9928
Image: C:\Windows\system32\SecurityHealthService.exe
TargetObject: HKLM\System\CurrentControlSet\Control\Lsa\IsPplAutoEnabled
Details: DWORD (0x00000024)
User: NT AUTHORITY\SYSTEM"
"12/17/2025 7:55:38 AM","13","Registry value set:
RuleName: RegistryEvent
EventType: SetValue
UtcTime: 2025-12-17 07:55:38.000
ProcessGuid: {f995aebf-5fa1-6942-6d01-000000000e00}
ProcessId: 9928
Image: C:\Windows\system32\SecurityHealthService.exe
TargetObject: HKLM\System\CurrentControlSet\Control\Lsa\RunAsPPL
Details: DWORD (0x00000000)
User: NT AUTHORITY\SYSTEM"
"12/17/2025 7:55:38 AM","13","Registry value set:
RuleName: RegistryEvent
EventType: SetValue
UtcTime: 2025-12-17 07:55:37.999
ProcessGuid: {f995aebf-5fa1-6942-6d01-000000000e00}
ProcessId: 9928
Image: C:\Windows\system32\SecurityHealthService.exe
TargetObject: HKLM\System\CurrentControlSet\Control\Lsa\IsPplAutoEnabled
Details: DWORD (0x00000024)
User: NT AUTHORITY\SYSTEM"
"12/17/2025 7:55:38 AM","13","Registry value set:
RuleName: RegistryEvent
EventType: SetValue
UtcTime: 2025-12-17 07:55:37.999
ProcessGuid: {f995aebf-5fa1-6942-6d01-000000000e00}
ProcessId: 9928
Image: C:\Windows\system32\SecurityHealthService.exe
TargetObject: HKLM\System\CurrentControlSet\Control\Lsa\RunAsPPL
Details: DWORD (0x00000000)
User: NT AUTHORITY\SYSTEM"
"12/17/2025 7:55:37 AM","9","RawAccessRead detected:
RuleName: RawAccessRead
UtcTime: 2025-12-17 07:55:37.979
ProcessGuid: {f995aebf-5fa1-6942-6d01-000000000e00}
ProcessId: 9928
Image: C:\Windows\System32\SecurityHealthService.exe
Device: \Device\HarddiskVolume1
User: NT AUTHORITY\SYSTEM"
"12/17/2025 7:55:37 AM","9","RawAccessRead detected:
RuleName: RawAccessRead
UtcTime: 2025-12-17 07:55:37.979
ProcessGuid: {f995aebf-5fa1-6942-6d01-000000000e00}
ProcessId: 9928
Image: C:\Windows\System32\SecurityHealthService.exe
Device: \Device\HarddiskVolume3
User: NT AUTHORITY\SYSTEM"
"12/17/2025 7:55:37 AM","9","RawAccessRead detected:
RuleName: RawAccessRead
UtcTime: 2025-12-17 07:55:37.979
ProcessGuid: {f995aebf-5fa1-6942-6d01-000000000e00}
ProcessId: 9928
Image: C:\Windows\System32\SecurityHealthService.exe
Device: \Device\HarddiskVolume3
User: NT AUTHORITY\SYSTEM"
"12/17/2025 7:55:37 AM","9","RawAccessRead detected:
RuleName: RawAccessRead
UtcTime: 2025-12-17 07:55:37.979
ProcessGuid: {f995aebf-5fa1-6942-6d01-000000000e00}
ProcessId: 9928
Image: C:\Windows\System32\SecurityHealthService.exe
Device: \Device\HarddiskVolume3
User: NT AUTHORITY\SYSTEM"
"12/17/2025 7:55:37 AM","9","RawAccessRead detected:
RuleName: RawAccessRead
UtcTime: 2025-12-17 07:55:37.979
ProcessGuid: {f995aebf-5fa1-6942-6d01-000000000e00}
ProcessId: 9928
Image: C:\Windows\System32\SecurityHealthService.exe
Device: \Device\HarddiskVolume3
User: NT AUTHORITY\SYSTEM"
"12/17/2025 7:55:37 AM","9","RawAccessRead detected:
RuleName: RawAccessRead
UtcTime: 2025-12-17 07:55:37.977
ProcessGuid: {f995aebf-5fa1-6942-6d01-000000000e00}
ProcessId: 9928
Image: C:\Windows\System32\SecurityHealthService.exe
Device: \Device\HarddiskVolume1
User: NT AUTHORITY\SYSTEM"
"12/17/2025 7:55:37 AM","9","RawAccessRead detected:
RuleName: RawAccessRead
UtcTime: 2025-12-17 07:55:37.977
ProcessGuid: {f995aebf-5fa1-6942-6d01-000000000e00}
ProcessId: 9928
Image: C:\Windows\System32\SecurityHealthService.exe
Device: \Device\HarddiskVolume1
User: NT AUTHORITY\SYSTEM"
"12/17/2025 7:55:37 AM","9","RawAccessRead detected:
RuleName: RawAccessRead
UtcTime: 2025-12-17 07:55:37.977
ProcessGuid: {f995aebf-5fa1-6942-6d01-000000000e00}
ProcessId: 9928
Image: C:\Windows\System32\SecurityHealthService.exe
Device: \Device\HarddiskVolume2
User: NT AUTHORITY\SYSTEM"
"12/17/2025 7:55:37 AM","9","RawAccessRead detected:
RuleName: RawAccessRead
UtcTime: 2025-12-17 07:55:37.977
ProcessGuid: {f995aebf-5fa1-6942-6d01-000000000e00}
ProcessId: 9928
Image: C:\Windows\System32\SecurityHealthService.exe
Device: \Device\HarddiskVolume2
User: NT AUTHORITY\SYSTEM"
"12/17/2025 7:55:37 AM","9","RawAccessRead detected:
RuleName: RawAccessRead
UtcTime: 2025-12-17 07:55:37.977
ProcessGuid: {f995aebf-5fa1-6942-6d01-000000000e00}
ProcessId: 9928
Image: C:\Windows\System32\SecurityHealthService.exe
Device: \Device\HarddiskVolume2
User: NT AUTHORITY\SYSTEM"
"12/17/2025 7:55:37 AM","9","RawAccessRead detected:
RuleName: RawAccessRead
UtcTime: 2025-12-17 07:55:37.977
ProcessGuid: {f995aebf-5fa1-6942-6d01-000000000e00}
ProcessId: 9928
Image: C:\Windows\System32\SecurityHealthService.exe
Device: \Device\HarddiskVolume2
User: NT AUTHORITY\SYSTEM"
"12/17/2025 7:55:37 AM","9","RawAccessRead detected:
RuleName: RawAccessRead
UtcTime: 2025-12-17 07:55:37.975
ProcessGuid: {f995aebf-5fa1-6942-6d01-000000000e00}
ProcessId: 9928
Image: C:\Windows\System32\SecurityHealthService.exe
Device: \Device\HarddiskVolume1
User: NT AUTHORITY\SYSTEM"
"12/17/2025 7:55:37 AM","9","RawAccessRead detected:
RuleName: RawAccessRead
UtcTime: 2025-12-17 07:55:37.975
ProcessGuid: {f995aebf-5fa1-6942-6d01-000000000e00}
ProcessId: 9928
Image: C:\Windows\System32\SecurityHealthService.exe
Device: \Device\HarddiskVolume1
User: NT AUTHORITY\SYSTEM"
"12/17/2025 7:55:37 AM","9","RawAccessRead detected:
RuleName: RawAccessRead
UtcTime: 2025-12-17 07:55:37.975
ProcessGuid: {f995aebf-5fa1-6942-6d01-000000000e00}
ProcessId: 9928
Image: C:\Windows\System32\SecurityHealthService.exe
Device: \Device\HarddiskVolume1
User: NT AUTHORITY\SYSTEM"
"12/17/2025 7:55:37 AM","9","RawAccessRead detected:
RuleName: RawAccessRead
UtcTime: 2025-12-17 07:55:37.975
ProcessGuid: {f995aebf-5fa1-6942-6d01-000000000e00}
ProcessId: 9928
Image: C:\Windows\System32\SecurityHealthService.exe
Device: \Device\HarddiskVolume1
User: NT AUTHORITY\SYSTEM"
"12/17/2025 7:55:37 AM","9","RawAccessRead detected:
RuleName: RawAccessRead
UtcTime: 2025-12-17 07:55:37.975
ProcessGuid: {f995aebf-5fa1-6942-6d01-000000000e00}
ProcessId: 9928
Image: C:\Windows\System32\SecurityHealthService.exe
Device: \Device\HarddiskVolume1
User: NT AUTHORITY\SYSTEM"
"12/17/2025 7:55:37 AM","9","RawAccessRead detected:
RuleName: RawAccessRead
UtcTime: 2025-12-17 07:55:37.898
ProcessGuid: {f995aebf-5fa1-6942-6d01-000000000e00}
ProcessId: 9928
Image: C:\Windows\System32\SecurityHealthService.exe
Device: \Device\HarddiskVolume1
User: NT AUTHORITY\SYSTEM"
"12/17/2025 7:55:37 AM","9","RawAccessRead detected:
RuleName: RawAccessRead
UtcTime: 2025-12-17 07:55:37.898
ProcessGuid: {f995aebf-5fa1-6942-6d01-000000000e00}
ProcessId: 9928
Image: C:\Windows\System32\SecurityHealthService.exe
Device: \Device\HarddiskVolume3
User: NT AUTHORITY\SYSTEM"
"12/17/2025 7:55:37 AM","9","RawAccessRead detected:
RuleName: RawAccessRead
UtcTime: 2025-12-17 07:55:37.898
ProcessGuid: {f995aebf-5fa1-6942-6d01-000000000e00}
ProcessId: 9928
Image: C:\Windows\System32\SecurityHealthService.exe
Device: \Device\HarddiskVolume3
User: NT AUTHORITY\SYSTEM"
"12/17/2025 7:55:37 AM","9","RawAccessRead detected:
RuleName: RawAccessRead
UtcTime: 2025-12-17 07:55:37.898
ProcessGuid: {f995aebf-5fa1-6942-6d01-000000000e00}
ProcessId: 9928
Image: C:\Windows\System32\SecurityHealthService.exe
Device: \Device\HarddiskVolume3
User: NT AUTHORITY\SYSTEM"
"12/17/2025 7:55:37 AM","9","RawAccessRead detected:
RuleName: RawAccessRead
UtcTime: 2025-12-17 07:55:37.898
ProcessGuid: {f995aebf-5fa1-6942-6d01-000000000e00}
ProcessId: 9928
Image: C:\Windows\System32\SecurityHealthService.exe
Device: \Device\HarddiskVolume3
User: NT AUTHORITY\SYSTEM"
"12/17/2025 7:55:37 AM","9","RawAccessRead detected:
RuleName: RawAccessRead
UtcTime: 2025-12-17 07:55:37.896
ProcessGuid: {f995aebf-5fa1-6942-6d01-000000000e00}
ProcessId: 9928
Image: C:\Windows\System32\SecurityHealthService.exe
Device: \Device\HarddiskVolume1
User: NT AUTHORITY\SYSTEM"
"12/17/2025 7:55:37 AM","9","RawAccessRead detected:
RuleName: RawAccessRead
UtcTime: 2025-12-17 07:55:37.896
ProcessGuid: {f995aebf-5fa1-6942-6d01-000000000e00}
ProcessId: 9928
Image: C:\Windows\System32\SecurityHealthService.exe
Device: \Device\HarddiskVolume1
User: NT AUTHORITY\SYSTEM"
"12/17/2025 7:55:37 AM","9","RawAccessRead detected:
RuleName: RawAccessRead
UtcTime: 2025-12-17 07:55:37.896
ProcessGuid: {f995aebf-5fa1-6942-6d01-000000000e00}
ProcessId: 9928
Image: C:\Windows\System32\SecurityHealthService.exe
Device: \Device\HarddiskVolume2
User: NT AUTHORITY\SYSTEM"
"12/17/2025 7:55:37 AM","9","RawAccessRead detected:
RuleName: RawAccessRead
UtcTime: 2025-12-17 07:55:37.896
ProcessGuid: {f995aebf-5fa1-6942-6d01-000000000e00}
ProcessId: 9928
Image: C:\Windows\System32\SecurityHealthService.exe
Device: \Device\HarddiskVolume2
User: NT AUTHORITY\SYSTEM"
"12/17/2025 7:55:37 AM","9","RawAccessRead detected:
RuleName: RawAccessRead
UtcTime: 2025-12-17 07:55:37.896
ProcessGuid: {f995aebf-5fa1-6942-6d01-000000000e00}
ProcessId: 9928
Image: C:\Windows\System32\SecurityHealthService.exe
Device: \Device\HarddiskVolume2
User: NT AUTHORITY\SYSTEM"
"12/17/2025 7:55:37 AM","9","RawAccessRead detected:
RuleName: RawAccessRead
UtcTime: 2025-12-17 07:55:37.896
ProcessGuid: {f995aebf-5fa1-6942-6d01-000000000e00}
ProcessId: 9928
Image: C:\Windows\System32\SecurityHealthService.exe
Device: \Device\HarddiskVolume2
User: NT AUTHORITY\SYSTEM"
"12/17/2025 7:55:37 AM","9","RawAccessRead detected:
RuleName: RawAccessRead
UtcTime: 2025-12-17 07:55:37.894
ProcessGuid: {f995aebf-5fa1-6942-6d01-000000000e00}
ProcessId: 9928
Image: C:\Windows\System32\SecurityHealthService.exe
Device: \Device\HarddiskVolume1
User: NT AUTHORITY\SYSTEM"
"12/17/2025 7:55:37 AM","9","RawAccessRead detected:
RuleName: RawAccessRead
UtcTime: 2025-12-17 07:55:37.894
ProcessGuid: {f995aebf-5fa1-6942-6d01-000000000e00}
ProcessId: 9928
Image: C:\Windows\System32\SecurityHealthService.exe
Device: \Device\HarddiskVolume1
User: NT AUTHORITY\SYSTEM"
"12/17/2025 7:55:37 AM","9","RawAccessRead detected:
RuleName: RawAccessRead
UtcTime: 2025-12-17 07:55:37.894
ProcessGuid: {f995aebf-5fa1-6942-6d01-000000000e00}
ProcessId: 9928
Image: C:\Windows\System32\SecurityHealthService.exe
Device: \Device\HarddiskVolume1
User: NT AUTHORITY\SYSTEM"
"12/17/2025 7:55:37 AM","9","RawAccessRead detected:
RuleName: RawAccessRead
UtcTime: 2025-12-17 07:55:37.894
ProcessGuid: {f995aebf-5fa1-6942-6d01-000000000e00}
ProcessId: 9928
Image: C:\Windows\System32\SecurityHealthService.exe
Device: \Device\HarddiskVolume1
User: NT AUTHORITY\SYSTEM"
"12/17/2025 7:55:37 AM","9","RawAccessRead detected:
RuleName: RawAccessRead
UtcTime: 2025-12-17 07:55:37.894
ProcessGuid: {f995aebf-5fa1-6942-6d01-000000000e00}
ProcessId: 9928
Image: <unknown process>
Device: \Device\HarddiskVolume1
User: NT AUTHORITY\SYSTEM"
"12/17/2025 7:55:32 AM","9","RawAccessRead detected:
RuleName: RawAccessRead
UtcTime: 2025-12-17 07:55:32.591
ProcessGuid: {f995aebf-5f6c-6942-9e00-000000000e00}
ProcessId: 4684
Image: C:\Windows\System32\svchost.exe
Device: \Device\HarddiskVolume1
User: NT AUTHORITY\SYSTEM"
"12/17/2025 7:55:32 AM","9","RawAccessRead detected:
RuleName: RawAccessRead
UtcTime: 2025-12-17 07:55:32.591
ProcessGuid: {f995aebf-5f6c-6942-9e00-000000000e00}
ProcessId: 4684
Image: C:\Windows\System32\svchost.exe
Device: \Device\HarddiskVolume1
User: NT AUTHORITY\SYSTEM"
"12/17/2025 7:55:32 AM","9","RawAccessRead detected:
RuleName: RawAccessRead
UtcTime: 2025-12-17 07:55:32.589
ProcessGuid: {f995aebf-5f6c-6942-9e00-000000000e00}
ProcessId: 4684
Image: C:\Windows\System32\svchost.exe
Device: \Device\HarddiskVolume1
User: NT AUTHORITY\SYSTEM"
"12/17/2025 7:55:32 AM","9","RawAccessRead detected:
RuleName: RawAccessRead
UtcTime: 2025-12-17 07:55:32.589
ProcessGuid: {f995aebf-5f6c-6942-9e00-000000000e00}
ProcessId: 4684
Image: C:\Windows\System32\svchost.exe
Device: \Device\HarddiskVolume1
User: NT AUTHORITY\SYSTEM"
"12/17/2025 7:55:32 AM","9","RawAccessRead detected:
RuleName: RawAccessRead
UtcTime: 2025-12-17 07:55:32.589
ProcessGuid: {f995aebf-5f6c-6942-9e00-000000000e00}
ProcessId: 4684
Image: C:\Windows\System32\svchost.exe
Device: \Device\HarddiskVolume1
User: NT AUTHORITY\SYSTEM"
"12/17/2025 7:55:32 AM","9","RawAccessRead detected:
RuleName: RawAccessRead
UtcTime: 2025-12-17 07:55:32.589
ProcessGuid: {f995aebf-5f6c-6942-9e00-000000000e00}
ProcessId: 4684
Image: C:\Windows\System32\svchost.exe
Device: \Device\HarddiskVolume1
User: NT AUTHORITY\SYSTEM"
"12/17/2025 7:55:32 AM","9","RawAccessRead detected:
RuleName: RawAccessRead
UtcTime: 2025-12-17 07:55:32.589
ProcessGuid: {f995aebf-5f6c-6942-9e00-000000000e00}
ProcessId: 4684
Image: C:\Windows\System32\svchost.exe
Device: \Device\HarddiskVolume1
User: NT AUTHORITY\SYSTEM"
"12/17/2025 7:55:32 AM","9","RawAccessRead detected:
RuleName: RawAccessRead
UtcTime: 2025-12-17 07:55:32.587
ProcessGuid: {f995aebf-5f6c-6942-9e00-000000000e00}
ProcessId: 4684
Image: C:\Windows\System32\svchost.exe
Device: \Device\HarddiskVolume1
User: NT AUTHORITY\SYSTEM"
"12/17/2025 7:55:32 AM","9","RawAccessRead detected:
RuleName: RawAccessRead
UtcTime: 2025-12-17 07:55:32.587
ProcessGuid: {f995aebf-5f6c-6942-9e00-000000000e00}
ProcessId: 4684
Image: C:\Windows\System32\svchost.exe
Device: \Device\HarddiskVolume1
User: NT AUTHORITY\SYSTEM"
"12/17/2025 7:55:32 AM","9","RawAccessRead detected:
RuleName: RawAccessRead
UtcTime: 2025-12-17 07:55:32.587
ProcessGuid: {f995aebf-5f6c-6942-9e00-000000000e00}
ProcessId: 4684
Image: C:\Windows\System32\svchost.exe
Device: \Device\HarddiskVolume1
User: NT AUTHORITY\SYSTEM"
"12/17/2025 7:55:32 AM","9","RawAccessRead detected:
RuleName: RawAccessRead
UtcTime: 2025-12-17 07:55:32.587
ProcessGuid: {f995aebf-5f6c-6942-9e00-000000000e00}
ProcessId: 4684
Image: C:\Windows\System32\svchost.exe
Device: \Device\HarddiskVolume1
User: NT AUTHORITY\SYSTEM"
"12/17/2025 7:55:32 AM","9","RawAccessRead detected:
RuleName: RawAccessRead
UtcTime: 2025-12-17 07:55:32.587
ProcessGuid: {f995aebf-5f6c-6942-9e00-000000000e00}
ProcessId: 4684
Image: C:\Windows\System32\svchost.exe
Device: \Device\HarddiskVolume1
User: NT AUTHORITY\SYSTEM"
"12/17/2025 7:55:32 AM","9","RawAccessRead detected:
RuleName: RawAccessRead
UtcTime: 2025-12-17 07:55:32.587
ProcessGuid: {f995aebf-5f6c-6942-9e00-000000000e00}
ProcessId: 4684
Image: C:\Windows\System32\svchost.exe
Device: \Device\HarddiskVolume1
User: NT AUTHORITY\SYSTEM"
"12/17/2025 7:55:32 AM","9","RawAccessRead detected:
RuleName: RawAccessRead
UtcTime: 2025-12-17 07:55:32.587
ProcessGuid: {f995aebf-5f6c-6942-9e00-000000000e00}
ProcessId: 4684
Image: C:\Windows\System32\svchost.exe
Device: \Device\HarddiskVolume1
User: NT AUTHORITY\SYSTEM"
"12/17/2025 7:55:32 AM","9","RawAccessRead detected:
RuleName: RawAccessRead
UtcTime: 2025-12-17 07:55:32.585
ProcessGuid: {f995aebf-5f6c-6942-9e00-000000000e00}
ProcessId: 4684
Image: C:\Windows\System32\svchost.exe
Device: \Device\HarddiskVolume1
User: NT AUTHORITY\SYSTEM"
"12/17/2025 7:55:32 AM","9","RawAccessRead detected:
RuleName: RawAccessRead
UtcTime: 2025-12-17 07:55:32.585
ProcessGuid: {f995aebf-5f6c-6942-9e00-000000000e00}
ProcessId: 4684
Image: C:\Windows\System32\svchost.exe
Device: \Device\HarddiskVolume1
User: NT AUTHORITY\SYSTEM"
"12/17/2025 7:55:32 AM","9","RawAccessRead detected:
RuleName: RawAccessRead
UtcTime: 2025-12-17 07:55:32.585
ProcessGuid: {f995aebf-5f6c-6942-9e00-000000000e00}
ProcessId: 4684
Image: C:\Windows\System32\svchost.exe
Device: \Device\HarddiskVolume1
User: NT AUTHORITY\SYSTEM"
"12/17/2025 7:55:32 AM","9","RawAccessRead detected:
RuleName: RawAccessRead
UtcTime: 2025-12-17 07:55:32.585
ProcessGuid: {f995aebf-5f6c-6942-9e00-000000000e00}
ProcessId: 4684
Image: C:\Windows\System32\svchost.exe
Device: \Device\HarddiskVolume1
User: NT AUTHORITY\SYSTEM"
"12/17/2025 7:55:32 AM","9","RawAccessRead detected:
RuleName: RawAccessRead
UtcTime: 2025-12-17 07:55:32.585
ProcessGuid: {f995aebf-5f6c-6942-9e00-000000000e00}
ProcessId: 4684
Image: C:\Windows\System32\svchost.exe
Device: \Device\HarddiskVolume1
User: NT AUTHORITY\SYSTEM"
"12/17/2025 7:55:32 AM","9","RawAccessRead detected:
RuleName: RawAccessRead
UtcTime: 2025-12-17 07:55:32.585
ProcessGuid: {f995aebf-5f6c-6942-9e00-000000000e00}
ProcessId: 4684
Image: C:\Windows\System32\svchost.exe
Device: \Device\HarddiskVolume1
User: NT AUTHORITY\SYSTEM"
"12/17/2025 7:55:32 AM","9","RawAccessRead detected:
RuleName: RawAccessRead
UtcTime: 2025-12-17 07:55:32.583
ProcessGuid: {f995aebf-5f6c-6942-9e00-000000000e00}
ProcessId: 4684
Image: C:\Windows\System32\svchost.exe
Device: \Device\HarddiskVolume1
User: NT AUTHORITY\SYSTEM"
"12/17/2025 7:55:32 AM","9","RawAccessRead detected:
RuleName: RawAccessRead
UtcTime: 2025-12-17 07:55:32.583
ProcessGuid: {f995aebf-5f6c-6942-9e00-000000000e00}
ProcessId: 4684
Image: C:\Windows\System32\svchost.exe
Device: \Device\HarddiskVolume1
User: NT AUTHORITY\SYSTEM"
"12/17/2025 7:55:32 AM","9","RawAccessRead detected:
RuleName: RawAccessRead
UtcTime: 2025-12-17 07:55:32.583
ProcessGuid: {f995aebf-5f6c-6942-9e00-000000000e00}
ProcessId: 4684
Image: C:\Windows\System32\svchost.exe
Device: \Device\HarddiskVolume1
User: NT AUTHORITY\SYSTEM"
"12/17/2025 7:55:32 AM","9","RawAccessRead detected:
RuleName: RawAccessRead
UtcTime: 2025-12-17 07:55:32.583
ProcessGuid: {f995aebf-5f6c-6942-9e00-000000000e00}
ProcessId: 4684
Image: C:\Windows\System32\svchost.exe
Device: \Device\HarddiskVolume1
User: NT AUTHORITY\SYSTEM"
"12/17/2025 7:55:32 AM","9","RawAccessRead detected:
RuleName: RawAccessRead
UtcTime: 2025-12-17 07:55:32.583
ProcessGuid: {f995aebf-5f6c-6942-9e00-000000000e00}
ProcessId: 4684
Image: C:\Windows\System32\svchost.exe
Device: \Device\HarddiskVolume1
User: NT AUTHORITY\SYSTEM"
"12/17/2025 7:55:32 AM","9","RawAccessRead detected:
RuleName: RawAccessRead
UtcTime: 2025-12-17 07:55:32.583
ProcessGuid: {f995aebf-5f6c-6942-9e00-000000000e00}
ProcessId: 4684
Image: C:\Windows\System32\svchost.exe
Device: \Device\HarddiskVolume1
User: NT AUTHORITY\SYSTEM"
"12/17/2025 7:55:32 AM","9","RawAccessRead detected:
RuleName: RawAccessRead
UtcTime: 2025-12-17 07:55:32.583
ProcessGuid: {f995aebf-5f6c-6942-9e00-000000000e00}
ProcessId: 4684
Image: C:\Windows\System32\svchost.exe
Device: \Device\HarddiskVolume1
User: NT AUTHORITY\SYSTEM"
"12/17/2025 7:55:32 AM","9","RawAccessRead detected:
RuleName: RawAccessRead
UtcTime: 2025-12-17 07:55:32.583
ProcessGuid: {f995aebf-5f6c-6942-9e00-000000000e00}
ProcessId: 4684
Image: C:\Windows\System32\svchost.exe
Device: \Device\HarddiskVolume1
User: NT AUTHORITY\SYSTEM"
"12/17/2025 7:55:32 AM","9","RawAccessRead detected:
RuleName: RawAccessRead
UtcTime: 2025-12-17 07:55:32.581
ProcessGuid: {f995aebf-5f6c-6942-9e00-000000000e00}
ProcessId: 4684
Image: C:\Windows\System32\svchost.exe
Device: \Device\HarddiskVolume1
User: NT AUTHORITY\SYSTEM"
"12/17/2025 7:55:32 AM","9","RawAccessRead detected:
RuleName: RawAccessRead
UtcTime: 2025-12-17 07:55:32.581
ProcessGuid: {f995aebf-5f6c-6942-9e00-000000000e00}
ProcessId: 4684
Image: C:\Windows\System32\svchost.exe
Device: \Device\HarddiskVolume1
User: NT AUTHORITY\SYSTEM"
"12/17/2025 7:55:32 AM","9","RawAccessRead detected:
RuleName: RawAccessRead
UtcTime: 2025-12-17 07:55:32.581
ProcessGuid: {f995aebf-5f6c-6942-9e00-000000000e00}
ProcessId: 4684
Image: C:\Windows\System32\svchost.exe
Device: \Device\HarddiskVolume1
User: NT AUTHORITY\SYSTEM"
"12/17/2025 7:55:32 AM","9","RawAccessRead detected:
RuleName: RawAccessRead
UtcTime: 2025-12-17 07:55:32.581
ProcessGuid: {f995aebf-5f6c-6942-9e00-000000000e00}
ProcessId: 4684
Image: C:\Windows\System32\svchost.exe
Device: \Device\HarddiskVolume1
User: NT AUTHORITY\SYSTEM"
"12/17/2025 7:55:32 AM","9","RawAccessRead detected:
RuleName: RawAccessRead
UtcTime: 2025-12-17 07:55:32.581
ProcessGuid: {f995aebf-5f6c-6942-9e00-000000000e00}
ProcessId: 4684
Image: C:\Windows\System32\svchost.exe
Device: \Device\HarddiskVolume1
User: NT AUTHORITY\SYSTEM"
"12/17/2025 7:55:32 AM","9","RawAccessRead detected:
RuleName: RawAccessRead
UtcTime: 2025-12-17 07:55:32.581
ProcessGuid: {f995aebf-5f6c-6942-9e00-000000000e00}
ProcessId: 4684
Image: C:\Windows\System32\svchost.exe
Device: \Device\HarddiskVolume1
User: NT AUTHORITY\SYSTEM"
"12/17/2025 7:55:32 AM","9","RawAccessRead detected:
RuleName: RawAccessRead
UtcTime: 2025-12-17 07:55:32.573
ProcessGuid: {f995aebf-5f6c-6942-9e00-000000000e00}
ProcessId: 4684
Image: C:\Windows\System32\svchost.exe
Device: \Device\HarddiskVolume1
User: NT AUTHORITY\SYSTEM"
"12/17/2025 7:55:32 AM","9","RawAccessRead detected:
RuleName: RawAccessRead
UtcTime: 2025-12-17 07:55:32.573
ProcessGuid: {f995aebf-5f6c-6942-9e00-000000000e00}
ProcessId: 4684
Image: C:\Windows\System32\svchost.exe
Device: \Device\HarddiskVolume1
User: NT AUTHORITY\SYSTEM"
"12/17/2025 7:55:32 AM","9","RawAccessRead detected:
RuleName: RawAccessRead
UtcTime: 2025-12-17 07:55:32.571
ProcessGuid: {f995aebf-5f6c-6942-9e00-000000000e00}
ProcessId: 4684
Image: C:\Windows\System32\svchost.exe
Device: \Device\HarddiskVolume1
User: NT AUTHORITY\SYSTEM"
"12/17/2025 7:55:32 AM","9","RawAccessRead detected:
RuleName: RawAccessRead
UtcTime: 2025-12-17 07:55:32.571
ProcessGuid: {f995aebf-5f6c-6942-9e00-000000000e00}
ProcessId: 4684
Image: C:\Windows\System32\svchost.exe
Device: \Device\HarddiskVolume1
User: NT AUTHORITY\SYSTEM"
"12/17/2025 7:55:32 AM","9","RawAccessRead detected:
RuleName: RawAccessRead
UtcTime: 2025-12-17 07:55:32.571
ProcessGuid: {f995aebf-5f6c-6942-9e00-000000000e00}
ProcessId: 4684
Image: C:\Windows\System32\svchost.exe
Device: \Device\HarddiskVolume1
User: NT AUTHORITY\SYSTEM"
"12/17/2025 7:55:32 AM","9","RawAccessRead detected:
RuleName: RawAccessRead
UtcTime: 2025-12-17 07:55:32.569
ProcessGuid: {f995aebf-5f6c-6942-9e00-000000000e00}
ProcessId: 4684
Image: C:\Windows\System32\svchost.exe
Device: \Device\HarddiskVolume1
User: NT AUTHORITY\SYSTEM"
"12/17/2025 7:55:32 AM","9","RawAccessRead detected:
RuleName: RawAccessRead
UtcTime: 2025-12-17 07:55:32.569
ProcessGuid: {f995aebf-5f6c-6942-9e00-000000000e00}
ProcessId: 4684
Image: C:\Windows\System32\svchost.exe
Device: \Device\HarddiskVolume1
User: NT AUTHORITY\SYSTEM"
"12/17/2025 7:55:32 AM","9","RawAccessRead detected:
RuleName: RawAccessRead
UtcTime: 2025-12-17 07:55:32.569
ProcessGuid: {f995aebf-5f6c-6942-9e00-000000000e00}
ProcessId: 4684
Image: C:\Windows\System32\svchost.exe
Device: \Device\HarddiskVolume1
User: NT AUTHORITY\SYSTEM"
"12/17/2025 7:55:32 AM","9","RawAccessRead detected:
RuleName: RawAccessRead
UtcTime: 2025-12-17 07:55:32.567
ProcessGuid: {f995aebf-5f6c-6942-9e00-000000000e00}
ProcessId: 4684
Image: C:\Windows\System32\svchost.exe
Device: \Device\HarddiskVolume1
User: NT AUTHORITY\SYSTEM"
"12/17/2025 7:55:32 AM","9","RawAccessRead detected:
RuleName: RawAccessRead
UtcTime: 2025-12-17 07:55:32.567
ProcessGuid: {f995aebf-5f6c-6942-9e00-000000000e00}
ProcessId: 4684
Image: C:\Windows\System32\svchost.exe
Device: \Device\HarddiskVolume1
User: NT AUTHORITY\SYSTEM"
"12/17/2025 7:55:32 AM","9","RawAccessRead detected:
RuleName: RawAccessRead
UtcTime: 2025-12-17 07:55:32.567
ProcessGuid: {f995aebf-5f6c-6942-9e00-000000000e00}
ProcessId: 4684
Image: C:\Windows\System32\svchost.exe
Device: \Device\HarddiskVolume1
User: NT AUTHORITY\SYSTEM"
"12/17/2025 7:55:32 AM","9","RawAccessRead detected:
RuleName: RawAccessRead
UtcTime: 2025-12-17 07:55:32.567
ProcessGuid: {f995aebf-5f6c-6942-9e00-000000000e00}
ProcessId: 4684
Image: C:\Windows\System32\svchost.exe
Device: \Device\HarddiskVolume1
User: NT AUTHORITY\SYSTEM"
"12/17/2025 7:55:32 AM","9","RawAccessRead detected:
RuleName: RawAccessRead
UtcTime: 2025-12-17 07:55:32.565
ProcessGuid: {f995aebf-5f6c-6942-9e00-000000000e00}
ProcessId: 4684
Image: C:\Windows\System32\svchost.exe
Device: \Device\HarddiskVolume1
User: NT AUTHORITY\SYSTEM"
"12/17/2025 7:55:32 AM","9","RawAccessRead detected:
RuleName: RawAccessRead
UtcTime: 2025-12-17 07:55:32.565
ProcessGuid: {f995aebf-5f6c-6942-9e00-000000000e00}
ProcessId: 4684
Image: C:\Windows\system32\svchost.exe
Device: \Device\HarddiskVolume1
User: NT AUTHORITY\SYSTEM"
"12/17/2025 7:55:16 AM","9","RawAccessRead detected:
RuleName: RawAccessRead
UtcTime: 2025-12-17 07:55:16.646
ProcessGuid: {f995aebf-5f77-6942-cc00-000000000e00}
ProcessId: 5888
Image: C:\Windows\System32\svchost.exe
Device: \Device\HarddiskVolume2
User: NT AUTHORITY\SYSTEM"
"12/17/2025 7:55:15 AM","9","RawAccessRead detected:
RuleName: RawAccessRead
UtcTime: 2025-12-17 07:55:15.984
ProcessGuid: {f995aebf-5f77-6942-cc00-000000000e00}
ProcessId: 5888
Image: C:\Windows\System32\svchost.exe
Device: \Device\HarddiskVolume2
User: NT AUTHORITY\SYSTEM"
"12/17/2025 7:55:15 AM","9","RawAccessRead detected:
RuleName: RawAccessRead
UtcTime: 2025-12-17 07:55:15.980
ProcessGuid: {f995aebf-61e3-6942-0c03-000000000e00}
ProcessId: 9792
Image: C:\Windows\System32\svchost.exe
Device: \Device\HarddiskVolume2
User: NT AUTHORITY\SYSTEM"
"12/17/2025 7:55:15 AM","9","RawAccessRead detected:
RuleName: RawAccessRead
UtcTime: 2025-12-17 07:55:15.980
ProcessGuid: {f995aebf-61e3-6942-0c03-000000000e00}
ProcessId: 9792
Image: C:\Windows\System32\svchost.exe
Device: \Device\HarddiskVolume2
User: NT AUTHORITY\SYSTEM"
"12/17/2025 7:55:15 AM","9","RawAccessRead detected:
RuleName: RawAccessRead
UtcTime: 2025-12-17 07:55:15.980
ProcessGuid: {f995aebf-61e3-6942-0c03-000000000e00}
ProcessId: 9792
Image: C:\Windows\System32\svchost.exe
Device: \Device\HarddiskVolume2
User: NT AUTHORITY\SYSTEM"
"12/17/2025 7:55:15 AM","9","RawAccessRead detected:
RuleName: RawAccessRead
UtcTime: 2025-12-17 07:55:15.978
ProcessGuid: {f995aebf-61e3-6942-0c03-000000000e00}
ProcessId: 9792
Image: C:\Windows\System32\svchost.exe
Device: \Device\HarddiskVolume2
User: NT AUTHORITY\SYSTEM"
"12/17/2025 7:55:15 AM","9","RawAccessRead detected:
RuleName: RawAccessRead
UtcTime: 2025-12-17 07:55:15.976
ProcessGuid: {f995aebf-61e3-6942-0c03-000000000e00}
ProcessId: 9792
Image: C:\Windows\System32\svchost.exe
Device: \Device\HarddiskVolume2
User: NT AUTHORITY\SYSTEM"
"12/17/2025 7:55:15 AM","9","RawAccessRead detected:
RuleName: RawAccessRead
UtcTime: 2025-12-17 07:55:15.976
ProcessGuid: {f995aebf-61e3-6942-0c03-000000000e00}
ProcessId: 9792
Image: C:\Windows\System32\svchost.exe
Device: \Device\HarddiskVolume3
User: NT AUTHORITY\SYSTEM"
"12/17/2025 7:55:15 AM","9","RawAccessRead detected:
RuleName: RawAccessRead
UtcTime: 2025-12-17 07:55:15.976
ProcessGuid: {f995aebf-61e3-6942-0c03-000000000e00}
ProcessId: 9792
Image: C:\Windows\System32\svchost.exe
Device: \Device\HarddiskVolume3
User: NT AUTHORITY\SYSTEM"
"12/17/2025 7:55:15 AM","9","RawAccessRead detected:
RuleName: RawAccessRead
UtcTime: 2025-12-17 07:55:15.976
ProcessGuid: {f995aebf-61e3-6942-0c03-000000000e00}
ProcessId: 9792
Image: C:\Windows\System32\svchost.exe
Device: \Device\HarddiskVolume1
User: NT AUTHORITY\SYSTEM"
"12/17/2025 7:55:15 AM","9","RawAccessRead detected:
RuleName: RawAccessRead
UtcTime: 2025-12-17 07:55:15.976
ProcessGuid: {f995aebf-61e3-6942-0c03-000000000e00}
ProcessId: 9792
Image: C:\Windows\System32\svchost.exe
Device: \Device\HarddiskVolume1
User: NT AUTHORITY\SYSTEM"
"12/17/2025 7:55:15 AM","7","Image loaded:
RuleName: ImageLoad
UtcTime: 2025-12-17 07:55:15.924
ProcessGuid: {f995aebf-61e3-6942-0b03-000000000e00}
ProcessId: 7124
Image: C:\Windows\System32\VSSVC.exe
ImageLoaded: C:\Windows\System32\samlib.dll
FileVersion: 10.0.26100.7019 (WinBuild.160101.0800)
Description: SAM Library DLL
Product: Microsoft? Windows? Operating System
Company: Microsoft Corporation
OriginalFileName: SAMLib.DLL
Hashes: SHA256=13B0BB662EE434ED5CEE876D95886F4FB5E77C636E7DC645CD7E9BE634665497
Signed: true
Signature: Microsoft Windows
SignatureStatus: Valid
User: NT AUTHORITY\SYSTEM"
"12/17/2025 7:55:15 AM","9","RawAccessRead detected:
RuleName: RawAccessRead
UtcTime: 2025-12-17 07:55:15.819
ProcessGuid: {f995aebf-5f77-6942-cc00-000000000e00}
ProcessId: 5888
Image: C:\Windows\System32\svchost.exe
Device: \Device\HarddiskVolume2
User: NT AUTHORITY\SYSTEM"
"12/17/2025 7:55:15 AM","9","RawAccessRead detected:
RuleName: RawAccessRead
UtcTime: 2025-12-17 07:55:15.819
ProcessGuid: {f995aebf-5f77-6942-cc00-000000000e00}
ProcessId: 5888
Image: C:\Windows\System32\svchost.exe
Device: \Device\HarddiskVolume2
User: NT AUTHORITY\SYSTEM"
"12/17/2025 7:54:04 AM","23","File Delete archived:
RuleName: FileDelete
UtcTime: 2025-12-17 07:54:04.633
ProcessGuid: {f995aebf-619c-6942-0103-000000000e00}
ProcessId: 7296
User: runnervm8j6r3\runneradmin
Image: C:\Windows\System32\WindowsPowerShell\v1.0\powershell.exe
TargetFilename: C:\Users\runneradmin\AppData\Local\Temp\__PSScriptPolicyTest_aiquimbp.1el.ps1
Hashes: SHA256=96AD1146EB96877EAB5942AE0736B82D8B5E2039A80D3D6932665C1A4C87DCF7
IsExecutable: false
Archived: true"
"12/17/2025 7:54:04 AM","11","File created:
RuleName: FileCreate
UtcTime: 2025-12-17 07:54:04.611
ProcessGuid: {f995aebf-619c-6942-0103-000000000e00}
ProcessId: 7296
Image: C:\Windows\System32\WindowsPowerShell\v1.0\powershell.exe
TargetFilename: C:\Users\runneradmin\AppData\Local\Temp\__PSScriptPolicyTest_aiquimbp.1el.ps1
CreationUtcTime: 2025-12-17 07:54:04.611
User: runnervm8j6r3\runneradmin"
"12/17/2025 7:54:03 AM","23","File Delete archived:
RuleName: FileDelete
UtcTime: 2025-12-17 07:54:03.471
ProcessGuid: {f995aebf-619b-6942-fa02-000000000e00}
ProcessId: 4996
User: runnervm8j6r3\runneradmin
Image: C:\Windows\System32\WindowsPowerShell\v1.0\powershell.exe
TargetFilename: C:\Users\runneradmin\AppData\Local\Temp\__PSScriptPolicyTest_esr2y3fe.xzi.ps1
Hashes: SHA256=96AD1146EB96877EAB5942AE0736B82D8B5E2039A80D3D6932665C1A4C87DCF7
IsExecutable: false
Archived: true"
"12/17/2025 7:54:03 AM","11","File created:
RuleName: FileCreate
UtcTime: 2025-12-17 07:54:03.449
ProcessGuid: {f995aebf-619b-6942-fa02-000000000e00}
ProcessId: 4996
Image: C:\Windows\System32\WindowsPowerShell\v1.0\powershell.exe
TargetFilename: C:\Users\runneradmin\AppData\Local\Temp\__PSScriptPolicyTest_esr2y3fe.xzi.ps1
CreationUtcTime: 2025-12-17 07:54:03.449
User: runnervm8j6r3\runneradmin"
"12/17/2025 7:54:02 AM","23","File Delete archived:
RuleName: FileDelete
UtcTime: 2025-12-17 07:54:02.582
ProcessGuid: {f995aebf-619a-6942-f602-000000000e00}
ProcessId: 8200
User: runnervm8j6r3\runneradmin
Image: C:\Windows\System32\WindowsPowerShell\v1.0\powershell.exe
TargetFilename: C:\Users\runneradmin\AppData\Local\Temp\__PSScriptPolicyTest_rkk0v2qf.e4k.ps1
Hashes: SHA256=96AD1146EB96877EAB5942AE0736B82D8B5E2039A80D3D6932665C1A4C87DCF7
IsExecutable: false
Archived: true"
"12/17/2025 7:54:02 AM","11","File created:
RuleName: FileCreate
UtcTime: 2025-12-17 07:54:02.559
ProcessGuid: {f995aebf-619a-6942-f602-000000000e00}
ProcessId: 8200
Image: C:\Windows\System32\WindowsPowerShell\v1.0\powershell.exe
TargetFilename: C:\Users\runneradmin\AppData\Local\Temp\__PSScriptPolicyTest_rkk0v2qf.e4k.ps1
CreationUtcTime: 2025-12-17 07:54:02.559
User: runnervm8j6r3\runneradmin"
"12/17/2025 7:54:02 AM","23","File Delete archived:
RuleName: FileDelete
UtcTime: 2025-12-17 07:54:02.207
ProcessGuid: {f995aebf-619a-6942-f402-000000000e00}
ProcessId: 9596
User: runnervm8j6r3\runneradmin
Image: C:\Windows\System32\WindowsPowerShell\v1.0\powershell.exe
TargetFilename: C:\Users\runneradmin\AppData\Local\Temp\__PSScriptPolicyTest_hffir0zk.0y0.ps1
Hashes: SHA256=96AD1146EB96877EAB5942AE0736B82D8B5E2039A80D3D6932665C1A4C87DCF7
IsExecutable: false
Archived: true"
"12/17/2025 7:54:02 AM","11","File created:
RuleName: FileCreate
UtcTime: 2025-12-17 07:54:02.185
ProcessGuid: {f995aebf-619a-6942-f402-000000000e00}
ProcessId: 9596
Image: C:\Windows\System32\WindowsPowerShell\v1.0\powershell.exe
TargetFilename: C:\Users\runneradmin\AppData\Local\Temp\__PSScriptPolicyTest_hffir0zk.0y0.ps1
CreationUtcTime: 2025-12-17 07:54:02.185
User: runnervm8j6r3\runneradmin"
"12/17/2025 7:54:01 AM","23","File Delete archived:
RuleName: FileDelete
UtcTime: 2025-12-17 07:54:01.827
ProcessGuid: {f995aebf-6199-6942-f202-000000000e00}
ProcessId: 3028
User: runnervm8j6r3\runneradmin
Image: C:\Windows\System32\WindowsPowerShell\v1.0\powershell.exe
TargetFilename: C:\Users\runneradmin\AppData\Local\Temp\__PSScriptPolicyTest_01xu2rzw.s0j.ps1
Hashes: SHA256=96AD1146EB96877EAB5942AE0736B82D8B5E2039A80D3D6932665C1A4C87DCF7
IsExecutable: false
Archived: true"
"12/17/2025 7:54:01 AM","11","File created:
RuleName: FileCreate
UtcTime: 2025-12-17 07:54:01.807
ProcessGuid: {f995aebf-6199-6942-f202-000000000e00}
ProcessId: 3028
Image: C:\Windows\System32\WindowsPowerShell\v1.0\powershell.exe
TargetFilename: C:\Users\runneradmin\AppData\Local\Temp\__PSScriptPolicyTest_01xu2rzw.s0j.ps1
CreationUtcTime: 2025-12-17 07:54:01.807
User: runnervm8j6r3\runneradmin"
"12/17/2025 7:54:01 AM","23","File Delete archived:
RuleName: FileDelete
UtcTime: 2025-12-17 07:54:01.459
ProcessGuid: {f995aebf-6199-6942-f002-000000000e00}
ProcessId: 9800
User: runnervm8j6r3\runneradmin
Image: C:\Windows\System32\WindowsPowerShell\v1.0\powershell.exe
TargetFilename: C:\Users\runneradmin\AppData\Local\Temp\__PSScriptPolicyTest_rolprdm1.bgk.ps1
Hashes: SHA256=96AD1146EB96877EAB5942AE0736B82D8B5E2039A80D3D6932665C1A4C87DCF7
IsExecutable: false
Archived: true"
"12/17/2025 7:54:01 AM","11","File created:
RuleName: FileCreate
UtcTime: 2025-12-17 07:54:01.436
ProcessGuid: {f995aebf-6199-6942-f002-000000000e00}
ProcessId: 9800
Image: C:\Windows\System32\WindowsPowerShell\v1.0\powershell.exe
TargetFilename: C:\Users\runneradmin\AppData\Local\Temp\__PSScriptPolicyTest_rolprdm1.bgk.ps1
CreationUtcTime: 2025-12-17 07:54:01.436
User: runnervm8j6r3\runneradmin"
"12/17/2025 7:54:01 AM","23","File Delete archived:
RuleName: FileDelete
UtcTime: 2025-12-17 07:54:01.077
ProcessGuid: {f995aebf-6198-6942-ee02-000000000e00}
ProcessId: 1480
User: runnervm8j6r3\runneradmin
Image: C:\Windows\System32\WindowsPowerShell\v1.0\powershell.exe
TargetFilename: C:\Users\runneradmin\AppData\Local\Temp\__PSScriptPolicyTest_usfulm3l.5qj.ps1
Hashes: SHA256=96AD1146EB96877EAB5942AE0736B82D8B5E2039A80D3D6932665C1A4C87DCF7
IsExecutable: false
Archived: true"
"12/17/2025 7:54:01 AM","11","File created:
RuleName: FileCreate
UtcTime: 2025-12-17 07:54:01.055
ProcessGuid: {f995aebf-6198-6942-ee02-000000000e00}
ProcessId: 1480
Image: C:\Windows\System32\WindowsPowerShell\v1.0\powershell.exe
TargetFilename: C:\Users\runneradmin\AppData\Local\Temp\__PSScriptPolicyTest_usfulm3l.5qj.ps1
CreationUtcTime: 2025-12-17 07:54:01.055
User: runnervm8j6r3\runneradmin"
"12/17/2025 7:54:00 AM","23","File Delete archived:
RuleName: FileDelete
UtcTime: 2025-12-17 07:54:00.492
ProcessGuid: {f995aebf-6198-6942-ea02-000000000e00}
ProcessId: 9580
User: runnervm8j6r3\runneradmin
Image: C:\Windows\System32\WindowsPowerShell\v1.0\powershell.exe
TargetFilename: C:\Users\runneradmin\AppData\Local\Temp\__PSScriptPolicyTest_ve112fdr.mwy.ps1
Hashes: SHA256=96AD1146EB96877EAB5942AE0736B82D8B5E2039A80D3D6932665C1A4C87DCF7
IsExecutable: false
Archived: true"
"12/17/2025 7:54:00 AM","11","File created:
RuleName: FileCreate
UtcTime: 2025-12-17 07:54:00.472
ProcessGuid: {f995aebf-6198-6942-ea02-000000000e00}
ProcessId: 9580
Image: C:\Windows\System32\WindowsPowerShell\v1.0\powershell.exe
TargetFilename: C:\Users\runneradmin\AppData\Local\Temp\__PSScriptPolicyTest_ve112fdr.mwy.ps1
CreationUtcTime: 2025-12-17 07:54:00.472
User: runnervm8j6r3\runneradmin"
"12/17/2025 7:54:00 AM","23","File Delete archived:
RuleName: FileDelete
UtcTime: 2025-12-17 07:54:00.113
ProcessGuid: {f995aebf-6198-6942-e802-000000000e00}
ProcessId: 2228
User: runnervm8j6r3\runneradmin
Image: C:\Windows\System32\WindowsPowerShell\v1.0\powershell.exe
TargetFilename: C:\Users\runneradmin\AppData\Local\Temp\__PSScriptPolicyTest_f0rofy3c.g43.ps1
Hashes: SHA256=96AD1146EB96877EAB5942AE0736B82D8B5E2039A80D3D6932665C1A4C87DCF7
IsExecutable: false
Archived: true"
"12/17/2025 7:54:00 AM","11","File created:
RuleName: FileCreate
UtcTime: 2025-12-17 07:54:00.095
ProcessGuid: {f995aebf-6198-6942-e802-000000000e00}
ProcessId: 2228
Image: C:\Windows\System32\WindowsPowerShell\v1.0\powershell.exe
TargetFilename: C:\Users\runneradmin\AppData\Local\Temp\__PSScriptPolicyTest_f0rofy3c.g43.ps1
CreationUtcTime: 2025-12-17 07:54:00.095
User: runnervm8j6r3\runneradmin"
"12/17/2025 7:53:59 AM","23","File Delete archived:
RuleName: FileDelete
UtcTime: 2025-12-17 07:53:59.738
ProcessGuid: {f995aebf-6197-6942-e602-000000000e00}
ProcessId: 6260
User: runnervm8j6r3\runneradmin
Image: C:\Windows\System32\WindowsPowerShell\v1.0\powershell.exe
TargetFilename: C:\Users\runneradmin\AppData\Local\Temp\__PSScriptPolicyTest_qb5bg0l0.2tk.ps1
Hashes: SHA256=96AD1146EB96877EAB5942AE0736B82D8B5E2039A80D3D6932665C1A4C87DCF7
IsExecutable: false
Archived: true"
"12/17/2025 7:53:59 AM","11","File created:
RuleName: FileCreate
UtcTime: 2025-12-17 07:53:59.718
ProcessGuid: {f995aebf-6197-6942-e602-000000000e00}
ProcessId: 6260
Image: C:\Windows\System32\WindowsPowerShell\v1.0\powershell.exe
TargetFilename: C:\Users\runneradmin\AppData\Local\Temp\__PSScriptPolicyTest_qb5bg0l0.2tk.ps1
CreationUtcTime: 2025-12-17 07:53:59.718
User: runnervm8j6r3\runneradmin"
"12/17/2025 7:53:59 AM","23","File Delete archived:
RuleName: FileDelete
UtcTime: 2025-12-17 07:53:59.349
ProcessGuid: {f995aebf-6197-6942-e402-000000000e00}
ProcessId: 1408
User: runnervm8j6r3\runneradmin
Image: C:\Windows\System32\WindowsPowerShell\v1.0\powershell.exe
TargetFilename: C:\Users\runneradmin\AppData\Local\Temp\__PSScriptPolicyTest_gjhoyva4.brv.ps1
Hashes: SHA256=96AD1146EB96877EAB5942AE0736B82D8B5E2039A80D3D6932665C1A4C87DCF7
IsExecutable: false
Archived: true"
"12/17/2025 7:53:59 AM","11","File created:
RuleName: FileCreate
UtcTime: 2025-12-17 07:53:59.326
ProcessGuid: {f995aebf-6197-6942-e402-000000000e00}
ProcessId: 1408
Image: C:\Windows\System32\WindowsPowerShell\v1.0\powershell.exe
TargetFilename: C:\Users\runneradmin\AppData\Local\Temp\__PSScriptPolicyTest_gjhoyva4.brv.ps1
CreationUtcTime: 2025-12-17 07:53:59.326
User: runnervm8j6r3\runneradmin"
"12/17/2025 7:53:58 AM","23","File Delete archived:
RuleName: FileDelete
UtcTime: 2025-12-17 07:53:58.923
ProcessGuid: {f995aebf-6196-6942-e202-000000000e00}
ProcessId: 10012
User: runnervm8j6r3\runneradmin
Image: C:\Windows\System32\WindowsPowerShell\v1.0\powershell.exe
TargetFilename: C:\Users\runneradmin\AppData\Local\Temp\__PSScriptPolicyTest_pl10n0g4.m1g.ps1
Hashes: SHA256=96AD1146EB96877EAB5942AE0736B82D8B5E2039A80D3D6932665C1A4C87DCF7
IsExecutable: false
Archived: true"
"12/17/2025 7:53:58 AM","11","File created:
RuleName: FileCreate
UtcTime: 2025-12-17 07:53:58.903
ProcessGuid: {f995aebf-6196-6942-e202-000000000e00}
ProcessId: 10012
Image: C:\Windows\System32\WindowsPowerShell\v1.0\powershell.exe
TargetFilename: C:\Users\runneradmin\AppData\Local\Temp\__PSScriptPolicyTest_pl10n0g4.m1g.ps1
CreationUtcTime: 2025-12-17 07:53:58.903
User: runnervm8j6r3\runneradmin"
"12/17/2025 7:53:58 AM","23","File Delete archived:
RuleName: FileDelete
UtcTime: 2025-12-17 07:53:58.436
ProcessGuid: {f995aebf-6196-6942-e002-000000000e00}
ProcessId: 6496
User: runnervm8j6r3\runneradmin
Image: C:\Windows\System32\WindowsPowerShell\v1.0\powershell.exe
TargetFilename: C:\Users\runneradmin\AppData\Local\Temp\__PSScriptPolicyTest_ggniiak1.j5z.ps1
Hashes: SHA256=96AD1146EB96877EAB5942AE0736B82D8B5E2039A80D3D6932665C1A4C87DCF7
IsExecutable: false
Archived: true"
