"12/17/2025 8:19:22 AM","1","Process Create:
RuleName: ProcessCreate
UtcTime: 2025-12-17 08:19:22.690
ProcessGuid: {f995aebf-678a-6942-7007-000000000e00}
ProcessId: 4340
Image: C:\Windows\System32\cmd.exe
FileVersion: 10.0.26100.7019 (WinBuild.160101.0800)
Description: Windows Command Processor
Product: Microsoft? Windows? Operating System
Company: Microsoft Corporation
OriginalFileName: Cmd.Exe
CommandLine: ""cmd.exe"" /c copy %%windir%%\system32\certutil.exe %%temp%%\tcm.tmp & %%temp%%\tcm.tmp -encode C:\Windows\System32\calc.exe %%temp%%\T1140_calc2.txt & %%temp%%\tcm.tmp -decode %%temp%%\T1140_calc2.txt %%temp%%\T1140_calc2_decoded.exe
CurrentDirectory: C:\Users\RUNNER~1\AppData\Local\Temp\
User: runnervm8j6r3\runneradmin
LogonGuid: {f995aebf-5f78-6942-2100-0c0000000000}
LogonId: 0xC0021
TerminalSessionId: 2
IntegrityLevel: High
Hashes: SHA256=9695CF4566DDF878A69C3D419E0DA4EEA87B0F24261AD8E79A3A9C4A9885429C
ParentProcessGuid: {f995aebf-60ec-6942-5a02-000000000e00}
ParentProcessId: 7900
ParentImage: C:\Windows\System32\WindowsPowerShell\v1.0\powershell.exe
ParentCommandLine: ""C:\Windows\System32\WindowsPowerShell\v1.0\powershell.EXE"" -command "". 'D:\a\_temp\76082473-4233-4a75-96ef-919776028fb6.ps1'""
ParentUser: runnervm8j6r3\runneradmin"
"12/17/2025 8:19:22 AM","11","File created:
RuleName: FileCreate
UtcTime: 2025-12-17 08:19:22.429
ProcessGuid: {f995aebf-678a-6942-6f07-000000000e00}
ProcessId: 6716
Image: C:\Windows\system32\certutil.exe
TargetFilename: C:\Users\RUNNER~1\AppData\Local\Temp\T1140_calc_decoded.exe
CreationUtcTime: 2025-12-17 08:19:22.429
User: runnervm8j6r3\runneradmin"
"12/17/2025 8:19:22 AM","1","Process Create:
RuleName: ProcessCreate
UtcTime: 2025-12-17 08:19:22.317
ProcessGuid: {f995aebf-678a-6942-6e07-000000000e00}
ProcessId: 5420
Image: C:\Windows\System32\certutil.exe
FileVersion: 10.0.26100.7019 (WinBuild.160101.0800)
Description: CertUtil.exe
Product: Microsoft? Windows? Operating System
Company: Microsoft Corporation
OriginalFileName: CertUtil.exe
CommandLine: certutil  -encode C:\Windows\System32\calc.exe C:\Users\RUNNER~1\AppData\Local\Temp\T1140_calc.txt 
CurrentDirectory: C:\Users\RUNNER~1\AppData\Local\Temp\
User: runnervm8j6r3\runneradmin
LogonGuid: {f995aebf-5f78-6942-2100-0c0000000000}
LogonId: 0xC0021
TerminalSessionId: 2
IntegrityLevel: High
Hashes: SHA256=52749F37FF21AF7FA72C2F6256DF11740BB88B61EB5B6BF946D37A44A201435F
ParentProcessGuid: {f995aebf-678a-6942-6c07-000000000e00}
ParentProcessId: 1832
ParentImage: C:\Windows\System32\cmd.exe
ParentCommandLine: ""cmd.exe"" /c certutil -encode C:\Windows\System32\calc.exe %temp%\T1140_calc.txt & certutil -decode %temp%\T1140_calc.txt %temp%\T1140_calc_decoded.exe
ParentUser: runnervm8j6r3\runneradmin"
"12/17/2025 8:19:22 AM","1","Process Create:
RuleName: ProcessCreate
UtcTime: 2025-12-17 08:19:22.286
ProcessGuid: {f995aebf-678a-6942-6c07-000000000e00}
ProcessId: 1832
Image: C:\Windows\System32\cmd.exe
FileVersion: 10.0.26100.7019 (WinBuild.160101.0800)
Description: Windows Command Processor
Product: Microsoft? Windows? Operating System
Company: Microsoft Corporation
OriginalFileName: Cmd.Exe
CommandLine: ""cmd.exe"" /c certutil -encode C:\Windows\System32\calc.exe %%temp%%\T1140_calc.txt & certutil -decode %%temp%%\T1140_calc.txt %%temp%%\T1140_calc_decoded.exe
CurrentDirectory: C:\Users\RUNNER~1\AppData\Local\Temp\
User: runnervm8j6r3\runneradmin
LogonGuid: {f995aebf-5f78-6942-2100-0c0000000000}
LogonId: 0xC0021
TerminalSessionId: 2
IntegrityLevel: High
Hashes: SHA256=9695CF4566DDF878A69C3D419E0DA4EEA87B0F24261AD8E79A3A9C4A9885429C
ParentProcessGuid: {f995aebf-60ec-6942-5a02-000000000e00}
ParentProcessId: 7900
ParentImage: C:\Windows\System32\WindowsPowerShell\v1.0\powershell.exe
ParentCommandLine: ""C:\Windows\System32\WindowsPowerShell\v1.0\powershell.EXE"" -command "". 'D:\a\_temp\76082473-4233-4a75-96ef-919776028fb6.ps1'""
ParentUser: runnervm8j6r3\runneradmin"
"12/17/2025 8:19:19 AM","23","File Delete archived:
RuleName: FileDelete
UtcTime: 2025-12-17 08:19:19.218
ProcessGuid: {f995aebf-6787-6942-6507-000000000e00}
ProcessId: 7768
User: runnervm8j6r3\runneradmin
Image: C:\Windows\System32\WindowsPowerShell\v1.0\powershell.exe
TargetFilename: C:\Users\runneradmin\AppData\Local\Temp\__PSScriptPolicyTest_tqite2bi.f2m.ps1
Hashes: SHA256=96AD1146EB96877EAB5942AE0736B82D8B5E2039A80D3D6932665C1A4C87DCF7
IsExecutable: false
Archived: true"
"12/17/2025 8:19:19 AM","11","File created:
RuleName: FileCreate
UtcTime: 2025-12-17 08:19:19.198
ProcessGuid: {f995aebf-6787-6942-6507-000000000e00}
ProcessId: 7768
Image: C:\Windows\System32\WindowsPowerShell\v1.0\powershell.exe
TargetFilename: C:\Users\runneradmin\AppData\Local\Temp\__PSScriptPolicyTest_tqite2bi.f2m.ps1
CreationUtcTime: 2025-12-17 08:19:19.198
User: runnervm8j6r3\runneradmin"
"12/17/2025 8:19:18 AM","23","File Delete archived:
RuleName: FileDelete
UtcTime: 2025-12-17 08:19:18.820
ProcessGuid: {f995aebf-6786-6942-6307-000000000e00}
ProcessId: 5952
User: runnervm8j6r3\runneradmin
Image: C:\Windows\System32\WindowsPowerShell\v1.0\powershell.exe
TargetFilename: C:\Users\runneradmin\AppData\Local\Temp\__PSScriptPolicyTest_jd2v54ef.wmq.ps1
Hashes: SHA256=96AD1146EB96877EAB5942AE0736B82D8B5E2039A80D3D6932665C1A4C87DCF7
IsExecutable: false
Archived: true"
"12/17/2025 8:19:18 AM","11","File created:
RuleName: FileCreate
UtcTime: 2025-12-17 08:19:18.801
ProcessGuid: {f995aebf-6786-6942-6307-000000000e00}
ProcessId: 5952
Image: C:\Windows\System32\WindowsPowerShell\v1.0\powershell.exe
TargetFilename: C:\Users\runneradmin\AppData\Local\Temp\__PSScriptPolicyTest_jd2v54ef.wmq.ps1
CreationUtcTime: 2025-12-17 08:19:18.801
User: runnervm8j6r3\runneradmin"
"12/17/2025 8:19:18 AM","23","File Delete archived:
RuleName: FileDelete
UtcTime: 2025-12-17 08:19:18.436
ProcessGuid: {f995aebf-6786-6942-6107-000000000e00}
ProcessId: 7924
User: runnervm8j6r3\runneradmin
Image: C:\Windows\System32\WindowsPowerShell\v1.0\powershell.exe
TargetFilename: C:\Users\runneradmin\AppData\Local\Temp\__PSScriptPolicyTest_omaommny.gmt.ps1
Hashes: SHA256=96AD1146EB96877EAB5942AE0736B82D8B5E2039A80D3D6932665C1A4C87DCF7
IsExecutable: false
Archived: true"
"12/17/2025 8:19:18 AM","11","File created:
RuleName: FileCreate
UtcTime: 2025-12-17 08:19:18.418
ProcessGuid: {f995aebf-6786-6942-6107-000000000e00}
ProcessId: 7924
Image: C:\Windows\System32\WindowsPowerShell\v1.0\powershell.exe
TargetFilename: C:\Users\runneradmin\AppData\Local\Temp\__PSScriptPolicyTest_omaommny.gmt.ps1
CreationUtcTime: 2025-12-17 08:19:18.418
User: runnervm8j6r3\runneradmin"
"12/17/2025 8:19:18 AM","23","File Delete archived:
RuleName: FileDelete
UtcTime: 2025-12-17 08:19:18.065
ProcessGuid: {f995aebf-6785-6942-5f07-000000000e00}
ProcessId: 3240
User: runnervm8j6r3\runneradmin
Image: C:\Windows\System32\WindowsPowerShell\v1.0\powershell.exe
TargetFilename: C:\Users\runneradmin\AppData\Local\Temp\__PSScriptPolicyTest_kjoaditi.jrk.ps1
Hashes: SHA256=96AD1146EB96877EAB5942AE0736B82D8B5E2039A80D3D6932665C1A4C87DCF7
IsExecutable: false
Archived: true"
"12/17/2025 8:19:18 AM","11","File created:
RuleName: FileCreate
UtcTime: 2025-12-17 08:19:18.043
ProcessGuid: {f995aebf-6785-6942-5f07-000000000e00}
ProcessId: 3240
Image: C:\Windows\System32\WindowsPowerShell\v1.0\powershell.exe
TargetFilename: C:\Users\runneradmin\AppData\Local\Temp\__PSScriptPolicyTest_kjoaditi.jrk.ps1
CreationUtcTime: 2025-12-17 08:19:18.043
User: runnervm8j6r3\runneradmin"
"12/17/2025 8:19:17 AM","23","File Delete archived:
RuleName: FileDelete
UtcTime: 2025-12-17 08:19:17.247
ProcessGuid: {f995aebf-6785-6942-5907-000000000e00}
ProcessId: 9204
User: runnervm8j6r3\runneradmin
Image: C:\Windows\System32\WindowsPowerShell\v1.0\powershell.exe
TargetFilename: C:\Users\runneradmin\AppData\Local\Temp\__PSScriptPolicyTest_30jz2luh.3lh.ps1
Hashes: SHA256=96AD1146EB96877EAB5942AE0736B82D8B5E2039A80D3D6932665C1A4C87DCF7
IsExecutable: false
Archived: true"
"12/17/2025 8:19:17 AM","11","File created:
RuleName: FileCreate
UtcTime: 2025-12-17 08:19:17.227
ProcessGuid: {f995aebf-6785-6942-5907-000000000e00}
ProcessId: 9204
Image: C:\Windows\System32\WindowsPowerShell\v1.0\powershell.exe
TargetFilename: C:\Users\runneradmin\AppData\Local\Temp\__PSScriptPolicyTest_30jz2luh.3lh.ps1
CreationUtcTime: 2025-12-17 08:19:17.227
User: runnervm8j6r3\runneradmin"
"12/17/2025 8:19:16 AM","23","File Delete archived:
RuleName: FileDelete
UtcTime: 2025-12-17 08:19:16.869
ProcessGuid: {f995aebf-6784-6942-5707-000000000e00}
ProcessId: 8132
User: runnervm8j6r3\runneradmin
Image: C:\Windows\System32\WindowsPowerShell\v1.0\powershell.exe
TargetFilename: C:\Users\runneradmin\AppData\Local\Temp\__PSScriptPolicyTest_ru4uia13.nsk.ps1
Hashes: SHA256=96AD1146EB96877EAB5942AE0736B82D8B5E2039A80D3D6932665C1A4C87DCF7
IsExecutable: false
Archived: true"
"12/17/2025 8:19:16 AM","11","File created:
RuleName: FileCreate
UtcTime: 2025-12-17 08:19:16.849
ProcessGuid: {f995aebf-6784-6942-5707-000000000e00}
ProcessId: 8132
Image: C:\Windows\System32\WindowsPowerShell\v1.0\powershell.exe
TargetFilename: C:\Users\runneradmin\AppData\Local\Temp\__PSScriptPolicyTest_ru4uia13.nsk.ps1
CreationUtcTime: 2025-12-17 08:19:16.849
User: runnervm8j6r3\runneradmin"
"12/17/2025 8:19:10 AM","23","File Delete archived:
RuleName: FileDelete
UtcTime: 2025-12-17 08:19:10.913
ProcessGuid: {f995aebf-677e-6942-4f07-000000000e00}
ProcessId: 5924
User: runnervm8j6r3\runneradmin
Image: C:\Windows\System32\WindowsPowerShell\v1.0\powershell.exe
TargetFilename: C:\Users\runneradmin\AppData\Local\Temp\__PSScriptPolicyTest_z1y3s1qr.0t0.ps1
Hashes: SHA256=96AD1146EB96877EAB5942AE0736B82D8B5E2039A80D3D6932665C1A4C87DCF7
IsExecutable: false
Archived: true"
"12/17/2025 8:19:10 AM","11","File created:
RuleName: FileCreate
UtcTime: 2025-12-17 08:19:10.891
ProcessGuid: {f995aebf-677e-6942-4f07-000000000e00}
ProcessId: 5924
Image: C:\Windows\System32\WindowsPowerShell\v1.0\powershell.exe
TargetFilename: C:\Users\runneradmin\AppData\Local\Temp\__PSScriptPolicyTest_z1y3s1qr.0t0.ps1
CreationUtcTime: 2025-12-17 08:19:10.891
User: runnervm8j6r3\runneradmin"
"12/17/2025 8:19:10 AM","22","Dns query:
RuleName: DnsQuery
UtcTime: 2025-12-17 08:19:08.359
ProcessGuid: {f995aebf-677c-6942-4c07-000000000e00}
ProcessId: 4876
QueryName: runnervm8j6r3
QueryStatus: 0
QueryResults: fe80::9374:23d4:77d7:1cbd;fe80::54b9:af1f:d058:25cb;::ffff:10.1.0.123;::ffff:172.22.64.1;
Image: C:\Windows\System32\inetsrv\w3wp.exe
User: IIS APPPOOL\DefaultAppPool"
"12/17/2025 8:19:10 AM","23","File Delete archived:
RuleName: FileDelete
UtcTime: 2025-12-17 08:19:10.326
ProcessGuid: {f995aebf-677e-6942-4d07-000000000e00}
ProcessId: 7660
User: runnervm8j6r3\runneradmin
Image: C:\Windows\System32\WindowsPowerShell\v1.0\powershell.exe
TargetFilename: C:\Users\runneradmin\AppData\Local\Temp\__PSScriptPolicyTest_o2kqnl4z.wzk.ps1
Hashes: SHA256=96AD1146EB96877EAB5942AE0736B82D8B5E2039A80D3D6932665C1A4C87DCF7
IsExecutable: false
Archived: true"
"12/17/2025 8:19:10 AM","11","File created:
RuleName: FileCreate
UtcTime: 2025-12-17 08:19:10.308
ProcessGuid: {f995aebf-677e-6942-4d07-000000000e00}
ProcessId: 7660
Image: C:\Windows\System32\WindowsPowerShell\v1.0\powershell.exe
TargetFilename: C:\Users\runneradmin\AppData\Local\Temp\__PSScriptPolicyTest_o2kqnl4z.wzk.ps1
CreationUtcTime: 2025-12-17 08:19:10.306
User: runnervm8j6r3\runneradmin"
"12/17/2025 8:19:10 AM","3","Network connection detected:
RuleName: NetworkConnect
UtcTime: 2025-12-17 08:19:08.248
ProcessGuid: {f995aebf-677b-6942-4a07-000000000e00}
ProcessId: 4060
Image: C:\Windows\System32\WindowsPowerShell\v1.0\powershell.exe
User: runnervm8j6r3\runneradmin
Protocol: tcp
Initiated: true
SourceIsIpv6: false
SourceIp: 127.0.0.1
SourceHostname: runnervm8j6r3
SourcePort: 54007
SourcePortName: -
DestinationIsIpv6: false
DestinationIp: 127.0.0.1
DestinationHostname: runnervm8j6r3
DestinationPort: 80
DestinationPortName: http"
"12/17/2025 8:19:08 AM","23","File Delete archived:
RuleName: FileDelete
UtcTime: 2025-12-17 08:19:08.260
ProcessGuid: {f995aebf-5f60-6942-4d00-000000000e00}
ProcessId: 3720
User: NT AUTHORITY\SYSTEM
Image: C:\Windows\system32\svchost.exe
TargetFilename: C:\inetpub\temp\appPools\DefaultAppPool\DefaultAppPool.config.tmp
Hashes: SHA256=E3B0C44298FC1C149AFBF4C8996FB92427AE41E4649B934CA495991B7852B855
IsExecutable: false
Archived: true"
"12/17/2025 8:19:08 AM","23","File Delete archived:
RuleName: FileDelete
UtcTime: 2025-12-17 08:19:08.038
ProcessGuid: {f995aebf-677b-6942-4a07-000000000e00}
ProcessId: 4060
User: runnervm8j6r3\runneradmin
Image: C:\Windows\System32\WindowsPowerShell\v1.0\powershell.exe
TargetFilename: C:\Users\runneradmin\AppData\Local\Temp\__PSScriptPolicyTest_npmu4ggp.ld1.ps1
Hashes: SHA256=96AD1146EB96877EAB5942AE0736B82D8B5E2039A80D3D6932665C1A4C87DCF7
IsExecutable: false
Archived: true"
"12/17/2025 8:19:08 AM","11","File created:
RuleName: FileCreate
UtcTime: 2025-12-17 08:19:08.019
ProcessGuid: {f995aebf-677b-6942-4a07-000000000e00}
ProcessId: 4060
Image: C:\Windows\System32\WindowsPowerShell\v1.0\powershell.exe
TargetFilename: C:\Users\runneradmin\AppData\Local\Temp\__PSScriptPolicyTest_npmu4ggp.ld1.ps1
CreationUtcTime: 2025-12-17 08:19:08.019
User: runnervm8j6r3\runneradmin"
"12/17/2025 8:19:07 AM","1","Process Create:
RuleName: ProcessCreate
UtcTime: 2025-12-17 08:19:07.936
ProcessGuid: {f995aebf-677b-6942-4a07-000000000e00}
ProcessId: 4060
Image: C:\Windows\System32\WindowsPowerShell\v1.0\powershell.exe
FileVersion: 10.0.26100.5074 (WinBuild.160101.0800)
Description: Windows PowerShell
Product: Microsoft? Windows? Operating System
Company: Microsoft Corporation
OriginalFileName: PowerShell.EXE
CommandLine: ""powershell.exe"" & {Invoke-WebRequest -Uri 127.0.0.1 -Method POST -Body \""""C:\AtomicRedTeam\atomics\T1027\src\T1027-cc-macro.xlsm\""""}
CurrentDirectory: C:\Users\RUNNER~1\AppData\Local\Temp\
User: runnervm8j6r3\runneradmin
LogonGuid: {f995aebf-5f78-6942-2100-0c0000000000}
LogonId: 0xC0021
TerminalSessionId: 2
IntegrityLevel: High
Hashes: SHA256=0FF6F2C94BC7E2833A5F7E16DE1622E5DBA70396F31C7D5F56381870317E8C46
ParentProcessGuid: {f995aebf-60ec-6942-5a02-000000000e00}
ParentProcessId: 7900
ParentImage: C:\Windows\System32\WindowsPowerShell\v1.0\powershell.exe
ParentCommandLine: ""C:\Windows\System32\WindowsPowerShell\v1.0\powershell.EXE"" -command "". 'D:\a\_temp\76082473-4233-4a75-96ef-919776028fb6.ps1'""
ParentUser: runnervm8j6r3\runneradmin"
"12/17/2025 8:19:05 AM","23","File Delete archived:
RuleName: FileDelete
UtcTime: 2025-12-17 08:19:05.365
ProcessGuid: {f995aebf-6779-6942-4807-000000000e00}
ProcessId: 3652
User: runnervm8j6r3\runneradmin
Image: C:\Windows\System32\WindowsPowerShell\v1.0\powershell.exe
TargetFilename: C:\Users\runneradmin\AppData\Local\Temp\__PSScriptPolicyTest_odwqd00n.lre.ps1
Hashes: SHA256=96AD1146EB96877EAB5942AE0736B82D8B5E2039A80D3D6932665C1A4C87DCF7
IsExecutable: false
Archived: true"
"12/17/2025 8:19:05 AM","11","File created:
RuleName: FileCreate
UtcTime: 2025-12-17 08:19:05.345
ProcessGuid: {f995aebf-6779-6942-4807-000000000e00}
ProcessId: 3652
Image: C:\Windows\System32\WindowsPowerShell\v1.0\powershell.exe
TargetFilename: C:\Users\runneradmin\AppData\Local\Temp\__PSScriptPolicyTest_odwqd00n.lre.ps1
CreationUtcTime: 2025-12-17 08:19:05.345
User: runnervm8j6r3\runneradmin"
"12/17/2025 8:19:04 AM","23","File Delete archived:
RuleName: FileDelete
UtcTime: 2025-12-17 08:19:04.497
ProcessGuid: {f995aebf-6778-6942-4507-000000000e00}
ProcessId: 8760
User: runnervm8j6r3\runneradmin
Image: C:\Windows\System32\WindowsPowerShell\v1.0\powershell.exe
TargetFilename: C:\Users\runneradmin\AppData\Local\Temp\__PSScriptPolicyTest_anuv1bpk.g1l.ps1
Hashes: SHA256=96AD1146EB96877EAB5942AE0736B82D8B5E2039A80D3D6932665C1A4C87DCF7
IsExecutable: false
Archived: true"
"12/17/2025 8:19:04 AM","11","File created:
RuleName: FileCreate
UtcTime: 2025-12-17 08:19:04.475
ProcessGuid: {f995aebf-6778-6942-4507-000000000e00}
ProcessId: 8760
Image: C:\Windows\System32\WindowsPowerShell\v1.0\powershell.exe
TargetFilename: C:\Users\runneradmin\AppData\Local\Temp\__PSScriptPolicyTest_anuv1bpk.g1l.ps1
CreationUtcTime: 2025-12-17 08:19:04.475
User: runnervm8j6r3\runneradmin"
"12/17/2025 8:19:04 AM","1","Process Create:
RuleName: ProcessCreate
UtcTime: 2025-12-17 08:19:04.405
ProcessGuid: {f995aebf-6778-6942-4507-000000000e00}
ProcessId: 8760
Image: C:\Windows\System32\WindowsPowerShell\v1.0\powershell.exe
FileVersion: 10.0.26100.5074 (WinBuild.160101.0800)
Description: Windows PowerShell
Product: Microsoft? Windows? Operating System
Company: Microsoft Corporation
OriginalFileName: PowerShell.EXE
CommandLine: ""C:\Windows\System32\WindowsPowerShell\v1.0\powershell.exe"" -Command ""IEX ([Text.Encoding]::UNICODE.GetString([Convert]::FromBase64String((gp HKCU:Software\Microsoft\Windows\CurrentVersion Debug).Debug)))""
CurrentDirectory: C:\Users\runneradmin\AppData\Local\Temp\
User: runnervm8j6r3\runneradmin
LogonGuid: {f995aebf-5f78-6942-2100-0c0000000000}
LogonId: 0xC0021
TerminalSessionId: 2
IntegrityLevel: High
Hashes: SHA256=0FF6F2C94BC7E2833A5F7E16DE1622E5DBA70396F31C7D5F56381870317E8C46
ParentProcessGuid: {f995aebf-6778-6942-4307-000000000e00}
ParentProcessId: 1780
ParentImage: C:\Windows\System32\WindowsPowerShell\v1.0\powershell.exe
ParentCommandLine: ""powershell.exe"" & {$OriginalCommand = 'Write-Host \""""Hey, Atomic!\""""'
$Bytes = [System.Text.Encoding]::Unicode.GetBytes($OriginalCommand)
$EncodedCommand =[Convert]::ToBase64String($Bytes)
$EncodedCommand

Set-ItemProperty -Force -Path HKCU:Software\Microsoft\Windows\CurrentVersion -Name Debug -Value $EncodedCommand
powershell.exe -Command \""""IEX ([Text.Encoding]::UNICODE.GetString([Convert]::FromBase64String((gp HKCU:Software\Microsoft\Windows\CurrentVersion Debug).Debug)))\""""}
ParentUser: runnervm8j6r3\runneradmin"
"12/17/2025 8:19:04 AM","23","File Delete archived:
RuleName: FileDelete
UtcTime: 2025-12-17 08:19:04.208
ProcessGuid: {f995aebf-6778-6942-4307-000000000e00}
ProcessId: 1780
User: runnervm8j6r3\runneradmin
Image: C:\Windows\System32\WindowsPowerShell\v1.0\powershell.exe
TargetFilename: C:\Users\runneradmin\AppData\Local\Temp\__PSScriptPolicyTest_3kmmtkzy.fl2.ps1
Hashes: SHA256=96AD1146EB96877EAB5942AE0736B82D8B5E2039A80D3D6932665C1A4C87DCF7
IsExecutable: false
Archived: true"
"12/17/2025 8:19:04 AM","11","File created:
RuleName: FileCreate
UtcTime: 2025-12-17 08:19:04.187
ProcessGuid: {f995aebf-6778-6942-4307-000000000e00}
ProcessId: 1780
Image: C:\Windows\System32\WindowsPowerShell\v1.0\powershell.exe
TargetFilename: C:\Users\runneradmin\AppData\Local\Temp\__PSScriptPolicyTest_3kmmtkzy.fl2.ps1
CreationUtcTime: 2025-12-17 08:19:04.187
User: runnervm8j6r3\runneradmin"
"12/17/2025 8:19:04 AM","1","Process Create:
RuleName: ProcessCreate
UtcTime: 2025-12-17 08:19:04.103
ProcessGuid: {f995aebf-6778-6942-4307-000000000e00}
ProcessId: 1780
Image: C:\Windows\System32\WindowsPowerShell\v1.0\powershell.exe
FileVersion: 10.0.26100.5074 (WinBuild.160101.0800)
Description: Windows PowerShell
Product: Microsoft? Windows? Operating System
Company: Microsoft Corporation
OriginalFileName: PowerShell.EXE
CommandLine: ""powershell.exe"" & {$OriginalCommand = 'Write-Host \""""Hey, Atomic!\""""'
$Bytes = [System.Text.Encoding]::Unicode.GetBytes($OriginalCommand)
$EncodedCommand =[Convert]::ToBase64String($Bytes)
$EncodedCommand

Set-ItemProperty -Force -Path HKCU:Software\Microsoft\Windows\CurrentVersion -Name Debug -Value $EncodedCommand
powershell.exe -Command \""""IEX ([Text.Encoding]::UNICODE.GetString([Convert]::FromBase64String((gp HKCU:Software\Microsoft\Windows\CurrentVersion Debug).Debug)))\""""}
CurrentDirectory: C:\Users\RUNNER~1\AppData\Local\Temp\
User: runnervm8j6r3\runneradmin
LogonGuid: {f995aebf-5f78-6942-2100-0c0000000000}
LogonId: 0xC0021
TerminalSessionId: 2
IntegrityLevel: High
Hashes: SHA256=0FF6F2C94BC7E2833A5F7E16DE1622E5DBA70396F31C7D5F56381870317E8C46
ParentProcessGuid: {f995aebf-60ec-6942-5a02-000000000e00}
ParentProcessId: 7900
ParentImage: C:\Windows\System32\WindowsPowerShell\v1.0\powershell.exe
ParentCommandLine: ""C:\Windows\System32\WindowsPowerShell\v1.0\powershell.EXE"" -command "". 'D:\a\_temp\76082473-4233-4a75-96ef-919776028fb6.ps1'""
ParentUser: runnervm8j6r3\runneradmin"
"12/17/2025 8:19:03 AM","23","File Delete archived:
RuleName: FileDelete
UtcTime: 2025-12-17 08:19:03.645
ProcessGuid: {f995aebf-6777-6942-4207-000000000e00}
ProcessId: 5980
User: runnervm8j6r3\runneradmin
Image: C:\Windows\System32\WindowsPowerShell\v1.0\powershell.exe
TargetFilename: C:\Users\runneradmin\AppData\Local\Temp\__PSScriptPolicyTest_j5i1ils3.4or.ps1
Hashes: SHA256=96AD1146EB96877EAB5942AE0736B82D8B5E2039A80D3D6932665C1A4C87DCF7
IsExecutable: false
Archived: true"
"12/17/2025 8:19:03 AM","11","File created:
RuleName: FileCreate
UtcTime: 2025-12-17 08:19:03.625
ProcessGuid: {f995aebf-6777-6942-4207-000000000e00}
ProcessId: 5980
Image: C:\Windows\System32\WindowsPowerShell\v1.0\powershell.exe
TargetFilename: C:\Users\runneradmin\AppData\Local\Temp\__PSScriptPolicyTest_j5i1ils3.4or.ps1
CreationUtcTime: 2025-12-17 08:19:03.625
User: runnervm8j6r3\runneradmin"
"12/17/2025 8:19:03 AM","1","Process Create:
RuleName: ProcessCreate
UtcTime: 2025-12-17 08:19:03.554
ProcessGuid: {f995aebf-6777-6942-4207-000000000e00}
ProcessId: 5980
Image: C:\Windows\System32\WindowsPowerShell\v1.0\powershell.exe
FileVersion: 10.0.26100.5074 (WinBuild.160101.0800)
Description: Windows PowerShell
Product: Microsoft? Windows? Operating System
Company: Microsoft Corporation
OriginalFileName: PowerShell.EXE
CommandLine: ""C:\Windows\System32\WindowsPowerShell\v1.0\powershell.exe"" -EncodedCommand VwByAGkAdABlAC0ASABvAHMAdAAgACIASABlAHkALAAgAEEAdABvAG0AaQBjACEAIgA=
CurrentDirectory: C:\Users\runneradmin\AppData\Local\Temp\
User: runnervm8j6r3\runneradmin
LogonGuid: {f995aebf-5f78-6942-2100-0c0000000000}
LogonId: 0xC0021
TerminalSessionId: 2
IntegrityLevel: High
Hashes: SHA256=0FF6F2C94BC7E2833A5F7E16DE1622E5DBA70396F31C7D5F56381870317E8C46
ParentProcessGuid: {f995aebf-6777-6942-4007-000000000e00}
ParentProcessId: 8624
ParentImage: C:\Windows\System32\WindowsPowerShell\v1.0\powershell.exe
ParentCommandLine: ""powershell.exe"" & {$OriginalCommand = 'Write-Host \""""Hey, Atomic!\""""'
$Bytes = [System.Text.Encoding]::Unicode.GetBytes($OriginalCommand)
$EncodedCommand =[Convert]::ToBase64String($Bytes)
$EncodedCommand
powershell.exe -EncodedCommand $EncodedCommand}
ParentUser: runnervm8j6r3\runneradmin"
"12/17/2025 8:19:03 AM","23","File Delete archived:
RuleName: FileDelete
UtcTime: 2025-12-17 08:19:03.458
ProcessGuid: {f995aebf-6777-6942-4007-000000000e00}
ProcessId: 8624
User: runnervm8j6r3\runneradmin
Image: C:\Windows\System32\WindowsPowerShell\v1.0\powershell.exe
TargetFilename: C:\Users\runneradmin\AppData\Local\Temp\__PSScriptPolicyTest_o5yx55mz.v55.ps1
Hashes: SHA256=96AD1146EB96877EAB5942AE0736B82D8B5E2039A80D3D6932665C1A4C87DCF7
IsExecutable: false
Archived: true"
"12/17/2025 8:19:03 AM","11","File created:
RuleName: FileCreate
UtcTime: 2025-12-17 08:19:03.439
ProcessGuid: {f995aebf-6777-6942-4007-000000000e00}
ProcessId: 8624
Image: C:\Windows\System32\WindowsPowerShell\v1.0\powershell.exe
TargetFilename: C:\Users\runneradmin\AppData\Local\Temp\__PSScriptPolicyTest_o5yx55mz.v55.ps1
CreationUtcTime: 2025-12-17 08:19:03.439
User: runnervm8j6r3\runneradmin"
"12/17/2025 8:19:03 AM","1","Process Create:
RuleName: ProcessCreate
UtcTime: 2025-12-17 08:19:03.360
ProcessGuid: {f995aebf-6777-6942-4007-000000000e00}
ProcessId: 8624
Image: C:\Windows\System32\WindowsPowerShell\v1.0\powershell.exe
FileVersion: 10.0.26100.5074 (WinBuild.160101.0800)
Description: Windows PowerShell
Product: Microsoft? Windows? Operating System
Company: Microsoft Corporation
OriginalFileName: PowerShell.EXE
CommandLine: ""powershell.exe"" & {$OriginalCommand = 'Write-Host \""""Hey, Atomic!\""""'
$Bytes = [System.Text.Encoding]::Unicode.GetBytes($OriginalCommand)
$EncodedCommand =[Convert]::ToBase64String($Bytes)
$EncodedCommand
powershell.exe -EncodedCommand $EncodedCommand}
CurrentDirectory: C:\Users\RUNNER~1\AppData\Local\Temp\
User: runnervm8j6r3\runneradmin
LogonGuid: {f995aebf-5f78-6942-2100-0c0000000000}
LogonId: 0xC0021
TerminalSessionId: 2
IntegrityLevel: High
Hashes: SHA256=0FF6F2C94BC7E2833A5F7E16DE1622E5DBA70396F31C7D5F56381870317E8C46
ParentProcessGuid: {f995aebf-60ec-6942-5a02-000000000e00}
ParentProcessId: 7900
ParentImage: C:\Windows\System32\WindowsPowerShell\v1.0\powershell.exe
ParentCommandLine: ""C:\Windows\System32\WindowsPowerShell\v1.0\powershell.EXE"" -command "". 'D:\a\_temp\76082473-4233-4a75-96ef-919776028fb6.ps1'""
ParentUser: runnervm8j6r3\runneradmin"
"12/17/2025 8:19:00 AM","23","File Delete archived:
RuleName: FileDelete
UtcTime: 2025-12-17 08:19:00.983
ProcessGuid: {f995aebf-6774-6942-3c07-000000000e00}
ProcessId: 9116
User: runnervm8j6r3\runneradmin
Image: C:\Windows\System32\WindowsPowerShell\v1.0\powershell.exe
TargetFilename: C:\Users\runneradmin\AppData\Local\Temp\__PSScriptPolicyTest_ek241vyd.zjc.ps1
Hashes: SHA256=96AD1146EB96877EAB5942AE0736B82D8B5E2039A80D3D6932665C1A4C87DCF7
IsExecutable: false
Archived: true"
"12/17/2025 8:19:00 AM","11","File created:
RuleName: FileCreate
UtcTime: 2025-12-17 08:19:00.963
ProcessGuid: {f995aebf-6774-6942-3c07-000000000e00}
ProcessId: 9116
Image: C:\Windows\System32\WindowsPowerShell\v1.0\powershell.exe
TargetFilename: C:\Users\runneradmin\AppData\Local\Temp\__PSScriptPolicyTest_ek241vyd.zjc.ps1
CreationUtcTime: 2025-12-17 08:19:00.961
User: runnervm8j6r3\runneradmin"
"12/17/2025 8:18:59 AM","23","File Delete archived:
RuleName: FileDelete
UtcTime: 2025-12-17 08:18:59.564
ProcessGuid: {f995aebf-6773-6942-3007-000000000e00}
ProcessId: 7596
User: runnervm8j6r3\runneradmin
Image: C:\Windows\System32\WindowsPowerShell\v1.0\powershell.exe
TargetFilename: C:\Users\runneradmin\AppData\Local\Temp\__PSScriptPolicyTest_21nr5nhl.134.ps1
Hashes: SHA256=96AD1146EB96877EAB5942AE0736B82D8B5E2039A80D3D6932665C1A4C87DCF7
IsExecutable: false
Archived: true"
"12/17/2025 8:18:59 AM","11","File created:
RuleName: FileCreate
UtcTime: 2025-12-17 08:18:59.542
ProcessGuid: {f995aebf-6773-6942-3007-000000000e00}
ProcessId: 7596
Image: C:\Windows\System32\WindowsPowerShell\v1.0\powershell.exe
TargetFilename: C:\Users\runneradmin\AppData\Local\Temp\__PSScriptPolicyTest_21nr5nhl.134.ps1
CreationUtcTime: 2025-12-17 08:18:59.542
User: runnervm8j6r3\runneradmin"
"12/17/2025 8:18:52 AM","23","File Delete archived:
RuleName: FileDelete
UtcTime: 2025-12-17 08:18:52.139
ProcessGuid: {f995aebf-676b-6942-1807-000000000e00}
ProcessId: 1920
User: runnervm8j6r3\runneradmin
Image: C:\Windows\System32\WindowsPowerShell\v1.0\powershell.exe
TargetFilename: C:\Users\runneradmin\AppData\Local\Temp\__PSScriptPolicyTest_fmnd5dje.4bc.ps1
Hashes: SHA256=96AD1146EB96877EAB5942AE0736B82D8B5E2039A80D3D6932665C1A4C87DCF7
IsExecutable: false
Archived: true"
"12/17/2025 8:18:52 AM","11","File created:
RuleName: FileCreate
UtcTime: 2025-12-17 08:18:52.115
ProcessGuid: {f995aebf-676b-6942-1807-000000000e00}
ProcessId: 1920
Image: C:\Windows\System32\WindowsPowerShell\v1.0\powershell.exe
TargetFilename: C:\Users\runneradmin\AppData\Local\Temp\__PSScriptPolicyTest_fmnd5dje.4bc.ps1
CreationUtcTime: 2025-12-17 08:18:52.115
User: runnervm8j6r3\runneradmin"
"12/17/2025 8:18:50 AM","9","RawAccessRead detected:
RuleName: RawAccessRead
UtcTime: 2025-12-17 08:18:50.946
ProcessGuid: {f995aebf-676a-6942-1207-000000000e00}
ProcessId: 9248
Image: C:\Windows\System32\wbem\WmiPrvSE.exe
Device: \Device\HarddiskVolume2
User: NT AUTHORITY\NETWORK SERVICE"
"12/17/2025 8:16:52 AM","23","File Delete archived:
RuleName: FileDelete
UtcTime: 2025-12-17 08:16:52.084
ProcessGuid: {f995aebf-66f2-6942-0907-000000000e00}
ProcessId: 8064
User: runnervm8j6r3\runneradmin
Image: C:\Windows\SysWOW64\rundll32.exe
TargetFilename: C:\Users\runneradmin\AppData\Local\Temp\__PSScriptPolicyTest_xc4jk5fk.r2t.ps1
Hashes: SHA256=96AD1146EB96877EAB5942AE0736B82D8B5E2039A80D3D6932665C1A4C87DCF7
IsExecutable: false
Archived: true"
"12/17/2025 8:16:51 AM","11","File created:
RuleName: FileCreate
UtcTime: 2025-12-17 08:16:51.938
ProcessGuid: {f995aebf-66f2-6942-0907-000000000e00}
ProcessId: 8064
Image: C:\Windows\SysWOW64\rundll32.exe
TargetFilename: C:\Users\runneradmin\AppData\Local\Temp\__PSScriptPolicyTest_xc4jk5fk.r2t.ps1
CreationUtcTime: 2025-12-17 08:16:51.938
User: runnervm8j6r3\runneradmin"
"12/17/2025 8:16:50 AM","9","RawAccessRead detected:
RuleName: RawAccessRead
UtcTime: 2025-12-17 08:16:50.411
ProcessGuid: {f995aebf-6677-6942-db06-000000000e00}
ProcessId: 9284
Image: C:\Windows\System32\wbem\WmiPrvSE.exe
Device: \Device\HarddiskVolume2
User: NT AUTHORITY\NETWORK SERVICE"
"12/17/2025 8:15:57 AM","9","RawAccessRead detected:
RuleName: RawAccessRead
UtcTime: 2025-12-17 08:15:57.546
ProcessGuid: {f995aebf-5f6d-6942-a300-000000000e00}
ProcessId: 5996
Image: C:\Windows\System32\taskhostw.exe
Device: \Device\HarddiskVolume2
User: NT AUTHORITY\SYSTEM"
"12/17/2025 8:15:15 AM","9","RawAccessRead detected:
RuleName: RawAccessRead
UtcTime: 2025-12-17 08:15:15.848
ProcessGuid: {f995aebf-5f77-6942-cc00-000000000e00}
ProcessId: 5888
Image: C:\Windows\System32\svchost.exe
Device: \Device\HarddiskVolume2
User: NT AUTHORITY\SYSTEM"
"12/17/2025 8:15:15 AM","9","RawAccessRead detected:
RuleName: RawAccessRead
UtcTime: 2025-12-17 08:15:15.848
ProcessGuid: {f995aebf-5f77-6942-cc00-000000000e00}
ProcessId: 5888
Image: C:\Windows\System32\svchost.exe
Device: \Device\HarddiskVolume2
User: NT AUTHORITY\SYSTEM"
"12/17/2025 8:15:15 AM","9","RawAccessRead detected:
RuleName: RawAccessRead
UtcTime: 2025-12-17 08:15:15.846
ProcessGuid: {f995aebf-5f77-6942-cc00-000000000e00}
ProcessId: 5888
Image: C:\Windows\System32\svchost.exe
Device: \Device\HarddiskVolume2
User: NT AUTHORITY\SYSTEM"
"12/17/2025 8:14:50 AM","1","Process Create:
RuleName: ProcessCreate
UtcTime: 2025-12-17 08:14:50.740
ProcessGuid: {f995aebf-667a-6942-f506-000000000e00}
ProcessId: 5060
Image: C:\Users\RUNNER~1\AppData\Local\Temp\not_an_scr.scr
FileVersion: 10.0.26100.1882 (WinBuild.160101.0800)
Description: Windows Calculator
Product: Microsoft? Windows? Operating System
Company: Microsoft Corporation
OriginalFileName: CALC.EXE
CommandLine: not_an_scr.scr /p 67842
CurrentDirectory: C:\Users\RUNNER~1\AppData\Local\Temp\
User: runnervm8j6r3\runneradmin
LogonGuid: {f995aebf-5f78-6942-2100-0c0000000000}
LogonId: 0xC0021
TerminalSessionId: 2
IntegrityLevel: High
Hashes: SHA256=81BD48985FA1753E9E2158A7CF969141EDDDBD050E976801BB477E24A2A06B2A
ParentProcessGuid: {f995aebf-667a-6942-f406-000000000e00}
ParentProcessId: 9236
ParentImage: C:\Windows\System32\rundll32.exe
ParentCommandLine: rundll32.exe  desk.cpl,InstallScreenSaver not_an_scr.scr
ParentUser: runnervm8j6r3\runneradmin"
"12/17/2025 8:14:49 AM","23","File Delete archived:
RuleName: FileDelete
UtcTime: 2025-12-17 08:14:49.291
ProcessGuid: {f995aebf-6679-6942-e506-000000000e00}
ProcessId: 5612
User: runnervm8j6r3\runneradmin
Image: C:\Windows\System32\WindowsPowerShell\v1.0\powershell.exe
TargetFilename: C:\Users\runneradmin\AppData\Local\Temp\__PSScriptPolicyTest_fjwpzsia.a2w.ps1
Hashes: SHA256=96AD1146EB96877EAB5942AE0736B82D8B5E2039A80D3D6932665C1A4C87DCF7
IsExecutable: false
Archived: true"
"12/17/2025 8:14:49 AM","11","File created:
RuleName: FileCreate
UtcTime: 2025-12-17 08:14:49.269
ProcessGuid: {f995aebf-6679-6942-e506-000000000e00}
ProcessId: 5612
Image: C:\Windows\System32\WindowsPowerShell\v1.0\powershell.exe
TargetFilename: C:\Users\runneradmin\AppData\Local\Temp\__PSScriptPolicyTest_fjwpzsia.a2w.ps1
CreationUtcTime: 2025-12-17 08:14:49.269
User: runnervm8j6r3\runneradmin"
"12/17/2025 8:14:47 AM","9","RawAccessRead detected:
RuleName: RawAccessRead
UtcTime: 2025-12-17 08:14:47.899
ProcessGuid: {f995aebf-6677-6942-db06-000000000e00}
ProcessId: 9284
Image: C:\Windows\System32\wbem\WmiPrvSE.exe
Device: \Device\HarddiskVolume2
User: NT AUTHORITY\NETWORK SERVICE"
"12/17/2025 8:12:30 AM","22","Dns query:
RuleName: DnsQuery
UtcTime: 2025-12-17 08:12:29.131
ProcessGuid: {f995aebf-65eb-6942-c906-000000000e00}
ProcessId: 1308
QueryName: runnervm8j6r3
QueryStatus: 0
QueryResults: fe80::9374:23d4:77d7:1cbd;fe80::54b9:af1f:d058:25cb;::ffff:10.1.0.123;::ffff:172.22.64.1;
Image: C:\Windows\System32\WindowsPowerShell\v1.0\powershell.exe
User: NT AUTHORITY\SYSTEM"
"12/17/2025 8:12:27 AM","23","File Delete archived:
RuleName: FileDelete
UtcTime: 2025-12-17 08:12:27.624
ProcessGuid: {f995aebf-65eb-6942-c906-000000000e00}
ProcessId: 1308
User: NT AUTHORITY\SYSTEM
Image: C:\Windows\System32\WindowsPowerShell\v1.0\powershell.exe
TargetFilename: C:\Windows\SystemTemp\__PSScriptPolicyTest_z0cu3bft.3bg.ps1
Hashes: SHA256=96AD1146EB96877EAB5942AE0736B82D8B5E2039A80D3D6932665C1A4C87DCF7
IsExecutable: false
Archived: true"
"12/17/2025 8:12:26 AM","23","File Delete archived:
RuleName: FileDelete
UtcTime: 2025-12-17 08:12:26.873
ProcessGuid: {f995aebf-65ea-6942-c706-000000000e00}
ProcessId: 3224
User: NT AUTHORITY\SYSTEM
Image: C:\Windows\System32\WindowsPowerShell\v1.0\powershell.exe
TargetFilename: C:\Windows\SystemTemp\__PSScriptPolicyTest_xpqb3dax.a3k.ps1
Hashes: SHA256=96AD1146EB96877EAB5942AE0736B82D8B5E2039A80D3D6932665C1A4C87DCF7
IsExecutable: false
Archived: true"
"12/17/2025 8:12:23 AM","23","File Delete archived:
RuleName: FileDelete
UtcTime: 2025-12-17 08:12:23.908
ProcessGuid: {f995aebf-65e7-6942-c506-000000000e00}
ProcessId: 5824
User: NT AUTHORITY\SYSTEM
Image: C:\Windows\system32\svchost.exe
TargetFilename: C:\Windows\SoftwareDistribution\Download\Install\UpdatePlatform.amd64fre.exe
Hashes: SHA256=AEA2979A543409F9D75BDE8736885C1883DADE11A9822C5E63494D8E7A4A5A44
IsExecutable: true
Archived: true"
"12/17/2025 8:12:23 AM","9","RawAccessRead detected:
RuleName: RawAccessRead
UtcTime: 2025-12-17 08:12:23.846
ProcessGuid: {f995aebf-65e7-6942-c506-000000000e00}
ProcessId: 5824
Image: C:\Windows\System32\svchost.exe
Device: \Device\HarddiskVolume2
User: NT AUTHORITY\SYSTEM"
"12/17/2025 8:12:23 AM","9","RawAccessRead detected:
RuleName: RawAccessRead
UtcTime: 2025-12-17 08:12:23.798
ProcessGuid: {f995aebf-65e7-6942-c606-000000000e00}
ProcessId: 2756
Image: C:\Windows\System32\wbem\WmiPrvSE.exe
Device: \Device\HarddiskVolume2
User: NT AUTHORITY\NETWORK SERVICE"
"12/17/2025 8:12:23 AM","23","File Delete archived:
RuleName: FileDelete
UtcTime: 2025-12-17 08:12:23.659
ProcessGuid: {f995aebf-65e7-6942-c506-000000000e00}
ProcessId: 5824
User: NT AUTHORITY\SYSTEM
Image: C:\Windows\system32\svchost.exe
TargetFilename: C:\Windows\WindowsUpdate.log
Hashes: SHA256=455EC4F5B15557762B893388B591CA9F3E822675AB94FC6664AA4EC8C41CB295
IsExecutable: false
Archived: true"
"12/17/2025 8:12:23 AM","7","Image loaded:
RuleName: ImageLoad
UtcTime: 2025-12-17 08:12:23.562
ProcessGuid: {f995aebf-65e5-6942-c406-000000000e00}
ProcessId: 7232
Image: C:\Windows\System32\CompatTelRunner.exe
ImageLoaded: C:\Windows\System32\samlib.dll
FileVersion: 10.0.26100.7019 (WinBuild.160101.0800)
Description: SAM Library DLL
Product: Microsoft? Windows? Operating System
Company: Microsoft Corporation
OriginalFileName: SAMLib.DLL
Hashes: SHA256=13B0BB662EE434ED5CEE876D95886F4FB5E77C636E7DC645CD7E9BE634665497
Signed: true
Signature: Microsoft Windows
SignatureStatus: Valid
User: NT AUTHORITY\SYSTEM"
"12/17/2025 8:11:31 AM","10","Process accessed:
RuleName: ProcessAccess
UtcTime: 2025-12-17 08:11:31.949
SourceProcessGUID: {f995aebf-65a8-6942-bd06-000000000e00}
SourceProcessId: 8136
SourceThreadId: 9016
SourceImage: C:\Windows\system32\compattelrunner.exe
TargetProcessGUID: {f995aebf-5f5c-6942-0d00-000000000e00}
TargetProcessId: 992
TargetImage: C:\Windows\system32\lsass.exe
GrantedAccess: 0x1000
CallTrace: C:\Windows\SYSTEM32\ntdll.dll+162184|C:\Windows\System32\KERNELBASE.dll+3fba6|C:\Windows\SYSTEM32\aeinv.dll+22b55|C:\Windows\SYSTEM32\aeinv.dll+39fa3|C:\Windows\SYSTEM32\aeinv.dll+74d22|C:\Windows\SYSTEM32\aeinv.dll+48f80|C:\Windows\SYSTEM32\aeinv.dll+53228|C:\Windows\SYSTEM32\aeinv.dll+5365c|C:\Windows\system32\compattelrunner.exe+b57e|C:\Windows\system32\compattelrunner.exe+c7fb|C:\Windows\system32\compattelrunner.exe+1f5b|C:\Windows\System32\KERNEL32.DLL+2e8d7|C:\Windows\SYSTEM32\ntdll.dll+8c53c
SourceUser: NT AUTHORITY\SYSTEM
TargetUser: NT AUTHORITY\SYSTEM"
"12/17/2025 8:10:48 AM","22","Dns query:
RuleName: DnsQuery
UtcTime: 2025-12-17 08:10:46.837
ProcessGuid: {f995aebf-6586-6942-b506-000000000e00}
ProcessId: 9656
QueryName: raw.githubusercontent.com
QueryStatus: 0
QueryResults: ::ffff:185.199.110.133;::ffff:185.199.111.133;::ffff:185.199.108.133;::ffff:185.199.109.133;
Image: C:\Windows\System32\rundll32.exe
User: runnervm8j6r3\runneradmin"
"12/17/2025 8:10:48 AM","22","Dns query:
RuleName: DnsQuery
UtcTime: 2025-12-17 08:10:46.330
ProcessGuid: {f995aebf-6586-6942-b006-000000000e00}
ProcessId: 9544
QueryName: raw.githubusercontent.com
QueryStatus: 0
QueryResults: ::ffff:185.199.110.133;::ffff:185.199.111.133;::ffff:185.199.108.133;::ffff:185.199.109.133;
Image: C:\Windows\System32\rundll32.exe
User: runnervm8j6r3\runneradmin"
"12/17/2025 8:10:45 AM","9","RawAccessRead detected:
RuleName: RawAccessRead
UtcTime: 2025-12-17 08:10:45.534
ProcessGuid: {f995aebf-6585-6942-ad06-000000000e00}
ProcessId: 3932
Image: C:\Windows\System32\wbem\WmiPrvSE.exe
Device: \Device\HarddiskVolume2
User: NT AUTHORITY\NETWORK SERVICE"
"12/17/2025 8:09:21 AM","12","Registry object added or deleted:
RuleName: RegistryEvent
EventType: DeleteValue
UtcTime: 2025-12-17 08:09:21.284
ProcessGuid: {f995aebf-5f79-6942-d300-000000000e00}
ProcessId: 7608
Image: C:\Windows\system32\sihost.exe
TargetObject: HKU\S-1-5-21-3430515368-916141482-256631409-500\SOFTWARE\Microsoft\Windows\CurrentVersion\RunNotification\StartupTNotiT1218.005.hta
User: runnervm8j6r3\runneradmin"
"12/17/2025 8:09:10 AM","10","Process accessed:
RuleName: ProcessAccess
UtcTime: 2025-12-17 08:09:10.105
SourceProcessGUID: {f995aebf-651b-6942-a406-000000000e00}
SourceProcessId: 5540
SourceThreadId: 9880
SourceImage: C:\Windows\system32\compattelrunner.exe
TargetProcessGUID: {f995aebf-5f5c-6942-0d00-000000000e00}
TargetProcessId: 992
TargetImage: C:\Windows\system32\lsass.exe
GrantedAccess: 0x1000
CallTrace: C:\Windows\SYSTEM32\ntdll.dll+162184|C:\Windows\System32\KERNELBASE.dll+3fba6|C:\Windows\SYSTEM32\aeinv.dll+22b55|C:\Windows\SYSTEM32\aeinv.dll+39fa3|C:\Windows\SYSTEM32\aeinv.dll+74d22|C:\Windows\SYSTEM32\aeinv.dll+48f80|C:\Windows\SYSTEM32\aeinv.dll+53228|C:\Windows\SYSTEM32\aeinv.dll+5365c|C:\Windows\system32\compattelrunner.exe+b57e|C:\Windows\system32\compattelrunner.exe+c7fb|C:\Windows\system32\compattelrunner.exe+1f5b|C:\Windows\System32\KERNEL32.DLL+2e8d7|C:\Windows\SYSTEM32\ntdll.dll+8c53c
SourceUser: NT AUTHORITY\SYSTEM
TargetUser: NT AUTHORITY\SYSTEM"
"12/17/2025 8:08:44 AM","9","RawAccessRead detected:
RuleName: RawAccessRead
UtcTime: 2025-12-17 08:08:44.775
ProcessGuid: {f995aebf-650c-6942-9e06-000000000e00}
ProcessId: 1788
Image: C:\Windows\System32\wbem\WmiPrvSE.exe
Device: \Device\HarddiskVolume2
User: NT AUTHORITY\NETWORK SERVICE"
"12/17/2025 8:07:22 AM","10","Process accessed:
RuleName: ProcessAccess
UtcTime: 2025-12-17 08:07:22.157
SourceProcessGUID: {f995aebf-64af-6942-9506-000000000e00}
SourceProcessId: 8452
SourceThreadId: 6444
SourceImage: C:\Windows\system32\compattelrunner.exe
TargetProcessGUID: {f995aebf-5f5c-6942-0d00-000000000e00}
TargetProcessId: 992
TargetImage: C:\Windows\system32\lsass.exe
GrantedAccess: 0x1000
CallTrace: C:\Windows\SYSTEM32\ntdll.dll+162184|C:\Windows\System32\KERNELBASE.dll+3fba6|C:\Windows\SYSTEM32\aeinv.dll+22b55|C:\Windows\SYSTEM32\aeinv.dll+39fa3|C:\Windows\SYSTEM32\aeinv.dll+74d22|C:\Windows\SYSTEM32\aeinv.dll+48f80|C:\Windows\SYSTEM32\aeinv.dll+53228|C:\Windows\SYSTEM32\aeinv.dll+5365c|C:\Windows\system32\compattelrunner.exe+b57e|C:\Windows\system32\compattelrunner.exe+c7fb|C:\Windows\system32\compattelrunner.exe+1f5b|C:\Windows\System32\KERNEL32.DLL+2e8d7|C:\Windows\SYSTEM32\ntdll.dll+8c53c
SourceUser: NT AUTHORITY\SYSTEM
TargetUser: NT AUTHORITY\SYSTEM"
"12/17/2025 8:06:46 AM","22","Dns query:
RuleName: DnsQuery
UtcTime: 2025-12-17 08:06:44.233
ProcessGuid: {f995aebf-6494-6942-8e06-000000000e00}
ProcessId: 6272
QueryName: raw.githubusercontent.com
QueryStatus: 0
QueryResults: ::ffff:185.199.110.133;::ffff:185.199.111.133;::ffff:185.199.108.133;::ffff:185.199.109.133;
Image: C:\Windows\System32\rundll32.exe
User: runnervm8j6r3\runneradmin"
"12/17/2025 8:06:35 AM","9","RawAccessRead detected:
RuleName: RawAccessRead
UtcTime: 2025-12-17 08:06:35.005
ProcessGuid: {f995aebf-6387-6942-1505-000000000e00}
ProcessId: 1836
Image: C:\Windows\System32\wbem\WmiPrvSE.exe
Device: \Device\HarddiskVolume2
User: NT AUTHORITY\NETWORK SERVICE"
"12/17/2025 8:06:01 AM","10","Process accessed:
RuleName: ProcessAccess
UtcTime: 2025-12-17 08:06:01.580
SourceProcessGUID: {f995aebf-645e-6942-7806-000000000e00}
SourceProcessId: 9596
SourceThreadId: 7904
SourceImage: C:\Windows\system32\compattelrunner.exe
TargetProcessGUID: {f995aebf-5f5c-6942-0d00-000000000e00}
TargetProcessId: 992
TargetImage: C:\Windows\system32\lsass.exe
GrantedAccess: 0x1000
CallTrace: C:\Windows\SYSTEM32\ntdll.dll+162184|C:\Windows\System32\KERNELBASE.dll+3fba6|C:\Windows\SYSTEM32\aeinv.dll+22b55|C:\Windows\SYSTEM32\aeinv.dll+39fa3|C:\Windows\SYSTEM32\aeinv.dll+74d22|C:\Windows\SYSTEM32\aeinv.dll+48f80|C:\Windows\SYSTEM32\aeinv.dll+53228|C:\Windows\SYSTEM32\aeinv.dll+5365c|C:\Windows\system32\compattelrunner.exe+b57e|C:\Windows\system32\compattelrunner.exe+c7fb|C:\Windows\system32\compattelrunner.exe+1f5b|C:\Windows\System32\KERNEL32.DLL+2e8d7|C:\Windows\SYSTEM32\ntdll.dll+8c53c
SourceUser: NT AUTHORITY\SYSTEM
TargetUser: NT AUTHORITY\SYSTEM"
"12/17/2025 8:05:43 AM","23","File Delete archived:
RuleName: FileDelete
UtcTime: 2025-12-17 08:05:43.622
ProcessGuid: {f995aebf-5fa1-6942-6d01-000000000e00}
ProcessId: 9928
User: NT AUTHORITY\SYSTEM
Image: C:\Windows\system32\SecurityHealthService.exe
TargetFilename: C:\Windows\System32\SecurityHealth\SecurityHealthSetup.exe
Hashes: SHA256=158118C560D77231554D02DE82B4A81DD3F9DD9EFD3525A260D38047CB21A155
IsExecutable: true
Archived: true"
"12/17/2025 8:05:43 AM","25","Process Tampering:
RuleName: ProcessTampering
UtcTime: 2025-12-17 08:05:43.502
ProcessGuid: {f995aebf-6457-6942-7606-000000000e00}
ProcessId: 6176
Image: C:\Windows\System32\SecurityHealth\10.0.29429.1000-0\SecurityHealthHost.exe
Type: Image is locked for access
User: runnervm8j6r3\runneradmin"
"12/17/2025 8:05:43 AM","9","RawAccessRead detected:
RuleName: RawAccessRead
UtcTime: 2025-12-17 08:05:43.476
ProcessGuid: {f995aebf-5fa1-6942-6d01-000000000e00}
ProcessId: 9928
Image: C:\Windows\System32\SecurityHealthService.exe
Device: \Device\HarddiskVolume1
User: NT AUTHORITY\SYSTEM"
"12/17/2025 8:05:43 AM","9","RawAccessRead detected:
RuleName: RawAccessRead
UtcTime: 2025-12-17 08:05:43.476
ProcessGuid: {f995aebf-5fa1-6942-6d01-000000000e00}
ProcessId: 9928
Image: C:\Windows\System32\SecurityHealthService.exe
Device: \Device\HarddiskVolume3
User: NT AUTHORITY\SYSTEM"
"12/17/2025 8:05:43 AM","9","RawAccessRead detected:
RuleName: RawAccessRead
UtcTime: 2025-12-17 08:05:43.476
ProcessGuid: {f995aebf-5fa1-6942-6d01-000000000e00}
ProcessId: 9928
Image: C:\Windows\System32\SecurityHealthService.exe
Device: \Device\HarddiskVolume3
User: NT AUTHORITY\SYSTEM"
"12/17/2025 8:05:43 AM","9","RawAccessRead detected:
RuleName: RawAccessRead
UtcTime: 2025-12-17 08:05:43.476
ProcessGuid: {f995aebf-5fa1-6942-6d01-000000000e00}
ProcessId: 9928
Image: C:\Windows\System32\SecurityHealthService.exe
Device: \Device\HarddiskVolume3
User: NT AUTHORITY\SYSTEM"
"12/17/2025 8:05:43 AM","9","RawAccessRead detected:
RuleName: RawAccessRead
UtcTime: 2025-12-17 08:05:43.476
ProcessGuid: {f995aebf-5fa1-6942-6d01-000000000e00}
ProcessId: 9928
Image: C:\Windows\System32\SecurityHealthService.exe
Device: \Device\HarddiskVolume3
User: NT AUTHORITY\SYSTEM"
"12/17/2025 8:05:43 AM","9","RawAccessRead detected:
RuleName: RawAccessRead
UtcTime: 2025-12-17 08:05:43.474
ProcessGuid: {f995aebf-5fa1-6942-6d01-000000000e00}
ProcessId: 9928
Image: C:\Windows\System32\SecurityHealthService.exe
Device: \Device\HarddiskVolume1
User: NT AUTHORITY\SYSTEM"
"12/17/2025 8:05:43 AM","9","RawAccessRead detected:
RuleName: RawAccessRead
UtcTime: 2025-12-17 08:05:43.474
ProcessGuid: {f995aebf-5fa1-6942-6d01-000000000e00}
ProcessId: 9928
Image: C:\Windows\System32\SecurityHealthService.exe
Device: \Device\HarddiskVolume1
User: NT AUTHORITY\SYSTEM"
"12/17/2025 8:05:43 AM","9","RawAccessRead detected:
RuleName: RawAccessRead
UtcTime: 2025-12-17 08:05:43.474
ProcessGuid: {f995aebf-5fa1-6942-6d01-000000000e00}
ProcessId: 9928
Image: C:\Windows\System32\SecurityHealthService.exe
Device: \Device\HarddiskVolume2
User: NT AUTHORITY\SYSTEM"
"12/17/2025 8:05:43 AM","9","RawAccessRead detected:
RuleName: RawAccessRead
UtcTime: 2025-12-17 08:05:43.474
ProcessGuid: {f995aebf-5fa1-6942-6d01-000000000e00}
ProcessId: 9928
Image: C:\Windows\System32\SecurityHealthService.exe
Device: \Device\HarddiskVolume2
User: NT AUTHORITY\SYSTEM"
"12/17/2025 8:05:43 AM","9","RawAccessRead detected:
RuleName: RawAccessRead
UtcTime: 2025-12-17 08:05:43.474
ProcessGuid: {f995aebf-5fa1-6942-6d01-000000000e00}
ProcessId: 9928
Image: C:\Windows\System32\SecurityHealthService.exe
Device: \Device\HarddiskVolume2
User: NT AUTHORITY\SYSTEM"
"12/17/2025 8:05:43 AM","9","RawAccessRead detected:
RuleName: RawAccessRead
UtcTime: 2025-12-17 08:05:43.474
ProcessGuid: {f995aebf-5fa1-6942-6d01-000000000e00}
ProcessId: 9928
Image: C:\Windows\System32\SecurityHealthService.exe
Device: \Device\HarddiskVolume2
User: NT AUTHORITY\SYSTEM"
"12/17/2025 8:05:43 AM","9","RawAccessRead detected:
RuleName: RawAccessRead
UtcTime: 2025-12-17 08:05:43.472
ProcessGuid: {f995aebf-5fa1-6942-6d01-000000000e00}
ProcessId: 9928
Image: C:\Windows\System32\SecurityHealthService.exe
Device: \Device\HarddiskVolume1
User: NT AUTHORITY\SYSTEM"
"12/17/2025 8:05:43 AM","9","RawAccessRead detected:
RuleName: RawAccessRead
UtcTime: 2025-12-17 08:05:43.472
ProcessGuid: {f995aebf-5fa1-6942-6d01-000000000e00}
ProcessId: 9928
Image: C:\Windows\System32\SecurityHealthService.exe
Device: \Device\HarddiskVolume1
User: NT AUTHORITY\SYSTEM"
"12/17/2025 8:05:43 AM","9","RawAccessRead detected:
RuleName: RawAccessRead
UtcTime: 2025-12-17 08:05:43.472
ProcessGuid: {f995aebf-5fa1-6942-6d01-000000000e00}
ProcessId: 9928
Image: C:\Windows\System32\SecurityHealthService.exe
Device: \Device\HarddiskVolume1
User: NT AUTHORITY\SYSTEM"
"12/17/2025 8:05:43 AM","9","RawAccessRead detected:
RuleName: RawAccessRead
UtcTime: 2025-12-17 08:05:43.472
ProcessGuid: {f995aebf-5fa1-6942-6d01-000000000e00}
ProcessId: 9928
Image: C:\Windows\System32\SecurityHealthService.exe
Device: \Device\HarddiskVolume1
User: NT AUTHORITY\SYSTEM"
"12/17/2025 8:05:43 AM","9","RawAccessRead detected:
RuleName: RawAccessRead
UtcTime: 2025-12-17 08:05:43.472
ProcessGuid: {f995aebf-5fa1-6942-6d01-000000000e00}
ProcessId: 9928
Image: C:\Windows\System32\SecurityHealthService.exe
Device: \Device\HarddiskVolume1
User: NT AUTHORITY\SYSTEM"
"12/17/2025 8:05:43 AM","9","RawAccessRead detected:
RuleName: RawAccessRead
UtcTime: 2025-12-17 08:05:43.439
ProcessGuid: {f995aebf-5fa1-6942-6d01-000000000e00}
ProcessId: 9928
Image: C:\Windows\System32\SecurityHealthService.exe
Device: \Device\HarddiskVolume1
User: NT AUTHORITY\SYSTEM"
"12/17/2025 8:05:43 AM","9","RawAccessRead detected:
RuleName: RawAccessRead
UtcTime: 2025-12-17 08:05:43.439
ProcessGuid: {f995aebf-5fa1-6942-6d01-000000000e00}
ProcessId: 9928
Image: C:\Windows\System32\SecurityHealthService.exe
Device: \Device\HarddiskVolume3
User: NT AUTHORITY\SYSTEM"
"12/17/2025 8:05:43 AM","9","RawAccessRead detected:
RuleName: RawAccessRead
UtcTime: 2025-12-17 08:05:43.439
ProcessGuid: {f995aebf-5fa1-6942-6d01-000000000e00}
ProcessId: 9928
Image: C:\Windows\System32\SecurityHealthService.exe
Device: \Device\HarddiskVolume3
User: NT AUTHORITY\SYSTEM"
"12/17/2025 8:05:43 AM","9","RawAccessRead detected:
RuleName: RawAccessRead
UtcTime: 2025-12-17 08:05:43.439
ProcessGuid: {f995aebf-5fa1-6942-6d01-000000000e00}
ProcessId: 9928
Image: C:\Windows\System32\SecurityHealthService.exe
Device: \Device\HarddiskVolume3
User: NT AUTHORITY\SYSTEM"
"12/17/2025 8:05:43 AM","9","RawAccessRead detected:
RuleName: RawAccessRead
UtcTime: 2025-12-17 08:05:43.439
ProcessGuid: {f995aebf-5fa1-6942-6d01-000000000e00}
ProcessId: 9928
Image: C:\Windows\System32\SecurityHealthService.exe
Device: \Device\HarddiskVolume3
User: NT AUTHORITY\SYSTEM"
"12/17/2025 8:05:43 AM","9","RawAccessRead detected:
RuleName: RawAccessRead
UtcTime: 2025-12-17 08:05:43.437
ProcessGuid: {f995aebf-5fa1-6942-6d01-000000000e00}
ProcessId: 9928
Image: C:\Windows\System32\SecurityHealthService.exe
Device: \Device\HarddiskVolume1
User: NT AUTHORITY\SYSTEM"
